[0.032s] Invoking command in '/home/p/ros2_ws/src/build/cartographer_rviz': AMENT_PREFIX_PATH=/home/p/ros2_ws/src/install/cartographer_ros:/home/p/ros2_ws/src/install/cartographer_ros_msgs:${AMENT_PREFIX_PATH} CMAKE_PREFIX_PATH=/home/p/ros2_ws/src/install/cartographer_ros:/home/p/ros2_ws/src/install/cartographer_ros_msgs:/home/p/ros2_ws/src/install/cartographer:/home/p/ros2_ws/install/sllidar_ros2:/home/p/ros2_ws/install/cpp_package:/home/p/ros2_ws/install/cartographer_rviz:/home/p/ros2_ws/install/cartographer_ros:/home/p/ros2_ws/install/cartographer_ros_msgs:/home/p/ros2_ws/install/cartographer:/opt/ros/jazzy/opt/gz_sim_vendor:/opt/ros/jazzy/opt/gz_sensors_vendor:/opt/ros/jazzy/opt/gz_physics_vendor:/opt/ros/jazzy/opt/sdformat_vendor:/opt/ros/jazzy/opt/gz_gui_vendor:/opt/ros/jazzy/opt/gz_transport_vendor:/opt/ros/jazzy/opt/gz_rendering_vendor:/opt/ros/jazzy/opt/gz_plugin_vendor:/opt/ros/jazzy/opt/gz_fuel_tools_vendor:/opt/ros/jazzy/opt/gz_msgs_vendor:/opt/ros/jazzy/opt/gz_common_vendor:/opt/ros/jazzy/opt/gz_math_vendor:/opt/ros/jazzy/opt/gz_utils_vendor:/opt/ros/jazzy/opt/gz_tools_vendor:/opt/ros/jazzy/opt/gz_ogre_next_vendor:/opt/ros/jazzy/opt/gz_dartsim_vendor:/opt/ros/jazzy/opt/gz_cmake_vendor:/home/p/ros2_ws/install/sweep_builder:/home/p/ros2_ws/install/optical_cane_rpi:/home/p/ros2_ws/install/mpu9250:/opt/ros/jazzy DEBUGINFOD_URLS=https://debuginfod.ubuntu.com LD_LIBRARY_PATH=/home/p/ros2_ws/src/install/cartographer_ros/lib:/home/p/ros2_ws/src/install/cartographer_ros_msgs/lib:${LD_LIBRARY_PATH} PATH=/home/p/ros2_ws/src/install/cartographer/bin:${PATH} PKG_CONFIG_PATH=/home/p/ros2_ws/src/install/cartographer/lib/aarch64-linux-gnu/pkgconfig:/home/p/ros2_ws/src/install/cartographer/lib/pkgconfig:${PKG_CONFIG_PATH} PYTHONPATH=/home/p/ros2_ws/src/install/cartographer_ros_msgs/lib/python3.12/site-packages:${PYTHONPATH} /usr/bin/cmake /home/p/ros2_ws/src/cartographer_ros/cartographer_rviz -DCMAKE_INSTALL_PREFIX=/home/p/ros2_ws/src/install/cartographer_rviz
[0.150s] -- The C compiler identification is GNU 13.3.0
[0.285s] -- The CXX compiler identification is GNU 13.3.0
[0.315s] -- Detecting C compiler ABI info
[0.534s] -- Detecting C compiler ABI info - done
[0.548s] -- Check for working C compiler: /usr/bin/cc - skipped
[0.549s] -- Detecting C compile features
[0.549s] -- Detecting C compile features - done
[0.568s] -- Detecting CXX compiler ABI info
[0.824s] -- Detecting CXX compiler ABI info - done
[0.843s] -- Check for working CXX compiler: /usr/bin/c++ - skipped
[0.846s] -- Detecting CXX compile features
[0.846s] -- Detecting CXX compile features - done
[0.856s] -- Found ament_cmake: 2.5.4 (/opt/ros/jazzy/share/ament_cmake/cmake)
[1.218s] -- Found Python3: /usr/bin/python3 (found version "3.12.3") found components: Interpreter 
[1.784s] -- Performing Test CMAKE_HAVE_LIBC_PTHREAD
[1.974s] -- Performing Test CMAKE_HAVE_LIBC_PTHREAD - Success
[1.976s] -- Found Threads: TRUE  
[3.094s] -- Found AMD headers in: /usr/include/suitesparse
[3.096s] -- Found AMD library: /usr/lib/aarch64-linux-gnu/libamd.so
[3.097s] -- Found CAMD headers in: /usr/include/suitesparse
[3.099s] -- Found CAMD library: /usr/lib/aarch64-linux-gnu/libcamd.so
[3.101s] -- Found CCOLAMD headers in: /usr/include/suitesparse
[3.103s] -- Found CCOLAMD library: /usr/lib/aarch64-linux-gnu/libccolamd.so
[3.104s] -- Found CHOLMOD headers in: /usr/include/suitesparse
[3.107s] -- Found CHOLMOD library: /usr/lib/aarch64-linux-gnu/libcholmod.so
[3.108s] -- Found COLAMD headers in: /usr/include/suitesparse
[3.110s] -- Found COLAMD library: /usr/lib/aarch64-linux-gnu/libcolamd.so
[3.112s] -- Found SPQR headers in: /usr/include/suitesparse
[3.114s] -- Found SPQR library: /usr/lib/aarch64-linux-gnu/libspqr.so
[3.115s] -- Found Config headers in: /usr/include/suitesparse
[3.118s] -- Found Config library: /usr/lib/aarch64-linux-gnu/libsuitesparseconfig.so
[3.128s] -- Found Intel Thread Building Blocks (TBB) library (2021.11 / ) include location: . Assuming SuiteSparseQR was compiled with TBB.
[3.128s] -- Looking for shm_open in rt
[3.326s] -- Looking for shm_open in rt - found
[3.326s] -- Adding librt to SuiteSparse_config libraries (required on Linux & Unix [not OSX] if SuiteSparse is compiled with timing).
[3.338s] -- Could NOT find METIS (missing: METIS_INCLUDE_DIR METIS_LIBRARY) 
[3.340s] -- Found SuiteSparse: /usr/include/suitesparse (found suitable version "7.6.1", minimum required is "7.6.1") found components: AMD CAMD CCOLAMD CHOLMOD COLAMD SPQR Config 
[3.355s] -- Found required Ceres dependency: Eigen version 3.4.0 in /usr/share/eigen3/cmake
[3.375s] -- Found required Ceres dependency: glog
[3.376s] -- Found required Ceres dependency: gflags
[3.377s] -- Found Ceres version: 2.2.0 installed in: /usr with components: [EigenSparse, SparseLinearAlgebraLibrary, LAPACK, SuiteSparse, SchurSpecializations]
[3.400s] -- Build type: Release
[3.419s] 파일 /home/p/ros2_ws/src/build/cartographer_rviz/AllFiles.cmake와(과) -이(가) 다릅니다
[3.464s] -- Found Boost: /usr/lib/aarch64-linux-gnu/cmake/Boost-1.83.0/BoostConfig.cmake (found version "1.83.0") found components: iostreams 
[3.466s] -- Found cartographer_ros: 2.0.9003 (/home/p/ros2_ws/src/install/cartographer_ros/share/cartographer_ros/cmake)
[3.565s] -- Found rosidl_generator_c: 4.6.5 (/opt/ros/jazzy/share/rosidl_generator_c/cmake)
[3.609s] -- Found rosidl_generator_cpp: 4.6.5 (/opt/ros/jazzy/share/rosidl_generator_cpp/cmake)
[3.655s] -- Using all available rosidl_typesupport_c: rosidl_typesupport_fastrtps_c;rosidl_typesupport_introspection_c
[3.706s] -- Using all available rosidl_typesupport_cpp: rosidl_typesupport_fastrtps_cpp;rosidl_typesupport_introspection_cpp
[4.049s] -- Found rmw_implementation_cmake: 7.3.2 (/opt/ros/jazzy/share/rmw_implementation_cmake/cmake)
[4.059s] -- Found rmw_fastrtps_cpp: 8.4.2 (/opt/ros/jazzy/share/rmw_fastrtps_cpp/cmake)
[4.254s] -- Found OpenSSL: /usr/lib/aarch64-linux-gnu/libcrypto.so (found version "3.0.13")  
[4.284s] -- Found FastRTPS: /opt/ros/jazzy/include (Required is at least version "2.13") 
[4.335s] -- Using RMW implementation 'rmw_fastrtps_cpp' as default
[4.639s] CMake Warning (dev) at /usr/lib/aarch64-linux-gnu/cmake/pcl/Modules/FindFLANN.cmake:45 (find_package):
[4.639s]   Policy CMP0144 is not set: find_package uses upper-case <PACKAGENAME>_ROOT
[4.639s]   variables.  Run "cmake --help-policy CMP0144" for policy details.  Use the
[4.639s]   cmake_policy command to set the policy and suppress this warning.
[4.639s] 
[4.639s]   CMake variable FLANN_ROOT is set to:
[4.640s] 
[4.640s]     /usr
[4.640s] 
[4.640s]   For compatibility, find_package is ignoring the variable, but code in a
[4.640s]   .cmake module might still use it.
[4.640s] Call Stack (most recent call first):
[4.640s]   /usr/lib/aarch64-linux-gnu/cmake/pcl/PCLConfig.cmake:261 (find_package)
[4.640s]   /usr/lib/aarch64-linux-gnu/cmake/pcl/PCLConfig.cmake:306 (find_flann)
[4.640s]   /usr/lib/aarch64-linux-gnu/cmake/pcl/PCLConfig.cmake:570 (find_external_library)
[4.641s]   /opt/ros/jazzy/share/pcl_conversions/cmake/ament_cmake_export_dependencies-extras.cmake:21 (find_package)
[4.641s]   /opt/ros/jazzy/share/pcl_conversions/cmake/pcl_conversionsConfig.cmake:41 (include)
[4.641s]   /home/p/ros2_ws/src/install/cartographer_ros/share/cartographer_ros/cmake/ament_cmake_export_dependencies-extras.cmake:21 (find_package)
[4.641s]   /home/p/ros2_ws/src/install/cartographer_ros/share/cartographer_ros/cmake/cartographer_rosConfig.cmake:41 (include)
[4.641s]   CMakeLists.txt:39 (find_package)
[4.641s] This warning is for project developers.  Use -Wno-dev to suppress it.
[4.641s] 
[4.643s] -- Found flann version 1.9.2
[5.443s] -- Found OpenMP_CXX: -fopenmp (found version "4.5") 
[5.443s] -- Found OpenMP: TRUE (found version "4.5") found components: CXX 
[9.099s] -- Checking for module 'libusb-1.0'
[9.143s] --   Found libusb-1.0, version 1.0.27
[9.222s] -- Found libusb: /usr/lib/aarch64-linux-gnu/libusb-1.0.so  
[9.224s] -- OpenNI found (version: 1.5.4.0, include: /usr/include/ni, lib: /usr/lib/libOpenNI.so;libusb::libusb)
[9.426s] -- OpenNI2 found (version: 2.2.0.33, include: /usr/include/openni2, lib: /usr/lib/aarch64-linux-gnu/libOpenNI2.so;libusb::libusb)
[9.481s] -- Could NOT find Pcap (missing: PCAP_LIBRARIES PCAP_INCLUDE_DIRS) 
[9.501s] -- Found ZLIB: /usr/lib/aarch64-linux-gnu/libz.so (found version "1.3")  
[9.529s] -- Found PNG: /usr/lib/aarch64-linux-gnu/libpng.so (found version "1.6.43") 
[10.399s] -- OpenNI found (version: 1.5.4.0, include: /usr/include/ni, lib: /usr/lib/libOpenNI.so;libusb::libusb)
[10.413s] -- OpenNI2 found (version: 2.2.0.33, include: /usr/include/openni2, lib: /usr/lib/aarch64-linux-gnu/libOpenNI2.so;libusb::libusb)
[11.331s] -- Found Qhull version 8.0.2
[12.199s] -- OpenNI found (version: 1.5.4.0, include: /usr/include/ni, lib: /usr/lib/libOpenNI.so;libusb::libusb)
[13.031s] -- Found PCL_COMMON: /usr/lib/aarch64-linux-gnu/libpcl_common.so  
[13.035s] -- Found PCL_KDTREE: /usr/lib/aarch64-linux-gnu/libpcl_kdtree.so  
[13.041s] -- Found PCL_OCTREE: /usr/lib/aarch64-linux-gnu/libpcl_octree.so  
[13.045s] -- Found PCL_SEARCH: /usr/lib/aarch64-linux-gnu/libpcl_search.so  
[13.048s] -- Found PCL_SAMPLE_CONSENSUS: /usr/lib/aarch64-linux-gnu/libpcl_sample_consensus.so  
[13.053s] -- Found PCL_FILTERS: /usr/lib/aarch64-linux-gnu/libpcl_filters.so  
[13.055s] -- Found PCL_2D: /usr/include/pcl-1.14  
[13.056s] -- Found PCL_GEOMETRY: /usr/include/pcl-1.14  
[13.058s] -- Found PCL_IO: /usr/lib/aarch64-linux-gnu/libpcl_io.so  
[13.060s] -- Found PCL_FEATURES: /usr/lib/aarch64-linux-gnu/libpcl_features.so  
[13.061s] -- Found PCL_ML: /usr/lib/aarch64-linux-gnu/libpcl_ml.so  
[13.063s] -- Found PCL_SEGMENTATION: /usr/lib/aarch64-linux-gnu/libpcl_segmentation.so  
[13.065s] -- Found PCL_VISUALIZATION: /usr/lib/aarch64-linux-gnu/libpcl_visualization.so  
[13.066s] -- Found PCL_SURFACE: /usr/lib/aarch64-linux-gnu/libpcl_surface.so  
[13.068s] -- Found PCL_REGISTRATION: /usr/lib/aarch64-linux-gnu/libpcl_registration.so  
[13.069s] -- Found PCL_KEYPOINTS: /usr/lib/aarch64-linux-gnu/libpcl_keypoints.so  
[13.071s] -- Found PCL_TRACKING: /usr/lib/aarch64-linux-gnu/libpcl_tracking.so  
[13.073s] -- Found PCL_RECOGNITION: /usr/lib/aarch64-linux-gnu/libpcl_recognition.so  
[13.075s] -- Found PCL_STEREO: /usr/lib/aarch64-linux-gnu/libpcl_stereo.so  
[13.076s] -- Found PCL_APPS: /usr/lib/aarch64-linux-gnu/libpcl_apps.so  
[13.077s] -- Found PCL_IN_HAND_SCANNER: /usr/include/pcl-1.14  
[13.078s] -- Found PCL_MODELER: /usr/include/pcl-1.14  
[13.079s] -- Found PCL_POINT_CLOUD_EDITOR: /usr/include/pcl-1.14  
[13.080s] -- Found PCL_OUTOFCORE: /usr/lib/aarch64-linux-gnu/libpcl_outofcore.so  
[13.082s] -- Found PCL_PEOPLE: /usr/lib/aarch64-linux-gnu/libpcl_people.so  
[13.449s] -- Setting yaml-cpp_DIR to: '/opt/ros/jazzy/share/yaml_cpp_vendor/cmake/../../../opt/yaml_cpp_vendor/share/cmake/yaml-cpp'
[13.509s] -- Found rviz_common: 14.1.12 (/opt/ros/jazzy/share/rviz_common/cmake)
[13.530s] -- Setting OGRE_DIR to: '/opt/ros/jazzy/share/rviz_ogre_vendor/cmake/../../../opt/rviz_ogre_vendor/lib/OGRE/cmake'
[13.535s] -- Found OGRE
[13.535s] --   static     : OFF
[13.535s] --   components : MeshLodGenerator;Overlay;Paging;Property;RTShaderSystem;Terrain;Volume
[13.535s] --   plugins    : Plugin_BSPSceneManager;Plugin_OctreeSceneManager;Plugin_PCZSceneManager;Plugin_ParticleFX;RenderSystem_GL;RenderSystem_GL3Plus;Codec_STBI
[13.535s] --   media      : /opt/ros/jazzy/opt/rviz_ogre_vendor/share/OGRE/Media
[13.535s] -- OGRE_LIBRARIES: OgreMeshLodGenerator;OgreOverlay;OgrePaging;OgreProperty;OgreRTShaderSystem;OgreTerrain;OgreVolume;OgreMain
[13.536s] -- OGRE_LIBRARY_DIRS: /opt/ros/jazzy/opt/rviz_ogre_vendor/lib
[13.536s] -- OGRE_PLUGINS: Plugin_BSPSceneManager;Plugin_OctreeSceneManager;Plugin_PCZSceneManager;Plugin_ParticleFX;RenderSystem_GL;RenderSystem_GL3Plus;Codec_STBI
[13.536s] -- OGRE_PLUGIN_DIR: /opt/ros/jazzy/opt/rviz_ogre_vendor/lib/OGRE
[13.536s] -- rviz_ogre_vendor::OgreOverlay for IMPORTED_LOCATION_RELEASE: /opt/ros/jazzy/opt/rviz_ogre_vendor/lib/libOgreOverlay.so
[13.536s] -- rviz_ogre_vendor::OgreOverlay for IMPORTED_LOCATION_DEBUG: /opt/ros/jazzy/opt/rviz_ogre_vendor/lib/libOgreOverlay.so
[13.536s] -- rviz_ogre_vendor::OgreMain for IMPORTED_LOCATION_RELEASE: /opt/ros/jazzy/opt/rviz_ogre_vendor/lib/libOgreMain.so
[13.536s] -- rviz_ogre_vendor::OgreMain for IMPORTED_LOCATION_DEBUG: /opt/ros/jazzy/opt/rviz_ogre_vendor/lib/libOgreMain.so
[13.584s] -- Found OpenGL: /usr/lib/aarch64-linux-gnu/libOpenGL.so   
[13.706s] -- Found X11: /usr/include   
[14.054s] -- Deploy OGRE media
[14.058s] -- Configuring done (14.0s)
[14.491s] -- Generating done (0.2s)
[14.511s] -- Build files have been written to: /home/p/ros2_ws/src/build/cartographer_rviz
[14.606s] Invoked command in '/home/p/ros2_ws/src/build/cartographer_rviz' returned '0': AMENT_PREFIX_PATH=/home/p/ros2_ws/src/install/cartographer_ros:/home/p/ros2_ws/src/install/cartographer_ros_msgs:${AMENT_PREFIX_PATH} CMAKE_PREFIX_PATH=/home/p/ros2_ws/src/install/cartographer_ros:/home/p/ros2_ws/src/install/cartographer_ros_msgs:/home/p/ros2_ws/src/install/cartographer:/home/p/ros2_ws/install/sllidar_ros2:/home/p/ros2_ws/install/cpp_package:/home/p/ros2_ws/install/cartographer_rviz:/home/p/ros2_ws/install/cartographer_ros:/home/p/ros2_ws/install/cartographer_ros_msgs:/home/p/ros2_ws/install/cartographer:/opt/ros/jazzy/opt/gz_sim_vendor:/opt/ros/jazzy/opt/gz_sensors_vendor:/opt/ros/jazzy/opt/gz_physics_vendor:/opt/ros/jazzy/opt/sdformat_vendor:/opt/ros/jazzy/opt/gz_gui_vendor:/opt/ros/jazzy/opt/gz_transport_vendor:/opt/ros/jazzy/opt/gz_rendering_vendor:/opt/ros/jazzy/opt/gz_plugin_vendor:/opt/ros/jazzy/opt/gz_fuel_tools_vendor:/opt/ros/jazzy/opt/gz_msgs_vendor:/opt/ros/jazzy/opt/gz_common_vendor:/opt/ros/jazzy/opt/gz_math_vendor:/opt/ros/jazzy/opt/gz_utils_vendor:/opt/ros/jazzy/opt/gz_tools_vendor:/opt/ros/jazzy/opt/gz_ogre_next_vendor:/opt/ros/jazzy/opt/gz_dartsim_vendor:/opt/ros/jazzy/opt/gz_cmake_vendor:/home/p/ros2_ws/install/sweep_builder:/home/p/ros2_ws/install/optical_cane_rpi:/home/p/ros2_ws/install/mpu9250:/opt/ros/jazzy DEBUGINFOD_URLS=https://debuginfod.ubuntu.com LD_LIBRARY_PATH=/home/p/ros2_ws/src/install/cartographer_ros/lib:/home/p/ros2_ws/src/install/cartographer_ros_msgs/lib:${LD_LIBRARY_PATH} PATH=/home/p/ros2_ws/src/install/cartographer/bin:${PATH} PKG_CONFIG_PATH=/home/p/ros2_ws/src/install/cartographer/lib/aarch64-linux-gnu/pkgconfig:/home/p/ros2_ws/src/install/cartographer/lib/pkgconfig:${PKG_CONFIG_PATH} PYTHONPATH=/home/p/ros2_ws/src/install/cartographer_ros_msgs/lib/python3.12/site-packages:${PYTHONPATH} /usr/bin/cmake /home/p/ros2_ws/src/cartographer_ros/cartographer_rviz -DCMAKE_INSTALL_PREFIX=/home/p/ros2_ws/src/install/cartographer_rviz
[14.610s] Invoking command in '/home/p/ros2_ws/src/build/cartographer_rviz': AMENT_PREFIX_PATH=/home/p/ros2_ws/src/install/cartographer_ros:/home/p/ros2_ws/src/install/cartographer_ros_msgs:${AMENT_PREFIX_PATH} CMAKE_PREFIX_PATH=/home/p/ros2_ws/src/install/cartographer_ros:/home/p/ros2_ws/src/install/cartographer_ros_msgs:/home/p/ros2_ws/src/install/cartographer:/home/p/ros2_ws/install/sllidar_ros2:/home/p/ros2_ws/install/cpp_package:/home/p/ros2_ws/install/cartographer_rviz:/home/p/ros2_ws/install/cartographer_ros:/home/p/ros2_ws/install/cartographer_ros_msgs:/home/p/ros2_ws/install/cartographer:/opt/ros/jazzy/opt/gz_sim_vendor:/opt/ros/jazzy/opt/gz_sensors_vendor:/opt/ros/jazzy/opt/gz_physics_vendor:/opt/ros/jazzy/opt/sdformat_vendor:/opt/ros/jazzy/opt/gz_gui_vendor:/opt/ros/jazzy/opt/gz_transport_vendor:/opt/ros/jazzy/opt/gz_rendering_vendor:/opt/ros/jazzy/opt/gz_plugin_vendor:/opt/ros/jazzy/opt/gz_fuel_tools_vendor:/opt/ros/jazzy/opt/gz_msgs_vendor:/opt/ros/jazzy/opt/gz_common_vendor:/opt/ros/jazzy/opt/gz_math_vendor:/opt/ros/jazzy/opt/gz_utils_vendor:/opt/ros/jazzy/opt/gz_tools_vendor:/opt/ros/jazzy/opt/gz_ogre_next_vendor:/opt/ros/jazzy/opt/gz_dartsim_vendor:/opt/ros/jazzy/opt/gz_cmake_vendor:/home/p/ros2_ws/install/sweep_builder:/home/p/ros2_ws/install/optical_cane_rpi:/home/p/ros2_ws/install/mpu9250:/opt/ros/jazzy DEBUGINFOD_URLS=https://debuginfod.ubuntu.com LD_LIBRARY_PATH=/home/p/ros2_ws/src/install/cartographer_ros/lib:/home/p/ros2_ws/src/install/cartographer_ros_msgs/lib:${LD_LIBRARY_PATH} PATH=/home/p/ros2_ws/src/install/cartographer/bin:${PATH} PKG_CONFIG_PATH=/home/p/ros2_ws/src/install/cartographer/lib/aarch64-linux-gnu/pkgconfig:/home/p/ros2_ws/src/install/cartographer/lib/pkgconfig:${PKG_CONFIG_PATH} PYTHONPATH=/home/p/ros2_ws/src/install/cartographer_ros_msgs/lib/python3.12/site-packages:${PYTHONPATH} /usr/bin/cmake --build /home/p/ros2_ws/src/build/cartographer_rviz -- -j4 -l4
[14.799s] [  0%] Built target cartographer_rviz_autogen_timestamp_deps
[14.805s] [  0%] Built target cartographer_rviz_detect_changes
[14.853s] [ 14%] Automatic MOC for target cartographer_rviz
[38.454s] [ 14%] Built target cartographer_rviz_autogen
[38.570s] [ 28%] Building CXX object CMakeFiles/cartographer_rviz.dir/cartographer_rviz_autogen/mocs_compilation.cpp.o
[38.588s] [ 42%] Building CXX object CMakeFiles/cartographer_rviz.dir/src/drawable_submap.cpp.o
[38.591s] [ 57%] Building CXX object CMakeFiles/cartographer_rviz.dir/src/ogre_slice.cpp.o
[38.603s] [ 71%] Building CXX object CMakeFiles/cartographer_rviz.dir/src/submaps_display.cpp.o
[91.265s] [ 85%] Linking CXX shared library libcartographer_rviz.so
[97.471s] [100%] Built target cartographer_rviz
[97.495s] Invoked command in '/home/p/ros2_ws/src/build/cartographer_rviz' returned '0': AMENT_PREFIX_PATH=/home/p/ros2_ws/src/install/cartographer_ros:/home/p/ros2_ws/src/install/cartographer_ros_msgs:${AMENT_PREFIX_PATH} CMAKE_PREFIX_PATH=/home/p/ros2_ws/src/install/cartographer_ros:/home/p/ros2_ws/src/install/cartographer_ros_msgs:/home/p/ros2_ws/src/install/cartographer:/home/p/ros2_ws/install/sllidar_ros2:/home/p/ros2_ws/install/cpp_package:/home/p/ros2_ws/install/cartographer_rviz:/home/p/ros2_ws/install/cartographer_ros:/home/p/ros2_ws/install/cartographer_ros_msgs:/home/p/ros2_ws/install/cartographer:/opt/ros/jazzy/opt/gz_sim_vendor:/opt/ros/jazzy/opt/gz_sensors_vendor:/opt/ros/jazzy/opt/gz_physics_vendor:/opt/ros/jazzy/opt/sdformat_vendor:/opt/ros/jazzy/opt/gz_gui_vendor:/opt/ros/jazzy/opt/gz_transport_vendor:/opt/ros/jazzy/opt/gz_rendering_vendor:/opt/ros/jazzy/opt/gz_plugin_vendor:/opt/ros/jazzy/opt/gz_fuel_tools_vendor:/opt/ros/jazzy/opt/gz_msgs_vendor:/opt/ros/jazzy/opt/gz_common_vendor:/opt/ros/jazzy/opt/gz_math_vendor:/opt/ros/jazzy/opt/gz_utils_vendor:/opt/ros/jazzy/opt/gz_tools_vendor:/opt/ros/jazzy/opt/gz_ogre_next_vendor:/opt/ros/jazzy/opt/gz_dartsim_vendor:/opt/ros/jazzy/opt/gz_cmake_vendor:/home/p/ros2_ws/install/sweep_builder:/home/p/ros2_ws/install/optical_cane_rpi:/home/p/ros2_ws/install/mpu9250:/opt/ros/jazzy DEBUGINFOD_URLS=https://debuginfod.ubuntu.com LD_LIBRARY_PATH=/home/p/ros2_ws/src/install/cartographer_ros/lib:/home/p/ros2_ws/src/install/cartographer_ros_msgs/lib:${LD_LIBRARY_PATH} PATH=/home/p/ros2_ws/src/install/cartographer/bin:${PATH} PKG_CONFIG_PATH=/home/p/ros2_ws/src/install/cartographer/lib/aarch64-linux-gnu/pkgconfig:/home/p/ros2_ws/src/install/cartographer/lib/pkgconfig:${PKG_CONFIG_PATH} PYTHONPATH=/home/p/ros2_ws/src/install/cartographer_ros_msgs/lib/python3.12/site-packages:${PYTHONPATH} /usr/bin/cmake --build /home/p/ros2_ws/src/build/cartographer_rviz -- -j4 -l4
[97.496s] Invoking command in '/home/p/ros2_ws/src/build/cartographer_rviz': AMENT_PREFIX_PATH=/home/p/ros2_ws/src/install/cartographer_ros:/home/p/ros2_ws/src/install/cartographer_ros_msgs:${AMENT_PREFIX_PATH} CMAKE_PREFIX_PATH=/home/p/ros2_ws/src/install/cartographer_ros:/home/p/ros2_ws/src/install/cartographer_ros_msgs:/home/p/ros2_ws/src/install/cartographer:/home/p/ros2_ws/install/sllidar_ros2:/home/p/ros2_ws/install/cpp_package:/home/p/ros2_ws/install/cartographer_rviz:/home/p/ros2_ws/install/cartographer_ros:/home/p/ros2_ws/install/cartographer_ros_msgs:/home/p/ros2_ws/install/cartographer:/opt/ros/jazzy/opt/gz_sim_vendor:/opt/ros/jazzy/opt/gz_sensors_vendor:/opt/ros/jazzy/opt/gz_physics_vendor:/opt/ros/jazzy/opt/sdformat_vendor:/opt/ros/jazzy/opt/gz_gui_vendor:/opt/ros/jazzy/opt/gz_transport_vendor:/opt/ros/jazzy/opt/gz_rendering_vendor:/opt/ros/jazzy/opt/gz_plugin_vendor:/opt/ros/jazzy/opt/gz_fuel_tools_vendor:/opt/ros/jazzy/opt/gz_msgs_vendor:/opt/ros/jazzy/opt/gz_common_vendor:/opt/ros/jazzy/opt/gz_math_vendor:/opt/ros/jazzy/opt/gz_utils_vendor:/opt/ros/jazzy/opt/gz_tools_vendor:/opt/ros/jazzy/opt/gz_ogre_next_vendor:/opt/ros/jazzy/opt/gz_dartsim_vendor:/opt/ros/jazzy/opt/gz_cmake_vendor:/home/p/ros2_ws/install/sweep_builder:/home/p/ros2_ws/install/optical_cane_rpi:/home/p/ros2_ws/install/mpu9250:/opt/ros/jazzy DEBUGINFOD_URLS=https://debuginfod.ubuntu.com LD_LIBRARY_PATH=/home/p/ros2_ws/src/install/cartographer_ros/lib:/home/p/ros2_ws/src/install/cartographer_ros_msgs/lib:${LD_LIBRARY_PATH} PATH=/home/p/ros2_ws/src/install/cartographer/bin:${PATH} PKG_CONFIG_PATH=/home/p/ros2_ws/src/install/cartographer/lib/aarch64-linux-gnu/pkgconfig:/home/p/ros2_ws/src/install/cartographer/lib/pkgconfig:${PKG_CONFIG_PATH} PYTHONPATH=/home/p/ros2_ws/src/install/cartographer_ros_msgs/lib/python3.12/site-packages:${PYTHONPATH} /usr/bin/cmake --install /home/p/ros2_ws/src/build/cartographer_rviz
[97.516s] -- Install configuration: "Release"
[97.516s] -- Installing: /home/p/ros2_ws/src/install/cartographer_rviz/share/cartographer_rviz/rviz_plugin_description.xml
[97.517s] -- Installing: /home/p/ros2_ws/src/install/cartographer_rviz/lib/libcartographer_rviz.so
[97.529s] -- Set non-toolchain portion of runtime path of "/home/p/ros2_ws/src/install/cartographer_rviz/lib/libcartographer_rviz.so" to ""
[97.529s] -- Installing: /home/p/ros2_ws/src/install/cartographer_rviz/include/
[97.529s] -- Installing: /home/p/ros2_ws/src/install/cartographer_rviz/include//cartographer_rviz
[97.529s] -- Installing: /home/p/ros2_ws/src/install/cartographer_rviz/include//cartographer_rviz/drawable_submap.h
[97.529s] -- Installing: /home/p/ros2_ws/src/install/cartographer_rviz/include//cartographer_rviz/submaps_display.h
[97.529s] -- Installing: /home/p/ros2_ws/src/install/cartographer_rviz/include//cartographer_rviz/ogre_slice.h
[97.530s] -- Installing: /home/p/ros2_ws/src/install/cartographer_rviz/share/cartographer_rviz/environment/library_path.sh
[97.530s] -- Installing: /home/p/ros2_ws/src/install/cartographer_rviz/share/cartographer_rviz/environment/library_path.dsv
[97.530s] -- Installing: /home/p/ros2_ws/src/install/cartographer_rviz/share/ament_index/resource_index/package_run_dependencies/cartographer_rviz
[97.530s] -- Installing: /home/p/ros2_ws/src/install/cartographer_rviz/share/ament_index/resource_index/parent_prefix_path/cartographer_rviz
[97.530s] -- Installing: /home/p/ros2_ws/src/install/cartographer_rviz/share/cartographer_rviz/environment/ament_prefix_path.sh
[97.530s] -- Installing: /home/p/ros2_ws/src/install/cartographer_rviz/share/cartographer_rviz/environment/ament_prefix_path.dsv
[97.530s] -- Installing: /home/p/ros2_ws/src/install/cartographer_rviz/share/cartographer_rviz/environment/path.sh
[97.531s] -- Installing: /home/p/ros2_ws/src/install/cartographer_rviz/share/cartographer_rviz/environment/path.dsv
[97.531s] -- Installing: /home/p/ros2_ws/src/install/cartographer_rviz/share/cartographer_rviz/local_setup.bash
[97.531s] -- Installing: /home/p/ros2_ws/src/install/cartographer_rviz/share/cartographer_rviz/local_setup.sh
[97.533s] -- Installing: /home/p/ros2_ws/src/install/cartographer_rviz/share/cartographer_rviz/local_setup.zsh
[97.533s] -- Installing: /home/p/ros2_ws/src/install/cartographer_rviz/share/cartographer_rviz/local_setup.dsv
[97.533s] -- Installing: /home/p/ros2_ws/src/install/cartographer_rviz/share/cartographer_rviz/package.dsv
[97.533s] -- Installing: /home/p/ros2_ws/src/install/cartographer_rviz/share/ament_index/resource_index/packages/cartographer_rviz
[97.534s] -- Installing: /home/p/ros2_ws/src/install/cartographer_rviz/share/ament_index/resource_index/rviz_common__pluginlib__plugin/cartographer_rviz
[97.534s] -- Installing: /home/p/ros2_ws/src/install/cartographer_rviz/share/cartographer_rviz/ogre_media/materials/glsl120
[97.534s] -- Installing: /home/p/ros2_ws/src/install/cartographer_rviz/share/cartographer_rviz/ogre_media/materials/glsl120/submap.frag
[97.534s] -- Installing: /home/p/ros2_ws/src/install/cartographer_rviz/share/cartographer_rviz/ogre_media/materials/glsl120/glsl120.program
[97.534s] -- Installing: /home/p/ros2_ws/src/install/cartographer_rviz/share/cartographer_rviz/ogre_media/materials/glsl120/submap.vert
[97.534s] -- Installing: /home/p/ros2_ws/src/install/cartographer_rviz/share/cartographer_rviz/ogre_media/materials/scripts
[97.534s] -- Installing: /home/p/ros2_ws/src/install/cartographer_rviz/share/cartographer_rviz/ogre_media/materials/scripts/submap.material
[97.535s] -- Installing: /home/p/ros2_ws/src/install/cartographer_rviz/share/ament_index/resource_index/rviz_ogre_media_exports/cartographer_rviz
[97.535s] -- Installing: /home/p/ros2_ws/src/install/cartographer_rviz/share/cartographer_rviz/cmake/cartographer_rvizExport.cmake
[97.535s] -- Installing: /home/p/ros2_ws/src/install/cartographer_rviz/share/cartographer_rviz/cmake/cartographer_rvizExport-release.cmake
[97.535s] -- Installing: /home/p/ros2_ws/src/install/cartographer_rviz/share/cartographer_rviz/cmake/ament_cmake_export_include_directories-extras.cmake
[97.535s] -- Installing: /home/p/ros2_ws/src/install/cartographer_rviz/share/cartographer_rviz/cmake/ament_cmake_export_targets-extras.cmake
[97.536s] -- Installing: /home/p/ros2_ws/src/install/cartographer_rviz/share/cartographer_rviz/cmake/ament_cmake_export_dependencies-extras.cmake
[97.536s] -- Installing: /home/p/ros2_ws/src/install/cartographer_rviz/share/cartographer_rviz/cmake/cartographer_rvizConfig.cmake
[97.536s] -- Installing: /home/p/ros2_ws/src/install/cartographer_rviz/share/cartographer_rviz/cmake/cartographer_rvizConfig-version.cmake
[97.536s] -- Installing: /home/p/ros2_ws/src/install/cartographer_rviz/share/cartographer_rviz/package.xml
[97.539s] Invoked command in '/home/p/ros2_ws/src/build/cartographer_rviz' returned '0': AMENT_PREFIX_PATH=/home/p/ros2_ws/src/install/cartographer_ros:/home/p/ros2_ws/src/install/cartographer_ros_msgs:${AMENT_PREFIX_PATH} CMAKE_PREFIX_PATH=/home/p/ros2_ws/src/install/cartographer_ros:/home/p/ros2_ws/src/install/cartographer_ros_msgs:/home/p/ros2_ws/src/install/cartographer:/home/p/ros2_ws/install/sllidar_ros2:/home/p/ros2_ws/install/cpp_package:/home/p/ros2_ws/install/cartographer_rviz:/home/p/ros2_ws/install/cartographer_ros:/home/p/ros2_ws/install/cartographer_ros_msgs:/home/p/ros2_ws/install/cartographer:/opt/ros/jazzy/opt/gz_sim_vendor:/opt/ros/jazzy/opt/gz_sensors_vendor:/opt/ros/jazzy/opt/gz_physics_vendor:/opt/ros/jazzy/opt/sdformat_vendor:/opt/ros/jazzy/opt/gz_gui_vendor:/opt/ros/jazzy/opt/gz_transport_vendor:/opt/ros/jazzy/opt/gz_rendering_vendor:/opt/ros/jazzy/opt/gz_plugin_vendor:/opt/ros/jazzy/opt/gz_fuel_tools_vendor:/opt/ros/jazzy/opt/gz_msgs_vendor:/opt/ros/jazzy/opt/gz_common_vendor:/opt/ros/jazzy/opt/gz_math_vendor:/opt/ros/jazzy/opt/gz_utils_vendor:/opt/ros/jazzy/opt/gz_tools_vendor:/opt/ros/jazzy/opt/gz_ogre_next_vendor:/opt/ros/jazzy/opt/gz_dartsim_vendor:/opt/ros/jazzy/opt/gz_cmake_vendor:/home/p/ros2_ws/install/sweep_builder:/home/p/ros2_ws/install/optical_cane_rpi:/home/p/ros2_ws/install/mpu9250:/opt/ros/jazzy DEBUGINFOD_URLS=https://debuginfod.ubuntu.com LD_LIBRARY_PATH=/home/p/ros2_ws/src/install/cartographer_ros/lib:/home/p/ros2_ws/src/install/cartographer_ros_msgs/lib:${LD_LIBRARY_PATH} PATH=/home/p/ros2_ws/src/install/cartographer/bin:${PATH} PKG_CONFIG_PATH=/home/p/ros2_ws/src/install/cartographer/lib/aarch64-linux-gnu/pkgconfig:/home/p/ros2_ws/src/install/cartographer/lib/pkgconfig:${PKG_CONFIG_PATH} PYTHONPATH=/home/p/ros2_ws/src/install/cartographer_ros_msgs/lib/python3.12/site-packages:${PYTHONPATH} /usr/bin/cmake --install /home/p/ros2_ws/src/build/cartographer_rviz
