[0.318s] DEBUG:colcon:Command line arguments: ['/usr/bin/colcon', 'build', '--packages-select', 'cpp_package']
[0.319s] DEBUG:colcon:Parsed command line arguments: Namespace(log_base=None, log_level=None, verb_name='build', build_base='build', install_base='install', merge_install=False, symlink_install=False, test_result_base=None, continue_on_error=False, executor='parallel', parallel_workers=4, event_handlers=None, ignore_user_meta=False, metas=['./colcon.meta'], base_paths=['.'], packages_ignore=None, packages_ignore_regex=None, paths=None, packages_up_to=None, packages_up_to_regex=None, packages_above=None, packages_above_and_dependencies=None, packages_above_depth=None, packages_select_by_dep=None, packages_skip_by_dep=None, packages_skip_up_to=None, packages_select_build_failed=False, packages_skip_build_finished=False, packages_select_test_failures=False, packages_skip_test_passed=False, packages_select=['cpp_package'], packages_skip=None, packages_select_regex=None, packages_skip_regex=None, packages_start=None, packages_end=None, allow_overriding=[], cmake_args=None, cmake_target=None, cmake_target_skip_unavailable=False, cmake_clean_cache=False, cmake_clean_first=False, cmake_force_configure=False, ament_cmake_args=None, catkin_cmake_args=None, catkin_skip_building_tests=False, mixin_files=None, mixin=None, verb_parser=<colcon_mixin.mixin.mixin_argument.MixinArgumentDecorator object at 0xffff7ebed100>, verb_extension=<colcon_core.verb.build.BuildVerb object at 0xffff7edce900>, main=<bound method BuildVerb.main of <colcon_core.verb.build.BuildVerb object at 0xffff7edce900>>, mixin_verb=('build',))
[0.420s] Level 1:colcon.colcon_core.package_discovery:discover_packages(colcon_meta) check parameters
[0.420s] Level 1:colcon.colcon_core.package_discovery:discover_packages(recursive) check parameters
[0.420s] Level 1:colcon.colcon_core.package_discovery:discover_packages(ignore) check parameters
[0.420s] Level 1:colcon.colcon_core.package_discovery:discover_packages(path) check parameters
[0.420s] Level 1:colcon.colcon_core.package_discovery:discover_packages(colcon_meta) discover
[0.420s] Level 1:colcon.colcon_core.package_discovery:discover_packages(recursive) discover
[0.421s] INFO:colcon.colcon_core.package_discovery:Crawling recursively for packages in '/home/p/ros2_ws/src'
[0.421s] Level 1:colcon.colcon_core.package_identification:_identify(.) by extensions ['ignore', 'ignore_ament_install']
[0.421s] Level 1:colcon.colcon_core.package_identification:_identify(.) by extension 'ignore'
[0.421s] Level 1:colcon.colcon_core.package_identification:_identify(.) by extension 'ignore_ament_install'
[0.421s] Level 1:colcon.colcon_core.package_identification:_identify(.) by extensions ['colcon_pkg']
[0.421s] Level 1:colcon.colcon_core.package_identification:_identify(.) by extension 'colcon_pkg'
[0.421s] Level 1:colcon.colcon_core.package_identification:_identify(.) by extensions ['colcon_meta']
[0.421s] Level 1:colcon.colcon_core.package_identification:_identify(.) by extension 'colcon_meta'
[0.421s] Level 1:colcon.colcon_core.package_identification:_identify(.) by extensions ['ros']
[0.421s] Level 1:colcon.colcon_core.package_identification:_identify(.) by extension 'ros'
[0.486s] Level 1:colcon.colcon_core.package_identification:_identify(.) by extensions ['cmake', 'python']
[0.486s] Level 1:colcon.colcon_core.package_identification:_identify(.) by extension 'cmake'
[0.486s] Level 1:colcon.colcon_core.package_identification:_identify(.) by extension 'python'
[0.487s] Level 1:colcon.colcon_core.package_identification:_identify(.) by extensions ['python_setup_py']
[0.487s] Level 1:colcon.colcon_core.package_identification:_identify(.) by extension 'python_setup_py'
[0.487s] Level 1:colcon.colcon_core.package_identification:_identify(arigato) by extensions ['ignore', 'ignore_ament_install']
[0.488s] Level 1:colcon.colcon_core.package_identification:_identify(arigato) by extension 'ignore'
[0.488s] Level 1:colcon.colcon_core.package_identification:_identify(arigato) by extension 'ignore_ament_install'
[0.488s] Level 1:colcon.colcon_core.package_identification:_identify(arigato) by extensions ['colcon_pkg']
[0.489s] Level 1:colcon.colcon_core.package_identification:_identify(arigato) by extension 'colcon_pkg'
[0.490s] Level 1:colcon.colcon_core.package_identification:_identify(arigato) by extensions ['colcon_meta']
[0.490s] Level 1:colcon.colcon_core.package_identification:_identify(arigato) by extension 'colcon_meta'
[0.490s] Level 1:colcon.colcon_core.package_identification:_identify(arigato) by extensions ['ros']
[0.490s] Level 1:colcon.colcon_core.package_identification:_identify(arigato) by extension 'ros'
[0.491s] Level 1:colcon.colcon_core.package_identification:_identify(arigato) by extensions ['cmake', 'python']
[0.492s] Level 1:colcon.colcon_core.package_identification:_identify(arigato) by extension 'cmake'
[0.492s] Level 1:colcon.colcon_core.package_identification:_identify(arigato) by extension 'python'
[0.493s] Level 1:colcon.colcon_core.package_identification:_identify(arigato) by extensions ['python_setup_py']
[0.493s] Level 1:colcon.colcon_core.package_identification:_identify(arigato) by extension 'python_setup_py'
[0.494s] Level 1:colcon.colcon_core.package_identification:_identify(build) by extensions ['ignore', 'ignore_ament_install']
[0.495s] Level 1:colcon.colcon_core.package_identification:_identify(build) by extension 'ignore'
[0.495s] Level 1:colcon.colcon_core.package_identification:_identify(build) ignored
[0.495s] Level 1:colcon.colcon_core.package_identification:_identify(calib) by extensions ['ignore', 'ignore_ament_install']
[0.496s] Level 1:colcon.colcon_core.package_identification:_identify(calib) by extension 'ignore'
[0.496s] Level 1:colcon.colcon_core.package_identification:_identify(calib) by extension 'ignore_ament_install'
[0.496s] Level 1:colcon.colcon_core.package_identification:_identify(calib) by extensions ['colcon_pkg']
[0.496s] Level 1:colcon.colcon_core.package_identification:_identify(calib) by extension 'colcon_pkg'
[0.496s] Level 1:colcon.colcon_core.package_identification:_identify(calib) by extensions ['colcon_meta']
[0.496s] Level 1:colcon.colcon_core.package_identification:_identify(calib) by extension 'colcon_meta'
[0.496s] Level 1:colcon.colcon_core.package_identification:_identify(calib) by extensions ['ros']
[0.496s] Level 1:colcon.colcon_core.package_identification:_identify(calib) by extension 'ros'
[0.497s] Level 1:colcon.colcon_core.package_identification:_identify(calib) by extensions ['cmake', 'python']
[0.497s] Level 1:colcon.colcon_core.package_identification:_identify(calib) by extension 'cmake'
[0.497s] Level 1:colcon.colcon_core.package_identification:_identify(calib) by extension 'python'
[0.498s] Level 1:colcon.colcon_core.package_identification:_identify(calib) by extensions ['python_setup_py']
[0.498s] Level 1:colcon.colcon_core.package_identification:_identify(calib) by extension 'python_setup_py'
[0.500s] Level 1:colcon.colcon_core.package_identification:_identify(cpp_package) by extensions ['ignore', 'ignore_ament_install']
[0.502s] Level 1:colcon.colcon_core.package_identification:_identify(cpp_package) by extension 'ignore'
[0.503s] Level 1:colcon.colcon_core.package_identification:_identify(cpp_package) by extension 'ignore_ament_install'
[0.503s] Level 1:colcon.colcon_core.package_identification:_identify(cpp_package) by extensions ['colcon_pkg']
[0.503s] Level 1:colcon.colcon_core.package_identification:_identify(cpp_package) by extension 'colcon_pkg'
[0.503s] Level 1:colcon.colcon_core.package_identification:_identify(cpp_package) by extensions ['colcon_meta']
[0.503s] Level 1:colcon.colcon_core.package_identification:_identify(cpp_package) by extension 'colcon_meta'
[0.503s] Level 1:colcon.colcon_core.package_identification:_identify(cpp_package) by extensions ['ros']
[0.503s] Level 1:colcon.colcon_core.package_identification:_identify(cpp_package) by extension 'ros'
[0.508s] DEBUG:colcon.colcon_core.package_identification:Package 'cpp_package' with type 'ros.ament_cmake' and name 'cpp_package'
[0.508s] Level 1:colcon.colcon_core.package_identification:_identify(install) by extensions ['ignore', 'ignore_ament_install']
[0.508s] Level 1:colcon.colcon_core.package_identification:_identify(install) by extension 'ignore'
[0.509s] Level 1:colcon.colcon_core.package_identification:_identify(install) ignored
[0.509s] Level 1:colcon.colcon_core.package_identification:_identify(log) by extensions ['ignore', 'ignore_ament_install']
[0.509s] Level 1:colcon.colcon_core.package_identification:_identify(log) by extension 'ignore'
[0.509s] Level 1:colcon.colcon_core.package_identification:_identify(log) ignored
[0.509s] Level 1:colcon.colcon_core.package_identification:_identify(mpu9250) by extensions ['ignore', 'ignore_ament_install']
[0.509s] Level 1:colcon.colcon_core.package_identification:_identify(mpu9250) by extension 'ignore'
[0.509s] Level 1:colcon.colcon_core.package_identification:_identify(mpu9250) by extension 'ignore_ament_install'
[0.509s] Level 1:colcon.colcon_core.package_identification:_identify(mpu9250) by extensions ['colcon_pkg']
[0.509s] Level 1:colcon.colcon_core.package_identification:_identify(mpu9250) by extension 'colcon_pkg'
[0.509s] Level 1:colcon.colcon_core.package_identification:_identify(mpu9250) by extensions ['colcon_meta']
[0.509s] Level 1:colcon.colcon_core.package_identification:_identify(mpu9250) by extension 'colcon_meta'
[0.509s] Level 1:colcon.colcon_core.package_identification:_identify(mpu9250) by extensions ['ros']
[0.509s] Level 1:colcon.colcon_core.package_identification:_identify(mpu9250) by extension 'ros'
[0.510s] DEBUG:colcon.colcon_core.package_identification:Package 'mpu9250' with type 'ros.ament_python' and name 'mpu9250'
[0.510s] Level 1:colcon.colcon_core.package_identification:_identify(optical_cane_rpi) by extensions ['ignore', 'ignore_ament_install']
[0.511s] Level 1:colcon.colcon_core.package_identification:_identify(optical_cane_rpi) by extension 'ignore'
[0.511s] Level 1:colcon.colcon_core.package_identification:_identify(optical_cane_rpi) by extension 'ignore_ament_install'
[0.511s] Level 1:colcon.colcon_core.package_identification:_identify(optical_cane_rpi) by extensions ['colcon_pkg']
[0.511s] Level 1:colcon.colcon_core.package_identification:_identify(optical_cane_rpi) by extension 'colcon_pkg'
[0.511s] Level 1:colcon.colcon_core.package_identification:_identify(optical_cane_rpi) by extensions ['colcon_meta']
[0.511s] Level 1:colcon.colcon_core.package_identification:_identify(optical_cane_rpi) by extension 'colcon_meta'
[0.511s] Level 1:colcon.colcon_core.package_identification:_identify(optical_cane_rpi) by extensions ['ros']
[0.511s] Level 1:colcon.colcon_core.package_identification:_identify(optical_cane_rpi) by extension 'ros'
[0.512s] DEBUG:colcon.colcon_core.package_identification:Package 'optical_cane_rpi' with type 'ros.ament_python' and name 'optical_cane_rpi'
[0.512s] Level 1:colcon.colcon_core.package_identification:_identify(sllidar_ros2) by extensions ['ignore', 'ignore_ament_install']
[0.512s] Level 1:colcon.colcon_core.package_identification:_identify(sllidar_ros2) by extension 'ignore'
[0.512s] Level 1:colcon.colcon_core.package_identification:_identify(sllidar_ros2) by extension 'ignore_ament_install'
[0.512s] Level 1:colcon.colcon_core.package_identification:_identify(sllidar_ros2) by extensions ['colcon_pkg']
[0.513s] Level 1:colcon.colcon_core.package_identification:_identify(sllidar_ros2) by extension 'colcon_pkg'
[0.513s] Level 1:colcon.colcon_core.package_identification:_identify(sllidar_ros2) by extensions ['colcon_meta']
[0.513s] Level 1:colcon.colcon_core.package_identification:_identify(sllidar_ros2) by extension 'colcon_meta'
[0.513s] Level 1:colcon.colcon_core.package_identification:_identify(sllidar_ros2) by extensions ['ros']
[0.513s] Level 1:colcon.colcon_core.package_identification:_identify(sllidar_ros2) by extension 'ros'
[0.514s] DEBUG:colcon.colcon_core.package_identification:Package 'sllidar_ros2' with type 'ros.ament_cmake' and name 'sllidar_ros2'
[0.514s] Level 1:colcon.colcon_core.package_identification:_identify(uros) by extensions ['ignore', 'ignore_ament_install']
[0.515s] Level 1:colcon.colcon_core.package_identification:_identify(uros) by extension 'ignore'
[0.516s] Level 1:colcon.colcon_core.package_identification:_identify(uros) by extension 'ignore_ament_install'
[0.517s] Level 1:colcon.colcon_core.package_identification:_identify(uros) by extensions ['colcon_pkg']
[0.517s] Level 1:colcon.colcon_core.package_identification:_identify(uros) by extension 'colcon_pkg'
[0.518s] Level 1:colcon.colcon_core.package_identification:_identify(uros) by extensions ['colcon_meta']
[0.518s] Level 1:colcon.colcon_core.package_identification:_identify(uros) by extension 'colcon_meta'
[0.518s] Level 1:colcon.colcon_core.package_identification:_identify(uros) by extensions ['ros']
[0.518s] Level 1:colcon.colcon_core.package_identification:_identify(uros) by extension 'ros'
[0.518s] Level 1:colcon.colcon_core.package_identification:_identify(uros) by extensions ['cmake', 'python']
[0.518s] Level 1:colcon.colcon_core.package_identification:_identify(uros) by extension 'cmake'
[0.518s] Level 1:colcon.colcon_core.package_identification:_identify(uros) by extension 'python'
[0.518s] Level 1:colcon.colcon_core.package_identification:_identify(uros) by extensions ['python_setup_py']
[0.518s] Level 1:colcon.colcon_core.package_identification:_identify(uros) by extension 'python_setup_py'
[0.518s] Level 1:colcon.colcon_core.package_identification:_identify(uros/drive_base) by extensions ['ignore', 'ignore_ament_install']
[0.519s] Level 1:colcon.colcon_core.package_identification:_identify(uros/drive_base) by extension 'ignore'
[0.519s] Level 1:colcon.colcon_core.package_identification:_identify(uros/drive_base) by extension 'ignore_ament_install'
[0.519s] Level 1:colcon.colcon_core.package_identification:_identify(uros/drive_base) by extensions ['colcon_pkg']
[0.519s] Level 1:colcon.colcon_core.package_identification:_identify(uros/drive_base) by extension 'colcon_pkg'
[0.519s] Level 1:colcon.colcon_core.package_identification:_identify(uros/drive_base) by extensions ['colcon_meta']
[0.519s] Level 1:colcon.colcon_core.package_identification:_identify(uros/drive_base) by extension 'colcon_meta'
[0.519s] Level 1:colcon.colcon_core.package_identification:_identify(uros/drive_base) by extensions ['ros']
[0.519s] Level 1:colcon.colcon_core.package_identification:_identify(uros/drive_base) by extension 'ros'
[0.519s] Level 1:colcon.colcon_core.package_identification:_identify(uros/drive_base) by extensions ['cmake', 'python']
[0.519s] Level 1:colcon.colcon_core.package_identification:_identify(uros/drive_base) by extension 'cmake'
[0.519s] Level 1:colcon.colcon_core.package_identification:_identify(uros/drive_base) by extension 'python'
[0.519s] Level 1:colcon.colcon_core.package_identification:_identify(uros/drive_base) by extensions ['python_setup_py']
[0.520s] Level 1:colcon.colcon_core.package_identification:_identify(uros/drive_base) by extension 'python_setup_py'
[0.521s] Level 1:colcon.colcon_core.package_identification:_identify(uros/drive_base/drive_base_msgs) by extensions ['ignore', 'ignore_ament_install']
[0.522s] Level 1:colcon.colcon_core.package_identification:_identify(uros/drive_base/drive_base_msgs) by extension 'ignore'
[0.522s] Level 1:colcon.colcon_core.package_identification:_identify(uros/drive_base/drive_base_msgs) by extension 'ignore_ament_install'
[0.522s] Level 1:colcon.colcon_core.package_identification:_identify(uros/drive_base/drive_base_msgs) by extensions ['colcon_pkg']
[0.523s] Level 1:colcon.colcon_core.package_identification:_identify(uros/drive_base/drive_base_msgs) by extension 'colcon_pkg'
[0.523s] Level 1:colcon.colcon_core.package_identification:_identify(uros/drive_base/drive_base_msgs) by extensions ['colcon_meta']
[0.523s] Level 1:colcon.colcon_core.package_identification:_identify(uros/drive_base/drive_base_msgs) by extension 'colcon_meta'
[0.523s] Level 1:colcon.colcon_core.package_identification:_identify(uros/drive_base/drive_base_msgs) by extensions ['ros']
[0.523s] Level 1:colcon.colcon_core.package_identification:_identify(uros/drive_base/drive_base_msgs) by extension 'ros'
[0.526s] DEBUG:colcon.colcon_core.package_identification:Package 'uros/drive_base/drive_base_msgs' with type 'ros.ament_cmake' and name 'drive_base_msgs'
[0.526s] Level 1:colcon.colcon_core.package_identification:_identify(uros/micro-ROS-Agent) by extensions ['ignore', 'ignore_ament_install']
[0.526s] Level 1:colcon.colcon_core.package_identification:_identify(uros/micro-ROS-Agent) by extension 'ignore'
[0.526s] Level 1:colcon.colcon_core.package_identification:_identify(uros/micro-ROS-Agent) by extension 'ignore_ament_install'
[0.526s] Level 1:colcon.colcon_core.package_identification:_identify(uros/micro-ROS-Agent) by extensions ['colcon_pkg']
[0.526s] Level 1:colcon.colcon_core.package_identification:_identify(uros/micro-ROS-Agent) by extension 'colcon_pkg'
[0.526s] Level 1:colcon.colcon_core.package_identification:_identify(uros/micro-ROS-Agent) by extensions ['colcon_meta']
[0.526s] Level 1:colcon.colcon_core.package_identification:_identify(uros/micro-ROS-Agent) by extension 'colcon_meta'
[0.526s] Level 1:colcon.colcon_core.package_identification:_identify(uros/micro-ROS-Agent) by extensions ['ros']
[0.526s] Level 1:colcon.colcon_core.package_identification:_identify(uros/micro-ROS-Agent) by extension 'ros'
[0.527s] Level 1:colcon.colcon_core.package_identification:_identify(uros/micro-ROS-Agent) by extensions ['cmake', 'python']
[0.527s] Level 1:colcon.colcon_core.package_identification:_identify(uros/micro-ROS-Agent) by extension 'cmake'
[0.527s] Level 1:colcon.colcon_core.package_identification:_identify(uros/micro-ROS-Agent) by extension 'python'
[0.527s] Level 1:colcon.colcon_core.package_identification:_identify(uros/micro-ROS-Agent) by extensions ['python_setup_py']
[0.527s] Level 1:colcon.colcon_core.package_identification:_identify(uros/micro-ROS-Agent) by extension 'python_setup_py'
[0.527s] Level 1:colcon.colcon_core.package_identification:_identify(uros/micro-ROS-Agent/micro_ros_agent) by extensions ['ignore', 'ignore_ament_install']
[0.528s] Level 1:colcon.colcon_core.package_identification:_identify(uros/micro-ROS-Agent/micro_ros_agent) by extension 'ignore'
[0.528s] Level 1:colcon.colcon_core.package_identification:_identify(uros/micro-ROS-Agent/micro_ros_agent) by extension 'ignore_ament_install'
[0.528s] Level 1:colcon.colcon_core.package_identification:_identify(uros/micro-ROS-Agent/micro_ros_agent) by extensions ['colcon_pkg']
[0.528s] Level 1:colcon.colcon_core.package_identification:_identify(uros/micro-ROS-Agent/micro_ros_agent) by extension 'colcon_pkg'
[0.528s] Level 1:colcon.colcon_core.package_identification:_identify(uros/micro-ROS-Agent/micro_ros_agent) by extensions ['colcon_meta']
[0.528s] Level 1:colcon.colcon_core.package_identification:_identify(uros/micro-ROS-Agent/micro_ros_agent) by extension 'colcon_meta'
[0.529s] Level 1:colcon.colcon_core.package_identification:_identify(uros/micro-ROS-Agent/micro_ros_agent) by extensions ['ros']
[0.529s] Level 1:colcon.colcon_core.package_identification:_identify(uros/micro-ROS-Agent/micro_ros_agent) by extension 'ros'
[0.530s] DEBUG:colcon.colcon_core.package_identification:Package 'uros/micro-ROS-Agent/micro_ros_agent' with type 'ros.ament_cmake' and name 'micro_ros_agent'
[0.531s] Level 1:colcon.colcon_core.package_identification:_identify(uros/micro-ROS-Agent/snap) by extensions ['ignore', 'ignore_ament_install']
[0.531s] Level 1:colcon.colcon_core.package_identification:_identify(uros/micro-ROS-Agent/snap) by extension 'ignore'
[0.531s] Level 1:colcon.colcon_core.package_identification:_identify(uros/micro-ROS-Agent/snap) by extension 'ignore_ament_install'
[0.531s] Level 1:colcon.colcon_core.package_identification:_identify(uros/micro-ROS-Agent/snap) by extensions ['colcon_pkg']
[0.531s] Level 1:colcon.colcon_core.package_identification:_identify(uros/micro-ROS-Agent/snap) by extension 'colcon_pkg'
[0.531s] Level 1:colcon.colcon_core.package_identification:_identify(uros/micro-ROS-Agent/snap) by extensions ['colcon_meta']
[0.531s] Level 1:colcon.colcon_core.package_identification:_identify(uros/micro-ROS-Agent/snap) by extension 'colcon_meta'
[0.531s] Level 1:colcon.colcon_core.package_identification:_identify(uros/micro-ROS-Agent/snap) by extensions ['ros']
[0.531s] Level 1:colcon.colcon_core.package_identification:_identify(uros/micro-ROS-Agent/snap) by extension 'ros'
[0.531s] Level 1:colcon.colcon_core.package_identification:_identify(uros/micro-ROS-Agent/snap) by extensions ['cmake', 'python']
[0.531s] Level 1:colcon.colcon_core.package_identification:_identify(uros/micro-ROS-Agent/snap) by extension 'cmake'
[0.531s] Level 1:colcon.colcon_core.package_identification:_identify(uros/micro-ROS-Agent/snap) by extension 'python'
[0.531s] Level 1:colcon.colcon_core.package_identification:_identify(uros/micro-ROS-Agent/snap) by extensions ['python_setup_py']
[0.531s] Level 1:colcon.colcon_core.package_identification:_identify(uros/micro-ROS-Agent/snap) by extension 'python_setup_py'
[0.532s] Level 1:colcon.colcon_core.package_identification:_identify(uros/micro-ROS-Agent/snap/hooks) by extensions ['ignore', 'ignore_ament_install']
[0.532s] Level 1:colcon.colcon_core.package_identification:_identify(uros/micro-ROS-Agent/snap/hooks) by extension 'ignore'
[0.532s] Level 1:colcon.colcon_core.package_identification:_identify(uros/micro-ROS-Agent/snap/hooks) by extension 'ignore_ament_install'
[0.532s] Level 1:colcon.colcon_core.package_identification:_identify(uros/micro-ROS-Agent/snap/hooks) by extensions ['colcon_pkg']
[0.532s] Level 1:colcon.colcon_core.package_identification:_identify(uros/micro-ROS-Agent/snap/hooks) by extension 'colcon_pkg'
[0.532s] Level 1:colcon.colcon_core.package_identification:_identify(uros/micro-ROS-Agent/snap/hooks) by extensions ['colcon_meta']
[0.532s] Level 1:colcon.colcon_core.package_identification:_identify(uros/micro-ROS-Agent/snap/hooks) by extension 'colcon_meta'
[0.532s] Level 1:colcon.colcon_core.package_identification:_identify(uros/micro-ROS-Agent/snap/hooks) by extensions ['ros']
[0.532s] Level 1:colcon.colcon_core.package_identification:_identify(uros/micro-ROS-Agent/snap/hooks) by extension 'ros'
[0.532s] Level 1:colcon.colcon_core.package_identification:_identify(uros/micro-ROS-Agent/snap/hooks) by extensions ['cmake', 'python']
[0.532s] Level 1:colcon.colcon_core.package_identification:_identify(uros/micro-ROS-Agent/snap/hooks) by extension 'cmake'
[0.532s] Level 1:colcon.colcon_core.package_identification:_identify(uros/micro-ROS-Agent/snap/hooks) by extension 'python'
[0.532s] Level 1:colcon.colcon_core.package_identification:_identify(uros/micro-ROS-Agent/snap/hooks) by extensions ['python_setup_py']
[0.532s] Level 1:colcon.colcon_core.package_identification:_identify(uros/micro-ROS-Agent/snap/hooks) by extension 'python_setup_py'
[0.532s] Level 1:colcon.colcon_core.package_identification:_identify(uros/micro-ROS-Agent/snap/local) by extensions ['ignore', 'ignore_ament_install']
[0.533s] Level 1:colcon.colcon_core.package_identification:_identify(uros/micro-ROS-Agent/snap/local) by extension 'ignore'
[0.533s] Level 1:colcon.colcon_core.package_identification:_identify(uros/micro-ROS-Agent/snap/local) by extension 'ignore_ament_install'
[0.533s] Level 1:colcon.colcon_core.package_identification:_identify(uros/micro-ROS-Agent/snap/local) by extensions ['colcon_pkg']
[0.533s] Level 1:colcon.colcon_core.package_identification:_identify(uros/micro-ROS-Agent/snap/local) by extension 'colcon_pkg'
[0.533s] Level 1:colcon.colcon_core.package_identification:_identify(uros/micro-ROS-Agent/snap/local) by extensions ['colcon_meta']
[0.533s] Level 1:colcon.colcon_core.package_identification:_identify(uros/micro-ROS-Agent/snap/local) by extension 'colcon_meta'
[0.533s] Level 1:colcon.colcon_core.package_identification:_identify(uros/micro-ROS-Agent/snap/local) by extensions ['ros']
[0.533s] Level 1:colcon.colcon_core.package_identification:_identify(uros/micro-ROS-Agent/snap/local) by extension 'ros'
[0.533s] Level 1:colcon.colcon_core.package_identification:_identify(uros/micro-ROS-Agent/snap/local) by extensions ['cmake', 'python']
[0.533s] Level 1:colcon.colcon_core.package_identification:_identify(uros/micro-ROS-Agent/snap/local) by extension 'cmake'
[0.533s] Level 1:colcon.colcon_core.package_identification:_identify(uros/micro-ROS-Agent/snap/local) by extension 'python'
[0.533s] Level 1:colcon.colcon_core.package_identification:_identify(uros/micro-ROS-Agent/snap/local) by extensions ['python_setup_py']
[0.533s] Level 1:colcon.colcon_core.package_identification:_identify(uros/micro-ROS-Agent/snap/local) by extension 'python_setup_py'
[0.533s] Level 1:colcon.colcon_core.package_identification:_identify(uros/micro_ros_msgs) by extensions ['ignore', 'ignore_ament_install']
[0.533s] Level 1:colcon.colcon_core.package_identification:_identify(uros/micro_ros_msgs) by extension 'ignore'
[0.533s] Level 1:colcon.colcon_core.package_identification:_identify(uros/micro_ros_msgs) by extension 'ignore_ament_install'
[0.534s] Level 1:colcon.colcon_core.package_identification:_identify(uros/micro_ros_msgs) by extensions ['colcon_pkg']
[0.534s] Level 1:colcon.colcon_core.package_identification:_identify(uros/micro_ros_msgs) by extension 'colcon_pkg'
[0.534s] Level 1:colcon.colcon_core.package_identification:_identify(uros/micro_ros_msgs) by extensions ['colcon_meta']
[0.534s] Level 1:colcon.colcon_core.package_identification:_identify(uros/micro_ros_msgs) by extension 'colcon_meta'
[0.534s] Level 1:colcon.colcon_core.package_identification:_identify(uros/micro_ros_msgs) by extensions ['ros']
[0.534s] Level 1:colcon.colcon_core.package_identification:_identify(uros/micro_ros_msgs) by extension 'ros'
[0.534s] DEBUG:colcon.colcon_core.package_identification:Package 'uros/micro_ros_msgs' with type 'ros.ament_cmake' and name 'micro_ros_msgs'
[0.535s] Level 1:colcon.colcon_core.package_discovery:discover_packages(recursive) using defaults
[0.535s] Level 1:colcon.colcon_core.package_discovery:discover_packages(ignore) discover
[0.535s] Level 1:colcon.colcon_core.package_discovery:discover_packages(ignore) using defaults
[0.535s] Level 1:colcon.colcon_core.package_discovery:discover_packages(path) discover
[0.535s] Level 1:colcon.colcon_core.package_discovery:discover_packages(path) using defaults
[0.583s] INFO:colcon.colcon_core.package_selection:Skipping not selected package 'drive_base_msgs' in 'uros/drive_base/drive_base_msgs'
[0.584s] INFO:colcon.colcon_core.package_selection:Skipping not selected package 'micro_ros_msgs' in 'uros/micro_ros_msgs'
[0.584s] INFO:colcon.colcon_core.package_selection:Skipping not selected package 'mpu9250' in 'mpu9250'
[0.584s] INFO:colcon.colcon_core.package_selection:Skipping not selected package 'sllidar_ros2' in 'sllidar_ros2'
[0.584s] INFO:colcon.colcon_core.package_selection:Skipping not selected package 'micro_ros_agent' in 'uros/micro-ROS-Agent/micro_ros_agent'
[0.584s] INFO:colcon.colcon_core.package_selection:Skipping not selected package 'optical_cane_rpi' in 'optical_cane_rpi'
[0.584s] Level 1:colcon.colcon_core.package_discovery:discover_packages(prefix_path) check parameters
[0.584s] Level 1:colcon.colcon_core.package_discovery:discover_packages(prefix_path) discover
[0.588s] DEBUG:colcon.colcon_installed_package_information.package_discovery:Found 7 installed packages in /home/p/ros2_ws/install
[0.591s] DEBUG:colcon.colcon_installed_package_information.package_discovery:Found 451 installed packages in /opt/ros/jazzy
[0.595s] Level 1:colcon.colcon_core.package_discovery:discover_packages(prefix_path) using defaults
[0.741s] Level 5:colcon.colcon_core.verb:set package 'cpp_package' build argument 'cmake_args' from command line to 'None'
[0.741s] Level 5:colcon.colcon_core.verb:set package 'cpp_package' build argument 'cmake_target' from command line to 'None'
[0.741s] Level 5:colcon.colcon_core.verb:set package 'cpp_package' build argument 'cmake_target_skip_unavailable' from command line to 'False'
[0.741s] Level 5:colcon.colcon_core.verb:set package 'cpp_package' build argument 'cmake_clean_cache' from command line to 'False'
[0.741s] Level 5:colcon.colcon_core.verb:set package 'cpp_package' build argument 'cmake_clean_first' from command line to 'False'
[0.741s] Level 5:colcon.colcon_core.verb:set package 'cpp_package' build argument 'cmake_force_configure' from command line to 'False'
[0.741s] Level 5:colcon.colcon_core.verb:set package 'cpp_package' build argument 'ament_cmake_args' from command line to 'None'
[0.741s] Level 5:colcon.colcon_core.verb:set package 'cpp_package' build argument 'catkin_cmake_args' from command line to 'None'
[0.741s] Level 5:colcon.colcon_core.verb:set package 'cpp_package' build argument 'catkin_skip_building_tests' from command line to 'False'
[0.742s] DEBUG:colcon.colcon_core.verb:Building package 'cpp_package' with the following arguments: {'ament_cmake_args': None, 'build_base': '/home/p/ros2_ws/src/build/cpp_package', 'catkin_cmake_args': None, 'catkin_skip_building_tests': False, 'cmake_args': None, 'cmake_clean_cache': False, 'cmake_clean_first': False, 'cmake_force_configure': False, 'cmake_target': None, 'cmake_target_skip_unavailable': False, 'install_base': '/home/p/ros2_ws/src/install/cpp_package', 'merge_install': False, 'path': '/home/p/ros2_ws/src/cpp_package', 'symlink_install': False, 'test_result_base': None}
[0.742s] INFO:colcon.colcon_core.executor:Executing jobs using 'parallel' executor
[0.743s] DEBUG:colcon.colcon_parallel_executor.executor.parallel:run_until_complete
[0.744s] INFO:colcon.colcon_ros.task.ament_cmake.build:Building ROS package in '/home/p/ros2_ws/src/cpp_package' with build type 'ament_cmake'
[0.744s] INFO:colcon.colcon_cmake.task.cmake.build:Building CMake package in '/home/p/ros2_ws/src/cpp_package'
[0.752s] INFO:colcon.colcon_core.plugin_system:Skipping extension 'colcon_core.shell.bat': Not used on non-Windows systems
[0.753s] INFO:colcon.colcon_core.shell:Skip shell extension 'powershell' for command environment: Not usable outside of PowerShell
[0.753s] DEBUG:colcon.colcon_core.shell:Skip shell extension 'dsv' for command environment
[0.772s] DEBUG:colcon.colcon_core.event_handler.log_command:Invoking command in '/home/p/ros2_ws/src/build/cpp_package': CMAKE_PREFIX_PATH=${CMAKE_PREFIX_PATH}:/home/p/ros2_ws/install/optical_cane_rpi:/home/p/ros2_ws/install/mpu9250:/opt/ros/jazzy DEBUGINFOD_URLS=https://debuginfod.ubuntu.com /usr/bin/cmake --build /home/p/ros2_ws/src/build/cpp_package -- -j4 -l4
[37.751s] DEBUG:colcon.colcon_core.event_handler.log_command:Invoked command in '/home/p/ros2_ws/src/build/cpp_package' returned '0': CMAKE_PREFIX_PATH=${CMAKE_PREFIX_PATH}:/home/p/ros2_ws/install/optical_cane_rpi:/home/p/ros2_ws/install/mpu9250:/opt/ros/jazzy DEBUGINFOD_URLS=https://debuginfod.ubuntu.com /usr/bin/cmake --build /home/p/ros2_ws/src/build/cpp_package -- -j4 -l4
[37.775s] DEBUG:colcon.colcon_core.event_handler.log_command:Invoking command in '/home/p/ros2_ws/src/build/cpp_package': CMAKE_PREFIX_PATH=${CMAKE_PREFIX_PATH}:/home/p/ros2_ws/install/optical_cane_rpi:/home/p/ros2_ws/install/mpu9250:/opt/ros/jazzy DEBUGINFOD_URLS=https://debuginfod.ubuntu.com /usr/bin/cmake --install /home/p/ros2_ws/src/build/cpp_package
[37.833s] Level 1:colcon.colcon_core.environment:create_environment_scripts_only(cpp_package)
[37.838s] DEBUG:colcon.colcon_core.event_handler.log_command:Invoked command in '/home/p/ros2_ws/src/build/cpp_package' returned '0': CMAKE_PREFIX_PATH=${CMAKE_PREFIX_PATH}:/home/p/ros2_ws/install/optical_cane_rpi:/home/p/ros2_ws/install/mpu9250:/opt/ros/jazzy DEBUGINFOD_URLS=https://debuginfod.ubuntu.com /usr/bin/cmake --install /home/p/ros2_ws/src/build/cpp_package
[37.840s] Level 1:colcon.colcon_core.environment:checking '/home/p/ros2_ws/src/install/cpp_package' for CMake module files
[37.841s] Level 1:colcon.colcon_core.environment:checking '/home/p/ros2_ws/src/install/cpp_package' for CMake config files
[37.841s] Level 1:colcon.colcon_core.shell:create_environment_hook('cpp_package', 'cmake_prefix_path')
[37.841s] INFO:colcon.colcon_core.shell:Creating environment hook '/home/p/ros2_ws/src/install/cpp_package/share/cpp_package/hook/cmake_prefix_path.ps1'
[37.843s] INFO:colcon.colcon_core.shell:Creating environment descriptor '/home/p/ros2_ws/src/install/cpp_package/share/cpp_package/hook/cmake_prefix_path.dsv'
[37.843s] INFO:colcon.colcon_core.shell:Creating environment hook '/home/p/ros2_ws/src/install/cpp_package/share/cpp_package/hook/cmake_prefix_path.sh'
[37.850s] Level 1:colcon.colcon_core.environment:checking '/home/p/ros2_ws/src/install/cpp_package/lib'
[37.850s] Level 1:colcon.colcon_core.environment:checking '/home/p/ros2_ws/src/install/cpp_package/bin'
[37.851s] Level 1:colcon.colcon_core.environment:checking '/home/p/ros2_ws/src/install/cpp_package/lib/pkgconfig/cpp_package.pc'
[37.852s] Level 1:colcon.colcon_core.environment:checking '/home/p/ros2_ws/src/install/cpp_package/lib/python3.12/site-packages'
[37.855s] Level 1:colcon.colcon_core.environment:checking '/home/p/ros2_ws/src/install/cpp_package/bin'
[37.857s] INFO:colcon.colcon_core.shell:Creating package script '/home/p/ros2_ws/src/install/cpp_package/share/cpp_package/package.ps1'
[37.860s] INFO:colcon.colcon_core.shell:Creating package descriptor '/home/p/ros2_ws/src/install/cpp_package/share/cpp_package/package.dsv'
[37.862s] INFO:colcon.colcon_core.shell:Creating package script '/home/p/ros2_ws/src/install/cpp_package/share/cpp_package/package.sh'
[37.864s] INFO:colcon.colcon_core.shell:Creating package script '/home/p/ros2_ws/src/install/cpp_package/share/cpp_package/package.bash'
[37.865s] INFO:colcon.colcon_core.shell:Creating package script '/home/p/ros2_ws/src/install/cpp_package/share/cpp_package/package.zsh'
[37.866s] Level 1:colcon.colcon_core.environment:create_file_with_runtime_dependencies(/home/p/ros2_ws/src/install/cpp_package/share/colcon-core/packages/cpp_package)
[37.868s] Level 1:colcon.colcon_core.environment:create_environment_scripts_only(cpp_package)
[37.868s] Level 1:colcon.colcon_core.environment:checking '/home/p/ros2_ws/src/install/cpp_package' for CMake module files
[37.869s] Level 1:colcon.colcon_core.environment:checking '/home/p/ros2_ws/src/install/cpp_package' for CMake config files
[37.869s] Level 1:colcon.colcon_core.shell:create_environment_hook('cpp_package', 'cmake_prefix_path')
[37.870s] INFO:colcon.colcon_core.shell:Creating environment hook '/home/p/ros2_ws/src/install/cpp_package/share/cpp_package/hook/cmake_prefix_path.ps1'
[37.871s] INFO:colcon.colcon_core.shell:Creating environment descriptor '/home/p/ros2_ws/src/install/cpp_package/share/cpp_package/hook/cmake_prefix_path.dsv'
[37.871s] INFO:colcon.colcon_core.shell:Creating environment hook '/home/p/ros2_ws/src/install/cpp_package/share/cpp_package/hook/cmake_prefix_path.sh'
[37.872s] Level 1:colcon.colcon_core.environment:checking '/home/p/ros2_ws/src/install/cpp_package/lib'
[37.873s] Level 1:colcon.colcon_core.environment:checking '/home/p/ros2_ws/src/install/cpp_package/bin'
[37.873s] Level 1:colcon.colcon_core.environment:checking '/home/p/ros2_ws/src/install/cpp_package/lib/pkgconfig/cpp_package.pc'
[37.873s] Level 1:colcon.colcon_core.environment:checking '/home/p/ros2_ws/src/install/cpp_package/lib/python3.12/site-packages'
[37.874s] Level 1:colcon.colcon_core.environment:checking '/home/p/ros2_ws/src/install/cpp_package/bin'
[37.874s] INFO:colcon.colcon_core.shell:Creating package script '/home/p/ros2_ws/src/install/cpp_package/share/cpp_package/package.ps1'
[37.877s] INFO:colcon.colcon_core.shell:Creating package descriptor '/home/p/ros2_ws/src/install/cpp_package/share/cpp_package/package.dsv'
[37.879s] INFO:colcon.colcon_core.shell:Creating package script '/home/p/ros2_ws/src/install/cpp_package/share/cpp_package/package.sh'
[37.880s] INFO:colcon.colcon_core.shell:Creating package script '/home/p/ros2_ws/src/install/cpp_package/share/cpp_package/package.bash'
[37.881s] INFO:colcon.colcon_core.shell:Creating package script '/home/p/ros2_ws/src/install/cpp_package/share/cpp_package/package.zsh'
[37.882s] Level 1:colcon.colcon_core.environment:create_file_with_runtime_dependencies(/home/p/ros2_ws/src/install/cpp_package/share/colcon-core/packages/cpp_package)
[37.883s] DEBUG:colcon.colcon_parallel_executor.executor.parallel:closing loop
[37.884s] DEBUG:colcon.colcon_parallel_executor.executor.parallel:loop closed
[37.884s] DEBUG:colcon.colcon_parallel_executor.executor.parallel:run_until_complete finished with '0'
[37.884s] DEBUG:colcon.colcon_core.event_reactor:joining thread
[37.916s] INFO:colcon.colcon_core.plugin_system:Skipping extension 'colcon_notification.desktop_notification.terminal_notifier': Not used on non-Darwin systems
[37.916s] INFO:colcon.colcon_core.plugin_system:Skipping extension 'colcon_notification.desktop_notification.win32': Not used on non-Windows systems
[37.916s] INFO:colcon.colcon_notification.desktop_notification:Sending desktop notification using 'notify2'
[37.929s] DEBUG:colcon.colcon_core.event_reactor:joined thread
[37.931s] INFO:colcon.colcon_core.shell:Creating prefix script '/home/p/ros2_ws/src/install/local_setup.ps1'
[37.939s] INFO:colcon.colcon_core.shell:Creating prefix util module '/home/p/ros2_ws/src/install/_local_setup_util_ps1.py'
[37.943s] INFO:colcon.colcon_core.shell:Creating prefix chain script '/home/p/ros2_ws/src/install/setup.ps1'
[37.949s] INFO:colcon.colcon_core.shell:Creating prefix script '/home/p/ros2_ws/src/install/local_setup.sh'
[37.950s] INFO:colcon.colcon_core.shell:Creating prefix util module '/home/p/ros2_ws/src/install/_local_setup_util_sh.py'
[37.952s] INFO:colcon.colcon_core.shell:Creating prefix chain script '/home/p/ros2_ws/src/install/setup.sh'
[38.005s] INFO:colcon.colcon_core.shell:Creating prefix script '/home/p/ros2_ws/src/install/local_setup.bash'
[38.006s] INFO:colcon.colcon_core.shell:Creating prefix chain script '/home/p/ros2_ws/src/install/setup.bash'
[38.010s] INFO:colcon.colcon_core.shell:Creating prefix script '/home/p/ros2_ws/src/install/local_setup.zsh'
[38.011s] INFO:colcon.colcon_core.shell:Creating prefix chain script '/home/p/ros2_ws/src/install/setup.zsh'
