-- Found ament_cmake: 2.5.4 (/opt/ros/jazzy/share/ament_cmake/cmake)
-- Found Python3: /usr/bin/python3 (found version "3.12.3") found components: Interpreter 
-- Found rclcpp: 28.1.10 (/opt/ros/jazzy/share/rclcpp/cmake)
-- Found rosidl_generator_c: 4.6.5 (/opt/ros/jazzy/share/rosidl_generator_c/cmake)
-- Found rosidl_generator_cpp: 4.6.5 (/opt/ros/jazzy/share/rosidl_generator_cpp/cmake)
-- Using all available rosidl_typesupport_c: rosidl_typesupport_fastrtps_c;rosidl_typesupport_introspection_c
-- Using all available rosidl_typesupport_cpp: rosidl_typesupport_fastrtps_cpp;rosidl_typesupport_introspection_cpp
-- Found rmw_implementation_cmake: 7.3.2 (/opt/ros/jazzy/share/rmw_implementation_cmake/cmake)
-- Found rmw_fastrtps_cpp: 8.4.2 (/opt/ros/jazzy/share/rmw_fastrtps_cpp/cmake)
-- Using RMW implementation 'rmw_fastrtps_cpp' as default
-- Found sensor_msgs: 5.3.6 (/opt/ros/jazzy/share/sensor_msgs/cmake)
-- Found nav_msgs: 5.3.6 (/opt/ros/jazzy/share/nav_msgs/cmake)
-- Found tf2_ros: 0.36.12 (/opt/ros/jazzy/share/tf2_ros/cmake)
-- Found tf2_geometry_msgs: 0.36.12 (/opt/ros/jazzy/share/tf2_geometry_msgs/cmake)
-- Found eigen3_cmake_module: 0.3.0 (/opt/ros/jazzy/share/eigen3_cmake_module/cmake)
-- Ensuring Eigen3 include directory is part of orocos-kdl CMake target
-- Found tf2_eigen: 0.36.12 (/opt/ros/jazzy/share/tf2_eigen/cmake)
-- Found rosidl_default_generators: 1.6.0 (/opt/ros/jazzy/share/rosidl_default_generators/cmake)
-- Found rosidl_adapter: 4.6.5 (/opt/ros/jazzy/share/rosidl_adapter/cmake)
-- Found pcl_ros: 2.6.2 (/opt/ros/jazzy/share/pcl_ros/cmake)
-- Found flann version 1.9.2
-- OpenNI found (version: 1.5.4.0, include: /usr/include/ni, lib: /usr/lib/libOpenNI.so;libusb::libusb)
-- OpenNI2 found (version: 2.2.0.33, include: /usr/include/openni2, lib: /usr/lib/aarch64-linux-gnu/libOpenNI2.so;libusb::libusb)
-- Could NOT find Pcap (missing: PCAP_LIBRARIES PCAP_INCLUDE_DIRS) 
-- OpenNI found (version: 1.5.4.0, include: /usr/include/ni, lib: /usr/lib/libOpenNI.so;libusb::libusb)
-- OpenNI2 found (version: 2.2.0.33, include: /usr/include/openni2, lib: /usr/lib/aarch64-linux-gnu/libOpenNI2.so;libusb::libusb)
-- Found Qhull version 8.0.2
-- OpenNI found (version: 1.5.4.0, include: /usr/include/ni, lib: /usr/lib/libOpenNI.so;libusb::libusb)
-- Found ament_cmake_ros: 0.12.0 (/opt/ros/jazzy/share/ament_cmake_ros/cmake)
-- Using all available rosidl_typesupport_c: rosidl_typesupport_fastrtps_c;rosidl_typesupport_introspection_c
-- Using all available rosidl_typesupport_cpp: rosidl_typesupport_fastrtps_cpp;rosidl_typesupport_introspection_cpp
-- Found python_cmake_module: 0.11.1 (/opt/ros/jazzy/share/python_cmake_module/cmake)
-- Found Python3: /usr/bin/python3 (found version "3.12.3") found components: Interpreter Development NumPy Development.Module Development.Embed 
-- Configuring done (6.2s)
-- Generating done (0.7s)
-- Build files have been written to: /home/p/ros2_ws/src/build/cpp_package
[  1%] Built target cpp_package__rosidl_generator_type_description
[  1%] Built target ament_cmake_python_copy_cpp_package
[  3%] Built target pointcloud_formatter_node
[  6%] Built target icp_3d_odom_node
[  9%] Built target front_cloud_filter_node
[ 11%] Built target obstacle_detector_node
[ 14%] Built target deskew_node
[ 17%] Built target point_cloud_sweeper_cpp_node
[ 19%] Built target point_cloud_voxel_filter_cpp_node
[ 22%] Built target point_cloud_accumulator_cpp_node
[ 25%] Built target point_cloud_passthrough_filter_cpp_node
[ 27%] Built target point_cloud_statistical_outlier_remover_cpp_node
[ 30%] Built target stable_ground_detector_node
[ 32%] Built target point_count_sweeper_node
[ 34%] Built target cpp_package__cpp
[ 36%] Built target z_variance_sweeper_node
[ 47%] Built target cpp_package__rosidl_generator_c
[ 52%] Built target cpp_package__rosidl_typesupport_cpp
[ 57%] Built target cpp_package__rosidl_typesupport_fastrtps_c
[ 63%] Built target cpp_package__rosidl_typesupport_introspection_c
[ 68%] Built target cpp_package__rosidl_typesupport_fastrtps_cpp
[ 73%] Built target cpp_package__rosidl_typesupport_c
[ 78%] Built target cpp_package__rosidl_typesupport_introspection_cpp
[ 81%] Built target obstacle_evaluator_node
[ 81%] Built target cpp_package
running egg_info
[ 84%] Built target haptic_driver_node
[ 86%] Built target navigation_hint_node
[ 88%] Built target cpp_package__py
writing cpp_package.egg-info/PKG-INFO
writing dependency_links to cpp_package.egg-info/dependency_links.txt
[ 92%] Built target cpp_package__rosidl_generator_py
writing top-level names to cpp_package.egg-info/top_level.txt
[ 94%] Built target cpp_package_s__rosidl_typesupport_introspection_c
[ 97%] Built target cpp_package_s__rosidl_typesupport_c
[100%] Built target cpp_package_s__rosidl_typesupport_fastrtps_c
reading manifest file 'cpp_package.egg-info/SOURCES.txt'
writing manifest file 'cpp_package.egg-info/SOURCES.txt'
[100%] Built target ament_cmake_python_build_cpp_package_egg
-- Install configuration: ""
-- Up-to-date: /home/p/ros2_ws/src/install/cpp_package/share/ament_index/resource_index/rosidl_interfaces/cpp_package
-- Up-to-date: /home/p/ros2_ws/src/install/cpp_package/share/cpp_package/msg/ObstacleFeedback.json
-- Up-to-date: /home/p/ros2_ws/src/install/cpp_package/share/cpp_package/msg/NavHint.json
-- Up-to-date: /home/p/ros2_ws/src/install/cpp_package/include/cpp_package/cpp_package
-- Up-to-date: /home/p/ros2_ws/src/install/cpp_package/include/cpp_package/cpp_package/msg
-- Up-to-date: /home/p/ros2_ws/src/install/cpp_package/include/cpp_package/cpp_package/msg/rosidl_generator_c__visibility_control.h
-- Up-to-date: /home/p/ros2_ws/src/install/cpp_package/include/cpp_package/cpp_package/msg/detail
-- Up-to-date: /home/p/ros2_ws/src/install/cpp_package/include/cpp_package/cpp_package/msg/detail/nav_hint__description.c
-- Installing: /home/p/ros2_ws/src/install/cpp_package/include/cpp_package/cpp_package/msg/detail/nav_hint__type_support.c
-- Up-to-date: /home/p/ros2_ws/src/install/cpp_package/include/cpp_package/cpp_package/msg/detail/nav_hint__struct.h
-- Up-to-date: /home/p/ros2_ws/src/install/cpp_package/include/cpp_package/cpp_package/msg/detail/nav_hint__functions.h
-- Up-to-date: /home/p/ros2_ws/src/install/cpp_package/include/cpp_package/cpp_package/msg/detail/nav_hint__functions.c
-- Up-to-date: /home/p/ros2_ws/src/install/cpp_package/include/cpp_package/cpp_package/msg/detail/nav_hint__type_support.h
-- Up-to-date: /home/p/ros2_ws/src/install/cpp_package/include/cpp_package/cpp_package/msg/detail/obstacle_feedback__type_support.h
-- Up-to-date: /home/p/ros2_ws/src/install/cpp_package/include/cpp_package/cpp_package/msg/detail/obstacle_feedback__struct.h
-- Installing: /home/p/ros2_ws/src/install/cpp_package/include/cpp_package/cpp_package/msg/detail/obstacle_feedback__type_support.c
-- Up-to-date: /home/p/ros2_ws/src/install/cpp_package/include/cpp_package/cpp_package/msg/detail/obstacle_feedback__description.c
-- Up-to-date: /home/p/ros2_ws/src/install/cpp_package/include/cpp_package/cpp_package/msg/detail/obstacle_feedback__functions.c
-- Up-to-date: /home/p/ros2_ws/src/install/cpp_package/include/cpp_package/cpp_package/msg/detail/obstacle_feedback__functions.h
-- Up-to-date: /home/p/ros2_ws/src/install/cpp_package/include/cpp_package/cpp_package/msg/obstacle_feedback.h
-- Up-to-date: /home/p/ros2_ws/src/install/cpp_package/include/cpp_package/cpp_package/msg/nav_hint.h
-- Up-to-date: /home/p/ros2_ws/src/install/cpp_package/share/cpp_package/environment/library_path.sh
-- Up-to-date: /home/p/ros2_ws/src/install/cpp_package/share/cpp_package/environment/library_path.dsv
-- Up-to-date: /home/p/ros2_ws/src/install/cpp_package/lib/libcpp_package__rosidl_generator_c.so
-- Up-to-date: /home/p/ros2_ws/src/install/cpp_package/include/cpp_package/cpp_package
-- Up-to-date: /home/p/ros2_ws/src/install/cpp_package/include/cpp_package/cpp_package/msg
-- Up-to-date: /home/p/ros2_ws/src/install/cpp_package/include/cpp_package/cpp_package/msg/rosidl_typesupport_fastrtps_c__visibility_control.h
-- Up-to-date: /home/p/ros2_ws/src/install/cpp_package/include/cpp_package/cpp_package/msg/detail
-- Up-to-date: /home/p/ros2_ws/src/install/cpp_package/include/cpp_package/cpp_package/msg/detail/nav_hint__rosidl_typesupport_fastrtps_c.h
-- Up-to-date: /home/p/ros2_ws/src/install/cpp_package/include/cpp_package/cpp_package/msg/detail/obstacle_feedback__rosidl_typesupport_fastrtps_c.h
-- Up-to-date: /home/p/ros2_ws/src/install/cpp_package/lib/libcpp_package__rosidl_typesupport_fastrtps_c.so
-- Up-to-date: /home/p/ros2_ws/src/install/cpp_package/include/cpp_package/cpp_package
-- Up-to-date: /home/p/ros2_ws/src/install/cpp_package/include/cpp_package/cpp_package/msg
-- Up-to-date: /home/p/ros2_ws/src/install/cpp_package/include/cpp_package/cpp_package/msg/obstacle_feedback.hpp
-- Up-to-date: /home/p/ros2_ws/src/install/cpp_package/include/cpp_package/cpp_package/msg/nav_hint.hpp
-- Up-to-date: /home/p/ros2_ws/src/install/cpp_package/include/cpp_package/cpp_package/msg/detail
-- Up-to-date: /home/p/ros2_ws/src/install/cpp_package/include/cpp_package/cpp_package/msg/detail/obstacle_feedback__traits.hpp
-- Up-to-date: /home/p/ros2_ws/src/install/cpp_package/include/cpp_package/cpp_package/msg/detail/nav_hint__traits.hpp
-- Up-to-date: /home/p/ros2_ws/src/install/cpp_package/include/cpp_package/cpp_package/msg/detail/obstacle_feedback__type_support.hpp
-- Up-to-date: /home/p/ros2_ws/src/install/cpp_package/include/cpp_package/cpp_package/msg/detail/nav_hint__builder.hpp
-- Up-to-date: /home/p/ros2_ws/src/install/cpp_package/include/cpp_package/cpp_package/msg/detail/obstacle_feedback__struct.hpp
-- Up-to-date: /home/p/ros2_ws/src/install/cpp_package/include/cpp_package/cpp_package/msg/detail/obstacle_feedback__builder.hpp
-- Up-to-date: /home/p/ros2_ws/src/install/cpp_package/include/cpp_package/cpp_package/msg/detail/nav_hint__struct.hpp
-- Up-to-date: /home/p/ros2_ws/src/install/cpp_package/include/cpp_package/cpp_package/msg/detail/nav_hint__type_support.hpp
-- Up-to-date: /home/p/ros2_ws/src/install/cpp_package/include/cpp_package/cpp_package/msg/rosidl_generator_cpp__visibility_control.hpp
-- Up-to-date: /home/p/ros2_ws/src/install/cpp_package/include/cpp_package/cpp_package
-- Up-to-date: /home/p/ros2_ws/src/install/cpp_package/include/cpp_package/cpp_package/msg
-- Up-to-date: /home/p/ros2_ws/src/install/cpp_package/include/cpp_package/cpp_package/msg/detail
-- Up-to-date: /home/p/ros2_ws/src/install/cpp_package/include/cpp_package/cpp_package/msg/detail/dds_fastrtps
-- Up-to-date: /home/p/ros2_ws/src/install/cpp_package/include/cpp_package/cpp_package/msg/detail/obstacle_feedback__rosidl_typesupport_fastrtps_cpp.hpp
-- Up-to-date: /home/p/ros2_ws/src/install/cpp_package/include/cpp_package/cpp_package/msg/detail/nav_hint__rosidl_typesupport_fastrtps_cpp.hpp
-- Up-to-date: /home/p/ros2_ws/src/install/cpp_package/include/cpp_package/cpp_package/msg/rosidl_typesupport_fastrtps_cpp__visibility_control.h
-- Up-to-date: /home/p/ros2_ws/src/install/cpp_package/lib/libcpp_package__rosidl_typesupport_fastrtps_cpp.so
-- Up-to-date: /home/p/ros2_ws/src/install/cpp_package/include/cpp_package/cpp_package
-- Up-to-date: /home/p/ros2_ws/src/install/cpp_package/include/cpp_package/cpp_package/msg
-- Up-to-date: /home/p/ros2_ws/src/install/cpp_package/include/cpp_package/cpp_package/msg/detail
-- Up-to-date: /home/p/ros2_ws/src/install/cpp_package/include/cpp_package/cpp_package/msg/detail/nav_hint__rosidl_typesupport_introspection_c.h
-- Installing: /home/p/ros2_ws/src/install/cpp_package/include/cpp_package/cpp_package/msg/detail/nav_hint__type_support.c
-- Up-to-date: /home/p/ros2_ws/src/install/cpp_package/include/cpp_package/cpp_package/msg/detail/obstacle_feedback__rosidl_typesupport_introspection_c.h
-- Installing: /home/p/ros2_ws/src/install/cpp_package/include/cpp_package/cpp_package/msg/detail/obstacle_feedback__type_support.c
-- Up-to-date: /home/p/ros2_ws/src/install/cpp_package/include/cpp_package/cpp_package/msg/rosidl_typesupport_introspection_c__visibility_control.h
-- Up-to-date: /home/p/ros2_ws/src/install/cpp_package/lib/libcpp_package__rosidl_typesupport_introspection_c.so
-- Up-to-date: /home/p/ros2_ws/src/install/cpp_package/lib/libcpp_package__rosidl_typesupport_c.so
-- Up-to-date: /home/p/ros2_ws/src/install/cpp_package/include/cpp_package/cpp_package
-- Up-to-date: /home/p/ros2_ws/src/install/cpp_package/include/cpp_package/cpp_package/msg
-- Up-to-date: /home/p/ros2_ws/src/install/cpp_package/include/cpp_package/cpp_package/msg/detail
-- Up-to-date: /home/p/ros2_ws/src/install/cpp_package/include/cpp_package/cpp_package/msg/detail/nav_hint__type_support.cpp
-- Up-to-date: /home/p/ros2_ws/src/install/cpp_package/include/cpp_package/cpp_package/msg/detail/obstacle_feedback__type_support.cpp
-- Up-to-date: /home/p/ros2_ws/src/install/cpp_package/include/cpp_package/cpp_package/msg/detail/obstacle_feedback__rosidl_typesupport_introspection_cpp.hpp
-- Up-to-date: /home/p/ros2_ws/src/install/cpp_package/include/cpp_package/cpp_package/msg/detail/nav_hint__rosidl_typesupport_introspection_cpp.hpp
-- Up-to-date: /home/p/ros2_ws/src/install/cpp_package/lib/libcpp_package__rosidl_typesupport_introspection_cpp.so
-- Up-to-date: /home/p/ros2_ws/src/install/cpp_package/lib/libcpp_package__rosidl_typesupport_cpp.so
-- Up-to-date: /home/p/ros2_ws/src/install/cpp_package/share/cpp_package/environment/pythonpath.sh
-- Up-to-date: /home/p/ros2_ws/src/install/cpp_package/share/cpp_package/environment/pythonpath.dsv
-- Up-to-date: /home/p/ros2_ws/src/install/cpp_package/lib/python3.12/site-packages/cpp_package-0.0.1-py3.12.egg-info
-- Installing: /home/p/ros2_ws/src/install/cpp_package/lib/python3.12/site-packages/cpp_package-0.0.1-py3.12.egg-info/dependency_links.txt
-- Installing: /home/p/ros2_ws/src/install/cpp_package/lib/python3.12/site-packages/cpp_package-0.0.1-py3.12.egg-info/PKG-INFO
-- Installing: /home/p/ros2_ws/src/install/cpp_package/lib/python3.12/site-packages/cpp_package-0.0.1-py3.12.egg-info/top_level.txt
-- Installing: /home/p/ros2_ws/src/install/cpp_package/lib/python3.12/site-packages/cpp_package-0.0.1-py3.12.egg-info/SOURCES.txt
-- Up-to-date: /home/p/ros2_ws/src/install/cpp_package/lib/python3.12/site-packages/cpp_package
-- Up-to-date: /home/p/ros2_ws/src/install/cpp_package/lib/python3.12/site-packages/cpp_package/cpp_package_s__rosidl_typesupport_introspection_c.so
-- Up-to-date: /home/p/ros2_ws/src/install/cpp_package/lib/python3.12/site-packages/cpp_package/_cpp_package_s.ep.rosidl_typesupport_fastrtps_c.c
-- Installing: /home/p/ros2_ws/src/install/cpp_package/lib/python3.12/site-packages/cpp_package/__init__.py
-- Up-to-date: /home/p/ros2_ws/src/install/cpp_package/lib/python3.12/site-packages/cpp_package/cpp_package_s__rosidl_typesupport_c.so
-- Up-to-date: /home/p/ros2_ws/src/install/cpp_package/lib/python3.12/site-packages/cpp_package/msg
-- Up-to-date: /home/p/ros2_ws/src/install/cpp_package/lib/python3.12/site-packages/cpp_package/msg/_nav_hint.py
-- Up-to-date: /home/p/ros2_ws/src/install/cpp_package/lib/python3.12/site-packages/cpp_package/msg/_obstacle_feedback_s.c
-- Up-to-date: /home/p/ros2_ws/src/install/cpp_package/lib/python3.12/site-packages/cpp_package/msg/_nav_hint_s.c
-- Up-to-date: /home/p/ros2_ws/src/install/cpp_package/lib/python3.12/site-packages/cpp_package/msg/__init__.py
-- Up-to-date: /home/p/ros2_ws/src/install/cpp_package/lib/python3.12/site-packages/cpp_package/msg/_obstacle_feedback.py
-- Up-to-date: /home/p/ros2_ws/src/install/cpp_package/lib/python3.12/site-packages/cpp_package/_cpp_package_s.ep.rosidl_typesupport_c.c
-- Up-to-date: /home/p/ros2_ws/src/install/cpp_package/lib/python3.12/site-packages/cpp_package/cpp_package_s__rosidl_typesupport_fastrtps_c.so
-- Up-to-date: /home/p/ros2_ws/src/install/cpp_package/lib/python3.12/site-packages/cpp_package/_cpp_package_s.ep.rosidl_typesupport_introspection_c.c
Listing '/home/p/ros2_ws/src/install/cpp_package/lib/python3.12/site-packages/cpp_package'...
Compiling '/home/p/ros2_ws/src/install/cpp_package/lib/python3.12/site-packages/cpp_package/__init__.py'...
Listing '/home/p/ros2_ws/src/install/cpp_package/lib/python3.12/site-packages/cpp_package/msg'...
-- Up-to-date: /home/p/ros2_ws/src/install/cpp_package/lib/python3.12/site-packages/cpp_package/cpp_package_s__rosidl_typesupport_fastrtps_c.so
-- Up-to-date: /home/p/ros2_ws/src/install/cpp_package/lib/python3.12/site-packages/cpp_package/cpp_package_s__rosidl_typesupport_introspection_c.so
-- Up-to-date: /home/p/ros2_ws/src/install/cpp_package/lib/python3.12/site-packages/cpp_package/cpp_package_s__rosidl_typesupport_c.so
-- Up-to-date: /home/p/ros2_ws/src/install/cpp_package/lib/libcpp_package__rosidl_generator_py.so
-- Up-to-date: /home/p/ros2_ws/src/install/cpp_package/share/cpp_package/msg/ObstacleFeedback.idl
-- Up-to-date: /home/p/ros2_ws/src/install/cpp_package/share/cpp_package/msg/NavHint.idl
-- Up-to-date: /home/p/ros2_ws/src/install/cpp_package/share/cpp_package/msg/ObstacleFeedback.msg
-- Up-to-date: /home/p/ros2_ws/src/install/cpp_package/share/cpp_package/msg/NavHint.msg
-- Up-to-date: /home/p/ros2_ws/src/install/cpp_package/lib/cpp_package/icp_3d_odom_node
-- Up-to-date: /home/p/ros2_ws/src/install/cpp_package/lib/cpp_package/pointcloud_formatter_node
-- Up-to-date: /home/p/ros2_ws/src/install/cpp_package/lib/cpp_package/front_cloud_filter_node
-- Up-to-date: /home/p/ros2_ws/src/install/cpp_package/lib/cpp_package/obstacle_evaluator_node
-- Up-to-date: /home/p/ros2_ws/src/install/cpp_package/lib/cpp_package/navigation_hint_node
-- Up-to-date: /home/p/ros2_ws/src/install/cpp_package/lib/cpp_package/haptic_driver_node
-- Up-to-date: /home/p/ros2_ws/src/install/cpp_package/lib/cpp_package/deskew_node
-- Up-to-date: /home/p/ros2_ws/src/install/cpp_package/lib/cpp_package/obstacle_detector_node
-- Up-to-date: /home/p/ros2_ws/src/install/cpp_package/lib/cpp_package/point_cloud_sweeper_cpp_node
-- Up-to-date: /home/p/ros2_ws/src/install/cpp_package/lib/cpp_package/point_cloud_accumulator_cpp_node
-- Up-to-date: /home/p/ros2_ws/src/install/cpp_package/lib/cpp_package/point_cloud_voxel_filter_cpp_node
-- Up-to-date: /home/p/ros2_ws/src/install/cpp_package/lib/cpp_package/point_cloud_passthrough_filter_cpp_node
-- Up-to-date: /home/p/ros2_ws/src/install/cpp_package/lib/cpp_package/point_cloud_statistical_outlier_remover_cpp_node
-- Up-to-date: /home/p/ros2_ws/src/install/cpp_package/lib/cpp_package/point_count_sweeper_node
-- Up-to-date: /home/p/ros2_ws/src/install/cpp_package/lib/cpp_package/z_variance_sweeper_node
-- Up-to-date: /home/p/ros2_ws/src/install/cpp_package/lib/cpp_package/stable_ground_detector_node
-- Up-to-date: /home/p/ros2_ws/src/install/cpp_package/share/cpp_package/launch
-- Up-to-date: /home/p/ros2_ws/src/install/cpp_package/share/cpp_package/launch/icp_odom.launch.py
-- Up-to-date: /home/p/ros2_ws/src/install/cpp_package/share/cpp_package/launch/assistive_nav.launch.py
-- Up-to-date: /home/p/ros2_ws/src/install/cpp_package/share/cpp_package/launch/front_cloud_filter.launch.py
-- Installing: /home/p/ros2_ws/src/install/cpp_package/share/ament_index/resource_index/package_run_dependencies/cpp_package
-- Up-to-date: /home/p/ros2_ws/src/install/cpp_package/share/ament_index/resource_index/parent_prefix_path/cpp_package
-- Up-to-date: /home/p/ros2_ws/src/install/cpp_package/share/cpp_package/environment/ament_prefix_path.sh
-- Up-to-date: /home/p/ros2_ws/src/install/cpp_package/share/cpp_package/environment/ament_prefix_path.dsv
-- Up-to-date: /home/p/ros2_ws/src/install/cpp_package/share/cpp_package/environment/path.sh
-- Up-to-date: /home/p/ros2_ws/src/install/cpp_package/share/cpp_package/environment/path.dsv
-- Up-to-date: /home/p/ros2_ws/src/install/cpp_package/share/cpp_package/local_setup.bash
-- Up-to-date: /home/p/ros2_ws/src/install/cpp_package/share/cpp_package/local_setup.sh
-- Up-to-date: /home/p/ros2_ws/src/install/cpp_package/share/cpp_package/local_setup.zsh
-- Up-to-date: /home/p/ros2_ws/src/install/cpp_package/share/cpp_package/local_setup.dsv
-- Installing: /home/p/ros2_ws/src/install/cpp_package/share/cpp_package/package.dsv
-- Up-to-date: /home/p/ros2_ws/src/install/cpp_package/share/ament_index/resource_index/packages/cpp_package
-- Up-to-date: /home/p/ros2_ws/src/install/cpp_package/share/cpp_package/cmake/export_cpp_package__rosidl_generator_cExport.cmake
-- Up-to-date: /home/p/ros2_ws/src/install/cpp_package/share/cpp_package/cmake/export_cpp_package__rosidl_generator_cExport-noconfig.cmake
-- Up-to-date: /home/p/ros2_ws/src/install/cpp_package/share/cpp_package/cmake/export_cpp_package__rosidl_typesupport_fastrtps_cExport.cmake
-- Up-to-date: /home/p/ros2_ws/src/install/cpp_package/share/cpp_package/cmake/export_cpp_package__rosidl_typesupport_fastrtps_cExport-noconfig.cmake
-- Up-to-date: /home/p/ros2_ws/src/install/cpp_package/share/cpp_package/cmake/export_cpp_package__rosidl_generator_cppExport.cmake
-- Up-to-date: /home/p/ros2_ws/src/install/cpp_package/share/cpp_package/cmake/export_cpp_package__rosidl_typesupport_fastrtps_cppExport.cmake
-- Up-to-date: /home/p/ros2_ws/src/install/cpp_package/share/cpp_package/cmake/export_cpp_package__rosidl_typesupport_fastrtps_cppExport-noconfig.cmake
-- Up-to-date: /home/p/ros2_ws/src/install/cpp_package/share/cpp_package/cmake/cpp_package__rosidl_typesupport_introspection_cExport.cmake
-- Up-to-date: /home/p/ros2_ws/src/install/cpp_package/share/cpp_package/cmake/cpp_package__rosidl_typesupport_introspection_cExport-noconfig.cmake
-- Up-to-date: /home/p/ros2_ws/src/install/cpp_package/share/cpp_package/cmake/cpp_package__rosidl_typesupport_cExport.cmake
-- Up-to-date: /home/p/ros2_ws/src/install/cpp_package/share/cpp_package/cmake/cpp_package__rosidl_typesupport_cExport-noconfig.cmake
-- Up-to-date: /home/p/ros2_ws/src/install/cpp_package/share/cpp_package/cmake/cpp_package__rosidl_typesupport_introspection_cppExport.cmake
-- Up-to-date: /home/p/ros2_ws/src/install/cpp_package/share/cpp_package/cmake/cpp_package__rosidl_typesupport_introspection_cppExport-noconfig.cmake
-- Up-to-date: /home/p/ros2_ws/src/install/cpp_package/share/cpp_package/cmake/cpp_package__rosidl_typesupport_cppExport.cmake
-- Up-to-date: /home/p/ros2_ws/src/install/cpp_package/share/cpp_package/cmake/cpp_package__rosidl_typesupport_cppExport-noconfig.cmake
-- Up-to-date: /home/p/ros2_ws/src/install/cpp_package/share/cpp_package/cmake/export_cpp_package__rosidl_generator_pyExport.cmake
-- Up-to-date: /home/p/ros2_ws/src/install/cpp_package/share/cpp_package/cmake/export_cpp_package__rosidl_generator_pyExport-noconfig.cmake
-- Up-to-date: /home/p/ros2_ws/src/install/cpp_package/share/cpp_package/cmake/rosidl_cmake-extras.cmake
-- Up-to-date: /home/p/ros2_ws/src/install/cpp_package/share/cpp_package/cmake/ament_cmake_export_dependencies-extras.cmake
-- Up-to-date: /home/p/ros2_ws/src/install/cpp_package/share/cpp_package/cmake/ament_cmake_export_include_directories-extras.cmake
-- Up-to-date: /home/p/ros2_ws/src/install/cpp_package/share/cpp_package/cmake/ament_cmake_export_libraries-extras.cmake
-- Up-to-date: /home/p/ros2_ws/src/install/cpp_package/share/cpp_package/cmake/ament_cmake_export_targets-extras.cmake
-- Up-to-date: /home/p/ros2_ws/src/install/cpp_package/share/cpp_package/cmake/rosidl_cmake_export_typesupport_targets-extras.cmake
-- Up-to-date: /home/p/ros2_ws/src/install/cpp_package/share/cpp_package/cmake/rosidl_cmake_export_typesupport_libraries-extras.cmake
-- Up-to-date: /home/p/ros2_ws/src/install/cpp_package/share/cpp_package/cmake/cpp_packageConfig.cmake
-- Up-to-date: /home/p/ros2_ws/src/install/cpp_package/share/cpp_package/cmake/cpp_packageConfig-version.cmake
-- Installing: /home/p/ros2_ws/src/install/cpp_package/share/cpp_package/package.xml
