running egg_info
writing ../build/optical_cane_rpi/optical_cane_rpi.egg-info/PKG-INFO
writing dependency_links to ../build/optical_cane_rpi/optical_cane_rpi.egg-info/dependency_links.txt
writing entry points to ../build/optical_cane_rpi/optical_cane_rpi.egg-info/entry_points.txt
writing requirements to ../build/optical_cane_rpi/optical_cane_rpi.egg-info/requires.txt
writing top-level names to ../build/optical_cane_rpi/optical_cane_rpi.egg-info/top_level.txt
reading manifest file '../build/optical_cane_rpi/optical_cane_rpi.egg-info/SOURCES.txt'
writing manifest file '../build/optical_cane_rpi/optical_cane_rpi.egg-info/SOURCES.txt'
running build
running build_py
copying optical_cane_rpi/serial_publisher.py -> /home/p/ros2_ws/src/build/optical_cane_rpi/build/lib/optical_cane_rpi
running install
running install_lib
copying /home/p/ros2_ws/src/build/optical_cane_rpi/build/lib/optical_cane_rpi/serial_publisher.py -> /home/p/ros2_ws/src/install/optical_cane_rpi/lib/python3.12/site-packages/optical_cane_rpi
byte-compiling /home/p/ros2_ws/src/install/optical_cane_rpi/lib/python3.12/site-packages/optical_cane_rpi/serial_publisher.py to serial_publisher.cpython-312.pyc
running install_data
copying package.xml -> /home/p/ros2_ws/src/install/optical_cane_rpi/share/optical_cane_rpi
running install_egg_info
removing '/home/p/ros2_ws/src/install/optical_cane_rpi/lib/python3.12/site-packages/optical_cane_rpi-0.0.0-py3.12.egg-info' (and everything under it)
Copying ../build/optical_cane_rpi/optical_cane_rpi.egg-info to /home/p/ros2_ws/src/install/optical_cane_rpi/lib/python3.12/site-packages/optical_cane_rpi-0.0.0-py3.12.egg-info
running install_scripts
Installing feedback_generator script to /home/p/ros2_ws/src/install/optical_cane_rpi/lib/optical_cane_rpi
Installing imu_subscriber script to /home/p/ros2_ws/src/install/optical_cane_rpi/lib/optical_cane_rpi
Installing lidar_subscriber script to /home/p/ros2_ws/src/install/optical_cane_rpi/lib/optical_cane_rpi
Installing obstacle_segmenter script to /home/p/ros2_ws/src/install/optical_cane_rpi/lib/optical_cane_rpi
Installing optical_cane_rpi script to /home/p/ros2_ws/src/install/optical_cane_rpi/lib/optical_cane_rpi
Installing pointcloud_generator script to /home/p/ros2_ws/src/install/optical_cane_rpi/lib/optical_cane_rpi
Installing serial_publisher script to /home/p/ros2_ws/src/install/optical_cane_rpi/lib/optical_cane_rpi
writing list of installed files to '/home/p/ros2_ws/src/build/optical_cane_rpi/install.log'
