/home/p/ros2_ws/src/install/mpu9250/lib/python3.12/site-packages/mpu9250/mpu9250_calibration.py
/home/p/ros2_ws/src/install/mpu9250/lib/python3.12/site-packages/mpu9250/mpu9250_filtered_kalman.py
/home/p/ros2_ws/src/install/mpu9250/lib/python3.12/site-packages/mpu9250/mpu9250_filtered_madgwick.py
/home/p/ros2_ws/src/install/mpu9250/lib/python3.12/site-packages/mpu9250/mpu9250_filtered.py
/home/p/ros2_ws/src/install/mpu9250/lib/python3.12/site-packages/mpu9250/__init__.py
/home/p/ros2_ws/src/install/mpu9250/lib/python3.12/site-packages/mpu9250/mpu9250.py
/home/p/ros2_ws/src/install/mpu9250/lib/python3.12/site-packages/mpu9250/imusensor/__init__.py
/home/p/ros2_ws/src/install/mpu9250/lib/python3.12/site-packages/mpu9250/imusensor/filters/kalman.py
/home/p/ros2_ws/src/install/mpu9250/lib/python3.12/site-packages/mpu9250/imusensor/filters/madgwick.py
/home/p/ros2_ws/src/install/mpu9250/lib/python3.12/site-packages/mpu9250/imusensor/filters/__init__.py
/home/p/ros2_ws/src/install/mpu9250/lib/python3.12/site-packages/mpu9250/imusensor/filters/complimentary.py
/home/p/ros2_ws/src/install/mpu9250/lib/python3.12/site-packages/mpu9250/imusensor/MPU9250/MPU9250.py
/home/p/ros2_ws/src/install/mpu9250/lib/python3.12/site-packages/mpu9250/imusensor/MPU9250/__init__.py
/home/p/ros2_ws/src/install/mpu9250/lib/python3.12/site-packages/mpu9250/imusensor/MPU9250/config.py
/home/p/ros2_ws/src/install/mpu9250/lib/python3.12/site-packages/mpu9250/__pycache__/mpu9250_calibration.cpython-312.pyc
/home/p/ros2_ws/src/install/mpu9250/lib/python3.12/site-packages/mpu9250/__pycache__/mpu9250_filtered_kalman.cpython-312.pyc
/home/p/ros2_ws/src/install/mpu9250/lib/python3.12/site-packages/mpu9250/__pycache__/mpu9250_filtered_madgwick.cpython-312.pyc
/home/p/ros2_ws/src/install/mpu9250/lib/python3.12/site-packages/mpu9250/__pycache__/mpu9250_filtered.cpython-312.pyc
/home/p/ros2_ws/src/install/mpu9250/lib/python3.12/site-packages/mpu9250/__pycache__/__init__.cpython-312.pyc
/home/p/ros2_ws/src/install/mpu9250/lib/python3.12/site-packages/mpu9250/__pycache__/mpu9250.cpython-312.pyc
/home/p/ros2_ws/src/install/mpu9250/lib/python3.12/site-packages/mpu9250/imusensor/__pycache__/__init__.cpython-312.pyc
/home/p/ros2_ws/src/install/mpu9250/lib/python3.12/site-packages/mpu9250/imusensor/filters/__pycache__/kalman.cpython-312.pyc
/home/p/ros2_ws/src/install/mpu9250/lib/python3.12/site-packages/mpu9250/imusensor/filters/__pycache__/madgwick.cpython-312.pyc
/home/p/ros2_ws/src/install/mpu9250/lib/python3.12/site-packages/mpu9250/imusensor/filters/__pycache__/__init__.cpython-312.pyc
/home/p/ros2_ws/src/install/mpu9250/lib/python3.12/site-packages/mpu9250/imusensor/filters/__pycache__/complimentary.cpython-312.pyc
/home/p/ros2_ws/src/install/mpu9250/lib/python3.12/site-packages/mpu9250/imusensor/MPU9250/__pycache__/MPU9250.cpython-312.pyc
/home/p/ros2_ws/src/install/mpu9250/lib/python3.12/site-packages/mpu9250/imusensor/MPU9250/__pycache__/__init__.cpython-312.pyc
/home/p/ros2_ws/src/install/mpu9250/lib/python3.12/site-packages/mpu9250/imusensor/MPU9250/__pycache__/config.cpython-312.pyc
/home/p/ros2_ws/src/install/mpu9250/share/ament_index/resource_index/packages/mpu9250
/home/p/ros2_ws/src/install/mpu9250/share/mpu9250/package.xml
/home/p/ros2_ws/src/install/mpu9250/share/mpu9250/launch/mpu9250.launch.py
/home/p/ros2_ws/src/install/mpu9250/lib/python3.12/site-packages/mpu9250-0.0.1-py3.12.egg-info/dependency_links.txt
/home/p/ros2_ws/src/install/mpu9250/lib/python3.12/site-packages/mpu9250-0.0.1-py3.12.egg-info/PKG-INFO
/home/p/ros2_ws/src/install/mpu9250/lib/python3.12/site-packages/mpu9250-0.0.1-py3.12.egg-info/entry_points.txt
/home/p/ros2_ws/src/install/mpu9250/lib/python3.12/site-packages/mpu9250-0.0.1-py3.12.egg-info/requires.txt
/home/p/ros2_ws/src/install/mpu9250/lib/python3.12/site-packages/mpu9250-0.0.1-py3.12.egg-info/top_level.txt
/home/p/ros2_ws/src/install/mpu9250/lib/python3.12/site-packages/mpu9250-0.0.1-py3.12.egg-info/zip-safe
/home/p/ros2_ws/src/install/mpu9250/lib/python3.12/site-packages/mpu9250-0.0.1-py3.12.egg-info/SOURCES.txt
/home/p/ros2_ws/src/install/mpu9250/lib/mpu9250/mpu9250
/home/p/ros2_ws/src/install/mpu9250/lib/mpu9250/mpu9250_filtered
