[0.171s] DEBUG:colcon:Command line arguments: ['/usr/bin/colcon', 'build', '--packages-select', 'optical_cane_rpi']
[0.171s] DEBUG:colcon:Parsed command line arguments: Namespace(log_base=None, log_level=None, verb_name='build', build_base='build', install_base='install', merge_install=False, symlink_install=False, test_result_base=None, continue_on_error=False, executor='parallel', parallel_workers=4, event_handlers=None, ignore_user_meta=False, metas=['./colcon.meta'], base_paths=['.'], packages_ignore=None, packages_ignore_regex=None, paths=None, packages_up_to=None, packages_up_to_regex=None, packages_above=None, packages_above_and_dependencies=None, packages_above_depth=None, packages_select_by_dep=None, packages_skip_by_dep=None, packages_skip_up_to=None, packages_select_build_failed=False, packages_skip_build_finished=False, packages_select_test_failures=False, packages_skip_test_passed=False, packages_select=['optical_cane_rpi'], packages_skip=None, packages_select_regex=None, packages_skip_regex=None, packages_start=None, packages_end=None, allow_overriding=[], cmake_args=None, cmake_target=None, cmake_target_skip_unavailable=False, cmake_clean_cache=False, cmake_clean_first=False, cmake_force_configure=False, ament_cmake_args=None, catkin_cmake_args=None, catkin_skip_building_tests=False, mixin_files=None, mixin=None, verb_parser=<colcon_mixin.mixin.mixin_argument.MixinArgumentDecorator object at 0xffffb60551f0>, verb_extension=<colcon_core.verb.build.BuildVerb object at 0xffffb62360f0>, main=<bound method BuildVerb.main of <colcon_core.verb.build.BuildVerb object at 0xffffb62360f0>>, mixin_verb=('build',))
[0.237s] Level 1:colcon.colcon_core.package_discovery:discover_packages(colcon_meta) check parameters
[0.237s] Level 1:colcon.colcon_core.package_discovery:discover_packages(recursive) check parameters
[0.237s] Level 1:colcon.colcon_core.package_discovery:discover_packages(ignore) check parameters
[0.237s] Level 1:colcon.colcon_core.package_discovery:discover_packages(path) check parameters
[0.237s] Level 1:colcon.colcon_core.package_discovery:discover_packages(colcon_meta) discover
[0.238s] Level 1:colcon.colcon_core.package_discovery:discover_packages(recursive) discover
[0.238s] INFO:colcon.colcon_core.package_discovery:Crawling recursively for packages in '/home/p/ros2_ws/src'
[0.238s] Level 1:colcon.colcon_core.package_identification:_identify(.) by extensions ['ignore', 'ignore_ament_install']
[0.238s] Level 1:colcon.colcon_core.package_identification:_identify(.) by extension 'ignore'
[0.238s] Level 1:colcon.colcon_core.package_identification:_identify(.) by extension 'ignore_ament_install'
[0.238s] Level 1:colcon.colcon_core.package_identification:_identify(.) by extensions ['colcon_pkg']
[0.238s] Level 1:colcon.colcon_core.package_identification:_identify(.) by extension 'colcon_pkg'
[0.239s] Level 1:colcon.colcon_core.package_identification:_identify(.) by extensions ['colcon_meta']
[0.239s] Level 1:colcon.colcon_core.package_identification:_identify(.) by extension 'colcon_meta'
[0.239s] Level 1:colcon.colcon_core.package_identification:_identify(.) by extensions ['ros']
[0.239s] Level 1:colcon.colcon_core.package_identification:_identify(.) by extension 'ros'
[0.282s] Level 1:colcon.colcon_core.package_identification:_identify(.) by extensions ['cmake', 'python']
[0.282s] Level 1:colcon.colcon_core.package_identification:_identify(.) by extension 'cmake'
[0.282s] Level 1:colcon.colcon_core.package_identification:_identify(.) by extension 'python'
[0.282s] Level 1:colcon.colcon_core.package_identification:_identify(.) by extensions ['python_setup_py']
[0.283s] Level 1:colcon.colcon_core.package_identification:_identify(.) by extension 'python_setup_py'
[0.283s] Level 1:colcon.colcon_core.package_identification:_identify(arigato) by extensions ['ignore', 'ignore_ament_install']
[0.283s] Level 1:colcon.colcon_core.package_identification:_identify(arigato) by extension 'ignore'
[0.283s] Level 1:colcon.colcon_core.package_identification:_identify(arigato) by extension 'ignore_ament_install'
[0.283s] Level 1:colcon.colcon_core.package_identification:_identify(arigato) by extensions ['colcon_pkg']
[0.283s] Level 1:colcon.colcon_core.package_identification:_identify(arigato) by extension 'colcon_pkg'
[0.283s] Level 1:colcon.colcon_core.package_identification:_identify(arigato) by extensions ['colcon_meta']
[0.283s] Level 1:colcon.colcon_core.package_identification:_identify(arigato) by extension 'colcon_meta'
[0.283s] Level 1:colcon.colcon_core.package_identification:_identify(arigato) by extensions ['ros']
[0.283s] Level 1:colcon.colcon_core.package_identification:_identify(arigato) by extension 'ros'
[0.283s] Level 1:colcon.colcon_core.package_identification:_identify(arigato) by extensions ['cmake', 'python']
[0.283s] Level 1:colcon.colcon_core.package_identification:_identify(arigato) by extension 'cmake'
[0.283s] Level 1:colcon.colcon_core.package_identification:_identify(arigato) by extension 'python'
[0.283s] Level 1:colcon.colcon_core.package_identification:_identify(arigato) by extensions ['python_setup_py']
[0.283s] Level 1:colcon.colcon_core.package_identification:_identify(arigato) by extension 'python_setup_py'
[0.284s] Level 1:colcon.colcon_core.package_identification:_identify(build) by extensions ['ignore', 'ignore_ament_install']
[0.284s] Level 1:colcon.colcon_core.package_identification:_identify(build) by extension 'ignore'
[0.284s] Level 1:colcon.colcon_core.package_identification:_identify(build) ignored
[0.284s] Level 1:colcon.colcon_core.package_identification:_identify(calib) by extensions ['ignore', 'ignore_ament_install']
[0.284s] Level 1:colcon.colcon_core.package_identification:_identify(calib) by extension 'ignore'
[0.284s] Level 1:colcon.colcon_core.package_identification:_identify(calib) by extension 'ignore_ament_install'
[0.284s] Level 1:colcon.colcon_core.package_identification:_identify(calib) by extensions ['colcon_pkg']
[0.284s] Level 1:colcon.colcon_core.package_identification:_identify(calib) by extension 'colcon_pkg'
[0.284s] Level 1:colcon.colcon_core.package_identification:_identify(calib) by extensions ['colcon_meta']
[0.284s] Level 1:colcon.colcon_core.package_identification:_identify(calib) by extension 'colcon_meta'
[0.284s] Level 1:colcon.colcon_core.package_identification:_identify(calib) by extensions ['ros']
[0.284s] Level 1:colcon.colcon_core.package_identification:_identify(calib) by extension 'ros'
[0.284s] Level 1:colcon.colcon_core.package_identification:_identify(calib) by extensions ['cmake', 'python']
[0.284s] Level 1:colcon.colcon_core.package_identification:_identify(calib) by extension 'cmake'
[0.284s] Level 1:colcon.colcon_core.package_identification:_identify(calib) by extension 'python'
[0.284s] Level 1:colcon.colcon_core.package_identification:_identify(calib) by extensions ['python_setup_py']
[0.284s] Level 1:colcon.colcon_core.package_identification:_identify(calib) by extension 'python_setup_py'
[0.285s] Level 1:colcon.colcon_core.package_identification:_identify(cpp_package) by extensions ['ignore', 'ignore_ament_install']
[0.285s] Level 1:colcon.colcon_core.package_identification:_identify(cpp_package) by extension 'ignore'
[0.285s] Level 1:colcon.colcon_core.package_identification:_identify(cpp_package) by extension 'ignore_ament_install'
[0.285s] Level 1:colcon.colcon_core.package_identification:_identify(cpp_package) by extensions ['colcon_pkg']
[0.285s] Level 1:colcon.colcon_core.package_identification:_identify(cpp_package) by extension 'colcon_pkg'
[0.285s] Level 1:colcon.colcon_core.package_identification:_identify(cpp_package) by extensions ['colcon_meta']
[0.285s] Level 1:colcon.colcon_core.package_identification:_identify(cpp_package) by extension 'colcon_meta'
[0.285s] Level 1:colcon.colcon_core.package_identification:_identify(cpp_package) by extensions ['ros']
[0.285s] Level 1:colcon.colcon_core.package_identification:_identify(cpp_package) by extension 'ros'
[0.289s] DEBUG:colcon.colcon_core.package_identification:Package 'cpp_package' with type 'ros.ament_cmake' and name 'cpp_package'
[0.289s] Level 1:colcon.colcon_core.package_identification:_identify(haptic_controller_platformio) by extensions ['ignore', 'ignore_ament_install']
[0.289s] Level 1:colcon.colcon_core.package_identification:_identify(haptic_controller_platformio) by extension 'ignore'
[0.290s] Level 1:colcon.colcon_core.package_identification:_identify(haptic_controller_platformio) by extension 'ignore_ament_install'
[0.290s] Level 1:colcon.colcon_core.package_identification:_identify(haptic_controller_platformio) by extensions ['colcon_pkg']
[0.290s] Level 1:colcon.colcon_core.package_identification:_identify(haptic_controller_platformio) by extension 'colcon_pkg'
[0.290s] Level 1:colcon.colcon_core.package_identification:_identify(haptic_controller_platformio) by extensions ['colcon_meta']
[0.290s] Level 1:colcon.colcon_core.package_identification:_identify(haptic_controller_platformio) by extension 'colcon_meta'
[0.290s] Level 1:colcon.colcon_core.package_identification:_identify(haptic_controller_platformio) by extensions ['ros']
[0.290s] Level 1:colcon.colcon_core.package_identification:_identify(haptic_controller_platformio) by extension 'ros'
[0.290s] Level 1:colcon.colcon_core.package_identification:_identify(haptic_controller_platformio) by extensions ['cmake', 'python']
[0.290s] Level 1:colcon.colcon_core.package_identification:_identify(haptic_controller_platformio) by extension 'cmake'
[0.290s] Level 1:colcon.colcon_core.package_identification:_identify(haptic_controller_platformio) by extension 'python'
[0.290s] Level 1:colcon.colcon_core.package_identification:_identify(haptic_controller_platformio) by extensions ['python_setup_py']
[0.290s] Level 1:colcon.colcon_core.package_identification:_identify(haptic_controller_platformio) by extension 'python_setup_py'
[0.290s] Level 1:colcon.colcon_core.package_identification:_identify(haptic_controller_platformio/lib) by extensions ['ignore', 'ignore_ament_install']
[0.290s] Level 1:colcon.colcon_core.package_identification:_identify(haptic_controller_platformio/lib) by extension 'ignore'
[0.290s] Level 1:colcon.colcon_core.package_identification:_identify(haptic_controller_platformio/lib) by extension 'ignore_ament_install'
[0.290s] Level 1:colcon.colcon_core.package_identification:_identify(haptic_controller_platformio/lib) by extensions ['colcon_pkg']
[0.290s] Level 1:colcon.colcon_core.package_identification:_identify(haptic_controller_platformio/lib) by extension 'colcon_pkg'
[0.290s] Level 1:colcon.colcon_core.package_identification:_identify(haptic_controller_platformio/lib) by extensions ['colcon_meta']
[0.290s] Level 1:colcon.colcon_core.package_identification:_identify(haptic_controller_platformio/lib) by extension 'colcon_meta'
[0.291s] Level 1:colcon.colcon_core.package_identification:_identify(haptic_controller_platformio/lib) by extensions ['ros']
[0.291s] Level 1:colcon.colcon_core.package_identification:_identify(haptic_controller_platformio/lib) by extension 'ros'
[0.291s] Level 1:colcon.colcon_core.package_identification:_identify(haptic_controller_platformio/lib) by extensions ['cmake', 'python']
[0.291s] Level 1:colcon.colcon_core.package_identification:_identify(haptic_controller_platformio/lib) by extension 'cmake'
[0.291s] Level 1:colcon.colcon_core.package_identification:_identify(haptic_controller_platformio/lib) by extension 'python'
[0.291s] Level 1:colcon.colcon_core.package_identification:_identify(haptic_controller_platformio/lib) by extensions ['python_setup_py']
[0.291s] Level 1:colcon.colcon_core.package_identification:_identify(haptic_controller_platformio/lib) by extension 'python_setup_py'
[0.291s] Level 1:colcon.colcon_core.package_identification:_identify(haptic_controller_platformio/src) by extensions ['ignore', 'ignore_ament_install']
[0.291s] Level 1:colcon.colcon_core.package_identification:_identify(haptic_controller_platformio/src) by extension 'ignore'
[0.291s] Level 1:colcon.colcon_core.package_identification:_identify(haptic_controller_platformio/src) by extension 'ignore_ament_install'
[0.291s] Level 1:colcon.colcon_core.package_identification:_identify(haptic_controller_platformio/src) by extensions ['colcon_pkg']
[0.291s] Level 1:colcon.colcon_core.package_identification:_identify(haptic_controller_platformio/src) by extension 'colcon_pkg'
[0.291s] Level 1:colcon.colcon_core.package_identification:_identify(haptic_controller_platformio/src) by extensions ['colcon_meta']
[0.291s] Level 1:colcon.colcon_core.package_identification:_identify(haptic_controller_platformio/src) by extension 'colcon_meta'
[0.291s] Level 1:colcon.colcon_core.package_identification:_identify(haptic_controller_platformio/src) by extensions ['ros']
[0.291s] Level 1:colcon.colcon_core.package_identification:_identify(haptic_controller_platformio/src) by extension 'ros'
[0.291s] Level 1:colcon.colcon_core.package_identification:_identify(haptic_controller_platformio/src) by extensions ['cmake', 'python']
[0.291s] Level 1:colcon.colcon_core.package_identification:_identify(haptic_controller_platformio/src) by extension 'cmake'
[0.291s] Level 1:colcon.colcon_core.package_identification:_identify(haptic_controller_platformio/src) by extension 'python'
[0.291s] Level 1:colcon.colcon_core.package_identification:_identify(haptic_controller_platformio/src) by extensions ['python_setup_py']
[0.292s] Level 1:colcon.colcon_core.package_identification:_identify(haptic_controller_platformio/src) by extension 'python_setup_py'
[0.292s] Level 1:colcon.colcon_core.package_identification:_identify(install) by extensions ['ignore', 'ignore_ament_install']
[0.292s] Level 1:colcon.colcon_core.package_identification:_identify(install) by extension 'ignore'
[0.292s] Level 1:colcon.colcon_core.package_identification:_identify(install) ignored
[0.292s] Level 1:colcon.colcon_core.package_identification:_identify(log) by extensions ['ignore', 'ignore_ament_install']
[0.292s] Level 1:colcon.colcon_core.package_identification:_identify(log) by extension 'ignore'
[0.292s] Level 1:colcon.colcon_core.package_identification:_identify(log) ignored
[0.292s] Level 1:colcon.colcon_core.package_identification:_identify(mpu9250) by extensions ['ignore', 'ignore_ament_install']
[0.292s] Level 1:colcon.colcon_core.package_identification:_identify(mpu9250) by extension 'ignore'
[0.292s] Level 1:colcon.colcon_core.package_identification:_identify(mpu9250) by extension 'ignore_ament_install'
[0.292s] Level 1:colcon.colcon_core.package_identification:_identify(mpu9250) by extensions ['colcon_pkg']
[0.292s] Level 1:colcon.colcon_core.package_identification:_identify(mpu9250) by extension 'colcon_pkg'
[0.292s] Level 1:colcon.colcon_core.package_identification:_identify(mpu9250) by extensions ['colcon_meta']
[0.292s] Level 1:colcon.colcon_core.package_identification:_identify(mpu9250) by extension 'colcon_meta'
[0.292s] Level 1:colcon.colcon_core.package_identification:_identify(mpu9250) by extensions ['ros']
[0.292s] Level 1:colcon.colcon_core.package_identification:_identify(mpu9250) by extension 'ros'
[0.293s] DEBUG:colcon.colcon_core.package_identification:Package 'mpu9250' with type 'ros.ament_python' and name 'mpu9250'
[0.293s] Level 1:colcon.colcon_core.package_identification:_identify(optical_cane_rpi) by extensions ['ignore', 'ignore_ament_install']
[0.293s] Level 1:colcon.colcon_core.package_identification:_identify(optical_cane_rpi) by extension 'ignore'
[0.293s] Level 1:colcon.colcon_core.package_identification:_identify(optical_cane_rpi) by extension 'ignore_ament_install'
[0.294s] Level 1:colcon.colcon_core.package_identification:_identify(optical_cane_rpi) by extensions ['colcon_pkg']
[0.294s] Level 1:colcon.colcon_core.package_identification:_identify(optical_cane_rpi) by extension 'colcon_pkg'
[0.294s] Level 1:colcon.colcon_core.package_identification:_identify(optical_cane_rpi) by extensions ['colcon_meta']
[0.294s] Level 1:colcon.colcon_core.package_identification:_identify(optical_cane_rpi) by extension 'colcon_meta'
[0.294s] Level 1:colcon.colcon_core.package_identification:_identify(optical_cane_rpi) by extensions ['ros']
[0.294s] Level 1:colcon.colcon_core.package_identification:_identify(optical_cane_rpi) by extension 'ros'
[0.295s] DEBUG:colcon.colcon_core.package_identification:Package 'optical_cane_rpi' with type 'ros.ament_python' and name 'optical_cane_rpi'
[0.295s] Level 1:colcon.colcon_core.package_identification:_identify(sllidar_ros2) by extensions ['ignore', 'ignore_ament_install']
[0.295s] Level 1:colcon.colcon_core.package_identification:_identify(sllidar_ros2) by extension 'ignore'
[0.295s] Level 1:colcon.colcon_core.package_identification:_identify(sllidar_ros2) by extension 'ignore_ament_install'
[0.295s] Level 1:colcon.colcon_core.package_identification:_identify(sllidar_ros2) by extensions ['colcon_pkg']
[0.295s] Level 1:colcon.colcon_core.package_identification:_identify(sllidar_ros2) by extension 'colcon_pkg'
[0.295s] Level 1:colcon.colcon_core.package_identification:_identify(sllidar_ros2) by extensions ['colcon_meta']
[0.295s] Level 1:colcon.colcon_core.package_identification:_identify(sllidar_ros2) by extension 'colcon_meta'
[0.295s] Level 1:colcon.colcon_core.package_identification:_identify(sllidar_ros2) by extensions ['ros']
[0.295s] Level 1:colcon.colcon_core.package_identification:_identify(sllidar_ros2) by extension 'ros'
[0.296s] DEBUG:colcon.colcon_core.package_identification:Package 'sllidar_ros2' with type 'ros.ament_cmake' and name 'sllidar_ros2'
[0.296s] Level 1:colcon.colcon_core.package_identification:_identify(uros) by extensions ['ignore', 'ignore_ament_install']
[0.296s] Level 1:colcon.colcon_core.package_identification:_identify(uros) by extension 'ignore'
[0.296s] Level 1:colcon.colcon_core.package_identification:_identify(uros) by extension 'ignore_ament_install'
[0.296s] Level 1:colcon.colcon_core.package_identification:_identify(uros) by extensions ['colcon_pkg']
[0.296s] Level 1:colcon.colcon_core.package_identification:_identify(uros) by extension 'colcon_pkg'
[0.296s] Level 1:colcon.colcon_core.package_identification:_identify(uros) by extensions ['colcon_meta']
[0.296s] Level 1:colcon.colcon_core.package_identification:_identify(uros) by extension 'colcon_meta'
[0.296s] Level 1:colcon.colcon_core.package_identification:_identify(uros) by extensions ['ros']
[0.296s] Level 1:colcon.colcon_core.package_identification:_identify(uros) by extension 'ros'
[0.297s] Level 1:colcon.colcon_core.package_identification:_identify(uros) by extensions ['cmake', 'python']
[0.297s] Level 1:colcon.colcon_core.package_identification:_identify(uros) by extension 'cmake'
[0.297s] Level 1:colcon.colcon_core.package_identification:_identify(uros) by extension 'python'
[0.297s] Level 1:colcon.colcon_core.package_identification:_identify(uros) by extensions ['python_setup_py']
[0.297s] Level 1:colcon.colcon_core.package_identification:_identify(uros) by extension 'python_setup_py'
[0.297s] Level 1:colcon.colcon_core.package_identification:_identify(uros/drive_base) by extensions ['ignore', 'ignore_ament_install']
[0.297s] Level 1:colcon.colcon_core.package_identification:_identify(uros/drive_base) by extension 'ignore'
[0.297s] Level 1:colcon.colcon_core.package_identification:_identify(uros/drive_base) by extension 'ignore_ament_install'
[0.297s] Level 1:colcon.colcon_core.package_identification:_identify(uros/drive_base) by extensions ['colcon_pkg']
[0.297s] Level 1:colcon.colcon_core.package_identification:_identify(uros/drive_base) by extension 'colcon_pkg'
[0.297s] Level 1:colcon.colcon_core.package_identification:_identify(uros/drive_base) by extensions ['colcon_meta']
[0.297s] Level 1:colcon.colcon_core.package_identification:_identify(uros/drive_base) by extension 'colcon_meta'
[0.297s] Level 1:colcon.colcon_core.package_identification:_identify(uros/drive_base) by extensions ['ros']
[0.297s] Level 1:colcon.colcon_core.package_identification:_identify(uros/drive_base) by extension 'ros'
[0.297s] Level 1:colcon.colcon_core.package_identification:_identify(uros/drive_base) by extensions ['cmake', 'python']
[0.297s] Level 1:colcon.colcon_core.package_identification:_identify(uros/drive_base) by extension 'cmake'
[0.297s] Level 1:colcon.colcon_core.package_identification:_identify(uros/drive_base) by extension 'python'
[0.297s] Level 1:colcon.colcon_core.package_identification:_identify(uros/drive_base) by extensions ['python_setup_py']
[0.297s] Level 1:colcon.colcon_core.package_identification:_identify(uros/drive_base) by extension 'python_setup_py'
[0.298s] Level 1:colcon.colcon_core.package_identification:_identify(uros/drive_base/drive_base_msgs) by extensions ['ignore', 'ignore_ament_install']
[0.298s] Level 1:colcon.colcon_core.package_identification:_identify(uros/drive_base/drive_base_msgs) by extension 'ignore'
[0.298s] Level 1:colcon.colcon_core.package_identification:_identify(uros/drive_base/drive_base_msgs) by extension 'ignore_ament_install'
[0.298s] Level 1:colcon.colcon_core.package_identification:_identify(uros/drive_base/drive_base_msgs) by extensions ['colcon_pkg']
[0.298s] Level 1:colcon.colcon_core.package_identification:_identify(uros/drive_base/drive_base_msgs) by extension 'colcon_pkg'
[0.298s] Level 1:colcon.colcon_core.package_identification:_identify(uros/drive_base/drive_base_msgs) by extensions ['colcon_meta']
[0.298s] Level 1:colcon.colcon_core.package_identification:_identify(uros/drive_base/drive_base_msgs) by extension 'colcon_meta'
[0.298s] Level 1:colcon.colcon_core.package_identification:_identify(uros/drive_base/drive_base_msgs) by extensions ['ros']
[0.298s] Level 1:colcon.colcon_core.package_identification:_identify(uros/drive_base/drive_base_msgs) by extension 'ros'
[0.299s] DEBUG:colcon.colcon_core.package_identification:Package 'uros/drive_base/drive_base_msgs' with type 'ros.ament_cmake' and name 'drive_base_msgs'
[0.299s] Level 1:colcon.colcon_core.package_identification:_identify(uros/micro-ROS-Agent) by extensions ['ignore', 'ignore_ament_install']
[0.299s] Level 1:colcon.colcon_core.package_identification:_identify(uros/micro-ROS-Agent) by extension 'ignore'
[0.299s] Level 1:colcon.colcon_core.package_identification:_identify(uros/micro-ROS-Agent) by extension 'ignore_ament_install'
[0.299s] Level 1:colcon.colcon_core.package_identification:_identify(uros/micro-ROS-Agent) by extensions ['colcon_pkg']
[0.299s] Level 1:colcon.colcon_core.package_identification:_identify(uros/micro-ROS-Agent) by extension 'colcon_pkg'
[0.299s] Level 1:colcon.colcon_core.package_identification:_identify(uros/micro-ROS-Agent) by extensions ['colcon_meta']
[0.299s] Level 1:colcon.colcon_core.package_identification:_identify(uros/micro-ROS-Agent) by extension 'colcon_meta'
[0.299s] Level 1:colcon.colcon_core.package_identification:_identify(uros/micro-ROS-Agent) by extensions ['ros']
[0.299s] Level 1:colcon.colcon_core.package_identification:_identify(uros/micro-ROS-Agent) by extension 'ros'
[0.299s] Level 1:colcon.colcon_core.package_identification:_identify(uros/micro-ROS-Agent) by extensions ['cmake', 'python']
[0.299s] Level 1:colcon.colcon_core.package_identification:_identify(uros/micro-ROS-Agent) by extension 'cmake'
[0.299s] Level 1:colcon.colcon_core.package_identification:_identify(uros/micro-ROS-Agent) by extension 'python'
[0.299s] Level 1:colcon.colcon_core.package_identification:_identify(uros/micro-ROS-Agent) by extensions ['python_setup_py']
[0.299s] Level 1:colcon.colcon_core.package_identification:_identify(uros/micro-ROS-Agent) by extension 'python_setup_py'
[0.299s] Level 1:colcon.colcon_core.package_identification:_identify(uros/micro-ROS-Agent/micro_ros_agent) by extensions ['ignore', 'ignore_ament_install']
[0.300s] Level 1:colcon.colcon_core.package_identification:_identify(uros/micro-ROS-Agent/micro_ros_agent) by extension 'ignore'
[0.300s] Level 1:colcon.colcon_core.package_identification:_identify(uros/micro-ROS-Agent/micro_ros_agent) by extension 'ignore_ament_install'
[0.300s] Level 1:colcon.colcon_core.package_identification:_identify(uros/micro-ROS-Agent/micro_ros_agent) by extensions ['colcon_pkg']
[0.300s] Level 1:colcon.colcon_core.package_identification:_identify(uros/micro-ROS-Agent/micro_ros_agent) by extension 'colcon_pkg'
[0.300s] Level 1:colcon.colcon_core.package_identification:_identify(uros/micro-ROS-Agent/micro_ros_agent) by extensions ['colcon_meta']
[0.300s] Level 1:colcon.colcon_core.package_identification:_identify(uros/micro-ROS-Agent/micro_ros_agent) by extension 'colcon_meta'
[0.300s] Level 1:colcon.colcon_core.package_identification:_identify(uros/micro-ROS-Agent/micro_ros_agent) by extensions ['ros']
[0.300s] Level 1:colcon.colcon_core.package_identification:_identify(uros/micro-ROS-Agent/micro_ros_agent) by extension 'ros'
[0.301s] DEBUG:colcon.colcon_core.package_identification:Package 'uros/micro-ROS-Agent/micro_ros_agent' with type 'ros.ament_cmake' and name 'micro_ros_agent'
[0.301s] Level 1:colcon.colcon_core.package_identification:_identify(uros/micro-ROS-Agent/snap) by extensions ['ignore', 'ignore_ament_install']
[0.301s] Level 1:colcon.colcon_core.package_identification:_identify(uros/micro-ROS-Agent/snap) by extension 'ignore'
[0.301s] Level 1:colcon.colcon_core.package_identification:_identify(uros/micro-ROS-Agent/snap) by extension 'ignore_ament_install'
[0.301s] Level 1:colcon.colcon_core.package_identification:_identify(uros/micro-ROS-Agent/snap) by extensions ['colcon_pkg']
[0.301s] Level 1:colcon.colcon_core.package_identification:_identify(uros/micro-ROS-Agent/snap) by extension 'colcon_pkg'
[0.301s] Level 1:colcon.colcon_core.package_identification:_identify(uros/micro-ROS-Agent/snap) by extensions ['colcon_meta']
[0.301s] Level 1:colcon.colcon_core.package_identification:_identify(uros/micro-ROS-Agent/snap) by extension 'colcon_meta'
[0.301s] Level 1:colcon.colcon_core.package_identification:_identify(uros/micro-ROS-Agent/snap) by extensions ['ros']
[0.301s] Level 1:colcon.colcon_core.package_identification:_identify(uros/micro-ROS-Agent/snap) by extension 'ros'
[0.301s] Level 1:colcon.colcon_core.package_identification:_identify(uros/micro-ROS-Agent/snap) by extensions ['cmake', 'python']
[0.301s] Level 1:colcon.colcon_core.package_identification:_identify(uros/micro-ROS-Agent/snap) by extension 'cmake'
[0.301s] Level 1:colcon.colcon_core.package_identification:_identify(uros/micro-ROS-Agent/snap) by extension 'python'
[0.301s] Level 1:colcon.colcon_core.package_identification:_identify(uros/micro-ROS-Agent/snap) by extensions ['python_setup_py']
[0.301s] Level 1:colcon.colcon_core.package_identification:_identify(uros/micro-ROS-Agent/snap) by extension 'python_setup_py'
[0.302s] Level 1:colcon.colcon_core.package_identification:_identify(uros/micro-ROS-Agent/snap/hooks) by extensions ['ignore', 'ignore_ament_install']
[0.302s] Level 1:colcon.colcon_core.package_identification:_identify(uros/micro-ROS-Agent/snap/hooks) by extension 'ignore'
[0.302s] Level 1:colcon.colcon_core.package_identification:_identify(uros/micro-ROS-Agent/snap/hooks) by extension 'ignore_ament_install'
[0.302s] Level 1:colcon.colcon_core.package_identification:_identify(uros/micro-ROS-Agent/snap/hooks) by extensions ['colcon_pkg']
[0.302s] Level 1:colcon.colcon_core.package_identification:_identify(uros/micro-ROS-Agent/snap/hooks) by extension 'colcon_pkg'
[0.302s] Level 1:colcon.colcon_core.package_identification:_identify(uros/micro-ROS-Agent/snap/hooks) by extensions ['colcon_meta']
[0.302s] Level 1:colcon.colcon_core.package_identification:_identify(uros/micro-ROS-Agent/snap/hooks) by extension 'colcon_meta'
[0.302s] Level 1:colcon.colcon_core.package_identification:_identify(uros/micro-ROS-Agent/snap/hooks) by extensions ['ros']
[0.302s] Level 1:colcon.colcon_core.package_identification:_identify(uros/micro-ROS-Agent/snap/hooks) by extension 'ros'
[0.302s] Level 1:colcon.colcon_core.package_identification:_identify(uros/micro-ROS-Agent/snap/hooks) by extensions ['cmake', 'python']
[0.302s] Level 1:colcon.colcon_core.package_identification:_identify(uros/micro-ROS-Agent/snap/hooks) by extension 'cmake'
[0.302s] Level 1:colcon.colcon_core.package_identification:_identify(uros/micro-ROS-Agent/snap/hooks) by extension 'python'
[0.302s] Level 1:colcon.colcon_core.package_identification:_identify(uros/micro-ROS-Agent/snap/hooks) by extensions ['python_setup_py']
[0.302s] Level 1:colcon.colcon_core.package_identification:_identify(uros/micro-ROS-Agent/snap/hooks) by extension 'python_setup_py'
[0.302s] Level 1:colcon.colcon_core.package_identification:_identify(uros/micro-ROS-Agent/snap/local) by extensions ['ignore', 'ignore_ament_install']
[0.302s] Level 1:colcon.colcon_core.package_identification:_identify(uros/micro-ROS-Agent/snap/local) by extension 'ignore'
[0.303s] Level 1:colcon.colcon_core.package_identification:_identify(uros/micro-ROS-Agent/snap/local) by extension 'ignore_ament_install'
[0.303s] Level 1:colcon.colcon_core.package_identification:_identify(uros/micro-ROS-Agent/snap/local) by extensions ['colcon_pkg']
[0.303s] Level 1:colcon.colcon_core.package_identification:_identify(uros/micro-ROS-Agent/snap/local) by extension 'colcon_pkg'
[0.303s] Level 1:colcon.colcon_core.package_identification:_identify(uros/micro-ROS-Agent/snap/local) by extensions ['colcon_meta']
[0.303s] Level 1:colcon.colcon_core.package_identification:_identify(uros/micro-ROS-Agent/snap/local) by extension 'colcon_meta'
[0.303s] Level 1:colcon.colcon_core.package_identification:_identify(uros/micro-ROS-Agent/snap/local) by extensions ['ros']
[0.303s] Level 1:colcon.colcon_core.package_identification:_identify(uros/micro-ROS-Agent/snap/local) by extension 'ros'
[0.303s] Level 1:colcon.colcon_core.package_identification:_identify(uros/micro-ROS-Agent/snap/local) by extensions ['cmake', 'python']
[0.303s] Level 1:colcon.colcon_core.package_identification:_identify(uros/micro-ROS-Agent/snap/local) by extension 'cmake'
[0.303s] Level 1:colcon.colcon_core.package_identification:_identify(uros/micro-ROS-Agent/snap/local) by extension 'python'
[0.303s] Level 1:colcon.colcon_core.package_identification:_identify(uros/micro-ROS-Agent/snap/local) by extensions ['python_setup_py']
[0.303s] Level 1:colcon.colcon_core.package_identification:_identify(uros/micro-ROS-Agent/snap/local) by extension 'python_setup_py'
[0.303s] Level 1:colcon.colcon_core.package_identification:_identify(uros/micro_ros_msgs) by extensions ['ignore', 'ignore_ament_install']
[0.303s] Level 1:colcon.colcon_core.package_identification:_identify(uros/micro_ros_msgs) by extension 'ignore'
[0.303s] Level 1:colcon.colcon_core.package_identification:_identify(uros/micro_ros_msgs) by extension 'ignore_ament_install'
[0.303s] Level 1:colcon.colcon_core.package_identification:_identify(uros/micro_ros_msgs) by extensions ['colcon_pkg']
[0.303s] Level 1:colcon.colcon_core.package_identification:_identify(uros/micro_ros_msgs) by extension 'colcon_pkg'
[0.303s] Level 1:colcon.colcon_core.package_identification:_identify(uros/micro_ros_msgs) by extensions ['colcon_meta']
[0.303s] Level 1:colcon.colcon_core.package_identification:_identify(uros/micro_ros_msgs) by extension 'colcon_meta'
[0.303s] Level 1:colcon.colcon_core.package_identification:_identify(uros/micro_ros_msgs) by extensions ['ros']
[0.303s] Level 1:colcon.colcon_core.package_identification:_identify(uros/micro_ros_msgs) by extension 'ros'
[0.304s] DEBUG:colcon.colcon_core.package_identification:Package 'uros/micro_ros_msgs' with type 'ros.ament_cmake' and name 'micro_ros_msgs'
[0.304s] Level 1:colcon.colcon_core.package_discovery:discover_packages(recursive) using defaults
[0.304s] Level 1:colcon.colcon_core.package_discovery:discover_packages(ignore) discover
[0.304s] Level 1:colcon.colcon_core.package_discovery:discover_packages(ignore) using defaults
[0.304s] Level 1:colcon.colcon_core.package_discovery:discover_packages(path) discover
[0.304s] Level 1:colcon.colcon_core.package_discovery:discover_packages(path) using defaults
[0.331s] INFO:colcon.colcon_core.package_selection:Skipping not selected package 'cpp_package' in 'cpp_package'
[0.331s] INFO:colcon.colcon_core.package_selection:Skipping not selected package 'drive_base_msgs' in 'uros/drive_base/drive_base_msgs'
[0.331s] INFO:colcon.colcon_core.package_selection:Skipping not selected package 'micro_ros_msgs' in 'uros/micro_ros_msgs'
[0.331s] INFO:colcon.colcon_core.package_selection:Skipping not selected package 'mpu9250' in 'mpu9250'
[0.331s] INFO:colcon.colcon_core.package_selection:Skipping not selected package 'sllidar_ros2' in 'sllidar_ros2'
[0.331s] INFO:colcon.colcon_core.package_selection:Skipping not selected package 'micro_ros_agent' in 'uros/micro-ROS-Agent/micro_ros_agent'
[0.332s] Level 1:colcon.colcon_core.package_discovery:discover_packages(prefix_path) check parameters
[0.332s] Level 1:colcon.colcon_core.package_discovery:discover_packages(prefix_path) discover
[0.334s] DEBUG:colcon.colcon_installed_package_information.package_discovery:Found 7 installed packages in /home/p/ros2_ws/install
[0.337s] DEBUG:colcon.colcon_installed_package_information.package_discovery:Found 451 installed packages in /opt/ros/jazzy
[0.340s] Level 1:colcon.colcon_core.package_discovery:discover_packages(prefix_path) using defaults
[0.428s] Level 5:colcon.colcon_core.verb:set package 'optical_cane_rpi' build argument 'cmake_args' from command line to 'None'
[0.428s] Level 5:colcon.colcon_core.verb:set package 'optical_cane_rpi' build argument 'cmake_target' from command line to 'None'
[0.428s] Level 5:colcon.colcon_core.verb:set package 'optical_cane_rpi' build argument 'cmake_target_skip_unavailable' from command line to 'False'
[0.428s] Level 5:colcon.colcon_core.verb:set package 'optical_cane_rpi' build argument 'cmake_clean_cache' from command line to 'False'
[0.428s] Level 5:colcon.colcon_core.verb:set package 'optical_cane_rpi' build argument 'cmake_clean_first' from command line to 'False'
[0.428s] Level 5:colcon.colcon_core.verb:set package 'optical_cane_rpi' build argument 'cmake_force_configure' from command line to 'False'
[0.428s] Level 5:colcon.colcon_core.verb:set package 'optical_cane_rpi' build argument 'ament_cmake_args' from command line to 'None'
[0.428s] Level 5:colcon.colcon_core.verb:set package 'optical_cane_rpi' build argument 'catkin_cmake_args' from command line to 'None'
[0.428s] Level 5:colcon.colcon_core.verb:set package 'optical_cane_rpi' build argument 'catkin_skip_building_tests' from command line to 'False'
[0.428s] DEBUG:colcon.colcon_core.verb:Building package 'optical_cane_rpi' with the following arguments: {'ament_cmake_args': None, 'build_base': '/home/p/ros2_ws/src/build/optical_cane_rpi', 'catkin_cmake_args': None, 'catkin_skip_building_tests': False, 'cmake_args': None, 'cmake_clean_cache': False, 'cmake_clean_first': False, 'cmake_force_configure': False, 'cmake_target': None, 'cmake_target_skip_unavailable': False, 'install_base': '/home/p/ros2_ws/src/install/optical_cane_rpi', 'merge_install': False, 'path': '/home/p/ros2_ws/src/optical_cane_rpi', 'symlink_install': False, 'test_result_base': None}
[0.428s] INFO:colcon.colcon_core.executor:Executing jobs using 'parallel' executor
[0.430s] DEBUG:colcon.colcon_parallel_executor.executor.parallel:run_until_complete
[0.430s] INFO:colcon.colcon_ros.task.ament_python.build:Building ROS package in '/home/p/ros2_ws/src/optical_cane_rpi' with build type 'ament_python'
[0.430s] Level 1:colcon.colcon_core.shell:create_environment_hook('optical_cane_rpi', 'ament_prefix_path')
[0.433s] INFO:colcon.colcon_core.plugin_system:Skipping extension 'colcon_core.shell.bat': Not used on non-Windows systems
[0.434s] INFO:colcon.colcon_core.shell:Creating environment hook '/home/p/ros2_ws/src/install/optical_cane_rpi/share/optical_cane_rpi/hook/ament_prefix_path.ps1'
[0.435s] INFO:colcon.colcon_core.shell:Creating environment descriptor '/home/p/ros2_ws/src/install/optical_cane_rpi/share/optical_cane_rpi/hook/ament_prefix_path.dsv'
[0.435s] INFO:colcon.colcon_core.shell:Creating environment hook '/home/p/ros2_ws/src/install/optical_cane_rpi/share/optical_cane_rpi/hook/ament_prefix_path.sh'
[0.436s] INFO:colcon.colcon_core.shell:Skip shell extension 'powershell' for command environment: Not usable outside of PowerShell
[0.436s] DEBUG:colcon.colcon_core.shell:Skip shell extension 'dsv' for command environment
[0.441s] WARNING:colcon.colcon_core.shell:The following packages are in the workspace but haven't been built:
- mpu9250
They are being used from the following locations instead:
- /home/p/ros2_ws/install/mpu9250
To suppress this warning ignore these packages in the workspace:
--packages-ignore mpu9250
[0.830s] INFO:colcon.colcon_core.task.python.build:Building Python package in '/home/p/ros2_ws/src/optical_cane_rpi'
[0.830s] INFO:colcon.colcon_core.shell:Skip shell extension 'powershell' for command environment: Not usable outside of PowerShell
[0.830s] DEBUG:colcon.colcon_core.shell:Skip shell extension 'dsv' for command environment
[2.021s] DEBUG:colcon.colcon_core.event_handler.log_command:Invoking command in '/home/p/ros2_ws/src/optical_cane_rpi': AMENT_PREFIX_PATH=/home/p/ros2_ws/src/install/sllidar_ros2:${AMENT_PREFIX_PATH} CMAKE_PREFIX_PATH=/home/p/ros2_ws/src/install/sllidar_ros2:${CMAKE_PREFIX_PATH} DEBUGINFOD_URLS=https://debuginfod.ubuntu.com PYTHONPATH=/home/p/ros2_ws/src/build/optical_cane_rpi/prefix_override:/usr/lib/python3/dist-packages/colcon_core/task/python/colcon_distutils_commands:/home/p/ros2_ws/src/install/optical_cane_rpi/lib/python3.12/site-packages:${PYTHONPATH} /usr/bin/python3 -W ignore:setup.py install is deprecated -W ignore:easy_install command is deprecated setup.py egg_info --egg-base ../build/optical_cane_rpi build --build-base /home/p/ros2_ws/src/build/optical_cane_rpi/build install --record /home/p/ros2_ws/src/build/optical_cane_rpi/install.log --single-version-externally-managed install_data
[3.053s] DEBUG:colcon.colcon_core.event_handler.log_command:Invoked command in '/home/p/ros2_ws/src/optical_cane_rpi' returned '0': AMENT_PREFIX_PATH=/home/p/ros2_ws/src/install/sllidar_ros2:${AMENT_PREFIX_PATH} CMAKE_PREFIX_PATH=/home/p/ros2_ws/src/install/sllidar_ros2:${CMAKE_PREFIX_PATH} DEBUGINFOD_URLS=https://debuginfod.ubuntu.com PYTHONPATH=/home/p/ros2_ws/src/build/optical_cane_rpi/prefix_override:/usr/lib/python3/dist-packages/colcon_core/task/python/colcon_distutils_commands:/home/p/ros2_ws/src/install/optical_cane_rpi/lib/python3.12/site-packages:${PYTHONPATH} /usr/bin/python3 -W ignore:setup.py install is deprecated -W ignore:easy_install command is deprecated setup.py egg_info --egg-base ../build/optical_cane_rpi build --build-base /home/p/ros2_ws/src/build/optical_cane_rpi/build install --record /home/p/ros2_ws/src/build/optical_cane_rpi/install.log --single-version-externally-managed install_data
[3.056s] Level 1:colcon.colcon_core.environment:checking '/home/p/ros2_ws/src/install/optical_cane_rpi' for CMake module files
[3.056s] Level 1:colcon.colcon_core.environment:checking '/home/p/ros2_ws/src/install/optical_cane_rpi' for CMake config files
[3.057s] Level 1:colcon.colcon_core.environment:checking '/home/p/ros2_ws/src/install/optical_cane_rpi/lib'
[3.057s] Level 1:colcon.colcon_core.environment:checking '/home/p/ros2_ws/src/install/optical_cane_rpi/bin'
[3.057s] Level 1:colcon.colcon_core.environment:checking '/home/p/ros2_ws/src/install/optical_cane_rpi/lib/pkgconfig/optical_cane_rpi.pc'
[3.058s] Level 1:colcon.colcon_core.environment:checking '/home/p/ros2_ws/src/install/optical_cane_rpi/lib/python3.12/site-packages'
[3.058s] Level 1:colcon.colcon_core.shell:create_environment_hook('optical_cane_rpi', 'pythonpath')
[3.058s] INFO:colcon.colcon_core.shell:Creating environment hook '/home/p/ros2_ws/src/install/optical_cane_rpi/share/optical_cane_rpi/hook/pythonpath.ps1'
[3.059s] INFO:colcon.colcon_core.shell:Creating environment descriptor '/home/p/ros2_ws/src/install/optical_cane_rpi/share/optical_cane_rpi/hook/pythonpath.dsv'
[3.059s] INFO:colcon.colcon_core.shell:Creating environment hook '/home/p/ros2_ws/src/install/optical_cane_rpi/share/optical_cane_rpi/hook/pythonpath.sh'
[3.060s] Level 1:colcon.colcon_core.environment:checking '/home/p/ros2_ws/src/install/optical_cane_rpi/bin'
[3.060s] Level 1:colcon.colcon_core.environment:create_environment_scripts_only(optical_cane_rpi)
[3.060s] INFO:colcon.colcon_core.shell:Creating package script '/home/p/ros2_ws/src/install/optical_cane_rpi/share/optical_cane_rpi/package.ps1'
[3.061s] INFO:colcon.colcon_core.shell:Creating package descriptor '/home/p/ros2_ws/src/install/optical_cane_rpi/share/optical_cane_rpi/package.dsv'
[3.062s] INFO:colcon.colcon_core.shell:Creating package script '/home/p/ros2_ws/src/install/optical_cane_rpi/share/optical_cane_rpi/package.sh'
[3.062s] INFO:colcon.colcon_core.shell:Creating package script '/home/p/ros2_ws/src/install/optical_cane_rpi/share/optical_cane_rpi/package.bash'
[3.063s] INFO:colcon.colcon_core.shell:Creating package script '/home/p/ros2_ws/src/install/optical_cane_rpi/share/optical_cane_rpi/package.zsh'
[3.064s] Level 1:colcon.colcon_core.environment:create_file_with_runtime_dependencies(/home/p/ros2_ws/src/install/optical_cane_rpi/share/colcon-core/packages/optical_cane_rpi)
[3.064s] DEBUG:colcon.colcon_parallel_executor.executor.parallel:closing loop
[3.064s] DEBUG:colcon.colcon_parallel_executor.executor.parallel:loop closed
[3.065s] DEBUG:colcon.colcon_parallel_executor.executor.parallel:run_until_complete finished with '0'
[3.065s] DEBUG:colcon.colcon_core.event_reactor:joining thread
[3.103s] INFO:colcon.colcon_core.plugin_system:Skipping extension 'colcon_notification.desktop_notification.terminal_notifier': Not used on non-Darwin systems
[3.103s] INFO:colcon.colcon_core.plugin_system:Skipping extension 'colcon_notification.desktop_notification.win32': Not used on non-Windows systems
[3.103s] INFO:colcon.colcon_notification.desktop_notification:Sending desktop notification using 'notify2'
[28.130s] DEBUG:colcon.colcon_notification.desktop_notification.notify2:Failed to initialize notify2: org.freedesktop.DBus.Error.NoReply: Did not receive a reply. Possible causes include: the remote application did not send a reply, the message bus security policy blocked the reply, the reply timeout expired, or the network connection was broken.
[28.134s] DEBUG:colcon.colcon_core.event_reactor:joined thread
[28.135s] INFO:colcon.colcon_core.shell:Creating prefix script '/home/p/ros2_ws/src/install/local_setup.ps1'
[28.136s] INFO:colcon.colcon_core.shell:Creating prefix util module '/home/p/ros2_ws/src/install/_local_setup_util_ps1.py'
[28.143s] INFO:colcon.colcon_core.shell:Creating prefix chain script '/home/p/ros2_ws/src/install/setup.ps1'
[28.145s] INFO:colcon.colcon_core.shell:Creating prefix script '/home/p/ros2_ws/src/install/local_setup.sh'
[28.146s] INFO:colcon.colcon_core.shell:Creating prefix util module '/home/p/ros2_ws/src/install/_local_setup_util_sh.py'
[28.147s] INFO:colcon.colcon_core.shell:Creating prefix chain script '/home/p/ros2_ws/src/install/setup.sh'
[28.150s] INFO:colcon.colcon_core.shell:Creating prefix script '/home/p/ros2_ws/src/install/local_setup.bash'
[28.151s] INFO:colcon.colcon_core.shell:Creating prefix chain script '/home/p/ros2_ws/src/install/setup.bash'
[28.153s] INFO:colcon.colcon_core.shell:Creating prefix script '/home/p/ros2_ws/src/install/local_setup.zsh'
[28.155s] INFO:colcon.colcon_core.shell:Creating prefix chain script '/home/p/ros2_ws/src/install/setup.zsh'
