running develop
running egg_info
creating sweep_builder.egg-info
writing sweep_builder.egg-info/PKG-INFO
writing dependency_links to sweep_builder.egg-info/dependency_links.txt
writing entry points to sweep_builder.egg-info/entry_points.txt
writing requirements to sweep_builder.egg-info/requires.txt
writing top-level names to sweep_builder.egg-info/top_level.txt
writing manifest file 'sweep_builder.egg-info/SOURCES.txt'
reading manifest file 'sweep_builder.egg-info/SOURCES.txt'
writing manifest file 'sweep_builder.egg-info/SOURCES.txt'
running build_ext
Creating /home/p/ros2_ws/install/sweep_builder/lib/python3.12/site-packages/sweep-builder.egg-link (link to .)
Installing icp_3d_odom script to /home/p/ros2_ws/install/sweep_builder/lib/sweep_builder
Installing leveled_scan_node script to /home/p/ros2_ws/install/sweep_builder/lib/sweep_builder
Installing lidar_imu_filtered_to_pointcloud script to /home/p/ros2_ws/install/sweep_builder/lib/sweep_builder
Installing lidar_imu_to_pointcloud script to /home/p/ros2_ws/install/sweep_builder/lib/sweep_builder
Installing obstacle_filter_node script to /home/p/ros2_ws/install/sweep_builder/lib/sweep_builder
Installing scan_to_obstacle_pc_flat script to /home/p/ros2_ws/install/sweep_builder/lib/sweep_builder
Installing sweep_builder_node script to /home/p/ros2_ws/install/sweep_builder/lib/sweep_builder
Installing sweep_builder_node_raw script to /home/p/ros2_ws/install/sweep_builder/lib/sweep_builder
Installing sweep_pc_to_flat_node script to /home/p/ros2_ws/install/sweep_builder/lib/sweep_builder

Installed /home/p/ros2_ws/build/sweep_builder
running symlink_data
creating /home/p/ros2_ws/install/sweep_builder/share/ament_index
creating /home/p/ros2_ws/install/sweep_builder/share/ament_index/resource_index
creating /home/p/ros2_ws/install/sweep_builder/share/ament_index/resource_index/packages
symbolically linking /home/p/ros2_ws/build/sweep_builder/resource/sweep_builder -> /home/p/ros2_ws/install/sweep_builder/share/ament_index/resource_index/packages
symbolically linking /home/p/ros2_ws/build/sweep_builder/package.xml -> /home/p/ros2_ws/install/sweep_builder/share/sweep_builder
creating /home/p/ros2_ws/install/sweep_builder/share/sweep_builder/launch
symbolically linking /home/p/ros2_ws/build/sweep_builder/launch/a2m8_with_9250_lio.launch.py -> /home/p/ros2_ws/install/sweep_builder/share/sweep_builder/launch
symbolically linking /home/p/ros2_ws/build/sweep_builder/launch/imu_odom.launch.py -> /home/p/ros2_ws/install/sweep_builder/share/sweep_builder/launch
symbolically linking /home/p/ros2_ws/build/sweep_builder/launch/slam_online.launch.py -> /home/p/ros2_ws/install/sweep_builder/share/sweep_builder/launch
creating /home/p/ros2_ws/install/sweep_builder/share/sweep_builder/config
symbolically linking /home/p/ros2_ws/build/sweep_builder/config/ekf_params.yaml -> /home/p/ros2_ws/install/sweep_builder/share/sweep_builder/config
symbolically linking /home/p/ros2_ws/build/sweep_builder/config/obstacle_costmap_params.yaml -> /home/p/ros2_ws/install/sweep_builder/share/sweep_builder/config
symbolically linking /home/p/ros2_ws/build/sweep_builder/config/imu_odom.yaml -> /home/p/ros2_ws/install/sweep_builder/share/sweep_builder/config
symbolically linking /home/p/ros2_ws/build/sweep_builder/config/slam_online.yaml -> /home/p/ros2_ws/install/sweep_builder/share/sweep_builder/config
symbolically linking /home/p/ros2_ws/build/sweep_builder/config/ekf_local.yaml -> /home/p/ros2_ws/install/sweep_builder/share/sweep_builder/config
