[2.567s] Invoking command in '/home/p/ros2_ws/build/sweep_builder': DEBUGINFOD_URLS=https://debuginfod.ubuntu.com PYTHONPATH=/home/p/ros2_ws/build/sweep_builder/prefix_override:/usr/lib/python3/dist-packages/colcon_core/task/python/colcon_distutils_commands:/home/p/ros2_ws/install/sweep_builder/lib/python3.12/site-packages:${PYTHONPATH} /usr/bin/python3 -W ignore:setup.py install is deprecated -W ignore:easy_install command is deprecated setup.py develop --editable --build-directory /home/p/ros2_ws/build/sweep_builder/build --no-deps symlink_data
[3.357s] running develop
[3.870s] running egg_info
[3.870s] creating sweep_builder.egg-info
[3.920s] writing sweep_builder.egg-info/PKG-INFO
[3.921s] writing dependency_links to sweep_builder.egg-info/dependency_links.txt
[3.922s] writing entry points to sweep_builder.egg-info/entry_points.txt
[3.923s] writing requirements to sweep_builder.egg-info/requires.txt
[3.924s] writing top-level names to sweep_builder.egg-info/top_level.txt
[3.925s] writing manifest file 'sweep_builder.egg-info/SOURCES.txt'
[4.032s] reading manifest file 'sweep_builder.egg-info/SOURCES.txt'
[4.034s] writing manifest file 'sweep_builder.egg-info/SOURCES.txt'
[4.090s] running build_ext
[4.093s] Creating /home/p/ros2_ws/install/sweep_builder/lib/python3.12/site-packages/sweep-builder.egg-link (link to .)
[4.093s] Installing icp_3d_odom script to /home/p/ros2_ws/install/sweep_builder/lib/sweep_builder
[4.094s] Installing leveled_scan_node script to /home/p/ros2_ws/install/sweep_builder/lib/sweep_builder
[4.095s] Installing lidar_imu_filtered_to_pointcloud script to /home/p/ros2_ws/install/sweep_builder/lib/sweep_builder
[4.096s] Installing lidar_imu_to_pointcloud script to /home/p/ros2_ws/install/sweep_builder/lib/sweep_builder
[4.096s] Installing obstacle_filter_node script to /home/p/ros2_ws/install/sweep_builder/lib/sweep_builder
[4.097s] Installing scan_to_obstacle_pc_flat script to /home/p/ros2_ws/install/sweep_builder/lib/sweep_builder
[4.098s] Installing sweep_builder_node script to /home/p/ros2_ws/install/sweep_builder/lib/sweep_builder
[4.098s] Installing sweep_builder_node_raw script to /home/p/ros2_ws/install/sweep_builder/lib/sweep_builder
[4.099s] Installing sweep_pc_to_flat_node script to /home/p/ros2_ws/install/sweep_builder/lib/sweep_builder
[4.100s] 
[4.100s] Installed /home/p/ros2_ws/build/sweep_builder
[4.101s] running symlink_data
[4.101s] creating /home/p/ros2_ws/install/sweep_builder/share/ament_index
[4.102s] creating /home/p/ros2_ws/install/sweep_builder/share/ament_index/resource_index
[4.102s] creating /home/p/ros2_ws/install/sweep_builder/share/ament_index/resource_index/packages
[4.103s] symbolically linking /home/p/ros2_ws/build/sweep_builder/resource/sweep_builder -> /home/p/ros2_ws/install/sweep_builder/share/ament_index/resource_index/packages
[4.103s] symbolically linking /home/p/ros2_ws/build/sweep_builder/package.xml -> /home/p/ros2_ws/install/sweep_builder/share/sweep_builder
[4.104s] creating /home/p/ros2_ws/install/sweep_builder/share/sweep_builder/launch
[4.105s] symbolically linking /home/p/ros2_ws/build/sweep_builder/launch/a2m8_with_9250_lio.launch.py -> /home/p/ros2_ws/install/sweep_builder/share/sweep_builder/launch
[4.105s] symbolically linking /home/p/ros2_ws/build/sweep_builder/launch/imu_odom.launch.py -> /home/p/ros2_ws/install/sweep_builder/share/sweep_builder/launch
[4.106s] symbolically linking /home/p/ros2_ws/build/sweep_builder/launch/slam_online.launch.py -> /home/p/ros2_ws/install/sweep_builder/share/sweep_builder/launch
[4.106s] creating /home/p/ros2_ws/install/sweep_builder/share/sweep_builder/config
[4.107s] symbolically linking /home/p/ros2_ws/build/sweep_builder/config/ekf_params.yaml -> /home/p/ros2_ws/install/sweep_builder/share/sweep_builder/config
[4.107s] symbolically linking /home/p/ros2_ws/build/sweep_builder/config/obstacle_costmap_params.yaml -> /home/p/ros2_ws/install/sweep_builder/share/sweep_builder/config
[4.108s] symbolically linking /home/p/ros2_ws/build/sweep_builder/config/imu_odom.yaml -> /home/p/ros2_ws/install/sweep_builder/share/sweep_builder/config
[4.108s] symbolically linking /home/p/ros2_ws/build/sweep_builder/config/slam_online.yaml -> /home/p/ros2_ws/install/sweep_builder/share/sweep_builder/config
[4.109s] symbolically linking /home/p/ros2_ws/build/sweep_builder/config/ekf_local.yaml -> /home/p/ros2_ws/install/sweep_builder/share/sweep_builder/config
[4.235s] Invoked command in '/home/p/ros2_ws/build/sweep_builder' returned '0': DEBUGINFOD_URLS=https://debuginfod.ubuntu.com PYTHONPATH=/home/p/ros2_ws/build/sweep_builder/prefix_override:/usr/lib/python3/dist-packages/colcon_core/task/python/colcon_distutils_commands:/home/p/ros2_ws/install/sweep_builder/lib/python3.12/site-packages:${PYTHONPATH} /usr/bin/python3 -W ignore:setup.py install is deprecated -W ignore:easy_install command is deprecated setup.py develop --editable --build-directory /home/p/ros2_ws/build/sweep_builder/build --no-deps symlink_data
