running develop
running egg_info
creating mpu9250_py.egg-info
writing mpu9250_py.egg-info/PKG-INFO
writing dependency_links to mpu9250_py.egg-info/dependency_links.txt
writing entry points to mpu9250_py.egg-info/entry_points.txt
writing requirements to mpu9250_py.egg-info/requires.txt
writing top-level names to mpu9250_py.egg-info/top_level.txt
writing manifest file 'mpu9250_py.egg-info/SOURCES.txt'
reading manifest file 'mpu9250_py.egg-info/SOURCES.txt'
writing manifest file 'mpu9250_py.egg-info/SOURCES.txt'
running build_ext
Creating /home/p/ros2_ws/install/mpu9250_py/lib/python3.12/site-packages/mpu9250-py.egg-link (link to .)
Installing mpu9250_calibrate script to /home/p/ros2_ws/install/mpu9250_py/lib/mpu9250_py
Installing mpu9250_node script to /home/p/ros2_ws/install/mpu9250_py/lib/mpu9250_py

Installed /home/p/ros2_ws/build/mpu9250_py
running symlink_data
creating /home/p/ros2_ws/install/mpu9250_py/share/ament_index
creating /home/p/ros2_ws/install/mpu9250_py/share/ament_index/resource_index
creating /home/p/ros2_ws/install/mpu9250_py/share/ament_index/resource_index/packages
symbolically linking /home/p/ros2_ws/build/mpu9250_py/resource/mpu9250_py -> /home/p/ros2_ws/install/mpu9250_py/share/ament_index/resource_index/packages
symbolically linking /home/p/ros2_ws/build/mpu9250_py/package.xml -> /home/p/ros2_ws/install/mpu9250_py/share/mpu9250_py
