[2.052s] Invoking command in '/home/p/ros2_ws/build/mpu9250_py': DEBUGINFOD_URLS=https://debuginfod.ubuntu.com PYTHONPATH=/home/p/ros2_ws/build/mpu9250_py/prefix_override:/usr/lib/python3/dist-packages/colcon_core/task/python/colcon_distutils_commands:/home/p/ros2_ws/install/mpu9250_py/lib/python3.12/site-packages:${PYTHONPATH} /usr/bin/python3 -W ignore:setup.py install is deprecated -W ignore:easy_install command is deprecated setup.py develop --editable --build-directory /home/p/ros2_ws/build/mpu9250_py/build --no-deps symlink_data
[2.716s] running develop
[3.138s] running egg_info
[3.138s] creating mpu9250_py.egg-info
[3.179s] writing mpu9250_py.egg-info/PKG-INFO
[3.179s] writing dependency_links to mpu9250_py.egg-info/dependency_links.txt
[3.179s] writing entry points to mpu9250_py.egg-info/entry_points.txt
[3.179s] writing requirements to mpu9250_py.egg-info/requires.txt
[3.179s] writing top-level names to mpu9250_py.egg-info/top_level.txt
[3.180s] writing manifest file 'mpu9250_py.egg-info/SOURCES.txt'
[3.267s] reading manifest file 'mpu9250_py.egg-info/SOURCES.txt'
[3.267s] writing manifest file 'mpu9250_py.egg-info/SOURCES.txt'
[3.311s] running build_ext
[3.311s] Creating /home/p/ros2_ws/install/mpu9250_py/lib/python3.12/site-packages/mpu9250-py.egg-link (link to .)
[3.312s] Installing mpu9250_calibrate script to /home/p/ros2_ws/install/mpu9250_py/lib/mpu9250_py
[3.312s] Installing mpu9250_node script to /home/p/ros2_ws/install/mpu9250_py/lib/mpu9250_py
[3.313s] 
[3.313s] Installed /home/p/ros2_ws/build/mpu9250_py
[3.313s] running symlink_data
[3.313s] creating /home/p/ros2_ws/install/mpu9250_py/share/ament_index
[3.313s] creating /home/p/ros2_ws/install/mpu9250_py/share/ament_index/resource_index
[3.314s] creating /home/p/ros2_ws/install/mpu9250_py/share/ament_index/resource_index/packages
[3.314s] symbolically linking /home/p/ros2_ws/build/mpu9250_py/resource/mpu9250_py -> /home/p/ros2_ws/install/mpu9250_py/share/ament_index/resource_index/packages
[3.314s] symbolically linking /home/p/ros2_ws/build/mpu9250_py/package.xml -> /home/p/ros2_ws/install/mpu9250_py/share/mpu9250_py
[3.454s] Invoked command in '/home/p/ros2_ws/build/mpu9250_py' returned '0': DEBUGINFOD_URLS=https://debuginfod.ubuntu.com PYTHONPATH=/home/p/ros2_ws/build/mpu9250_py/prefix_override:/usr/lib/python3/dist-packages/colcon_core/task/python/colcon_distutils_commands:/home/p/ros2_ws/install/mpu9250_py/lib/python3.12/site-packages:${PYTHONPATH} /usr/bin/python3 -W ignore:setup.py install is deprecated -W ignore:easy_install command is deprecated setup.py develop --editable --build-directory /home/p/ros2_ws/build/mpu9250_py/build --no-deps symlink_data
