[0.170s] DEBUG:colcon:Command line arguments: ['/usr/bin/colcon', 'build', '--packages-select', 'cpp_package']
[0.171s] DEBUG:colcon:Parsed command line arguments: Namespace(log_base=None, log_level=None, verb_name='build', build_base='build', install_base='install', merge_install=False, symlink_install=False, test_result_base=None, continue_on_error=False, executor='parallel', parallel_workers=4, event_handlers=None, ignore_user_meta=False, metas=['./colcon.meta'], base_paths=['.'], packages_ignore=None, packages_ignore_regex=None, paths=None, packages_up_to=None, packages_up_to_regex=None, packages_above=None, packages_above_and_dependencies=None, packages_above_depth=None, packages_select_by_dep=None, packages_skip_by_dep=None, packages_skip_up_to=None, packages_select_build_failed=False, packages_skip_build_finished=False, packages_select_test_failures=False, packages_skip_test_passed=False, packages_select=['cpp_package'], packages_skip=None, packages_select_regex=None, packages_skip_regex=None, packages_start=None, packages_end=None, allow_overriding=[], cmake_args=None, cmake_target=None, cmake_target_skip_unavailable=False, cmake_clean_cache=False, cmake_clean_first=False, cmake_force_configure=False, ament_cmake_args=None, catkin_cmake_args=None, catkin_skip_building_tests=False, mixin_files=None, mixin=None, verb_parser=<colcon_mixin.mixin.mixin_argument.MixinArgumentDecorator object at 0xffffb3519340>, verb_extension=<colcon_core.verb.build.BuildVerb object at 0xffffb36faa50>, main=<bound method BuildVerb.main of <colcon_core.verb.build.BuildVerb object at 0xffffb36faa50>>, mixin_verb=('build',))
[0.231s] Level 1:colcon.colcon_core.package_discovery:discover_packages(colcon_meta) check parameters
[0.231s] Level 1:colcon.colcon_core.package_discovery:discover_packages(recursive) check parameters
[0.231s] Level 1:colcon.colcon_core.package_discovery:discover_packages(ignore) check parameters
[0.231s] Level 1:colcon.colcon_core.package_discovery:discover_packages(path) check parameters
[0.231s] Level 1:colcon.colcon_core.package_discovery:discover_packages(colcon_meta) discover
[0.231s] Level 1:colcon.colcon_core.package_discovery:discover_packages(recursive) discover
[0.231s] INFO:colcon.colcon_core.package_discovery:Crawling recursively for packages in '/home/p/ros2_ws/src'
[0.232s] Level 1:colcon.colcon_core.package_identification:_identify(.) by extensions ['ignore', 'ignore_ament_install']
[0.232s] Level 1:colcon.colcon_core.package_identification:_identify(.) by extension 'ignore'
[0.232s] Level 1:colcon.colcon_core.package_identification:_identify(.) by extension 'ignore_ament_install'
[0.232s] Level 1:colcon.colcon_core.package_identification:_identify(.) by extensions ['colcon_pkg']
[0.232s] Level 1:colcon.colcon_core.package_identification:_identify(.) by extension 'colcon_pkg'
[0.232s] Level 1:colcon.colcon_core.package_identification:_identify(.) by extensions ['colcon_meta']
[0.232s] Level 1:colcon.colcon_core.package_identification:_identify(.) by extension 'colcon_meta'
[0.232s] Level 1:colcon.colcon_core.package_identification:_identify(.) by extensions ['ros']
[0.232s] Level 1:colcon.colcon_core.package_identification:_identify(.) by extension 'ros'
[0.275s] Level 1:colcon.colcon_core.package_identification:_identify(.) by extensions ['cmake', 'python']
[0.275s] Level 1:colcon.colcon_core.package_identification:_identify(.) by extension 'cmake'
[0.275s] Level 1:colcon.colcon_core.package_identification:_identify(.) by extension 'python'
[0.275s] Level 1:colcon.colcon_core.package_identification:_identify(.) by extensions ['python_setup_py']
[0.275s] Level 1:colcon.colcon_core.package_identification:_identify(.) by extension 'python_setup_py'
[0.276s] Level 1:colcon.colcon_core.package_identification:_identify(arigato) by extensions ['ignore', 'ignore_ament_install']
[0.276s] Level 1:colcon.colcon_core.package_identification:_identify(arigato) by extension 'ignore'
[0.276s] Level 1:colcon.colcon_core.package_identification:_identify(arigato) by extension 'ignore_ament_install'
[0.276s] Level 1:colcon.colcon_core.package_identification:_identify(arigato) by extensions ['colcon_pkg']
[0.276s] Level 1:colcon.colcon_core.package_identification:_identify(arigato) by extension 'colcon_pkg'
[0.276s] Level 1:colcon.colcon_core.package_identification:_identify(arigato) by extensions ['colcon_meta']
[0.276s] Level 1:colcon.colcon_core.package_identification:_identify(arigato) by extension 'colcon_meta'
[0.276s] Level 1:colcon.colcon_core.package_identification:_identify(arigato) by extensions ['ros']
[0.276s] Level 1:colcon.colcon_core.package_identification:_identify(arigato) by extension 'ros'
[0.276s] Level 1:colcon.colcon_core.package_identification:_identify(arigato) by extensions ['cmake', 'python']
[0.276s] Level 1:colcon.colcon_core.package_identification:_identify(arigato) by extension 'cmake'
[0.276s] Level 1:colcon.colcon_core.package_identification:_identify(arigato) by extension 'python'
[0.276s] Level 1:colcon.colcon_core.package_identification:_identify(arigato) by extensions ['python_setup_py']
[0.276s] Level 1:colcon.colcon_core.package_identification:_identify(arigato) by extension 'python_setup_py'
[0.277s] Level 1:colcon.colcon_core.package_identification:_identify(build) by extensions ['ignore', 'ignore_ament_install']
[0.277s] Level 1:colcon.colcon_core.package_identification:_identify(build) by extension 'ignore'
[0.277s] Level 1:colcon.colcon_core.package_identification:_identify(build) ignored
[0.277s] Level 1:colcon.colcon_core.package_identification:_identify(calib) by extensions ['ignore', 'ignore_ament_install']
[0.277s] Level 1:colcon.colcon_core.package_identification:_identify(calib) by extension 'ignore'
[0.277s] Level 1:colcon.colcon_core.package_identification:_identify(calib) by extension 'ignore_ament_install'
[0.277s] Level 1:colcon.colcon_core.package_identification:_identify(calib) by extensions ['colcon_pkg']
[0.277s] Level 1:colcon.colcon_core.package_identification:_identify(calib) by extension 'colcon_pkg'
[0.277s] Level 1:colcon.colcon_core.package_identification:_identify(calib) by extensions ['colcon_meta']
[0.277s] Level 1:colcon.colcon_core.package_identification:_identify(calib) by extension 'colcon_meta'
[0.277s] Level 1:colcon.colcon_core.package_identification:_identify(calib) by extensions ['ros']
[0.277s] Level 1:colcon.colcon_core.package_identification:_identify(calib) by extension 'ros'
[0.277s] Level 1:colcon.colcon_core.package_identification:_identify(calib) by extensions ['cmake', 'python']
[0.277s] Level 1:colcon.colcon_core.package_identification:_identify(calib) by extension 'cmake'
[0.278s] Level 1:colcon.colcon_core.package_identification:_identify(calib) by extension 'python'
[0.278s] Level 1:colcon.colcon_core.package_identification:_identify(calib) by extensions ['python_setup_py']
[0.278s] Level 1:colcon.colcon_core.package_identification:_identify(calib) by extension 'python_setup_py'
[0.278s] Level 1:colcon.colcon_core.package_identification:_identify(cartographer) by extensions ['ignore', 'ignore_ament_install']
[0.278s] Level 1:colcon.colcon_core.package_identification:_identify(cartographer) by extension 'ignore'
[0.278s] Level 1:colcon.colcon_core.package_identification:_identify(cartographer) by extension 'ignore_ament_install'
[0.278s] Level 1:colcon.colcon_core.package_identification:_identify(cartographer) by extensions ['colcon_pkg']
[0.278s] Level 1:colcon.colcon_core.package_identification:_identify(cartographer) by extension 'colcon_pkg'
[0.278s] Level 1:colcon.colcon_core.package_identification:_identify(cartographer) by extensions ['colcon_meta']
[0.278s] Level 1:colcon.colcon_core.package_identification:_identify(cartographer) by extension 'colcon_meta'
[0.278s] Level 1:colcon.colcon_core.package_identification:_identify(cartographer) by extensions ['ros']
[0.278s] Level 1:colcon.colcon_core.package_identification:_identify(cartographer) by extension 'ros'
[0.282s] DEBUG:colcon.colcon_core.package_identification:Package 'cartographer' with type 'ros.cmake' and name 'cartographer'
[0.283s] Level 1:colcon.colcon_core.package_identification:_identify(cartographer_ros) by extensions ['ignore', 'ignore_ament_install']
[0.283s] Level 1:colcon.colcon_core.package_identification:_identify(cartographer_ros) by extension 'ignore'
[0.283s] Level 1:colcon.colcon_core.package_identification:_identify(cartographer_ros) by extension 'ignore_ament_install'
[0.283s] Level 1:colcon.colcon_core.package_identification:_identify(cartographer_ros) by extensions ['colcon_pkg']
[0.283s] Level 1:colcon.colcon_core.package_identification:_identify(cartographer_ros) by extension 'colcon_pkg'
[0.283s] Level 1:colcon.colcon_core.package_identification:_identify(cartographer_ros) by extensions ['colcon_meta']
[0.283s] Level 1:colcon.colcon_core.package_identification:_identify(cartographer_ros) by extension 'colcon_meta'
[0.283s] Level 1:colcon.colcon_core.package_identification:_identify(cartographer_ros) by extensions ['ros']
[0.283s] Level 1:colcon.colcon_core.package_identification:_identify(cartographer_ros) by extension 'ros'
[0.283s] Level 1:colcon.colcon_core.package_identification:_identify(cartographer_ros) by extensions ['cmake', 'python']
[0.284s] Level 1:colcon.colcon_core.package_identification:_identify(cartographer_ros) by extension 'cmake'
[0.284s] Level 1:colcon.colcon_core.package_identification:_identify(cartographer_ros) by extension 'python'
[0.284s] Level 1:colcon.colcon_core.package_identification:_identify(cartographer_ros) by extensions ['python_setup_py']
[0.284s] Level 1:colcon.colcon_core.package_identification:_identify(cartographer_ros) by extension 'python_setup_py'
[0.284s] Level 1:colcon.colcon_core.package_identification:_identify(cartographer_ros/cartographer_ros) by extensions ['ignore', 'ignore_ament_install']
[0.284s] Level 1:colcon.colcon_core.package_identification:_identify(cartographer_ros/cartographer_ros) by extension 'ignore'
[0.284s] Level 1:colcon.colcon_core.package_identification:_identify(cartographer_ros/cartographer_ros) by extension 'ignore_ament_install'
[0.284s] Level 1:colcon.colcon_core.package_identification:_identify(cartographer_ros/cartographer_ros) by extensions ['colcon_pkg']
[0.284s] Level 1:colcon.colcon_core.package_identification:_identify(cartographer_ros/cartographer_ros) by extension 'colcon_pkg'
[0.284s] Level 1:colcon.colcon_core.package_identification:_identify(cartographer_ros/cartographer_ros) by extensions ['colcon_meta']
[0.284s] Level 1:colcon.colcon_core.package_identification:_identify(cartographer_ros/cartographer_ros) by extension 'colcon_meta'
[0.284s] Level 1:colcon.colcon_core.package_identification:_identify(cartographer_ros/cartographer_ros) by extensions ['ros']
[0.284s] Level 1:colcon.colcon_core.package_identification:_identify(cartographer_ros/cartographer_ros) by extension 'ros'
[0.287s] DEBUG:colcon.colcon_core.package_identification:Package 'cartographer_ros/cartographer_ros' with type 'ros.ament_cmake' and name 'cartographer_ros'
[0.287s] Level 1:colcon.colcon_core.package_identification:_identify(cartographer_ros/cartographer_ros_msgs) by extensions ['ignore', 'ignore_ament_install']
[0.287s] Level 1:colcon.colcon_core.package_identification:_identify(cartographer_ros/cartographer_ros_msgs) by extension 'ignore'
[0.288s] Level 1:colcon.colcon_core.package_identification:_identify(cartographer_ros/cartographer_ros_msgs) by extension 'ignore_ament_install'
[0.288s] Level 1:colcon.colcon_core.package_identification:_identify(cartographer_ros/cartographer_ros_msgs) by extensions ['colcon_pkg']
[0.288s] Level 1:colcon.colcon_core.package_identification:_identify(cartographer_ros/cartographer_ros_msgs) by extension 'colcon_pkg'
[0.288s] Level 1:colcon.colcon_core.package_identification:_identify(cartographer_ros/cartographer_ros_msgs) by extensions ['colcon_meta']
[0.288s] Level 1:colcon.colcon_core.package_identification:_identify(cartographer_ros/cartographer_ros_msgs) by extension 'colcon_meta'
[0.288s] Level 1:colcon.colcon_core.package_identification:_identify(cartographer_ros/cartographer_ros_msgs) by extensions ['ros']
[0.288s] Level 1:colcon.colcon_core.package_identification:_identify(cartographer_ros/cartographer_ros_msgs) by extension 'ros'
[0.289s] DEBUG:colcon.colcon_core.package_identification:Package 'cartographer_ros/cartographer_ros_msgs' with type 'ros.ament_cmake' and name 'cartographer_ros_msgs'
[0.289s] Level 1:colcon.colcon_core.package_identification:_identify(cartographer_ros/cartographer_rviz) by extensions ['ignore', 'ignore_ament_install']
[0.289s] Level 1:colcon.colcon_core.package_identification:_identify(cartographer_ros/cartographer_rviz) by extension 'ignore'
[0.289s] Level 1:colcon.colcon_core.package_identification:_identify(cartographer_ros/cartographer_rviz) by extension 'ignore_ament_install'
[0.289s] Level 1:colcon.colcon_core.package_identification:_identify(cartographer_ros/cartographer_rviz) by extensions ['colcon_pkg']
[0.289s] Level 1:colcon.colcon_core.package_identification:_identify(cartographer_ros/cartographer_rviz) by extension 'colcon_pkg'
[0.289s] Level 1:colcon.colcon_core.package_identification:_identify(cartographer_ros/cartographer_rviz) by extensions ['colcon_meta']
[0.289s] Level 1:colcon.colcon_core.package_identification:_identify(cartographer_ros/cartographer_rviz) by extension 'colcon_meta'
[0.289s] Level 1:colcon.colcon_core.package_identification:_identify(cartographer_ros/cartographer_rviz) by extensions ['ros']
[0.289s] Level 1:colcon.colcon_core.package_identification:_identify(cartographer_ros/cartographer_rviz) by extension 'ros'
[0.291s] DEBUG:colcon.colcon_core.package_identification:Package 'cartographer_ros/cartographer_rviz' with type 'ros.ament_cmake' and name 'cartographer_rviz'
[0.291s] Level 1:colcon.colcon_core.package_identification:_identify(cartographer_ros/docs) by extensions ['ignore', 'ignore_ament_install']
[0.291s] Level 1:colcon.colcon_core.package_identification:_identify(cartographer_ros/docs) by extension 'ignore'
[0.291s] Level 1:colcon.colcon_core.package_identification:_identify(cartographer_ros/docs) ignored
[0.291s] Level 1:colcon.colcon_core.package_identification:_identify(cartographer_ros/scripts) by extensions ['ignore', 'ignore_ament_install']
[0.291s] Level 1:colcon.colcon_core.package_identification:_identify(cartographer_ros/scripts) by extension 'ignore'
[0.291s] Level 1:colcon.colcon_core.package_identification:_identify(cartographer_ros/scripts) by extension 'ignore_ament_install'
[0.291s] Level 1:colcon.colcon_core.package_identification:_identify(cartographer_ros/scripts) by extensions ['colcon_pkg']
[0.291s] Level 1:colcon.colcon_core.package_identification:_identify(cartographer_ros/scripts) by extension 'colcon_pkg'
[0.291s] Level 1:colcon.colcon_core.package_identification:_identify(cartographer_ros/scripts) by extensions ['colcon_meta']
[0.291s] Level 1:colcon.colcon_core.package_identification:_identify(cartographer_ros/scripts) by extension 'colcon_meta'
[0.291s] Level 1:colcon.colcon_core.package_identification:_identify(cartographer_ros/scripts) by extensions ['ros']
[0.291s] Level 1:colcon.colcon_core.package_identification:_identify(cartographer_ros/scripts) by extension 'ros'
[0.292s] Level 1:colcon.colcon_core.package_identification:_identify(cartographer_ros/scripts) by extensions ['cmake', 'python']
[0.292s] Level 1:colcon.colcon_core.package_identification:_identify(cartographer_ros/scripts) by extension 'cmake'
[0.292s] Level 1:colcon.colcon_core.package_identification:_identify(cartographer_ros/scripts) by extension 'python'
[0.292s] Level 1:colcon.colcon_core.package_identification:_identify(cartographer_ros/scripts) by extensions ['python_setup_py']
[0.292s] Level 1:colcon.colcon_core.package_identification:_identify(cartographer_ros/scripts) by extension 'python_setup_py'
[0.292s] Level 1:colcon.colcon_core.package_identification:_identify(cpp_package) by extensions ['ignore', 'ignore_ament_install']
[0.292s] Level 1:colcon.colcon_core.package_identification:_identify(cpp_package) by extension 'ignore'
[0.292s] Level 1:colcon.colcon_core.package_identification:_identify(cpp_package) by extension 'ignore_ament_install'
[0.292s] Level 1:colcon.colcon_core.package_identification:_identify(cpp_package) by extensions ['colcon_pkg']
[0.292s] Level 1:colcon.colcon_core.package_identification:_identify(cpp_package) by extension 'colcon_pkg'
[0.292s] Level 1:colcon.colcon_core.package_identification:_identify(cpp_package) by extensions ['colcon_meta']
[0.292s] Level 1:colcon.colcon_core.package_identification:_identify(cpp_package) by extension 'colcon_meta'
[0.292s] Level 1:colcon.colcon_core.package_identification:_identify(cpp_package) by extensions ['ros']
[0.292s] Level 1:colcon.colcon_core.package_identification:_identify(cpp_package) by extension 'ros'
[0.294s] DEBUG:colcon.colcon_core.package_identification:Package 'cpp_package' with type 'ros.ament_cmake' and name 'cpp_package'
[0.294s] Level 1:colcon.colcon_core.package_identification:_identify(gemini_interfaces) by extensions ['ignore', 'ignore_ament_install']
[0.294s] Level 1:colcon.colcon_core.package_identification:_identify(gemini_interfaces) by extension 'ignore'
[0.294s] Level 1:colcon.colcon_core.package_identification:_identify(gemini_interfaces) by extension 'ignore_ament_install'
[0.294s] Level 1:colcon.colcon_core.package_identification:_identify(gemini_interfaces) by extensions ['colcon_pkg']
[0.294s] Level 1:colcon.colcon_core.package_identification:_identify(gemini_interfaces) by extension 'colcon_pkg'
[0.294s] Level 1:colcon.colcon_core.package_identification:_identify(gemini_interfaces) by extensions ['colcon_meta']
[0.294s] Level 1:colcon.colcon_core.package_identification:_identify(gemini_interfaces) by extension 'colcon_meta'
[0.294s] Level 1:colcon.colcon_core.package_identification:_identify(gemini_interfaces) by extensions ['ros']
[0.294s] Level 1:colcon.colcon_core.package_identification:_identify(gemini_interfaces) by extension 'ros'
[0.294s] Level 1:colcon.colcon_core.package_identification:_identify(gemini_interfaces) by extensions ['cmake', 'python']
[0.294s] Level 1:colcon.colcon_core.package_identification:_identify(gemini_interfaces) by extension 'cmake'
[0.295s] Level 1:colcon.colcon_core.package_identification:_identify(gemini_interfaces) by extension 'python'
[0.295s] Level 1:colcon.colcon_core.package_identification:_identify(gemini_interfaces) by extensions ['python_setup_py']
[0.295s] Level 1:colcon.colcon_core.package_identification:_identify(gemini_interfaces) by extension 'python_setup_py'
[0.295s] Level 1:colcon.colcon_core.package_identification:_identify(gemini_pkg) by extensions ['ignore', 'ignore_ament_install']
[0.295s] Level 1:colcon.colcon_core.package_identification:_identify(gemini_pkg) by extension 'ignore'
[0.295s] Level 1:colcon.colcon_core.package_identification:_identify(gemini_pkg) by extension 'ignore_ament_install'
[0.295s] Level 1:colcon.colcon_core.package_identification:_identify(gemini_pkg) by extensions ['colcon_pkg']
[0.295s] Level 1:colcon.colcon_core.package_identification:_identify(gemini_pkg) by extension 'colcon_pkg'
[0.295s] Level 1:colcon.colcon_core.package_identification:_identify(gemini_pkg) by extensions ['colcon_meta']
[0.295s] Level 1:colcon.colcon_core.package_identification:_identify(gemini_pkg) by extension 'colcon_meta'
[0.295s] Level 1:colcon.colcon_core.package_identification:_identify(gemini_pkg) by extensions ['ros']
[0.295s] Level 1:colcon.colcon_core.package_identification:_identify(gemini_pkg) by extension 'ros'
[0.295s] Level 1:colcon.colcon_core.package_identification:_identify(gemini_pkg) by extensions ['cmake', 'python']
[0.295s] Level 1:colcon.colcon_core.package_identification:_identify(gemini_pkg) by extension 'cmake'
[0.295s] Level 1:colcon.colcon_core.package_identification:_identify(gemini_pkg) by extension 'python'
[0.295s] Level 1:colcon.colcon_core.package_identification:_identify(gemini_pkg) by extensions ['python_setup_py']
[0.295s] Level 1:colcon.colcon_core.package_identification:_identify(gemini_pkg) by extension 'python_setup_py'
[0.295s] Level 1:colcon.colcon_core.package_identification:_identify(install) by extensions ['ignore', 'ignore_ament_install']
[0.296s] Level 1:colcon.colcon_core.package_identification:_identify(install) by extension 'ignore'
[0.296s] Level 1:colcon.colcon_core.package_identification:_identify(install) ignored
[0.296s] Level 1:colcon.colcon_core.package_identification:_identify(log) by extensions ['ignore', 'ignore_ament_install']
[0.296s] Level 1:colcon.colcon_core.package_identification:_identify(log) by extension 'ignore'
[0.296s] Level 1:colcon.colcon_core.package_identification:_identify(log) ignored
[0.296s] Level 1:colcon.colcon_core.package_identification:_identify(mpu9250) by extensions ['ignore', 'ignore_ament_install']
[0.296s] Level 1:colcon.colcon_core.package_identification:_identify(mpu9250) by extension 'ignore'
[0.296s] Level 1:colcon.colcon_core.package_identification:_identify(mpu9250) by extension 'ignore_ament_install'
[0.296s] Level 1:colcon.colcon_core.package_identification:_identify(mpu9250) by extensions ['colcon_pkg']
[0.296s] Level 1:colcon.colcon_core.package_identification:_identify(mpu9250) by extension 'colcon_pkg'
[0.296s] Level 1:colcon.colcon_core.package_identification:_identify(mpu9250) by extensions ['colcon_meta']
[0.296s] Level 1:colcon.colcon_core.package_identification:_identify(mpu9250) by extension 'colcon_meta'
[0.296s] Level 1:colcon.colcon_core.package_identification:_identify(mpu9250) by extensions ['ros']
[0.296s] Level 1:colcon.colcon_core.package_identification:_identify(mpu9250) by extension 'ros'
[0.297s] DEBUG:colcon.colcon_core.package_identification:Package 'mpu9250' with type 'ros.ament_python' and name 'mpu9250'
[0.297s] Level 1:colcon.colcon_core.package_identification:_identify(optical_cane_rpi) by extensions ['ignore', 'ignore_ament_install']
[0.297s] Level 1:colcon.colcon_core.package_identification:_identify(optical_cane_rpi) by extension 'ignore'
[0.297s] Level 1:colcon.colcon_core.package_identification:_identify(optical_cane_rpi) by extension 'ignore_ament_install'
[0.297s] Level 1:colcon.colcon_core.package_identification:_identify(optical_cane_rpi) by extensions ['colcon_pkg']
[0.297s] Level 1:colcon.colcon_core.package_identification:_identify(optical_cane_rpi) by extension 'colcon_pkg'
[0.297s] Level 1:colcon.colcon_core.package_identification:_identify(optical_cane_rpi) by extensions ['colcon_meta']
[0.297s] Level 1:colcon.colcon_core.package_identification:_identify(optical_cane_rpi) by extension 'colcon_meta'
[0.297s] Level 1:colcon.colcon_core.package_identification:_identify(optical_cane_rpi) by extensions ['ros']
[0.297s] Level 1:colcon.colcon_core.package_identification:_identify(optical_cane_rpi) by extension 'ros'
[0.298s] DEBUG:colcon.colcon_core.package_identification:Package 'optical_cane_rpi' with type 'ros.ament_python' and name 'optical_cane_rpi'
[0.298s] Level 1:colcon.colcon_core.package_identification:_identify(sllidar_ros2) by extensions ['ignore', 'ignore_ament_install']
[0.299s] Level 1:colcon.colcon_core.package_identification:_identify(sllidar_ros2) by extension 'ignore'
[0.299s] Level 1:colcon.colcon_core.package_identification:_identify(sllidar_ros2) by extension 'ignore_ament_install'
[0.299s] Level 1:colcon.colcon_core.package_identification:_identify(sllidar_ros2) by extensions ['colcon_pkg']
[0.299s] Level 1:colcon.colcon_core.package_identification:_identify(sllidar_ros2) by extension 'colcon_pkg'
[0.299s] Level 1:colcon.colcon_core.package_identification:_identify(sllidar_ros2) by extensions ['colcon_meta']
[0.299s] Level 1:colcon.colcon_core.package_identification:_identify(sllidar_ros2) by extension 'colcon_meta'
[0.299s] Level 1:colcon.colcon_core.package_identification:_identify(sllidar_ros2) by extensions ['ros']
[0.299s] Level 1:colcon.colcon_core.package_identification:_identify(sllidar_ros2) by extension 'ros'
[0.300s] DEBUG:colcon.colcon_core.package_identification:Package 'sllidar_ros2' with type 'ros.ament_cmake' and name 'sllidar_ros2'
[0.300s] Level 1:colcon.colcon_core.package_identification:_identify(sweep_builder) by extensions ['ignore', 'ignore_ament_install']
[0.300s] Level 1:colcon.colcon_core.package_identification:_identify(sweep_builder) by extension 'ignore'
[0.300s] Level 1:colcon.colcon_core.package_identification:_identify(sweep_builder) by extension 'ignore_ament_install'
[0.300s] Level 1:colcon.colcon_core.package_identification:_identify(sweep_builder) by extensions ['colcon_pkg']
[0.300s] Level 1:colcon.colcon_core.package_identification:_identify(sweep_builder) by extension 'colcon_pkg'
[0.300s] Level 1:colcon.colcon_core.package_identification:_identify(sweep_builder) by extensions ['colcon_meta']
[0.300s] Level 1:colcon.colcon_core.package_identification:_identify(sweep_builder) by extension 'colcon_meta'
[0.300s] Level 1:colcon.colcon_core.package_identification:_identify(sweep_builder) by extensions ['ros']
[0.300s] Level 1:colcon.colcon_core.package_identification:_identify(sweep_builder) by extension 'ros'
[0.301s] DEBUG:colcon.colcon_core.package_identification:Package 'sweep_builder' with type 'ros.ament_python' and name 'sweep_builder'
[0.301s] Level 1:colcon.colcon_core.package_discovery:discover_packages(recursive) using defaults
[0.301s] Level 1:colcon.colcon_core.package_discovery:discover_packages(ignore) discover
[0.301s] Level 1:colcon.colcon_core.package_discovery:discover_packages(ignore) using defaults
[0.301s] Level 1:colcon.colcon_core.package_discovery:discover_packages(path) discover
[0.301s] Level 1:colcon.colcon_core.package_discovery:discover_packages(path) using defaults
[0.331s] INFO:colcon.colcon_core.package_selection:Skipping not selected package 'cartographer' in 'cartographer'
[0.331s] INFO:colcon.colcon_core.package_selection:Skipping not selected package 'cartographer_ros_msgs' in 'cartographer_ros/cartographer_ros_msgs'
[0.331s] INFO:colcon.colcon_core.package_selection:Skipping not selected package 'mpu9250' in 'mpu9250'
[0.331s] INFO:colcon.colcon_core.package_selection:Skipping not selected package 'sllidar_ros2' in 'sllidar_ros2'
[0.332s] INFO:colcon.colcon_core.package_selection:Skipping not selected package 'sweep_builder' in 'sweep_builder'
[0.332s] INFO:colcon.colcon_core.package_selection:Skipping not selected package 'cartographer_ros' in 'cartographer_ros/cartographer_ros'
[0.332s] INFO:colcon.colcon_core.package_selection:Skipping not selected package 'optical_cane_rpi' in 'optical_cane_rpi'
[0.332s] INFO:colcon.colcon_core.package_selection:Skipping not selected package 'cartographer_rviz' in 'cartographer_ros/cartographer_rviz'
[0.332s] Level 1:colcon.colcon_core.package_discovery:discover_packages(prefix_path) check parameters
[0.332s] Level 1:colcon.colcon_core.package_discovery:discover_packages(prefix_path) discover
[0.335s] DEBUG:colcon.colcon_installed_package_information.package_discovery:Found 9 installed packages in /home/p/ros2_ws/install
[0.338s] DEBUG:colcon.colcon_installed_package_information.package_discovery:Found 451 installed packages in /opt/ros/jazzy
[0.340s] Level 1:colcon.colcon_core.package_discovery:discover_packages(prefix_path) using defaults
[0.430s] Level 5:colcon.colcon_core.verb:set package 'cpp_package' build argument 'cmake_args' from command line to 'None'
[0.430s] Level 5:colcon.colcon_core.verb:set package 'cpp_package' build argument 'cmake_target' from command line to 'None'
[0.430s] Level 5:colcon.colcon_core.verb:set package 'cpp_package' build argument 'cmake_target_skip_unavailable' from command line to 'False'
[0.430s] Level 5:colcon.colcon_core.verb:set package 'cpp_package' build argument 'cmake_clean_cache' from command line to 'False'
[0.430s] Level 5:colcon.colcon_core.verb:set package 'cpp_package' build argument 'cmake_clean_first' from command line to 'False'
[0.430s] Level 5:colcon.colcon_core.verb:set package 'cpp_package' build argument 'cmake_force_configure' from command line to 'False'
[0.430s] Level 5:colcon.colcon_core.verb:set package 'cpp_package' build argument 'ament_cmake_args' from command line to 'None'
[0.430s] Level 5:colcon.colcon_core.verb:set package 'cpp_package' build argument 'catkin_cmake_args' from command line to 'None'
[0.430s] Level 5:colcon.colcon_core.verb:set package 'cpp_package' build argument 'catkin_skip_building_tests' from command line to 'False'
[0.430s] DEBUG:colcon.colcon_core.verb:Building package 'cpp_package' with the following arguments: {'ament_cmake_args': None, 'build_base': '/home/p/ros2_ws/src/build/cpp_package', 'catkin_cmake_args': None, 'catkin_skip_building_tests': False, 'cmake_args': None, 'cmake_clean_cache': False, 'cmake_clean_first': False, 'cmake_force_configure': False, 'cmake_target': None, 'cmake_target_skip_unavailable': False, 'install_base': '/home/p/ros2_ws/src/install/cpp_package', 'merge_install': False, 'path': '/home/p/ros2_ws/src/cpp_package', 'symlink_install': False, 'test_result_base': None}
[0.431s] INFO:colcon.colcon_core.executor:Executing jobs using 'parallel' executor
[0.432s] DEBUG:colcon.colcon_parallel_executor.executor.parallel:run_until_complete
[0.433s] INFO:colcon.colcon_ros.task.ament_cmake.build:Building ROS package in '/home/p/ros2_ws/src/cpp_package' with build type 'ament_cmake'
[0.434s] INFO:colcon.colcon_cmake.task.cmake.build:Building CMake package in '/home/p/ros2_ws/src/cpp_package'
[0.437s] INFO:colcon.colcon_core.plugin_system:Skipping extension 'colcon_core.shell.bat': Not used on non-Windows systems
[0.438s] INFO:colcon.colcon_core.shell:Skip shell extension 'powershell' for command environment: Not usable outside of PowerShell
[0.438s] DEBUG:colcon.colcon_core.shell:Skip shell extension 'dsv' for command environment
[0.455s] DEBUG:colcon.colcon_core.event_handler.log_command:Invoking command in '/home/p/ros2_ws/src/build/cpp_package': CMAKE_PREFIX_PATH=${CMAKE_PREFIX_PATH}:/home/p/ros2_ws/install/sweep_builder:/home/p/ros2_ws/install/optical_cane_rpi:/home/p/ros2_ws/install/mpu9250:/opt/ros/jazzy DEBUGINFOD_URLS=https://debuginfod.ubuntu.com /usr/bin/cmake --build /home/p/ros2_ws/src/build/cpp_package -- -j4 -l4
[51.400s] DEBUG:colcon.colcon_core.event_handler.log_command:Invoked command in '/home/p/ros2_ws/src/build/cpp_package' returned '2': CMAKE_PREFIX_PATH=${CMAKE_PREFIX_PATH}:/home/p/ros2_ws/install/sweep_builder:/home/p/ros2_ws/install/optical_cane_rpi:/home/p/ros2_ws/install/mpu9250:/opt/ros/jazzy DEBUGINFOD_URLS=https://debuginfod.ubuntu.com /usr/bin/cmake --build /home/p/ros2_ws/src/build/cpp_package -- -j4 -l4
[51.401s] Level 1:colcon.colcon_core.environment:create_environment_scripts_only(cpp_package)
[51.404s] Level 1:colcon.colcon_core.environment:checking '/home/p/ros2_ws/src/install/cpp_package' for CMake module files
[51.406s] Level 1:colcon.colcon_core.environment:checking '/home/p/ros2_ws/src/install/cpp_package' for CMake config files
[51.407s] Level 1:colcon.colcon_core.shell:create_environment_hook('cpp_package', 'cmake_prefix_path')
[51.407s] INFO:colcon.colcon_core.shell:Creating environment hook '/home/p/ros2_ws/src/install/cpp_package/share/cpp_package/hook/cmake_prefix_path.ps1'
[51.408s] INFO:colcon.colcon_core.shell:Creating environment descriptor '/home/p/ros2_ws/src/install/cpp_package/share/cpp_package/hook/cmake_prefix_path.dsv'
[51.409s] INFO:colcon.colcon_core.shell:Creating environment hook '/home/p/ros2_ws/src/install/cpp_package/share/cpp_package/hook/cmake_prefix_path.sh'
[51.410s] Level 1:colcon.colcon_core.environment:checking '/home/p/ros2_ws/src/install/cpp_package/lib'
[51.410s] Level 1:colcon.colcon_core.shell:create_environment_hook('cpp_package', 'ld_library_path_lib')
[51.411s] INFO:colcon.colcon_core.shell:Creating environment hook '/home/p/ros2_ws/src/install/cpp_package/share/cpp_package/hook/ld_library_path_lib.ps1'
[51.411s] INFO:colcon.colcon_core.shell:Creating environment descriptor '/home/p/ros2_ws/src/install/cpp_package/share/cpp_package/hook/ld_library_path_lib.dsv'
[51.412s] INFO:colcon.colcon_core.shell:Creating environment hook '/home/p/ros2_ws/src/install/cpp_package/share/cpp_package/hook/ld_library_path_lib.sh'
[51.413s] Level 1:colcon.colcon_core.environment:checking '/home/p/ros2_ws/src/install/cpp_package/bin'
[51.413s] Level 1:colcon.colcon_core.environment:checking '/home/p/ros2_ws/src/install/cpp_package/lib/pkgconfig/cpp_package.pc'
[51.413s] Level 1:colcon.colcon_core.environment:checking '/home/p/ros2_ws/src/install/cpp_package/lib/python3.12/site-packages'
[51.413s] Level 1:colcon.colcon_core.shell:create_environment_hook('cpp_package', 'pythonpath')
[51.413s] INFO:colcon.colcon_core.shell:Creating environment hook '/home/p/ros2_ws/src/install/cpp_package/share/cpp_package/hook/pythonpath.ps1'
[51.414s] INFO:colcon.colcon_core.shell:Creating environment descriptor '/home/p/ros2_ws/src/install/cpp_package/share/cpp_package/hook/pythonpath.dsv'
[51.415s] INFO:colcon.colcon_core.shell:Creating environment hook '/home/p/ros2_ws/src/install/cpp_package/share/cpp_package/hook/pythonpath.sh'
[51.416s] Level 1:colcon.colcon_core.environment:checking '/home/p/ros2_ws/src/install/cpp_package/bin'
[51.416s] INFO:colcon.colcon_core.shell:Creating package script '/home/p/ros2_ws/src/install/cpp_package/share/cpp_package/package.ps1'
[51.417s] INFO:colcon.colcon_core.shell:Creating package descriptor '/home/p/ros2_ws/src/install/cpp_package/share/cpp_package/package.dsv'
[51.418s] INFO:colcon.colcon_core.shell:Creating package script '/home/p/ros2_ws/src/install/cpp_package/share/cpp_package/package.sh'
[51.419s] INFO:colcon.colcon_core.shell:Creating package script '/home/p/ros2_ws/src/install/cpp_package/share/cpp_package/package.bash'
[51.420s] INFO:colcon.colcon_core.shell:Creating package script '/home/p/ros2_ws/src/install/cpp_package/share/cpp_package/package.zsh'
[51.421s] Level 1:colcon.colcon_core.environment:create_file_with_runtime_dependencies(/home/p/ros2_ws/src/install/cpp_package/share/colcon-core/packages/cpp_package)
[51.432s] DEBUG:colcon.colcon_parallel_executor.executor.parallel:closing loop
[51.432s] DEBUG:colcon.colcon_parallel_executor.executor.parallel:loop closed
[51.432s] DEBUG:colcon.colcon_parallel_executor.executor.parallel:run_until_complete finished with '2'
[51.432s] DEBUG:colcon.colcon_core.event_reactor:joining thread
[51.478s] INFO:colcon.colcon_core.plugin_system:Skipping extension 'colcon_notification.desktop_notification.terminal_notifier': Not used on non-Darwin systems
[51.478s] INFO:colcon.colcon_core.plugin_system:Skipping extension 'colcon_notification.desktop_notification.win32': Not used on non-Windows systems
[51.478s] INFO:colcon.colcon_notification.desktop_notification:Sending desktop notification using 'notify2'
[51.491s] DEBUG:colcon.colcon_core.event_reactor:joined thread
[51.491s] INFO:colcon.colcon_core.shell:Creating prefix script '/home/p/ros2_ws/src/install/local_setup.ps1'
[51.493s] INFO:colcon.colcon_core.shell:Creating prefix util module '/home/p/ros2_ws/src/install/_local_setup_util_ps1.py'
[51.498s] INFO:colcon.colcon_core.shell:Creating prefix chain script '/home/p/ros2_ws/src/install/setup.ps1'
[51.501s] INFO:colcon.colcon_core.shell:Creating prefix script '/home/p/ros2_ws/src/install/local_setup.sh'
[51.503s] INFO:colcon.colcon_core.shell:Creating prefix util module '/home/p/ros2_ws/src/install/_local_setup_util_sh.py'
[51.504s] INFO:colcon.colcon_core.shell:Creating prefix chain script '/home/p/ros2_ws/src/install/setup.sh'
[51.507s] INFO:colcon.colcon_core.shell:Creating prefix script '/home/p/ros2_ws/src/install/local_setup.bash'
[51.511s] INFO:colcon.colcon_core.shell:Creating prefix chain script '/home/p/ros2_ws/src/install/setup.bash'
[51.516s] INFO:colcon.colcon_core.shell:Creating prefix script '/home/p/ros2_ws/src/install/local_setup.zsh'
[51.518s] INFO:colcon.colcon_core.shell:Creating prefix chain script '/home/p/ros2_ws/src/install/setup.zsh'
