running develop
running egg_info
creating mpu9250.egg-info
writing mpu9250.egg-info/PKG-INFO
writing dependency_links to mpu9250.egg-info/dependency_links.txt
writing entry points to mpu9250.egg-info/entry_points.txt
writing requirements to mpu9250.egg-info/requires.txt
writing top-level names to mpu9250.egg-info/top_level.txt
writing manifest file 'mpu9250.egg-info/SOURCES.txt'
reading manifest file 'mpu9250.egg-info/SOURCES.txt'
writing manifest file 'mpu9250.egg-info/SOURCES.txt'
running build_ext
Creating /home/p/ros2_ws/install/mpu9250/lib/python3.12/site-packages/mpu9250.egg-link (link to .)
Installing mpu9250 script to /home/p/ros2_ws/install/mpu9250/lib/mpu9250
Installing mpu_filtered script to /home/p/ros2_ws/install/mpu9250/lib/mpu9250

Installed /home/p/ros2_ws/build/mpu9250
running symlink_data
creating /home/p/ros2_ws/install/mpu9250/share/ament_index
creating /home/p/ros2_ws/install/mpu9250/share/ament_index/resource_index
creating /home/p/ros2_ws/install/mpu9250/share/ament_index/resource_index/packages
symbolically linking /home/p/ros2_ws/build/mpu9250/resource/mpu9250 -> /home/p/ros2_ws/install/mpu9250/share/ament_index/resource_index/packages
symbolically linking /home/p/ros2_ws/build/mpu9250/package.xml -> /home/p/ros2_ws/install/mpu9250/share/mpu9250
creating /home/p/ros2_ws/install/mpu9250/share/mpu9250/launch
symbolically linking /home/p/ros2_ws/build/mpu9250/launch/mpu9250.launch.py -> /home/p/ros2_ws/install/mpu9250/share/mpu9250/launch
