[2.144s] Invoking command in '/home/p/ros2_ws/build/mpu9250': DEBUGINFOD_URLS=https://debuginfod.ubuntu.com PYTHONPATH=/home/p/ros2_ws/build/mpu9250/prefix_override:/usr/lib/python3/dist-packages/colcon_core/task/python/colcon_distutils_commands:/home/p/ros2_ws/install/mpu9250/lib/python3.12/site-packages:${PYTHONPATH} /usr/bin/python3 -W ignore:setup.py install is deprecated -W ignore:easy_install command is deprecated setup.py develop --editable --build-directory /home/p/ros2_ws/build/mpu9250/build --no-deps symlink_data
[2.994s] running develop
[3.534s] running egg_info
[3.534s] creating mpu9250.egg-info
[3.582s] writing mpu9250.egg-info/PKG-INFO
[3.583s] writing dependency_links to mpu9250.egg-info/dependency_links.txt
[3.583s] writing entry points to mpu9250.egg-info/entry_points.txt
[3.584s] writing requirements to mpu9250.egg-info/requires.txt
[3.584s] writing top-level names to mpu9250.egg-info/top_level.txt
[3.584s] writing manifest file 'mpu9250.egg-info/SOURCES.txt'
[3.713s] reading manifest file 'mpu9250.egg-info/SOURCES.txt'
[3.713s] writing manifest file 'mpu9250.egg-info/SOURCES.txt'
[3.774s] running build_ext
[3.774s] Creating /home/p/ros2_ws/install/mpu9250/lib/python3.12/site-packages/mpu9250.egg-link (link to .)
[3.776s] Installing mpu9250 script to /home/p/ros2_ws/install/mpu9250/lib/mpu9250
[3.777s] Installing mpu_filtered script to /home/p/ros2_ws/install/mpu9250/lib/mpu9250
[3.777s] 
[3.777s] Installed /home/p/ros2_ws/build/mpu9250
[3.777s] running symlink_data
[3.777s] creating /home/p/ros2_ws/install/mpu9250/share/ament_index
[3.777s] creating /home/p/ros2_ws/install/mpu9250/share/ament_index/resource_index
[3.777s] creating /home/p/ros2_ws/install/mpu9250/share/ament_index/resource_index/packages
[3.777s] symbolically linking /home/p/ros2_ws/build/mpu9250/resource/mpu9250 -> /home/p/ros2_ws/install/mpu9250/share/ament_index/resource_index/packages
[3.778s] symbolically linking /home/p/ros2_ws/build/mpu9250/package.xml -> /home/p/ros2_ws/install/mpu9250/share/mpu9250
[3.778s] creating /home/p/ros2_ws/install/mpu9250/share/mpu9250/launch
[3.778s] symbolically linking /home/p/ros2_ws/build/mpu9250/launch/mpu9250.launch.py -> /home/p/ros2_ws/install/mpu9250/share/mpu9250/launch
[3.934s] Invoked command in '/home/p/ros2_ws/build/mpu9250' returned '0': DEBUGINFOD_URLS=https://debuginfod.ubuntu.com PYTHONPATH=/home/p/ros2_ws/build/mpu9250/prefix_override:/usr/lib/python3/dist-packages/colcon_core/task/python/colcon_distutils_commands:/home/p/ros2_ws/install/mpu9250/lib/python3.12/site-packages:${PYTHONPATH} /usr/bin/python3 -W ignore:setup.py install is deprecated -W ignore:easy_install command is deprecated setup.py develop --editable --build-directory /home/p/ros2_ws/build/mpu9250/build --no-deps symlink_data
