[0.041s] Invoking command in '/home/p/ros2_ws/build/sllidar_ros2': CMAKE_PREFIX_PATH=${CMAKE_PREFIX_PATH}:/home/p/ros2_ws/install/sweep_builder:/home/p/ros2_ws/install/scan_to_pointcloud:/home/p/ros2_ws/install/mpu9250_py:/home/p/ros2_ws/install/mpu6050_py:/home/p/ros2_ws/install/lidar_imu_tf:/home/p/ros2_ws/install/lidar_imu_correction:/home/p/ros2_ws/install/lidar_icp_odometry:/opt/ros/jazzy DEBUGINFOD_URLS=https://debuginfod.ubuntu.com /usr/bin/cmake --build /home/p/ros2_ws/build/sllidar_ros2 -- -j4 -l4
[0.354s] [ 10%] Built target sllidar_client
[0.397s] [100%] Built target sllidar_node
[0.444s] Invoked command in '/home/p/ros2_ws/build/sllidar_ros2' returned '0': CMAKE_PREFIX_PATH=${CMAKE_PREFIX_PATH}:/home/p/ros2_ws/install/sweep_builder:/home/p/ros2_ws/install/scan_to_pointcloud:/home/p/ros2_ws/install/mpu9250_py:/home/p/ros2_ws/install/mpu6050_py:/home/p/ros2_ws/install/lidar_imu_tf:/home/p/ros2_ws/install/lidar_imu_correction:/home/p/ros2_ws/install/lidar_icp_odometry:/opt/ros/jazzy DEBUGINFOD_URLS=https://debuginfod.ubuntu.com /usr/bin/cmake --build /home/p/ros2_ws/build/sllidar_ros2 -- -j4 -l4
[0.444s] Invoking command in '/home/p/ros2_ws/build/sllidar_ros2': CMAKE_PREFIX_PATH=${CMAKE_PREFIX_PATH}:/home/p/ros2_ws/install/sweep_builder:/home/p/ros2_ws/install/scan_to_pointcloud:/home/p/ros2_ws/install/mpu9250_py:/home/p/ros2_ws/install/mpu6050_py:/home/p/ros2_ws/install/lidar_imu_tf:/home/p/ros2_ws/install/lidar_imu_correction:/home/p/ros2_ws/install/lidar_icp_odometry:/opt/ros/jazzy DEBUGINFOD_URLS=https://debuginfod.ubuntu.com /usr/bin/cmake --install /home/p/ros2_ws/build/sllidar_ros2
[0.498s] -- Install configuration: ""
[0.498s] -- Execute custom install script
[0.499s] -- Up-to-date symlink: /home/p/ros2_ws/install/sllidar_ros2/share/sllidar_ros2/launch/a2m8_with_9250_launch.py
[0.499s] -- Up-to-date symlink: /home/p/ros2_ws/install/sllidar_ros2/share/sllidar_ros2/launch/a2m8_with_filtred_9250_launch.py
[0.503s] -- Up-to-date symlink: /home/p/ros2_ws/install/sllidar_ros2/share/sllidar_ros2/launch/a2m8_with_filtred_9250_launch.py.bak
[0.503s] -- Up-to-date symlink: /home/p/ros2_ws/install/sllidar_ros2/share/sllidar_ros2/launch/combined_sensors_launch.py
[0.504s] -- Up-to-date symlink: /home/p/ros2_ws/install/sllidar_ros2/share/sllidar_ros2/launch/othres/sllidar_a1_launch.py
[0.504s] -- Up-to-date symlink: /home/p/ros2_ws/install/sllidar_ros2/share/sllidar_ros2/launch/othres/sllidar_a2m12_launch .py
[0.506s] -- Up-to-date symlink: /home/p/ros2_ws/install/sllidar_ros2/share/sllidar_ros2/launch/othres/sllidar_a2m7_launch.py
[0.510s] -- Up-to-date symlink: /home/p/ros2_ws/install/sllidar_ros2/share/sllidar_ros2/launch/othres/sllidar_a3_launch.py
[0.513s] -- Up-to-date symlink: /home/p/ros2_ws/install/sllidar_ros2/share/sllidar_ros2/launch/othres/sllidar_c1_launch.py
[0.513s] -- Up-to-date symlink: /home/p/ros2_ws/install/sllidar_ros2/share/sllidar_ros2/launch/othres/sllidar_s1_launch.py
[0.513s] -- Up-to-date symlink: /home/p/ros2_ws/install/sllidar_ros2/share/sllidar_ros2/launch/othres/sllidar_s1_tcp_launch.py
[0.513s] -- Up-to-date symlink: /home/p/ros2_ws/install/sllidar_ros2/share/sllidar_ros2/launch/othres/sllidar_s2_launch.py
[0.514s] -- Up-to-date symlink: /home/p/ros2_ws/install/sllidar_ros2/share/sllidar_ros2/launch/othres/sllidar_s2e_launch.py
[0.514s] -- Up-to-date symlink: /home/p/ros2_ws/install/sllidar_ros2/share/sllidar_ros2/launch/othres/sllidar_s3_launch.py
[0.514s] -- Up-to-date symlink: /home/p/ros2_ws/install/sllidar_ros2/share/sllidar_ros2/launch/othres/sllidar_t1_launch.py
[0.514s] -- Up-to-date symlink: /home/p/ros2_ws/install/sllidar_ros2/share/sllidar_ros2/launch/othres/view_sllidar_a1_launch.py
[0.514s] -- Up-to-date symlink: /home/p/ros2_ws/install/sllidar_ros2/share/sllidar_ros2/launch/othres/view_sllidar_a2m12_launch.py
[0.514s] -- Up-to-date symlink: /home/p/ros2_ws/install/sllidar_ros2/share/sllidar_ros2/launch/othres/view_sllidar_a2m7_launch.py
[0.514s] -- Up-to-date symlink: /home/p/ros2_ws/install/sllidar_ros2/share/sllidar_ros2/launch/othres/view_sllidar_a3_launch.py
[0.514s] -- Up-to-date symlink: /home/p/ros2_ws/install/sllidar_ros2/share/sllidar_ros2/launch/othres/view_sllidar_c1_launch.py
[0.514s] -- Up-to-date symlink: /home/p/ros2_ws/install/sllidar_ros2/share/sllidar_ros2/launch/othres/view_sllidar_s1_launch.py
[0.514s] -- Up-to-date symlink: /home/p/ros2_ws/install/sllidar_ros2/share/sllidar_ros2/launch/othres/view_sllidar_s1_tcp_launch.py
[0.515s] -- Up-to-date symlink: /home/p/ros2_ws/install/sllidar_ros2/share/sllidar_ros2/launch/othres/view_sllidar_s2_launch.py
[0.515s] -- Up-to-date symlink: /home/p/ros2_ws/install/sllidar_ros2/share/sllidar_ros2/launch/othres/view_sllidar_s2e_launch.py
[0.515s] -- Up-to-date symlink: /home/p/ros2_ws/install/sllidar_ros2/share/sllidar_ros2/launch/othres/view_sllidar_s3_launch.py
[0.516s] -- Up-to-date symlink: /home/p/ros2_ws/install/sllidar_ros2/share/sllidar_ros2/launch/othres/view_sllidar_t1_launch.py
[0.516s] -- Up-to-date symlink: /home/p/ros2_ws/install/sllidar_ros2/share/sllidar_ros2/launch/rplidar_a2m8_launch.py
[0.516s] -- Up-to-date symlink: /home/p/ros2_ws/install/sllidar_ros2/share/sllidar_ros2/launch/see_rplidar_a2m8_launch.py
[0.522s] -- Up-to-date symlink: /home/p/ros2_ws/install/sllidar_ros2/share/sllidar_ros2/launch/sensor_only_launch.py
[0.522s] -- Up-to-date symlink: /home/p/ros2_ws/install/sllidar_ros2/share/sllidar_ros2/launch/sllidar_a2m8_launch.py
[0.522s] -- Up-to-date symlink: /home/p/ros2_ws/install/sllidar_ros2/share/sllidar_ros2/launch/view_sllidar_a2m8_launch.py
[0.522s] -- Up-to-date symlink: /home/p/ros2_ws/install/sllidar_ros2/share/sllidar_ros2/rviz/sllidar_ros2.rviz
[0.522s] -- Up-to-date symlink: /home/p/ros2_ws/install/sllidar_ros2/share/sllidar_ros2/rviz/sllidar_with_imu.rviz
[0.525s] -- Up-to-date symlink: /home/p/ros2_ws/install/sllidar_ros2/lib/sllidar_ros2/sllidar_node
[0.531s] -- Up-to-date symlink: /home/p/ros2_ws/install/sllidar_ros2/lib/sllidar_ros2/sllidar_client
[0.531s] -- Up-to-date symlink: /home/p/ros2_ws/install/sllidar_ros2/share/ament_index/resource_index/package_run_dependencies/sllidar_ros2
[0.531s] -- Up-to-date symlink: /home/p/ros2_ws/install/sllidar_ros2/share/ament_index/resource_index/parent_prefix_path/sllidar_ros2
[0.531s] -- Up-to-date symlink: /home/p/ros2_ws/install/sllidar_ros2/share/sllidar_ros2/environment/ament_prefix_path.sh
[0.531s] -- Up-to-date symlink: /home/p/ros2_ws/install/sllidar_ros2/share/sllidar_ros2/environment/ament_prefix_path.dsv
[0.532s] -- Up-to-date symlink: /home/p/ros2_ws/install/sllidar_ros2/share/sllidar_ros2/environment/path.sh
[0.532s] -- Up-to-date symlink: /home/p/ros2_ws/install/sllidar_ros2/share/sllidar_ros2/environment/path.dsv
[0.534s] -- Up-to-date symlink: /home/p/ros2_ws/install/sllidar_ros2/share/sllidar_ros2/local_setup.bash
[0.537s] -- Up-to-date symlink: /home/p/ros2_ws/install/sllidar_ros2/share/sllidar_ros2/local_setup.sh
[0.538s] -- Up-to-date symlink: /home/p/ros2_ws/install/sllidar_ros2/share/sllidar_ros2/local_setup.zsh
[0.538s] -- Up-to-date symlink: /home/p/ros2_ws/install/sllidar_ros2/share/sllidar_ros2/local_setup.dsv
[0.539s] -- Symlinking: /home/p/ros2_ws/install/sllidar_ros2/share/sllidar_ros2/package.dsv
[0.594s] -- Up-to-date symlink: /home/p/ros2_ws/install/sllidar_ros2/share/ament_index/resource_index/packages/sllidar_ros2
[0.601s] -- Up-to-date symlink: /home/p/ros2_ws/install/sllidar_ros2/share/sllidar_ros2/cmake/ament_cmake_export_dependencies-extras.cmake
[0.601s] -- Up-to-date symlink: /home/p/ros2_ws/install/sllidar_ros2/share/sllidar_ros2/cmake/ament_cmake_export_include_directories-extras.cmake
[0.601s] -- Up-to-date symlink: /home/p/ros2_ws/install/sllidar_ros2/share/sllidar_ros2/cmake/sllidar_ros2Config.cmake
[0.603s] -- Up-to-date symlink: /home/p/ros2_ws/install/sllidar_ros2/share/sllidar_ros2/cmake/sllidar_ros2Config-version.cmake
[0.603s] -- Up-to-date symlink: /home/p/ros2_ws/install/sllidar_ros2/share/sllidar_ros2/package.xml
[0.622s] Invoked command in '/home/p/ros2_ws/build/sllidar_ros2' returned '0': CMAKE_PREFIX_PATH=${CMAKE_PREFIX_PATH}:/home/p/ros2_ws/install/sweep_builder:/home/p/ros2_ws/install/scan_to_pointcloud:/home/p/ros2_ws/install/mpu9250_py:/home/p/ros2_ws/install/mpu6050_py:/home/p/ros2_ws/install/lidar_imu_tf:/home/p/ros2_ws/install/lidar_imu_correction:/home/p/ros2_ws/install/lidar_icp_odometry:/opt/ros/jazzy DEBUGINFOD_URLS=https://debuginfod.ubuntu.com /usr/bin/cmake --install /home/p/ros2_ws/build/sllidar_ros2
