running egg_info
creating ../build/sweep_builder/sweep_builder.egg-info
writing ../build/sweep_builder/sweep_builder.egg-info/PKG-INFO
writing dependency_links to ../build/sweep_builder/sweep_builder.egg-info/dependency_links.txt
writing entry points to ../build/sweep_builder/sweep_builder.egg-info/entry_points.txt
writing requirements to ../build/sweep_builder/sweep_builder.egg-info/requires.txt
writing top-level names to ../build/sweep_builder/sweep_builder.egg-info/top_level.txt
writing manifest file '../build/sweep_builder/sweep_builder.egg-info/SOURCES.txt'
reading manifest file '../build/sweep_builder/sweep_builder.egg-info/SOURCES.txt'
writing manifest file '../build/sweep_builder/sweep_builder.egg-info/SOURCES.txt'
running build
running build_py
creating /home/p/ros2_ws/src/build/sweep_builder/build
creating /home/p/ros2_ws/src/build/sweep_builder/build/lib
creating /home/p/ros2_ws/src/build/sweep_builder/build/lib/sweep_builder
copying sweep_builder/point_preprocessor_node.py -> /home/p/ros2_ws/src/build/sweep_builder/build/lib/sweep_builder
copying sweep_builder/leveled_scan_node.py -> /home/p/ros2_ws/src/build/sweep_builder/build/lib/sweep_builder
copying sweep_builder/ground_aligned_scan_node.py -> /home/p/ros2_ws/src/build/sweep_builder/build/lib/sweep_builder
copying sweep_builder/__init__.py -> /home/p/ros2_ws/src/build/sweep_builder/build/lib/sweep_builder
copying sweep_builder/lidar_imu_filtered_to_pointcloud.py -> /home/p/ros2_ws/src/build/sweep_builder/build/lib/sweep_builder
copying sweep_builder/sweep_accumulator_node.py -> /home/p/ros2_ws/src/build/sweep_builder/build/lib/sweep_builder
copying sweep_builder/lidar_imu_to_pointcloud.py -> /home/p/ros2_ws/src/build/sweep_builder/build/lib/sweep_builder
running install
running install_lib
creating /home/p/ros2_ws/src/install/sweep_builder/lib/python3.12/site-packages/sweep_builder
copying /home/p/ros2_ws/src/build/sweep_builder/build/lib/sweep_builder/point_preprocessor_node.py -> /home/p/ros2_ws/src/install/sweep_builder/lib/python3.12/site-packages/sweep_builder
copying /home/p/ros2_ws/src/build/sweep_builder/build/lib/sweep_builder/leveled_scan_node.py -> /home/p/ros2_ws/src/install/sweep_builder/lib/python3.12/site-packages/sweep_builder
copying /home/p/ros2_ws/src/build/sweep_builder/build/lib/sweep_builder/ground_aligned_scan_node.py -> /home/p/ros2_ws/src/install/sweep_builder/lib/python3.12/site-packages/sweep_builder
copying /home/p/ros2_ws/src/build/sweep_builder/build/lib/sweep_builder/__init__.py -> /home/p/ros2_ws/src/install/sweep_builder/lib/python3.12/site-packages/sweep_builder
copying /home/p/ros2_ws/src/build/sweep_builder/build/lib/sweep_builder/lidar_imu_filtered_to_pointcloud.py -> /home/p/ros2_ws/src/install/sweep_builder/lib/python3.12/site-packages/sweep_builder
copying /home/p/ros2_ws/src/build/sweep_builder/build/lib/sweep_builder/sweep_accumulator_node.py -> /home/p/ros2_ws/src/install/sweep_builder/lib/python3.12/site-packages/sweep_builder
copying /home/p/ros2_ws/src/build/sweep_builder/build/lib/sweep_builder/lidar_imu_to_pointcloud.py -> /home/p/ros2_ws/src/install/sweep_builder/lib/python3.12/site-packages/sweep_builder
byte-compiling /home/p/ros2_ws/src/install/sweep_builder/lib/python3.12/site-packages/sweep_builder/point_preprocessor_node.py to point_preprocessor_node.cpython-312.pyc
byte-compiling /home/p/ros2_ws/src/install/sweep_builder/lib/python3.12/site-packages/sweep_builder/leveled_scan_node.py to leveled_scan_node.cpython-312.pyc
byte-compiling /home/p/ros2_ws/src/install/sweep_builder/lib/python3.12/site-packages/sweep_builder/ground_aligned_scan_node.py to ground_aligned_scan_node.cpython-312.pyc
byte-compiling /home/p/ros2_ws/src/install/sweep_builder/lib/python3.12/site-packages/sweep_builder/__init__.py to __init__.cpython-312.pyc
byte-compiling /home/p/ros2_ws/src/install/sweep_builder/lib/python3.12/site-packages/sweep_builder/lidar_imu_filtered_to_pointcloud.py to lidar_imu_filtered_to_pointcloud.cpython-312.pyc
byte-compiling /home/p/ros2_ws/src/install/sweep_builder/lib/python3.12/site-packages/sweep_builder/sweep_accumulator_node.py to sweep_accumulator_node.cpython-312.pyc
byte-compiling /home/p/ros2_ws/src/install/sweep_builder/lib/python3.12/site-packages/sweep_builder/lidar_imu_to_pointcloud.py to lidar_imu_to_pointcloud.cpython-312.pyc
running install_data
creating /home/p/ros2_ws/src/install/sweep_builder/share/ament_index
creating /home/p/ros2_ws/src/install/sweep_builder/share/ament_index/resource_index
creating /home/p/ros2_ws/src/install/sweep_builder/share/ament_index/resource_index/packages
copying resource/sweep_builder -> /home/p/ros2_ws/src/install/sweep_builder/share/ament_index/resource_index/packages
copying package.xml -> /home/p/ros2_ws/src/install/sweep_builder/share/sweep_builder
creating /home/p/ros2_ws/src/install/sweep_builder/share/sweep_builder/launch
copying launch/a2m8_with_9250_lio.launch.py -> /home/p/ros2_ws/src/install/sweep_builder/share/sweep_builder/launch
copying launch/imu_odom.launch.py -> /home/p/ros2_ws/src/install/sweep_builder/share/sweep_builder/launch
copying launch/slam_online.launch.py -> /home/p/ros2_ws/src/install/sweep_builder/share/sweep_builder/launch
creating /home/p/ros2_ws/src/install/sweep_builder/share/sweep_builder/config
copying config/ekf_params.yaml -> /home/p/ros2_ws/src/install/sweep_builder/share/sweep_builder/config
copying config/obstacle_costmap_params.yaml -> /home/p/ros2_ws/src/install/sweep_builder/share/sweep_builder/config
copying config/imu_odom.yaml -> /home/p/ros2_ws/src/install/sweep_builder/share/sweep_builder/config
copying config/slam_online.yaml -> /home/p/ros2_ws/src/install/sweep_builder/share/sweep_builder/config
copying config/ekf_local.yaml -> /home/p/ros2_ws/src/install/sweep_builder/share/sweep_builder/config
running install_egg_info
Copying ../build/sweep_builder/sweep_builder.egg-info to /home/p/ros2_ws/src/install/sweep_builder/lib/python3.12/site-packages/sweep_builder-0.0.1-py3.12.egg-info
running install_scripts
Installing ground_aligned_scan_node script to /home/p/ros2_ws/src/install/sweep_builder/lib/sweep_builder
Installing leveled_scan_node script to /home/p/ros2_ws/src/install/sweep_builder/lib/sweep_builder
Installing lidar_imu_filtered_to_pointcloud script to /home/p/ros2_ws/src/install/sweep_builder/lib/sweep_builder
Installing lidar_imu_to_pointcloud script to /home/p/ros2_ws/src/install/sweep_builder/lib/sweep_builder
Installing point_preprocessor_node script to /home/p/ros2_ws/src/install/sweep_builder/lib/sweep_builder
Installing sweep_accmulator_node script to /home/p/ros2_ws/src/install/sweep_builder/lib/sweep_builder
writing list of installed files to '/home/p/ros2_ws/src/build/sweep_builder/install.log'
