[2.788s] Invoking command in '/home/p/ros2_ws/src/sweep_builder': DEBUGINFOD_URLS=https://debuginfod.ubuntu.com PYTHONPATH=/home/p/ros2_ws/src/build/sweep_builder/prefix_override:/usr/lib/python3/dist-packages/colcon_core/task/python/colcon_distutils_commands:/home/p/ros2_ws/src/install/sweep_builder/lib/python3.12/site-packages:${PYTHONPATH} /usr/bin/python3 -W ignore:setup.py install is deprecated -W ignore:easy_install command is deprecated setup.py egg_info --egg-base ../build/sweep_builder build --build-base /home/p/ros2_ws/src/build/sweep_builder/build install --record /home/p/ros2_ws/src/build/sweep_builder/install.log --single-version-externally-managed install_data
[3.686s] running egg_info
[3.688s] creating ../build/sweep_builder/sweep_builder.egg-info
[3.783s] writing ../build/sweep_builder/sweep_builder.egg-info/PKG-INFO
[3.788s] writing dependency_links to ../build/sweep_builder/sweep_builder.egg-info/dependency_links.txt
[3.792s] writing entry points to ../build/sweep_builder/sweep_builder.egg-info/entry_points.txt
[3.793s] writing requirements to ../build/sweep_builder/sweep_builder.egg-info/requires.txt
[3.799s] writing top-level names to ../build/sweep_builder/sweep_builder.egg-info/top_level.txt
[3.799s] writing manifest file '../build/sweep_builder/sweep_builder.egg-info/SOURCES.txt'
[3.941s] reading manifest file '../build/sweep_builder/sweep_builder.egg-info/SOURCES.txt'
[3.944s] writing manifest file '../build/sweep_builder/sweep_builder.egg-info/SOURCES.txt'
[3.946s] running build
[3.949s] running build_py
[3.949s] creating /home/p/ros2_ws/src/build/sweep_builder/build
[3.949s] creating /home/p/ros2_ws/src/build/sweep_builder/build/lib
[3.949s] creating /home/p/ros2_ws/src/build/sweep_builder/build/lib/sweep_builder
[3.949s] copying sweep_builder/point_preprocessor_node.py -> /home/p/ros2_ws/src/build/sweep_builder/build/lib/sweep_builder
[3.950s] copying sweep_builder/leveled_scan_node.py -> /home/p/ros2_ws/src/build/sweep_builder/build/lib/sweep_builder
[3.950s] copying sweep_builder/ground_aligned_scan_node.py -> /home/p/ros2_ws/src/build/sweep_builder/build/lib/sweep_builder
[3.955s] copying sweep_builder/__init__.py -> /home/p/ros2_ws/src/build/sweep_builder/build/lib/sweep_builder
[3.956s] copying sweep_builder/lidar_imu_filtered_to_pointcloud.py -> /home/p/ros2_ws/src/build/sweep_builder/build/lib/sweep_builder
[3.956s] copying sweep_builder/sweep_accumulator_node.py -> /home/p/ros2_ws/src/build/sweep_builder/build/lib/sweep_builder
[3.956s] copying sweep_builder/lidar_imu_to_pointcloud.py -> /home/p/ros2_ws/src/build/sweep_builder/build/lib/sweep_builder
[3.956s] running install
[3.960s] running install_lib
[4.026s] creating /home/p/ros2_ws/src/install/sweep_builder/lib/python3.12/site-packages/sweep_builder
[4.031s] copying /home/p/ros2_ws/src/build/sweep_builder/build/lib/sweep_builder/point_preprocessor_node.py -> /home/p/ros2_ws/src/install/sweep_builder/lib/python3.12/site-packages/sweep_builder
[4.031s] copying /home/p/ros2_ws/src/build/sweep_builder/build/lib/sweep_builder/leveled_scan_node.py -> /home/p/ros2_ws/src/install/sweep_builder/lib/python3.12/site-packages/sweep_builder
[4.031s] copying /home/p/ros2_ws/src/build/sweep_builder/build/lib/sweep_builder/ground_aligned_scan_node.py -> /home/p/ros2_ws/src/install/sweep_builder/lib/python3.12/site-packages/sweep_builder
[4.031s] copying /home/p/ros2_ws/src/build/sweep_builder/build/lib/sweep_builder/__init__.py -> /home/p/ros2_ws/src/install/sweep_builder/lib/python3.12/site-packages/sweep_builder
[4.031s] copying /home/p/ros2_ws/src/build/sweep_builder/build/lib/sweep_builder/lidar_imu_filtered_to_pointcloud.py -> /home/p/ros2_ws/src/install/sweep_builder/lib/python3.12/site-packages/sweep_builder
[4.031s] copying /home/p/ros2_ws/src/build/sweep_builder/build/lib/sweep_builder/sweep_accumulator_node.py -> /home/p/ros2_ws/src/install/sweep_builder/lib/python3.12/site-packages/sweep_builder
[4.032s] copying /home/p/ros2_ws/src/build/sweep_builder/build/lib/sweep_builder/lidar_imu_to_pointcloud.py -> /home/p/ros2_ws/src/install/sweep_builder/lib/python3.12/site-packages/sweep_builder
[4.032s] byte-compiling /home/p/ros2_ws/src/install/sweep_builder/lib/python3.12/site-packages/sweep_builder/point_preprocessor_node.py to point_preprocessor_node.cpython-312.pyc
[4.032s] byte-compiling /home/p/ros2_ws/src/install/sweep_builder/lib/python3.12/site-packages/sweep_builder/leveled_scan_node.py to leveled_scan_node.cpython-312.pyc
[4.032s] byte-compiling /home/p/ros2_ws/src/install/sweep_builder/lib/python3.12/site-packages/sweep_builder/ground_aligned_scan_node.py to ground_aligned_scan_node.cpython-312.pyc
[4.034s] byte-compiling /home/p/ros2_ws/src/install/sweep_builder/lib/python3.12/site-packages/sweep_builder/__init__.py to __init__.cpython-312.pyc
[4.034s] byte-compiling /home/p/ros2_ws/src/install/sweep_builder/lib/python3.12/site-packages/sweep_builder/lidar_imu_filtered_to_pointcloud.py to lidar_imu_filtered_to_pointcloud.cpython-312.pyc
[4.035s] byte-compiling /home/p/ros2_ws/src/install/sweep_builder/lib/python3.12/site-packages/sweep_builder/sweep_accumulator_node.py to sweep_accumulator_node.cpython-312.pyc
[4.038s] byte-compiling /home/p/ros2_ws/src/install/sweep_builder/lib/python3.12/site-packages/sweep_builder/lidar_imu_to_pointcloud.py to lidar_imu_to_pointcloud.cpython-312.pyc
[4.039s] running install_data
[4.040s] creating /home/p/ros2_ws/src/install/sweep_builder/share/ament_index
[4.040s] creating /home/p/ros2_ws/src/install/sweep_builder/share/ament_index/resource_index
[4.041s] creating /home/p/ros2_ws/src/install/sweep_builder/share/ament_index/resource_index/packages
[4.041s] copying resource/sweep_builder -> /home/p/ros2_ws/src/install/sweep_builder/share/ament_index/resource_index/packages
[4.042s] copying package.xml -> /home/p/ros2_ws/src/install/sweep_builder/share/sweep_builder
[4.043s] creating /home/p/ros2_ws/src/install/sweep_builder/share/sweep_builder/launch
[4.043s] copying launch/a2m8_with_9250_lio.launch.py -> /home/p/ros2_ws/src/install/sweep_builder/share/sweep_builder/launch
[4.043s] copying launch/imu_odom.launch.py -> /home/p/ros2_ws/src/install/sweep_builder/share/sweep_builder/launch
[4.043s] copying launch/slam_online.launch.py -> /home/p/ros2_ws/src/install/sweep_builder/share/sweep_builder/launch
[4.043s] creating /home/p/ros2_ws/src/install/sweep_builder/share/sweep_builder/config
[4.043s] copying config/ekf_params.yaml -> /home/p/ros2_ws/src/install/sweep_builder/share/sweep_builder/config
[4.044s] copying config/obstacle_costmap_params.yaml -> /home/p/ros2_ws/src/install/sweep_builder/share/sweep_builder/config
[4.044s] copying config/imu_odom.yaml -> /home/p/ros2_ws/src/install/sweep_builder/share/sweep_builder/config
[4.044s] copying config/slam_online.yaml -> /home/p/ros2_ws/src/install/sweep_builder/share/sweep_builder/config
[4.044s] copying config/ekf_local.yaml -> /home/p/ros2_ws/src/install/sweep_builder/share/sweep_builder/config
[4.044s] running install_egg_info
[4.110s] Copying ../build/sweep_builder/sweep_builder.egg-info to /home/p/ros2_ws/src/install/sweep_builder/lib/python3.12/site-packages/sweep_builder-0.0.1-py3.12.egg-info
[4.116s] running install_scripts
[4.648s] Installing ground_aligned_scan_node script to /home/p/ros2_ws/src/install/sweep_builder/lib/sweep_builder
[4.649s] Installing leveled_scan_node script to /home/p/ros2_ws/src/install/sweep_builder/lib/sweep_builder
[4.649s] Installing lidar_imu_filtered_to_pointcloud script to /home/p/ros2_ws/src/install/sweep_builder/lib/sweep_builder
[4.650s] Installing lidar_imu_to_pointcloud script to /home/p/ros2_ws/src/install/sweep_builder/lib/sweep_builder
[4.653s] Installing point_preprocessor_node script to /home/p/ros2_ws/src/install/sweep_builder/lib/sweep_builder
[4.653s] Installing sweep_accmulator_node script to /home/p/ros2_ws/src/install/sweep_builder/lib/sweep_builder
[4.654s] writing list of installed files to '/home/p/ros2_ws/src/build/sweep_builder/install.log'
[4.766s] Invoked command in '/home/p/ros2_ws/src/sweep_builder' returned '0': DEBUGINFOD_URLS=https://debuginfod.ubuntu.com PYTHONPATH=/home/p/ros2_ws/src/build/sweep_builder/prefix_override:/usr/lib/python3/dist-packages/colcon_core/task/python/colcon_distutils_commands:/home/p/ros2_ws/src/install/sweep_builder/lib/python3.12/site-packages:${PYTHONPATH} /usr/bin/python3 -W ignore:setup.py install is deprecated -W ignore:easy_install command is deprecated setup.py egg_info --egg-base ../build/sweep_builder build --build-base /home/p/ros2_ws/src/build/sweep_builder/build install --record /home/p/ros2_ws/src/build/sweep_builder/install.log --single-version-externally-managed install_data
