[0.075s] Invoking command in '/home/p/ros2_ws/src/build/cartographer_ros_msgs': CMAKE_PREFIX_PATH=${CMAKE_PREFIX_PATH}:/home/p/ros2_ws/install/sweep_builder:/home/p/ros2_ws/install/optical_cane_rpi:/home/p/ros2_ws/install/mpu9250:/opt/ros/jazzy DEBUGINFOD_URLS=https://debuginfod.ubuntu.com /usr/bin/cmake --build /home/p/ros2_ws/src/build/cartographer_ros_msgs -- -j4 -l4
[1.105s] [  1%] Built target cartographer_ros_msgs__rosidl_generator_type_description
[1.110s] [  1%] Built target cartographer_ros_msgs__cpp
[1.111s] [ 29%] Built target cartographer_ros_msgs__rosidl_generator_c
[1.111s] [ 39%] Built target cartographer_ros_msgs__rosidl_typesupport_cpp
[1.111s] [ 49%] Built target cartographer_ros_msgs__rosidl_typesupport_introspection_c
[1.111s] [ 58%] Built target cartographer_ros_msgs__rosidl_typesupport_fastrtps_c
[1.111s] [ 68%] Built target cartographer_ros_msgs__rosidl_typesupport_c
[1.233s] [ 78%] Built target cartographer_ros_msgs__rosidl_typesupport_introspection_cpp
[1.245s] [ 88%] Built target cartographer_ros_msgs__rosidl_typesupport_fastrtps_cpp
[1.342s] [ 88%] Built target ament_cmake_python_copy_cartographer_ros_msgs
[1.463s] [ 88%] Built target cartographer_ros_msgs
[1.638s] [ 88%] Built target cartographer_ros_msgs__py
[1.883s] [ 97%] Built target cartographer_ros_msgs__rosidl_generator_py
[2.085s] [ 98%] Built target cartographer_ros_msgs_s__rosidl_typesupport_fastrtps_c
[2.117s] [ 99%] Built target cartographer_ros_msgs_s__rosidl_typesupport_introspection_c
[2.131s] [100%] Built target cartographer_ros_msgs_s__rosidl_typesupport_c
[2.851s] running egg_info
[2.919s] writing cartographer_ros_msgs.egg-info/PKG-INFO
[2.919s] writing dependency_links to cartographer_ros_msgs.egg-info/dependency_links.txt
[2.920s] writing top-level names to cartographer_ros_msgs.egg-info/top_level.txt
[3.362s] reading manifest file 'cartographer_ros_msgs.egg-info/SOURCES.txt'
[3.368s] writing manifest file 'cartographer_ros_msgs.egg-info/SOURCES.txt'
[3.574s] [100%] Built target ament_cmake_python_build_cartographer_ros_msgs_egg
[3.645s] Invoked command in '/home/p/ros2_ws/src/build/cartographer_ros_msgs' returned '0': CMAKE_PREFIX_PATH=${CMAKE_PREFIX_PATH}:/home/p/ros2_ws/install/sweep_builder:/home/p/ros2_ws/install/optical_cane_rpi:/home/p/ros2_ws/install/mpu9250:/opt/ros/jazzy DEBUGINFOD_URLS=https://debuginfod.ubuntu.com /usr/bin/cmake --build /home/p/ros2_ws/src/build/cartographer_ros_msgs -- -j4 -l4
[3.713s] Invoking command in '/home/p/ros2_ws/src/build/cartographer_ros_msgs': CMAKE_PREFIX_PATH=${CMAKE_PREFIX_PATH}:/home/p/ros2_ws/install/sweep_builder:/home/p/ros2_ws/install/optical_cane_rpi:/home/p/ros2_ws/install/mpu9250:/opt/ros/jazzy DEBUGINFOD_URLS=https://debuginfod.ubuntu.com /usr/bin/cmake --install /home/p/ros2_ws/src/build/cartographer_ros_msgs
[3.761s] -- Install configuration: ""
[3.761s] -- Up-to-date: /home/p/ros2_ws/src/install/cartographer_ros_msgs/share/ament_index/resource_index/rosidl_interfaces/cartographer_ros_msgs
[3.761s] -- Up-to-date: /home/p/ros2_ws/src/install/cartographer_ros_msgs/share/cartographer_ros_msgs/msg/BagfileProgress.json
[3.761s] -- Up-to-date: /home/p/ros2_ws/src/install/cartographer_ros_msgs/share/cartographer_ros_msgs/msg/HistogramBucket.json
[3.761s] -- Up-to-date: /home/p/ros2_ws/src/install/cartographer_ros_msgs/share/cartographer_ros_msgs/msg/LandmarkEntry.json
[3.763s] -- Up-to-date: /home/p/ros2_ws/src/install/cartographer_ros_msgs/share/cartographer_ros_msgs/msg/LandmarkList.json
[3.763s] -- Up-to-date: /home/p/ros2_ws/src/install/cartographer_ros_msgs/share/cartographer_ros_msgs/msg/MetricFamily.json
[3.763s] -- Up-to-date: /home/p/ros2_ws/src/install/cartographer_ros_msgs/share/cartographer_ros_msgs/msg/MetricLabel.json
[3.764s] -- Up-to-date: /home/p/ros2_ws/src/install/cartographer_ros_msgs/share/cartographer_ros_msgs/msg/Metric.json
[3.764s] -- Up-to-date: /home/p/ros2_ws/src/install/cartographer_ros_msgs/share/cartographer_ros_msgs/msg/StatusCode.json
[3.765s] -- Up-to-date: /home/p/ros2_ws/src/install/cartographer_ros_msgs/share/cartographer_ros_msgs/msg/StatusResponse.json
[3.766s] -- Up-to-date: /home/p/ros2_ws/src/install/cartographer_ros_msgs/share/cartographer_ros_msgs/msg/SubmapEntry.json
[3.766s] -- Up-to-date: /home/p/ros2_ws/src/install/cartographer_ros_msgs/share/cartographer_ros_msgs/msg/SubmapList.json
[3.766s] -- Up-to-date: /home/p/ros2_ws/src/install/cartographer_ros_msgs/share/cartographer_ros_msgs/msg/SubmapTexture.json
[3.766s] -- Up-to-date: /home/p/ros2_ws/src/install/cartographer_ros_msgs/share/cartographer_ros_msgs/msg/TrajectoryStates.json
[3.766s] -- Up-to-date: /home/p/ros2_ws/src/install/cartographer_ros_msgs/share/cartographer_ros_msgs/srv/FinishTrajectory.json
[3.766s] -- Up-to-date: /home/p/ros2_ws/src/install/cartographer_ros_msgs/share/cartographer_ros_msgs/srv/GetTrajectoryStates.json
[3.766s] -- Up-to-date: /home/p/ros2_ws/src/install/cartographer_ros_msgs/share/cartographer_ros_msgs/srv/ReadMetrics.json
[3.766s] -- Up-to-date: /home/p/ros2_ws/src/install/cartographer_ros_msgs/share/cartographer_ros_msgs/srv/StartTrajectory.json
[3.767s] -- Up-to-date: /home/p/ros2_ws/src/install/cartographer_ros_msgs/share/cartographer_ros_msgs/srv/TrajectoryQuery.json
[3.767s] -- Up-to-date: /home/p/ros2_ws/src/install/cartographer_ros_msgs/share/cartographer_ros_msgs/srv/SubmapQuery.json
[3.767s] -- Up-to-date: /home/p/ros2_ws/src/install/cartographer_ros_msgs/share/cartographer_ros_msgs/srv/WriteState.json
[3.767s] -- Up-to-date: /home/p/ros2_ws/src/install/cartographer_ros_msgs/include/cartographer_ros_msgs/cartographer_ros_msgs
[3.767s] -- Up-to-date: /home/p/ros2_ws/src/install/cartographer_ros_msgs/include/cartographer_ros_msgs/cartographer_ros_msgs/srv
[3.767s] -- Up-to-date: /home/p/ros2_ws/src/install/cartographer_ros_msgs/include/cartographer_ros_msgs/cartographer_ros_msgs/srv/finish_trajectory.h
[3.767s] -- Up-to-date: /home/p/ros2_ws/src/install/cartographer_ros_msgs/include/cartographer_ros_msgs/cartographer_ros_msgs/srv/trajectory_query.h
[3.767s] -- Up-to-date: /home/p/ros2_ws/src/install/cartographer_ros_msgs/include/cartographer_ros_msgs/cartographer_ros_msgs/srv/detail
[3.767s] -- Up-to-date: /home/p/ros2_ws/src/install/cartographer_ros_msgs/include/cartographer_ros_msgs/cartographer_ros_msgs/srv/detail/write_state__description.c
[3.768s] -- Up-to-date: /home/p/ros2_ws/src/install/cartographer_ros_msgs/include/cartographer_ros_msgs/cartographer_ros_msgs/srv/detail/read_metrics__struct.h
[3.768s] -- Installing: /home/p/ros2_ws/src/install/cartographer_ros_msgs/include/cartographer_ros_msgs/cartographer_ros_msgs/srv/detail/trajectory_query__type_support.c
[3.780s] -- Installing: /home/p/ros2_ws/src/install/cartographer_ros_msgs/include/cartographer_ros_msgs/cartographer_ros_msgs/srv/detail/start_trajectory__type_support.c
[3.789s] -- Up-to-date: /home/p/ros2_ws/src/install/cartographer_ros_msgs/include/cartographer_ros_msgs/cartographer_ros_msgs/srv/detail/write_state__functions.h
[3.789s] -- Up-to-date: /home/p/ros2_ws/src/install/cartographer_ros_msgs/include/cartographer_ros_msgs/cartographer_ros_msgs/srv/detail/trajectory_query__struct.h
[3.790s] -- Up-to-date: /home/p/ros2_ws/src/install/cartographer_ros_msgs/include/cartographer_ros_msgs/cartographer_ros_msgs/srv/detail/start_trajectory__struct.h
[3.790s] -- Up-to-date: /home/p/ros2_ws/src/install/cartographer_ros_msgs/include/cartographer_ros_msgs/cartographer_ros_msgs/srv/detail/trajectory_query__functions.c
[3.790s] -- Up-to-date: /home/p/ros2_ws/src/install/cartographer_ros_msgs/include/cartographer_ros_msgs/cartographer_ros_msgs/srv/detail/finish_trajectory__functions.h
[3.790s] -- Up-to-date: /home/p/ros2_ws/src/install/cartographer_ros_msgs/include/cartographer_ros_msgs/cartographer_ros_msgs/srv/detail/write_state__functions.c
[3.790s] -- Up-to-date: /home/p/ros2_ws/src/install/cartographer_ros_msgs/include/cartographer_ros_msgs/cartographer_ros_msgs/srv/detail/read_metrics__functions.c
[3.790s] -- Up-to-date: /home/p/ros2_ws/src/install/cartographer_ros_msgs/include/cartographer_ros_msgs/cartographer_ros_msgs/srv/detail/finish_trajectory__functions.c
[3.790s] -- Installing: /home/p/ros2_ws/src/install/cartographer_ros_msgs/include/cartographer_ros_msgs/cartographer_ros_msgs/srv/detail/get_trajectory_states__type_support.c
[3.800s] -- Installing: /home/p/ros2_ws/src/install/cartographer_ros_msgs/include/cartographer_ros_msgs/cartographer_ros_msgs/srv/detail/finish_trajectory__type_support.c
[3.811s] -- Up-to-date: /home/p/ros2_ws/src/install/cartographer_ros_msgs/include/cartographer_ros_msgs/cartographer_ros_msgs/srv/detail/start_trajectory__description.c
[3.811s] -- Up-to-date: /home/p/ros2_ws/src/install/cartographer_ros_msgs/include/cartographer_ros_msgs/cartographer_ros_msgs/srv/detail/submap_query__struct.h
[3.812s] -- Installing: /home/p/ros2_ws/src/install/cartographer_ros_msgs/include/cartographer_ros_msgs/cartographer_ros_msgs/srv/detail/submap_query__type_support.c
[3.817s] -- Up-to-date: /home/p/ros2_ws/src/install/cartographer_ros_msgs/include/cartographer_ros_msgs/cartographer_ros_msgs/srv/detail/finish_trajectory__type_support.h
[3.817s] -- Installing: /home/p/ros2_ws/src/install/cartographer_ros_msgs/include/cartographer_ros_msgs/cartographer_ros_msgs/srv/detail/write_state__type_support.c
[3.823s] -- Up-to-date: /home/p/ros2_ws/src/install/cartographer_ros_msgs/include/cartographer_ros_msgs/cartographer_ros_msgs/srv/detail/finish_trajectory__struct.h
[3.823s] -- Up-to-date: /home/p/ros2_ws/src/install/cartographer_ros_msgs/include/cartographer_ros_msgs/cartographer_ros_msgs/srv/detail/get_trajectory_states__description.c
[3.827s] -- Up-to-date: /home/p/ros2_ws/src/install/cartographer_ros_msgs/include/cartographer_ros_msgs/cartographer_ros_msgs/srv/detail/write_state__type_support.h
[3.827s] -- Up-to-date: /home/p/ros2_ws/src/install/cartographer_ros_msgs/include/cartographer_ros_msgs/cartographer_ros_msgs/srv/detail/get_trajectory_states__type_support.h
[3.827s] -- Up-to-date: /home/p/ros2_ws/src/install/cartographer_ros_msgs/include/cartographer_ros_msgs/cartographer_ros_msgs/srv/detail/trajectory_query__type_support.h
[3.827s] -- Up-to-date: /home/p/ros2_ws/src/install/cartographer_ros_msgs/include/cartographer_ros_msgs/cartographer_ros_msgs/srv/detail/get_trajectory_states__struct.h
[3.827s] -- Up-to-date: /home/p/ros2_ws/src/install/cartographer_ros_msgs/include/cartographer_ros_msgs/cartographer_ros_msgs/srv/detail/submap_query__description.c
[3.827s] -- Up-to-date: /home/p/ros2_ws/src/install/cartographer_ros_msgs/include/cartographer_ros_msgs/cartographer_ros_msgs/srv/detail/submap_query__functions.h
[3.828s] -- Up-to-date: /home/p/ros2_ws/src/install/cartographer_ros_msgs/include/cartographer_ros_msgs/cartographer_ros_msgs/srv/detail/trajectory_query__description.c
[3.828s] -- Up-to-date: /home/p/ros2_ws/src/install/cartographer_ros_msgs/include/cartographer_ros_msgs/cartographer_ros_msgs/srv/detail/start_trajectory__functions.c
[3.828s] -- Up-to-date: /home/p/ros2_ws/src/install/cartographer_ros_msgs/include/cartographer_ros_msgs/cartographer_ros_msgs/srv/detail/start_trajectory__type_support.h
[3.828s] -- Up-to-date: /home/p/ros2_ws/src/install/cartographer_ros_msgs/include/cartographer_ros_msgs/cartographer_ros_msgs/srv/detail/start_trajectory__functions.h
[3.828s] -- Up-to-date: /home/p/ros2_ws/src/install/cartographer_ros_msgs/include/cartographer_ros_msgs/cartographer_ros_msgs/srv/detail/trajectory_query__functions.h
[3.828s] -- Up-to-date: /home/p/ros2_ws/src/install/cartographer_ros_msgs/include/cartographer_ros_msgs/cartographer_ros_msgs/srv/detail/submap_query__type_support.h
[3.828s] -- Up-to-date: /home/p/ros2_ws/src/install/cartographer_ros_msgs/include/cartographer_ros_msgs/cartographer_ros_msgs/srv/detail/get_trajectory_states__functions.h
[3.828s] -- Up-to-date: /home/p/ros2_ws/src/install/cartographer_ros_msgs/include/cartographer_ros_msgs/cartographer_ros_msgs/srv/detail/submap_query__functions.c
[3.828s] -- Up-to-date: /home/p/ros2_ws/src/install/cartographer_ros_msgs/include/cartographer_ros_msgs/cartographer_ros_msgs/srv/detail/read_metrics__functions.h
[3.834s] -- Up-to-date: /home/p/ros2_ws/src/install/cartographer_ros_msgs/include/cartographer_ros_msgs/cartographer_ros_msgs/srv/detail/read_metrics__description.c
[3.834s] -- Up-to-date: /home/p/ros2_ws/src/install/cartographer_ros_msgs/include/cartographer_ros_msgs/cartographer_ros_msgs/srv/detail/finish_trajectory__description.c
[3.835s] -- Installing: /home/p/ros2_ws/src/install/cartographer_ros_msgs/include/cartographer_ros_msgs/cartographer_ros_msgs/srv/detail/read_metrics__type_support.c
[3.835s] -- Up-to-date: /home/p/ros2_ws/src/install/cartographer_ros_msgs/include/cartographer_ros_msgs/cartographer_ros_msgs/srv/detail/read_metrics__type_support.h
[3.835s] -- Up-to-date: /home/p/ros2_ws/src/install/cartographer_ros_msgs/include/cartographer_ros_msgs/cartographer_ros_msgs/srv/detail/get_trajectory_states__functions.c
[3.835s] -- Up-to-date: /home/p/ros2_ws/src/install/cartographer_ros_msgs/include/cartographer_ros_msgs/cartographer_ros_msgs/srv/detail/write_state__struct.h
[3.835s] -- Up-to-date: /home/p/ros2_ws/src/install/cartographer_ros_msgs/include/cartographer_ros_msgs/cartographer_ros_msgs/srv/start_trajectory.h
[3.835s] -- Up-to-date: /home/p/ros2_ws/src/install/cartographer_ros_msgs/include/cartographer_ros_msgs/cartographer_ros_msgs/srv/get_trajectory_states.h
[3.835s] -- Up-to-date: /home/p/ros2_ws/src/install/cartographer_ros_msgs/include/cartographer_ros_msgs/cartographer_ros_msgs/srv/read_metrics.h
[3.835s] -- Up-to-date: /home/p/ros2_ws/src/install/cartographer_ros_msgs/include/cartographer_ros_msgs/cartographer_ros_msgs/srv/write_state.h
[3.835s] -- Up-to-date: /home/p/ros2_ws/src/install/cartographer_ros_msgs/include/cartographer_ros_msgs/cartographer_ros_msgs/srv/submap_query.h
[3.835s] -- Up-to-date: /home/p/ros2_ws/src/install/cartographer_ros_msgs/include/cartographer_ros_msgs/cartographer_ros_msgs/msg
[3.836s] -- Up-to-date: /home/p/ros2_ws/src/install/cartographer_ros_msgs/include/cartographer_ros_msgs/cartographer_ros_msgs/msg/metric_family.h
[3.836s] -- Up-to-date: /home/p/ros2_ws/src/install/cartographer_ros_msgs/include/cartographer_ros_msgs/cartographer_ros_msgs/msg/submap_entry.h
[3.836s] -- Up-to-date: /home/p/ros2_ws/src/install/cartographer_ros_msgs/include/cartographer_ros_msgs/cartographer_ros_msgs/msg/histogram_bucket.h
[3.836s] -- Up-to-date: /home/p/ros2_ws/src/install/cartographer_ros_msgs/include/cartographer_ros_msgs/cartographer_ros_msgs/msg/metric_label.h
[3.836s] -- Up-to-date: /home/p/ros2_ws/src/install/cartographer_ros_msgs/include/cartographer_ros_msgs/cartographer_ros_msgs/msg/rosidl_generator_c__visibility_control.h
[3.836s] -- Up-to-date: /home/p/ros2_ws/src/install/cartographer_ros_msgs/include/cartographer_ros_msgs/cartographer_ros_msgs/msg/bagfile_progress.h
[3.836s] -- Up-to-date: /home/p/ros2_ws/src/install/cartographer_ros_msgs/include/cartographer_ros_msgs/cartographer_ros_msgs/msg/metric.h
[3.836s] -- Up-to-date: /home/p/ros2_ws/src/install/cartographer_ros_msgs/include/cartographer_ros_msgs/cartographer_ros_msgs/msg/landmark_list.h
[3.836s] -- Up-to-date: /home/p/ros2_ws/src/install/cartographer_ros_msgs/include/cartographer_ros_msgs/cartographer_ros_msgs/msg/detail
[3.837s] -- Up-to-date: /home/p/ros2_ws/src/install/cartographer_ros_msgs/include/cartographer_ros_msgs/cartographer_ros_msgs/msg/detail/landmark_list__description.c
[3.837s] -- Up-to-date: /home/p/ros2_ws/src/install/cartographer_ros_msgs/include/cartographer_ros_msgs/cartographer_ros_msgs/msg/detail/status_response__type_support.h
[3.837s] -- Up-to-date: /home/p/ros2_ws/src/install/cartographer_ros_msgs/include/cartographer_ros_msgs/cartographer_ros_msgs/msg/detail/landmark_list__type_support.h
[3.837s] -- Up-to-date: /home/p/ros2_ws/src/install/cartographer_ros_msgs/include/cartographer_ros_msgs/cartographer_ros_msgs/msg/detail/submap_entry__functions.c
[3.845s] -- Up-to-date: /home/p/ros2_ws/src/install/cartographer_ros_msgs/include/cartographer_ros_msgs/cartographer_ros_msgs/msg/detail/metric_label__type_support.h
[3.845s] -- Up-to-date: /home/p/ros2_ws/src/install/cartographer_ros_msgs/include/cartographer_ros_msgs/cartographer_ros_msgs/msg/detail/landmark_entry__struct.h
[3.845s] -- Installing: /home/p/ros2_ws/src/install/cartographer_ros_msgs/include/cartographer_ros_msgs/cartographer_ros_msgs/msg/detail/landmark_entry__type_support.c
[3.852s] -- Up-to-date: /home/p/ros2_ws/src/install/cartographer_ros_msgs/include/cartographer_ros_msgs/cartographer_ros_msgs/msg/detail/bagfile_progress__struct.h
[3.854s] -- Installing: /home/p/ros2_ws/src/install/cartographer_ros_msgs/include/cartographer_ros_msgs/cartographer_ros_msgs/msg/detail/bagfile_progress__type_support.c
[3.857s] -- Installing: /home/p/ros2_ws/src/install/cartographer_ros_msgs/include/cartographer_ros_msgs/cartographer_ros_msgs/msg/detail/status_response__type_support.c
[3.871s] -- Up-to-date: /home/p/ros2_ws/src/install/cartographer_ros_msgs/include/cartographer_ros_msgs/cartographer_ros_msgs/msg/detail/bagfile_progress__functions.c
[3.872s] -- Up-to-date: /home/p/ros2_ws/src/install/cartographer_ros_msgs/include/cartographer_ros_msgs/cartographer_ros_msgs/msg/detail/submap_texture__functions.h
[3.872s] -- Up-to-date: /home/p/ros2_ws/src/install/cartographer_ros_msgs/include/cartographer_ros_msgs/cartographer_ros_msgs/msg/detail/submap_texture__description.c
[3.872s] -- Up-to-date: /home/p/ros2_ws/src/install/cartographer_ros_msgs/include/cartographer_ros_msgs/cartographer_ros_msgs/msg/detail/histogram_bucket__functions.h
[3.872s] -- Up-to-date: /home/p/ros2_ws/src/install/cartographer_ros_msgs/include/cartographer_ros_msgs/cartographer_ros_msgs/msg/detail/metric_family__description.c
[3.872s] -- Installing: /home/p/ros2_ws/src/install/cartographer_ros_msgs/include/cartographer_ros_msgs/cartographer_ros_msgs/msg/detail/status_code__type_support.c
[3.884s] -- Up-to-date: /home/p/ros2_ws/src/install/cartographer_ros_msgs/include/cartographer_ros_msgs/cartographer_ros_msgs/msg/detail/landmark_list__struct.h
[3.884s] -- Up-to-date: /home/p/ros2_ws/src/install/cartographer_ros_msgs/include/cartographer_ros_msgs/cartographer_ros_msgs/msg/detail/status_code__struct.h
[3.885s] -- Up-to-date: /home/p/ros2_ws/src/install/cartographer_ros_msgs/include/cartographer_ros_msgs/cartographer_ros_msgs/msg/detail/bagfile_progress__description.c
[3.885s] -- Up-to-date: /home/p/ros2_ws/src/install/cartographer_ros_msgs/include/cartographer_ros_msgs/cartographer_ros_msgs/msg/detail/status_response__functions.c
[3.885s] -- Up-to-date: /home/p/ros2_ws/src/install/cartographer_ros_msgs/include/cartographer_ros_msgs/cartographer_ros_msgs/msg/detail/status_response__functions.h
[3.885s] -- Up-to-date: /home/p/ros2_ws/src/install/cartographer_ros_msgs/include/cartographer_ros_msgs/cartographer_ros_msgs/msg/detail/submap_list__description.c
[3.886s] -- Up-to-date: /home/p/ros2_ws/src/install/cartographer_ros_msgs/include/cartographer_ros_msgs/cartographer_ros_msgs/msg/detail/status_code__functions.h
[3.886s] -- Installing: /home/p/ros2_ws/src/install/cartographer_ros_msgs/include/cartographer_ros_msgs/cartographer_ros_msgs/msg/detail/metric_family__type_support.c
[3.886s] -- Installing: /home/p/ros2_ws/src/install/cartographer_ros_msgs/include/cartographer_ros_msgs/cartographer_ros_msgs/msg/detail/landmark_list__type_support.c
[3.900s] -- Up-to-date: /home/p/ros2_ws/src/install/cartographer_ros_msgs/include/cartographer_ros_msgs/cartographer_ros_msgs/msg/detail/landmark_entry__type_support.h
[3.900s] -- Up-to-date: /home/p/ros2_ws/src/install/cartographer_ros_msgs/include/cartographer_ros_msgs/cartographer_ros_msgs/msg/detail/metric__description.c
[3.901s] -- Up-to-date: /home/p/ros2_ws/src/install/cartographer_ros_msgs/include/cartographer_ros_msgs/cartographer_ros_msgs/msg/detail/metric__type_support.h
[3.901s] -- Up-to-date: /home/p/ros2_ws/src/install/cartographer_ros_msgs/include/cartographer_ros_msgs/cartographer_ros_msgs/msg/detail/submap_texture__struct.h
[3.901s] -- Up-to-date: /home/p/ros2_ws/src/install/cartographer_ros_msgs/include/cartographer_ros_msgs/cartographer_ros_msgs/msg/detail/status_code__type_support.h
[3.901s] -- Up-to-date: /home/p/ros2_ws/src/install/cartographer_ros_msgs/include/cartographer_ros_msgs/cartographer_ros_msgs/msg/detail/landmark_entry__functions.h
[3.901s] -- Installing: /home/p/ros2_ws/src/install/cartographer_ros_msgs/include/cartographer_ros_msgs/cartographer_ros_msgs/msg/detail/metric__type_support.c
[3.908s] -- Up-to-date: /home/p/ros2_ws/src/install/cartographer_ros_msgs/include/cartographer_ros_msgs/cartographer_ros_msgs/msg/detail/metric_family__functions.c
[3.908s] -- Installing: /home/p/ros2_ws/src/install/cartographer_ros_msgs/include/cartographer_ros_msgs/cartographer_ros_msgs/msg/detail/trajectory_states__type_support.c
[3.914s] -- Up-to-date: /home/p/ros2_ws/src/install/cartographer_ros_msgs/include/cartographer_ros_msgs/cartographer_ros_msgs/msg/detail/histogram_bucket__description.c
[3.914s] -- Up-to-date: /home/p/ros2_ws/src/install/cartographer_ros_msgs/include/cartographer_ros_msgs/cartographer_ros_msgs/msg/detail/submap_entry__type_support.h
[3.915s] -- Up-to-date: /home/p/ros2_ws/src/install/cartographer_ros_msgs/include/cartographer_ros_msgs/cartographer_ros_msgs/msg/detail/status_response__struct.h
[3.915s] -- Up-to-date: /home/p/ros2_ws/src/install/cartographer_ros_msgs/include/cartographer_ros_msgs/cartographer_ros_msgs/msg/detail/submap_entry__functions.h
[3.915s] -- Up-to-date: /home/p/ros2_ws/src/install/cartographer_ros_msgs/include/cartographer_ros_msgs/cartographer_ros_msgs/msg/detail/histogram_bucket__struct.h
[3.915s] -- Up-to-date: /home/p/ros2_ws/src/install/cartographer_ros_msgs/include/cartographer_ros_msgs/cartographer_ros_msgs/msg/detail/histogram_bucket__functions.c
[3.915s] -- Up-to-date: /home/p/ros2_ws/src/install/cartographer_ros_msgs/include/cartographer_ros_msgs/cartographer_ros_msgs/msg/detail/status_code__description.c
[3.915s] -- Up-to-date: /home/p/ros2_ws/src/install/cartographer_ros_msgs/include/cartographer_ros_msgs/cartographer_ros_msgs/msg/detail/landmark_list__functions.h
[3.915s] -- Installing: /home/p/ros2_ws/src/install/cartographer_ros_msgs/include/cartographer_ros_msgs/cartographer_ros_msgs/msg/detail/submap_entry__type_support.c
[3.930s] -- Up-to-date: /home/p/ros2_ws/src/install/cartographer_ros_msgs/include/cartographer_ros_msgs/cartographer_ros_msgs/msg/detail/bagfile_progress__functions.h
[3.931s] -- Up-to-date: /home/p/ros2_ws/src/install/cartographer_ros_msgs/include/cartographer_ros_msgs/cartographer_ros_msgs/msg/detail/submap_list__struct.h
[3.931s] -- Up-to-date: /home/p/ros2_ws/src/install/cartographer_ros_msgs/include/cartographer_ros_msgs/cartographer_ros_msgs/msg/detail/trajectory_states__functions.h
[3.931s] -- Up-to-date: /home/p/ros2_ws/src/install/cartographer_ros_msgs/include/cartographer_ros_msgs/cartographer_ros_msgs/msg/detail/metric_label__functions.c
[3.931s] -- Installing: /home/p/ros2_ws/src/install/cartographer_ros_msgs/include/cartographer_ros_msgs/cartographer_ros_msgs/msg/detail/metric_label__type_support.c
[3.947s] -- Up-to-date: /home/p/ros2_ws/src/install/cartographer_ros_msgs/include/cartographer_ros_msgs/cartographer_ros_msgs/msg/detail/submap_list__type_support.h
[3.947s] -- Up-to-date: /home/p/ros2_ws/src/install/cartographer_ros_msgs/include/cartographer_ros_msgs/cartographer_ros_msgs/msg/detail/metric_label__struct.h
[3.947s] -- Up-to-date: /home/p/ros2_ws/src/install/cartographer_ros_msgs/include/cartographer_ros_msgs/cartographer_ros_msgs/msg/detail/submap_texture__type_support.h
[3.947s] -- Up-to-date: /home/p/ros2_ws/src/install/cartographer_ros_msgs/include/cartographer_ros_msgs/cartographer_ros_msgs/msg/detail/submap_list__functions.h
[3.947s] -- Up-to-date: /home/p/ros2_ws/src/install/cartographer_ros_msgs/include/cartographer_ros_msgs/cartographer_ros_msgs/msg/detail/status_code__functions.c
[3.948s] -- Up-to-date: /home/p/ros2_ws/src/install/cartographer_ros_msgs/include/cartographer_ros_msgs/cartographer_ros_msgs/msg/detail/trajectory_states__type_support.h
[3.948s] -- Up-to-date: /home/p/ros2_ws/src/install/cartographer_ros_msgs/include/cartographer_ros_msgs/cartographer_ros_msgs/msg/detail/metric_family__type_support.h
[3.948s] -- Up-to-date: /home/p/ros2_ws/src/install/cartographer_ros_msgs/include/cartographer_ros_msgs/cartographer_ros_msgs/msg/detail/landmark_entry__functions.c
[3.948s] -- Up-to-date: /home/p/ros2_ws/src/install/cartographer_ros_msgs/include/cartographer_ros_msgs/cartographer_ros_msgs/msg/detail/submap_list__functions.c
[3.948s] -- Up-to-date: /home/p/ros2_ws/src/install/cartographer_ros_msgs/include/cartographer_ros_msgs/cartographer_ros_msgs/msg/detail/landmark_list__functions.c
[3.948s] -- Up-to-date: /home/p/ros2_ws/src/install/cartographer_ros_msgs/include/cartographer_ros_msgs/cartographer_ros_msgs/msg/detail/metric__functions.h
[3.948s] -- Up-to-date: /home/p/ros2_ws/src/install/cartographer_ros_msgs/include/cartographer_ros_msgs/cartographer_ros_msgs/msg/detail/histogram_bucket__type_support.h
[3.948s] -- Up-to-date: /home/p/ros2_ws/src/install/cartographer_ros_msgs/include/cartographer_ros_msgs/cartographer_ros_msgs/msg/detail/metric_family__functions.h
[3.948s] -- Up-to-date: /home/p/ros2_ws/src/install/cartographer_ros_msgs/include/cartographer_ros_msgs/cartographer_ros_msgs/msg/detail/trajectory_states__description.c
[3.949s] -- Up-to-date: /home/p/ros2_ws/src/install/cartographer_ros_msgs/include/cartographer_ros_msgs/cartographer_ros_msgs/msg/detail/bagfile_progress__type_support.h
[3.949s] -- Up-to-date: /home/p/ros2_ws/src/install/cartographer_ros_msgs/include/cartographer_ros_msgs/cartographer_ros_msgs/msg/detail/metric_label__description.c
[3.949s] -- Installing: /home/p/ros2_ws/src/install/cartographer_ros_msgs/include/cartographer_ros_msgs/cartographer_ros_msgs/msg/detail/histogram_bucket__type_support.c
[3.949s] -- Up-to-date: /home/p/ros2_ws/src/install/cartographer_ros_msgs/include/cartographer_ros_msgs/cartographer_ros_msgs/msg/detail/metric_label__functions.h
[3.949s] -- Up-to-date: /home/p/ros2_ws/src/install/cartographer_ros_msgs/include/cartographer_ros_msgs/cartographer_ros_msgs/msg/detail/metric__struct.h
[3.957s] -- Installing: /home/p/ros2_ws/src/install/cartographer_ros_msgs/include/cartographer_ros_msgs/cartographer_ros_msgs/msg/detail/submap_list__type_support.c
[3.958s] -- Up-to-date: /home/p/ros2_ws/src/install/cartographer_ros_msgs/include/cartographer_ros_msgs/cartographer_ros_msgs/msg/detail/landmark_entry__description.c
[3.958s] -- Up-to-date: /home/p/ros2_ws/src/install/cartographer_ros_msgs/include/cartographer_ros_msgs/cartographer_ros_msgs/msg/detail/status_response__description.c
[3.958s] -- Up-to-date: /home/p/ros2_ws/src/install/cartographer_ros_msgs/include/cartographer_ros_msgs/cartographer_ros_msgs/msg/detail/submap_entry__struct.h
[3.958s] -- Up-to-date: /home/p/ros2_ws/src/install/cartographer_ros_msgs/include/cartographer_ros_msgs/cartographer_ros_msgs/msg/detail/trajectory_states__struct.h
[3.958s] -- Up-to-date: /home/p/ros2_ws/src/install/cartographer_ros_msgs/include/cartographer_ros_msgs/cartographer_ros_msgs/msg/detail/trajectory_states__functions.c
[3.958s] -- Up-to-date: /home/p/ros2_ws/src/install/cartographer_ros_msgs/include/cartographer_ros_msgs/cartographer_ros_msgs/msg/detail/submap_texture__functions.c
[3.958s] -- Up-to-date: /home/p/ros2_ws/src/install/cartographer_ros_msgs/include/cartographer_ros_msgs/cartographer_ros_msgs/msg/detail/metric__functions.c
[3.959s] -- Installing: /home/p/ros2_ws/src/install/cartographer_ros_msgs/include/cartographer_ros_msgs/cartographer_ros_msgs/msg/detail/submap_texture__type_support.c
[3.969s] -- Up-to-date: /home/p/ros2_ws/src/install/cartographer_ros_msgs/include/cartographer_ros_msgs/cartographer_ros_msgs/msg/detail/submap_entry__description.c
[3.969s] -- Up-to-date: /home/p/ros2_ws/src/install/cartographer_ros_msgs/include/cartographer_ros_msgs/cartographer_ros_msgs/msg/detail/metric_family__struct.h
[3.969s] -- Up-to-date: /home/p/ros2_ws/src/install/cartographer_ros_msgs/include/cartographer_ros_msgs/cartographer_ros_msgs/msg/trajectory_states.h
[3.969s] -- Up-to-date: /home/p/ros2_ws/src/install/cartographer_ros_msgs/include/cartographer_ros_msgs/cartographer_ros_msgs/msg/status_response.h
[3.969s] -- Up-to-date: /home/p/ros2_ws/src/install/cartographer_ros_msgs/include/cartographer_ros_msgs/cartographer_ros_msgs/msg/status_code.h
[3.970s] -- Up-to-date: /home/p/ros2_ws/src/install/cartographer_ros_msgs/include/cartographer_ros_msgs/cartographer_ros_msgs/msg/submap_list.h
[3.970s] -- Up-to-date: /home/p/ros2_ws/src/install/cartographer_ros_msgs/include/cartographer_ros_msgs/cartographer_ros_msgs/msg/submap_texture.h
[3.970s] -- Up-to-date: /home/p/ros2_ws/src/install/cartographer_ros_msgs/include/cartographer_ros_msgs/cartographer_ros_msgs/msg/landmark_entry.h
[3.979s] -- Up-to-date: /home/p/ros2_ws/src/install/cartographer_ros_msgs/share/cartographer_ros_msgs/environment/library_path.sh
[3.979s] -- Up-to-date: /home/p/ros2_ws/src/install/cartographer_ros_msgs/share/cartographer_ros_msgs/environment/library_path.dsv
[3.979s] -- Up-to-date: /home/p/ros2_ws/src/install/cartographer_ros_msgs/lib/libcartographer_ros_msgs__rosidl_generator_c.so
[3.979s] -- Up-to-date: /home/p/ros2_ws/src/install/cartographer_ros_msgs/include/cartographer_ros_msgs/cartographer_ros_msgs
[3.979s] -- Up-to-date: /home/p/ros2_ws/src/install/cartographer_ros_msgs/include/cartographer_ros_msgs/cartographer_ros_msgs/srv
[3.979s] -- Up-to-date: /home/p/ros2_ws/src/install/cartographer_ros_msgs/include/cartographer_ros_msgs/cartographer_ros_msgs/srv/detail
[3.979s] -- Up-to-date: /home/p/ros2_ws/src/install/cartographer_ros_msgs/include/cartographer_ros_msgs/cartographer_ros_msgs/srv/detail/finish_trajectory__rosidl_typesupport_fastrtps_c.h
[3.980s] -- Up-to-date: /home/p/ros2_ws/src/install/cartographer_ros_msgs/include/cartographer_ros_msgs/cartographer_ros_msgs/srv/detail/write_state__rosidl_typesupport_fastrtps_c.h
[3.980s] -- Up-to-date: /home/p/ros2_ws/src/install/cartographer_ros_msgs/include/cartographer_ros_msgs/cartographer_ros_msgs/srv/detail/start_trajectory__rosidl_typesupport_fastrtps_c.h
[3.980s] -- Up-to-date: /home/p/ros2_ws/src/install/cartographer_ros_msgs/include/cartographer_ros_msgs/cartographer_ros_msgs/srv/detail/trajectory_query__rosidl_typesupport_fastrtps_c.h
[3.980s] -- Up-to-date: /home/p/ros2_ws/src/install/cartographer_ros_msgs/include/cartographer_ros_msgs/cartographer_ros_msgs/srv/detail/submap_query__rosidl_typesupport_fastrtps_c.h
[3.980s] -- Up-to-date: /home/p/ros2_ws/src/install/cartographer_ros_msgs/include/cartographer_ros_msgs/cartographer_ros_msgs/srv/detail/read_metrics__rosidl_typesupport_fastrtps_c.h
[3.980s] -- Up-to-date: /home/p/ros2_ws/src/install/cartographer_ros_msgs/include/cartographer_ros_msgs/cartographer_ros_msgs/srv/detail/get_trajectory_states__rosidl_typesupport_fastrtps_c.h
[3.980s] -- Up-to-date: /home/p/ros2_ws/src/install/cartographer_ros_msgs/include/cartographer_ros_msgs/cartographer_ros_msgs/msg
[3.981s] -- Up-to-date: /home/p/ros2_ws/src/install/cartographer_ros_msgs/include/cartographer_ros_msgs/cartographer_ros_msgs/msg/rosidl_typesupport_fastrtps_c__visibility_control.h
[3.981s] -- Up-to-date: /home/p/ros2_ws/src/install/cartographer_ros_msgs/include/cartographer_ros_msgs/cartographer_ros_msgs/msg/detail
[3.981s] -- Up-to-date: /home/p/ros2_ws/src/install/cartographer_ros_msgs/include/cartographer_ros_msgs/cartographer_ros_msgs/msg/detail/submap_list__rosidl_typesupport_fastrtps_c.h
[3.981s] -- Up-to-date: /home/p/ros2_ws/src/install/cartographer_ros_msgs/include/cartographer_ros_msgs/cartographer_ros_msgs/msg/detail/bagfile_progress__rosidl_typesupport_fastrtps_c.h
[3.993s] -- Up-to-date: /home/p/ros2_ws/src/install/cartographer_ros_msgs/include/cartographer_ros_msgs/cartographer_ros_msgs/msg/detail/submap_entry__rosidl_typesupport_fastrtps_c.h
[3.993s] -- Up-to-date: /home/p/ros2_ws/src/install/cartographer_ros_msgs/include/cartographer_ros_msgs/cartographer_ros_msgs/msg/detail/trajectory_states__rosidl_typesupport_fastrtps_c.h
[3.994s] -- Up-to-date: /home/p/ros2_ws/src/install/cartographer_ros_msgs/include/cartographer_ros_msgs/cartographer_ros_msgs/msg/detail/submap_texture__rosidl_typesupport_fastrtps_c.h
[3.994s] -- Up-to-date: /home/p/ros2_ws/src/install/cartographer_ros_msgs/include/cartographer_ros_msgs/cartographer_ros_msgs/msg/detail/metric_family__rosidl_typesupport_fastrtps_c.h
[3.994s] -- Up-to-date: /home/p/ros2_ws/src/install/cartographer_ros_msgs/include/cartographer_ros_msgs/cartographer_ros_msgs/msg/detail/status_response__rosidl_typesupport_fastrtps_c.h
[3.994s] -- Up-to-date: /home/p/ros2_ws/src/install/cartographer_ros_msgs/include/cartographer_ros_msgs/cartographer_ros_msgs/msg/detail/landmark_list__rosidl_typesupport_fastrtps_c.h
[3.994s] -- Up-to-date: /home/p/ros2_ws/src/install/cartographer_ros_msgs/include/cartographer_ros_msgs/cartographer_ros_msgs/msg/detail/landmark_entry__rosidl_typesupport_fastrtps_c.h
[3.994s] -- Up-to-date: /home/p/ros2_ws/src/install/cartographer_ros_msgs/include/cartographer_ros_msgs/cartographer_ros_msgs/msg/detail/status_code__rosidl_typesupport_fastrtps_c.h
[3.994s] -- Up-to-date: /home/p/ros2_ws/src/install/cartographer_ros_msgs/include/cartographer_ros_msgs/cartographer_ros_msgs/msg/detail/metric__rosidl_typesupport_fastrtps_c.h
[3.995s] -- Up-to-date: /home/p/ros2_ws/src/install/cartographer_ros_msgs/include/cartographer_ros_msgs/cartographer_ros_msgs/msg/detail/histogram_bucket__rosidl_typesupport_fastrtps_c.h
[3.995s] -- Up-to-date: /home/p/ros2_ws/src/install/cartographer_ros_msgs/include/cartographer_ros_msgs/cartographer_ros_msgs/msg/detail/metric_label__rosidl_typesupport_fastrtps_c.h
[3.995s] -- Up-to-date: /home/p/ros2_ws/src/install/cartographer_ros_msgs/lib/libcartographer_ros_msgs__rosidl_typesupport_fastrtps_c.so
[3.995s] -- Up-to-date: /home/p/ros2_ws/src/install/cartographer_ros_msgs/include/cartographer_ros_msgs/cartographer_ros_msgs
[3.995s] -- Up-to-date: /home/p/ros2_ws/src/install/cartographer_ros_msgs/include/cartographer_ros_msgs/cartographer_ros_msgs/srv
[3.995s] -- Up-to-date: /home/p/ros2_ws/src/install/cartographer_ros_msgs/include/cartographer_ros_msgs/cartographer_ros_msgs/srv/detail
[4.001s] -- Installing: /home/p/ros2_ws/src/install/cartographer_ros_msgs/include/cartographer_ros_msgs/cartographer_ros_msgs/srv/detail/trajectory_query__type_support.c
[4.001s] -- Installing: /home/p/ros2_ws/src/install/cartographer_ros_msgs/include/cartographer_ros_msgs/cartographer_ros_msgs/srv/detail/start_trajectory__type_support.c
[4.006s] -- Up-to-date: /home/p/ros2_ws/src/install/cartographer_ros_msgs/include/cartographer_ros_msgs/cartographer_ros_msgs/srv/detail/start_trajectory__rosidl_typesupport_introspection_c.h
[4.007s] -- Installing: /home/p/ros2_ws/src/install/cartographer_ros_msgs/include/cartographer_ros_msgs/cartographer_ros_msgs/srv/detail/get_trajectory_states__type_support.c
[4.029s] -- Installing: /home/p/ros2_ws/src/install/cartographer_ros_msgs/include/cartographer_ros_msgs/cartographer_ros_msgs/srv/detail/finish_trajectory__type_support.c
[4.054s] -- Installing: /home/p/ros2_ws/src/install/cartographer_ros_msgs/include/cartographer_ros_msgs/cartographer_ros_msgs/srv/detail/submap_query__type_support.c
[4.060s] -- Up-to-date: /home/p/ros2_ws/src/install/cartographer_ros_msgs/include/cartographer_ros_msgs/cartographer_ros_msgs/srv/detail/read_metrics__rosidl_typesupport_introspection_c.h
[4.061s] -- Up-to-date: /home/p/ros2_ws/src/install/cartographer_ros_msgs/include/cartographer_ros_msgs/cartographer_ros_msgs/srv/detail/write_state__rosidl_typesupport_introspection_c.h
[4.061s] -- Installing: /home/p/ros2_ws/src/install/cartographer_ros_msgs/include/cartographer_ros_msgs/cartographer_ros_msgs/srv/detail/write_state__type_support.c
[4.090s] -- Up-to-date: /home/p/ros2_ws/src/install/cartographer_ros_msgs/include/cartographer_ros_msgs/cartographer_ros_msgs/srv/detail/get_trajectory_states__rosidl_typesupport_introspection_c.h
[4.090s] -- Up-to-date: /home/p/ros2_ws/src/install/cartographer_ros_msgs/include/cartographer_ros_msgs/cartographer_ros_msgs/srv/detail/trajectory_query__rosidl_typesupport_introspection_c.h
[4.090s] -- Up-to-date: /home/p/ros2_ws/src/install/cartographer_ros_msgs/include/cartographer_ros_msgs/cartographer_ros_msgs/srv/detail/submap_query__rosidl_typesupport_introspection_c.h
[4.090s] -- Up-to-date: /home/p/ros2_ws/src/install/cartographer_ros_msgs/include/cartographer_ros_msgs/cartographer_ros_msgs/srv/detail/finish_trajectory__rosidl_typesupport_introspection_c.h
[4.090s] -- Installing: /home/p/ros2_ws/src/install/cartographer_ros_msgs/include/cartographer_ros_msgs/cartographer_ros_msgs/srv/detail/read_metrics__type_support.c
[4.108s] -- Up-to-date: /home/p/ros2_ws/src/install/cartographer_ros_msgs/include/cartographer_ros_msgs/cartographer_ros_msgs/msg
[4.108s] -- Up-to-date: /home/p/ros2_ws/src/install/cartographer_ros_msgs/include/cartographer_ros_msgs/cartographer_ros_msgs/msg/detail
[4.108s] -- Installing: /home/p/ros2_ws/src/install/cartographer_ros_msgs/include/cartographer_ros_msgs/cartographer_ros_msgs/msg/detail/landmark_entry__type_support.c
[4.118s] -- Up-to-date: /home/p/ros2_ws/src/install/cartographer_ros_msgs/include/cartographer_ros_msgs/cartographer_ros_msgs/msg/detail/status_code__rosidl_typesupport_introspection_c.h
[4.118s] -- Installing: /home/p/ros2_ws/src/install/cartographer_ros_msgs/include/cartographer_ros_msgs/cartographer_ros_msgs/msg/detail/bagfile_progress__type_support.c
[4.126s] -- Installing: /home/p/ros2_ws/src/install/cartographer_ros_msgs/include/cartographer_ros_msgs/cartographer_ros_msgs/msg/detail/status_response__type_support.c
[4.140s] -- Installing: /home/p/ros2_ws/src/install/cartographer_ros_msgs/include/cartographer_ros_msgs/cartographer_ros_msgs/msg/detail/status_code__type_support.c
[4.149s] -- Up-to-date: /home/p/ros2_ws/src/install/cartographer_ros_msgs/include/cartographer_ros_msgs/cartographer_ros_msgs/msg/detail/status_response__rosidl_typesupport_introspection_c.h
[4.149s] -- Installing: /home/p/ros2_ws/src/install/cartographer_ros_msgs/include/cartographer_ros_msgs/cartographer_ros_msgs/msg/detail/metric_family__type_support.c
[4.165s] -- Installing: /home/p/ros2_ws/src/install/cartographer_ros_msgs/include/cartographer_ros_msgs/cartographer_ros_msgs/msg/detail/landmark_list__type_support.c
[4.171s] -- Up-to-date: /home/p/ros2_ws/src/install/cartographer_ros_msgs/include/cartographer_ros_msgs/cartographer_ros_msgs/msg/detail/trajectory_states__rosidl_typesupport_introspection_c.h
[4.171s] -- Installing: /home/p/ros2_ws/src/install/cartographer_ros_msgs/include/cartographer_ros_msgs/cartographer_ros_msgs/msg/detail/metric__type_support.c
[4.181s] -- Installing: /home/p/ros2_ws/src/install/cartographer_ros_msgs/include/cartographer_ros_msgs/cartographer_ros_msgs/msg/detail/trajectory_states__type_support.c
[4.192s] -- Up-to-date: /home/p/ros2_ws/src/install/cartographer_ros_msgs/include/cartographer_ros_msgs/cartographer_ros_msgs/msg/detail/metric_label__rosidl_typesupport_introspection_c.h
[4.192s] -- Installing: /home/p/ros2_ws/src/install/cartographer_ros_msgs/include/cartographer_ros_msgs/cartographer_ros_msgs/msg/detail/submap_entry__type_support.c
[4.199s] -- Up-to-date: /home/p/ros2_ws/src/install/cartographer_ros_msgs/include/cartographer_ros_msgs/cartographer_ros_msgs/msg/detail/landmark_list__rosidl_typesupport_introspection_c.h
[4.199s] -- Up-to-date: /home/p/ros2_ws/src/install/cartographer_ros_msgs/include/cartographer_ros_msgs/cartographer_ros_msgs/msg/detail/metric__rosidl_typesupport_introspection_c.h
[4.199s] -- Up-to-date: /home/p/ros2_ws/src/install/cartographer_ros_msgs/include/cartographer_ros_msgs/cartographer_ros_msgs/msg/detail/submap_texture__rosidl_typesupport_introspection_c.h
[4.199s] -- Installing: /home/p/ros2_ws/src/install/cartographer_ros_msgs/include/cartographer_ros_msgs/cartographer_ros_msgs/msg/detail/metric_label__type_support.c
[4.209s] -- Up-to-date: /home/p/ros2_ws/src/install/cartographer_ros_msgs/include/cartographer_ros_msgs/cartographer_ros_msgs/msg/detail/submap_list__rosidl_typesupport_introspection_c.h
[4.210s] -- Up-to-date: /home/p/ros2_ws/src/install/cartographer_ros_msgs/include/cartographer_ros_msgs/cartographer_ros_msgs/msg/detail/submap_entry__rosidl_typesupport_introspection_c.h
[4.210s] -- Installing: /home/p/ros2_ws/src/install/cartographer_ros_msgs/include/cartographer_ros_msgs/cartographer_ros_msgs/msg/detail/histogram_bucket__type_support.c
[4.212s] -- Installing: /home/p/ros2_ws/src/install/cartographer_ros_msgs/include/cartographer_ros_msgs/cartographer_ros_msgs/msg/detail/submap_list__type_support.c
[4.221s] -- Up-to-date: /home/p/ros2_ws/src/install/cartographer_ros_msgs/include/cartographer_ros_msgs/cartographer_ros_msgs/msg/detail/bagfile_progress__rosidl_typesupport_introspection_c.h
[4.222s] -- Installing: /home/p/ros2_ws/src/install/cartographer_ros_msgs/include/cartographer_ros_msgs/cartographer_ros_msgs/msg/detail/submap_texture__type_support.c
[4.235s] -- Up-to-date: /home/p/ros2_ws/src/install/cartographer_ros_msgs/include/cartographer_ros_msgs/cartographer_ros_msgs/msg/detail/landmark_entry__rosidl_typesupport_introspection_c.h
[4.235s] -- Up-to-date: /home/p/ros2_ws/src/install/cartographer_ros_msgs/include/cartographer_ros_msgs/cartographer_ros_msgs/msg/detail/histogram_bucket__rosidl_typesupport_introspection_c.h
[4.235s] -- Up-to-date: /home/p/ros2_ws/src/install/cartographer_ros_msgs/include/cartographer_ros_msgs/cartographer_ros_msgs/msg/detail/metric_family__rosidl_typesupport_introspection_c.h
[4.235s] -- Up-to-date: /home/p/ros2_ws/src/install/cartographer_ros_msgs/include/cartographer_ros_msgs/cartographer_ros_msgs/msg/rosidl_typesupport_introspection_c__visibility_control.h
[4.237s] -- Up-to-date: /home/p/ros2_ws/src/install/cartographer_ros_msgs/lib/libcartographer_ros_msgs__rosidl_typesupport_introspection_c.so
[4.237s] -- Up-to-date: /home/p/ros2_ws/src/install/cartographer_ros_msgs/lib/libcartographer_ros_msgs__rosidl_typesupport_c.so
[4.237s] -- Up-to-date: /home/p/ros2_ws/src/install/cartographer_ros_msgs/include/cartographer_ros_msgs/cartographer_ros_msgs
[4.238s] -- Up-to-date: /home/p/ros2_ws/src/install/cartographer_ros_msgs/include/cartographer_ros_msgs/cartographer_ros_msgs/srv
[4.238s] -- Up-to-date: /home/p/ros2_ws/src/install/cartographer_ros_msgs/include/cartographer_ros_msgs/cartographer_ros_msgs/srv/get_trajectory_states.hpp
[4.238s] -- Up-to-date: /home/p/ros2_ws/src/install/cartographer_ros_msgs/include/cartographer_ros_msgs/cartographer_ros_msgs/srv/write_state.hpp
[4.238s] -- Up-to-date: /home/p/ros2_ws/src/install/cartographer_ros_msgs/include/cartographer_ros_msgs/cartographer_ros_msgs/srv/submap_query.hpp
[4.238s] -- Up-to-date: /home/p/ros2_ws/src/install/cartographer_ros_msgs/include/cartographer_ros_msgs/cartographer_ros_msgs/srv/trajectory_query.hpp
[4.242s] -- Up-to-date: /home/p/ros2_ws/src/install/cartographer_ros_msgs/include/cartographer_ros_msgs/cartographer_ros_msgs/srv/read_metrics.hpp
[4.242s] -- Up-to-date: /home/p/ros2_ws/src/install/cartographer_ros_msgs/include/cartographer_ros_msgs/cartographer_ros_msgs/srv/detail
[4.243s] -- Up-to-date: /home/p/ros2_ws/src/install/cartographer_ros_msgs/include/cartographer_ros_msgs/cartographer_ros_msgs/srv/detail/trajectory_query__struct.hpp
[4.243s] -- Up-to-date: /home/p/ros2_ws/src/install/cartographer_ros_msgs/include/cartographer_ros_msgs/cartographer_ros_msgs/srv/detail/start_trajectory__traits.hpp
[4.243s] -- Up-to-date: /home/p/ros2_ws/src/install/cartographer_ros_msgs/include/cartographer_ros_msgs/cartographer_ros_msgs/srv/detail/trajectory_query__builder.hpp
[4.246s] -- Up-to-date: /home/p/ros2_ws/src/install/cartographer_ros_msgs/include/cartographer_ros_msgs/cartographer_ros_msgs/srv/detail/trajectory_query__type_support.hpp
[4.246s] -- Up-to-date: /home/p/ros2_ws/src/install/cartographer_ros_msgs/include/cartographer_ros_msgs/cartographer_ros_msgs/srv/detail/start_trajectory__builder.hpp
[4.246s] -- Up-to-date: /home/p/ros2_ws/src/install/cartographer_ros_msgs/include/cartographer_ros_msgs/cartographer_ros_msgs/srv/detail/trajectory_query__traits.hpp
[4.247s] -- Up-to-date: /home/p/ros2_ws/src/install/cartographer_ros_msgs/include/cartographer_ros_msgs/cartographer_ros_msgs/srv/detail/read_metrics__struct.hpp
[4.247s] -- Up-to-date: /home/p/ros2_ws/src/install/cartographer_ros_msgs/include/cartographer_ros_msgs/cartographer_ros_msgs/srv/detail/finish_trajectory__traits.hpp
[4.247s] -- Up-to-date: /home/p/ros2_ws/src/install/cartographer_ros_msgs/include/cartographer_ros_msgs/cartographer_ros_msgs/srv/detail/finish_trajectory__struct.hpp
[4.247s] -- Up-to-date: /home/p/ros2_ws/src/install/cartographer_ros_msgs/include/cartographer_ros_msgs/cartographer_ros_msgs/srv/detail/get_trajectory_states__type_support.hpp
[4.247s] -- Up-to-date: /home/p/ros2_ws/src/install/cartographer_ros_msgs/include/cartographer_ros_msgs/cartographer_ros_msgs/srv/detail/submap_query__type_support.hpp
[4.247s] -- Up-to-date: /home/p/ros2_ws/src/install/cartographer_ros_msgs/include/cartographer_ros_msgs/cartographer_ros_msgs/srv/detail/submap_query__struct.hpp
[4.247s] -- Up-to-date: /home/p/ros2_ws/src/install/cartographer_ros_msgs/include/cartographer_ros_msgs/cartographer_ros_msgs/srv/detail/write_state__type_support.hpp
[4.247s] -- Up-to-date: /home/p/ros2_ws/src/install/cartographer_ros_msgs/include/cartographer_ros_msgs/cartographer_ros_msgs/srv/detail/write_state__builder.hpp
[4.247s] -- Up-to-date: /home/p/ros2_ws/src/install/cartographer_ros_msgs/include/cartographer_ros_msgs/cartographer_ros_msgs/srv/detail/write_state__traits.hpp
[4.248s] -- Up-to-date: /home/p/ros2_ws/src/install/cartographer_ros_msgs/include/cartographer_ros_msgs/cartographer_ros_msgs/srv/detail/submap_query__builder.hpp
[4.248s] -- Up-to-date: /home/p/ros2_ws/src/install/cartographer_ros_msgs/include/cartographer_ros_msgs/cartographer_ros_msgs/srv/detail/write_state__struct.hpp
[4.248s] -- Up-to-date: /home/p/ros2_ws/src/install/cartographer_ros_msgs/include/cartographer_ros_msgs/cartographer_ros_msgs/srv/detail/get_trajectory_states__builder.hpp
[4.248s] -- Up-to-date: /home/p/ros2_ws/src/install/cartographer_ros_msgs/include/cartographer_ros_msgs/cartographer_ros_msgs/srv/detail/submap_query__traits.hpp
[4.248s] -- Up-to-date: /home/p/ros2_ws/src/install/cartographer_ros_msgs/include/cartographer_ros_msgs/cartographer_ros_msgs/srv/detail/get_trajectory_states__struct.hpp
[4.248s] -- Up-to-date: /home/p/ros2_ws/src/install/cartographer_ros_msgs/include/cartographer_ros_msgs/cartographer_ros_msgs/srv/detail/read_metrics__traits.hpp
[4.248s] -- Up-to-date: /home/p/ros2_ws/src/install/cartographer_ros_msgs/include/cartographer_ros_msgs/cartographer_ros_msgs/srv/detail/finish_trajectory__type_support.hpp
[4.248s] -- Up-to-date: /home/p/ros2_ws/src/install/cartographer_ros_msgs/include/cartographer_ros_msgs/cartographer_ros_msgs/srv/detail/read_metrics__type_support.hpp
[4.256s] -- Up-to-date: /home/p/ros2_ws/src/install/cartographer_ros_msgs/include/cartographer_ros_msgs/cartographer_ros_msgs/srv/detail/start_trajectory__struct.hpp
[4.256s] -- Up-to-date: /home/p/ros2_ws/src/install/cartographer_ros_msgs/include/cartographer_ros_msgs/cartographer_ros_msgs/srv/detail/read_metrics__builder.hpp
[4.257s] -- Up-to-date: /home/p/ros2_ws/src/install/cartographer_ros_msgs/include/cartographer_ros_msgs/cartographer_ros_msgs/srv/detail/finish_trajectory__builder.hpp
[4.257s] -- Up-to-date: /home/p/ros2_ws/src/install/cartographer_ros_msgs/include/cartographer_ros_msgs/cartographer_ros_msgs/srv/detail/start_trajectory__type_support.hpp
[4.257s] -- Up-to-date: /home/p/ros2_ws/src/install/cartographer_ros_msgs/include/cartographer_ros_msgs/cartographer_ros_msgs/srv/detail/get_trajectory_states__traits.hpp
[4.257s] -- Up-to-date: /home/p/ros2_ws/src/install/cartographer_ros_msgs/include/cartographer_ros_msgs/cartographer_ros_msgs/srv/start_trajectory.hpp
[4.257s] -- Up-to-date: /home/p/ros2_ws/src/install/cartographer_ros_msgs/include/cartographer_ros_msgs/cartographer_ros_msgs/srv/finish_trajectory.hpp
[4.257s] -- Up-to-date: /home/p/ros2_ws/src/install/cartographer_ros_msgs/include/cartographer_ros_msgs/cartographer_ros_msgs/msg
[4.257s] -- Up-to-date: /home/p/ros2_ws/src/install/cartographer_ros_msgs/include/cartographer_ros_msgs/cartographer_ros_msgs/msg/status_code.hpp
[4.258s] -- Up-to-date: /home/p/ros2_ws/src/install/cartographer_ros_msgs/include/cartographer_ros_msgs/cartographer_ros_msgs/msg/bagfile_progress.hpp
[4.258s] -- Up-to-date: /home/p/ros2_ws/src/install/cartographer_ros_msgs/include/cartographer_ros_msgs/cartographer_ros_msgs/msg/landmark_list.hpp
[4.258s] -- Up-to-date: /home/p/ros2_ws/src/install/cartographer_ros_msgs/include/cartographer_ros_msgs/cartographer_ros_msgs/msg/submap_entry.hpp
[4.258s] -- Up-to-date: /home/p/ros2_ws/src/install/cartographer_ros_msgs/include/cartographer_ros_msgs/cartographer_ros_msgs/msg/landmark_entry.hpp
[4.258s] -- Up-to-date: /home/p/ros2_ws/src/install/cartographer_ros_msgs/include/cartographer_ros_msgs/cartographer_ros_msgs/msg/submap_texture.hpp
[4.259s] -- Up-to-date: /home/p/ros2_ws/src/install/cartographer_ros_msgs/include/cartographer_ros_msgs/cartographer_ros_msgs/msg/submap_list.hpp
[4.259s] -- Up-to-date: /home/p/ros2_ws/src/install/cartographer_ros_msgs/include/cartographer_ros_msgs/cartographer_ros_msgs/msg/metric_family.hpp
[4.259s] -- Up-to-date: /home/p/ros2_ws/src/install/cartographer_ros_msgs/include/cartographer_ros_msgs/cartographer_ros_msgs/msg/status_response.hpp
[4.259s] -- Up-to-date: /home/p/ros2_ws/src/install/cartographer_ros_msgs/include/cartographer_ros_msgs/cartographer_ros_msgs/msg/metric_label.hpp
[4.260s] -- Up-to-date: /home/p/ros2_ws/src/install/cartographer_ros_msgs/include/cartographer_ros_msgs/cartographer_ros_msgs/msg/histogram_bucket.hpp
[4.260s] -- Up-to-date: /home/p/ros2_ws/src/install/cartographer_ros_msgs/include/cartographer_ros_msgs/cartographer_ros_msgs/msg/detail
[4.260s] -- Up-to-date: /home/p/ros2_ws/src/install/cartographer_ros_msgs/include/cartographer_ros_msgs/cartographer_ros_msgs/msg/detail/metric__builder.hpp
[4.269s] -- Up-to-date: /home/p/ros2_ws/src/install/cartographer_ros_msgs/include/cartographer_ros_msgs/cartographer_ros_msgs/msg/detail/metric_family__struct.hpp
[4.270s] -- Up-to-date: /home/p/ros2_ws/src/install/cartographer_ros_msgs/include/cartographer_ros_msgs/cartographer_ros_msgs/msg/detail/status_code__type_support.hpp
[4.270s] -- Up-to-date: /home/p/ros2_ws/src/install/cartographer_ros_msgs/include/cartographer_ros_msgs/cartographer_ros_msgs/msg/detail/submap_list__type_support.hpp
[4.270s] -- Up-to-date: /home/p/ros2_ws/src/install/cartographer_ros_msgs/include/cartographer_ros_msgs/cartographer_ros_msgs/msg/detail/status_response__type_support.hpp
[4.270s] -- Up-to-date: /home/p/ros2_ws/src/install/cartographer_ros_msgs/include/cartographer_ros_msgs/cartographer_ros_msgs/msg/detail/metric_label__traits.hpp
[4.270s] -- Up-to-date: /home/p/ros2_ws/src/install/cartographer_ros_msgs/include/cartographer_ros_msgs/cartographer_ros_msgs/msg/detail/submap_list__traits.hpp
[4.270s] -- Up-to-date: /home/p/ros2_ws/src/install/cartographer_ros_msgs/include/cartographer_ros_msgs/cartographer_ros_msgs/msg/detail/bagfile_progress__type_support.hpp
[4.271s] -- Up-to-date: /home/p/ros2_ws/src/install/cartographer_ros_msgs/include/cartographer_ros_msgs/cartographer_ros_msgs/msg/detail/status_code__builder.hpp
[4.271s] -- Up-to-date: /home/p/ros2_ws/src/install/cartographer_ros_msgs/include/cartographer_ros_msgs/cartographer_ros_msgs/msg/detail/status_response__builder.hpp
[4.271s] -- Up-to-date: /home/p/ros2_ws/src/install/cartographer_ros_msgs/include/cartographer_ros_msgs/cartographer_ros_msgs/msg/detail/status_code__traits.hpp
[4.271s] -- Up-to-date: /home/p/ros2_ws/src/install/cartographer_ros_msgs/include/cartographer_ros_msgs/cartographer_ros_msgs/msg/detail/bagfile_progress__struct.hpp
[4.271s] -- Up-to-date: /home/p/ros2_ws/src/install/cartographer_ros_msgs/include/cartographer_ros_msgs/cartographer_ros_msgs/msg/detail/metric_family__traits.hpp
[4.272s] -- Up-to-date: /home/p/ros2_ws/src/install/cartographer_ros_msgs/include/cartographer_ros_msgs/cartographer_ros_msgs/msg/detail/submap_texture__builder.hpp
[4.272s] -- Up-to-date: /home/p/ros2_ws/src/install/cartographer_ros_msgs/include/cartographer_ros_msgs/cartographer_ros_msgs/msg/detail/bagfile_progress__builder.hpp
[4.279s] -- Up-to-date: /home/p/ros2_ws/src/install/cartographer_ros_msgs/include/cartographer_ros_msgs/cartographer_ros_msgs/msg/detail/trajectory_states__struct.hpp
[4.280s] -- Up-to-date: /home/p/ros2_ws/src/install/cartographer_ros_msgs/include/cartographer_ros_msgs/cartographer_ros_msgs/msg/detail/metric_label__builder.hpp
[4.280s] -- Up-to-date: /home/p/ros2_ws/src/install/cartographer_ros_msgs/include/cartographer_ros_msgs/cartographer_ros_msgs/msg/detail/submap_texture__type_support.hpp
[4.280s] -- Up-to-date: /home/p/ros2_ws/src/install/cartographer_ros_msgs/include/cartographer_ros_msgs/cartographer_ros_msgs/msg/detail/histogram_bucket__struct.hpp
[4.280s] -- Up-to-date: /home/p/ros2_ws/src/install/cartographer_ros_msgs/include/cartographer_ros_msgs/cartographer_ros_msgs/msg/detail/status_code__struct.hpp
[4.280s] -- Up-to-date: /home/p/ros2_ws/src/install/cartographer_ros_msgs/include/cartographer_ros_msgs/cartographer_ros_msgs/msg/detail/submap_entry__traits.hpp
[4.280s] -- Up-to-date: /home/p/ros2_ws/src/install/cartographer_ros_msgs/include/cartographer_ros_msgs/cartographer_ros_msgs/msg/detail/submap_entry__struct.hpp
[4.280s] -- Up-to-date: /home/p/ros2_ws/src/install/cartographer_ros_msgs/include/cartographer_ros_msgs/cartographer_ros_msgs/msg/detail/landmark_entry__builder.hpp
[4.281s] -- Up-to-date: /home/p/ros2_ws/src/install/cartographer_ros_msgs/include/cartographer_ros_msgs/cartographer_ros_msgs/msg/detail/metric__type_support.hpp
[4.281s] -- Up-to-date: /home/p/ros2_ws/src/install/cartographer_ros_msgs/include/cartographer_ros_msgs/cartographer_ros_msgs/msg/detail/metric_label__struct.hpp
[4.281s] -- Up-to-date: /home/p/ros2_ws/src/install/cartographer_ros_msgs/include/cartographer_ros_msgs/cartographer_ros_msgs/msg/detail/submap_texture__traits.hpp
[4.281s] -- Up-to-date: /home/p/ros2_ws/src/install/cartographer_ros_msgs/include/cartographer_ros_msgs/cartographer_ros_msgs/msg/detail/metric__traits.hpp
[4.281s] -- Up-to-date: /home/p/ros2_ws/src/install/cartographer_ros_msgs/include/cartographer_ros_msgs/cartographer_ros_msgs/msg/detail/landmark_list__builder.hpp
[4.281s] -- Up-to-date: /home/p/ros2_ws/src/install/cartographer_ros_msgs/include/cartographer_ros_msgs/cartographer_ros_msgs/msg/detail/submap_entry__builder.hpp
[4.281s] -- Up-to-date: /home/p/ros2_ws/src/install/cartographer_ros_msgs/include/cartographer_ros_msgs/cartographer_ros_msgs/msg/detail/metric_family__builder.hpp
[4.281s] -- Up-to-date: /home/p/ros2_ws/src/install/cartographer_ros_msgs/include/cartographer_ros_msgs/cartographer_ros_msgs/msg/detail/landmark_list__struct.hpp
[4.281s] -- Up-to-date: /home/p/ros2_ws/src/install/cartographer_ros_msgs/include/cartographer_ros_msgs/cartographer_ros_msgs/msg/detail/metric_label__type_support.hpp
[4.282s] -- Up-to-date: /home/p/ros2_ws/src/install/cartographer_ros_msgs/include/cartographer_ros_msgs/cartographer_ros_msgs/msg/detail/histogram_bucket__type_support.hpp
[4.282s] -- Up-to-date: /home/p/ros2_ws/src/install/cartographer_ros_msgs/include/cartographer_ros_msgs/cartographer_ros_msgs/msg/detail/trajectory_states__builder.hpp
[4.282s] -- Up-to-date: /home/p/ros2_ws/src/install/cartographer_ros_msgs/include/cartographer_ros_msgs/cartographer_ros_msgs/msg/detail/histogram_bucket__builder.hpp
[4.282s] -- Up-to-date: /home/p/ros2_ws/src/install/cartographer_ros_msgs/include/cartographer_ros_msgs/cartographer_ros_msgs/msg/detail/trajectory_states__traits.hpp
[4.292s] -- Up-to-date: /home/p/ros2_ws/src/install/cartographer_ros_msgs/include/cartographer_ros_msgs/cartographer_ros_msgs/msg/detail/submap_entry__type_support.hpp
[4.293s] -- Up-to-date: /home/p/ros2_ws/src/install/cartographer_ros_msgs/include/cartographer_ros_msgs/cartographer_ros_msgs/msg/detail/metric__struct.hpp
[4.293s] -- Up-to-date: /home/p/ros2_ws/src/install/cartographer_ros_msgs/include/cartographer_ros_msgs/cartographer_ros_msgs/msg/detail/landmark_list__type_support.hpp
[4.293s] -- Up-to-date: /home/p/ros2_ws/src/install/cartographer_ros_msgs/include/cartographer_ros_msgs/cartographer_ros_msgs/msg/detail/landmark_entry__struct.hpp
[4.293s] -- Up-to-date: /home/p/ros2_ws/src/install/cartographer_ros_msgs/include/cartographer_ros_msgs/cartographer_ros_msgs/msg/detail/histogram_bucket__traits.hpp
[4.293s] -- Up-to-date: /home/p/ros2_ws/src/install/cartographer_ros_msgs/include/cartographer_ros_msgs/cartographer_ros_msgs/msg/detail/submap_list__builder.hpp
[4.293s] -- Up-to-date: /home/p/ros2_ws/src/install/cartographer_ros_msgs/include/cartographer_ros_msgs/cartographer_ros_msgs/msg/detail/bagfile_progress__traits.hpp
[4.293s] -- Up-to-date: /home/p/ros2_ws/src/install/cartographer_ros_msgs/include/cartographer_ros_msgs/cartographer_ros_msgs/msg/detail/metric_family__type_support.hpp
[4.294s] -- Up-to-date: /home/p/ros2_ws/src/install/cartographer_ros_msgs/include/cartographer_ros_msgs/cartographer_ros_msgs/msg/detail/submap_list__struct.hpp
[4.294s] -- Up-to-date: /home/p/ros2_ws/src/install/cartographer_ros_msgs/include/cartographer_ros_msgs/cartographer_ros_msgs/msg/detail/landmark_entry__traits.hpp
[4.294s] -- Up-to-date: /home/p/ros2_ws/src/install/cartographer_ros_msgs/include/cartographer_ros_msgs/cartographer_ros_msgs/msg/detail/submap_texture__struct.hpp
[4.294s] -- Up-to-date: /home/p/ros2_ws/src/install/cartographer_ros_msgs/include/cartographer_ros_msgs/cartographer_ros_msgs/msg/detail/landmark_list__traits.hpp
[4.294s] -- Up-to-date: /home/p/ros2_ws/src/install/cartographer_ros_msgs/include/cartographer_ros_msgs/cartographer_ros_msgs/msg/detail/trajectory_states__type_support.hpp
[4.294s] -- Up-to-date: /home/p/ros2_ws/src/install/cartographer_ros_msgs/include/cartographer_ros_msgs/cartographer_ros_msgs/msg/detail/landmark_entry__type_support.hpp
[4.294s] -- Up-to-date: /home/p/ros2_ws/src/install/cartographer_ros_msgs/include/cartographer_ros_msgs/cartographer_ros_msgs/msg/detail/status_response__struct.hpp
[4.294s] -- Up-to-date: /home/p/ros2_ws/src/install/cartographer_ros_msgs/include/cartographer_ros_msgs/cartographer_ros_msgs/msg/detail/status_response__traits.hpp
[4.295s] -- Up-to-date: /home/p/ros2_ws/src/install/cartographer_ros_msgs/include/cartographer_ros_msgs/cartographer_ros_msgs/msg/trajectory_states.hpp
[4.295s] -- Up-to-date: /home/p/ros2_ws/src/install/cartographer_ros_msgs/include/cartographer_ros_msgs/cartographer_ros_msgs/msg/rosidl_generator_cpp__visibility_control.hpp
[4.295s] -- Up-to-date: /home/p/ros2_ws/src/install/cartographer_ros_msgs/include/cartographer_ros_msgs/cartographer_ros_msgs/msg/metric.hpp
[4.295s] -- Up-to-date: /home/p/ros2_ws/src/install/cartographer_ros_msgs/include/cartographer_ros_msgs/cartographer_ros_msgs
[4.295s] -- Up-to-date: /home/p/ros2_ws/src/install/cartographer_ros_msgs/include/cartographer_ros_msgs/cartographer_ros_msgs/srv
[4.296s] -- Up-to-date: /home/p/ros2_ws/src/install/cartographer_ros_msgs/include/cartographer_ros_msgs/cartographer_ros_msgs/srv/detail
[4.296s] -- Up-to-date: /home/p/ros2_ws/src/install/cartographer_ros_msgs/include/cartographer_ros_msgs/cartographer_ros_msgs/srv/detail/write_state__rosidl_typesupport_fastrtps_cpp.hpp
[4.296s] -- Up-to-date: /home/p/ros2_ws/src/install/cartographer_ros_msgs/include/cartographer_ros_msgs/cartographer_ros_msgs/srv/detail/finish_trajectory__rosidl_typesupport_fastrtps_cpp.hpp
[4.296s] -- Up-to-date: /home/p/ros2_ws/src/install/cartographer_ros_msgs/include/cartographer_ros_msgs/cartographer_ros_msgs/srv/detail/dds_fastrtps
[4.296s] -- Up-to-date: /home/p/ros2_ws/src/install/cartographer_ros_msgs/include/cartographer_ros_msgs/cartographer_ros_msgs/srv/detail/start_trajectory__rosidl_typesupport_fastrtps_cpp.hpp
[4.296s] -- Up-to-date: /home/p/ros2_ws/src/install/cartographer_ros_msgs/include/cartographer_ros_msgs/cartographer_ros_msgs/srv/detail/read_metrics__rosidl_typesupport_fastrtps_cpp.hpp
[4.296s] -- Up-to-date: /home/p/ros2_ws/src/install/cartographer_ros_msgs/include/cartographer_ros_msgs/cartographer_ros_msgs/srv/detail/trajectory_query__rosidl_typesupport_fastrtps_cpp.hpp
[4.296s] -- Up-to-date: /home/p/ros2_ws/src/install/cartographer_ros_msgs/include/cartographer_ros_msgs/cartographer_ros_msgs/srv/detail/submap_query__rosidl_typesupport_fastrtps_cpp.hpp
[4.296s] -- Up-to-date: /home/p/ros2_ws/src/install/cartographer_ros_msgs/include/cartographer_ros_msgs/cartographer_ros_msgs/srv/detail/get_trajectory_states__rosidl_typesupport_fastrtps_cpp.hpp
[4.297s] -- Up-to-date: /home/p/ros2_ws/src/install/cartographer_ros_msgs/include/cartographer_ros_msgs/cartographer_ros_msgs/msg
[4.297s] -- Up-to-date: /home/p/ros2_ws/src/install/cartographer_ros_msgs/include/cartographer_ros_msgs/cartographer_ros_msgs/msg/detail
[4.297s] -- Up-to-date: /home/p/ros2_ws/src/install/cartographer_ros_msgs/include/cartographer_ros_msgs/cartographer_ros_msgs/msg/detail/metric__rosidl_typesupport_fastrtps_cpp.hpp
[4.297s] -- Up-to-date: /home/p/ros2_ws/src/install/cartographer_ros_msgs/include/cartographer_ros_msgs/cartographer_ros_msgs/msg/detail/submap_list__rosidl_typesupport_fastrtps_cpp.hpp
[4.297s] -- Up-to-date: /home/p/ros2_ws/src/install/cartographer_ros_msgs/include/cartographer_ros_msgs/cartographer_ros_msgs/msg/detail/dds_fastrtps
[4.297s] -- Up-to-date: /home/p/ros2_ws/src/install/cartographer_ros_msgs/include/cartographer_ros_msgs/cartographer_ros_msgs/msg/detail/landmark_list__rosidl_typesupport_fastrtps_cpp.hpp
[4.297s] -- Up-to-date: /home/p/ros2_ws/src/install/cartographer_ros_msgs/include/cartographer_ros_msgs/cartographer_ros_msgs/msg/detail/metric_family__rosidl_typesupport_fastrtps_cpp.hpp
[4.301s] -- Up-to-date: /home/p/ros2_ws/src/install/cartographer_ros_msgs/include/cartographer_ros_msgs/cartographer_ros_msgs/msg/detail/metric_label__rosidl_typesupport_fastrtps_cpp.hpp
[4.302s] -- Up-to-date: /home/p/ros2_ws/src/install/cartographer_ros_msgs/include/cartographer_ros_msgs/cartographer_ros_msgs/msg/detail/status_code__rosidl_typesupport_fastrtps_cpp.hpp
[4.302s] -- Up-to-date: /home/p/ros2_ws/src/install/cartographer_ros_msgs/include/cartographer_ros_msgs/cartographer_ros_msgs/msg/detail/submap_texture__rosidl_typesupport_fastrtps_cpp.hpp
[4.302s] -- Up-to-date: /home/p/ros2_ws/src/install/cartographer_ros_msgs/include/cartographer_ros_msgs/cartographer_ros_msgs/msg/detail/landmark_entry__rosidl_typesupport_fastrtps_cpp.hpp
[4.304s] -- Up-to-date: /home/p/ros2_ws/src/install/cartographer_ros_msgs/include/cartographer_ros_msgs/cartographer_ros_msgs/msg/detail/submap_entry__rosidl_typesupport_fastrtps_cpp.hpp
[4.304s] -- Up-to-date: /home/p/ros2_ws/src/install/cartographer_ros_msgs/include/cartographer_ros_msgs/cartographer_ros_msgs/msg/detail/trajectory_states__rosidl_typesupport_fastrtps_cpp.hpp
[4.304s] -- Up-to-date: /home/p/ros2_ws/src/install/cartographer_ros_msgs/include/cartographer_ros_msgs/cartographer_ros_msgs/msg/detail/histogram_bucket__rosidl_typesupport_fastrtps_cpp.hpp
[4.304s] -- Up-to-date: /home/p/ros2_ws/src/install/cartographer_ros_msgs/include/cartographer_ros_msgs/cartographer_ros_msgs/msg/detail/status_response__rosidl_typesupport_fastrtps_cpp.hpp
[4.305s] -- Up-to-date: /home/p/ros2_ws/src/install/cartographer_ros_msgs/include/cartographer_ros_msgs/cartographer_ros_msgs/msg/detail/bagfile_progress__rosidl_typesupport_fastrtps_cpp.hpp
[4.305s] -- Up-to-date: /home/p/ros2_ws/src/install/cartographer_ros_msgs/include/cartographer_ros_msgs/cartographer_ros_msgs/msg/rosidl_typesupport_fastrtps_cpp__visibility_control.h
[4.309s] -- Up-to-date: /home/p/ros2_ws/src/install/cartographer_ros_msgs/lib/libcartographer_ros_msgs__rosidl_typesupport_fastrtps_cpp.so
[4.309s] -- Up-to-date: /home/p/ros2_ws/src/install/cartographer_ros_msgs/include/cartographer_ros_msgs/cartographer_ros_msgs
[4.309s] -- Up-to-date: /home/p/ros2_ws/src/install/cartographer_ros_msgs/include/cartographer_ros_msgs/cartographer_ros_msgs/srv
[4.310s] -- Up-to-date: /home/p/ros2_ws/src/install/cartographer_ros_msgs/include/cartographer_ros_msgs/cartographer_ros_msgs/srv/detail
[4.310s] -- Up-to-date: /home/p/ros2_ws/src/install/cartographer_ros_msgs/include/cartographer_ros_msgs/cartographer_ros_msgs/srv/detail/get_trajectory_states__type_support.cpp
[4.310s] -- Up-to-date: /home/p/ros2_ws/src/install/cartographer_ros_msgs/include/cartographer_ros_msgs/cartographer_ros_msgs/srv/detail/finish_trajectory__rosidl_typesupport_introspection_cpp.hpp
[4.310s] -- Up-to-date: /home/p/ros2_ws/src/install/cartographer_ros_msgs/include/cartographer_ros_msgs/cartographer_ros_msgs/srv/detail/start_trajectory__rosidl_typesupport_introspection_cpp.hpp
[4.310s] -- Up-to-date: /home/p/ros2_ws/src/install/cartographer_ros_msgs/include/cartographer_ros_msgs/cartographer_ros_msgs/srv/detail/read_metrics__type_support.cpp
[4.310s] -- Up-to-date: /home/p/ros2_ws/src/install/cartographer_ros_msgs/include/cartographer_ros_msgs/cartographer_ros_msgs/srv/detail/write_state__type_support.cpp
[4.310s] -- Up-to-date: /home/p/ros2_ws/src/install/cartographer_ros_msgs/include/cartographer_ros_msgs/cartographer_ros_msgs/srv/detail/start_trajectory__type_support.cpp
[4.310s] -- Up-to-date: /home/p/ros2_ws/src/install/cartographer_ros_msgs/include/cartographer_ros_msgs/cartographer_ros_msgs/srv/detail/write_state__rosidl_typesupport_introspection_cpp.hpp
[4.311s] -- Up-to-date: /home/p/ros2_ws/src/install/cartographer_ros_msgs/include/cartographer_ros_msgs/cartographer_ros_msgs/srv/detail/read_metrics__rosidl_typesupport_introspection_cpp.hpp
[4.311s] -- Up-to-date: /home/p/ros2_ws/src/install/cartographer_ros_msgs/include/cartographer_ros_msgs/cartographer_ros_msgs/srv/detail/trajectory_query__rosidl_typesupport_introspection_cpp.hpp
[4.311s] -- Up-to-date: /home/p/ros2_ws/src/install/cartographer_ros_msgs/include/cartographer_ros_msgs/cartographer_ros_msgs/srv/detail/submap_query__rosidl_typesupport_introspection_cpp.hpp
[4.314s] -- Up-to-date: /home/p/ros2_ws/src/install/cartographer_ros_msgs/include/cartographer_ros_msgs/cartographer_ros_msgs/srv/detail/submap_query__type_support.cpp
[4.314s] -- Up-to-date: /home/p/ros2_ws/src/install/cartographer_ros_msgs/include/cartographer_ros_msgs/cartographer_ros_msgs/srv/detail/finish_trajectory__type_support.cpp
[4.315s] -- Up-to-date: /home/p/ros2_ws/src/install/cartographer_ros_msgs/include/cartographer_ros_msgs/cartographer_ros_msgs/srv/detail/trajectory_query__type_support.cpp
[4.315s] -- Up-to-date: /home/p/ros2_ws/src/install/cartographer_ros_msgs/include/cartographer_ros_msgs/cartographer_ros_msgs/srv/detail/get_trajectory_states__rosidl_typesupport_introspection_cpp.hpp
[4.315s] -- Up-to-date: /home/p/ros2_ws/src/install/cartographer_ros_msgs/include/cartographer_ros_msgs/cartographer_ros_msgs/msg
[4.315s] -- Up-to-date: /home/p/ros2_ws/src/install/cartographer_ros_msgs/include/cartographer_ros_msgs/cartographer_ros_msgs/msg/detail
[4.315s] -- Up-to-date: /home/p/ros2_ws/src/install/cartographer_ros_msgs/include/cartographer_ros_msgs/cartographer_ros_msgs/msg/detail/status_response__rosidl_typesupport_introspection_cpp.hpp
[4.315s] -- Up-to-date: /home/p/ros2_ws/src/install/cartographer_ros_msgs/include/cartographer_ros_msgs/cartographer_ros_msgs/msg/detail/submap_list__rosidl_typesupport_introspection_cpp.hpp
[4.315s] -- Up-to-date: /home/p/ros2_ws/src/install/cartographer_ros_msgs/include/cartographer_ros_msgs/cartographer_ros_msgs/msg/detail/submap_list__type_support.cpp
[4.315s] -- Up-to-date: /home/p/ros2_ws/src/install/cartographer_ros_msgs/include/cartographer_ros_msgs/cartographer_ros_msgs/msg/detail/metric_label__rosidl_typesupport_introspection_cpp.hpp
[4.321s] -- Up-to-date: /home/p/ros2_ws/src/install/cartographer_ros_msgs/include/cartographer_ros_msgs/cartographer_ros_msgs/msg/detail/landmark_list__type_support.cpp
[4.321s] -- Up-to-date: /home/p/ros2_ws/src/install/cartographer_ros_msgs/include/cartographer_ros_msgs/cartographer_ros_msgs/msg/detail/metric__rosidl_typesupport_introspection_cpp.hpp
[4.321s] -- Up-to-date: /home/p/ros2_ws/src/install/cartographer_ros_msgs/include/cartographer_ros_msgs/cartographer_ros_msgs/msg/detail/status_code__rosidl_typesupport_introspection_cpp.hpp
[4.322s] -- Up-to-date: /home/p/ros2_ws/src/install/cartographer_ros_msgs/include/cartographer_ros_msgs/cartographer_ros_msgs/msg/detail/metric_label__type_support.cpp
[4.322s] -- Up-to-date: /home/p/ros2_ws/src/install/cartographer_ros_msgs/include/cartographer_ros_msgs/cartographer_ros_msgs/msg/detail/metric_family__type_support.cpp
[4.322s] -- Up-to-date: /home/p/ros2_ws/src/install/cartographer_ros_msgs/include/cartographer_ros_msgs/cartographer_ros_msgs/msg/detail/bagfile_progress__rosidl_typesupport_introspection_cpp.hpp
[4.322s] -- Up-to-date: /home/p/ros2_ws/src/install/cartographer_ros_msgs/include/cartographer_ros_msgs/cartographer_ros_msgs/msg/detail/status_code__type_support.cpp
[4.324s] -- Up-to-date: /home/p/ros2_ws/src/install/cartographer_ros_msgs/include/cartographer_ros_msgs/cartographer_ros_msgs/msg/detail/trajectory_states__rosidl_typesupport_introspection_cpp.hpp
[4.325s] -- Up-to-date: /home/p/ros2_ws/src/install/cartographer_ros_msgs/include/cartographer_ros_msgs/cartographer_ros_msgs/msg/detail/metric__type_support.cpp
[4.325s] -- Up-to-date: /home/p/ros2_ws/src/install/cartographer_ros_msgs/include/cartographer_ros_msgs/cartographer_ros_msgs/msg/detail/trajectory_states__type_support.cpp
[4.325s] -- Up-to-date: /home/p/ros2_ws/src/install/cartographer_ros_msgs/include/cartographer_ros_msgs/cartographer_ros_msgs/msg/detail/landmark_entry__rosidl_typesupport_introspection_cpp.hpp
[4.325s] -- Up-to-date: /home/p/ros2_ws/src/install/cartographer_ros_msgs/include/cartographer_ros_msgs/cartographer_ros_msgs/msg/detail/histogram_bucket__type_support.cpp
[4.325s] -- Up-to-date: /home/p/ros2_ws/src/install/cartographer_ros_msgs/include/cartographer_ros_msgs/cartographer_ros_msgs/msg/detail/status_response__type_support.cpp
[4.325s] -- Up-to-date: /home/p/ros2_ws/src/install/cartographer_ros_msgs/include/cartographer_ros_msgs/cartographer_ros_msgs/msg/detail/submap_entry__type_support.cpp
[4.325s] -- Up-to-date: /home/p/ros2_ws/src/install/cartographer_ros_msgs/include/cartographer_ros_msgs/cartographer_ros_msgs/msg/detail/histogram_bucket__rosidl_typesupport_introspection_cpp.hpp
[4.325s] -- Up-to-date: /home/p/ros2_ws/src/install/cartographer_ros_msgs/include/cartographer_ros_msgs/cartographer_ros_msgs/msg/detail/bagfile_progress__type_support.cpp
[4.325s] -- Up-to-date: /home/p/ros2_ws/src/install/cartographer_ros_msgs/include/cartographer_ros_msgs/cartographer_ros_msgs/msg/detail/submap_entry__rosidl_typesupport_introspection_cpp.hpp
[4.326s] -- Up-to-date: /home/p/ros2_ws/src/install/cartographer_ros_msgs/include/cartographer_ros_msgs/cartographer_ros_msgs/msg/detail/landmark_list__rosidl_typesupport_introspection_cpp.hpp
[4.326s] -- Up-to-date: /home/p/ros2_ws/src/install/cartographer_ros_msgs/include/cartographer_ros_msgs/cartographer_ros_msgs/msg/detail/submap_texture__type_support.cpp
[4.326s] -- Up-to-date: /home/p/ros2_ws/src/install/cartographer_ros_msgs/include/cartographer_ros_msgs/cartographer_ros_msgs/msg/detail/submap_texture__rosidl_typesupport_introspection_cpp.hpp
[4.329s] -- Up-to-date: /home/p/ros2_ws/src/install/cartographer_ros_msgs/include/cartographer_ros_msgs/cartographer_ros_msgs/msg/detail/landmark_entry__type_support.cpp
[4.329s] -- Up-to-date: /home/p/ros2_ws/src/install/cartographer_ros_msgs/include/cartographer_ros_msgs/cartographer_ros_msgs/msg/detail/metric_family__rosidl_typesupport_introspection_cpp.hpp
[4.329s] -- Up-to-date: /home/p/ros2_ws/src/install/cartographer_ros_msgs/lib/libcartographer_ros_msgs__rosidl_typesupport_introspection_cpp.so
[4.329s] -- Up-to-date: /home/p/ros2_ws/src/install/cartographer_ros_msgs/lib/libcartographer_ros_msgs__rosidl_typesupport_cpp.so
[4.330s] -- Up-to-date: /home/p/ros2_ws/src/install/cartographer_ros_msgs/share/cartographer_ros_msgs/environment/pythonpath.sh
[4.330s] -- Up-to-date: /home/p/ros2_ws/src/install/cartographer_ros_msgs/share/cartographer_ros_msgs/environment/pythonpath.dsv
[4.330s] -- Up-to-date: /home/p/ros2_ws/src/install/cartographer_ros_msgs/lib/python3.12/site-packages/cartographer_ros_msgs-2.0.9003-py3.12.egg-info
[4.330s] -- Installing: /home/p/ros2_ws/src/install/cartographer_ros_msgs/lib/python3.12/site-packages/cartographer_ros_msgs-2.0.9003-py3.12.egg-info/dependency_links.txt
[4.333s] -- Installing: /home/p/ros2_ws/src/install/cartographer_ros_msgs/lib/python3.12/site-packages/cartographer_ros_msgs-2.0.9003-py3.12.egg-info/PKG-INFO
[4.333s] -- Installing: /home/p/ros2_ws/src/install/cartographer_ros_msgs/lib/python3.12/site-packages/cartographer_ros_msgs-2.0.9003-py3.12.egg-info/top_level.txt
[4.333s] -- Installing: /home/p/ros2_ws/src/install/cartographer_ros_msgs/lib/python3.12/site-packages/cartographer_ros_msgs-2.0.9003-py3.12.egg-info/SOURCES.txt
[4.334s] -- Up-to-date: /home/p/ros2_ws/src/install/cartographer_ros_msgs/lib/python3.12/site-packages/cartographer_ros_msgs
[4.334s] -- Up-to-date: /home/p/ros2_ws/src/install/cartographer_ros_msgs/lib/python3.12/site-packages/cartographer_ros_msgs/cartographer_ros_msgs_s__rosidl_typesupport_fastrtps_c.so
[4.334s] -- Up-to-date: /home/p/ros2_ws/src/install/cartographer_ros_msgs/lib/python3.12/site-packages/cartographer_ros_msgs/_cartographer_ros_msgs_s.ep.rosidl_typesupport_introspection_c.c
[4.334s] -- Up-to-date: /home/p/ros2_ws/src/install/cartographer_ros_msgs/lib/python3.12/site-packages/cartographer_ros_msgs/cartographer_ros_msgs_s__rosidl_typesupport_c.so
[4.334s] -- Up-to-date: /home/p/ros2_ws/src/install/cartographer_ros_msgs/lib/python3.12/site-packages/cartographer_ros_msgs/cartographer_ros_msgs_s__rosidl_typesupport_introspection_c.so
[4.334s] -- Up-to-date: /home/p/ros2_ws/src/install/cartographer_ros_msgs/lib/python3.12/site-packages/cartographer_ros_msgs/srv
[4.334s] -- Up-to-date: /home/p/ros2_ws/src/install/cartographer_ros_msgs/lib/python3.12/site-packages/cartographer_ros_msgs/srv/_trajectory_query.py
[4.334s] -- Up-to-date: /home/p/ros2_ws/src/install/cartographer_ros_msgs/lib/python3.12/site-packages/cartographer_ros_msgs/srv/_get_trajectory_states.py
[4.334s] -- Up-to-date: /home/p/ros2_ws/src/install/cartographer_ros_msgs/lib/python3.12/site-packages/cartographer_ros_msgs/srv/_read_metrics_s.c
[4.334s] -- Up-to-date: /home/p/ros2_ws/src/install/cartographer_ros_msgs/lib/python3.12/site-packages/cartographer_ros_msgs/srv/_read_metrics.py
[4.335s] -- Up-to-date: /home/p/ros2_ws/src/install/cartographer_ros_msgs/lib/python3.12/site-packages/cartographer_ros_msgs/srv/_finish_trajectory.py
[4.335s] -- Up-to-date: /home/p/ros2_ws/src/install/cartographer_ros_msgs/lib/python3.12/site-packages/cartographer_ros_msgs/srv/_write_state_s.c
[4.335s] -- Up-to-date: /home/p/ros2_ws/src/install/cartographer_ros_msgs/lib/python3.12/site-packages/cartographer_ros_msgs/srv/_finish_trajectory_s.c
[4.335s] -- Up-to-date: /home/p/ros2_ws/src/install/cartographer_ros_msgs/lib/python3.12/site-packages/cartographer_ros_msgs/srv/_submap_query.py
[4.335s] -- Up-to-date: /home/p/ros2_ws/src/install/cartographer_ros_msgs/lib/python3.12/site-packages/cartographer_ros_msgs/srv/_start_trajectory.py
[4.338s] -- Up-to-date: /home/p/ros2_ws/src/install/cartographer_ros_msgs/lib/python3.12/site-packages/cartographer_ros_msgs/srv/_get_trajectory_states_s.c
[4.338s] -- Up-to-date: /home/p/ros2_ws/src/install/cartographer_ros_msgs/lib/python3.12/site-packages/cartographer_ros_msgs/srv/_write_state.py
[4.338s] -- Up-to-date: /home/p/ros2_ws/src/install/cartographer_ros_msgs/lib/python3.12/site-packages/cartographer_ros_msgs/srv/_start_trajectory_s.c
[4.338s] -- Up-to-date: /home/p/ros2_ws/src/install/cartographer_ros_msgs/lib/python3.12/site-packages/cartographer_ros_msgs/srv/__init__.py
[4.339s] -- Up-to-date: /home/p/ros2_ws/src/install/cartographer_ros_msgs/lib/python3.12/site-packages/cartographer_ros_msgs/srv/_trajectory_query_s.c
[4.339s] -- Up-to-date: /home/p/ros2_ws/src/install/cartographer_ros_msgs/lib/python3.12/site-packages/cartographer_ros_msgs/srv/_submap_query_s.c
[4.339s] -- Up-to-date: /home/p/ros2_ws/src/install/cartographer_ros_msgs/lib/python3.12/site-packages/cartographer_ros_msgs/_cartographer_ros_msgs_s.ep.rosidl_typesupport_fastrtps_c.c
[4.339s] -- Up-to-date: /home/p/ros2_ws/src/install/cartographer_ros_msgs/lib/python3.12/site-packages/cartographer_ros_msgs/_cartographer_ros_msgs_s.ep.rosidl_typesupport_c.c
[4.344s] -- Up-to-date: /home/p/ros2_ws/src/install/cartographer_ros_msgs/lib/python3.12/site-packages/cartographer_ros_msgs/__init__.py
[4.344s] -- Up-to-date: /home/p/ros2_ws/src/install/cartographer_ros_msgs/lib/python3.12/site-packages/cartographer_ros_msgs/msg
[4.344s] -- Up-to-date: /home/p/ros2_ws/src/install/cartographer_ros_msgs/lib/python3.12/site-packages/cartographer_ros_msgs/msg/_submap_list_s.c
[4.344s] -- Up-to-date: /home/p/ros2_ws/src/install/cartographer_ros_msgs/lib/python3.12/site-packages/cartographer_ros_msgs/msg/_submap_entry_s.c
[4.344s] -- Up-to-date: /home/p/ros2_ws/src/install/cartographer_ros_msgs/lib/python3.12/site-packages/cartographer_ros_msgs/msg/_trajectory_states_s.c
[4.345s] -- Up-to-date: /home/p/ros2_ws/src/install/cartographer_ros_msgs/lib/python3.12/site-packages/cartographer_ros_msgs/msg/_trajectory_states.py
[4.345s] -- Up-to-date: /home/p/ros2_ws/src/install/cartographer_ros_msgs/lib/python3.12/site-packages/cartographer_ros_msgs/msg/_submap_texture_s.c
[4.345s] -- Up-to-date: /home/p/ros2_ws/src/install/cartographer_ros_msgs/lib/python3.12/site-packages/cartographer_ros_msgs/msg/_status_response_s.c
[4.345s] -- Up-to-date: /home/p/ros2_ws/src/install/cartographer_ros_msgs/lib/python3.12/site-packages/cartographer_ros_msgs/msg/_histogram_bucket_s.c
[4.345s] -- Up-to-date: /home/p/ros2_ws/src/install/cartographer_ros_msgs/lib/python3.12/site-packages/cartographer_ros_msgs/msg/_submap_texture.py
[4.345s] -- Up-to-date: /home/p/ros2_ws/src/install/cartographer_ros_msgs/lib/python3.12/site-packages/cartographer_ros_msgs/msg/_metric_s.c
[4.345s] -- Up-to-date: /home/p/ros2_ws/src/install/cartographer_ros_msgs/lib/python3.12/site-packages/cartographer_ros_msgs/msg/_metric.py
[4.345s] -- Up-to-date: /home/p/ros2_ws/src/install/cartographer_ros_msgs/lib/python3.12/site-packages/cartographer_ros_msgs/msg/_bagfile_progress.py
[4.345s] -- Up-to-date: /home/p/ros2_ws/src/install/cartographer_ros_msgs/lib/python3.12/site-packages/cartographer_ros_msgs/msg/_metric_family_s.c
[4.345s] -- Up-to-date: /home/p/ros2_ws/src/install/cartographer_ros_msgs/lib/python3.12/site-packages/cartographer_ros_msgs/msg/_status_response.py
[4.346s] -- Up-to-date: /home/p/ros2_ws/src/install/cartographer_ros_msgs/lib/python3.12/site-packages/cartographer_ros_msgs/msg/_status_code_s.c
[4.346s] -- Up-to-date: /home/p/ros2_ws/src/install/cartographer_ros_msgs/lib/python3.12/site-packages/cartographer_ros_msgs/msg/_landmark_entry.py
[4.346s] -- Up-to-date: /home/p/ros2_ws/src/install/cartographer_ros_msgs/lib/python3.12/site-packages/cartographer_ros_msgs/msg/_histogram_bucket.py
[4.346s] -- Up-to-date: /home/p/ros2_ws/src/install/cartographer_ros_msgs/lib/python3.12/site-packages/cartographer_ros_msgs/msg/__init__.py
[4.347s] -- Up-to-date: /home/p/ros2_ws/src/install/cartographer_ros_msgs/lib/python3.12/site-packages/cartographer_ros_msgs/msg/_metric_label_s.c
[4.347s] -- Up-to-date: /home/p/ros2_ws/src/install/cartographer_ros_msgs/lib/python3.12/site-packages/cartographer_ros_msgs/msg/_submap_entry.py
[4.347s] -- Up-to-date: /home/p/ros2_ws/src/install/cartographer_ros_msgs/lib/python3.12/site-packages/cartographer_ros_msgs/msg/_metric_label.py
[4.347s] -- Up-to-date: /home/p/ros2_ws/src/install/cartographer_ros_msgs/lib/python3.12/site-packages/cartographer_ros_msgs/msg/_landmark_list_s.c
[4.347s] -- Up-to-date: /home/p/ros2_ws/src/install/cartographer_ros_msgs/lib/python3.12/site-packages/cartographer_ros_msgs/msg/_bagfile_progress_s.c
[4.347s] -- Up-to-date: /home/p/ros2_ws/src/install/cartographer_ros_msgs/lib/python3.12/site-packages/cartographer_ros_msgs/msg/_status_code.py
[4.347s] -- Up-to-date: /home/p/ros2_ws/src/install/cartographer_ros_msgs/lib/python3.12/site-packages/cartographer_ros_msgs/msg/_submap_list.py
[4.347s] -- Up-to-date: /home/p/ros2_ws/src/install/cartographer_ros_msgs/lib/python3.12/site-packages/cartographer_ros_msgs/msg/_landmark_list.py
[4.348s] -- Up-to-date: /home/p/ros2_ws/src/install/cartographer_ros_msgs/lib/python3.12/site-packages/cartographer_ros_msgs/msg/_landmark_entry_s.c
[4.348s] -- Up-to-date: /home/p/ros2_ws/src/install/cartographer_ros_msgs/lib/python3.12/site-packages/cartographer_ros_msgs/msg/_metric_family.py
[4.768s] Listing '/home/p/ros2_ws/src/install/cartographer_ros_msgs/lib/python3.12/site-packages/cartographer_ros_msgs'...
[4.768s] Listing '/home/p/ros2_ws/src/install/cartographer_ros_msgs/lib/python3.12/site-packages/cartographer_ros_msgs/msg'...
[4.768s] Listing '/home/p/ros2_ws/src/install/cartographer_ros_msgs/lib/python3.12/site-packages/cartographer_ros_msgs/srv'...
[4.827s] -- Up-to-date: /home/p/ros2_ws/src/install/cartographer_ros_msgs/lib/python3.12/site-packages/cartographer_ros_msgs/cartographer_ros_msgs_s__rosidl_typesupport_fastrtps_c.so
[4.830s] -- Up-to-date: /home/p/ros2_ws/src/install/cartographer_ros_msgs/lib/python3.12/site-packages/cartographer_ros_msgs/cartographer_ros_msgs_s__rosidl_typesupport_introspection_c.so
[4.832s] -- Up-to-date: /home/p/ros2_ws/src/install/cartographer_ros_msgs/lib/python3.12/site-packages/cartographer_ros_msgs/cartographer_ros_msgs_s__rosidl_typesupport_c.so
[4.843s] -- Up-to-date: /home/p/ros2_ws/src/install/cartographer_ros_msgs/lib/libcartographer_ros_msgs__rosidl_generator_py.so
[4.843s] -- Up-to-date: /home/p/ros2_ws/src/install/cartographer_ros_msgs/share/cartographer_ros_msgs/msg/BagfileProgress.idl
[4.844s] -- Up-to-date: /home/p/ros2_ws/src/install/cartographer_ros_msgs/share/cartographer_ros_msgs/msg/HistogramBucket.idl
[4.844s] -- Up-to-date: /home/p/ros2_ws/src/install/cartographer_ros_msgs/share/cartographer_ros_msgs/msg/LandmarkEntry.idl
[4.855s] -- Up-to-date: /home/p/ros2_ws/src/install/cartographer_ros_msgs/share/cartographer_ros_msgs/msg/LandmarkList.idl
[4.855s] -- Up-to-date: /home/p/ros2_ws/src/install/cartographer_ros_msgs/share/cartographer_ros_msgs/msg/MetricFamily.idl
[4.856s] -- Up-to-date: /home/p/ros2_ws/src/install/cartographer_ros_msgs/share/cartographer_ros_msgs/msg/MetricLabel.idl
[4.856s] -- Up-to-date: /home/p/ros2_ws/src/install/cartographer_ros_msgs/share/cartographer_ros_msgs/msg/Metric.idl
[4.856s] -- Up-to-date: /home/p/ros2_ws/src/install/cartographer_ros_msgs/share/cartographer_ros_msgs/msg/StatusCode.idl
[4.856s] -- Up-to-date: /home/p/ros2_ws/src/install/cartographer_ros_msgs/share/cartographer_ros_msgs/msg/StatusResponse.idl
[4.856s] -- Up-to-date: /home/p/ros2_ws/src/install/cartographer_ros_msgs/share/cartographer_ros_msgs/msg/SubmapEntry.idl
[4.856s] -- Up-to-date: /home/p/ros2_ws/src/install/cartographer_ros_msgs/share/cartographer_ros_msgs/msg/SubmapList.idl
[4.856s] -- Up-to-date: /home/p/ros2_ws/src/install/cartographer_ros_msgs/share/cartographer_ros_msgs/msg/SubmapTexture.idl
[4.857s] -- Up-to-date: /home/p/ros2_ws/src/install/cartographer_ros_msgs/share/cartographer_ros_msgs/msg/TrajectoryStates.idl
[4.857s] -- Up-to-date: /home/p/ros2_ws/src/install/cartographer_ros_msgs/share/cartographer_ros_msgs/srv/FinishTrajectory.idl
[4.857s] -- Up-to-date: /home/p/ros2_ws/src/install/cartographer_ros_msgs/share/cartographer_ros_msgs/srv/GetTrajectoryStates.idl
[4.857s] -- Up-to-date: /home/p/ros2_ws/src/install/cartographer_ros_msgs/share/cartographer_ros_msgs/srv/ReadMetrics.idl
[4.857s] -- Up-to-date: /home/p/ros2_ws/src/install/cartographer_ros_msgs/share/cartographer_ros_msgs/srv/StartTrajectory.idl
[4.857s] -- Up-to-date: /home/p/ros2_ws/src/install/cartographer_ros_msgs/share/cartographer_ros_msgs/srv/TrajectoryQuery.idl
[4.857s] -- Up-to-date: /home/p/ros2_ws/src/install/cartographer_ros_msgs/share/cartographer_ros_msgs/srv/SubmapQuery.idl
[4.857s] -- Up-to-date: /home/p/ros2_ws/src/install/cartographer_ros_msgs/share/cartographer_ros_msgs/srv/WriteState.idl
[4.858s] -- Up-to-date: /home/p/ros2_ws/src/install/cartographer_ros_msgs/share/cartographer_ros_msgs/msg/BagfileProgress.msg
[4.867s] -- Up-to-date: /home/p/ros2_ws/src/install/cartographer_ros_msgs/share/cartographer_ros_msgs/msg/HistogramBucket.msg
[4.868s] -- Up-to-date: /home/p/ros2_ws/src/install/cartographer_ros_msgs/share/cartographer_ros_msgs/msg/LandmarkEntry.msg
[4.868s] -- Up-to-date: /home/p/ros2_ws/src/install/cartographer_ros_msgs/share/cartographer_ros_msgs/msg/LandmarkList.msg
[4.868s] -- Up-to-date: /home/p/ros2_ws/src/install/cartographer_ros_msgs/share/cartographer_ros_msgs/msg/MetricFamily.msg
[4.868s] -- Up-to-date: /home/p/ros2_ws/src/install/cartographer_ros_msgs/share/cartographer_ros_msgs/msg/MetricLabel.msg
[4.868s] -- Up-to-date: /home/p/ros2_ws/src/install/cartographer_ros_msgs/share/cartographer_ros_msgs/msg/Metric.msg
[4.868s] -- Up-to-date: /home/p/ros2_ws/src/install/cartographer_ros_msgs/share/cartographer_ros_msgs/msg/StatusCode.msg
[4.868s] -- Up-to-date: /home/p/ros2_ws/src/install/cartographer_ros_msgs/share/cartographer_ros_msgs/msg/StatusResponse.msg
[4.868s] -- Up-to-date: /home/p/ros2_ws/src/install/cartographer_ros_msgs/share/cartographer_ros_msgs/msg/SubmapEntry.msg
[4.869s] -- Up-to-date: /home/p/ros2_ws/src/install/cartographer_ros_msgs/share/cartographer_ros_msgs/msg/SubmapList.msg
[4.869s] -- Up-to-date: /home/p/ros2_ws/src/install/cartographer_ros_msgs/share/cartographer_ros_msgs/msg/SubmapTexture.msg
[4.869s] -- Up-to-date: /home/p/ros2_ws/src/install/cartographer_ros_msgs/share/cartographer_ros_msgs/msg/TrajectoryStates.msg
[4.869s] -- Up-to-date: /home/p/ros2_ws/src/install/cartographer_ros_msgs/share/cartographer_ros_msgs/srv/FinishTrajectory.srv
[4.869s] -- Up-to-date: /home/p/ros2_ws/src/install/cartographer_ros_msgs/share/cartographer_ros_msgs/srv/GetTrajectoryStates.srv
[4.869s] -- Up-to-date: /home/p/ros2_ws/src/install/cartographer_ros_msgs/share/cartographer_ros_msgs/srv/ReadMetrics.srv
[4.869s] -- Up-to-date: /home/p/ros2_ws/src/install/cartographer_ros_msgs/share/cartographer_ros_msgs/srv/StartTrajectory.srv
[4.878s] -- Up-to-date: /home/p/ros2_ws/src/install/cartographer_ros_msgs/share/cartographer_ros_msgs/srv/TrajectoryQuery.srv
[4.878s] -- Up-to-date: /home/p/ros2_ws/src/install/cartographer_ros_msgs/share/cartographer_ros_msgs/srv/SubmapQuery.srv
[4.878s] -- Up-to-date: /home/p/ros2_ws/src/install/cartographer_ros_msgs/share/cartographer_ros_msgs/srv/WriteState.srv
[4.879s] -- Up-to-date: /home/p/ros2_ws/src/install/cartographer_ros_msgs/share/ament_index/resource_index/package_run_dependencies/cartographer_ros_msgs
[4.879s] -- Up-to-date: /home/p/ros2_ws/src/install/cartographer_ros_msgs/share/ament_index/resource_index/parent_prefix_path/cartographer_ros_msgs
[4.879s] -- Up-to-date: /home/p/ros2_ws/src/install/cartographer_ros_msgs/share/cartographer_ros_msgs/environment/ament_prefix_path.sh
[4.879s] -- Up-to-date: /home/p/ros2_ws/src/install/cartographer_ros_msgs/share/cartographer_ros_msgs/environment/ament_prefix_path.dsv
[4.879s] -- Up-to-date: /home/p/ros2_ws/src/install/cartographer_ros_msgs/share/cartographer_ros_msgs/environment/path.sh
[4.879s] -- Up-to-date: /home/p/ros2_ws/src/install/cartographer_ros_msgs/share/cartographer_ros_msgs/environment/path.dsv
[4.879s] -- Up-to-date: /home/p/ros2_ws/src/install/cartographer_ros_msgs/share/cartographer_ros_msgs/local_setup.bash
[4.880s] -- Up-to-date: /home/p/ros2_ws/src/install/cartographer_ros_msgs/share/cartographer_ros_msgs/local_setup.sh
[4.880s] -- Up-to-date: /home/p/ros2_ws/src/install/cartographer_ros_msgs/share/cartographer_ros_msgs/local_setup.zsh
[4.880s] -- Up-to-date: /home/p/ros2_ws/src/install/cartographer_ros_msgs/share/cartographer_ros_msgs/local_setup.dsv
[4.880s] -- Installing: /home/p/ros2_ws/src/install/cartographer_ros_msgs/share/cartographer_ros_msgs/package.dsv
[4.894s] -- Up-to-date: /home/p/ros2_ws/src/install/cartographer_ros_msgs/share/ament_index/resource_index/packages/cartographer_ros_msgs
[4.905s] -- Up-to-date: /home/p/ros2_ws/src/install/cartographer_ros_msgs/share/cartographer_ros_msgs/cmake/export_cartographer_ros_msgs__rosidl_generator_cExport.cmake
[4.906s] -- Up-to-date: /home/p/ros2_ws/src/install/cartographer_ros_msgs/share/cartographer_ros_msgs/cmake/export_cartographer_ros_msgs__rosidl_generator_cExport-noconfig.cmake
[4.919s] -- Up-to-date: /home/p/ros2_ws/src/install/cartographer_ros_msgs/share/cartographer_ros_msgs/cmake/export_cartographer_ros_msgs__rosidl_typesupport_fastrtps_cExport.cmake
[4.919s] -- Up-to-date: /home/p/ros2_ws/src/install/cartographer_ros_msgs/share/cartographer_ros_msgs/cmake/export_cartographer_ros_msgs__rosidl_typesupport_fastrtps_cExport-noconfig.cmake
[4.937s] -- Up-to-date: /home/p/ros2_ws/src/install/cartographer_ros_msgs/share/cartographer_ros_msgs/cmake/cartographer_ros_msgs__rosidl_typesupport_introspection_cExport.cmake
[4.937s] -- Up-to-date: /home/p/ros2_ws/src/install/cartographer_ros_msgs/share/cartographer_ros_msgs/cmake/cartographer_ros_msgs__rosidl_typesupport_introspection_cExport-noconfig.cmake
[4.946s] -- Up-to-date: /home/p/ros2_ws/src/install/cartographer_ros_msgs/share/cartographer_ros_msgs/cmake/cartographer_ros_msgs__rosidl_typesupport_cExport.cmake
[4.946s] -- Up-to-date: /home/p/ros2_ws/src/install/cartographer_ros_msgs/share/cartographer_ros_msgs/cmake/cartographer_ros_msgs__rosidl_typesupport_cExport-noconfig.cmake
[4.957s] -- Up-to-date: /home/p/ros2_ws/src/install/cartographer_ros_msgs/share/cartographer_ros_msgs/cmake/export_cartographer_ros_msgs__rosidl_generator_cppExport.cmake
[4.967s] -- Up-to-date: /home/p/ros2_ws/src/install/cartographer_ros_msgs/share/cartographer_ros_msgs/cmake/export_cartographer_ros_msgs__rosidl_typesupport_fastrtps_cppExport.cmake
[4.968s] -- Up-to-date: /home/p/ros2_ws/src/install/cartographer_ros_msgs/share/cartographer_ros_msgs/cmake/export_cartographer_ros_msgs__rosidl_typesupport_fastrtps_cppExport-noconfig.cmake
[4.972s] -- Up-to-date: /home/p/ros2_ws/src/install/cartographer_ros_msgs/share/cartographer_ros_msgs/cmake/cartographer_ros_msgs__rosidl_typesupport_introspection_cppExport.cmake
[4.972s] -- Up-to-date: /home/p/ros2_ws/src/install/cartographer_ros_msgs/share/cartographer_ros_msgs/cmake/cartographer_ros_msgs__rosidl_typesupport_introspection_cppExport-noconfig.cmake
[4.979s] -- Up-to-date: /home/p/ros2_ws/src/install/cartographer_ros_msgs/share/cartographer_ros_msgs/cmake/cartographer_ros_msgs__rosidl_typesupport_cppExport.cmake
[4.979s] -- Up-to-date: /home/p/ros2_ws/src/install/cartographer_ros_msgs/share/cartographer_ros_msgs/cmake/cartographer_ros_msgs__rosidl_typesupport_cppExport-noconfig.cmake
[4.995s] -- Up-to-date: /home/p/ros2_ws/src/install/cartographer_ros_msgs/share/cartographer_ros_msgs/cmake/export_cartographer_ros_msgs__rosidl_generator_pyExport.cmake
[4.995s] -- Up-to-date: /home/p/ros2_ws/src/install/cartographer_ros_msgs/share/cartographer_ros_msgs/cmake/export_cartographer_ros_msgs__rosidl_generator_pyExport-noconfig.cmake
[4.995s] -- Up-to-date: /home/p/ros2_ws/src/install/cartographer_ros_msgs/share/cartographer_ros_msgs/cmake/rosidl_cmake-extras.cmake
[4.995s] -- Up-to-date: /home/p/ros2_ws/src/install/cartographer_ros_msgs/share/cartographer_ros_msgs/cmake/ament_cmake_export_dependencies-extras.cmake
[4.996s] -- Up-to-date: /home/p/ros2_ws/src/install/cartographer_ros_msgs/share/cartographer_ros_msgs/cmake/ament_cmake_export_include_directories-extras.cmake
[4.996s] -- Up-to-date: /home/p/ros2_ws/src/install/cartographer_ros_msgs/share/cartographer_ros_msgs/cmake/ament_cmake_export_libraries-extras.cmake
[4.996s] -- Up-to-date: /home/p/ros2_ws/src/install/cartographer_ros_msgs/share/cartographer_ros_msgs/cmake/ament_cmake_export_targets-extras.cmake
[4.996s] -- Up-to-date: /home/p/ros2_ws/src/install/cartographer_ros_msgs/share/cartographer_ros_msgs/cmake/rosidl_cmake_export_typesupport_targets-extras.cmake
[4.996s] -- Up-to-date: /home/p/ros2_ws/src/install/cartographer_ros_msgs/share/cartographer_ros_msgs/cmake/rosidl_cmake_export_typesupport_libraries-extras.cmake
[4.996s] -- Up-to-date: /home/p/ros2_ws/src/install/cartographer_ros_msgs/share/cartographer_ros_msgs/cmake/cartographer_ros_msgsConfig.cmake
[4.997s] -- Up-to-date: /home/p/ros2_ws/src/install/cartographer_ros_msgs/share/cartographer_ros_msgs/cmake/cartographer_ros_msgsConfig-version.cmake
[4.997s] -- Up-to-date: /home/p/ros2_ws/src/install/cartographer_ros_msgs/share/cartographer_ros_msgs/package.xml
[5.014s] Invoked command in '/home/p/ros2_ws/src/build/cartographer_ros_msgs' returned '0': CMAKE_PREFIX_PATH=${CMAKE_PREFIX_PATH}:/home/p/ros2_ws/install/sweep_builder:/home/p/ros2_ws/install/optical_cane_rpi:/home/p/ros2_ws/install/mpu9250:/opt/ros/jazzy DEBUGINFOD_URLS=https://debuginfod.ubuntu.com /usr/bin/cmake --install /home/p/ros2_ws/src/build/cartographer_ros_msgs
