/home/p/ros2_ws/src/install/sweep_builder/lib/python3.12/site-packages/sweep_builder/point_preprocessor_node.py
/home/p/ros2_ws/src/install/sweep_builder/lib/python3.12/site-packages/sweep_builder/dynamic_obstacle_processor.py
/home/p/ros2_ws/src/install/sweep_builder/lib/python3.12/site-packages/sweep_builder/leveled_scan_node.py
/home/p/ros2_ws/src/install/sweep_builder/lib/python3.12/site-packages/sweep_builder/sweep_node.py
/home/p/ros2_ws/src/install/sweep_builder/lib/python3.12/site-packages/sweep_builder/ground_aligned_scan_node.py
/home/p/ros2_ws/src/install/sweep_builder/lib/python3.12/site-packages/sweep_builder/__init__.py
/home/p/ros2_ws/src/install/sweep_builder/lib/python3.12/site-packages/sweep_builder/lidar_imu_filtered_to_pointcloud.py
/home/p/ros2_ws/src/install/sweep_builder/lib/python3.12/site-packages/sweep_builder/sweep_accumulator_node.py
/home/p/ros2_ws/src/install/sweep_builder/lib/python3.12/site-packages/sweep_builder/lidar_imu_to_pointcloud.py
/home/p/ros2_ws/src/install/sweep_builder/lib/python3.12/site-packages/sweep_builder/lidar_imu_filtered_to_pointcloud_front.py
/home/p/ros2_ws/src/install/sweep_builder/lib/python3.12/site-packages/sweep_builder/preproc_front_filter_node.py
/home/p/ros2_ws/src/install/sweep_builder/lib/python3.12/site-packages/sweep_builder/sweep_xy_filter_node.py
/home/p/ros2_ws/src/install/sweep_builder/lib/python3.12/site-packages/sweep_builder/accumulator_node.py
/home/p/ros2_ws/src/install/sweep_builder/lib/python3.12/site-packages/sweep_builder/__pycache__/point_preprocessor_node.cpython-312.pyc
/home/p/ros2_ws/src/install/sweep_builder/lib/python3.12/site-packages/sweep_builder/__pycache__/dynamic_obstacle_processor.cpython-312.pyc
/home/p/ros2_ws/src/install/sweep_builder/lib/python3.12/site-packages/sweep_builder/__pycache__/leveled_scan_node.cpython-312.pyc
/home/p/ros2_ws/src/install/sweep_builder/lib/python3.12/site-packages/sweep_builder/__pycache__/sweep_node.cpython-312.pyc
/home/p/ros2_ws/src/install/sweep_builder/lib/python3.12/site-packages/sweep_builder/__pycache__/ground_aligned_scan_node.cpython-312.pyc
/home/p/ros2_ws/src/install/sweep_builder/lib/python3.12/site-packages/sweep_builder/__pycache__/__init__.cpython-312.pyc
/home/p/ros2_ws/src/install/sweep_builder/lib/python3.12/site-packages/sweep_builder/__pycache__/lidar_imu_filtered_to_pointcloud.cpython-312.pyc
/home/p/ros2_ws/src/install/sweep_builder/lib/python3.12/site-packages/sweep_builder/__pycache__/sweep_accumulator_node.cpython-312.pyc
/home/p/ros2_ws/src/install/sweep_builder/lib/python3.12/site-packages/sweep_builder/__pycache__/lidar_imu_to_pointcloud.cpython-312.pyc
/home/p/ros2_ws/src/install/sweep_builder/lib/python3.12/site-packages/sweep_builder/__pycache__/lidar_imu_filtered_to_pointcloud_front.cpython-312.pyc
/home/p/ros2_ws/src/install/sweep_builder/lib/python3.12/site-packages/sweep_builder/__pycache__/preproc_front_filter_node.cpython-312.pyc
/home/p/ros2_ws/src/install/sweep_builder/lib/python3.12/site-packages/sweep_builder/__pycache__/sweep_xy_filter_node.cpython-312.pyc
/home/p/ros2_ws/src/install/sweep_builder/lib/python3.12/site-packages/sweep_builder/__pycache__/accumulator_node.cpython-312.pyc
/home/p/ros2_ws/src/install/sweep_builder/share/ament_index/resource_index/packages/sweep_builder
/home/p/ros2_ws/src/install/sweep_builder/share/sweep_builder/package.xml
/home/p/ros2_ws/src/install/sweep_builder/share/sweep_builder/config/my_wearable_lio.yaml
/home/p/ros2_ws/src/install/sweep_builder/share/sweep_builder/config/ekf_params.yaml
/home/p/ros2_ws/src/install/sweep_builder/share/sweep_builder/config/obstacle_costmap_params.yaml
/home/p/ros2_ws/src/install/sweep_builder/share/sweep_builder/config/imu_odom.yaml
/home/p/ros2_ws/src/install/sweep_builder/share/sweep_builder/config/ekf.yaml
/home/p/ros2_ws/src/install/sweep_builder/share/sweep_builder/config/slam_online.yaml
/home/p/ros2_ws/src/install/sweep_builder/share/sweep_builder/config/ekf_local.yaml
/home/p/ros2_ws/src/install/sweep_builder/lib/python3.12/site-packages/sweep_builder-0.0.1-py3.12.egg-info/dependency_links.txt
/home/p/ros2_ws/src/install/sweep_builder/lib/python3.12/site-packages/sweep_builder-0.0.1-py3.12.egg-info/PKG-INFO
/home/p/ros2_ws/src/install/sweep_builder/lib/python3.12/site-packages/sweep_builder-0.0.1-py3.12.egg-info/entry_points.txt
/home/p/ros2_ws/src/install/sweep_builder/lib/python3.12/site-packages/sweep_builder-0.0.1-py3.12.egg-info/requires.txt
/home/p/ros2_ws/src/install/sweep_builder/lib/python3.12/site-packages/sweep_builder-0.0.1-py3.12.egg-info/top_level.txt
/home/p/ros2_ws/src/install/sweep_builder/lib/python3.12/site-packages/sweep_builder-0.0.1-py3.12.egg-info/zip-safe
/home/p/ros2_ws/src/install/sweep_builder/lib/python3.12/site-packages/sweep_builder-0.0.1-py3.12.egg-info/SOURCES.txt
/home/p/ros2_ws/src/install/sweep_builder/lib/sweep_builder/accumulator_node
/home/p/ros2_ws/src/install/sweep_builder/lib/sweep_builder/dynamic_obstacle_processor
/home/p/ros2_ws/src/install/sweep_builder/lib/sweep_builder/ground_aligned_scan_node
/home/p/ros2_ws/src/install/sweep_builder/lib/sweep_builder/leveled_scan_node
/home/p/ros2_ws/src/install/sweep_builder/lib/sweep_builder/lidar_imu_filtered_to_pointcloud
/home/p/ros2_ws/src/install/sweep_builder/lib/sweep_builder/lidar_imu_to_pointcloud
/home/p/ros2_ws/src/install/sweep_builder/lib/sweep_builder/lidar_imu_to_pointcloud_front
/home/p/ros2_ws/src/install/sweep_builder/lib/sweep_builder/point_preprocessor_node
/home/p/ros2_ws/src/install/sweep_builder/lib/sweep_builder/preproc_front_filter_node
/home/p/ros2_ws/src/install/sweep_builder/lib/sweep_builder/sweep_accmulator_node
/home/p/ros2_ws/src/install/sweep_builder/lib/sweep_builder/sweep_node
/home/p/ros2_ws/src/install/sweep_builder/lib/sweep_builder/sweep_xy_filter_node
