[0.084s] Invoking command in '/home/p/ros2_ws/build/cartographer': CMAKE_PREFIX_PATH=${CMAKE_PREFIX_PATH}:/home/p/ros2_ws/install/mpu9250:/home/p/ros2_ws/install/sweep_builder:/home/p/ros2_ws/install/scan_to_pointcloud:/home/p/ros2_ws/install/mpu9250_py:/home/p/ros2_ws/install/mpu6050_py:/home/p/ros2_ws/install/lidar_imu_tf:/home/p/ros2_ws/install/lidar_imu_correction:/home/p/ros2_ws/install/lidar_icp_odometry:/opt/ros/jazzy DEBUGINFOD_URLS=https://debuginfod.ubuntu.com /usr/bin/cmake --build /home/p/ros2_ws/build/cartographer -- -j4 -l4
[1.109s] [  1%] Built target gtest
[1.109s] [  1%] [34m[1mBuilding documentation.[0m
[1.109s] [  1%] Built target cartographer_detect_changes
[1.109s] [  2%] Built target gmock
[1.109s] [  2%] Built target gmock_main
[1.110s] [ 55%] Built target cartographer
[1.110s] [ 56%] Built target cartographer_pbstream
[1.110s] [ 57%] Built target cartographer_autogenerate_ground_truth
[1.110s] [ 57%] Built target cartographer_compute_relations_metrics
[1.110s] [01mRunning Sphinx v7.2.6[39;49;00m
[1.167s] [ 57%] Built target cartographer_print_configuration
[1.182s] [ 58%] Built target cartographer_test_library
[1.323s] [ 59%] Built target cartographer.common.fixed_ratio_sampler_test
[1.340s] [ 59%] Built target cartographer.common.configuration_files_test
[1.348s] [ 59%] Built target cartographer.common.internal.blocking_queue_test
[1.462s] [ 60%] Built target cartographer.common.math_test
[1.463s] [ 60%] Built target cartographer.common.lua_parameter_dictionary_test
[1.474s] [ 61%] Built target cartographer.common.internal.rate_timer_test
[1.582s] [ 61%] Built target cartographer.common.task_test
[1.599s] [ 62%] Built target cartographer.common.thread_pool_test
[1.615s] [ 62%] Built target cartographer.io.fake_file_writer_test
[1.703s] [01mloading pickled environment... [39;49;00m[ 62%] Built target cartographer.io.points_processor_pipeline_builder_test
[1.725s] done
[1.728s] [ 63%] Built target cartographer.io.internal.in_memory_proto_stream_test
[1.745s] [01mbuilding [mo]: [39;49;00mtargets for 0 po files that are out of date
[1.745s] [01mwriting output... [39;49;00m
[1.745s] [01mbuilding [html]: [39;49;00mtargets for 0 source files that are out of date
[1.746s] [01mupdating environment: [39;49;00m0 added, 0 changed, 0 removed
[1.747s] [01mreading sources... [39;49;00m
[1.747s] [01mlooking for now-outdated files... [39;49;00mnone found
[1.747s] [01mno targets are out of date.[39;49;00m
[1.747s] [01mbuild succeeded.[39;49;00m
[1.747s] 
[1.747s] The HTML pages are in html.
[1.771s] [ 64%] Built target cartographer.io.probability_grid_points_processor_test
[1.840s] [ 65%] Built target cartographer.io.proto_stream_test
[1.845s] [ 65%] Built target cartographer.io.proto_stream_deserializer_test
[1.865s] [ 65%] Built target cartographer.io.serialization_format_migration_test
[1.948s] [ 66%] Built target cartographer.mapping.2d.range_data_inserter_2d_test
[1.970s] [ 67%] Built target cartographer.mapping.2d.map_limits_test
[1.971s] [ 67%] Built target cartographer.mapping.2d.probability_grid_test
[2.063s] [ 67%] Built target cartographer.mapping.3d.hybrid_grid_test
[2.083s] [ 67%] Built target cartographer.mapping.2d.submap_2d_test
[2.091s] [ 68%] Built target cartographer.mapping.2d.xy_index_test
[2.099s] [ 68%] Built target build_doc
[2.158s] [ 69%] Built target cartographer.mapping.3d.range_data_inserter_3d_test
[2.190s] [ 69%] Built target cartographer.mapping.imu_tracker_test
[2.191s] [ 70%] Built target cartographer.mapping.3d.submap_3d_test
[2.191s] [ 70%] Built target cartographer.mapping.id_test
[2.258s] [ 71%] Built target cartographer.mapping.internal.2d.normal_estimation_2d_test
[2.328s] [ 71%] Built target cartographer.mapping.internal.2d.overlapping_submaps_trimmer_2d_test
[2.354s] [ 72%] Built target cartographer.mapping.internal.2d.ray_to_pixel_mask_test
[2.355s] [ 72%] Built target cartographer.mapping.internal.2d.pose_graph_2d_test
[2.433s] [ 73%] Built target cartographer.mapping.internal.2d.scan_matching.ceres_scan_matcher_2d_test
[2.464s] [ 73%] Built target cartographer.mapping.internal.2d.scan_matching.correlative_scan_matcher_test
[2.508s] [ 74%] Built target cartographer.mapping.internal.2d.scan_matching.interpolated_tsdf_2d_test
[2.513s] [ 75%] Built target cartographer.mapping.internal.2d.scan_matching.fast_correlative_scan_matcher_2d_test
[2.568s] [ 75%] Built target cartographer.mapping.internal.2d.scan_matching.occupied_space_cost_function_2d_test
[2.614s] [ 76%] Built target cartographer.mapping.internal.2d.scan_matching.real_time_correlative_scan_matcher_2d_test
[2.632s] [ 77%] Built target cartographer.mapping.internal.2d.tsd_value_converter_test
[2.643s] [ 77%] Built target cartographer.mapping.internal.2d.scan_matching.tsdf_match_cost_function_2d_test
[2.702s] [ 77%] Built target cartographer.mapping.internal.2d.tsdf_2d_test
[2.763s] [ 77%] Built target cartographer.mapping.internal.3d.local_trajectory_builder_3d_test
[2.776s] [ 78%] Built target cartographer.mapping.internal.2d.tsdf_range_data_inserter_2d_test
[2.776s] [ 79%] Built target cartographer.mapping.internal.3d.pose_graph_3d_test
[2.825s] [ 79%] Built target cartographer.mapping.internal.3d.rotation_parameterization_test
[2.908s] [ 79%] Built target cartographer.mapping.internal.3d.scan_matching.fast_correlative_scan_matcher_3d_test
[2.919s] [ 80%] Built target cartographer.mapping.internal.3d.scan_matching.intensity_cost_function_3d_test
[2.922s] [ 81%] Built target cartographer.mapping.internal.3d.scan_matching.ceres_scan_matcher_3d_test
[2.950s] [ 81%] Built target cartographer.mapping.internal.3d.scan_matching.interpolated_grid_test
[3.034s] [ 82%] Built target cartographer.mapping.internal.3d.scan_matching.precomputation_grid_3d_test
[3.061s] [ 83%] Built target cartographer.mapping.internal.3d.scan_matching.rotation_delta_cost_functor_3d_test
[3.062s] [ 83%] Built target cartographer.mapping.internal.3d.scan_matching.real_time_correlative_scan_matcher_3d_test
[3.106s] [ 83%] Built target cartographer.mapping.internal.3d.scan_matching.rotational_scan_matcher_test
[3.169s] [ 84%] Built target cartographer.mapping.internal.connected_components_test
[3.211s] [ 85%] Built target cartographer.mapping.internal.constraints.constraint_builder_3d_test
[3.245s] [ 85%] Built target cartographer.mapping.internal.constraints.constraint_builder_2d_test
[3.247s] [ 85%] Built target cartographer.mapping.internal.motion_filter_test
[3.289s] [ 86%] Built target cartographer.mapping.internal.optimization.cost_functions.landmark_cost_function_2d_test
[3.354s] [ 86%] Built target cartographer.mapping.internal.optimization.cost_functions.landmark_cost_function_3d_test
[3.400s] [ 87%] Built target cartographer.mapping.internal.optimization.cost_functions.spa_cost_function_2d_test
[3.400s] [ 87%] Built target cartographer.mapping.internal.optimization.optimization_problem_3d_test
[3.430s] [ 88%] Built target cartographer.mapping.internal.range_data_collator_test
[3.526s] [ 88%] Built target cartographer.mapping.internal.trajectory_connectivity_state_test
[3.539s] [ 88%] Built target cartographer.mapping.pose_extrapolator_test
[3.549s] [ 89%] Built target cartographer.mapping.map_builder_test
[3.586s] [ 90%] Built target cartographer.mapping.pose_graph_test
[3.653s] [ 90%] Built target cartographer.mapping.pose_graph_trimmer_test
[3.677s] [ 91%] Built target cartographer.mapping.probability_values_test
[3.680s] [ 91%] Built target cartographer.mapping.submaps_test
[3.732s] [ 92%] Built target cartographer.mapping.trajectory_node_test
[3.792s] [ 92%] Built target cartographer.mapping.value_conversion_tables_test
[3.804s] [ 93%] Built target cartographer.sensor.compressed_point_cloud_test
[3.824s] [ 93%] Built target cartographer.sensor.internal.collator_test
[3.880s] [ 94%] Built target cartographer.sensor.internal.ordered_multi_queue_test
[3.918s] [ 95%] Built target cartographer.sensor.internal.trajectory_collator_test
[3.944s] [ 96%] Built target cartographer.sensor.internal.voxel_filter_test
[3.946s] [ 96%] Built target cartographer.sensor.landmark_data_test
[4.011s] [ 96%] Built target cartographer.sensor.map_by_time_test
[4.048s] [ 97%] Built target cartographer.sensor.point_cloud_test
[4.060s] [ 98%] Built target cartographer.transform.rigid_transform_test
[4.092s] [ 98%] Built target cartographer.sensor.range_data_test
[4.133s] [100%] Built target cartographer.transform.transform_interpolation_buffer_test
[4.145s] [100%] Built target cartographer.transform.timestamped_transform_test
[4.153s] [100%] Built target cartographer.transform.transform_test
[4.292s] Invoked command in '/home/p/ros2_ws/build/cartographer' returned '0': CMAKE_PREFIX_PATH=${CMAKE_PREFIX_PATH}:/home/p/ros2_ws/install/mpu9250:/home/p/ros2_ws/install/sweep_builder:/home/p/ros2_ws/install/scan_to_pointcloud:/home/p/ros2_ws/install/mpu9250_py:/home/p/ros2_ws/install/mpu6050_py:/home/p/ros2_ws/install/lidar_imu_tf:/home/p/ros2_ws/install/lidar_imu_correction:/home/p/ros2_ws/install/lidar_icp_odometry:/opt/ros/jazzy DEBUGINFOD_URLS=https://debuginfod.ubuntu.com /usr/bin/cmake --build /home/p/ros2_ws/build/cartographer -- -j4 -l4
[4.296s] Invoking command in '/home/p/ros2_ws/build/cartographer': CMAKE_PREFIX_PATH=${CMAKE_PREFIX_PATH}:/home/p/ros2_ws/install/mpu9250:/home/p/ros2_ws/install/sweep_builder:/home/p/ros2_ws/install/scan_to_pointcloud:/home/p/ros2_ws/install/mpu9250_py:/home/p/ros2_ws/install/mpu6050_py:/home/p/ros2_ws/install/lidar_imu_tf:/home/p/ros2_ws/install/lidar_imu_correction:/home/p/ros2_ws/install/lidar_icp_odometry:/opt/ros/jazzy DEBUGINFOD_URLS=https://debuginfod.ubuntu.com /usr/bin/cmake --install /home/p/ros2_ws/build/cartographer
[4.326s] -- Install configuration: "Release"
[4.326s] -- Up-to-date: /home/p/ros2_ws/install/cartographer/share/cartographer/package.xml
[4.326s] -- Up-to-date: /home/p/ros2_ws/install/cartographer/share/cartographer//configuration_files
[4.327s] -- Up-to-date: /home/p/ros2_ws/install/cartographer/share/cartographer//configuration_files/pose_graph.lua
[4.327s] -- Up-to-date: /home/p/ros2_ws/install/cartographer/share/cartographer//configuration_files/trajectory_builder.lua
[4.327s] -- Up-to-date: /home/p/ros2_ws/install/cartographer/share/cartographer//configuration_files/map_builder.lua
[4.327s] -- Up-to-date: /home/p/ros2_ws/install/cartographer/share/cartographer//configuration_files/map_builder_server.lua
[4.328s] -- Up-to-date: /home/p/ros2_ws/install/cartographer/share/cartographer//configuration_files/trajectory_builder_2d.lua
[4.328s] -- Up-to-date: /home/p/ros2_ws/install/cartographer/share/cartographer//configuration_files/trajectory_builder_3d.lua
[4.328s] -- Up-to-date: /home/p/ros2_ws/install/cartographer/share/cartographer//cmake
[4.328s] -- Up-to-date: /home/p/ros2_ws/install/cartographer/share/cartographer//cmake/modules
[4.328s] -- Up-to-date: /home/p/ros2_ws/install/cartographer/share/cartographer//cmake/modules/FindEigen3.cmake
[4.328s] -- Up-to-date: /home/p/ros2_ws/install/cartographer/share/cartographer//cmake/modules/FindLuaGoogle.cmake
[4.328s] -- Up-to-date: /home/p/ros2_ws/install/cartographer/share/cartographer//cmake/modules/FindSphinx.cmake
[4.328s] -- Up-to-date: /home/p/ros2_ws/install/cartographer/share/cartographer//cmake/modules/FindGMock.cmake
[4.328s] -- Up-to-date: /home/p/ros2_ws/install/cartographer/share/cartographer//cmake/functions.cmake
[4.331s] -- Up-to-date: /home/p/ros2_ws/install/cartographer/bin/cartographer_autogenerate_ground_truth
[4.331s] -- Up-to-date: /home/p/ros2_ws/install/cartographer/bin/cartographer_compute_relations_metrics
[4.331s] -- Up-to-date: /home/p/ros2_ws/install/cartographer/bin/cartographer_pbstream
[4.331s] -- Up-to-date: /home/p/ros2_ws/install/cartographer/bin/cartographer_print_configuration
[4.331s] -- Up-to-date: /home/p/ros2_ws/install/cartographer/lib/libcartographer.a
[4.332s] -- Up-to-date: /home/p/ros2_ws/install/cartographer/include/cartographer/common/configuration_file_resolver.h
[4.332s] -- Up-to-date: /home/p/ros2_ws/install/cartographer/include/cartographer/common/fixed_ratio_sampler.h
[4.332s] -- Up-to-date: /home/p/ros2_ws/install/cartographer/include/cartographer/common/histogram.h
[4.332s] -- Up-to-date: /home/p/ros2_ws/install/cartographer/include/cartographer/common/lua.h
[4.332s] -- Up-to-date: /home/p/ros2_ws/install/cartographer/include/cartographer/common/lua_parameter_dictionary.h
[4.332s] -- Up-to-date: /home/p/ros2_ws/install/cartographer/include/cartographer/common/math.h
[4.334s] -- Up-to-date: /home/p/ros2_ws/install/cartographer/include/cartographer/common/port.h
[4.334s] -- Up-to-date: /home/p/ros2_ws/install/cartographer/include/cartographer/common/task.h
[4.334s] -- Up-to-date: /home/p/ros2_ws/install/cartographer/include/cartographer/common/thread_pool.h
[4.334s] -- Up-to-date: /home/p/ros2_ws/install/cartographer/include/cartographer/common/time.h
[4.334s] -- Up-to-date: /home/p/ros2_ws/install/cartographer/include/cartographer/ground_truth/autogenerate_ground_truth.h
[4.336s] -- Up-to-date: /home/p/ros2_ws/install/cartographer/include/cartographer/ground_truth/relations_text_file.h
[4.336s] -- Up-to-date: /home/p/ros2_ws/install/cartographer/include/cartographer/io/color.h
[4.336s] -- Up-to-date: /home/p/ros2_ws/install/cartographer/include/cartographer/io/coloring_points_processor.h
[4.336s] -- Up-to-date: /home/p/ros2_ws/install/cartographer/include/cartographer/io/counting_points_processor.h
[4.336s] -- Up-to-date: /home/p/ros2_ws/install/cartographer/include/cartographer/io/draw_trajectories.h
[4.337s] -- Up-to-date: /home/p/ros2_ws/install/cartographer/include/cartographer/io/file_writer.h
[4.337s] -- Up-to-date: /home/p/ros2_ws/install/cartographer/include/cartographer/io/fixed_ratio_sampling_points_processor.h
[4.337s] -- Up-to-date: /home/p/ros2_ws/install/cartographer/include/cartographer/io/frame_id_filtering_points_processor.h
[4.337s] -- Up-to-date: /home/p/ros2_ws/install/cartographer/include/cartographer/io/hybrid_grid_points_processor.h
[4.337s] -- Up-to-date: /home/p/ros2_ws/install/cartographer/include/cartographer/io/image.h
[4.339s] -- Up-to-date: /home/p/ros2_ws/install/cartographer/include/cartographer/io/intensity_to_color_points_processor.h
[4.339s] -- Up-to-date: /home/p/ros2_ws/install/cartographer/include/cartographer/io/min_max_range_filtering_points_processor.h
[4.339s] -- Up-to-date: /home/p/ros2_ws/install/cartographer/include/cartographer/io/null_points_processor.h
[4.339s] -- Up-to-date: /home/p/ros2_ws/install/cartographer/include/cartographer/io/outlier_removing_points_processor.h
[4.339s] -- Up-to-date: /home/p/ros2_ws/install/cartographer/include/cartographer/io/pcd_writing_points_processor.h
[4.339s] -- Up-to-date: /home/p/ros2_ws/install/cartographer/include/cartographer/io/ply_writing_points_processor.h
[4.340s] -- Up-to-date: /home/p/ros2_ws/install/cartographer/include/cartographer/io/points_batch.h
[4.340s] -- Up-to-date: /home/p/ros2_ws/install/cartographer/include/cartographer/io/points_processor.h
[4.341s] -- Up-to-date: /home/p/ros2_ws/install/cartographer/include/cartographer/io/points_processor_pipeline_builder.h
[4.343s] -- Up-to-date: /home/p/ros2_ws/install/cartographer/include/cartographer/io/probability_grid_points_processor.h
[4.344s] -- Up-to-date: /home/p/ros2_ws/install/cartographer/include/cartographer/io/proto_stream.h
[4.345s] -- Up-to-date: /home/p/ros2_ws/install/cartographer/include/cartographer/io/proto_stream_deserializer.h
[4.345s] -- Up-to-date: /home/p/ros2_ws/install/cartographer/include/cartographer/io/proto_stream_interface.h
[4.345s] -- Up-to-date: /home/p/ros2_ws/install/cartographer/include/cartographer/io/serialization_format_migration.h
[4.346s] -- Up-to-date: /home/p/ros2_ws/install/cartographer/include/cartographer/io/submap_painter.h
[4.347s] -- Up-to-date: /home/p/ros2_ws/install/cartographer/include/cartographer/io/vertical_range_filtering_points_processor.h
[4.347s] -- Up-to-date: /home/p/ros2_ws/install/cartographer/include/cartographer/io/xray_points_processor.h
[4.347s] -- Up-to-date: /home/p/ros2_ws/install/cartographer/include/cartographer/io/xyz_writing_points_processor.h
[4.348s] -- Up-to-date: /home/p/ros2_ws/install/cartographer/include/cartographer/mapping/2d/grid_2d.h
[4.348s] -- Up-to-date: /home/p/ros2_ws/install/cartographer/include/cartographer/mapping/2d/map_limits.h
[4.348s] -- Up-to-date: /home/p/ros2_ws/install/cartographer/include/cartographer/mapping/2d/probability_grid.h
[4.348s] -- Up-to-date: /home/p/ros2_ws/install/cartographer/include/cartographer/mapping/2d/probability_grid_range_data_inserter_2d.h
[4.348s] -- Up-to-date: /home/p/ros2_ws/install/cartographer/include/cartographer/mapping/2d/submap_2d.h
[4.350s] -- Up-to-date: /home/p/ros2_ws/install/cartographer/include/cartographer/mapping/2d/xy_index.h
[4.350s] -- Up-to-date: /home/p/ros2_ws/install/cartographer/include/cartographer/mapping/3d/hybrid_grid.h
[4.350s] -- Up-to-date: /home/p/ros2_ws/install/cartographer/include/cartographer/mapping/3d/range_data_inserter_3d.h
[4.350s] -- Up-to-date: /home/p/ros2_ws/install/cartographer/include/cartographer/mapping/3d/submap_3d.h
[4.350s] -- Up-to-date: /home/p/ros2_ws/install/cartographer/include/cartographer/mapping/detect_floors.h
[4.350s] -- Up-to-date: /home/p/ros2_ws/install/cartographer/include/cartographer/mapping/grid_interface.h
[4.351s] -- Up-to-date: /home/p/ros2_ws/install/cartographer/include/cartographer/mapping/id.h
[4.352s] -- Up-to-date: /home/p/ros2_ws/install/cartographer/include/cartographer/mapping/imu_tracker.h
[4.352s] -- Up-to-date: /home/p/ros2_ws/install/cartographer/include/cartographer/mapping/map_builder.h
[4.352s] -- Up-to-date: /home/p/ros2_ws/install/cartographer/include/cartographer/mapping/map_builder_interface.h
[4.353s] -- Up-to-date: /home/p/ros2_ws/install/cartographer/include/cartographer/mapping/pose_extrapolator.h
[4.353s] -- Up-to-date: /home/p/ros2_ws/install/cartographer/include/cartographer/mapping/pose_extrapolator_interface.h
[4.353s] -- Up-to-date: /home/p/ros2_ws/install/cartographer/include/cartographer/mapping/pose_graph.h
[4.353s] -- Up-to-date: /home/p/ros2_ws/install/cartographer/include/cartographer/mapping/pose_graph_interface.h
[4.353s] -- Up-to-date: /home/p/ros2_ws/install/cartographer/include/cartographer/mapping/pose_graph_trimmer.h
[4.354s] -- Up-to-date: /home/p/ros2_ws/install/cartographer/include/cartographer/mapping/probability_values.h
[4.354s] -- Up-to-date: /home/p/ros2_ws/install/cartographer/include/cartographer/mapping/range_data_inserter_interface.h
[4.354s] -- Up-to-date: /home/p/ros2_ws/install/cartographer/include/cartographer/mapping/submaps.h
[4.355s] -- Up-to-date: /home/p/ros2_ws/install/cartographer/include/cartographer/mapping/trajectory_builder_interface.h
[4.355s] -- Up-to-date: /home/p/ros2_ws/install/cartographer/include/cartographer/mapping/trajectory_node.h
[4.356s] -- Up-to-date: /home/p/ros2_ws/install/cartographer/include/cartographer/mapping/value_conversion_tables.h
[4.356s] -- Up-to-date: /home/p/ros2_ws/install/cartographer/include/cartographer/metrics/counter.h
[4.356s] -- Up-to-date: /home/p/ros2_ws/install/cartographer/include/cartographer/metrics/family_factory.h
[4.357s] -- Up-to-date: /home/p/ros2_ws/install/cartographer/include/cartographer/metrics/gauge.h
[4.357s] -- Up-to-date: /home/p/ros2_ws/install/cartographer/include/cartographer/metrics/histogram.h
[4.358s] -- Up-to-date: /home/p/ros2_ws/install/cartographer/include/cartographer/metrics/register.h
[4.358s] -- Up-to-date: /home/p/ros2_ws/install/cartographer/include/cartographer/sensor/collator_interface.h
[4.359s] -- Up-to-date: /home/p/ros2_ws/install/cartographer/include/cartographer/sensor/compressed_point_cloud.h
[4.359s] -- Up-to-date: /home/p/ros2_ws/install/cartographer/include/cartographer/sensor/data.h
[4.360s] -- Up-to-date: /home/p/ros2_ws/install/cartographer/include/cartographer/sensor/fixed_frame_pose_data.h
[4.360s] -- Up-to-date: /home/p/ros2_ws/install/cartographer/include/cartographer/sensor/imu_data.h
[4.360s] -- Up-to-date: /home/p/ros2_ws/install/cartographer/include/cartographer/sensor/landmark_data.h
[4.360s] -- Up-to-date: /home/p/ros2_ws/install/cartographer/include/cartographer/sensor/map_by_time.h
[4.362s] -- Up-to-date: /home/p/ros2_ws/install/cartographer/include/cartographer/sensor/odometry_data.h
[4.362s] -- Up-to-date: /home/p/ros2_ws/install/cartographer/include/cartographer/sensor/point_cloud.h
[4.362s] -- Up-to-date: /home/p/ros2_ws/install/cartographer/include/cartographer/sensor/range_data.h
[4.362s] -- Up-to-date: /home/p/ros2_ws/install/cartographer/include/cartographer/sensor/rangefinder_point.h
[4.362s] -- Up-to-date: /home/p/ros2_ws/install/cartographer/include/cartographer/sensor/timed_point_cloud_data.h
[4.364s] -- Up-to-date: /home/p/ros2_ws/install/cartographer/include/cartographer/transform/rigid_transform.h
[4.364s] -- Up-to-date: /home/p/ros2_ws/install/cartographer/include/cartographer/transform/timestamped_transform.h
[4.364s] -- Up-to-date: /home/p/ros2_ws/install/cartographer/include/cartographer/transform/transform.h
[4.364s] -- Up-to-date: /home/p/ros2_ws/install/cartographer/include/cartographer/transform/transform_interpolation_buffer.h
[4.364s] -- Up-to-date: /home/p/ros2_ws/install/cartographer/include/cartographer/io/fake_file_writer.h
[4.365s] -- Up-to-date: /home/p/ros2_ws/install/cartographer/include/cartographer/transform/rigid_transform_test_helpers.h
[4.365s] -- Up-to-date: /home/p/ros2_ws/install/cartographer/include/cartographer/common/proto/ceres_solver_options.pb.h
[4.365s] -- Up-to-date: /home/p/ros2_ws/install/cartographer/include/cartographer/ground_truth/proto/relations.pb.h
[4.366s] -- Up-to-date: /home/p/ros2_ws/install/cartographer/include/cartographer/mapping/proto/cell_limits_2d.pb.h
[4.366s] -- Up-to-date: /home/p/ros2_ws/install/cartographer/include/cartographer/mapping/proto/connected_components.pb.h
[4.366s] -- Up-to-date: /home/p/ros2_ws/install/cartographer/include/cartographer/mapping/proto/grid_2d.pb.h
[4.367s] -- Up-to-date: /home/p/ros2_ws/install/cartographer/include/cartographer/mapping/proto/grid_2d_options.pb.h
[4.367s] -- Up-to-date: /home/p/ros2_ws/install/cartographer/include/cartographer/mapping/proto/hybrid_grid.pb.h
[4.367s] -- Up-to-date: /home/p/ros2_ws/install/cartographer/include/cartographer/mapping/proto/local_trajectory_builder_options_2d.pb.h
[4.368s] -- Up-to-date: /home/p/ros2_ws/install/cartographer/include/cartographer/mapping/proto/local_trajectory_builder_options_3d.pb.h
[4.369s] -- Up-to-date: /home/p/ros2_ws/install/cartographer/include/cartographer/mapping/proto/map_builder_options.pb.h
[4.372s] -- Up-to-date: /home/p/ros2_ws/install/cartographer/include/cartographer/mapping/proto/map_limits.pb.h
[4.373s] -- Up-to-date: /home/p/ros2_ws/install/cartographer/include/cartographer/mapping/proto/motion_filter_options.pb.h
[4.373s] -- Up-to-date: /home/p/ros2_ws/install/cartographer/include/cartographer/mapping/proto/normal_estimation_options_2d.pb.h
[4.373s] -- Up-to-date: /home/p/ros2_ws/install/cartographer/include/cartographer/mapping/proto/pose_extrapolator_options.pb.h
[4.373s] -- Up-to-date: /home/p/ros2_ws/install/cartographer/include/cartographer/mapping/proto/pose_graph.pb.h
[4.373s] -- Up-to-date: /home/p/ros2_ws/install/cartographer/include/cartographer/mapping/proto/pose_graph/constraint_builder_options.pb.h
[4.373s] -- Up-to-date: /home/p/ros2_ws/install/cartographer/include/cartographer/mapping/proto/pose_graph/optimization_problem_options.pb.h
[4.377s] -- Up-to-date: /home/p/ros2_ws/install/cartographer/include/cartographer/mapping/proto/pose_graph_options.pb.h
[4.377s] -- Up-to-date: /home/p/ros2_ws/install/cartographer/include/cartographer/mapping/proto/probability_grid.pb.h
[4.377s] -- Up-to-date: /home/p/ros2_ws/install/cartographer/include/cartographer/mapping/proto/probability_grid_range_data_inserter_options_2d.pb.h
[4.377s] -- Up-to-date: /home/p/ros2_ws/install/cartographer/include/cartographer/mapping/proto/range_data_inserter_options.pb.h
[4.377s] -- Up-to-date: /home/p/ros2_ws/install/cartographer/include/cartographer/mapping/proto/range_data_inserter_options_3d.pb.h
[4.377s] -- Up-to-date: /home/p/ros2_ws/install/cartographer/include/cartographer/mapping/proto/scan_matching/ceres_scan_matcher_options_2d.pb.h
[4.377s] -- Up-to-date: /home/p/ros2_ws/install/cartographer/include/cartographer/mapping/proto/scan_matching/ceres_scan_matcher_options_3d.pb.h
[4.378s] -- Up-to-date: /home/p/ros2_ws/install/cartographer/include/cartographer/mapping/proto/scan_matching/fast_correlative_scan_matcher_options_2d.pb.h
[4.378s] -- Up-to-date: /home/p/ros2_ws/install/cartographer/include/cartographer/mapping/proto/scan_matching/fast_correlative_scan_matcher_options_3d.pb.h
[4.381s] -- Up-to-date: /home/p/ros2_ws/install/cartographer/include/cartographer/mapping/proto/scan_matching/real_time_correlative_scan_matcher_options.pb.h
[4.381s] -- Up-to-date: /home/p/ros2_ws/install/cartographer/include/cartographer/mapping/proto/serialization.pb.h
[4.381s] -- Up-to-date: /home/p/ros2_ws/install/cartographer/include/cartographer/mapping/proto/submap.pb.h
[4.381s] -- Up-to-date: /home/p/ros2_ws/install/cartographer/include/cartographer/mapping/proto/submap_visualization.pb.h
[4.381s] -- Up-to-date: /home/p/ros2_ws/install/cartographer/include/cartographer/mapping/proto/submaps_options_2d.pb.h
[4.381s] -- Up-to-date: /home/p/ros2_ws/install/cartographer/include/cartographer/mapping/proto/submaps_options_3d.pb.h
[4.381s] -- Up-to-date: /home/p/ros2_ws/install/cartographer/include/cartographer/mapping/proto/trajectory.pb.h
[4.384s] -- Up-to-date: /home/p/ros2_ws/install/cartographer/include/cartographer/mapping/proto/trajectory_builder_options.pb.h
[4.384s] -- Up-to-date: /home/p/ros2_ws/install/cartographer/include/cartographer/mapping/proto/trajectory_node_data.pb.h
[4.384s] -- Up-to-date: /home/p/ros2_ws/install/cartographer/include/cartographer/mapping/proto/tsdf_2d.pb.h
[4.384s] -- Up-to-date: /home/p/ros2_ws/install/cartographer/include/cartographer/mapping/proto/tsdf_range_data_inserter_options_2d.pb.h
[4.384s] -- Up-to-date: /home/p/ros2_ws/install/cartographer/include/cartographer/sensor/proto/adaptive_voxel_filter_options.pb.h
[4.384s] -- Up-to-date: /home/p/ros2_ws/install/cartographer/include/cartographer/sensor/proto/sensor.pb.h
[4.385s] -- Up-to-date: /home/p/ros2_ws/install/cartographer/include/cartographer/transform/proto/timestamped_transform.pb.h
[4.386s] -- Up-to-date: /home/p/ros2_ws/install/cartographer/include/cartographer/transform/proto/transform.pb.h
[4.386s] -- Up-to-date: /home/p/ros2_ws/install/cartographer/share/cartographer/cmake/CartographerTargets.cmake
[4.386s] -- Up-to-date: /home/p/ros2_ws/install/cartographer/share/cartographer/cmake/CartographerTargets-release.cmake
[4.387s] -- Up-to-date: /home/p/ros2_ws/install/cartographer/share/cartographer/cartographer-config.cmake
[4.395s] Invoked command in '/home/p/ros2_ws/build/cartographer' returned '0': CMAKE_PREFIX_PATH=${CMAKE_PREFIX_PATH}:/home/p/ros2_ws/install/mpu9250:/home/p/ros2_ws/install/sweep_builder:/home/p/ros2_ws/install/scan_to_pointcloud:/home/p/ros2_ws/install/mpu9250_py:/home/p/ros2_ws/install/mpu6050_py:/home/p/ros2_ws/install/lidar_imu_tf:/home/p/ros2_ws/install/lidar_imu_correction:/home/p/ros2_ws/install/lidar_icp_odometry:/opt/ros/jazzy DEBUGINFOD_URLS=https://debuginfod.ubuntu.com /usr/bin/cmake --install /home/p/ros2_ws/build/cartographer
