-- The C compiler identification is GNU 13.3.0
-- The CXX compiler identification is GNU 13.3.0
-- Detecting C compiler ABI info
-- Detecting C compiler ABI info - done
-- Check for working C compiler: /usr/bin/cc - skipped
-- Detecting C compile features
-- Detecting C compile features - done
-- Detecting CXX compiler ABI info
-- Detecting CXX compiler ABI info - done
-- Check for working CXX compiler: /usr/bin/c++ - skipped
-- Detecting CXX compile features
-- Detecting CXX compile features - done
-- Build type: Release
íŒŒì¼ /home/p/ros2_ws/src/build/cartographer/AllFiles.cmakeì™€(ê³¼) -ì´(ê°€) ë‹¤ë¦…ë‹ˆë‹¤
-- Found Python3: /usr/bin/python3 (found version "3.12.3") found components: Interpreter 
-- Performing Test CMAKE_HAVE_LIBC_PTHREAD
-- Performing Test CMAKE_HAVE_LIBC_PTHREAD - Success
-- Found Threads: TRUE  
-- Found GMock: gmock_main  
-- Found Boost: /usr/lib/aarch64-linux-gnu/cmake/Boost-1.83.0/BoostConfig.cmake (found version "1.83.0") found components: iostreams 
-- Found AMD headers in: /usr/include/suitesparse
-- Found AMD library: /usr/lib/aarch64-linux-gnu/libamd.so
-- Found CAMD headers in: /usr/include/suitesparse
-- Found CAMD library: /usr/lib/aarch64-linux-gnu/libcamd.so
-- Found CCOLAMD headers in: /usr/include/suitesparse
-- Found CCOLAMD library: /usr/lib/aarch64-linux-gnu/libccolamd.so
-- Found CHOLMOD headers in: /usr/include/suitesparse
-- Found CHOLMOD library: /usr/lib/aarch64-linux-gnu/libcholmod.so
-- Found COLAMD headers in: /usr/include/suitesparse
-- Found COLAMD library: /usr/lib/aarch64-linux-gnu/libcolamd.so
-- Found SPQR headers in: /usr/include/suitesparse
-- Found SPQR library: /usr/lib/aarch64-linux-gnu/libspqr.so
-- Found Config headers in: /usr/include/suitesparse
-- Found Config library: /usr/lib/aarch64-linux-gnu/libsuitesparseconfig.so
-- Found Intel Thread Building Blocks (TBB) library (2021.11 / ) include location: . Assuming SuiteSparseQR was compiled with TBB.
-- Looking for shm_open in rt
-- Looking for shm_open in rt - found
-- Adding librt to SuiteSparse_config libraries (required on Linux & Unix [not OSX] if SuiteSparse is compiled with timing).
-- Could NOT find METIS (missing: METIS_INCLUDE_DIR METIS_LIBRARY) 
-- Found SuiteSparse: /usr/include/suitesparse (found suitable version "7.6.1", minimum required is "7.6.1") found components: AMD CAMD CCOLAMD CHOLMOD COLAMD SPQR Config 
-- Found required Ceres dependency: Eigen version 3.4.0 in /usr/share/eigen3/cmake
-- Found required Ceres dependency: glog
-- Found required Ceres dependency: gflags
-- Found Ceres version: 2.2.0 installed in: /usr with components: [EigenSparse, SparseLinearAlgebraLibrary, LAPACK, SuiteSparse, SchurSpecializations]
-- Found Lua: /usr/lib/aarch64-linux-gnu/liblua5.2.so;/usr/lib/aarch64-linux-gnu/libm.so (found version "5.2.4") 
-- Found Protobuf: /usr/lib/aarch64-linux-gnu/libprotobuf.so (found suitable version "3.21.12", minimum required is "3.0.0") 
-- Found PkgConfig: /usr/bin/pkg-config (found version "1.8.1") 
-- Checking for one of the modules 'cairo>=1.12.16'
-- Found Sphinx: /usr/bin/sphinx-build  
-- Configuring done (5.5s)
-- Generating done (0.8s)
-- Build files have been written to: /home/p/ros2_ws/src/build/cartographer
[  1%] Building CXX object googletest/CMakeFiles/gtest.dir/src/gtest-all.cc.o
[  1%] Running C++ protocol buffer compiler on /home/p/ros2_ws/src/cartographer/cartographer/transform/proto/transform.proto
[  1%] Built target cartographer_detect_changes
[  1%] Building documentation.
[  1%] Running C++ protocol buffer compiler on /home/p/ros2_ws/src/cartographer/cartographer/common/proto/ceres_solver_options.proto
[  2%] Running C++ protocol buffer compiler on /home/p/ros2_ws/src/cartographer/cartographer/ground_truth/proto/relations.proto
[  2%] Running C++ protocol buffer compiler on /home/p/ros2_ws/src/cartographer/cartographer/mapping/proto/cell_limits_2d.proto
[  2%] Running C++ protocol buffer compiler on /home/p/ros2_ws/src/cartographer/cartographer/mapping/proto/connected_components.proto
[  2%] Running C++ protocol buffer compiler on /home/p/ros2_ws/src/cartographer/cartographer/mapping/proto/grid_2d.proto
[  2%] Running C++ protocol buffer compiler on /home/p/ros2_ws/src/cartographer/cartographer/mapping/proto/grid_2d_options.proto
[  3%] Running C++ protocol buffer compiler on /home/p/ros2_ws/src/cartographer/cartographer/mapping/proto/hybrid_grid.proto
[  3%] Running C++ protocol buffer compiler on /home/p/ros2_ws/src/cartographer/cartographer/mapping/proto/local_trajectory_builder_options_2d.proto
[  3%] Running C++ protocol buffer compiler on /home/p/ros2_ws/src/cartographer/cartographer/mapping/proto/local_trajectory_builder_options_3d.proto
[  3%] Running C++ protocol buffer compiler on /home/p/ros2_ws/src/cartographer/cartographer/mapping/proto/map_builder_options.proto
[  4%] Running C++ protocol buffer compiler on /home/p/ros2_ws/src/cartographer/cartographer/mapping/proto/map_limits.proto
[  4%] Running C++ protocol buffer compiler on /home/p/ros2_ws/src/cartographer/cartographer/mapping/proto/motion_filter_options.proto
[  4%] Running C++ protocol buffer compiler on /home/p/ros2_ws/src/cartographer/cartographer/mapping/proto/normal_estimation_options_2d.proto
[  4%] Running C++ protocol buffer compiler on /home/p/ros2_ws/src/cartographer/cartographer/mapping/proto/pose_extrapolator_options.proto
[  5%] Running C++ protocol buffer compiler on /home/p/ros2_ws/src/cartographer/cartographer/mapping/proto/pose_graph.proto
[  5%] Running C++ protocol buffer compiler on /home/p/ros2_ws/src/cartographer/cartographer/mapping/proto/pose_graph/optimization_problem_options.proto
[  5%] Running C++ protocol buffer compiler on /home/p/ros2_ws/src/cartographer/cartographer/mapping/proto/pose_graph/constraint_builder_options.proto
[  5%] Running C++ protocol buffer compiler on /home/p/ros2_ws/src/cartographer/cartographer/mapping/proto/pose_graph_options.proto
[  6%] Running C++ protocol buffer compiler on /home/p/ros2_ws/src/cartographer/cartographer/mapping/proto/probability_grid.proto
[  6%] Running C++ protocol buffer compiler on /home/p/ros2_ws/src/cartographer/cartographer/mapping/proto/probability_grid_range_data_inserter_options_2d.proto
[  6%] Running C++ protocol buffer compiler on /home/p/ros2_ws/src/cartographer/cartographer/mapping/proto/range_data_inserter_options.proto
[  6%] Running C++ protocol buffer compiler on /home/p/ros2_ws/src/cartographer/cartographer/mapping/proto/range_data_inserter_options_3d.proto
[  7%] Running C++ protocol buffer compiler on /home/p/ros2_ws/src/cartographer/cartographer/mapping/proto/scan_matching/ceres_scan_matcher_options_2d.proto
[  7%] Running C++ protocol buffer compiler on /home/p/ros2_ws/src/cartographer/cartographer/mapping/proto/scan_matching/fast_correlative_scan_matcher_options_2d.proto
[  7%] Running C++ protocol buffer compiler on /home/p/ros2_ws/src/cartographer/cartographer/mapping/proto/scan_matching/fast_correlative_scan_matcher_options_3d.proto
[  7%] Running C++ protocol buffer compiler on /home/p/ros2_ws/src/cartographer/cartographer/mapping/proto/scan_matching/ceres_scan_matcher_options_3d.proto
[  8%] Running C++ protocol buffer compiler on /home/p/ros2_ws/src/cartographer/cartographer/mapping/proto/scan_matching/real_time_correlative_scan_matcher_options.proto
[  8%] Running C++ protocol buffer compiler on /home/p/ros2_ws/src/cartographer/cartographer/mapping/proto/serialization.proto
[  8%] Running C++ protocol buffer compiler on /home/p/ros2_ws/src/cartographer/cartographer/mapping/proto/submap.proto
[  8%] Running C++ protocol buffer compiler on /home/p/ros2_ws/src/cartographer/cartographer/mapping/proto/submap_visualization.proto
[  9%] Running C++ protocol buffer compiler on /home/p/ros2_ws/src/cartographer/cartographer/mapping/proto/submaps_options_2d.proto
[  9%] Running C++ protocol buffer compiler on /home/p/ros2_ws/src/cartographer/cartographer/mapping/proto/submaps_options_3d.proto
[  9%] Running C++ protocol buffer compiler on /home/p/ros2_ws/src/cartographer/cartographer/mapping/proto/trajectory.proto
[  9%] Running C++ protocol buffer compiler on /home/p/ros2_ws/src/cartographer/cartographer/mapping/proto/trajectory_builder_options.proto
[ 10%] Running C++ protocol buffer compiler on /home/p/ros2_ws/src/cartographer/cartographer/mapping/proto/trajectory_node_data.proto
[ 10%] Running C++ protocol buffer compiler on /home/p/ros2_ws/src/cartographer/cartographer/mapping/proto/tsdf_2d.proto
[ 10%] Running C++ protocol buffer compiler on /home/p/ros2_ws/src/cartographer/cartographer/mapping/proto/tsdf_range_data_inserter_options_2d.proto
[ 11%] Running C++ protocol buffer compiler on /home/p/ros2_ws/src/cartographer/cartographer/sensor/proto/adaptive_voxel_filter_options.proto
[ 11%] Running C++ protocol buffer compiler on /home/p/ros2_ws/src/cartographer/cartographer/sensor/proto/sensor.proto
[ 11%] Running C++ protocol buffer compiler on /home/p/ros2_ws/src/cartographer/cartographer/transform/proto/timestamped_transform.proto
[ 12%] Building CXX object CMakeFiles/cartographer.dir/cartographer/common/configuration_file_resolver.cc.o
Running Sphinx v7.2.6
[ 12%] Building CXX object CMakeFiles/cartographer.dir/cartographer/common/fixed_ratio_sampler.cc.o
making output directory... done
building [mo]: targets for 0 po files that are out of date
writing output... 
building [html]: targets for 6 source files that are out of date
updating environment: [new config] 6 added, 0 changed, 0 removed
[2Kreading sources... [ 17%] configuration[2Kreading sources... [ 33%] cost_functions[2Kreading sources... [ 50%] evaluation[2Kreading sources... [ 67%] index[2Kreading sources... [ 83%] pbstream_migration[2Kreading sources... [100%] terminology
looking for now-outdated files... none found
pickling environment... done
checking consistency... done
preparing documents... done
copying assets... copying static files... done
copying extra files... done
done
[2Kwriting output... [ 17%] configuration[2Kwriting output... [ 33%] cost_functions[2Kwriting output... [ 50%] evaluation[2Kwriting output... [ 67%] index[2Kwriting output... [ 83%] pbstream_migration[2Kwriting output... [100%] terminology
generating indices... genindex done
writing additional pages... search done
[2Kcopying images... [ 50%] autogenerate_groundtruth.png[2Kcopying images... [100%] high_level_system_overview.png
dumping search index in English (code: en)... done
dumping object inventory... done
build succeeded.

The HTML pages are in html.
[ 12%] Built target build_doc
[ 12%] Building CXX object CMakeFiles/cartographer.dir/cartographer/common/histogram.cc.o
[ 12%] Building CXX object CMakeFiles/cartographer.dir/cartographer/common/internal/ceres_solver_options.cc.o
[ 12%] Building CXX object CMakeFiles/cartographer.dir/cartographer/common/lua_parameter_dictionary.cc.o
[ 12%] Building CXX object CMakeFiles/cartographer.dir/cartographer/common/task.cc.o
[ 12%] Building CXX object CMakeFiles/cartographer.dir/cartographer/common/thread_pool.cc.o
[ 13%] Building CXX object CMakeFiles/cartographer.dir/cartographer/common/time.cc.o
[ 13%] Linking CXX static library ../lib/libgtest.a
[ 13%] Built target gtest
[ 13%] Building CXX object CMakeFiles/cartographer.dir/cartographer/ground_truth/autogenerate_ground_truth.cc.o
[ 13%] Building CXX object CMakeFiles/cartographer.dir/cartographer/ground_truth/relations_text_file.cc.o
[ 13%] Building CXX object CMakeFiles/cartographer.dir/cartographer/io/color.cc.o
[ 14%] Building CXX object CMakeFiles/cartographer.dir/cartographer/io/coloring_points_processor.cc.o
[ 14%] Building CXX object CMakeFiles/cartographer.dir/cartographer/io/counting_points_processor.cc.o
[ 14%] Building CXX object CMakeFiles/cartographer.dir/cartographer/io/draw_trajectories.cc.o
[ 14%] Building CXX object CMakeFiles/cartographer.dir/cartographer/io/file_writer.cc.o
[ 15%] Building CXX object CMakeFiles/cartographer.dir/cartographer/io/fixed_ratio_sampling_points_processor.cc.o
[ 15%] Building CXX object CMakeFiles/cartographer.dir/cartographer/io/frame_id_filtering_points_processor.cc.o
[ 15%] Building CXX object CMakeFiles/cartographer.dir/cartographer/io/hybrid_grid_points_processor.cc.o
[ 15%] Building CXX object CMakeFiles/cartographer.dir/cartographer/io/image.cc.o
[ 16%] Building CXX object CMakeFiles/cartographer.dir/cartographer/io/intensity_to_color_points_processor.cc.o
[ 16%] Building CXX object CMakeFiles/cartographer.dir/cartographer/io/internal/in_memory_proto_stream.cc.o
[ 16%] Building CXX object CMakeFiles/cartographer.dir/cartographer/io/internal/mapping_state_serialization.cc.o
[ 16%] Building CXX object CMakeFiles/cartographer.dir/cartographer/io/internal/pbstream_info.cc.o
[ 17%] Building CXX object CMakeFiles/cartographer.dir/cartographer/io/internal/pbstream_migrate.cc.o
[ 17%] Building CXX object CMakeFiles/cartographer.dir/cartographer/io/min_max_range_filtering_points_processor.cc.o
[ 17%] Building CXX object CMakeFiles/cartographer.dir/cartographer/io/outlier_removing_points_processor.cc.o
[ 17%] Building CXX object CMakeFiles/cartographer.dir/cartographer/io/pcd_writing_points_processor.cc.o
[ 18%] Building CXX object CMakeFiles/cartographer.dir/cartographer/io/ply_writing_points_processor.cc.o
[ 18%] Building CXX object CMakeFiles/cartographer.dir/cartographer/io/points_batch.cc.o
[ 18%] Building CXX object CMakeFiles/cartographer.dir/cartographer/io/points_processor_pipeline_builder.cc.o
[ 18%] Building CXX object CMakeFiles/cartographer.dir/cartographer/io/probability_grid_points_processor.cc.o
[ 19%] Building CXX object CMakeFiles/cartographer.dir/cartographer/io/proto_stream.cc.o
[ 19%] Building CXX object CMakeFiles/cartographer.dir/cartographer/io/proto_stream_deserializer.cc.o
[ 19%] Building CXX object CMakeFiles/cartographer.dir/cartographer/io/serialization_format_migration.cc.o
[ 20%] Building CXX object CMakeFiles/cartographer.dir/cartographer/io/submap_painter.cc.o
[ 21%] Building CXX object CMakeFiles/cartographer.dir/cartographer/common/internal/testing/thread_pool_for_testing.cc.o
[ 21%] Building CXX object CMakeFiles/cartographer.dir/cartographer/io/xray_points_processor.cc.o
[ 21%] Building CXX object CMakeFiles/cartographer.dir/cartographer/io/xyz_writing_points_processor.cc.o
[ 22%] Building CXX object CMakeFiles/cartographer.dir/cartographer/mapping/2d/grid_2d.cc.o
[ 22%] Building CXX object CMakeFiles/cartographer.dir/cartographer/mapping/2d/probability_grid.cc.o
[ 22%] Building CXX object CMakeFiles/cartographer.dir/cartographer/mapping/2d/probability_grid_range_data_inserter_2d.cc.o
[ 22%] Building CXX object CMakeFiles/cartographer.dir/cartographer/mapping/2d/submap_2d.cc.o
[ 23%] Building CXX object CMakeFiles/cartographer.dir/cartographer/mapping/3d/range_data_inserter_3d.cc.o
[ 23%] Building CXX object CMakeFiles/cartographer.dir/cartographer/io/vertical_range_filtering_points_processor.cc.o
[ 23%] Building CXX object CMakeFiles/cartographer.dir/cartographer/mapping/detect_floors.cc.o
[ 23%] Building CXX object CMakeFiles/cartographer.dir/cartographer/mapping/imu_tracker.cc.o
[ 24%] Building CXX object CMakeFiles/cartographer.dir/cartographer/mapping/internal/2d/local_slam_result_2d.cc.o
[ 24%] Building CXX object CMakeFiles/cartographer.dir/cartographer/mapping/internal/2d/local_trajectory_builder_2d.cc.o
[ 24%] Building CXX object CMakeFiles/cartographer.dir/cartographer/mapping/internal/2d/local_trajectory_builder_options_2d.cc.o
[ 24%] Building CXX object CMakeFiles/cartographer.dir/cartographer/mapping/internal/2d/normal_estimation_2d.cc.o
[ 25%] Building CXX object CMakeFiles/cartographer.dir/cartographer/mapping/internal/2d/overlapping_submaps_trimmer_2d.cc.o
[ 25%] Building CXX object CMakeFiles/cartographer.dir/cartographer/mapping/internal/2d/pose_graph_2d.cc.o
[ 25%] Building CXX object CMakeFiles/cartographer.dir/cartographer/mapping/internal/2d/ray_to_pixel_mask.cc.o
[ 25%] Building CXX object CMakeFiles/cartographer.dir/cartographer/mapping/internal/2d/scan_matching/ceres_scan_matcher_2d.cc.o
[ 25%] Building CXX object CMakeFiles/cartographer.dir/cartographer/mapping/3d/submap_3d.cc.o
[ 26%] Building CXX object CMakeFiles/cartographer.dir/cartographer/mapping/internal/2d/scan_matching/correlative_scan_matcher_2d.cc.o
[ 26%] Building CXX object CMakeFiles/cartographer.dir/cartographer/mapping/internal/2d/scan_matching/occupied_space_cost_function_2d.cc.o
[ 26%] Building CXX object CMakeFiles/cartographer.dir/cartographer/mapping/internal/2d/scan_matching/real_time_correlative_scan_matcher_2d.cc.o
[ 27%] Building CXX object CMakeFiles/cartographer.dir/cartographer/mapping/internal/2d/scan_matching/tsdf_match_cost_function_2d.cc.o
[ 27%] Building CXX object CMakeFiles/cartographer.dir/cartographer/mapping/internal/2d/tsd_value_converter.cc.o
[ 27%] Building CXX object CMakeFiles/cartographer.dir/cartographer/mapping/internal/2d/tsdf_2d.cc.o
[ 27%] Building CXX object CMakeFiles/cartographer.dir/cartographer/mapping/internal/2d/scan_matching/fast_correlative_scan_matcher_2d.cc.o
[ 27%] Building CXX object CMakeFiles/cartographer.dir/cartographer/mapping/internal/2d/tsdf_range_data_inserter_2d.cc.o
[ 27%] Building CXX object CMakeFiles/cartographer.dir/cartographer/mapping/internal/3d/local_trajectory_builder_3d.cc.o
[ 27%] Building CXX object CMakeFiles/cartographer.dir/cartographer/mapping/internal/3d/local_trajectory_builder_options_3d.cc.o
[ 28%] Building CXX object CMakeFiles/cartographer.dir/cartographer/mapping/internal/3d/local_slam_result_3d.cc.o
[ 28%] Building CXX object CMakeFiles/cartographer.dir/cartographer/mapping/internal/3d/pose_graph_3d.cc.o
[ 28%] Building CXX object CMakeFiles/cartographer.dir/cartographer/mapping/internal/3d/scan_matching/fast_correlative_scan_matcher_3d.cc.o
[ 29%] Building CXX object CMakeFiles/cartographer.dir/cartographer/mapping/internal/3d/scan_matching/ceres_scan_matcher_3d.cc.o
[ 29%] Building CXX object CMakeFiles/cartographer.dir/cartographer/mapping/internal/3d/scan_matching/low_resolution_matcher.cc.o
[ 30%] Building CXX object CMakeFiles/cartographer.dir/cartographer/mapping/internal/3d/scan_matching/precomputation_grid_3d.cc.o
[ 30%] Building CXX object CMakeFiles/cartographer.dir/cartographer/mapping/internal/3d/scan_matching/intensity_cost_function_3d.cc.o
[ 30%] Building CXX object CMakeFiles/cartographer.dir/cartographer/mapping/internal/3d/scan_matching/real_time_correlative_scan_matcher_3d.cc.o
[ 31%] Building CXX object CMakeFiles/cartographer.dir/cartographer/mapping/internal/collated_trajectory_builder.cc.o
[ 31%] Building CXX object CMakeFiles/cartographer.dir/cartographer/mapping/internal/connected_components.cc.o
[ 31%] Building CXX object CMakeFiles/cartographer.dir/cartographer/mapping/internal/constraints/constraint_builder.cc.o
[ 31%] Building CXX object CMakeFiles/cartographer.dir/cartographer/mapping/internal/3d/scan_matching/rotational_scan_matcher.cc.o
[ 32%] Building CXX object CMakeFiles/cartographer.dir/cartographer/mapping/internal/constraints/constraint_builder_3d.cc.o
[ 32%] Building CXX object CMakeFiles/cartographer.dir/cartographer/mapping/internal/eigen_quaterniond_from_two_vectors.cc.o
[ 32%] Building CXX object CMakeFiles/cartographer.dir/cartographer/mapping/internal/constraints/constraint_builder_2d.cc.o
[ 32%] Building CXX object CMakeFiles/cartographer.dir/cartographer/mapping/internal/global_trajectory_builder.cc.o
[ 32%] Building CXX object CMakeFiles/cartographer.dir/cartographer/mapping/internal/imu_based_pose_extrapolator.cc.o
[ 33%] Building CXX object CMakeFiles/cartographer.dir/cartographer/mapping/internal/motion_filter.cc.o
[ 33%] Building CXX object CMakeFiles/cartographer.dir/cartographer/mapping/internal/optimization/ceres_pose.cc.o
[ 33%] Building CXX object CMakeFiles/cartographer.dir/cartographer/mapping/internal/optimization/cost_functions/spa_cost_function_2d.cc.o
[ 33%] Building CXX object CMakeFiles/cartographer.dir/cartographer/mapping/internal/optimization/optimization_problem_2d.cc.o
[ 33%] Building CXX object CMakeFiles/cartographer.dir/cartographer/mapping/internal/optimization/optimization_problem_options.cc.o
[ 33%] Building CXX object CMakeFiles/cartographer.dir/cartographer/mapping/internal/range_data_collator.cc.o
[ 34%] Building CXX object CMakeFiles/cartographer.dir/cartographer/mapping/internal/optimization/optimization_problem_3d.cc.o
[ 34%] Building CXX object CMakeFiles/cartographer.dir/cartographer/mapping/internal/scan_matching/real_time_correlative_scan_matcher.cc.o
[ 35%] Building CXX object CMakeFiles/cartographer.dir/cartographer/mapping/internal/submap_controller.cc.o
[ 35%] Building CXX object CMakeFiles/cartographer.dir/cartographer/mapping/internal/trajectory_connectivity_state.cc.o
[ 35%] Building CXX object CMakeFiles/cartographer.dir/cartographer/mapping/map_builder_interface.cc.o
[ 35%] Building CXX object CMakeFiles/cartographer.dir/cartographer/mapping/map_builder.cc.o
[ 36%] Building CXX object CMakeFiles/cartographer.dir/cartographer/mapping/pose_extrapolator.cc.o
[ 36%] Building CXX object CMakeFiles/cartographer.dir/cartographer/mapping/pose_extrapolator_interface.cc.o
[ 36%] Building CXX object CMakeFiles/cartographer.dir/cartographer/mapping/pose_graph_trimmer.cc.o
[ 37%] Building CXX object CMakeFiles/cartographer.dir/cartographer/mapping/probability_values.cc.o
[ 37%] Building CXX object CMakeFiles/cartographer.dir/cartographer/mapping/range_data_inserter_interface.cc.o
[ 37%] Building CXX object CMakeFiles/cartographer.dir/cartographer/mapping/pose_graph.cc.o
[ 37%] Building CXX object CMakeFiles/cartographer.dir/cartographer/mapping/trajectory_builder_interface.cc.o
[ 37%] Building CXX object CMakeFiles/cartographer.dir/cartographer/mapping/trajectory_node.cc.o
[ 38%] Building CXX object CMakeFiles/cartographer.dir/cartographer/mapping/value_conversion_tables.cc.o
[ 38%] Building CXX object CMakeFiles/cartographer.dir/cartographer/metrics/counter.cc.o
[ 38%] Building CXX object CMakeFiles/cartographer.dir/cartographer/metrics/gauge.cc.o
[ 38%] Building CXX object CMakeFiles/cartographer.dir/cartographer/metrics/histogram.cc.o
[ 39%] Building CXX object CMakeFiles/cartographer.dir/cartographer/metrics/register.cc.o
[ 39%] Building CXX object CMakeFiles/cartographer.dir/cartographer/sensor/compressed_point_cloud.cc.o
[ 39%] Building CXX object CMakeFiles/cartographer.dir/cartographer/sensor/fixed_frame_pose_data.cc.o
[ 40%] Building CXX object CMakeFiles/cartographer.dir/cartographer/sensor/internal/collator.cc.o
[ 40%] Building CXX object CMakeFiles/cartographer.dir/cartographer/sensor/internal/ordered_multi_queue.cc.o
[ 40%] Building CXX object CMakeFiles/cartographer.dir/cartographer/sensor/imu_data.cc.o
[ 40%] Building CXX object CMakeFiles/cartographer.dir/cartographer/sensor/internal/trajectory_collator.cc.o
[ 41%] Building CXX object CMakeFiles/cartographer.dir/cartographer/sensor/internal/voxel_filter.cc.o
[ 41%] Building CXX object CMakeFiles/cartographer.dir/cartographer/sensor/landmark_data.cc.o
[ 41%] Building CXX object CMakeFiles/cartographer.dir/cartographer/sensor/odometry_data.cc.o
[ 41%] Building CXX object CMakeFiles/cartographer.dir/cartographer/sensor/point_cloud.cc.o
[ 42%] Building CXX object CMakeFiles/cartographer.dir/cartographer/sensor/range_data.cc.o
[ 42%] Building CXX object CMakeFiles/cartographer.dir/cartographer/sensor/timed_point_cloud_data.cc.o
[ 42%] Building CXX object CMakeFiles/cartographer.dir/cartographer/transform/rigid_transform.cc.o
[ 42%] Building CXX object CMakeFiles/cartographer.dir/cartographer/transform/timestamped_transform.cc.o
[ 42%] Building CXX object CMakeFiles/cartographer.dir/cartographer/transform/transform_interpolation_buffer.cc.o
[ 43%] Building CXX object CMakeFiles/cartographer.dir/cartographer/common/proto/ceres_solver_options.pb.cc.o
[ 43%] Building CXX object CMakeFiles/cartographer.dir/cartographer/transform/transform.cc.o
[ 43%] Building CXX object CMakeFiles/cartographer.dir/cartographer/ground_truth/proto/relations.pb.cc.o
[ 44%] Building CXX object CMakeFiles/cartographer.dir/cartographer/mapping/proto/cell_limits_2d.pb.cc.o
[ 44%] Building CXX object CMakeFiles/cartographer.dir/cartographer/mapping/proto/connected_components.pb.cc.o
[ 44%] Building CXX object CMakeFiles/cartographer.dir/cartographer/mapping/proto/grid_2d.pb.cc.o
[ 44%] Building CXX object CMakeFiles/cartographer.dir/cartographer/mapping/proto/grid_2d_options.pb.cc.o
[ 45%] Building CXX object CMakeFiles/cartographer.dir/cartographer/mapping/proto/hybrid_grid.pb.cc.o
[ 45%] Building CXX object CMakeFiles/cartographer.dir/cartographer/mapping/proto/local_trajectory_builder_options_2d.pb.cc.o
[ 45%] Building CXX object CMakeFiles/cartographer.dir/cartographer/mapping/proto/local_trajectory_builder_options_3d.pb.cc.o
[ 45%] Building CXX object CMakeFiles/cartographer.dir/cartographer/mapping/proto/map_builder_options.pb.cc.o
[ 46%] Building CXX object CMakeFiles/cartographer.dir/cartographer/mapping/proto/map_limits.pb.cc.o
[ 46%] Building CXX object CMakeFiles/cartographer.dir/cartographer/mapping/proto/motion_filter_options.pb.cc.o
[ 46%] Building CXX object CMakeFiles/cartographer.dir/cartographer/mapping/proto/normal_estimation_options_2d.pb.cc.o
[ 46%] Building CXX object CMakeFiles/cartographer.dir/cartographer/mapping/proto/pose_extrapolator_options.pb.cc.o
[ 47%] Building CXX object CMakeFiles/cartographer.dir/cartographer/mapping/proto/pose_graph.pb.cc.o
[ 47%] Building CXX object CMakeFiles/cartographer.dir/cartographer/mapping/proto/pose_graph/constraint_builder_options.pb.cc.o
[ 47%] Building CXX object CMakeFiles/cartographer.dir/cartographer/mapping/proto/pose_graph/optimization_problem_options.pb.cc.o
[ 47%] Building CXX object CMakeFiles/cartographer.dir/cartographer/mapping/proto/pose_graph_options.pb.cc.o
[ 48%] Building CXX object CMakeFiles/cartographer.dir/cartographer/mapping/proto/probability_grid.pb.cc.o
[ 48%] Building CXX object CMakeFiles/cartographer.dir/cartographer/mapping/proto/probability_grid_range_data_inserter_options_2d.pb.cc.o
[ 48%] Building CXX object CMakeFiles/cartographer.dir/cartographer/mapping/proto/range_data_inserter_options.pb.cc.o
[ 48%] Building CXX object CMakeFiles/cartographer.dir/cartographer/mapping/proto/range_data_inserter_options_3d.pb.cc.o
[ 49%] Building CXX object CMakeFiles/cartographer.dir/cartographer/mapping/proto/scan_matching/ceres_scan_matcher_options_2d.pb.cc.o
[ 49%] Building CXX object CMakeFiles/cartographer.dir/cartographer/mapping/proto/scan_matching/fast_correlative_scan_matcher_options_2d.pb.cc.o
[ 49%] Building CXX object CMakeFiles/cartographer.dir/cartographer/mapping/proto/scan_matching/fast_correlative_scan_matcher_options_3d.pb.cc.o
[ 50%] Building CXX object CMakeFiles/cartographer.dir/cartographer/mapping/proto/scan_matching/real_time_correlative_scan_matcher_options.pb.cc.o
[ 50%] Building CXX object CMakeFiles/cartographer.dir/cartographer/mapping/proto/serialization.pb.cc.o
[ 50%] Building CXX object CMakeFiles/cartographer.dir/cartographer/mapping/proto/scan_matching/ceres_scan_matcher_options_3d.pb.cc.o
[ 50%] Building CXX object CMakeFiles/cartographer.dir/cartographer/mapping/proto/submap.pb.cc.o
[ 51%] Building CXX object CMakeFiles/cartographer.dir/cartographer/mapping/proto/submap_visualization.pb.cc.o
[ 51%] Building CXX object CMakeFiles/cartographer.dir/cartographer/mapping/proto/submaps_options_2d.pb.cc.o
[ 51%] Building CXX object CMakeFiles/cartographer.dir/cartographer/mapping/proto/submaps_options_3d.pb.cc.o
[ 51%] Building CXX object CMakeFiles/cartographer.dir/cartographer/mapping/proto/trajectory.pb.cc.o
[ 52%] Building CXX object CMakeFiles/cartographer.dir/cartographer/mapping/proto/trajectory_builder_options.pb.cc.o
[ 52%] Building CXX object CMakeFiles/cartographer.dir/cartographer/mapping/proto/trajectory_node_data.pb.cc.o
[ 52%] Building CXX object CMakeFiles/cartographer.dir/cartographer/mapping/proto/tsdf_2d.pb.cc.o
[ 52%] Building CXX object CMakeFiles/cartographer.dir/cartographer/mapping/proto/tsdf_range_data_inserter_options_2d.pb.cc.o
[ 52%] Building CXX object CMakeFiles/cartographer.dir/cartographer/sensor/proto/sensor.pb.cc.o
[ 53%] Building CXX object CMakeFiles/cartographer.dir/cartographer/transform/proto/timestamped_transform.pb.cc.o
[ 53%] Building CXX object CMakeFiles/cartographer.dir/cartographer/sensor/proto/adaptive_voxel_filter_options.pb.cc.o
[ 53%] Building CXX object CMakeFiles/cartographer.dir/cartographer/transform/proto/transform.pb.cc.o
[ 54%] Linking CXX static library libcartographer.a
[ 54%] Built target cartographer
[ 54%] Building CXX object CMakeFiles/cartographer_autogenerate_ground_truth.dir/cartographer/ground_truth/autogenerate_ground_truth_main.cc.o
[ 55%] Building CXX object gmock/CMakeFiles/gmock.dir/src/gmock-all.cc.o
[ 55%] Building CXX object CMakeFiles/cartographer_pbstream.dir/cartographer/io/pbstream_main.cc.o
[ 55%] Building CXX object CMakeFiles/cartographer_compute_relations_metrics.dir/cartographer/ground_truth/compute_relations_metrics_main.cc.o
[ 56%] Linking CXX executable cartographer_pbstream
[ 56%] Built target cartographer_pbstream
[ 56%] Linking CXX static library ../lib/libgmock.a
[ 56%] Built target gmock
[ 57%] Linking CXX executable cartographer_autogenerate_ground_truth
[ 57%] Built target cartographer_autogenerate_ground_truth
[ 57%] Linking CXX executable cartographer_compute_relations_metrics
[ 57%] Built target cartographer_compute_relations_metrics
[ 58%] Building CXX object CMakeFiles/cartographer_test_library.dir/cartographer/io/fake_file_writer_test.cc.o
[ 58%] Building CXX object gmock/CMakeFiles/gmock_main.dir/src/gmock_main.cc.o
[ 58%] Building CXX object CMakeFiles/cartographer_test_library.dir/cartographer/io/fake_file_writer.cc.o
[ 58%] Linking CXX static library ../lib/libgmock_main.a
[ 58%] Built target gmock_main
[ 58%] Building CXX object CMakeFiles/cartographer_test_library.dir/cartographer/io/internal/testing/test_helpers.cc.o
[ 58%] Building CXX object CMakeFiles/cartographer_print_configuration.dir/cartographer/common/print_configuration_main.cc.o
[ 58%] Linking CXX executable cartographer_print_configuration
[ 58%] Built target cartographer_print_configuration
[ 58%] Building CXX object CMakeFiles/cartographer_test_library.dir/cartographer/mapping/internal/testing/test_helpers.cc.o
[ 58%] Linking CXX static library libcartographer_test_library.a
[ 58%] Built target cartographer_test_library
[ 58%] Building CXX object CMakeFiles/cartographer.common.fixed_ratio_sampler_test.dir/cartographer/common/fixed_ratio_sampler_test.cc.o
[ 58%] Building CXX object CMakeFiles/cartographer.common.configuration_files_test.dir/cartographer/common/configuration_files_test.cc.o
[ 58%] Building CXX object CMakeFiles/cartographer.common.internal.blocking_queue_test.dir/cartographer/common/internal/blocking_queue_test.cc.o
[ 58%] Building CXX object CMakeFiles/cartographer.common.internal.rate_timer_test.dir/cartographer/common/internal/rate_timer_test.cc.o
[ 59%] Linking CXX executable cartographer.common.fixed_ratio_sampler_test
[ 59%] Built target cartographer.common.fixed_ratio_sampler_test
[ 59%] Building CXX object CMakeFiles/cartographer.common.lua_parameter_dictionary_test.dir/cartographer/common/lua_parameter_dictionary_test.cc.o
[ 60%] Linking CXX executable cartographer.common.internal.rate_timer_test
[ 60%] Built target cartographer.common.internal.rate_timer_test
[ 60%] Linking CXX executable cartographer.common.internal.blocking_queue_test
[ 60%] Built target cartographer.common.internal.blocking_queue_test
[ 60%] Linking CXX executable cartographer.common.configuration_files_test
[ 60%] Built target cartographer.common.configuration_files_test
[ 60%] Linking CXX executable cartographer.common.lua_parameter_dictionary_test
[ 60%] Built target cartographer.common.lua_parameter_dictionary_test
[ 60%] Building CXX object CMakeFiles/cartographer.common.thread_pool_test.dir/cartographer/common/thread_pool_test.cc.o
[ 60%] Building CXX object CMakeFiles/cartographer.io.fake_file_writer_test.dir/cartographer/io/fake_file_writer_test.cc.o
[ 60%] Building CXX object CMakeFiles/cartographer.common.task_test.dir/cartographer/common/task_test.cc.o
[ 60%] Building CXX object CMakeFiles/cartographer.common.math_test.dir/cartographer/common/math_test.cc.o
[ 61%] Linking CXX executable cartographer.common.thread_pool_test
[ 61%] Built target cartographer.common.thread_pool_test
[ 61%] Linking CXX executable cartographer.io.fake_file_writer_test
[ 61%] Built target cartographer.io.fake_file_writer_test
[ 62%] Linking CXX executable cartographer.common.math_test
[ 62%] Built target cartographer.common.math_test
[ 62%] Linking CXX executable cartographer.common.task_test
[ 62%] Built target cartographer.common.task_test
[ 62%] Building CXX object CMakeFiles/cartographer.io.probability_grid_points_processor_test.dir/cartographer/io/probability_grid_points_processor_test.cc.o
[ 62%] Building CXX object CMakeFiles/cartographer.io.proto_stream_deserializer_test.dir/cartographer/io/proto_stream_deserializer_test.cc.o
[ 62%] Building CXX object CMakeFiles/cartographer.io.points_processor_pipeline_builder_test.dir/cartographer/io/points_processor_pipeline_builder_test.cc.o
[ 62%] Building CXX object CMakeFiles/cartographer.io.internal.in_memory_proto_stream_test.dir/cartographer/io/internal/in_memory_proto_stream_test.cc.o
[ 63%] Linking CXX executable cartographer.io.probability_grid_points_processor_test
[ 63%] Built target cartographer.io.probability_grid_points_processor_test
[ 64%] Building CXX object CMakeFiles/cartographer.io.proto_stream_test.dir/cartographer/io/proto_stream_test.cc.o
[ 64%] Linking CXX executable cartographer.io.proto_stream_deserializer_test
[ 65%] Linking CXX executable cartographer.io.internal.in_memory_proto_stream_test
[ 65%] Built target cartographer.io.proto_stream_deserializer_test
[ 65%] Built target cartographer.io.internal.in_memory_proto_stream_test
[ 65%] Linking CXX executable cartographer.io.points_processor_pipeline_builder_test
[ 65%] Built target cartographer.io.points_processor_pipeline_builder_test
[ 65%] Linking CXX executable cartographer.io.proto_stream_test
[ 65%] Built target cartographer.io.proto_stream_test
[ 65%] Building CXX object CMakeFiles/cartographer.mapping.2d.probability_grid_test.dir/cartographer/mapping/2d/probability_grid_test.cc.o
[ 66%] Building CXX object CMakeFiles/cartographer.mapping.2d.range_data_inserter_2d_test.dir/cartographer/mapping/2d/range_data_inserter_2d_test.cc.o
[ 67%] Building CXX object CMakeFiles/cartographer.mapping.2d.map_limits_test.dir/cartographer/mapping/2d/map_limits_test.cc.o
[ 67%] Building CXX object CMakeFiles/cartographer.io.serialization_format_migration_test.dir/cartographer/io/serialization_format_migration_test.cc.o
[ 67%] Linking CXX executable cartographer.mapping.2d.probability_grid_test
[ 67%] Built target cartographer.mapping.2d.probability_grid_test
[ 67%] Linking CXX executable cartographer.mapping.2d.range_data_inserter_2d_test
[ 67%] Built target cartographer.mapping.2d.range_data_inserter_2d_test
[ 67%] Linking CXX executable cartographer.mapping.2d.map_limits_test
[ 67%] Built target cartographer.mapping.2d.map_limits_test
[ 67%] Building CXX object CMakeFiles/cartographer.mapping.3d.hybrid_grid_test.dir/cartographer/mapping/3d/hybrid_grid_test.cc.o
[ 68%] Building CXX object CMakeFiles/cartographer.mapping.2d.xy_index_test.dir/cartographer/mapping/2d/xy_index_test.cc.o
[ 68%] Building CXX object CMakeFiles/cartographer.mapping.2d.submap_2d_test.dir/cartographer/mapping/2d/submap_2d_test.cc.o
[ 68%] Linking CXX executable cartographer.io.serialization_format_migration_test
[ 68%] Built target cartographer.io.serialization_format_migration_test
[ 69%] Building CXX object CMakeFiles/cartographer.mapping.3d.range_data_inserter_3d_test.dir/cartographer/mapping/3d/range_data_inserter_3d_test.cc.o
[ 69%] Linking CXX executable cartographer.mapping.2d.xy_index_test
[ 69%] Built target cartographer.mapping.2d.xy_index_test
[ 69%] Linking CXX executable cartographer.mapping.2d.submap_2d_test
[ 69%] Built target cartographer.mapping.2d.submap_2d_test
[ 69%] Linking CXX executable cartographer.mapping.3d.range_data_inserter_3d_test
[ 69%] Built target cartographer.mapping.3d.range_data_inserter_3d_test
[ 69%] Linking CXX executable cartographer.mapping.3d.hybrid_grid_test
[ 69%] Built target cartographer.mapping.3d.hybrid_grid_test
[ 69%] Building CXX object CMakeFiles/cartographer.mapping.imu_tracker_test.dir/cartographer/mapping/imu_tracker_test.cc.o
[ 69%] Linking CXX executable cartographer.mapping.imu_tracker_test
[ 69%] Built target cartographer.mapping.imu_tracker_test
[ 70%] Building CXX object CMakeFiles/cartographer.mapping.internal.2d.normal_estimation_2d_test.dir/cartographer/mapping/internal/2d/normal_estimation_2d_test.cc.o
[ 70%] Building CXX object CMakeFiles/cartographer.mapping.internal.2d.overlapping_submaps_trimmer_2d_test.dir/cartographer/mapping/internal/2d/overlapping_submaps_trimmer_2d_test.cc.o
[ 71%] Building CXX object CMakeFiles/cartographer.mapping.id_test.dir/cartographer/mapping/id_test.cc.o
[ 71%] Building CXX object CMakeFiles/cartographer.mapping.3d.submap_3d_test.dir/cartographer/mapping/3d/submap_3d_test.cc.o
[ 71%] Linking CXX executable cartographer.mapping.internal.2d.normal_estimation_2d_test
[ 71%] Built target cartographer.mapping.internal.2d.normal_estimation_2d_test
[ 71%] Linking CXX executable cartographer.mapping.id_test
[ 71%] Built target cartographer.mapping.id_test
[ 71%] Linking CXX executable cartographer.mapping.3d.submap_3d_test
[ 71%] Built target cartographer.mapping.3d.submap_3d_test
[ 71%] Linking CXX executable cartographer.mapping.internal.2d.overlapping_submaps_trimmer_2d_test
[ 71%] Built target cartographer.mapping.internal.2d.overlapping_submaps_trimmer_2d_test
[ 72%] Building CXX object CMakeFiles/cartographer.mapping.internal.2d.scan_matching.ceres_scan_matcher_2d_test.dir/cartographer/mapping/internal/2d/scan_matching/ceres_scan_matcher_2d_test.cc.o
[ 72%] Linking CXX executable cartographer.mapping.internal.2d.scan_matching.ceres_scan_matcher_2d_test
[ 72%] Built target cartographer.mapping.internal.2d.scan_matching.ceres_scan_matcher_2d_test
[ 72%] Building CXX object CMakeFiles/cartographer.mapping.internal.2d.scan_matching.correlative_scan_matcher_test.dir/cartographer/mapping/internal/2d/scan_matching/correlative_scan_matcher_test.cc.o
[ 72%] Building CXX object CMakeFiles/cartographer.mapping.internal.2d.ray_to_pixel_mask_test.dir/cartographer/mapping/internal/2d/ray_to_pixel_mask_test.cc.o
[ 73%] Building CXX object CMakeFiles/cartographer.mapping.internal.2d.scan_matching.fast_correlative_scan_matcher_2d_test.dir/cartographer/mapping/internal/2d/scan_matching/fast_correlative_scan_matcher_2d_test.cc.o
[ 74%] Building CXX object CMakeFiles/cartographer.mapping.internal.2d.pose_graph_2d_test.dir/cartographer/mapping/internal/2d/pose_graph_2d_test.cc.o
[ 74%] Linking CXX executable cartographer.mapping.internal.2d.scan_matching.correlative_scan_matcher_test
[ 74%] Built target cartographer.mapping.internal.2d.scan_matching.correlative_scan_matcher_test
[ 74%] Linking CXX executable cartographer.mapping.internal.2d.ray_to_pixel_mask_test
[ 74%] Built target cartographer.mapping.internal.2d.ray_to_pixel_mask_test
[ 74%] Linking CXX executable cartographer.mapping.internal.2d.scan_matching.fast_correlative_scan_matcher_2d_test
[ 74%] Built target cartographer.mapping.internal.2d.scan_matching.fast_correlative_scan_matcher_2d_test
[ 74%] Linking CXX executable cartographer.mapping.internal.2d.pose_graph_2d_test
[ 74%] Built target cartographer.mapping.internal.2d.pose_graph_2d_test
[ 74%] Building CXX object CMakeFiles/cartographer.mapping.internal.2d.scan_matching.real_time_correlative_scan_matcher_2d_test.dir/cartographer/mapping/internal/2d/scan_matching/real_time_correlative_scan_matcher_2d_test.cc.o
[ 74%] Building CXX object CMakeFiles/cartographer.mapping.internal.2d.scan_matching.tsdf_match_cost_function_2d_test.dir/cartographer/mapping/internal/2d/scan_matching/tsdf_match_cost_function_2d_test.cc.o
[ 74%] Building CXX object CMakeFiles/cartographer.mapping.internal.2d.scan_matching.occupied_space_cost_function_2d_test.dir/cartographer/mapping/internal/2d/scan_matching/occupied_space_cost_function_2d_test.cc.o
[ 74%] Building CXX object CMakeFiles/cartographer.mapping.internal.2d.scan_matching.interpolated_tsdf_2d_test.dir/cartographer/mapping/internal/2d/scan_matching/interpolated_tsdf_2d_test.cc.o
[ 75%] Linking CXX executable cartographer.mapping.internal.2d.scan_matching.real_time_correlative_scan_matcher_2d_test
[ 75%] Built target cartographer.mapping.internal.2d.scan_matching.real_time_correlative_scan_matcher_2d_test
[ 76%] Linking CXX executable cartographer.mapping.internal.2d.scan_matching.interpolated_tsdf_2d_test
[ 76%] Linking CXX executable cartographer.mapping.internal.2d.scan_matching.occupied_space_cost_function_2d_test
[ 76%] Built target cartographer.mapping.internal.2d.scan_matching.interpolated_tsdf_2d_test
[ 76%] Built target cartographer.mapping.internal.2d.scan_matching.occupied_space_cost_function_2d_test
[ 76%] Linking CXX executable cartographer.mapping.internal.2d.scan_matching.tsdf_match_cost_function_2d_test
[ 76%] Built target cartographer.mapping.internal.2d.scan_matching.tsdf_match_cost_function_2d_test
[ 76%] Building CXX object CMakeFiles/cartographer.mapping.internal.2d.tsdf_range_data_inserter_2d_test.dir/cartographer/mapping/internal/2d/tsdf_range_data_inserter_2d_test.cc.o
[ 76%] Building CXX object CMakeFiles/cartographer.mapping.internal.3d.local_trajectory_builder_3d_test.dir/cartographer/mapping/internal/3d/local_trajectory_builder_3d_test.cc.o
[ 76%] Building CXX object CMakeFiles/cartographer.mapping.internal.2d.tsdf_2d_test.dir/cartographer/mapping/internal/2d/tsdf_2d_test.cc.o
[ 77%] Linking CXX executable cartographer.mapping.internal.2d.tsdf_range_data_inserter_2d_test
[ 77%] Built target cartographer.mapping.internal.2d.tsdf_range_data_inserter_2d_test
[ 77%] Linking CXX executable cartographer.mapping.internal.2d.tsdf_2d_test
[ 77%] Built target cartographer.mapping.internal.2d.tsdf_2d_test
[ 77%] Linking CXX executable cartographer.mapping.internal.3d.local_trajectory_builder_3d_test
[ 77%] Built target cartographer.mapping.internal.3d.local_trajectory_builder_3d_test
[ 77%] Building CXX object CMakeFiles/cartographer.mapping.internal.3d.rotation_parameterization_test.dir/cartographer/mapping/internal/3d/rotation_parameterization_test.cc.o
[ 77%] Linking CXX executable cartographer.mapping.internal.3d.rotation_parameterization_test
[ 77%] Built target cartographer.mapping.internal.3d.rotation_parameterization_test
[ 77%] Building CXX object CMakeFiles/cartographer.mapping.internal.3d.scan_matching.ceres_scan_matcher_3d_test.dir/cartographer/mapping/internal/3d/scan_matching/ceres_scan_matcher_3d_test.cc.o
[ 77%] Building CXX object CMakeFiles/cartographer.mapping.internal.3d.scan_matching.fast_correlative_scan_matcher_3d_test.dir/cartographer/mapping/internal/3d/scan_matching/fast_correlative_scan_matcher_3d_test.cc.o
[ 77%] Building CXX object CMakeFiles/cartographer.mapping.internal.3d.pose_graph_3d_test.dir/cartographer/mapping/internal/3d/pose_graph_3d_test.cc.o
[ 77%] Building CXX object CMakeFiles/cartographer.mapping.internal.2d.tsd_value_converter_test.dir/cartographer/mapping/internal/2d/tsd_value_converter_test.cc.o
[ 78%] Linking CXX executable cartographer.mapping.internal.2d.tsd_value_converter_test
[ 78%] Built target cartographer.mapping.internal.2d.tsd_value_converter_test
[ 79%] Linking CXX executable cartographer.mapping.internal.3d.scan_matching.ceres_scan_matcher_3d_test
[ 79%] Built target cartographer.mapping.internal.3d.scan_matching.ceres_scan_matcher_3d_test
[ 79%] Linking CXX executable cartographer.mapping.internal.3d.scan_matching.fast_correlative_scan_matcher_3d_test
[ 79%] Built target cartographer.mapping.internal.3d.scan_matching.fast_correlative_scan_matcher_3d_test
[ 80%] Linking CXX executable cartographer.mapping.internal.3d.pose_graph_3d_test
[ 80%] Built target cartographer.mapping.internal.3d.pose_graph_3d_test
[ 80%] Building CXX object CMakeFiles/cartographer.mapping.internal.3d.scan_matching.precomputation_grid_3d_test.dir/cartographer/mapping/internal/3d/scan_matching/precomputation_grid_3d_test.cc.o
[ 80%] Building CXX object CMakeFiles/cartographer.mapping.internal.3d.scan_matching.real_time_correlative_scan_matcher_3d_test.dir/cartographer/mapping/internal/3d/scan_matching/real_time_correlative_scan_matcher_3d_test.cc.o
[ 81%] Linking CXX executable cartographer.mapping.internal.3d.scan_matching.precomputation_grid_3d_test
[ 81%] Built target cartographer.mapping.internal.3d.scan_matching.precomputation_grid_3d_test
[ 81%] Building CXX object CMakeFiles/cartographer.mapping.internal.3d.scan_matching.interpolated_grid_test.dir/cartographer/mapping/internal/3d/scan_matching/interpolated_grid_test.cc.o
[ 81%] Building CXX object CMakeFiles/cartographer.mapping.internal.3d.scan_matching.intensity_cost_function_3d_test.dir/cartographer/mapping/internal/3d/scan_matching/intensity_cost_function_3d_test.cc.o
[ 81%] Building CXX object CMakeFiles/cartographer.mapping.internal.3d.scan_matching.rotation_delta_cost_functor_3d_test.dir/cartographer/mapping/internal/3d/scan_matching/rotation_delta_cost_functor_3d_test.cc.o
[ 82%] Linking CXX executable cartographer.mapping.internal.3d.scan_matching.rotation_delta_cost_functor_3d_test
[ 82%] Linking CXX executable cartographer.mapping.internal.3d.scan_matching.interpolated_grid_test
[ 82%] Built target cartographer.mapping.internal.3d.scan_matching.rotation_delta_cost_functor_3d_test
[ 82%] Building CXX object CMakeFiles/cartographer.mapping.internal.3d.scan_matching.rotational_scan_matcher_test.dir/cartographer/mapping/internal/3d/scan_matching/rotational_scan_matcher_test.cc.o
[ 82%] Built target cartographer.mapping.internal.3d.scan_matching.interpolated_grid_test
[ 82%] Building CXX object CMakeFiles/cartographer.mapping.internal.connected_components_test.dir/cartographer/mapping/internal/connected_components_test.cc.o
[ 83%] Linking CXX executable cartographer.mapping.internal.3d.scan_matching.intensity_cost_function_3d_test
[ 83%] Built target cartographer.mapping.internal.3d.scan_matching.intensity_cost_function_3d_test
[ 83%] Linking CXX executable cartographer.mapping.internal.3d.scan_matching.real_time_correlative_scan_matcher_3d_test
[ 83%] Building CXX object CMakeFiles/cartographer.mapping.internal.constraints.constraint_builder_2d_test.dir/cartographer/mapping/internal/constraints/constraint_builder_2d_test.cc.o
[ 83%] Built target cartographer.mapping.internal.3d.scan_matching.real_time_correlative_scan_matcher_3d_test
[ 84%] Building CXX object CMakeFiles/cartographer.mapping.internal.constraints.constraint_builder_3d_test.dir/cartographer/mapping/internal/constraints/constraint_builder_3d_test.cc.o
[ 84%] Linking CXX executable cartographer.mapping.internal.3d.scan_matching.rotational_scan_matcher_test
[ 84%] Built target cartographer.mapping.internal.3d.scan_matching.rotational_scan_matcher_test
[ 84%] Building CXX object CMakeFiles/cartographer.mapping.internal.motion_filter_test.dir/cartographer/mapping/internal/motion_filter_test.cc.o
[ 85%] Linking CXX executable cartographer.mapping.internal.connected_components_test
[ 85%] Built target cartographer.mapping.internal.connected_components_test
[ 86%] Building CXX object CMakeFiles/cartographer.mapping.internal.optimization.cost_functions.landmark_cost_function_2d_test.dir/cartographer/mapping/internal/optimization/cost_functions/landmark_cost_function_2d_test.cc.o
[ 86%] Linking CXX executable cartographer.mapping.internal.constraints.constraint_builder_2d_test
[ 86%] Built target cartographer.mapping.internal.constraints.constraint_builder_2d_test
[ 86%] Building CXX object CMakeFiles/cartographer.mapping.internal.optimization.cost_functions.landmark_cost_function_3d_test.dir/cartographer/mapping/internal/optimization/cost_functions/landmark_cost_function_3d_test.cc.o
[ 86%] Linking CXX executable cartographer.mapping.internal.constraints.constraint_builder_3d_test
[ 86%] Linking CXX executable cartographer.mapping.internal.motion_filter_test
[ 86%] Built target cartographer.mapping.internal.constraints.constraint_builder_3d_test
[ 86%] Built target cartographer.mapping.internal.motion_filter_test
[ 87%] Building CXX object CMakeFiles/cartographer.mapping.internal.optimization.cost_functions.spa_cost_function_2d_test.dir/cartographer/mapping/internal/optimization/cost_functions/spa_cost_function_2d_test.cc.o
[ 87%] Building CXX object CMakeFiles/cartographer.mapping.internal.optimization.optimization_problem_3d_test.dir/cartographer/mapping/internal/optimization/optimization_problem_3d_test.cc.o
[ 87%] Linking CXX executable cartographer.mapping.internal.optimization.cost_functions.landmark_cost_function_2d_test
[ 87%] Built target cartographer.mapping.internal.optimization.cost_functions.landmark_cost_function_2d_test
[ 88%] Building CXX object CMakeFiles/cartographer.mapping.internal.range_data_collator_test.dir/cartographer/mapping/internal/range_data_collator_test.cc.o
[ 88%] Linking CXX executable cartographer.mapping.internal.optimization.optimization_problem_3d_test
[ 88%] Built target cartographer.mapping.internal.optimization.optimization_problem_3d_test
[ 88%] Building CXX object CMakeFiles/cartographer.mapping.internal.trajectory_connectivity_state_test.dir/cartographer/mapping/internal/trajectory_connectivity_state_test.cc.o
[ 88%] Linking CXX executable cartographer.mapping.internal.optimization.cost_functions.landmark_cost_function_3d_test
[ 88%] Built target cartographer.mapping.internal.optimization.cost_functions.landmark_cost_function_3d_test
[ 89%] Building CXX object CMakeFiles/cartographer.mapping.map_builder_test.dir/cartographer/mapping/map_builder_test.cc.o
[ 89%] Linking CXX executable cartographer.mapping.internal.optimization.cost_functions.spa_cost_function_2d_test
[ 89%] Built target cartographer.mapping.internal.optimization.cost_functions.spa_cost_function_2d_test
[ 89%] Building CXX object CMakeFiles/cartographer.mapping.pose_extrapolator_test.dir/cartographer/mapping/pose_extrapolator_test.cc.o
[ 89%] Linking CXX executable cartographer.mapping.internal.range_data_collator_test
[ 89%] Linking CXX executable cartographer.mapping.internal.trajectory_connectivity_state_test
[ 89%] Built target cartographer.mapping.internal.range_data_collator_test
[ 90%] Building CXX object CMakeFiles/cartographer.mapping.pose_graph_test.dir/cartographer/mapping/pose_graph_test.cc.o
[ 90%] Built target cartographer.mapping.internal.trajectory_connectivity_state_test
[ 90%] Building CXX object CMakeFiles/cartographer.mapping.pose_graph_trimmer_test.dir/cartographer/mapping/pose_graph_trimmer_test.cc.o
[ 90%] Linking CXX executable cartographer.mapping.map_builder_test
[ 90%] Built target cartographer.mapping.map_builder_test
[ 90%] Linking CXX executable cartographer.mapping.pose_graph_test
[ 90%] Built target cartographer.mapping.pose_graph_test
[ 90%] Linking CXX executable cartographer.mapping.pose_extrapolator_test
[ 90%] Linking CXX executable cartographer.mapping.pose_graph_trimmer_test
[ 90%] Built target cartographer.mapping.pose_extrapolator_test
[ 90%] Built target cartographer.mapping.pose_graph_trimmer_test
[ 91%] Building CXX object CMakeFiles/cartographer.mapping.trajectory_node_test.dir/cartographer/mapping/trajectory_node_test.cc.o
[ 91%] Building CXX object CMakeFiles/cartographer.mapping.value_conversion_tables_test.dir/cartographer/mapping/value_conversion_tables_test.cc.o
[ 91%] Building CXX object CMakeFiles/cartographer.mapping.submaps_test.dir/cartographer/mapping/submaps_test.cc.o
[ 92%] Building CXX object CMakeFiles/cartographer.mapping.probability_values_test.dir/cartographer/mapping/probability_values_test.cc.o
[ 92%] Linking CXX executable cartographer.mapping.trajectory_node_test
[ 92%] Linking CXX executable cartographer.mapping.value_conversion_tables_test
[ 92%] Built target cartographer.mapping.trajectory_node_test
[ 93%] Building CXX object CMakeFiles/cartographer.sensor.compressed_point_cloud_test.dir/cartographer/sensor/compressed_point_cloud_test.cc.o
[ 93%] Built target cartographer.mapping.value_conversion_tables_test
[ 93%] Building CXX object CMakeFiles/cartographer.sensor.internal.collator_test.dir/cartographer/sensor/internal/collator_test.cc.o
[ 93%] Linking CXX executable cartographer.mapping.submaps_test
[ 93%] Linking CXX executable cartographer.mapping.probability_values_test
[ 93%] Built target cartographer.mapping.submaps_test
[ 94%] Building CXX object CMakeFiles/cartographer.sensor.internal.ordered_multi_queue_test.dir/cartographer/sensor/internal/ordered_multi_queue_test.cc.o
[ 94%] Built target cartographer.mapping.probability_values_test
[ 94%] Building CXX object CMakeFiles/cartographer.sensor.internal.trajectory_collator_test.dir/cartographer/sensor/internal/trajectory_collator_test.cc.o
[ 94%] Linking CXX executable cartographer.sensor.compressed_point_cloud_test
[ 94%] Built target cartographer.sensor.compressed_point_cloud_test
[ 94%] Building CXX object CMakeFiles/cartographer.sensor.internal.voxel_filter_test.dir/cartographer/sensor/internal/voxel_filter_test.cc.o
[ 94%] Linking CXX executable cartographer.sensor.internal.collator_test
[ 94%] Built target cartographer.sensor.internal.collator_test
[ 94%] Linking CXX executable cartographer.sensor.internal.ordered_multi_queue_test
[ 94%] Built target cartographer.sensor.internal.ordered_multi_queue_test
[ 95%] Linking CXX executable cartographer.sensor.internal.trajectory_collator_test
[ 95%] Built target cartographer.sensor.internal.trajectory_collator_test
[ 95%] Building CXX object CMakeFiles/cartographer.sensor.point_cloud_test.dir/cartographer/sensor/point_cloud_test.cc.o
[ 95%] Building CXX object CMakeFiles/cartographer.sensor.map_by_time_test.dir/cartographer/sensor/map_by_time_test.cc.o
[ 95%] Linking CXX executable cartographer.sensor.internal.voxel_filter_test
[ 95%] Built target cartographer.sensor.internal.voxel_filter_test
[ 95%] Building CXX object CMakeFiles/cartographer.sensor.landmark_data_test.dir/cartographer/sensor/landmark_data_test.cc.o
[ 95%] Building CXX object CMakeFiles/cartographer.sensor.range_data_test.dir/cartographer/sensor/range_data_test.cc.o
[ 95%] Linking CXX executable cartographer.sensor.map_by_time_test
[ 95%] Built target cartographer.sensor.map_by_time_test
[ 95%] Linking CXX executable cartographer.sensor.range_data_test
[ 95%] Built target cartographer.sensor.range_data_test
[ 96%] Linking CXX executable cartographer.sensor.point_cloud_test
[ 96%] Built target cartographer.sensor.point_cloud_test
[ 97%] Linking CXX executable cartographer.sensor.landmark_data_test
[ 97%] Built target cartographer.sensor.landmark_data_test
[ 97%] Building CXX object CMakeFiles/cartographer.transform.transform_interpolation_buffer_test.dir/cartographer/transform/transform_interpolation_buffer_test.cc.o
[ 98%] Linking CXX executable cartographer.transform.transform_interpolation_buffer_test
[ 98%] Built target cartographer.transform.transform_interpolation_buffer_test
[ 98%] Building CXX object CMakeFiles/cartographer.transform.rigid_transform_test.dir/cartographer/transform/rigid_transform_test.cc.o
[ 98%] Building CXX object CMakeFiles/cartographer.transform.timestamped_transform_test.dir/cartographer/transform/timestamped_transform_test.cc.o
[ 98%] Building CXX object CMakeFiles/cartographer.transform.transform_test.dir/cartographer/transform/transform_test.cc.o
[ 98%] Linking CXX executable cartographer.transform.timestamped_transform_test
[ 98%] Built target cartographer.transform.timestamped_transform_test
[ 98%] Linking CXX executable cartographer.transform.transform_test
[ 98%] Built target cartographer.transform.transform_test
[100%] Linking CXX executable cartographer.transform.rigid_transform_test
[100%] Built target cartographer.transform.rigid_transform_test
-- Install configuration: "Release"
-- Installing: /home/p/ros2_ws/src/install/cartographer/share/cartographer/package.xml
-- Installing: /home/p/ros2_ws/src/install/cartographer/share/cartographer//configuration_files
-- Installing: /home/p/ros2_ws/src/install/cartographer/share/cartographer//configuration_files/pose_graph.lua
-- Installing: /home/p/ros2_ws/src/install/cartographer/share/cartographer//configuration_files/trajectory_builder.lua
-- Installing: /home/p/ros2_ws/src/install/cartographer/share/cartographer//configuration_files/map_builder.lua
-- Installing: /home/p/ros2_ws/src/install/cartographer/share/cartographer//configuration_files/map_builder_server.lua
-- Installing: /home/p/ros2_ws/src/install/cartographer/share/cartographer//cmake
-- Installing: /home/p/ros2_ws/src/install/cartographer/share/cartographer//cmake/modules
-- Installing: /home/p/ros2_ws/src/install/cartographer/share/cartographer//cmake/modules/FindEigen3.cmake
-- Installing: /home/p/ros2_ws/src/install/cartographer/share/cartographer//cmake/modules/FindLuaGoogle.cmake
-- Installing: /home/p/ros2_ws/src/install/cartographer/share/cartographer//cmake/modules/FindSphinx.cmake
-- Installing: /home/p/ros2_ws/src/install/cartographer/share/cartographer//cmake/modules/FindGMock.cmake
-- Installing: /home/p/ros2_ws/src/install/cartographer/share/cartographer//cmake/functions.cmake
-- Installing: /home/p/ros2_ws/src/install/cartographer/bin/cartographer_autogenerate_ground_truth
-- Installing: /home/p/ros2_ws/src/install/cartographer/bin/cartographer_compute_relations_metrics
-- Installing: /home/p/ros2_ws/src/install/cartographer/bin/cartographer_pbstream
-- Installing: /home/p/ros2_ws/src/install/cartographer/bin/cartographer_print_configuration
-- Installing: /home/p/ros2_ws/src/install/cartographer/lib/libcartographer.a
-- Installing: /home/p/ros2_ws/src/install/cartographer/include/cartographer/common/configuration_file_resolver.h
-- Installing: /home/p/ros2_ws/src/install/cartographer/include/cartographer/common/fixed_ratio_sampler.h
-- Installing: /home/p/ros2_ws/src/install/cartographer/include/cartographer/common/histogram.h
-- Installing: /home/p/ros2_ws/src/install/cartographer/include/cartographer/common/lua.h
-- Installing: /home/p/ros2_ws/src/install/cartographer/include/cartographer/common/lua_parameter_dictionary.h
-- Installing: /home/p/ros2_ws/src/install/cartographer/include/cartographer/common/math.h
-- Installing: /home/p/ros2_ws/src/install/cartographer/include/cartographer/common/port.h
-- Installing: /home/p/ros2_ws/src/install/cartographer/include/cartographer/common/task.h
-- Installing: /home/p/ros2_ws/src/install/cartographer/include/cartographer/common/thread_pool.h
-- Installing: /home/p/ros2_ws/src/install/cartographer/include/cartographer/common/time.h
-- Installing: /home/p/ros2_ws/src/install/cartographer/include/cartographer/ground_truth/autogenerate_ground_truth.h
-- Installing: /home/p/ros2_ws/src/install/cartographer/include/cartographer/ground_truth/relations_text_file.h
-- Installing: /home/p/ros2_ws/src/install/cartographer/include/cartographer/io/color.h
-- Installing: /home/p/ros2_ws/src/install/cartographer/include/cartographer/io/coloring_points_processor.h
-- Installing: /home/p/ros2_ws/src/install/cartographer/include/cartographer/io/counting_points_processor.h
-- Installing: /home/p/ros2_ws/src/install/cartographer/include/cartographer/io/draw_trajectories.h
-- Installing: /home/p/ros2_ws/src/install/cartographer/include/cartographer/io/file_writer.h
-- Installing: /home/p/ros2_ws/src/install/cartographer/include/cartographer/io/fixed_ratio_sampling_points_processor.h
-- Installing: /home/p/ros2_ws/src/install/cartographer/include/cartographer/io/frame_id_filtering_points_processor.h
-- Installing: /home/p/ros2_ws/src/install/cartographer/include/cartographer/io/hybrid_grid_points_processor.h
-- Installing: /home/p/ros2_ws/src/install/cartographer/include/cartographer/io/image.h
-- Installing: /home/p/ros2_ws/src/install/cartographer/include/cartographer/io/intensity_to_color_points_processor.h
-- Installing: /home/p/ros2_ws/src/install/cartographer/include/cartographer/io/min_max_range_filtering_points_processor.h
-- Installing: /home/p/ros2_ws/src/install/cartographer/include/cartographer/io/null_points_processor.h
-- Installing: /home/p/ros2_ws/src/install/cartographer/include/cartographer/io/outlier_removing_points_processor.h
-- Installing: /home/p/ros2_ws/src/install/cartographer/include/cartographer/io/pcd_writing_points_processor.h
-- Installing: /home/p/ros2_ws/src/install/cartographer/include/cartographer/io/ply_writing_points_processor.h
-- Installing: /home/p/ros2_ws/src/install/cartographer/include/cartographer/io/points_batch.h
-- Installing: /home/p/ros2_ws/src/install/cartographer/include/cartographer/io/points_processor.h
-- Installing: /home/p/ros2_ws/src/install/cartographer/include/cartographer/io/points_processor_pipeline_builder.h
-- Installing: /home/p/ros2_ws/src/install/cartographer/include/cartographer/io/probability_grid_points_processor.h
-- Installing: /home/p/ros2_ws/src/install/cartographer/include/cartographer/io/proto_stream.h
-- Installing: /home/p/ros2_ws/src/install/cartographer/include/cartographer/io/proto_stream_deserializer.h
-- Installing: /home/p/ros2_ws/src/install/cartographer/include/cartographer/io/proto_stream_interface.h
-- Installing: /home/p/ros2_ws/src/install/cartographer/include/cartographer/io/serialization_format_migration.h
-- Installing: /home/p/ros2_ws/src/install/cartographer/include/cartographer/io/submap_painter.h
-- Installing: /home/p/ros2_ws/src/install/cartographer/include/cartographer/io/vertical_range_filtering_points_processor.h
-- Installing: /home/p/ros2_ws/src/install/cartographer/include/cartographer/io/xray_points_processor.h
-- Installing: /home/p/ros2_ws/src/install/cartographer/include/cartographer/io/xyz_writing_points_processor.h
-- Installing: /home/p/ros2_ws/src/install/cartographer/include/cartographer/mapping/2d/grid_2d.h
-- Installing: /home/p/ros2_ws/src/install/cartographer/include/cartographer/mapping/2d/map_limits.h
-- Installing: /home/p/ros2_ws/src/install/cartographer/include/cartographer/mapping/2d/probability_grid.h
-- Installing: /home/p/ros2_ws/src/install/cartographer/include/cartographer/mapping/2d/probability_grid_range_data_inserter_2d.h
-- Installing: /home/p/ros2_ws/src/install/cartographer/include/cartographer/mapping/2d/submap_2d.h
-- Installing: /home/p/ros2_ws/src/install/cartographer/include/cartographer/mapping/2d/xy_index.h
-- Installing: /home/p/ros2_ws/src/install/cartographer/include/cartographer/mapping/3d/hybrid_grid.h
-- Installing: /home/p/ros2_ws/src/install/cartographer/include/cartographer/mapping/3d/range_data_inserter_3d.h
-- Installing: /home/p/ros2_ws/src/install/cartographer/include/cartographer/mapping/3d/submap_3d.h
-- Installing: /home/p/ros2_ws/src/install/cartographer/include/cartographer/mapping/detect_floors.h
-- Installing: /home/p/ros2_ws/src/install/cartographer/include/cartographer/mapping/grid_interface.h
-- Installing: /home/p/ros2_ws/src/install/cartographer/include/cartographer/mapping/id.h
-- Installing: /home/p/ros2_ws/src/install/cartographer/include/cartographer/mapping/imu_tracker.h
-- Installing: /home/p/ros2_ws/src/install/cartographer/include/cartographer/mapping/map_builder.h
-- Installing: /home/p/ros2_ws/src/install/cartographer/include/cartographer/mapping/map_builder_interface.h
-- Installing: /home/p/ros2_ws/src/install/cartographer/include/cartographer/mapping/pose_extrapolator.h
-- Installing: /home/p/ros2_ws/src/install/cartographer/include/cartographer/mapping/pose_extrapolator_interface.h
-- Installing: /home/p/ros2_ws/src/install/cartographer/include/cartographer/mapping/pose_graph.h
-- Installing: /home/p/ros2_ws/src/install/cartographer/include/cartographer/mapping/pose_graph_interface.h
-- Installing: /home/p/ros2_ws/src/install/cartographer/include/cartographer/mapping/pose_graph_trimmer.h
-- Installing: /home/p/ros2_ws/src/install/cartographer/include/cartographer/mapping/probability_values.h
-- Installing: /home/p/ros2_ws/src/install/cartographer/include/cartographer/mapping/range_data_inserter_interface.h
-- Installing: /home/p/ros2_ws/src/install/cartographer/include/cartographer/mapping/submaps.h
-- Installing: /home/p/ros2_ws/src/install/cartographer/include/cartographer/mapping/trajectory_builder_interface.h
-- Installing: /home/p/ros2_ws/src/install/cartographer/include/cartographer/mapping/trajectory_node.h
-- Installing: /home/p/ros2_ws/src/install/cartographer/include/cartographer/mapping/value_conversion_tables.h
-- Installing: /home/p/ros2_ws/src/install/cartographer/include/cartographer/metrics/counter.h
-- Installing: /home/p/ros2_ws/src/install/cartographer/include/cartographer/metrics/family_factory.h
-- Installing: /home/p/ros2_ws/src/install/cartographer/include/cartographer/metrics/gauge.h
-- Installing: /home/p/ros2_ws/src/install/cartographer/include/cartographer/metrics/histogram.h
-- Installing: /home/p/ros2_ws/src/install/cartographer/include/cartographer/metrics/register.h
-- Installing: /home/p/ros2_ws/src/install/cartographer/include/cartographer/sensor/collator_interface.h
-- Installing: /home/p/ros2_ws/src/install/cartographer/include/cartographer/sensor/compressed_point_cloud.h
-- Installing: /home/p/ros2_ws/src/install/cartographer/include/cartographer/sensor/data.h
-- Installing: /home/p/ros2_ws/src/install/cartographer/include/cartographer/sensor/fixed_frame_pose_data.h
-- Installing: /home/p/ros2_ws/src/install/cartographer/include/cartographer/sensor/imu_data.h
-- Installing: /home/p/ros2_ws/src/install/cartographer/include/cartographer/sensor/landmark_data.h
-- Installing: /home/p/ros2_ws/src/install/cartographer/include/cartographer/sensor/map_by_time.h
-- Installing: /home/p/ros2_ws/src/install/cartographer/include/cartographer/sensor/odometry_data.h
-- Installing: /home/p/ros2_ws/src/install/cartographer/include/cartographer/sensor/point_cloud.h
-- Installing: /home/p/ros2_ws/src/install/cartographer/include/cartographer/sensor/range_data.h
-- Installing: /home/p/ros2_ws/src/install/cartographer/include/cartographer/sensor/rangefinder_point.h
-- Installing: /home/p/ros2_ws/src/install/cartographer/include/cartographer/sensor/timed_point_cloud_data.h
-- Installing: /home/p/ros2_ws/src/install/cartographer/include/cartographer/transform/rigid_transform.h
-- Installing: /home/p/ros2_ws/src/install/cartographer/include/cartographer/transform/timestamped_transform.h
-- Installing: /home/p/ros2_ws/src/install/cartographer/include/cartographer/transform/transform.h
-- Installing: /home/p/ros2_ws/src/install/cartographer/include/cartographer/transform/transform_interpolation_buffer.h
-- Installing: /home/p/ros2_ws/src/install/cartographer/include/cartographer/io/fake_file_writer.h
-- Installing: /home/p/ros2_ws/src/install/cartographer/include/cartographer/transform/rigid_transform_test_helpers.h
-- Installing: /home/p/ros2_ws/src/install/cartographer/include/cartographer/common/proto/ceres_solver_options.pb.h
-- Installing: /home/p/ros2_ws/src/install/cartographer/include/cartographer/ground_truth/proto/relations.pb.h
-- Installing: /home/p/ros2_ws/src/install/cartographer/include/cartographer/mapping/proto/cell_limits_2d.pb.h
-- Installing: /home/p/ros2_ws/src/install/cartographer/include/cartographer/mapping/proto/connected_components.pb.h
-- Installing: /home/p/ros2_ws/src/install/cartographer/include/cartographer/mapping/proto/grid_2d.pb.h
-- Installing: /home/p/ros2_ws/src/install/cartographer/include/cartographer/mapping/proto/grid_2d_options.pb.h
-- Installing: /home/p/ros2_ws/src/install/cartographer/include/cartographer/mapping/proto/hybrid_grid.pb.h
-- Installing: /home/p/ros2_ws/src/install/cartographer/include/cartographer/mapping/proto/local_trajectory_builder_options_2d.pb.h
-- Installing: /home/p/ros2_ws/src/install/cartographer/include/cartographer/mapping/proto/local_trajectory_builder_options_3d.pb.h
-- Installing: /home/p/ros2_ws/src/install/cartographer/include/cartographer/mapping/proto/map_builder_options.pb.h
-- Installing: /home/p/ros2_ws/src/install/cartographer/include/cartographer/mapping/proto/map_limits.pb.h
-- Installing: /home/p/ros2_ws/src/install/cartographer/include/cartographer/mapping/proto/motion_filter_options.pb.h
-- Installing: /home/p/ros2_ws/src/install/cartographer/include/cartographer/mapping/proto/normal_estimation_options_2d.pb.h
-- Installing: /home/p/ros2_ws/src/install/cartographer/include/cartographer/mapping/proto/pose_extrapolator_options.pb.h
-- Installing: /home/p/ros2_ws/src/install/cartographer/include/cartographer/mapping/proto/pose_graph.pb.h
-- Installing: /home/p/ros2_ws/src/install/cartographer/include/cartographer/mapping/proto/pose_graph/constraint_builder_options.pb.h
-- Installing: /home/p/ros2_ws/src/install/cartographer/include/cartographer/mapping/proto/pose_graph/optimization_problem_options.pb.h
-- Installing: /home/p/ros2_ws/src/install/cartographer/include/cartographer/mapping/proto/pose_graph_options.pb.h
-- Installing: /home/p/ros2_ws/src/install/cartographer/include/cartographer/mapping/proto/probability_grid.pb.h
-- Installing: /home/p/ros2_ws/src/install/cartographer/include/cartographer/mapping/proto/probability_grid_range_data_inserter_options_2d.pb.h
-- Installing: /home/p/ros2_ws/src/install/cartographer/include/cartographer/mapping/proto/range_data_inserter_options.pb.h
-- Installing: /home/p/ros2_ws/src/install/cartographer/include/cartographer/mapping/proto/range_data_inserter_options_3d.pb.h
-- Installing: /home/p/ros2_ws/src/install/cartographer/include/cartographer/mapping/proto/scan_matching/ceres_scan_matcher_options_2d.pb.h
-- Installing: /home/p/ros2_ws/src/install/cartographer/include/cartographer/mapping/proto/scan_matching/ceres_scan_matcher_options_3d.pb.h
-- Installing: /home/p/ros2_ws/src/install/cartographer/include/cartographer/mapping/proto/scan_matching/fast_correlative_scan_matcher_options_2d.pb.h
-- Installing: /home/p/ros2_ws/src/install/cartographer/include/cartographer/mapping/proto/scan_matching/fast_correlative_scan_matcher_options_3d.pb.h
-- Installing: /home/p/ros2_ws/src/install/cartographer/include/cartographer/mapping/proto/scan_matching/real_time_correlative_scan_matcher_options.pb.h
-- Installing: /home/p/ros2_ws/src/install/cartographer/include/cartographer/mapping/proto/serialization.pb.h
-- Installing: /home/p/ros2_ws/src/install/cartographer/include/cartographer/mapping/proto/submap.pb.h
-- Installing: /home/p/ros2_ws/src/install/cartographer/include/cartographer/mapping/proto/submap_visualization.pb.h
-- Installing: /home/p/ros2_ws/src/install/cartographer/include/cartographer/mapping/proto/submaps_options_2d.pb.h
-- Installing: /home/p/ros2_ws/src/install/cartographer/include/cartographer/mapping/proto/submaps_options_3d.pb.h
-- Installing: /home/p/ros2_ws/src/install/cartographer/include/cartographer/mapping/proto/trajectory.pb.h
-- Installing: /home/p/ros2_ws/src/install/cartographer/include/cartographer/mapping/proto/trajectory_builder_options.pb.h
-- Installing: /home/p/ros2_ws/src/install/cartographer/include/cartographer/mapping/proto/trajectory_node_data.pb.h
-- Installing: /home/p/ros2_ws/src/install/cartographer/include/cartographer/mapping/proto/tsdf_2d.pb.h
-- Installing: /home/p/ros2_ws/src/install/cartographer/include/cartographer/mapping/proto/tsdf_range_data_inserter_options_2d.pb.h
-- Installing: /home/p/ros2_ws/src/install/cartographer/include/cartographer/sensor/proto/adaptive_voxel_filter_options.pb.h
-- Installing: /home/p/ros2_ws/src/install/cartographer/include/cartographer/sensor/proto/sensor.pb.h
-- Installing: /home/p/ros2_ws/src/install/cartographer/include/cartographer/transform/proto/timestamped_transform.pb.h
-- Installing: /home/p/ros2_ws/src/install/cartographer/include/cartographer/transform/proto/transform.pb.h
-- Installing: /home/p/ros2_ws/src/install/cartographer/share/cartographer/cmake/CartographerTargets.cmake
-- Installing: /home/p/ros2_ws/src/install/cartographer/share/cartographer/cmake/CartographerTargets-release.cmake
-- Installing: /home/p/ros2_ws/src/install/cartographer/share/cartographer/cartographer-config.cmake
