-- The C compiler identification is GNU 13.3.0
-- The CXX compiler identification is GNU 13.3.0
-- Detecting C compiler ABI info
-- Detecting C compiler ABI info - done
-- Check for working C compiler: /usr/bin/cc - skipped
-- Detecting C compile features
-- Detecting C compile features - done
-- Detecting CXX compiler ABI info
-- Detecting CXX compiler ABI info - done
-- Check for working CXX compiler: /usr/bin/c++ - skipped
-- Detecting CXX compile features
-- Detecting CXX compile features - done
-- Found ament_cmake: 2.5.4 (/opt/ros/jazzy/share/ament_cmake/cmake)
-- Found Python3: /usr/bin/python3 (found version "3.12.3") found components: Interpreter 
-- Found std_msgs: 5.3.6 (/opt/ros/jazzy/share/std_msgs/cmake)
-- Found rosidl_generator_c: 4.6.5 (/opt/ros/jazzy/share/rosidl_generator_c/cmake)
-- Found rosidl_generator_cpp: 4.6.5 (/opt/ros/jazzy/share/rosidl_generator_cpp/cmake)
-- Using all available rosidl_typesupport_c: rosidl_typesupport_fastrtps_c;rosidl_typesupport_introspection_c
-- Using all available rosidl_typesupport_cpp: rosidl_typesupport_fastrtps_cpp;rosidl_typesupport_introspection_cpp
-- Found rosidl_default_generators: 1.6.0 (/opt/ros/jazzy/share/rosidl_default_generators/cmake)
-- Found rosidl_adapter: 4.6.5 (/opt/ros/jazzy/share/rosidl_adapter/cmake)
-- Found ament_cmake_cppcheck: 0.17.2 (/opt/ros/jazzy/share/ament_cmake_cppcheck/cmake)
-- Found ament_cmake_cpplint: 0.17.2 (/opt/ros/jazzy/share/ament_cmake_cpplint/cmake)
-- Found ament_cmake_uncrustify: 0.17.2 (/opt/ros/jazzy/share/ament_cmake_uncrustify/cmake)
-- Found ament_cmake_ros: 0.12.0 (/opt/ros/jazzy/share/ament_cmake_ros/cmake)
-- Using all available rosidl_typesupport_c: rosidl_typesupport_fastrtps_c;rosidl_typesupport_introspection_c
-- Using all available rosidl_typesupport_cpp: rosidl_typesupport_fastrtps_cpp;rosidl_typesupport_introspection_cpp
-- Found python_cmake_module: 0.11.1 (/opt/ros/jazzy/share/python_cmake_module/cmake)
-- Found PythonExtra: /usr/bin/python3  
-- Found Python3: /usr/bin/python3 (found version "3.12.3") found components: Interpreter Development NumPy Development.Module Development.Embed 
-- Found ament_cmake_flake8: 0.17.2 (/opt/ros/jazzy/share/ament_cmake_flake8/cmake)
-- Found ament_cmake_pep257: 0.17.2 (/opt/ros/jazzy/share/ament_cmake_pep257/cmake)
-- Configuring done (17.6s)
-- Generating done (0.2s)
-- Build files have been written to: /home/p/ros2_ws/src/build/drive_base_msgs
[  1%] Generating type hashes for ROS interfaces
[  1%] Built target ament_cmake_python_copy_drive_base_msgs
running egg_info
creating drive_base_msgs.egg-info
writing drive_base_msgs.egg-info/PKG-INFO
writing dependency_links to drive_base_msgs.egg-info/dependency_links.txt
writing top-level names to drive_base_msgs.egg-info/top_level.txt
writing manifest file 'drive_base_msgs.egg-info/SOURCES.txt'
reading manifest file 'drive_base_msgs.egg-info/SOURCES.txt'
writing manifest file 'drive_base_msgs.egg-info/SOURCES.txt'
[  1%] Built target ament_cmake_python_build_drive_base_msgs_egg
[  1%] Built target drive_base_msgs__rosidl_generator_type_description
[  3%] Generating C code for ROS interfaces
[  4%] Generating C++ code for ROS interfaces
[  4%] Built target drive_base_msgs__cpp
[  6%] Building C object CMakeFiles/drive_base_msgs__rosidl_generator_c.dir/rosidl_generator_c/drive_base_msgs/msg/detail/command_header__description.c.o
[  7%] Building C object CMakeFiles/drive_base_msgs__rosidl_generator_c.dir/rosidl_generator_c/drive_base_msgs/msg/detail/command_header__type_support.c.o
[  9%] Building C object CMakeFiles/drive_base_msgs__rosidl_generator_c.dir/rosidl_generator_c/drive_base_msgs/msg/detail/command_header__functions.c.o
[ 10%] Building C object CMakeFiles/drive_base_msgs__rosidl_generator_c.dir/rosidl_generator_c/drive_base_msgs/msg/detail/base_info__description.c.o
[ 12%] Building C object CMakeFiles/drive_base_msgs__rosidl_generator_c.dir/rosidl_generator_c/drive_base_msgs/msg/detail/base_info__functions.c.o
[ 14%] Building C object CMakeFiles/drive_base_msgs__rosidl_generator_c.dir/rosidl_generator_c/drive_base_msgs/msg/detail/base_info__type_support.c.o
[ 15%] Building C object CMakeFiles/drive_base_msgs__rosidl_generator_c.dir/rosidl_generator_c/drive_base_msgs/msg/detail/command_status__description.c.o
[ 17%] Building C object CMakeFiles/drive_base_msgs__rosidl_generator_c.dir/rosidl_generator_c/drive_base_msgs/msg/detail/command_status__functions.c.o
[ 18%] Building C object CMakeFiles/drive_base_msgs__rosidl_generator_c.dir/rosidl_generator_c/drive_base_msgs/msg/detail/command_status__type_support.c.o
[ 20%] Building C object CMakeFiles/drive_base_msgs__rosidl_generator_c.dir/rosidl_generator_c/drive_base_msgs/msg/detail/trv_command__description.c.o
[ 21%] Building C object CMakeFiles/drive_base_msgs__rosidl_generator_c.dir/rosidl_generator_c/drive_base_msgs/msg/detail/trv_command__functions.c.o
[ 23%] Building C object CMakeFiles/drive_base_msgs__rosidl_generator_c.dir/rosidl_generator_c/drive_base_msgs/msg/detail/trv_command__type_support.c.o
[ 25%] Linking C shared library libdrive_base_msgs__rosidl_generator_c.so
[ 25%] Built target drive_base_msgs__rosidl_generator_c
[ 26%] Generating C++ type support dispatch for ROS interfaces
[ 28%] Generating C++ type support for eProsima Fast-RTPS
[ 29%] Generating C type support for eProsima Fast-RTPS
[ 31%] Generating C introspection for ROS interfaces
[ 32%] Building CXX object CMakeFiles/drive_base_msgs__rosidl_typesupport_fastrtps_cpp.dir/rosidl_typesupport_fastrtps_cpp/drive_base_msgs/msg/detail/dds_fastrtps/command_header__type_support.cpp.o
[ 34%] Building CXX object CMakeFiles/drive_base_msgs__rosidl_typesupport_fastrtps_c.dir/rosidl_typesupport_fastrtps_c/drive_base_msgs/msg/detail/command_header__type_support_c.cpp.o
[ 35%] Building CXX object CMakeFiles/drive_base_msgs__rosidl_typesupport_cpp.dir/rosidl_typesupport_cpp/drive_base_msgs/msg/command_header__type_support.cpp.o
[ 37%] Building C object CMakeFiles/drive_base_msgs__rosidl_typesupport_introspection_c.dir/rosidl_typesupport_introspection_c/drive_base_msgs/msg/detail/command_header__type_support.c.o
[ 39%] Building C object CMakeFiles/drive_base_msgs__rosidl_typesupport_introspection_c.dir/rosidl_typesupport_introspection_c/drive_base_msgs/msg/detail/base_info__type_support.c.o
[ 40%] Building C object CMakeFiles/drive_base_msgs__rosidl_typesupport_introspection_c.dir/rosidl_typesupport_introspection_c/drive_base_msgs/msg/detail/command_status__type_support.c.o
[ 42%] Building C object CMakeFiles/drive_base_msgs__rosidl_typesupport_introspection_c.dir/rosidl_typesupport_introspection_c/drive_base_msgs/msg/detail/trv_command__type_support.c.o
[ 43%] Linking C shared library libdrive_base_msgs__rosidl_typesupport_introspection_c.so
[ 43%] Built target drive_base_msgs__rosidl_typesupport_introspection_c
[ 45%] Building CXX object CMakeFiles/drive_base_msgs__rosidl_typesupport_fastrtps_cpp.dir/rosidl_typesupport_fastrtps_cpp/drive_base_msgs/msg/detail/dds_fastrtps/base_info__type_support.cpp.o
[ 46%] Building CXX object CMakeFiles/drive_base_msgs__rosidl_typesupport_fastrtps_c.dir/rosidl_typesupport_fastrtps_c/drive_base_msgs/msg/detail/base_info__type_support_c.cpp.o
[ 48%] Building CXX object CMakeFiles/drive_base_msgs__rosidl_typesupport_cpp.dir/rosidl_typesupport_cpp/drive_base_msgs/msg/base_info__type_support.cpp.o
[ 50%] Building CXX object CMakeFiles/drive_base_msgs__rosidl_typesupport_cpp.dir/rosidl_typesupport_cpp/drive_base_msgs/msg/command_status__type_support.cpp.o
[ 51%] Building CXX object CMakeFiles/drive_base_msgs__rosidl_typesupport_fastrtps_c.dir/rosidl_typesupport_fastrtps_c/drive_base_msgs/msg/detail/command_status__type_support_c.cpp.o
[ 53%] Building CXX object CMakeFiles/drive_base_msgs__rosidl_typesupport_fastrtps_cpp.dir/rosidl_typesupport_fastrtps_cpp/drive_base_msgs/msg/detail/dds_fastrtps/command_status__type_support.cpp.o
[ 54%] Building CXX object CMakeFiles/drive_base_msgs__rosidl_typesupport_cpp.dir/rosidl_typesupport_cpp/drive_base_msgs/msg/trv_command__type_support.cpp.o
[ 56%] Building CXX object CMakeFiles/drive_base_msgs__rosidl_typesupport_fastrtps_c.dir/rosidl_typesupport_fastrtps_c/drive_base_msgs/msg/detail/trv_command__type_support_c.cpp.o
[ 57%] Linking CXX shared library libdrive_base_msgs__rosidl_typesupport_cpp.so
[ 57%] Built target drive_base_msgs__rosidl_typesupport_cpp
[ 59%] Building CXX object CMakeFiles/drive_base_msgs__rosidl_typesupport_fastrtps_cpp.dir/rosidl_typesupport_fastrtps_cpp/drive_base_msgs/msg/detail/dds_fastrtps/trv_command__type_support.cpp.o
[ 60%] Linking CXX shared library libdrive_base_msgs__rosidl_typesupport_fastrtps_c.so
[ 60%] Built target drive_base_msgs__rosidl_typesupport_fastrtps_c
[ 62%] Linking CXX shared library libdrive_base_msgs__rosidl_typesupport_fastrtps_cpp.so
[ 62%] Built target drive_base_msgs__rosidl_typesupport_fastrtps_cpp
[ 64%] Generating C++ introspection for ROS interfaces
[ 65%] Building CXX object CMakeFiles/drive_base_msgs__rosidl_typesupport_introspection_cpp.dir/rosidl_typesupport_introspection_cpp/drive_base_msgs/msg/detail/command_header__type_support.cpp.o
[ 67%] Building CXX object CMakeFiles/drive_base_msgs__rosidl_typesupport_introspection_cpp.dir/rosidl_typesupport_introspection_cpp/drive_base_msgs/msg/detail/command_status__type_support.cpp.o
[ 68%] Building CXX object CMakeFiles/drive_base_msgs__rosidl_typesupport_introspection_cpp.dir/rosidl_typesupport_introspection_cpp/drive_base_msgs/msg/detail/trv_command__type_support.cpp.o
[ 70%] Building CXX object CMakeFiles/drive_base_msgs__rosidl_typesupport_introspection_cpp.dir/rosidl_typesupport_introspection_cpp/drive_base_msgs/msg/detail/base_info__type_support.cpp.o
[ 71%] Linking CXX shared library libdrive_base_msgs__rosidl_typesupport_introspection_cpp.so
[ 71%] Built target drive_base_msgs__rosidl_typesupport_introspection_cpp
[ 73%] Generating C type support dispatch for ROS interfaces
[ 75%] Building CXX object CMakeFiles/drive_base_msgs__rosidl_typesupport_c.dir/rosidl_typesupport_c/drive_base_msgs/msg/command_header__type_support.cpp.o
[ 76%] Building CXX object CMakeFiles/drive_base_msgs__rosidl_typesupport_c.dir/rosidl_typesupport_c/drive_base_msgs/msg/trv_command__type_support.cpp.o
[ 78%] Building CXX object CMakeFiles/drive_base_msgs__rosidl_typesupport_c.dir/rosidl_typesupport_c/drive_base_msgs/msg/command_status__type_support.cpp.o
[ 79%] Building CXX object CMakeFiles/drive_base_msgs__rosidl_typesupport_c.dir/rosidl_typesupport_c/drive_base_msgs/msg/base_info__type_support.cpp.o
[ 81%] Linking CXX shared library libdrive_base_msgs__rosidl_typesupport_c.so
[ 81%] Built target drive_base_msgs__rosidl_typesupport_c
[ 81%] Built target drive_base_msgs
[ 82%] Generating Python code for ROS interfaces
[ 82%] Built target drive_base_msgs__py
[ 84%] Building C object CMakeFiles/drive_base_msgs__rosidl_generator_py.dir/rosidl_generator_py/drive_base_msgs/msg/_command_header_s.c.o
[ 85%] Building C object CMakeFiles/drive_base_msgs__rosidl_generator_py.dir/rosidl_generator_py/drive_base_msgs/msg/_trv_command_s.c.o
[ 87%] Building C object CMakeFiles/drive_base_msgs__rosidl_generator_py.dir/rosidl_generator_py/drive_base_msgs/msg/_command_status_s.c.o
[ 89%] Building C object CMakeFiles/drive_base_msgs__rosidl_generator_py.dir/rosidl_generator_py/drive_base_msgs/msg/_base_info_s.c.o
[ 90%] Linking C shared library libdrive_base_msgs__rosidl_generator_py.so
[ 90%] Built target drive_base_msgs__rosidl_generator_py
[ 92%] Building C object CMakeFiles/drive_base_msgs_s__rosidl_typesupport_fastrtps_c.dir/rosidl_generator_py/drive_base_msgs/_drive_base_msgs_s.ep.rosidl_typesupport_fastrtps_c.c.o
[ 93%] Linking C shared module rosidl_generator_py/drive_base_msgs/drive_base_msgs_s__rosidl_typesupport_fastrtps_c.so
[ 93%] Built target drive_base_msgs_s__rosidl_typesupport_fastrtps_c
[ 95%] Building C object CMakeFiles/drive_base_msgs_s__rosidl_typesupport_c.dir/rosidl_generator_py/drive_base_msgs/_drive_base_msgs_s.ep.rosidl_typesupport_c.c.o
[ 96%] Linking C shared module rosidl_generator_py/drive_base_msgs/drive_base_msgs_s__rosidl_typesupport_c.so
[ 96%] Built target drive_base_msgs_s__rosidl_typesupport_c
[ 98%] Building C object CMakeFiles/drive_base_msgs_s__rosidl_typesupport_introspection_c.dir/rosidl_generator_py/drive_base_msgs/_drive_base_msgs_s.ep.rosidl_typesupport_introspection_c.c.o
[100%] Linking C shared module rosidl_generator_py/drive_base_msgs/drive_base_msgs_s__rosidl_typesupport_introspection_c.so
[100%] Built target drive_base_msgs_s__rosidl_typesupport_introspection_c
-- Install configuration: ""
-- Installing: /home/p/ros2_ws/src/install/drive_base_msgs/share/ament_index/resource_index/rosidl_interfaces/drive_base_msgs
-- Installing: /home/p/ros2_ws/src/install/drive_base_msgs/share/drive_base_msgs/msg/CommandHeader.json
-- Installing: /home/p/ros2_ws/src/install/drive_base_msgs/share/drive_base_msgs/msg/BaseInfo.json
-- Installing: /home/p/ros2_ws/src/install/drive_base_msgs/share/drive_base_msgs/msg/CommandStatus.json
-- Installing: /home/p/ros2_ws/src/install/drive_base_msgs/share/drive_base_msgs/msg/TRVCommand.json
-- Installing: /home/p/ros2_ws/src/install/drive_base_msgs/include/drive_base_msgs/drive_base_msgs
-- Installing: /home/p/ros2_ws/src/install/drive_base_msgs/include/drive_base_msgs/drive_base_msgs/msg
-- Installing: /home/p/ros2_ws/src/install/drive_base_msgs/include/drive_base_msgs/drive_base_msgs/msg/command_header.h
-- Installing: /home/p/ros2_ws/src/install/drive_base_msgs/include/drive_base_msgs/drive_base_msgs/msg/base_info.h
-- Installing: /home/p/ros2_ws/src/install/drive_base_msgs/include/drive_base_msgs/drive_base_msgs/msg/trv_command.h
-- Installing: /home/p/ros2_ws/src/install/drive_base_msgs/include/drive_base_msgs/drive_base_msgs/msg/rosidl_generator_c__visibility_control.h
-- Installing: /home/p/ros2_ws/src/install/drive_base_msgs/include/drive_base_msgs/drive_base_msgs/msg/command_status.h
-- Installing: /home/p/ros2_ws/src/install/drive_base_msgs/include/drive_base_msgs/drive_base_msgs/msg/detail
-- Installing: /home/p/ros2_ws/src/install/drive_base_msgs/include/drive_base_msgs/drive_base_msgs/msg/detail/base_info__description.c
-- Installing: /home/p/ros2_ws/src/install/drive_base_msgs/include/drive_base_msgs/drive_base_msgs/msg/detail/trv_command__functions.h
-- Installing: /home/p/ros2_ws/src/install/drive_base_msgs/include/drive_base_msgs/drive_base_msgs/msg/detail/command_header__type_support.c
-- Installing: /home/p/ros2_ws/src/install/drive_base_msgs/include/drive_base_msgs/drive_base_msgs/msg/detail/base_info__type_support.c
-- Installing: /home/p/ros2_ws/src/install/drive_base_msgs/include/drive_base_msgs/drive_base_msgs/msg/detail/command_header__functions.c
-- Installing: /home/p/ros2_ws/src/install/drive_base_msgs/include/drive_base_msgs/drive_base_msgs/msg/detail/command_header__description.c
-- Installing: /home/p/ros2_ws/src/install/drive_base_msgs/include/drive_base_msgs/drive_base_msgs/msg/detail/command_status__type_support.c
-- Installing: /home/p/ros2_ws/src/install/drive_base_msgs/include/drive_base_msgs/drive_base_msgs/msg/detail/base_info__functions.h
-- Installing: /home/p/ros2_ws/src/install/drive_base_msgs/include/drive_base_msgs/drive_base_msgs/msg/detail/base_info__type_support.h
-- Installing: /home/p/ros2_ws/src/install/drive_base_msgs/include/drive_base_msgs/drive_base_msgs/msg/detail/command_header__type_support.h
-- Installing: /home/p/ros2_ws/src/install/drive_base_msgs/include/drive_base_msgs/drive_base_msgs/msg/detail/trv_command__type_support.c
-- Installing: /home/p/ros2_ws/src/install/drive_base_msgs/include/drive_base_msgs/drive_base_msgs/msg/detail/command_status__functions.h
-- Installing: /home/p/ros2_ws/src/install/drive_base_msgs/include/drive_base_msgs/drive_base_msgs/msg/detail/command_status__type_support.h
-- Installing: /home/p/ros2_ws/src/install/drive_base_msgs/include/drive_base_msgs/drive_base_msgs/msg/detail/trv_command__struct.h
-- Installing: /home/p/ros2_ws/src/install/drive_base_msgs/include/drive_base_msgs/drive_base_msgs/msg/detail/command_status__struct.h
-- Installing: /home/p/ros2_ws/src/install/drive_base_msgs/include/drive_base_msgs/drive_base_msgs/msg/detail/trv_command__description.c
-- Installing: /home/p/ros2_ws/src/install/drive_base_msgs/include/drive_base_msgs/drive_base_msgs/msg/detail/base_info__struct.h
-- Installing: /home/p/ros2_ws/src/install/drive_base_msgs/include/drive_base_msgs/drive_base_msgs/msg/detail/command_status__functions.c
-- Installing: /home/p/ros2_ws/src/install/drive_base_msgs/include/drive_base_msgs/drive_base_msgs/msg/detail/trv_command__type_support.h
-- Installing: /home/p/ros2_ws/src/install/drive_base_msgs/include/drive_base_msgs/drive_base_msgs/msg/detail/command_status__description.c
-- Installing: /home/p/ros2_ws/src/install/drive_base_msgs/include/drive_base_msgs/drive_base_msgs/msg/detail/command_header__functions.h
-- Installing: /home/p/ros2_ws/src/install/drive_base_msgs/include/drive_base_msgs/drive_base_msgs/msg/detail/base_info__functions.c
-- Installing: /home/p/ros2_ws/src/install/drive_base_msgs/include/drive_base_msgs/drive_base_msgs/msg/detail/trv_command__functions.c
-- Installing: /home/p/ros2_ws/src/install/drive_base_msgs/include/drive_base_msgs/drive_base_msgs/msg/detail/command_header__struct.h
-- Installing: /home/p/ros2_ws/src/install/drive_base_msgs/share/drive_base_msgs/environment/library_path.sh
-- Installing: /home/p/ros2_ws/src/install/drive_base_msgs/share/drive_base_msgs/environment/library_path.dsv
-- Installing: /home/p/ros2_ws/src/install/drive_base_msgs/lib/libdrive_base_msgs__rosidl_generator_c.so
-- Set non-toolchain portion of runtime path of "/home/p/ros2_ws/src/install/drive_base_msgs/lib/libdrive_base_msgs__rosidl_generator_c.so" to ""
-- Up-to-date: /home/p/ros2_ws/src/install/drive_base_msgs/include/drive_base_msgs/drive_base_msgs
-- Up-to-date: /home/p/ros2_ws/src/install/drive_base_msgs/include/drive_base_msgs/drive_base_msgs/msg
-- Installing: /home/p/ros2_ws/src/install/drive_base_msgs/include/drive_base_msgs/drive_base_msgs/msg/rosidl_typesupport_fastrtps_c__visibility_control.h
-- Up-to-date: /home/p/ros2_ws/src/install/drive_base_msgs/include/drive_base_msgs/drive_base_msgs/msg/detail
-- Installing: /home/p/ros2_ws/src/install/drive_base_msgs/include/drive_base_msgs/drive_base_msgs/msg/detail/trv_command__rosidl_typesupport_fastrtps_c.h
-- Installing: /home/p/ros2_ws/src/install/drive_base_msgs/include/drive_base_msgs/drive_base_msgs/msg/detail/command_header__rosidl_typesupport_fastrtps_c.h
-- Installing: /home/p/ros2_ws/src/install/drive_base_msgs/include/drive_base_msgs/drive_base_msgs/msg/detail/command_status__rosidl_typesupport_fastrtps_c.h
-- Installing: /home/p/ros2_ws/src/install/drive_base_msgs/include/drive_base_msgs/drive_base_msgs/msg/detail/base_info__rosidl_typesupport_fastrtps_c.h
-- Installing: /home/p/ros2_ws/src/install/drive_base_msgs/lib/libdrive_base_msgs__rosidl_typesupport_fastrtps_c.so
-- Set non-toolchain portion of runtime path of "/home/p/ros2_ws/src/install/drive_base_msgs/lib/libdrive_base_msgs__rosidl_typesupport_fastrtps_c.so" to ""
-- Up-to-date: /home/p/ros2_ws/src/install/drive_base_msgs/include/drive_base_msgs/drive_base_msgs
-- Up-to-date: /home/p/ros2_ws/src/install/drive_base_msgs/include/drive_base_msgs/drive_base_msgs/msg
-- Installing: /home/p/ros2_ws/src/install/drive_base_msgs/include/drive_base_msgs/drive_base_msgs/msg/base_info.hpp
-- Installing: /home/p/ros2_ws/src/install/drive_base_msgs/include/drive_base_msgs/drive_base_msgs/msg/trv_command.hpp
-- Up-to-date: /home/p/ros2_ws/src/install/drive_base_msgs/include/drive_base_msgs/drive_base_msgs/msg/detail
-- Installing: /home/p/ros2_ws/src/install/drive_base_msgs/include/drive_base_msgs/drive_base_msgs/msg/detail/trv_command__builder.hpp
-- Installing: /home/p/ros2_ws/src/install/drive_base_msgs/include/drive_base_msgs/drive_base_msgs/msg/detail/command_header__type_support.hpp
-- Installing: /home/p/ros2_ws/src/install/drive_base_msgs/include/drive_base_msgs/drive_base_msgs/msg/detail/base_info__type_support.hpp
-- Installing: /home/p/ros2_ws/src/install/drive_base_msgs/include/drive_base_msgs/drive_base_msgs/msg/detail/base_info__traits.hpp
-- Installing: /home/p/ros2_ws/src/install/drive_base_msgs/include/drive_base_msgs/drive_base_msgs/msg/detail/command_header__struct.hpp
-- Installing: /home/p/ros2_ws/src/install/drive_base_msgs/include/drive_base_msgs/drive_base_msgs/msg/detail/trv_command__struct.hpp
-- Installing: /home/p/ros2_ws/src/install/drive_base_msgs/include/drive_base_msgs/drive_base_msgs/msg/detail/command_status__type_support.hpp
-- Installing: /home/p/ros2_ws/src/install/drive_base_msgs/include/drive_base_msgs/drive_base_msgs/msg/detail/command_status__traits.hpp
-- Installing: /home/p/ros2_ws/src/install/drive_base_msgs/include/drive_base_msgs/drive_base_msgs/msg/detail/command_header__traits.hpp
-- Installing: /home/p/ros2_ws/src/install/drive_base_msgs/include/drive_base_msgs/drive_base_msgs/msg/detail/base_info__struct.hpp
-- Installing: /home/p/ros2_ws/src/install/drive_base_msgs/include/drive_base_msgs/drive_base_msgs/msg/detail/trv_command__type_support.hpp
-- Installing: /home/p/ros2_ws/src/install/drive_base_msgs/include/drive_base_msgs/drive_base_msgs/msg/detail/trv_command__traits.hpp
-- Installing: /home/p/ros2_ws/src/install/drive_base_msgs/include/drive_base_msgs/drive_base_msgs/msg/detail/command_status__struct.hpp
-- Installing: /home/p/ros2_ws/src/install/drive_base_msgs/include/drive_base_msgs/drive_base_msgs/msg/detail/command_status__builder.hpp
-- Installing: /home/p/ros2_ws/src/install/drive_base_msgs/include/drive_base_msgs/drive_base_msgs/msg/detail/command_header__builder.hpp
-- Installing: /home/p/ros2_ws/src/install/drive_base_msgs/include/drive_base_msgs/drive_base_msgs/msg/detail/base_info__builder.hpp
-- Installing: /home/p/ros2_ws/src/install/drive_base_msgs/include/drive_base_msgs/drive_base_msgs/msg/command_header.hpp
-- Installing: /home/p/ros2_ws/src/install/drive_base_msgs/include/drive_base_msgs/drive_base_msgs/msg/rosidl_generator_cpp__visibility_control.hpp
-- Installing: /home/p/ros2_ws/src/install/drive_base_msgs/include/drive_base_msgs/drive_base_msgs/msg/command_status.hpp
-- Up-to-date: /home/p/ros2_ws/src/install/drive_base_msgs/include/drive_base_msgs/drive_base_msgs
-- Up-to-date: /home/p/ros2_ws/src/install/drive_base_msgs/include/drive_base_msgs/drive_base_msgs/msg
-- Up-to-date: /home/p/ros2_ws/src/install/drive_base_msgs/include/drive_base_msgs/drive_base_msgs/msg/detail
-- Installing: /home/p/ros2_ws/src/install/drive_base_msgs/include/drive_base_msgs/drive_base_msgs/msg/detail/command_status__rosidl_typesupport_fastrtps_cpp.hpp
-- Installing: /home/p/ros2_ws/src/install/drive_base_msgs/include/drive_base_msgs/drive_base_msgs/msg/detail/base_info__rosidl_typesupport_fastrtps_cpp.hpp
-- Installing: /home/p/ros2_ws/src/install/drive_base_msgs/include/drive_base_msgs/drive_base_msgs/msg/detail/dds_fastrtps
-- Installing: /home/p/ros2_ws/src/install/drive_base_msgs/include/drive_base_msgs/drive_base_msgs/msg/detail/trv_command__rosidl_typesupport_fastrtps_cpp.hpp
-- Installing: /home/p/ros2_ws/src/install/drive_base_msgs/include/drive_base_msgs/drive_base_msgs/msg/detail/command_header__rosidl_typesupport_fastrtps_cpp.hpp
-- Installing: /home/p/ros2_ws/src/install/drive_base_msgs/include/drive_base_msgs/drive_base_msgs/msg/rosidl_typesupport_fastrtps_cpp__visibility_control.h
-- Installing: /home/p/ros2_ws/src/install/drive_base_msgs/lib/libdrive_base_msgs__rosidl_typesupport_fastrtps_cpp.so
-- Set non-toolchain portion of runtime path of "/home/p/ros2_ws/src/install/drive_base_msgs/lib/libdrive_base_msgs__rosidl_typesupport_fastrtps_cpp.so" to ""
-- Up-to-date: /home/p/ros2_ws/src/install/drive_base_msgs/include/drive_base_msgs/drive_base_msgs
-- Up-to-date: /home/p/ros2_ws/src/install/drive_base_msgs/include/drive_base_msgs/drive_base_msgs/msg
-- Up-to-date: /home/p/ros2_ws/src/install/drive_base_msgs/include/drive_base_msgs/drive_base_msgs/msg/detail
-- Installing: /home/p/ros2_ws/src/install/drive_base_msgs/include/drive_base_msgs/drive_base_msgs/msg/detail/command_header__type_support.c
-- Installing: /home/p/ros2_ws/src/install/drive_base_msgs/include/drive_base_msgs/drive_base_msgs/msg/detail/base_info__type_support.c
-- Installing: /home/p/ros2_ws/src/install/drive_base_msgs/include/drive_base_msgs/drive_base_msgs/msg/detail/command_header__rosidl_typesupport_introspection_c.h
-- Installing: /home/p/ros2_ws/src/install/drive_base_msgs/include/drive_base_msgs/drive_base_msgs/msg/detail/command_status__type_support.c
-- Installing: /home/p/ros2_ws/src/install/drive_base_msgs/include/drive_base_msgs/drive_base_msgs/msg/detail/trv_command__type_support.c
-- Installing: /home/p/ros2_ws/src/install/drive_base_msgs/include/drive_base_msgs/drive_base_msgs/msg/detail/command_status__rosidl_typesupport_introspection_c.h
-- Installing: /home/p/ros2_ws/src/install/drive_base_msgs/include/drive_base_msgs/drive_base_msgs/msg/detail/base_info__rosidl_typesupport_introspection_c.h
-- Installing: /home/p/ros2_ws/src/install/drive_base_msgs/include/drive_base_msgs/drive_base_msgs/msg/detail/trv_command__rosidl_typesupport_introspection_c.h
-- Installing: /home/p/ros2_ws/src/install/drive_base_msgs/include/drive_base_msgs/drive_base_msgs/msg/rosidl_typesupport_introspection_c__visibility_control.h
-- Installing: /home/p/ros2_ws/src/install/drive_base_msgs/lib/libdrive_base_msgs__rosidl_typesupport_introspection_c.so
-- Set non-toolchain portion of runtime path of "/home/p/ros2_ws/src/install/drive_base_msgs/lib/libdrive_base_msgs__rosidl_typesupport_introspection_c.so" to ""
-- Installing: /home/p/ros2_ws/src/install/drive_base_msgs/lib/libdrive_base_msgs__rosidl_typesupport_c.so
-- Set non-toolchain portion of runtime path of "/home/p/ros2_ws/src/install/drive_base_msgs/lib/libdrive_base_msgs__rosidl_typesupport_c.so" to ""
-- Up-to-date: /home/p/ros2_ws/src/install/drive_base_msgs/include/drive_base_msgs/drive_base_msgs
-- Up-to-date: /home/p/ros2_ws/src/install/drive_base_msgs/include/drive_base_msgs/drive_base_msgs/msg
-- Up-to-date: /home/p/ros2_ws/src/install/drive_base_msgs/include/drive_base_msgs/drive_base_msgs/msg/detail
-- Installing: /home/p/ros2_ws/src/install/drive_base_msgs/include/drive_base_msgs/drive_base_msgs/msg/detail/command_header__type_support.cpp
-- Installing: /home/p/ros2_ws/src/install/drive_base_msgs/include/drive_base_msgs/drive_base_msgs/msg/detail/command_status__rosidl_typesupport_introspection_cpp.hpp
-- Installing: /home/p/ros2_ws/src/install/drive_base_msgs/include/drive_base_msgs/drive_base_msgs/msg/detail/base_info__type_support.cpp
-- Installing: /home/p/ros2_ws/src/install/drive_base_msgs/include/drive_base_msgs/drive_base_msgs/msg/detail/base_info__rosidl_typesupport_introspection_cpp.hpp
-- Installing: /home/p/ros2_ws/src/install/drive_base_msgs/include/drive_base_msgs/drive_base_msgs/msg/detail/trv_command__rosidl_typesupport_introspection_cpp.hpp
-- Installing: /home/p/ros2_ws/src/install/drive_base_msgs/include/drive_base_msgs/drive_base_msgs/msg/detail/command_header__rosidl_typesupport_introspection_cpp.hpp
-- Installing: /home/p/ros2_ws/src/install/drive_base_msgs/include/drive_base_msgs/drive_base_msgs/msg/detail/trv_command__type_support.cpp
-- Installing: /home/p/ros2_ws/src/install/drive_base_msgs/include/drive_base_msgs/drive_base_msgs/msg/detail/command_status__type_support.cpp
-- Installing: /home/p/ros2_ws/src/install/drive_base_msgs/lib/libdrive_base_msgs__rosidl_typesupport_introspection_cpp.so
-- Set non-toolchain portion of runtime path of "/home/p/ros2_ws/src/install/drive_base_msgs/lib/libdrive_base_msgs__rosidl_typesupport_introspection_cpp.so" to ""
-- Installing: /home/p/ros2_ws/src/install/drive_base_msgs/lib/libdrive_base_msgs__rosidl_typesupport_cpp.so
-- Set non-toolchain portion of runtime path of "/home/p/ros2_ws/src/install/drive_base_msgs/lib/libdrive_base_msgs__rosidl_typesupport_cpp.so" to ""
-- Installing: /home/p/ros2_ws/src/install/drive_base_msgs/share/drive_base_msgs/environment/pythonpath.sh
-- Installing: /home/p/ros2_ws/src/install/drive_base_msgs/share/drive_base_msgs/environment/pythonpath.dsv
-- Installing: /home/p/ros2_ws/src/install/drive_base_msgs/lib/python3.12/site-packages/drive_base_msgs-0.0.0-py3.12.egg-info
-- Installing: /home/p/ros2_ws/src/install/drive_base_msgs/lib/python3.12/site-packages/drive_base_msgs-0.0.0-py3.12.egg-info/dependency_links.txt
-- Installing: /home/p/ros2_ws/src/install/drive_base_msgs/lib/python3.12/site-packages/drive_base_msgs-0.0.0-py3.12.egg-info/PKG-INFO
-- Installing: /home/p/ros2_ws/src/install/drive_base_msgs/lib/python3.12/site-packages/drive_base_msgs-0.0.0-py3.12.egg-info/top_level.txt
-- Installing: /home/p/ros2_ws/src/install/drive_base_msgs/lib/python3.12/site-packages/drive_base_msgs-0.0.0-py3.12.egg-info/SOURCES.txt
-- Installing: /home/p/ros2_ws/src/install/drive_base_msgs/lib/python3.12/site-packages/drive_base_msgs
-- Installing: /home/p/ros2_ws/src/install/drive_base_msgs/lib/python3.12/site-packages/drive_base_msgs/_drive_base_msgs_s.ep.rosidl_typesupport_fastrtps_c.c
-- Installing: /home/p/ros2_ws/src/install/drive_base_msgs/lib/python3.12/site-packages/drive_base_msgs/drive_base_msgs_s__rosidl_typesupport_introspection_c.so
-- Installing: /home/p/ros2_ws/src/install/drive_base_msgs/lib/python3.12/site-packages/drive_base_msgs/_drive_base_msgs_s.ep.rosidl_typesupport_c.c
-- Installing: /home/p/ros2_ws/src/install/drive_base_msgs/lib/python3.12/site-packages/drive_base_msgs/drive_base_msgs_s__rosidl_typesupport_fastrtps_c.so
-- Installing: /home/p/ros2_ws/src/install/drive_base_msgs/lib/python3.12/site-packages/drive_base_msgs/drive_base_msgs_s__rosidl_typesupport_c.so
-- Installing: /home/p/ros2_ws/src/install/drive_base_msgs/lib/python3.12/site-packages/drive_base_msgs/__init__.py
-- Installing: /home/p/ros2_ws/src/install/drive_base_msgs/lib/python3.12/site-packages/drive_base_msgs/_drive_base_msgs_s.ep.rosidl_typesupport_introspection_c.c
-- Installing: /home/p/ros2_ws/src/install/drive_base_msgs/lib/python3.12/site-packages/drive_base_msgs/msg
-- Installing: /home/p/ros2_ws/src/install/drive_base_msgs/lib/python3.12/site-packages/drive_base_msgs/msg/_base_info.py
-- Installing: /home/p/ros2_ws/src/install/drive_base_msgs/lib/python3.12/site-packages/drive_base_msgs/msg/_command_header_s.c
-- Installing: /home/p/ros2_ws/src/install/drive_base_msgs/lib/python3.12/site-packages/drive_base_msgs/msg/_trv_command_s.c
-- Installing: /home/p/ros2_ws/src/install/drive_base_msgs/lib/python3.12/site-packages/drive_base_msgs/msg/_command_status_s.c
-- Installing: /home/p/ros2_ws/src/install/drive_base_msgs/lib/python3.12/site-packages/drive_base_msgs/msg/_base_info_s.c
-- Installing: /home/p/ros2_ws/src/install/drive_base_msgs/lib/python3.12/site-packages/drive_base_msgs/msg/__init__.py
-- Installing: /home/p/ros2_ws/src/install/drive_base_msgs/lib/python3.12/site-packages/drive_base_msgs/msg/_command_header.py
-- Installing: /home/p/ros2_ws/src/install/drive_base_msgs/lib/python3.12/site-packages/drive_base_msgs/msg/_command_status.py
-- Installing: /home/p/ros2_ws/src/install/drive_base_msgs/lib/python3.12/site-packages/drive_base_msgs/msg/_trv_command.py
Listing '/home/p/ros2_ws/src/install/drive_base_msgs/lib/python3.12/site-packages/drive_base_msgs'...
Compiling '/home/p/ros2_ws/src/install/drive_base_msgs/lib/python3.12/site-packages/drive_base_msgs/__init__.py'...
Listing '/home/p/ros2_ws/src/install/drive_base_msgs/lib/python3.12/site-packages/drive_base_msgs/msg'...
Compiling '/home/p/ros2_ws/src/install/drive_base_msgs/lib/python3.12/site-packages/drive_base_msgs/msg/__init__.py'...
Compiling '/home/p/ros2_ws/src/install/drive_base_msgs/lib/python3.12/site-packages/drive_base_msgs/msg/_base_info.py'...
Compiling '/home/p/ros2_ws/src/install/drive_base_msgs/lib/python3.12/site-packages/drive_base_msgs/msg/_command_header.py'...
Compiling '/home/p/ros2_ws/src/install/drive_base_msgs/lib/python3.12/site-packages/drive_base_msgs/msg/_command_status.py'...
Compiling '/home/p/ros2_ws/src/install/drive_base_msgs/lib/python3.12/site-packages/drive_base_msgs/msg/_trv_command.py'...
-- Installing: /home/p/ros2_ws/src/install/drive_base_msgs/lib/python3.12/site-packages/drive_base_msgs/drive_base_msgs_s__rosidl_typesupport_fastrtps_c.so
-- Set non-toolchain portion of runtime path of "/home/p/ros2_ws/src/install/drive_base_msgs/lib/python3.12/site-packages/drive_base_msgs/drive_base_msgs_s__rosidl_typesupport_fastrtps_c.so" to ""
-- Installing: /home/p/ros2_ws/src/install/drive_base_msgs/lib/python3.12/site-packages/drive_base_msgs/drive_base_msgs_s__rosidl_typesupport_introspection_c.so
-- Set non-toolchain portion of runtime path of "/home/p/ros2_ws/src/install/drive_base_msgs/lib/python3.12/site-packages/drive_base_msgs/drive_base_msgs_s__rosidl_typesupport_introspection_c.so" to ""
-- Installing: /home/p/ros2_ws/src/install/drive_base_msgs/lib/python3.12/site-packages/drive_base_msgs/drive_base_msgs_s__rosidl_typesupport_c.so
-- Set non-toolchain portion of runtime path of "/home/p/ros2_ws/src/install/drive_base_msgs/lib/python3.12/site-packages/drive_base_msgs/drive_base_msgs_s__rosidl_typesupport_c.so" to ""
-- Installing: /home/p/ros2_ws/src/install/drive_base_msgs/lib/libdrive_base_msgs__rosidl_generator_py.so
-- Set non-toolchain portion of runtime path of "/home/p/ros2_ws/src/install/drive_base_msgs/lib/libdrive_base_msgs__rosidl_generator_py.so" to ""
-- Installing: /home/p/ros2_ws/src/install/drive_base_msgs/share/drive_base_msgs/msg/CommandHeader.idl
-- Installing: /home/p/ros2_ws/src/install/drive_base_msgs/share/drive_base_msgs/msg/BaseInfo.idl
-- Installing: /home/p/ros2_ws/src/install/drive_base_msgs/share/drive_base_msgs/msg/CommandStatus.idl
-- Installing: /home/p/ros2_ws/src/install/drive_base_msgs/share/drive_base_msgs/msg/TRVCommand.idl
-- Installing: /home/p/ros2_ws/src/install/drive_base_msgs/share/drive_base_msgs/msg/CommandHeader.msg
-- Installing: /home/p/ros2_ws/src/install/drive_base_msgs/share/drive_base_msgs/msg/BaseInfo.msg
-- Installing: /home/p/ros2_ws/src/install/drive_base_msgs/share/drive_base_msgs/msg/CommandStatus.msg
-- Installing: /home/p/ros2_ws/src/install/drive_base_msgs/share/drive_base_msgs/msg/TRVCommand.msg
-- Installing: /home/p/ros2_ws/src/install/drive_base_msgs/share/ament_index/resource_index/package_run_dependencies/drive_base_msgs
-- Installing: /home/p/ros2_ws/src/install/drive_base_msgs/share/ament_index/resource_index/parent_prefix_path/drive_base_msgs
-- Installing: /home/p/ros2_ws/src/install/drive_base_msgs/share/drive_base_msgs/environment/ament_prefix_path.sh
-- Installing: /home/p/ros2_ws/src/install/drive_base_msgs/share/drive_base_msgs/environment/ament_prefix_path.dsv
-- Installing: /home/p/ros2_ws/src/install/drive_base_msgs/share/drive_base_msgs/environment/path.sh
-- Installing: /home/p/ros2_ws/src/install/drive_base_msgs/share/drive_base_msgs/environment/path.dsv
-- Installing: /home/p/ros2_ws/src/install/drive_base_msgs/share/drive_base_msgs/local_setup.bash
-- Installing: /home/p/ros2_ws/src/install/drive_base_msgs/share/drive_base_msgs/local_setup.sh
-- Installing: /home/p/ros2_ws/src/install/drive_base_msgs/share/drive_base_msgs/local_setup.zsh
-- Installing: /home/p/ros2_ws/src/install/drive_base_msgs/share/drive_base_msgs/local_setup.dsv
-- Installing: /home/p/ros2_ws/src/install/drive_base_msgs/share/drive_base_msgs/package.dsv
-- Installing: /home/p/ros2_ws/src/install/drive_base_msgs/share/ament_index/resource_index/packages/drive_base_msgs
-- Installing: /home/p/ros2_ws/src/install/drive_base_msgs/share/drive_base_msgs/cmake/export_drive_base_msgs__rosidl_generator_cExport.cmake
-- Installing: /home/p/ros2_ws/src/install/drive_base_msgs/share/drive_base_msgs/cmake/export_drive_base_msgs__rosidl_generator_cExport-noconfig.cmake
-- Installing: /home/p/ros2_ws/src/install/drive_base_msgs/share/drive_base_msgs/cmake/export_drive_base_msgs__rosidl_typesupport_fastrtps_cExport.cmake
-- Installing: /home/p/ros2_ws/src/install/drive_base_msgs/share/drive_base_msgs/cmake/export_drive_base_msgs__rosidl_typesupport_fastrtps_cExport-noconfig.cmake
-- Installing: /home/p/ros2_ws/src/install/drive_base_msgs/share/drive_base_msgs/cmake/export_drive_base_msgs__rosidl_generator_cppExport.cmake
-- Installing: /home/p/ros2_ws/src/install/drive_base_msgs/share/drive_base_msgs/cmake/export_drive_base_msgs__rosidl_typesupport_fastrtps_cppExport.cmake
-- Installing: /home/p/ros2_ws/src/install/drive_base_msgs/share/drive_base_msgs/cmake/export_drive_base_msgs__rosidl_typesupport_fastrtps_cppExport-noconfig.cmake
-- Installing: /home/p/ros2_ws/src/install/drive_base_msgs/share/drive_base_msgs/cmake/drive_base_msgs__rosidl_typesupport_introspection_cExport.cmake
-- Installing: /home/p/ros2_ws/src/install/drive_base_msgs/share/drive_base_msgs/cmake/drive_base_msgs__rosidl_typesupport_introspection_cExport-noconfig.cmake
-- Installing: /home/p/ros2_ws/src/install/drive_base_msgs/share/drive_base_msgs/cmake/drive_base_msgs__rosidl_typesupport_cExport.cmake
-- Installing: /home/p/ros2_ws/src/install/drive_base_msgs/share/drive_base_msgs/cmake/drive_base_msgs__rosidl_typesupport_cExport-noconfig.cmake
-- Installing: /home/p/ros2_ws/src/install/drive_base_msgs/share/drive_base_msgs/cmake/drive_base_msgs__rosidl_typesupport_introspection_cppExport.cmake
-- Installing: /home/p/ros2_ws/src/install/drive_base_msgs/share/drive_base_msgs/cmake/drive_base_msgs__rosidl_typesupport_introspection_cppExport-noconfig.cmake
-- Installing: /home/p/ros2_ws/src/install/drive_base_msgs/share/drive_base_msgs/cmake/drive_base_msgs__rosidl_typesupport_cppExport.cmake
-- Installing: /home/p/ros2_ws/src/install/drive_base_msgs/share/drive_base_msgs/cmake/drive_base_msgs__rosidl_typesupport_cppExport-noconfig.cmake
-- Installing: /home/p/ros2_ws/src/install/drive_base_msgs/share/drive_base_msgs/cmake/export_drive_base_msgs__rosidl_generator_pyExport.cmake
-- Installing: /home/p/ros2_ws/src/install/drive_base_msgs/share/drive_base_msgs/cmake/export_drive_base_msgs__rosidl_generator_pyExport-noconfig.cmake
-- Installing: /home/p/ros2_ws/src/install/drive_base_msgs/share/drive_base_msgs/cmake/rosidl_cmake-extras.cmake
-- Installing: /home/p/ros2_ws/src/install/drive_base_msgs/share/drive_base_msgs/cmake/ament_cmake_export_dependencies-extras.cmake
-- Installing: /home/p/ros2_ws/src/install/drive_base_msgs/share/drive_base_msgs/cmake/ament_cmake_export_include_directories-extras.cmake
-- Installing: /home/p/ros2_ws/src/install/drive_base_msgs/share/drive_base_msgs/cmake/ament_cmake_export_libraries-extras.cmake
-- Installing: /home/p/ros2_ws/src/install/drive_base_msgs/share/drive_base_msgs/cmake/ament_cmake_export_targets-extras.cmake
-- Installing: /home/p/ros2_ws/src/install/drive_base_msgs/share/drive_base_msgs/cmake/rosidl_cmake_export_typesupport_targets-extras.cmake
-- Installing: /home/p/ros2_ws/src/install/drive_base_msgs/share/drive_base_msgs/cmake/rosidl_cmake_export_typesupport_libraries-extras.cmake
-- Installing: /home/p/ros2_ws/src/install/drive_base_msgs/share/drive_base_msgs/cmake/drive_base_msgsConfig.cmake
-- Installing: /home/p/ros2_ws/src/install/drive_base_msgs/share/drive_base_msgs/cmake/drive_base_msgsConfig-version.cmake
-- Installing: /home/p/ros2_ws/src/install/drive_base_msgs/share/drive_base_msgs/package.xml
