[0.021s] Invoking command in '/home/p/ros2_ws/src/build/drive_base_msgs': CMAKE_PREFIX_PATH=${CMAKE_PREFIX_PATH}:/home/p/ros2_ws/install/optical_cane_rpi:/home/p/ros2_ws/install/mpu9250:/opt/ros/jazzy DEBUGINFOD_URLS=https://debuginfod.ubuntu.com /usr/bin/cmake /home/p/ros2_ws/src/uros/drive_base/drive_base_msgs -DCMAKE_INSTALL_PREFIX=/home/p/ros2_ws/src/install/drive_base_msgs
[0.187s] -- The C compiler identification is GNU 13.3.0
[0.382s] -- The CXX compiler identification is GNU 13.3.0
[0.448s] -- Detecting C compiler ABI info
[0.806s] -- Detecting C compiler ABI info - done
[0.832s] -- Check for working C compiler: /usr/bin/cc - skipped
[0.832s] -- Detecting C compile features
[0.832s] -- Detecting C compile features - done
[0.860s] -- Detecting CXX compiler ABI info
[1.262s] -- Detecting CXX compiler ABI info - done
[1.275s] -- Check for working CXX compiler: /usr/bin/c++ - skipped
[1.276s] -- Detecting CXX compile features
[1.277s] -- Detecting CXX compile features - done
[1.288s] -- Found ament_cmake: 2.5.4 (/opt/ros/jazzy/share/ament_cmake/cmake)
[1.861s] -- Found Python3: /usr/bin/python3 (found version "3.12.3") found components: Interpreter 
[3.256s] -- Found std_msgs: 5.3.6 (/opt/ros/jazzy/share/std_msgs/cmake)
[4.771s] -- Found rosidl_generator_c: 4.6.5 (/opt/ros/jazzy/share/rosidl_generator_c/cmake)
[4.846s] -- Found rosidl_generator_cpp: 4.6.5 (/opt/ros/jazzy/share/rosidl_generator_cpp/cmake)
[5.070s] -- Using all available rosidl_typesupport_c: rosidl_typesupport_fastrtps_c;rosidl_typesupport_introspection_c
[5.303s] -- Using all available rosidl_typesupport_cpp: rosidl_typesupport_fastrtps_cpp;rosidl_typesupport_introspection_cpp
[5.554s] -- Found rosidl_default_generators: 1.6.0 (/opt/ros/jazzy/share/rosidl_default_generators/cmake)
[5.757s] -- Found rosidl_adapter: 4.6.5 (/opt/ros/jazzy/share/rosidl_adapter/cmake)
[8.473s] -- Found ament_cmake_cppcheck: 0.17.2 (/opt/ros/jazzy/share/ament_cmake_cppcheck/cmake)
[8.505s] -- Found ament_cmake_cpplint: 0.17.2 (/opt/ros/jazzy/share/ament_cmake_cpplint/cmake)
[8.553s] -- Found ament_cmake_uncrustify: 0.17.2 (/opt/ros/jazzy/share/ament_cmake_uncrustify/cmake)
[8.602s] -- Found ament_cmake_ros: 0.12.0 (/opt/ros/jazzy/share/ament_cmake_ros/cmake)
[13.239s] -- Using all available rosidl_typesupport_c: rosidl_typesupport_fastrtps_c;rosidl_typesupport_introspection_c
[14.686s] -- Using all available rosidl_typesupport_cpp: rosidl_typesupport_fastrtps_cpp;rosidl_typesupport_introspection_cpp
[14.761s] -- Found python_cmake_module: 0.11.1 (/opt/ros/jazzy/share/python_cmake_module/cmake)
[15.634s] -- Found PythonExtra: /usr/bin/python3  
[17.222s] -- Found Python3: /usr/bin/python3 (found version "3.12.3") found components: Interpreter Development NumPy Development.Module Development.Embed 
[17.565s] -- Found ament_cmake_flake8: 0.17.2 (/opt/ros/jazzy/share/ament_cmake_flake8/cmake)
[17.595s] -- Found ament_cmake_pep257: 0.17.2 (/opt/ros/jazzy/share/ament_cmake_pep257/cmake)
[17.665s] -- Configuring done (17.6s)
[17.944s] -- Generating done (0.2s)
[17.997s] -- Build files have been written to: /home/p/ros2_ws/src/build/drive_base_msgs
[18.063s] Invoked command in '/home/p/ros2_ws/src/build/drive_base_msgs' returned '0': CMAKE_PREFIX_PATH=${CMAKE_PREFIX_PATH}:/home/p/ros2_ws/install/optical_cane_rpi:/home/p/ros2_ws/install/mpu9250:/opt/ros/jazzy DEBUGINFOD_URLS=https://debuginfod.ubuntu.com /usr/bin/cmake /home/p/ros2_ws/src/uros/drive_base/drive_base_msgs -DCMAKE_INSTALL_PREFIX=/home/p/ros2_ws/src/install/drive_base_msgs
[18.065s] Invoking command in '/home/p/ros2_ws/src/build/drive_base_msgs': CMAKE_PREFIX_PATH=${CMAKE_PREFIX_PATH}:/home/p/ros2_ws/install/optical_cane_rpi:/home/p/ros2_ws/install/mpu9250:/opt/ros/jazzy DEBUGINFOD_URLS=https://debuginfod.ubuntu.com /usr/bin/cmake --build /home/p/ros2_ws/src/build/drive_base_msgs -- -j4 -l4
[18.268s] [  1%] Generating type hashes for ROS interfaces
[18.303s] [  1%] Built target ament_cmake_python_copy_drive_base_msgs
[18.995s] running egg_info
[18.995s] creating drive_base_msgs.egg-info
[19.051s] writing drive_base_msgs.egg-info/PKG-INFO
[19.051s] writing dependency_links to drive_base_msgs.egg-info/dependency_links.txt
[19.051s] writing top-level names to drive_base_msgs.egg-info/top_level.txt
[19.051s] writing manifest file 'drive_base_msgs.egg-info/SOURCES.txt'
[19.212s] reading manifest file 'drive_base_msgs.egg-info/SOURCES.txt'
[19.216s] writing manifest file 'drive_base_msgs.egg-info/SOURCES.txt'
[19.419s] [  1%] Built target ament_cmake_python_build_drive_base_msgs_egg
[20.439s] [  1%] Built target drive_base_msgs__rosidl_generator_type_description
[20.474s] [  3%] Generating C code for ROS interfaces
[20.550s] [  4%] Generating C++ code for ROS interfaces
[23.199s] [  4%] Built target drive_base_msgs__cpp
[23.929s] [  6%] Building C object CMakeFiles/drive_base_msgs__rosidl_generator_c.dir/rosidl_generator_c/drive_base_msgs/msg/detail/command_header__description.c.o
[23.929s] [  7%] Building C object CMakeFiles/drive_base_msgs__rosidl_generator_c.dir/rosidl_generator_c/drive_base_msgs/msg/detail/command_header__type_support.c.o
[23.934s] [  9%] Building C object CMakeFiles/drive_base_msgs__rosidl_generator_c.dir/rosidl_generator_c/drive_base_msgs/msg/detail/command_header__functions.c.o
[23.948s] [ 10%] Building C object CMakeFiles/drive_base_msgs__rosidl_generator_c.dir/rosidl_generator_c/drive_base_msgs/msg/detail/base_info__description.c.o
[24.104s] [ 12%] Building C object CMakeFiles/drive_base_msgs__rosidl_generator_c.dir/rosidl_generator_c/drive_base_msgs/msg/detail/base_info__functions.c.o
[24.148s] [ 14%] Building C object CMakeFiles/drive_base_msgs__rosidl_generator_c.dir/rosidl_generator_c/drive_base_msgs/msg/detail/base_info__type_support.c.o
[24.174s] [ 15%] Building C object CMakeFiles/drive_base_msgs__rosidl_generator_c.dir/rosidl_generator_c/drive_base_msgs/msg/detail/command_status__description.c.o
[24.236s] [ 17%] Building C object CMakeFiles/drive_base_msgs__rosidl_generator_c.dir/rosidl_generator_c/drive_base_msgs/msg/detail/command_status__functions.c.o
[24.360s] [ 18%] Building C object CMakeFiles/drive_base_msgs__rosidl_generator_c.dir/rosidl_generator_c/drive_base_msgs/msg/detail/command_status__type_support.c.o
[24.368s] [ 20%] Building C object CMakeFiles/drive_base_msgs__rosidl_generator_c.dir/rosidl_generator_c/drive_base_msgs/msg/detail/trv_command__description.c.o
[24.518s] [ 21%] Building C object CMakeFiles/drive_base_msgs__rosidl_generator_c.dir/rosidl_generator_c/drive_base_msgs/msg/detail/trv_command__functions.c.o
[24.550s] [ 23%] Building C object CMakeFiles/drive_base_msgs__rosidl_generator_c.dir/rosidl_generator_c/drive_base_msgs/msg/detail/trv_command__type_support.c.o
[24.818s] [ 25%] Linking C shared library libdrive_base_msgs__rosidl_generator_c.so
[25.043s] [ 25%] Built target drive_base_msgs__rosidl_generator_c
[25.092s] [ 26%] Generating C++ type support dispatch for ROS interfaces
[25.130s] [ 28%] Generating C++ type support for eProsima Fast-RTPS
[25.130s] [ 29%] Generating C type support for eProsima Fast-RTPS
[25.138s] [ 31%] Generating C introspection for ROS interfaces
[28.154s] [ 32%] Building CXX object CMakeFiles/drive_base_msgs__rosidl_typesupport_fastrtps_cpp.dir/rosidl_typesupport_fastrtps_cpp/drive_base_msgs/msg/detail/dds_fastrtps/command_header__type_support.cpp.o
[28.743s] [ 34%] Building CXX object CMakeFiles/drive_base_msgs__rosidl_typesupport_fastrtps_c.dir/rosidl_typesupport_fastrtps_c/drive_base_msgs/msg/detail/command_header__type_support_c.cpp.o
[29.133s] [ 35%] Building CXX object CMakeFiles/drive_base_msgs__rosidl_typesupport_cpp.dir/rosidl_typesupport_cpp/drive_base_msgs/msg/command_header__type_support.cpp.o
[29.281s] [ 37%] Building C object CMakeFiles/drive_base_msgs__rosidl_typesupport_introspection_c.dir/rosidl_typesupport_introspection_c/drive_base_msgs/msg/detail/command_header__type_support.c.o
[29.502s] [ 39%] Building C object CMakeFiles/drive_base_msgs__rosidl_typesupport_introspection_c.dir/rosidl_typesupport_introspection_c/drive_base_msgs/msg/detail/base_info__type_support.c.o
[29.729s] [ 40%] Building C object CMakeFiles/drive_base_msgs__rosidl_typesupport_introspection_c.dir/rosidl_typesupport_introspection_c/drive_base_msgs/msg/detail/command_status__type_support.c.o
[29.926s] [ 42%] Building C object CMakeFiles/drive_base_msgs__rosidl_typesupport_introspection_c.dir/rosidl_typesupport_introspection_c/drive_base_msgs/msg/detail/trv_command__type_support.c.o
[30.127s] [ 43%] Linking C shared library libdrive_base_msgs__rosidl_typesupport_introspection_c.so
[30.329s] [ 43%] Built target drive_base_msgs__rosidl_typesupport_introspection_c
[31.033s] [ 45%] Building CXX object CMakeFiles/drive_base_msgs__rosidl_typesupport_fastrtps_cpp.dir/rosidl_typesupport_fastrtps_cpp/drive_base_msgs/msg/detail/dds_fastrtps/base_info__type_support.cpp.o
[31.295s] [ 46%] Building CXX object CMakeFiles/drive_base_msgs__rosidl_typesupport_fastrtps_c.dir/rosidl_typesupport_fastrtps_c/drive_base_msgs/msg/detail/base_info__type_support_c.cpp.o
[31.528s] [ 48%] Building CXX object CMakeFiles/drive_base_msgs__rosidl_typesupport_cpp.dir/rosidl_typesupport_cpp/drive_base_msgs/msg/base_info__type_support.cpp.o
[32.600s] [ 50%] Building CXX object CMakeFiles/drive_base_msgs__rosidl_typesupport_cpp.dir/rosidl_typesupport_cpp/drive_base_msgs/msg/command_status__type_support.cpp.o
[33.124s] [ 51%] Building CXX object CMakeFiles/drive_base_msgs__rosidl_typesupport_fastrtps_c.dir/rosidl_typesupport_fastrtps_c/drive_base_msgs/msg/detail/command_status__type_support_c.cpp.o
[33.291s] [ 53%] Building CXX object CMakeFiles/drive_base_msgs__rosidl_typesupport_fastrtps_cpp.dir/rosidl_typesupport_fastrtps_cpp/drive_base_msgs/msg/detail/dds_fastrtps/command_status__type_support.cpp.o
[33.627s] [ 54%] Building CXX object CMakeFiles/drive_base_msgs__rosidl_typesupport_cpp.dir/rosidl_typesupport_cpp/drive_base_msgs/msg/trv_command__type_support.cpp.o
[34.251s] [ 56%] Building CXX object CMakeFiles/drive_base_msgs__rosidl_typesupport_fastrtps_c.dir/rosidl_typesupport_fastrtps_c/drive_base_msgs/msg/detail/trv_command__type_support_c.cpp.o
[34.775s] [ 57%] Linking CXX shared library libdrive_base_msgs__rosidl_typesupport_cpp.so
[35.003s] [ 57%] Built target drive_base_msgs__rosidl_typesupport_cpp
[35.022s] [ 59%] Building CXX object CMakeFiles/drive_base_msgs__rosidl_typesupport_fastrtps_cpp.dir/rosidl_typesupport_fastrtps_cpp/drive_base_msgs/msg/detail/dds_fastrtps/trv_command__type_support.cpp.o
[35.418s] [ 60%] Linking CXX shared library libdrive_base_msgs__rosidl_typesupport_fastrtps_c.so
[35.605s] [ 60%] Built target drive_base_msgs__rosidl_typesupport_fastrtps_c
[36.122s] [ 62%] Linking CXX shared library libdrive_base_msgs__rosidl_typesupport_fastrtps_cpp.so
[36.258s] [ 62%] Built target drive_base_msgs__rosidl_typesupport_fastrtps_cpp
[36.286s] [ 64%] Generating C++ introspection for ROS interfaces
[37.554s] [ 65%] Building CXX object CMakeFiles/drive_base_msgs__rosidl_typesupport_introspection_cpp.dir/rosidl_typesupport_introspection_cpp/drive_base_msgs/msg/detail/command_header__type_support.cpp.o
[38.546s] [ 67%] Building CXX object CMakeFiles/drive_base_msgs__rosidl_typesupport_introspection_cpp.dir/rosidl_typesupport_introspection_cpp/drive_base_msgs/msg/detail/command_status__type_support.cpp.o
[39.546s] [ 68%] Building CXX object CMakeFiles/drive_base_msgs__rosidl_typesupport_introspection_cpp.dir/rosidl_typesupport_introspection_cpp/drive_base_msgs/msg/detail/trv_command__type_support.cpp.o
[40.104s] [ 70%] Building CXX object CMakeFiles/drive_base_msgs__rosidl_typesupport_introspection_cpp.dir/rosidl_typesupport_introspection_cpp/drive_base_msgs/msg/detail/base_info__type_support.cpp.o
[40.917s] [ 71%] Linking CXX shared library libdrive_base_msgs__rosidl_typesupport_introspection_cpp.so
[41.333s] [ 71%] Built target drive_base_msgs__rosidl_typesupport_introspection_cpp
[41.365s] [ 73%] Generating C type support dispatch for ROS interfaces
[43.298s] [ 75%] Building CXX object CMakeFiles/drive_base_msgs__rosidl_typesupport_c.dir/rosidl_typesupport_c/drive_base_msgs/msg/command_header__type_support.cpp.o
[43.454s] [ 76%] Building CXX object CMakeFiles/drive_base_msgs__rosidl_typesupport_c.dir/rosidl_typesupport_c/drive_base_msgs/msg/trv_command__type_support.cpp.o
[43.592s] [ 78%] Building CXX object CMakeFiles/drive_base_msgs__rosidl_typesupport_c.dir/rosidl_typesupport_c/drive_base_msgs/msg/command_status__type_support.cpp.o
[43.732s] [ 79%] Building CXX object CMakeFiles/drive_base_msgs__rosidl_typesupport_c.dir/rosidl_typesupport_c/drive_base_msgs/msg/base_info__type_support.cpp.o
[43.980s] [ 81%] Linking CXX shared library libdrive_base_msgs__rosidl_typesupport_c.so
[44.151s] [ 81%] Built target drive_base_msgs__rosidl_typesupport_c
[44.249s] [ 81%] Built target drive_base_msgs
[44.323s] [ 82%] Generating Python code for ROS interfaces
[47.056s] [ 82%] Built target drive_base_msgs__py
[47.102s] [ 84%] Building C object CMakeFiles/drive_base_msgs__rosidl_generator_py.dir/rosidl_generator_py/drive_base_msgs/msg/_command_header_s.c.o
[47.320s] [ 85%] Building C object CMakeFiles/drive_base_msgs__rosidl_generator_py.dir/rosidl_generator_py/drive_base_msgs/msg/_trv_command_s.c.o
[47.535s] [ 87%] Building C object CMakeFiles/drive_base_msgs__rosidl_generator_py.dir/rosidl_generator_py/drive_base_msgs/msg/_command_status_s.c.o
[47.782s] [ 89%] Building C object CMakeFiles/drive_base_msgs__rosidl_generator_py.dir/rosidl_generator_py/drive_base_msgs/msg/_base_info_s.c.o
[48.049s] [ 90%] Linking C shared library libdrive_base_msgs__rosidl_generator_py.so
[48.141s] [ 90%] Built target drive_base_msgs__rosidl_generator_py
[48.185s] [ 92%] Building C object CMakeFiles/drive_base_msgs_s__rosidl_typesupport_fastrtps_c.dir/rosidl_generator_py/drive_base_msgs/_drive_base_msgs_s.ep.rosidl_typesupport_fastrtps_c.c.o
[48.405s] [ 93%] Linking C shared module rosidl_generator_py/drive_base_msgs/drive_base_msgs_s__rosidl_typesupport_fastrtps_c.so
[48.478s] [ 93%] Built target drive_base_msgs_s__rosidl_typesupport_fastrtps_c
[48.526s] [ 95%] Building C object CMakeFiles/drive_base_msgs_s__rosidl_typesupport_c.dir/rosidl_generator_py/drive_base_msgs/_drive_base_msgs_s.ep.rosidl_typesupport_c.c.o
[48.795s] [ 96%] Linking C shared module rosidl_generator_py/drive_base_msgs/drive_base_msgs_s__rosidl_typesupport_c.so
[48.866s] [ 96%] Built target drive_base_msgs_s__rosidl_typesupport_c
[48.915s] [ 98%] Building C object CMakeFiles/drive_base_msgs_s__rosidl_typesupport_introspection_c.dir/rosidl_generator_py/drive_base_msgs/_drive_base_msgs_s.ep.rosidl_typesupport_introspection_c.c.o
[49.133s] [100%] Linking C shared module rosidl_generator_py/drive_base_msgs/drive_base_msgs_s__rosidl_typesupport_introspection_c.so
[49.197s] [100%] Built target drive_base_msgs_s__rosidl_typesupport_introspection_c
[49.226s] Invoked command in '/home/p/ros2_ws/src/build/drive_base_msgs' returned '0': CMAKE_PREFIX_PATH=${CMAKE_PREFIX_PATH}:/home/p/ros2_ws/install/optical_cane_rpi:/home/p/ros2_ws/install/mpu9250:/opt/ros/jazzy DEBUGINFOD_URLS=https://debuginfod.ubuntu.com /usr/bin/cmake --build /home/p/ros2_ws/src/build/drive_base_msgs -- -j4 -l4
[49.228s] Invoking command in '/home/p/ros2_ws/src/build/drive_base_msgs': CMAKE_PREFIX_PATH=${CMAKE_PREFIX_PATH}:/home/p/ros2_ws/install/optical_cane_rpi:/home/p/ros2_ws/install/mpu9250:/opt/ros/jazzy DEBUGINFOD_URLS=https://debuginfod.ubuntu.com /usr/bin/cmake --install /home/p/ros2_ws/src/build/drive_base_msgs
[49.246s] -- Install configuration: ""
[49.247s] -- Installing: /home/p/ros2_ws/src/install/drive_base_msgs/share/ament_index/resource_index/rosidl_interfaces/drive_base_msgs
[49.247s] -- Installing: /home/p/ros2_ws/src/install/drive_base_msgs/share/drive_base_msgs/msg/CommandHeader.json
[49.247s] -- Installing: /home/p/ros2_ws/src/install/drive_base_msgs/share/drive_base_msgs/msg/BaseInfo.json
[49.247s] -- Installing: /home/p/ros2_ws/src/install/drive_base_msgs/share/drive_base_msgs/msg/CommandStatus.json
[49.247s] -- Installing: /home/p/ros2_ws/src/install/drive_base_msgs/share/drive_base_msgs/msg/TRVCommand.json
[49.248s] -- Installing: /home/p/ros2_ws/src/install/drive_base_msgs/include/drive_base_msgs/drive_base_msgs
[49.248s] -- Installing: /home/p/ros2_ws/src/install/drive_base_msgs/include/drive_base_msgs/drive_base_msgs/msg
[49.248s] -- Installing: /home/p/ros2_ws/src/install/drive_base_msgs/include/drive_base_msgs/drive_base_msgs/msg/command_header.h
[49.248s] -- Installing: /home/p/ros2_ws/src/install/drive_base_msgs/include/drive_base_msgs/drive_base_msgs/msg/base_info.h
[49.248s] -- Installing: /home/p/ros2_ws/src/install/drive_base_msgs/include/drive_base_msgs/drive_base_msgs/msg/trv_command.h
[49.248s] -- Installing: /home/p/ros2_ws/src/install/drive_base_msgs/include/drive_base_msgs/drive_base_msgs/msg/rosidl_generator_c__visibility_control.h
[49.248s] -- Installing: /home/p/ros2_ws/src/install/drive_base_msgs/include/drive_base_msgs/drive_base_msgs/msg/command_status.h
[49.249s] -- Installing: /home/p/ros2_ws/src/install/drive_base_msgs/include/drive_base_msgs/drive_base_msgs/msg/detail
[49.249s] -- Installing: /home/p/ros2_ws/src/install/drive_base_msgs/include/drive_base_msgs/drive_base_msgs/msg/detail/base_info__description.c
[49.249s] -- Installing: /home/p/ros2_ws/src/install/drive_base_msgs/include/drive_base_msgs/drive_base_msgs/msg/detail/trv_command__functions.h
[49.249s] -- Installing: /home/p/ros2_ws/src/install/drive_base_msgs/include/drive_base_msgs/drive_base_msgs/msg/detail/command_header__type_support.c
[49.249s] -- Installing: /home/p/ros2_ws/src/install/drive_base_msgs/include/drive_base_msgs/drive_base_msgs/msg/detail/base_info__type_support.c
[49.249s] -- Installing: /home/p/ros2_ws/src/install/drive_base_msgs/include/drive_base_msgs/drive_base_msgs/msg/detail/command_header__functions.c
[49.249s] -- Installing: /home/p/ros2_ws/src/install/drive_base_msgs/include/drive_base_msgs/drive_base_msgs/msg/detail/command_header__description.c
[49.250s] -- Installing: /home/p/ros2_ws/src/install/drive_base_msgs/include/drive_base_msgs/drive_base_msgs/msg/detail/command_status__type_support.c
[49.250s] -- Installing: /home/p/ros2_ws/src/install/drive_base_msgs/include/drive_base_msgs/drive_base_msgs/msg/detail/base_info__functions.h
[49.253s] -- Installing: /home/p/ros2_ws/src/install/drive_base_msgs/include/drive_base_msgs/drive_base_msgs/msg/detail/base_info__type_support.h
[49.253s] -- Installing: /home/p/ros2_ws/src/install/drive_base_msgs/include/drive_base_msgs/drive_base_msgs/msg/detail/command_header__type_support.h
[49.253s] -- Installing: /home/p/ros2_ws/src/install/drive_base_msgs/include/drive_base_msgs/drive_base_msgs/msg/detail/trv_command__type_support.c
[49.253s] -- Installing: /home/p/ros2_ws/src/install/drive_base_msgs/include/drive_base_msgs/drive_base_msgs/msg/detail/command_status__functions.h
[49.253s] -- Installing: /home/p/ros2_ws/src/install/drive_base_msgs/include/drive_base_msgs/drive_base_msgs/msg/detail/command_status__type_support.h
[49.253s] -- Installing: /home/p/ros2_ws/src/install/drive_base_msgs/include/drive_base_msgs/drive_base_msgs/msg/detail/trv_command__struct.h
[49.253s] -- Installing: /home/p/ros2_ws/src/install/drive_base_msgs/include/drive_base_msgs/drive_base_msgs/msg/detail/command_status__struct.h
[49.253s] -- Installing: /home/p/ros2_ws/src/install/drive_base_msgs/include/drive_base_msgs/drive_base_msgs/msg/detail/trv_command__description.c
[49.254s] -- Installing: /home/p/ros2_ws/src/install/drive_base_msgs/include/drive_base_msgs/drive_base_msgs/msg/detail/base_info__struct.h
[49.254s] -- Installing: /home/p/ros2_ws/src/install/drive_base_msgs/include/drive_base_msgs/drive_base_msgs/msg/detail/command_status__functions.c
[49.254s] -- Installing: /home/p/ros2_ws/src/install/drive_base_msgs/include/drive_base_msgs/drive_base_msgs/msg/detail/trv_command__type_support.h
[49.254s] -- Installing: /home/p/ros2_ws/src/install/drive_base_msgs/include/drive_base_msgs/drive_base_msgs/msg/detail/command_status__description.c
[49.254s] -- Installing: /home/p/ros2_ws/src/install/drive_base_msgs/include/drive_base_msgs/drive_base_msgs/msg/detail/command_header__functions.h
[49.258s] -- Installing: /home/p/ros2_ws/src/install/drive_base_msgs/include/drive_base_msgs/drive_base_msgs/msg/detail/base_info__functions.c
[49.259s] -- Installing: /home/p/ros2_ws/src/install/drive_base_msgs/include/drive_base_msgs/drive_base_msgs/msg/detail/trv_command__functions.c
[49.259s] -- Installing: /home/p/ros2_ws/src/install/drive_base_msgs/include/drive_base_msgs/drive_base_msgs/msg/detail/command_header__struct.h
[49.259s] -- Installing: /home/p/ros2_ws/src/install/drive_base_msgs/share/drive_base_msgs/environment/library_path.sh
[49.259s] -- Installing: /home/p/ros2_ws/src/install/drive_base_msgs/share/drive_base_msgs/environment/library_path.dsv
[49.259s] -- Installing: /home/p/ros2_ws/src/install/drive_base_msgs/lib/libdrive_base_msgs__rosidl_generator_c.so
[49.259s] -- Set non-toolchain portion of runtime path of "/home/p/ros2_ws/src/install/drive_base_msgs/lib/libdrive_base_msgs__rosidl_generator_c.so" to ""
[49.259s] -- Up-to-date: /home/p/ros2_ws/src/install/drive_base_msgs/include/drive_base_msgs/drive_base_msgs
[49.261s] -- Up-to-date: /home/p/ros2_ws/src/install/drive_base_msgs/include/drive_base_msgs/drive_base_msgs/msg
[49.262s] -- Installing: /home/p/ros2_ws/src/install/drive_base_msgs/include/drive_base_msgs/drive_base_msgs/msg/rosidl_typesupport_fastrtps_c__visibility_control.h
[49.262s] -- Up-to-date: /home/p/ros2_ws/src/install/drive_base_msgs/include/drive_base_msgs/drive_base_msgs/msg/detail
[49.262s] -- Installing: /home/p/ros2_ws/src/install/drive_base_msgs/include/drive_base_msgs/drive_base_msgs/msg/detail/trv_command__rosidl_typesupport_fastrtps_c.h
[49.262s] -- Installing: /home/p/ros2_ws/src/install/drive_base_msgs/include/drive_base_msgs/drive_base_msgs/msg/detail/command_header__rosidl_typesupport_fastrtps_c.h
[49.262s] -- Installing: /home/p/ros2_ws/src/install/drive_base_msgs/include/drive_base_msgs/drive_base_msgs/msg/detail/command_status__rosidl_typesupport_fastrtps_c.h
[49.262s] -- Installing: /home/p/ros2_ws/src/install/drive_base_msgs/include/drive_base_msgs/drive_base_msgs/msg/detail/base_info__rosidl_typesupport_fastrtps_c.h
[49.262s] -- Installing: /home/p/ros2_ws/src/install/drive_base_msgs/lib/libdrive_base_msgs__rosidl_typesupport_fastrtps_c.so
[49.262s] -- Set non-toolchain portion of runtime path of "/home/p/ros2_ws/src/install/drive_base_msgs/lib/libdrive_base_msgs__rosidl_typesupport_fastrtps_c.so" to ""
[49.263s] -- Up-to-date: /home/p/ros2_ws/src/install/drive_base_msgs/include/drive_base_msgs/drive_base_msgs
[49.264s] -- Up-to-date: /home/p/ros2_ws/src/install/drive_base_msgs/include/drive_base_msgs/drive_base_msgs/msg
[49.264s] -- Installing: /home/p/ros2_ws/src/install/drive_base_msgs/include/drive_base_msgs/drive_base_msgs/msg/base_info.hpp
[49.264s] -- Installing: /home/p/ros2_ws/src/install/drive_base_msgs/include/drive_base_msgs/drive_base_msgs/msg/trv_command.hpp
[49.265s] -- Up-to-date: /home/p/ros2_ws/src/install/drive_base_msgs/include/drive_base_msgs/drive_base_msgs/msg/detail
[49.266s] -- Installing: /home/p/ros2_ws/src/install/drive_base_msgs/include/drive_base_msgs/drive_base_msgs/msg/detail/trv_command__builder.hpp
[49.266s] -- Installing: /home/p/ros2_ws/src/install/drive_base_msgs/include/drive_base_msgs/drive_base_msgs/msg/detail/command_header__type_support.hpp
[49.266s] -- Installing: /home/p/ros2_ws/src/install/drive_base_msgs/include/drive_base_msgs/drive_base_msgs/msg/detail/base_info__type_support.hpp
[49.266s] -- Installing: /home/p/ros2_ws/src/install/drive_base_msgs/include/drive_base_msgs/drive_base_msgs/msg/detail/base_info__traits.hpp
[49.267s] -- Installing: /home/p/ros2_ws/src/install/drive_base_msgs/include/drive_base_msgs/drive_base_msgs/msg/detail/command_header__struct.hpp
[49.267s] -- Installing: /home/p/ros2_ws/src/install/drive_base_msgs/include/drive_base_msgs/drive_base_msgs/msg/detail/trv_command__struct.hpp
[49.267s] -- Installing: /home/p/ros2_ws/src/install/drive_base_msgs/include/drive_base_msgs/drive_base_msgs/msg/detail/command_status__type_support.hpp
[49.267s] -- Installing: /home/p/ros2_ws/src/install/drive_base_msgs/include/drive_base_msgs/drive_base_msgs/msg/detail/command_status__traits.hpp
[49.267s] -- Installing: /home/p/ros2_ws/src/install/drive_base_msgs/include/drive_base_msgs/drive_base_msgs/msg/detail/command_header__traits.hpp
[49.267s] -- Installing: /home/p/ros2_ws/src/install/drive_base_msgs/include/drive_base_msgs/drive_base_msgs/msg/detail/base_info__struct.hpp
[49.267s] -- Installing: /home/p/ros2_ws/src/install/drive_base_msgs/include/drive_base_msgs/drive_base_msgs/msg/detail/trv_command__type_support.hpp
[49.267s] -- Installing: /home/p/ros2_ws/src/install/drive_base_msgs/include/drive_base_msgs/drive_base_msgs/msg/detail/trv_command__traits.hpp
[49.268s] -- Installing: /home/p/ros2_ws/src/install/drive_base_msgs/include/drive_base_msgs/drive_base_msgs/msg/detail/command_status__struct.hpp
[49.268s] -- Installing: /home/p/ros2_ws/src/install/drive_base_msgs/include/drive_base_msgs/drive_base_msgs/msg/detail/command_status__builder.hpp
[49.268s] -- Installing: /home/p/ros2_ws/src/install/drive_base_msgs/include/drive_base_msgs/drive_base_msgs/msg/detail/command_header__builder.hpp
[49.268s] -- Installing: /home/p/ros2_ws/src/install/drive_base_msgs/include/drive_base_msgs/drive_base_msgs/msg/detail/base_info__builder.hpp
[49.268s] -- Installing: /home/p/ros2_ws/src/install/drive_base_msgs/include/drive_base_msgs/drive_base_msgs/msg/command_header.hpp
[49.268s] -- Installing: /home/p/ros2_ws/src/install/drive_base_msgs/include/drive_base_msgs/drive_base_msgs/msg/rosidl_generator_cpp__visibility_control.hpp
[49.268s] -- Installing: /home/p/ros2_ws/src/install/drive_base_msgs/include/drive_base_msgs/drive_base_msgs/msg/command_status.hpp
[49.269s] -- Up-to-date: /home/p/ros2_ws/src/install/drive_base_msgs/include/drive_base_msgs/drive_base_msgs
[49.269s] -- Up-to-date: /home/p/ros2_ws/src/install/drive_base_msgs/include/drive_base_msgs/drive_base_msgs/msg
[49.269s] -- Up-to-date: /home/p/ros2_ws/src/install/drive_base_msgs/include/drive_base_msgs/drive_base_msgs/msg/detail
[49.269s] -- Installing: /home/p/ros2_ws/src/install/drive_base_msgs/include/drive_base_msgs/drive_base_msgs/msg/detail/command_status__rosidl_typesupport_fastrtps_cpp.hpp
[49.269s] -- Installing: /home/p/ros2_ws/src/install/drive_base_msgs/include/drive_base_msgs/drive_base_msgs/msg/detail/base_info__rosidl_typesupport_fastrtps_cpp.hpp
[49.269s] -- Installing: /home/p/ros2_ws/src/install/drive_base_msgs/include/drive_base_msgs/drive_base_msgs/msg/detail/dds_fastrtps
[49.269s] -- Installing: /home/p/ros2_ws/src/install/drive_base_msgs/include/drive_base_msgs/drive_base_msgs/msg/detail/trv_command__rosidl_typesupport_fastrtps_cpp.hpp
[49.270s] -- Installing: /home/p/ros2_ws/src/install/drive_base_msgs/include/drive_base_msgs/drive_base_msgs/msg/detail/command_header__rosidl_typesupport_fastrtps_cpp.hpp
[49.270s] -- Installing: /home/p/ros2_ws/src/install/drive_base_msgs/include/drive_base_msgs/drive_base_msgs/msg/rosidl_typesupport_fastrtps_cpp__visibility_control.h
[49.270s] -- Installing: /home/p/ros2_ws/src/install/drive_base_msgs/lib/libdrive_base_msgs__rosidl_typesupport_fastrtps_cpp.so
[49.270s] -- Set non-toolchain portion of runtime path of "/home/p/ros2_ws/src/install/drive_base_msgs/lib/libdrive_base_msgs__rosidl_typesupport_fastrtps_cpp.so" to ""
[49.270s] -- Up-to-date: /home/p/ros2_ws/src/install/drive_base_msgs/include/drive_base_msgs/drive_base_msgs
[49.270s] -- Up-to-date: /home/p/ros2_ws/src/install/drive_base_msgs/include/drive_base_msgs/drive_base_msgs/msg
[49.270s] -- Up-to-date: /home/p/ros2_ws/src/install/drive_base_msgs/include/drive_base_msgs/drive_base_msgs/msg/detail
[49.271s] -- Installing: /home/p/ros2_ws/src/install/drive_base_msgs/include/drive_base_msgs/drive_base_msgs/msg/detail/command_header__type_support.c
[49.271s] -- Installing: /home/p/ros2_ws/src/install/drive_base_msgs/include/drive_base_msgs/drive_base_msgs/msg/detail/base_info__type_support.c
[49.271s] -- Installing: /home/p/ros2_ws/src/install/drive_base_msgs/include/drive_base_msgs/drive_base_msgs/msg/detail/command_header__rosidl_typesupport_introspection_c.h
[49.271s] -- Installing: /home/p/ros2_ws/src/install/drive_base_msgs/include/drive_base_msgs/drive_base_msgs/msg/detail/command_status__type_support.c
[49.271s] -- Installing: /home/p/ros2_ws/src/install/drive_base_msgs/include/drive_base_msgs/drive_base_msgs/msg/detail/trv_command__type_support.c
[49.271s] -- Installing: /home/p/ros2_ws/src/install/drive_base_msgs/include/drive_base_msgs/drive_base_msgs/msg/detail/command_status__rosidl_typesupport_introspection_c.h
[49.272s] -- Installing: /home/p/ros2_ws/src/install/drive_base_msgs/include/drive_base_msgs/drive_base_msgs/msg/detail/base_info__rosidl_typesupport_introspection_c.h
[49.273s] -- Installing: /home/p/ros2_ws/src/install/drive_base_msgs/include/drive_base_msgs/drive_base_msgs/msg/detail/trv_command__rosidl_typesupport_introspection_c.h
[49.273s] -- Installing: /home/p/ros2_ws/src/install/drive_base_msgs/include/drive_base_msgs/drive_base_msgs/msg/rosidl_typesupport_introspection_c__visibility_control.h
[49.273s] -- Installing: /home/p/ros2_ws/src/install/drive_base_msgs/lib/libdrive_base_msgs__rosidl_typesupport_introspection_c.so
[49.273s] -- Set non-toolchain portion of runtime path of "/home/p/ros2_ws/src/install/drive_base_msgs/lib/libdrive_base_msgs__rosidl_typesupport_introspection_c.so" to ""
[49.274s] -- Installing: /home/p/ros2_ws/src/install/drive_base_msgs/lib/libdrive_base_msgs__rosidl_typesupport_c.so
[49.274s] -- Set non-toolchain portion of runtime path of "/home/p/ros2_ws/src/install/drive_base_msgs/lib/libdrive_base_msgs__rosidl_typesupport_c.so" to ""
[49.274s] -- Up-to-date: /home/p/ros2_ws/src/install/drive_base_msgs/include/drive_base_msgs/drive_base_msgs
[49.275s] -- Up-to-date: /home/p/ros2_ws/src/install/drive_base_msgs/include/drive_base_msgs/drive_base_msgs/msg
[49.275s] -- Up-to-date: /home/p/ros2_ws/src/install/drive_base_msgs/include/drive_base_msgs/drive_base_msgs/msg/detail
[49.275s] -- Installing: /home/p/ros2_ws/src/install/drive_base_msgs/include/drive_base_msgs/drive_base_msgs/msg/detail/command_header__type_support.cpp
[49.275s] -- Installing: /home/p/ros2_ws/src/install/drive_base_msgs/include/drive_base_msgs/drive_base_msgs/msg/detail/command_status__rosidl_typesupport_introspection_cpp.hpp
[49.275s] -- Installing: /home/p/ros2_ws/src/install/drive_base_msgs/include/drive_base_msgs/drive_base_msgs/msg/detail/base_info__type_support.cpp
[49.275s] -- Installing: /home/p/ros2_ws/src/install/drive_base_msgs/include/drive_base_msgs/drive_base_msgs/msg/detail/base_info__rosidl_typesupport_introspection_cpp.hpp
[49.276s] -- Installing: /home/p/ros2_ws/src/install/drive_base_msgs/include/drive_base_msgs/drive_base_msgs/msg/detail/trv_command__rosidl_typesupport_introspection_cpp.hpp
[49.276s] -- Installing: /home/p/ros2_ws/src/install/drive_base_msgs/include/drive_base_msgs/drive_base_msgs/msg/detail/command_header__rosidl_typesupport_introspection_cpp.hpp
[49.276s] -- Installing: /home/p/ros2_ws/src/install/drive_base_msgs/include/drive_base_msgs/drive_base_msgs/msg/detail/trv_command__type_support.cpp
[49.276s] -- Installing: /home/p/ros2_ws/src/install/drive_base_msgs/include/drive_base_msgs/drive_base_msgs/msg/detail/command_status__type_support.cpp
[49.277s] -- Installing: /home/p/ros2_ws/src/install/drive_base_msgs/lib/libdrive_base_msgs__rosidl_typesupport_introspection_cpp.so
[49.278s] -- Set non-toolchain portion of runtime path of "/home/p/ros2_ws/src/install/drive_base_msgs/lib/libdrive_base_msgs__rosidl_typesupport_introspection_cpp.so" to ""
[49.278s] -- Installing: /home/p/ros2_ws/src/install/drive_base_msgs/lib/libdrive_base_msgs__rosidl_typesupport_cpp.so
[49.279s] -- Set non-toolchain portion of runtime path of "/home/p/ros2_ws/src/install/drive_base_msgs/lib/libdrive_base_msgs__rosidl_typesupport_cpp.so" to ""
[49.279s] -- Installing: /home/p/ros2_ws/src/install/drive_base_msgs/share/drive_base_msgs/environment/pythonpath.sh
[49.279s] -- Installing: /home/p/ros2_ws/src/install/drive_base_msgs/share/drive_base_msgs/environment/pythonpath.dsv
[49.283s] -- Installing: /home/p/ros2_ws/src/install/drive_base_msgs/lib/python3.12/site-packages/drive_base_msgs-0.0.0-py3.12.egg-info
[49.283s] -- Installing: /home/p/ros2_ws/src/install/drive_base_msgs/lib/python3.12/site-packages/drive_base_msgs-0.0.0-py3.12.egg-info/dependency_links.txt
[49.284s] -- Installing: /home/p/ros2_ws/src/install/drive_base_msgs/lib/python3.12/site-packages/drive_base_msgs-0.0.0-py3.12.egg-info/PKG-INFO
[49.284s] -- Installing: /home/p/ros2_ws/src/install/drive_base_msgs/lib/python3.12/site-packages/drive_base_msgs-0.0.0-py3.12.egg-info/top_level.txt
[49.284s] -- Installing: /home/p/ros2_ws/src/install/drive_base_msgs/lib/python3.12/site-packages/drive_base_msgs-0.0.0-py3.12.egg-info/SOURCES.txt
[49.285s] -- Installing: /home/p/ros2_ws/src/install/drive_base_msgs/lib/python3.12/site-packages/drive_base_msgs
[49.285s] -- Installing: /home/p/ros2_ws/src/install/drive_base_msgs/lib/python3.12/site-packages/drive_base_msgs/_drive_base_msgs_s.ep.rosidl_typesupport_fastrtps_c.c
[49.285s] -- Installing: /home/p/ros2_ws/src/install/drive_base_msgs/lib/python3.12/site-packages/drive_base_msgs/drive_base_msgs_s__rosidl_typesupport_introspection_c.so
[49.286s] -- Installing: /home/p/ros2_ws/src/install/drive_base_msgs/lib/python3.12/site-packages/drive_base_msgs/_drive_base_msgs_s.ep.rosidl_typesupport_c.c
[49.286s] -- Installing: /home/p/ros2_ws/src/install/drive_base_msgs/lib/python3.12/site-packages/drive_base_msgs/drive_base_msgs_s__rosidl_typesupport_fastrtps_c.so
[49.286s] -- Installing: /home/p/ros2_ws/src/install/drive_base_msgs/lib/python3.12/site-packages/drive_base_msgs/drive_base_msgs_s__rosidl_typesupport_c.so
[49.286s] -- Installing: /home/p/ros2_ws/src/install/drive_base_msgs/lib/python3.12/site-packages/drive_base_msgs/__init__.py
[49.286s] -- Installing: /home/p/ros2_ws/src/install/drive_base_msgs/lib/python3.12/site-packages/drive_base_msgs/_drive_base_msgs_s.ep.rosidl_typesupport_introspection_c.c
[49.287s] -- Installing: /home/p/ros2_ws/src/install/drive_base_msgs/lib/python3.12/site-packages/drive_base_msgs/msg
[49.287s] -- Installing: /home/p/ros2_ws/src/install/drive_base_msgs/lib/python3.12/site-packages/drive_base_msgs/msg/_base_info.py
[49.287s] -- Installing: /home/p/ros2_ws/src/install/drive_base_msgs/lib/python3.12/site-packages/drive_base_msgs/msg/_command_header_s.c
[49.287s] -- Installing: /home/p/ros2_ws/src/install/drive_base_msgs/lib/python3.12/site-packages/drive_base_msgs/msg/_trv_command_s.c
[49.287s] -- Installing: /home/p/ros2_ws/src/install/drive_base_msgs/lib/python3.12/site-packages/drive_base_msgs/msg/_command_status_s.c
[49.287s] -- Installing: /home/p/ros2_ws/src/install/drive_base_msgs/lib/python3.12/site-packages/drive_base_msgs/msg/_base_info_s.c
[49.287s] -- Installing: /home/p/ros2_ws/src/install/drive_base_msgs/lib/python3.12/site-packages/drive_base_msgs/msg/__init__.py
[49.287s] -- Installing: /home/p/ros2_ws/src/install/drive_base_msgs/lib/python3.12/site-packages/drive_base_msgs/msg/_command_header.py
[49.287s] -- Installing: /home/p/ros2_ws/src/install/drive_base_msgs/lib/python3.12/site-packages/drive_base_msgs/msg/_command_status.py
[49.288s] -- Installing: /home/p/ros2_ws/src/install/drive_base_msgs/lib/python3.12/site-packages/drive_base_msgs/msg/_trv_command.py
[49.379s] Listing '/home/p/ros2_ws/src/install/drive_base_msgs/lib/python3.12/site-packages/drive_base_msgs'...
[49.379s] Compiling '/home/p/ros2_ws/src/install/drive_base_msgs/lib/python3.12/site-packages/drive_base_msgs/__init__.py'...
[49.379s] Listing '/home/p/ros2_ws/src/install/drive_base_msgs/lib/python3.12/site-packages/drive_base_msgs/msg'...
[49.380s] Compiling '/home/p/ros2_ws/src/install/drive_base_msgs/lib/python3.12/site-packages/drive_base_msgs/msg/__init__.py'...
[49.380s] Compiling '/home/p/ros2_ws/src/install/drive_base_msgs/lib/python3.12/site-packages/drive_base_msgs/msg/_base_info.py'...
[49.380s] Compiling '/home/p/ros2_ws/src/install/drive_base_msgs/lib/python3.12/site-packages/drive_base_msgs/msg/_command_header.py'...
[49.380s] Compiling '/home/p/ros2_ws/src/install/drive_base_msgs/lib/python3.12/site-packages/drive_base_msgs/msg/_command_status.py'...
[49.380s] Compiling '/home/p/ros2_ws/src/install/drive_base_msgs/lib/python3.12/site-packages/drive_base_msgs/msg/_trv_command.py'...
[49.396s] -- Installing: /home/p/ros2_ws/src/install/drive_base_msgs/lib/python3.12/site-packages/drive_base_msgs/drive_base_msgs_s__rosidl_typesupport_fastrtps_c.so
[49.397s] -- Set non-toolchain portion of runtime path of "/home/p/ros2_ws/src/install/drive_base_msgs/lib/python3.12/site-packages/drive_base_msgs/drive_base_msgs_s__rosidl_typesupport_fastrtps_c.so" to ""
[49.398s] -- Installing: /home/p/ros2_ws/src/install/drive_base_msgs/lib/python3.12/site-packages/drive_base_msgs/drive_base_msgs_s__rosidl_typesupport_introspection_c.so
[49.398s] -- Set non-toolchain portion of runtime path of "/home/p/ros2_ws/src/install/drive_base_msgs/lib/python3.12/site-packages/drive_base_msgs/drive_base_msgs_s__rosidl_typesupport_introspection_c.so" to ""
[49.399s] -- Installing: /home/p/ros2_ws/src/install/drive_base_msgs/lib/python3.12/site-packages/drive_base_msgs/drive_base_msgs_s__rosidl_typesupport_c.so
[49.400s] -- Set non-toolchain portion of runtime path of "/home/p/ros2_ws/src/install/drive_base_msgs/lib/python3.12/site-packages/drive_base_msgs/drive_base_msgs_s__rosidl_typesupport_c.so" to ""
[49.400s] -- Installing: /home/p/ros2_ws/src/install/drive_base_msgs/lib/libdrive_base_msgs__rosidl_generator_py.so
[49.400s] -- Set non-toolchain portion of runtime path of "/home/p/ros2_ws/src/install/drive_base_msgs/lib/libdrive_base_msgs__rosidl_generator_py.so" to ""
[49.402s] -- Installing: /home/p/ros2_ws/src/install/drive_base_msgs/share/drive_base_msgs/msg/CommandHeader.idl
[49.402s] -- Installing: /home/p/ros2_ws/src/install/drive_base_msgs/share/drive_base_msgs/msg/BaseInfo.idl
[49.402s] -- Installing: /home/p/ros2_ws/src/install/drive_base_msgs/share/drive_base_msgs/msg/CommandStatus.idl
[49.402s] -- Installing: /home/p/ros2_ws/src/install/drive_base_msgs/share/drive_base_msgs/msg/TRVCommand.idl
[49.402s] -- Installing: /home/p/ros2_ws/src/install/drive_base_msgs/share/drive_base_msgs/msg/CommandHeader.msg
[49.402s] -- Installing: /home/p/ros2_ws/src/install/drive_base_msgs/share/drive_base_msgs/msg/BaseInfo.msg
[49.402s] -- Installing: /home/p/ros2_ws/src/install/drive_base_msgs/share/drive_base_msgs/msg/CommandStatus.msg
[49.403s] -- Installing: /home/p/ros2_ws/src/install/drive_base_msgs/share/drive_base_msgs/msg/TRVCommand.msg
[49.403s] -- Installing: /home/p/ros2_ws/src/install/drive_base_msgs/share/ament_index/resource_index/package_run_dependencies/drive_base_msgs
[49.403s] -- Installing: /home/p/ros2_ws/src/install/drive_base_msgs/share/ament_index/resource_index/parent_prefix_path/drive_base_msgs
[49.403s] -- Installing: /home/p/ros2_ws/src/install/drive_base_msgs/share/drive_base_msgs/environment/ament_prefix_path.sh
[49.403s] -- Installing: /home/p/ros2_ws/src/install/drive_base_msgs/share/drive_base_msgs/environment/ament_prefix_path.dsv
[49.403s] -- Installing: /home/p/ros2_ws/src/install/drive_base_msgs/share/drive_base_msgs/environment/path.sh
[49.405s] -- Installing: /home/p/ros2_ws/src/install/drive_base_msgs/share/drive_base_msgs/environment/path.dsv
[49.405s] -- Installing: /home/p/ros2_ws/src/install/drive_base_msgs/share/drive_base_msgs/local_setup.bash
[49.405s] -- Installing: /home/p/ros2_ws/src/install/drive_base_msgs/share/drive_base_msgs/local_setup.sh
[49.405s] -- Installing: /home/p/ros2_ws/src/install/drive_base_msgs/share/drive_base_msgs/local_setup.zsh
[49.405s] -- Installing: /home/p/ros2_ws/src/install/drive_base_msgs/share/drive_base_msgs/local_setup.dsv
[49.405s] -- Installing: /home/p/ros2_ws/src/install/drive_base_msgs/share/drive_base_msgs/package.dsv
[49.405s] -- Installing: /home/p/ros2_ws/src/install/drive_base_msgs/share/ament_index/resource_index/packages/drive_base_msgs
[49.405s] -- Installing: /home/p/ros2_ws/src/install/drive_base_msgs/share/drive_base_msgs/cmake/export_drive_base_msgs__rosidl_generator_cExport.cmake
[49.406s] -- Installing: /home/p/ros2_ws/src/install/drive_base_msgs/share/drive_base_msgs/cmake/export_drive_base_msgs__rosidl_generator_cExport-noconfig.cmake
[49.406s] -- Installing: /home/p/ros2_ws/src/install/drive_base_msgs/share/drive_base_msgs/cmake/export_drive_base_msgs__rosidl_typesupport_fastrtps_cExport.cmake
[49.406s] -- Installing: /home/p/ros2_ws/src/install/drive_base_msgs/share/drive_base_msgs/cmake/export_drive_base_msgs__rosidl_typesupport_fastrtps_cExport-noconfig.cmake
[49.406s] -- Installing: /home/p/ros2_ws/src/install/drive_base_msgs/share/drive_base_msgs/cmake/export_drive_base_msgs__rosidl_generator_cppExport.cmake
[49.406s] -- Installing: /home/p/ros2_ws/src/install/drive_base_msgs/share/drive_base_msgs/cmake/export_drive_base_msgs__rosidl_typesupport_fastrtps_cppExport.cmake
[49.407s] -- Installing: /home/p/ros2_ws/src/install/drive_base_msgs/share/drive_base_msgs/cmake/export_drive_base_msgs__rosidl_typesupport_fastrtps_cppExport-noconfig.cmake
[49.407s] -- Installing: /home/p/ros2_ws/src/install/drive_base_msgs/share/drive_base_msgs/cmake/drive_base_msgs__rosidl_typesupport_introspection_cExport.cmake
[49.407s] -- Installing: /home/p/ros2_ws/src/install/drive_base_msgs/share/drive_base_msgs/cmake/drive_base_msgs__rosidl_typesupport_introspection_cExport-noconfig.cmake
[49.407s] -- Installing: /home/p/ros2_ws/src/install/drive_base_msgs/share/drive_base_msgs/cmake/drive_base_msgs__rosidl_typesupport_cExport.cmake
[49.407s] -- Installing: /home/p/ros2_ws/src/install/drive_base_msgs/share/drive_base_msgs/cmake/drive_base_msgs__rosidl_typesupport_cExport-noconfig.cmake
[49.408s] -- Installing: /home/p/ros2_ws/src/install/drive_base_msgs/share/drive_base_msgs/cmake/drive_base_msgs__rosidl_typesupport_introspection_cppExport.cmake
[49.408s] -- Installing: /home/p/ros2_ws/src/install/drive_base_msgs/share/drive_base_msgs/cmake/drive_base_msgs__rosidl_typesupport_introspection_cppExport-noconfig.cmake
[49.408s] -- Installing: /home/p/ros2_ws/src/install/drive_base_msgs/share/drive_base_msgs/cmake/drive_base_msgs__rosidl_typesupport_cppExport.cmake
[49.408s] -- Installing: /home/p/ros2_ws/src/install/drive_base_msgs/share/drive_base_msgs/cmake/drive_base_msgs__rosidl_typesupport_cppExport-noconfig.cmake
[49.408s] -- Installing: /home/p/ros2_ws/src/install/drive_base_msgs/share/drive_base_msgs/cmake/export_drive_base_msgs__rosidl_generator_pyExport.cmake
[49.408s] -- Installing: /home/p/ros2_ws/src/install/drive_base_msgs/share/drive_base_msgs/cmake/export_drive_base_msgs__rosidl_generator_pyExport-noconfig.cmake
[49.409s] -- Installing: /home/p/ros2_ws/src/install/drive_base_msgs/share/drive_base_msgs/cmake/rosidl_cmake-extras.cmake
[49.409s] -- Installing: /home/p/ros2_ws/src/install/drive_base_msgs/share/drive_base_msgs/cmake/ament_cmake_export_dependencies-extras.cmake
[49.409s] -- Installing: /home/p/ros2_ws/src/install/drive_base_msgs/share/drive_base_msgs/cmake/ament_cmake_export_include_directories-extras.cmake
[49.412s] -- Installing: /home/p/ros2_ws/src/install/drive_base_msgs/share/drive_base_msgs/cmake/ament_cmake_export_libraries-extras.cmake
[49.413s] -- Installing: /home/p/ros2_ws/src/install/drive_base_msgs/share/drive_base_msgs/cmake/ament_cmake_export_targets-extras.cmake
[49.413s] -- Installing: /home/p/ros2_ws/src/install/drive_base_msgs/share/drive_base_msgs/cmake/rosidl_cmake_export_typesupport_targets-extras.cmake
[49.413s] -- Installing: /home/p/ros2_ws/src/install/drive_base_msgs/share/drive_base_msgs/cmake/rosidl_cmake_export_typesupport_libraries-extras.cmake
[49.413s] -- Installing: /home/p/ros2_ws/src/install/drive_base_msgs/share/drive_base_msgs/cmake/drive_base_msgsConfig.cmake
[49.414s] -- Installing: /home/p/ros2_ws/src/install/drive_base_msgs/share/drive_base_msgs/cmake/drive_base_msgsConfig-version.cmake
[49.414s] -- Installing: /home/p/ros2_ws/src/install/drive_base_msgs/share/drive_base_msgs/package.xml
[49.417s] Invoked command in '/home/p/ros2_ws/src/build/drive_base_msgs' returned '0': CMAKE_PREFIX_PATH=${CMAKE_PREFIX_PATH}:/home/p/ros2_ws/install/optical_cane_rpi:/home/p/ros2_ws/install/mpu9250:/opt/ros/jazzy DEBUGINFOD_URLS=https://debuginfod.ubuntu.com /usr/bin/cmake --install /home/p/ros2_ws/src/build/drive_base_msgs
