[1.475s] Invoking command in '/home/p/ros2_ws/src/optical_cane_rpi': DEBUGINFOD_URLS=https://debuginfod.ubuntu.com PYTHONPATH=/home/p/ros2_ws/src/build/optical_cane_rpi/prefix_override:/usr/lib/python3/dist-packages/colcon_core/task/python/colcon_distutils_commands:/home/p/ros2_ws/src/install/optical_cane_rpi/lib/python3.12/site-packages:${PYTHONPATH} /usr/bin/python3 -W ignore:setup.py install is deprecated -W ignore:easy_install command is deprecated setup.py egg_info --egg-base ../build/optical_cane_rpi build --build-base /home/p/ros2_ws/src/build/optical_cane_rpi/build install --record /home/p/ros2_ws/src/build/optical_cane_rpi/install.log --single-version-externally-managed install_data
[1.944s] running egg_info
[1.980s] writing ../build/optical_cane_rpi/optical_cane_rpi.egg-info/PKG-INFO
[1.980s] writing dependency_links to ../build/optical_cane_rpi/optical_cane_rpi.egg-info/dependency_links.txt
[1.982s] writing entry points to ../build/optical_cane_rpi/optical_cane_rpi.egg-info/entry_points.txt
[1.982s] writing requirements to ../build/optical_cane_rpi/optical_cane_rpi.egg-info/requires.txt
[1.983s] writing top-level names to ../build/optical_cane_rpi/optical_cane_rpi.egg-info/top_level.txt
[2.059s] reading manifest file '../build/optical_cane_rpi/optical_cane_rpi.egg-info/SOURCES.txt'
[2.060s] writing manifest file '../build/optical_cane_rpi/optical_cane_rpi.egg-info/SOURCES.txt'
[2.060s] running build
[2.060s] running build_py
[2.061s] copying optical_cane_rpi/feedback_generator.py -> /home/p/ros2_ws/src/build/optical_cane_rpi/build/lib/optical_cane_rpi
[2.061s] running install
[2.071s] running install_lib
[2.108s] copying /home/p/ros2_ws/src/build/optical_cane_rpi/build/lib/optical_cane_rpi/feedback_generator.py -> /home/p/ros2_ws/src/install/optical_cane_rpi/lib/python3.12/site-packages/optical_cane_rpi
[2.108s] byte-compiling /home/p/ros2_ws/src/install/optical_cane_rpi/lib/python3.12/site-packages/optical_cane_rpi/feedback_generator.py to feedback_generator.cpython-312.pyc
[2.110s] running install_data
[2.110s] running install_egg_info
[2.150s] removing '/home/p/ros2_ws/src/install/optical_cane_rpi/lib/python3.12/site-packages/optical_cane_rpi-0.0.0-py3.12.egg-info' (and everything under it)
[2.150s] Copying ../build/optical_cane_rpi/optical_cane_rpi.egg-info to /home/p/ros2_ws/src/install/optical_cane_rpi/lib/python3.12/site-packages/optical_cane_rpi-0.0.0-py3.12.egg-info
[2.152s] running install_scripts
[2.382s] Installing feedback_generator script to /home/p/ros2_ws/src/install/optical_cane_rpi/lib/optical_cane_rpi
[2.382s] Installing imu_subscriber script to /home/p/ros2_ws/src/install/optical_cane_rpi/lib/optical_cane_rpi
[2.382s] Installing lidar_subscriber script to /home/p/ros2_ws/src/install/optical_cane_rpi/lib/optical_cane_rpi
[2.385s] Installing obstacle_segmenter script to /home/p/ros2_ws/src/install/optical_cane_rpi/lib/optical_cane_rpi
[2.386s] Installing optical_cane_rpi script to /home/p/ros2_ws/src/install/optical_cane_rpi/lib/optical_cane_rpi
[2.387s] Installing pointcloud_generator script to /home/p/ros2_ws/src/install/optical_cane_rpi/lib/optical_cane_rpi
[2.387s] writing list of installed files to '/home/p/ros2_ws/src/build/optical_cane_rpi/install.log'
[2.463s] Invoked command in '/home/p/ros2_ws/src/optical_cane_rpi' returned '0': DEBUGINFOD_URLS=https://debuginfod.ubuntu.com PYTHONPATH=/home/p/ros2_ws/src/build/optical_cane_rpi/prefix_override:/usr/lib/python3/dist-packages/colcon_core/task/python/colcon_distutils_commands:/home/p/ros2_ws/src/install/optical_cane_rpi/lib/python3.12/site-packages:${PYTHONPATH} /usr/bin/python3 -W ignore:setup.py install is deprecated -W ignore:easy_install command is deprecated setup.py egg_info --egg-base ../build/optical_cane_rpi build --build-base /home/p/ros2_ws/src/build/optical_cane_rpi/build install --record /home/p/ros2_ws/src/build/optical_cane_rpi/install.log --single-version-externally-managed install_data
