[0.036s] Invoking command in '/home/p/ros2_ws/build/pointcloud_to_laserscan': CMAKE_PREFIX_PATH=${CMAKE_PREFIX_PATH}:/home/p/ros2_ws/install/mpu9250:/home/p/ros2_ws/install/sweep_builder:/home/p/ros2_ws/install/scan_to_pointcloud:/home/p/ros2_ws/install/mpu9250_py:/home/p/ros2_ws/install/mpu6050_py:/home/p/ros2_ws/install/lidar_imu_tf:/home/p/ros2_ws/install/lidar_imu_correction:/home/p/ros2_ws/install/lidar_icp_odometry:/opt/ros/jazzy DEBUGINFOD_URLS=https://debuginfod.ubuntu.com /usr/bin/cmake --build /home/p/ros2_ws/build/pointcloud_to_laserscan -- -j4 -l4
[0.283s] [ 20%] Built target pointcloud_to_laserscan_node
[0.293s] [ 40%] Built target laserscan_to_pointcloud_node
[0.302s] [ 60%] Built target laserscan_to_pointcloud
[0.306s] [ 80%] Built target pointcloud_to_laserscan
[0.357s] [100%] Built target dummy_pointcloud_publisher
[0.392s] Invoked command in '/home/p/ros2_ws/build/pointcloud_to_laserscan' returned '0': CMAKE_PREFIX_PATH=${CMAKE_PREFIX_PATH}:/home/p/ros2_ws/install/mpu9250:/home/p/ros2_ws/install/sweep_builder:/home/p/ros2_ws/install/scan_to_pointcloud:/home/p/ros2_ws/install/mpu9250_py:/home/p/ros2_ws/install/mpu6050_py:/home/p/ros2_ws/install/lidar_imu_tf:/home/p/ros2_ws/install/lidar_imu_correction:/home/p/ros2_ws/install/lidar_icp_odometry:/opt/ros/jazzy DEBUGINFOD_URLS=https://debuginfod.ubuntu.com /usr/bin/cmake --build /home/p/ros2_ws/build/pointcloud_to_laserscan -- -j4 -l4
[0.394s] Invoking command in '/home/p/ros2_ws/build/pointcloud_to_laserscan': CMAKE_PREFIX_PATH=${CMAKE_PREFIX_PATH}:/home/p/ros2_ws/install/mpu9250:/home/p/ros2_ws/install/sweep_builder:/home/p/ros2_ws/install/scan_to_pointcloud:/home/p/ros2_ws/install/mpu9250_py:/home/p/ros2_ws/install/mpu6050_py:/home/p/ros2_ws/install/lidar_imu_tf:/home/p/ros2_ws/install/lidar_imu_correction:/home/p/ros2_ws/install/lidar_icp_odometry:/opt/ros/jazzy DEBUGINFOD_URLS=https://debuginfod.ubuntu.com /usr/bin/cmake --install /home/p/ros2_ws/build/pointcloud_to_laserscan
[0.417s] -- Install configuration: ""
[0.418s] -- Execute custom install script
[0.420s] -- Up-to-date symlink: /home/p/ros2_ws/install/pointcloud_to_laserscan/lib/pointcloud_to_laserscan/laserscan_to_pointcloud_node
[0.421s] -- Up-to-date symlink: /home/p/ros2_ws/install/pointcloud_to_laserscan/lib/pointcloud_to_laserscan/pointcloud_to_laserscan_node
[0.422s] -- Up-to-date symlink: /home/p/ros2_ws/install/pointcloud_to_laserscan/lib/pointcloud_to_laserscan/dummy_pointcloud_publisher
[0.423s] -- Up-to-date symlink: /home/p/ros2_ws/install/pointcloud_to_laserscan/include/pointcloud_to_laserscan/include/pointcloud_to_laserscan/laserscan_to_pointcloud_node.hpp
[0.424s] -- Up-to-date symlink: /home/p/ros2_ws/install/pointcloud_to_laserscan/include/pointcloud_to_laserscan/include/pointcloud_to_laserscan/pointcloud_to_laserscan_node.hpp
[0.425s] -- Up-to-date symlink: /home/p/ros2_ws/install/pointcloud_to_laserscan/include/pointcloud_to_laserscan/include/pointcloud_to_laserscan/visibility_control.h
[0.426s] -- Up-to-date symlink: /home/p/ros2_ws/install/pointcloud_to_laserscan/share/pointcloud_to_laserscan/launch/laserscan_to_pointcloud_launch.py
[0.427s] -- Up-to-date symlink: /home/p/ros2_ws/install/pointcloud_to_laserscan/share/pointcloud_to_laserscan/launch/sample_laserscan_to_pointcloud_launch.py
[0.427s] -- Up-to-date symlink: /home/p/ros2_ws/install/pointcloud_to_laserscan/share/pointcloud_to_laserscan/launch/sample_pointcloud_to_laserscan_launch.py
[0.428s] -- Up-to-date symlink: /home/p/ros2_ws/install/pointcloud_to_laserscan/share/ament_index/resource_index/package_run_dependencies/pointcloud_to_laserscan
[0.429s] -- Up-to-date symlink: /home/p/ros2_ws/install/pointcloud_to_laserscan/share/ament_index/resource_index/parent_prefix_path/pointcloud_to_laserscan
[0.430s] -- Up-to-date symlink: /home/p/ros2_ws/install/pointcloud_to_laserscan/share/pointcloud_to_laserscan/environment/ament_prefix_path.sh
[0.430s] -- Up-to-date symlink: /home/p/ros2_ws/install/pointcloud_to_laserscan/share/pointcloud_to_laserscan/environment/ament_prefix_path.dsv
[0.432s] -- Up-to-date symlink: /home/p/ros2_ws/install/pointcloud_to_laserscan/share/pointcloud_to_laserscan/environment/path.sh
[0.432s] -- Up-to-date symlink: /home/p/ros2_ws/install/pointcloud_to_laserscan/share/pointcloud_to_laserscan/environment/path.dsv
[0.436s] -- Up-to-date symlink: /home/p/ros2_ws/install/pointcloud_to_laserscan/share/pointcloud_to_laserscan/local_setup.bash
[0.437s] -- Up-to-date symlink: /home/p/ros2_ws/install/pointcloud_to_laserscan/share/pointcloud_to_laserscan/local_setup.sh
[0.439s] -- Up-to-date symlink: /home/p/ros2_ws/install/pointcloud_to_laserscan/share/pointcloud_to_laserscan/local_setup.zsh
[0.439s] -- Up-to-date symlink: /home/p/ros2_ws/install/pointcloud_to_laserscan/share/pointcloud_to_laserscan/local_setup.dsv
[0.440s] -- Symlinking: /home/p/ros2_ws/install/pointcloud_to_laserscan/share/pointcloud_to_laserscan/package.dsv
[0.467s] -- Up-to-date symlink: /home/p/ros2_ws/install/pointcloud_to_laserscan/share/ament_index/resource_index/packages/pointcloud_to_laserscan
[0.467s] -- Up-to-date symlink: /home/p/ros2_ws/install/pointcloud_to_laserscan/share/ament_index/resource_index/rclcpp_components/pointcloud_to_laserscan
[0.470s] -- Up-to-date symlink: /home/p/ros2_ws/install/pointcloud_to_laserscan/share/pointcloud_to_laserscan/cmake/ament_cmake_export_dependencies-extras.cmake
[0.470s] -- Up-to-date symlink: /home/p/ros2_ws/install/pointcloud_to_laserscan/share/pointcloud_to_laserscan/cmake/pointcloud_to_laserscanConfig.cmake
[0.472s] -- Up-to-date symlink: /home/p/ros2_ws/install/pointcloud_to_laserscan/share/pointcloud_to_laserscan/cmake/pointcloud_to_laserscanConfig-version.cmake
[0.475s] -- Up-to-date symlink: /home/p/ros2_ws/install/pointcloud_to_laserscan/share/pointcloud_to_laserscan/package.xml
[0.475s] -- Up-to-date: /home/p/ros2_ws/install/pointcloud_to_laserscan/lib/liblaserscan_to_pointcloud.so
[0.476s] -- Up-to-date: /home/p/ros2_ws/install/pointcloud_to_laserscan/lib/libpointcloud_to_laserscan.so
[0.484s] Invoked command in '/home/p/ros2_ws/build/pointcloud_to_laserscan' returned '0': CMAKE_PREFIX_PATH=${CMAKE_PREFIX_PATH}:/home/p/ros2_ws/install/mpu9250:/home/p/ros2_ws/install/sweep_builder:/home/p/ros2_ws/install/scan_to_pointcloud:/home/p/ros2_ws/install/mpu9250_py:/home/p/ros2_ws/install/mpu6050_py:/home/p/ros2_ws/install/lidar_imu_tf:/home/p/ros2_ws/install/lidar_imu_correction:/home/p/ros2_ws/install/lidar_icp_odometry:/opt/ros/jazzy DEBUGINFOD_URLS=https://debuginfod.ubuntu.com /usr/bin/cmake --install /home/p/ros2_ws/build/pointcloud_to_laserscan
