[0.561s] Invoking command in '/home/p/ros2_ws/src/build/sllidar_ros2': CMAKE_PREFIX_PATH=${CMAKE_PREFIX_PATH}:/home/p/ros2_ws/install/sweep_builder:/home/p/ros2_ws/install/optical_cane_rpi:/home/p/ros2_ws/install/mpu9250:/opt/ros/jazzy DEBUGINFOD_URLS=https://debuginfod.ubuntu.com /usr/bin/cmake /home/p/ros2_ws/src/sllidar_ros2 -DCMAKE_INSTALL_PREFIX=/home/p/ros2_ws/src/install/sllidar_ros2
[0.737s] -- The C compiler identification is GNU 13.3.0
[0.999s] -- The CXX compiler identification is GNU 13.3.0
[1.146s] -- Detecting C compiler ABI info
[1.491s] -- Detecting C compiler ABI info - done
[1.514s] -- Check for working C compiler: /usr/bin/cc - skipped
[1.514s] -- Detecting C compile features
[1.515s] -- Detecting C compile features - done
[1.586s] -- Detecting CXX compiler ABI info
[1.850s] -- Detecting CXX compiler ABI info - done
[1.865s] -- Check for working CXX compiler: /usr/bin/c++ - skipped
[1.866s] -- Detecting CXX compile features
[1.867s] -- Detecting CXX compile features - done
[2.062s] -- Found ament_cmake: 2.5.4 (/opt/ros/jazzy/share/ament_cmake/cmake)
[2.587s] -- Found Python3: /usr/bin/python3 (found version "3.12.3") found components: Interpreter 
[3.581s] -- Found rclcpp: 28.1.10 (/opt/ros/jazzy/share/rclcpp/cmake)
[4.009s] -- Found rosidl_generator_c: 4.6.5 (/opt/ros/jazzy/share/rosidl_generator_c/cmake)
[4.055s] -- Found rosidl_generator_cpp: 4.6.5 (/opt/ros/jazzy/share/rosidl_generator_cpp/cmake)
[4.140s] -- Using all available rosidl_typesupport_c: rosidl_typesupport_fastrtps_c;rosidl_typesupport_introspection_c
[4.189s] -- Using all available rosidl_typesupport_cpp: rosidl_typesupport_fastrtps_cpp;rosidl_typesupport_introspection_cpp
[4.730s] -- Found rmw_implementation_cmake: 7.3.2 (/opt/ros/jazzy/share/rmw_implementation_cmake/cmake)
[4.750s] -- Found rmw_fastrtps_cpp: 8.4.2 (/opt/ros/jazzy/share/rmw_fastrtps_cpp/cmake)
[5.418s] -- Found OpenSSL: /usr/lib/aarch64-linux-gnu/libcrypto.so (found version "3.0.13")  
[5.495s] -- Found FastRTPS: /opt/ros/jazzy/include (Required is at least version "2.13") 
[5.573s] -- Using RMW implementation 'rmw_fastrtps_cpp' as default
[6.637s] -- Found sensor_msgs: 5.3.6 (/opt/ros/jazzy/share/sensor_msgs/cmake)
[7.117s] -- Found std_srvs: 5.3.6 (/opt/ros/jazzy/share/std_srvs/cmake)
[8.655s] -- Configuring done (8.1s)
[8.700s] -- Generating done (0.0s)
[8.710s] -- Build files have been written to: /home/p/ros2_ws/src/build/sllidar_ros2
[8.740s] Invoked command in '/home/p/ros2_ws/src/build/sllidar_ros2' returned '0': CMAKE_PREFIX_PATH=${CMAKE_PREFIX_PATH}:/home/p/ros2_ws/install/sweep_builder:/home/p/ros2_ws/install/optical_cane_rpi:/home/p/ros2_ws/install/mpu9250:/opt/ros/jazzy DEBUGINFOD_URLS=https://debuginfod.ubuntu.com /usr/bin/cmake /home/p/ros2_ws/src/sllidar_ros2 -DCMAKE_INSTALL_PREFIX=/home/p/ros2_ws/src/install/sllidar_ros2
[8.741s] Invoking command in '/home/p/ros2_ws/src/build/sllidar_ros2': CMAKE_PREFIX_PATH=${CMAKE_PREFIX_PATH}:/home/p/ros2_ws/install/sweep_builder:/home/p/ros2_ws/install/optical_cane_rpi:/home/p/ros2_ws/install/mpu9250:/opt/ros/jazzy DEBUGINFOD_URLS=https://debuginfod.ubuntu.com /usr/bin/cmake --build /home/p/ros2_ws/src/build/sllidar_ros2 -- -j4 -l4
[8.872s] [ 10%] Building CXX object CMakeFiles/sllidar_node.dir/src/sllidar_node.cpp.o
[8.872s] [ 10%] Building CXX object CMakeFiles/sllidar_node.dir/sdk/src/arch/linux/net_serial.cpp.o
[8.880s] [ 15%] Building CXX object CMakeFiles/sllidar_node.dir/sdk/src/arch/linux/net_socket.cpp.o
[8.882s] [ 20%] Building CXX object CMakeFiles/sllidar_client.dir/src/sllidar_client.cpp.o
[11.295s] In file included from /home/p/ros2_ws/src/sllidar_ros2/./sdk/include/rplidar_protocol.h:36,
[11.295s]                  from /home/p/ros2_ws/src/sllidar_ros2/./sdk/include/rplidar.h:39,
[11.295s]                  from /home/p/ros2_ws/src/sllidar_ros2/./sdk/src/sdkcommon.h:49,
[11.295s]                  from /home/p/ros2_ws/src/sllidar_ros2/sdk/src/arch/linux/net_socket.cpp:10:
[11.296s] /home/p/ros2_ws/src/sllidar_ros2/./sdk/include/sl_lidar_protocol.h:66:16: warning: ISO C++ forbids zero-size array ‘data’ [-Wpedantic]
[11.296s]    66 |     sl_u8 data[0];
[11.296s]       |                ^
[11.299s] In file included from /home/p/ros2_ws/src/sllidar_ros2/./sdk/include/rplidar_cmd.h:36,
[11.299s]                  from /home/p/ros2_ws/src/sllidar_ros2/./sdk/include/rplidar.h:40:
[11.299s] /home/p/ros2_ws/src/sllidar_ros2/./sdk/include/sl_lidar_cmd.h:324:20: warning: ISO C++ forbids zero-size array ‘payload’ [-Wpedantic]
[11.299s]   324 |     sl_u8  payload[0];
[11.299s]       |                    ^
[11.459s] In file included from /home/p/ros2_ws/src/sllidar_ros2/./sdk/src/arch/linux/arch_linux.h:42,
[11.459s]                  from /home/p/ros2_ws/src/sllidar_ros2/./sdk/src/sdkcommon.h:41:
[11.459s] /home/p/ros2_ws/src/sllidar_ros2/sdk/src/arch/linux/net_socket.cpp: In member function ‘virtual u_result rp::arch::net::DGramSocketImpl::sendTo(const rp::net::SocketAddress*, const void*, size_t)’:
[11.459s] /home/p/ros2_ws/src/sllidar_ros2/sdk/src/arch/linux/net_socket.cpp:733:24: warning: comparison of integer expressions of different signedness: ‘int’ and ‘size_t’ {aka ‘long unsigned int’} [-Wsign-compare]
[11.460s]   733 |             assert(ans == len);
[11.460s]       |                    ~~~~^~~~~~
[11.710s] /home/p/ros2_ws/src/sllidar_ros2/sdk/src/arch/linux/net_serial.cpp: In member function ‘bool rp::arch::net::raw_serial::open(const char*, uint32_t, uint32_t)’:
[11.710s] /home/p/ros2_ws/src/sllidar_ros2/sdk/src/arch/linux/net_serial.cpp:97:74: warning: unused parameter ‘flags’ [-Wunused-parameter]
[11.710s]    97 | bool raw_serial::open(const char * portname, uint32_t baudrate, uint32_t flags)
[11.710s]       |                                                                 ~~~~~~~~~^~~~~
[11.720s] /home/p/ros2_ws/src/sllidar_ros2/sdk/src/arch/linux/net_serial.cpp: In member function ‘virtual void rp::arch::net::raw_serial::flush(_u32)’:
[11.720s] /home/p/ros2_ws/src/sllidar_ros2/sdk/src/arch/linux/net_serial.cpp:281:30: warning: unused parameter ‘flags’ [-Wunused-parameter]
[11.721s]   281 | void raw_serial::flush( _u32 flags)
[11.721s]       |                         ~~~~~^~~~~
[11.721s] /home/p/ros2_ws/src/sllidar_ros2/sdk/src/arch/linux/net_serial.cpp: In member function ‘virtual int rp::arch::net::raw_serial::waitforsent(_u32, size_t*)’:
[11.721s] /home/p/ros2_ws/src/sllidar_ros2/sdk/src/arch/linux/net_serial.cpp:286:34: warning: unused parameter ‘timeout’ [-Wunused-parameter]
[11.721s]   286 | int raw_serial::waitforsent(_u32 timeout, size_t * returned_size)
[11.722s]       |                             ~~~~~^~~~~~~
[11.722s] /home/p/ros2_ws/src/sllidar_ros2/sdk/src/arch/linux/net_serial.cpp: In member function ‘virtual int rp::arch::net::raw_serial::waitforrecv(_u32, size_t*)’:
[11.722s] /home/p/ros2_ws/src/sllidar_ros2/sdk/src/arch/linux/net_serial.cpp:292:34: warning: unused parameter ‘timeout’ [-Wunused-parameter]
[11.722s]   292 | int raw_serial::waitforrecv(_u32 timeout, size_t * returned_size)
[11.722s]       |                             ~~~~~^~~~~~~
[11.733s] /home/p/ros2_ws/src/sllidar_ros2/sdk/src/arch/linux/net_serial.cpp: In member function ‘virtual void rp::arch::net::raw_serial::cancelOperation()’:
[11.733s] /home/p/ros2_ws/src/sllidar_ros2/sdk/src/arch/linux/net_serial.cpp:427:5: warning: value computed is not used [-Wunused-value]
[11.733s]   427 |     (int)::write(_selfpipe[1], "x", 1);
[11.733s]       |     ^~~~~~~~~~~~~~~~~~~~~~~~~~~~~~~~~~
[12.538s] [ 25%] Building CXX object CMakeFiles/sllidar_node.dir/sdk/src/arch/linux/timer.cpp.o
[12.599s] [ 30%] Building CXX object CMakeFiles/sllidar_node.dir/sdk/src/dataunpacker/dataunpacker.cpp.o
[13.790s] [ 35%] Building CXX object CMakeFiles/sllidar_node.dir/sdk/src/dataunpacker/unpacker/handler_capsules.cpp.o
[15.881s] In file included from /home/p/ros2_ws/src/sllidar_ros2/./sdk/include/rplidar_protocol.h:36,
[15.882s]                  from /home/p/ros2_ws/src/sllidar_ros2/./sdk/include/rplidar.h:39,
[15.882s]                  from /home/p/ros2_ws/src/sllidar_ros2/./sdk/src/sdkcommon.h:49,
[15.882s]                  from /home/p/ros2_ws/src/sllidar_ros2/sdk/src/dataunpacker/dataunnpacker_commondef.h:41,
[15.882s]                  from /home/p/ros2_ws/src/sllidar_ros2/sdk/src/dataunpacker/dataunpacker.cpp:39:
[15.885s] /home/p/ros2_ws/src/sllidar_ros2/./sdk/include/sl_lidar_protocol.h:66:16: warning: ISO C++ forbids zero-size array ‘data’ [-Wpedantic]
[15.886s]    66 |     sl_u8 data[0];
[15.886s]       |                ^
[15.886s] In file included from /home/p/ros2_ws/src/sllidar_ros2/./sdk/include/rplidar_cmd.h:36,
[15.886s]                  from /home/p/ros2_ws/src/sllidar_ros2/./sdk/include/rplidar.h:40:
[15.900s] /home/p/ros2_ws/src/sllidar_ros2/./sdk/include/sl_lidar_cmd.h:324:20: warning: ISO C++ forbids zero-size array ‘payload’ [-Wpedantic]
[15.900s]   324 |     sl_u8  payload[0];
[15.900s]       |                    ^
[16.400s] In file included from /home/p/ros2_ws/src/sllidar_ros2/./sdk/include/rplidar_protocol.h:36,
[16.400s]                  from /home/p/ros2_ws/src/sllidar_ros2/./sdk/include/rplidar.h:39,
[16.400s]                  from /home/p/ros2_ws/src/sllidar_ros2/./sdk/src/sdkcommon.h:49,
[16.400s]                  from /home/p/ros2_ws/src/sllidar_ros2/sdk/src/dataunpacker/unpacker/../dataunnpacker_commondef.h:41,
[16.400s]                  from /home/p/ros2_ws/src/sllidar_ros2/sdk/src/dataunpacker/unpacker/handler_capsules.cpp:39:
[16.400s] /home/p/ros2_ws/src/sllidar_ros2/./sdk/include/sl_lidar_protocol.h:66:16: warning: ISO C++ forbids zero-size array ‘data’ [-Wpedantic]
[16.400s]    66 |     sl_u8 data[0];
[16.401s]       |                ^
[16.401s] In file included from /home/p/ros2_ws/src/sllidar_ros2/./sdk/include/rplidar_cmd.h:36,
[16.401s]                  from /home/p/ros2_ws/src/sllidar_ros2/./sdk/include/rplidar.h:40:
[16.401s] /home/p/ros2_ws/src/sllidar_ros2/./sdk/include/sl_lidar_cmd.h:324:20: warning: ISO C++ forbids zero-size array ‘payload’ [-Wpedantic]
[16.401s]   324 |     sl_u8  payload[0];
[16.401s]       |                    ^
[16.470s] In file included from /home/p/ros2_ws/src/sllidar_ros2/sdk/src/dataunpacker/dataunpacker.cpp:40:
[16.470s] /home/p/ros2_ws/src/sllidar_ros2/sdk/src/dataunpacker/dataunpacker.h: In member function ‘virtual void sl::internal::LIDARSampleDataListener::onCustomSampleDataDecoded(_u8, _u32, const void*, size_t)’:
[16.471s] /home/p/ros2_ws/src/sllidar_ros2/sdk/src/dataunpacker/dataunpacker.h:54:52: warning: unused parameter ‘ansType’ [-Wunused-parameter]
[16.471s]    54 |         virtual void onCustomSampleDataDecoded(_u8 ansType, _u32 customCode, const void* data, size_t size) {}
[16.471s]       |                                                ~~~~^~~~~~~
[16.478s] /home/p/ros2_ws/src/sllidar_ros2/sdk/src/dataunpacker/dataunpacker.h:54:66: warning: unused parameter ‘customCode’ [-Wunused-parameter]
[16.478s]    54 |         virtual void onCustomSampleDataDecoded(_u8 ansType, _u32 customCode, const void* data, size_t size) {}
[16.478s]       |                                                             ~~~~~^~~~~~~~~~
[16.478s] /home/p/ros2_ws/src/sllidar_ros2/sdk/src/dataunpacker/dataunpacker.h:54:90: warning: unused parameter ‘data’ [-Wunused-parameter]
[16.478s]    54 |         virtual void onCustomSampleDataDecoded(_u8 ansType, _u32 customCode, const void* data, size_t size) {}
[16.478s]       |                                                                              ~~~~~~~~~~~~^~~~
[16.479s] /home/p/ros2_ws/src/sllidar_ros2/sdk/src/dataunpacker/dataunpacker.h:54:103: warning: unused parameter ‘size’ [-Wunused-parameter]
[16.479s]    54 |         virtual void onCustomSampleDataDecoded(_u8 ansType, _u32 customCode, const void* data, size_t size) {}
[16.479s]       |                                                                                                ~~~~~~~^~~~
[16.479s] /home/p/ros2_ws/src/sllidar_ros2/sdk/src/dataunpacker/dataunpacker.h: In member function ‘virtual void sl::internal::LIDARSampleDataListener::onDecodingError(int, _u8, const void*, size_t)’:
[16.479s] /home/p/ros2_ws/src/sllidar_ros2/sdk/src/dataunpacker/dataunpacker.h:56:42: warning: unused parameter ‘errMsg’ [-Wunused-parameter]
[16.479s]    56 |         virtual void onDecodingError(int errMsg, _u8 ansType, const void* payload, size_t size) {}
[16.479s]       |                                      ~~~~^~~~~~
[16.479s] /home/p/ros2_ws/src/sllidar_ros2/sdk/src/dataunpacker/dataunpacker.h:56:54: warning: unused parameter ‘ansType’ [-Wunused-parameter]
[16.479s]    56 |         virtual void onDecodingError(int errMsg, _u8 ansType, const void* payload, size_t size) {}
[16.480s]       |                                                  ~~~~^~~~~~~
[16.480s] /home/p/ros2_ws/src/sllidar_ros2/sdk/src/dataunpacker/dataunpacker.h:56:75: warning: unused parameter ‘payload’ [-Wunused-parameter]
[16.480s]    56 |         virtual void onDecodingError(int errMsg, _u8 ansType, const void* payload, size_t size) {}
[16.480s]       |                                                               ~~~~~~~~~~~~^~~~~~~
[16.480s] /home/p/ros2_ws/src/sllidar_ros2/sdk/src/dataunpacker/dataunpacker.h:56:91: warning: unused parameter ‘size’ [-Wunused-parameter]
[16.480s]    56 |         virtual void onDecodingError(int errMsg, _u8 ansType, const void* payload, size_t size) {}
[16.480s]       |                                                                                    ~~~~~~~^~~~
[17.120s] In file included from /home/p/ros2_ws/src/sllidar_ros2/sdk/src/dataunpacker/unpacker/handler_capsules.cpp:40:
[17.120s] /home/p/ros2_ws/src/sllidar_ros2/sdk/src/dataunpacker/unpacker/../dataunpacker.h: In member function ‘virtual void sl::internal::LIDARSampleDataListener::onCustomSampleDataDecoded(_u8, _u32, const void*, size_t)’:
[17.120s] /home/p/ros2_ws/src/sllidar_ros2/sdk/src/dataunpacker/unpacker/../dataunpacker.h:54:52: warning: unused parameter ‘ansType’ [-Wunused-parameter]
[17.120s]    54 |         virtual void onCustomSampleDataDecoded(_u8 ansType, _u32 customCode, const void* data, size_t size) {}
[17.120s]       |                                                ~~~~^~~~~~~
[17.125s] /home/p/ros2_ws/src/sllidar_ros2/sdk/src/dataunpacker/unpacker/../dataunpacker.h:54:66: warning: unused parameter ‘customCode’ [-Wunused-parameter]
[17.125s]    54 |         virtual void onCustomSampleDataDecoded(_u8 ansType, _u32 customCode, const void* data, size_t size) {}
[17.126s]       |                                                             ~~~~~^~~~~~~~~~
[17.126s] /home/p/ros2_ws/src/sllidar_ros2/sdk/src/dataunpacker/unpacker/../dataunpacker.h:54:90: warning: unused parameter ‘data’ [-Wunused-parameter]
[17.126s]    54 |         virtual void onCustomSampleDataDecoded(_u8 ansType, _u32 customCode, const void* data, size_t size) {}
[17.126s]       |                                                                              ~~~~~~~~~~~~^~~~
[17.126s] /home/p/ros2_ws/src/sllidar_ros2/sdk/src/dataunpacker/unpacker/../dataunpacker.h:54:103: warning: unused parameter ‘size’ [-Wunused-parameter]
[17.126s]    54 |         virtual void onCustomSampleDataDecoded(_u8 ansType, _u32 customCode, const void* data, size_t size) {}
[17.126s]       |                                                                                                ~~~~~~~^~~~
[17.126s] /home/p/ros2_ws/src/sllidar_ros2/sdk/src/dataunpacker/unpacker/../dataunpacker.h: In member function ‘virtual void sl::internal::LIDARSampleDataListener::onDecodingError(int, _u8, const void*, size_t)’:
[17.127s] /home/p/ros2_ws/src/sllidar_ros2/sdk/src/dataunpacker/unpacker/../dataunpacker.h:56:42: warning: unused parameter ‘errMsg’ [-Wunused-parameter]
[17.127s]    56 |         virtual void onDecodingError(int errMsg, _u8 ansType, const void* payload, size_t size) {}
[17.127s]       |                                      ~~~~^~~~~~
[17.127s] /home/p/ros2_ws/src/sllidar_ros2/sdk/src/dataunpacker/unpacker/../dataunpacker.h:56:54: warning: unused parameter ‘ansType’ [-Wunused-parameter]
[17.127s]    56 |         virtual void onDecodingError(int errMsg, _u8 ansType, const void* payload, size_t size) {}
[17.136s]       |                                                  ~~~~^~~~~~~
[17.137s] /home/p/ros2_ws/src/sllidar_ros2/sdk/src/dataunpacker/unpacker/../dataunpacker.h:56:75: warning: unused parameter ‘payload’ [-Wunused-parameter]
[17.137s]    56 |         virtual void onDecodingError(int errMsg, _u8 ansType, const void* payload, size_t size) {}
[17.137s]       |                                                               ~~~~~~~~~~~~^~~~~~~
[17.137s] /home/p/ros2_ws/src/sllidar_ros2/sdk/src/dataunpacker/unpacker/../dataunpacker.h:56:91: warning: unused parameter ‘size’ [-Wunused-parameter]
[17.137s]    56 |         virtual void onDecodingError(int errMsg, _u8 ansType, const void* payload, size_t size) {}
[17.137s]       |                                                                                    ~~~~~~~^~~~
[17.188s] /home/p/ros2_ws/src/sllidar_ros2/sdk/src/dataunpacker/unpacker/handler_capsules.cpp: In member function ‘void sl::internal::unpacker::UnpackerHandler_DenseCapsuleNode::_onScanNodeDenseCapsuleData(rplidar_response_dense_capsule_measurement_nodes_t&, sl::internal::LIDARSampleDataUnpackerInner*)’:
[17.188s] /home/p/ros2_ws/src/sllidar_ros2/sdk/src/dataunpacker/unpacker/handler_capsules.cpp:763:30: warning: type qualifiers ignored on cast result type [-Wignored-qualifiers]
[17.188s]   763 |             const int dist = static_cast<const int>(_cached_previous_dense_capsuledata.cabins[pos].distance);
[17.188s]       |                              ^~~~~~~~~~~~~~~~~~~~~~~~~~~~~~~~~~~~~~~~~~~~~~~~~~~~~~~~~~~~~~~~~~~~~~~~~~~~~~~
[18.113s] [ 40%] Building CXX object CMakeFiles/sllidar_node.dir/sdk/src/dataunpacker/unpacker/handler_hqnode.cpp.o
[18.713s] [ 45%] Building CXX object CMakeFiles/sllidar_node.dir/sdk/src/dataunpacker/unpacker/handler_normalnode.cpp.o
[20.313s] In file included from /home/p/ros2_ws/src/sllidar_ros2/./sdk/include/rplidar_protocol.h:36,
[20.313s]                  from /home/p/ros2_ws/src/sllidar_ros2/./sdk/include/rplidar.h:39,
[20.313s]                  from /home/p/ros2_ws/src/sllidar_ros2/./sdk/src/sdkcommon.h:49,
[20.313s]                  from /home/p/ros2_ws/src/sllidar_ros2/sdk/src/dataunpacker/unpacker/../dataunnpacker_commondef.h:41,
[20.313s]                  from /home/p/ros2_ws/src/sllidar_ros2/sdk/src/dataunpacker/unpacker/handler_hqnode.cpp:39:
[20.313s] /home/p/ros2_ws/src/sllidar_ros2/./sdk/include/sl_lidar_protocol.h:66:16: warning: ISO C++ forbids zero-size array ‘data’ [-Wpedantic]
[20.313s]    66 |     sl_u8 data[0];
[20.314s]       |                ^
[20.314s] In file included from /home/p/ros2_ws/src/sllidar_ros2/./sdk/include/rplidar_cmd.h:36,
[20.314s]                  from /home/p/ros2_ws/src/sllidar_ros2/./sdk/include/rplidar.h:40:
[20.314s] /home/p/ros2_ws/src/sllidar_ros2/./sdk/include/sl_lidar_cmd.h:324:20: warning: ISO C++ forbids zero-size array ‘payload’ [-Wpedantic]
[20.314s]   324 |     sl_u8  payload[0];
[20.314s]       |                    ^
[20.737s] In file included from /home/p/ros2_ws/src/sllidar_ros2/sdk/src/dataunpacker/unpacker/handler_hqnode.cpp:40:
[20.737s] /home/p/ros2_ws/src/sllidar_ros2/sdk/src/dataunpacker/unpacker/../dataunpacker.h: In member function ‘virtual void sl::internal::LIDARSampleDataListener::onCustomSampleDataDecoded(_u8, _u32, const void*, size_t)’:
[20.737s] /home/p/ros2_ws/src/sllidar_ros2/sdk/src/dataunpacker/unpacker/../dataunpacker.h:54:52: warning: unused parameter ‘ansType’ [-Wunused-parameter]
[20.737s]    54 |         virtual void onCustomSampleDataDecoded(_u8 ansType, _u32 customCode, const void* data, size_t size) {}
[20.737s]       |                                                ~~~~^~~~~~~
[20.751s] /home/p/ros2_ws/src/sllidar_ros2/sdk/src/dataunpacker/unpacker/../dataunpacker.h:54:66: warning: unused parameter ‘customCode’ [-Wunused-parameter]
[20.751s]    54 |         virtual void onCustomSampleDataDecoded(_u8 ansType, _u32 customCode, const void* data, size_t size) {}
[20.751s]       |                                                             ~~~~~^~~~~~~~~~
[20.751s] /home/p/ros2_ws/src/sllidar_ros2/sdk/src/dataunpacker/unpacker/../dataunpacker.h:54:90: warning: unused parameter ‘data’ [-Wunused-parameter]
[20.751s]    54 |         virtual void onCustomSampleDataDecoded(_u8 ansType, _u32 customCode, const void* data, size_t size) {}
[20.751s]       |                                                                              ~~~~~~~~~~~~^~~~
[20.752s] /home/p/ros2_ws/src/sllidar_ros2/sdk/src/dataunpacker/unpacker/../dataunpacker.h:54:103: warning: unused parameter ‘size’ [-Wunused-parameter]
[20.752s]    54 |         virtual void onCustomSampleDataDecoded(_u8 ansType, _u32 customCode, const void* data, size_t size) {}
[20.752s]       |                                                                                                ~~~~~~~^~~~
[20.752s] /home/p/ros2_ws/src/sllidar_ros2/sdk/src/dataunpacker/unpacker/../dataunpacker.h: In member function ‘virtual void sl::internal::LIDARSampleDataListener::onDecodingError(int, _u8, const void*, size_t)’:
[20.752s] /home/p/ros2_ws/src/sllidar_ros2/sdk/src/dataunpacker/unpacker/../dataunpacker.h:56:42: warning: unused parameter ‘errMsg’ [-Wunused-parameter]
[20.752s]    56 |         virtual void onDecodingError(int errMsg, _u8 ansType, const void* payload, size_t size) {}
[20.752s]       |                                      ~~~~^~~~~~
[20.753s] /home/p/ros2_ws/src/sllidar_ros2/sdk/src/dataunpacker/unpacker/../dataunpacker.h:56:54: warning: unused parameter ‘ansType’ [-Wunused-parameter]
[20.753s]    56 |         virtual void onDecodingError(int errMsg, _u8 ansType, const void* payload, size_t size) {}
[20.753s]       |                                                  ~~~~^~~~~~~
[20.775s] /home/p/ros2_ws/src/sllidar_ros2/sdk/src/dataunpacker/unpacker/../dataunpacker.h:56:75: warning: unused parameter ‘payload’ [-Wunused-parameter]
[20.775s]    56 |         virtual void onDecodingError(int errMsg, _u8 ansType, const void* payload, size_t size) {}
[20.775s]       |                                                               ~~~~~~~~~~~~^~~~~~~
[20.775s] /home/p/ros2_ws/src/sllidar_ros2/sdk/src/dataunpacker/unpacker/../dataunpacker.h:56:91: warning: unused parameter ‘size’ [-Wunused-parameter]
[20.775s]    56 |         virtual void onDecodingError(int errMsg, _u8 ansType, const void* payload, size_t size) {}
[20.776s]       |                                                                                    ~~~~~~~^~~~
[21.547s] In file included from /home/p/ros2_ws/src/sllidar_ros2/./sdk/include/rplidar_protocol.h:36,
[21.547s]                  from /home/p/ros2_ws/src/sllidar_ros2/./sdk/include/rplidar.h:39,
[21.547s]                  from /home/p/ros2_ws/src/sllidar_ros2/./sdk/src/sdkcommon.h:49,
[21.547s]                  from /home/p/ros2_ws/src/sllidar_ros2/sdk/src/dataunpacker/unpacker/../dataunnpacker_commondef.h:41,
[21.548s]                  from /home/p/ros2_ws/src/sllidar_ros2/sdk/src/dataunpacker/unpacker/handler_normalnode.cpp:39:
[21.548s] /home/p/ros2_ws/src/sllidar_ros2/./sdk/include/sl_lidar_protocol.h:66:16: warning: ISO C++ forbids zero-size array ‘data’ [-Wpedantic]
[21.548s]    66 |     sl_u8 data[0];
[21.548s]       |                ^
[21.562s] In file included from /home/p/ros2_ws/src/sllidar_ros2/./sdk/include/rplidar_cmd.h:36,
[21.565s]                  from /home/p/ros2_ws/src/sllidar_ros2/./sdk/include/rplidar.h:40:
[21.566s] /home/p/ros2_ws/src/sllidar_ros2/./sdk/include/sl_lidar_cmd.h:324:20: warning: ISO C++ forbids zero-size array ‘payload’ [-Wpedantic]
[21.566s]   324 |     sl_u8  payload[0];
[21.566s]       |                    ^
[21.645s] In file included from /home/p/ros2_ws/src/sllidar_ros2/./sdk/include/sl_lidar_cmd.h:41,
[21.646s]                  from /home/p/ros2_ws/src/sllidar_ros2/./sdk/include/sl_lidar_driver.h:54,
[21.646s]                  from /home/p/ros2_ws/src/sllidar_ros2/./sdk/include/sl_lidar.h:36,
[21.646s]                  from /home/p/ros2_ws/src/sllidar_ros2/src/sllidar_node.cpp:38:
[21.646s] /home/p/ros2_ws/src/sllidar_ros2/./sdk/include/sl_lidar_protocol.h:66:16: warning: ISO C++ forbids zero-size array ‘data’ [-Wpedantic]
[21.646s]    66 |     sl_u8 data[0];
[21.646s]       |                ^
[21.662s] /home/p/ros2_ws/src/sllidar_ros2/./sdk/include/sl_lidar_cmd.h:324:20: warning: ISO C++ forbids zero-size array ‘payload’ [-Wpedantic]
[21.663s]   324 |     sl_u8  payload[0];
[21.663s]       |                    ^
[22.334s] In file included from /home/p/ros2_ws/src/sllidar_ros2/sdk/src/dataunpacker/unpacker/handler_normalnode.cpp:40:
[22.335s] /home/p/ros2_ws/src/sllidar_ros2/sdk/src/dataunpacker/unpacker/../dataunpacker.h: In member function ‘virtual void sl::internal::LIDARSampleDataListener::onCustomSampleDataDecoded(_u8, _u32, const void*, size_t)’:
[22.335s] /home/p/ros2_ws/src/sllidar_ros2/sdk/src/dataunpacker/unpacker/../dataunpacker.h:54:52: warning: unused parameter ‘ansType’ [-Wunused-parameter]
[22.335s]    54 |         virtual void onCustomSampleDataDecoded(_u8 ansType, _u32 customCode, const void* data, size_t size) {}
[22.335s]       |                                                ~~~~^~~~~~~
[22.335s] /home/p/ros2_ws/src/sllidar_ros2/sdk/src/dataunpacker/unpacker/../dataunpacker.h:54:66: warning: unused parameter ‘customCode’ [-Wunused-parameter]
[22.335s]    54 |         virtual void onCustomSampleDataDecoded(_u8 ansType, _u32 customCode, const void* data, size_t size) {}
[22.335s]       |                                                             ~~~~~^~~~~~~~~~
[22.335s] /home/p/ros2_ws/src/sllidar_ros2/sdk/src/dataunpacker/unpacker/../dataunpacker.h:54:90: warning: unused parameter ‘data’ [-Wunused-parameter]
[22.335s]    54 |         virtual void onCustomSampleDataDecoded(_u8 ansType, _u32 customCode, const void* data, size_t size) {}
[22.336s]       |                                                                              ~~~~~~~~~~~~^~~~
[22.336s] /home/p/ros2_ws/src/sllidar_ros2/sdk/src/dataunpacker/unpacker/../dataunpacker.h:54:103: warning: unused parameter ‘size’ [-Wunused-parameter]
[22.336s]    54 |         virtual void onCustomSampleDataDecoded(_u8 ansType, _u32 customCode, const void* data, size_t size) {}
[22.336s]       |                                                                                                ~~~~~~~^~~~
[22.336s] /home/p/ros2_ws/src/sllidar_ros2/sdk/src/dataunpacker/unpacker/../dataunpacker.h: In member function ‘virtual void sl::internal::LIDARSampleDataListener::onDecodingError(int, _u8, const void*, size_t)’:
[22.336s] /home/p/ros2_ws/src/sllidar_ros2/sdk/src/dataunpacker/unpacker/../dataunpacker.h:56:42: warning: unused parameter ‘errMsg’ [-Wunused-parameter]
[22.336s]    56 |         virtual void onDecodingError(int errMsg, _u8 ansType, const void* payload, size_t size) {}
[22.336s]       |                                      ~~~~^~~~~~
[22.342s] /home/p/ros2_ws/src/sllidar_ros2/sdk/src/dataunpacker/unpacker/../dataunpacker.h:56:54: warning: unused parameter ‘ansType’ [-Wunused-parameter]
[22.342s]    56 |         virtual void onDecodingError(int errMsg, _u8 ansType, const void* payload, size_t size) {}
[22.342s]       |                                                  ~~~~^~~~~~~
[22.342s] /home/p/ros2_ws/src/sllidar_ros2/sdk/src/dataunpacker/unpacker/../dataunpacker.h:56:75: warning: unused parameter ‘payload’ [-Wunused-parameter]
[22.342s]    56 |         virtual void onDecodingError(int errMsg, _u8 ansType, const void* payload, size_t size) {}
[22.347s]       |                                                               ~~~~~~~~~~~~^~~~~~~
[22.348s] /home/p/ros2_ws/src/sllidar_ros2/sdk/src/dataunpacker/unpacker/../dataunpacker.h:56:91: warning: unused parameter ‘size’ [-Wunused-parameter]
[22.348s]    56 |         virtual void onDecodingError(int errMsg, _u8 ansType, const void* payload, size_t size) {}
[22.348s]       |                                                                                    ~~~~~~~^~~~
[36.135s] [ 50%] Building CXX object CMakeFiles/sllidar_node.dir/sdk/src/rplidar_driver.cpp.o
[37.966s] In file included from /home/p/ros2_ws/src/sllidar_ros2/./sdk/include/rplidar_protocol.h:36,
[37.967s]                  from /home/p/ros2_ws/src/sllidar_ros2/./sdk/include/rplidar.h:39,
[37.967s]                  from /home/p/ros2_ws/src/sllidar_ros2/sdk/src/sdkcommon.h:49,
[37.967s]                  from /home/p/ros2_ws/src/sllidar_ros2/sdk/src/rplidar_driver.cpp:33:
[37.967s] /home/p/ros2_ws/src/sllidar_ros2/./sdk/include/sl_lidar_protocol.h:66:16: warning: ISO C++ forbids zero-size array ‘data’ [-Wpedantic]
[37.967s]    66 |     sl_u8 data[0];
[37.967s]       |                ^
[37.977s] In file included from /home/p/ros2_ws/src/sllidar_ros2/./sdk/include/rplidar_cmd.h:36,
[37.977s]                  from /home/p/ros2_ws/src/sllidar_ros2/./sdk/include/rplidar.h:40:
[37.977s] /home/p/ros2_ws/src/sllidar_ros2/./sdk/include/sl_lidar_cmd.h:324:20: warning: ISO C++ forbids zero-size array ‘payload’ [-Wpedantic]
[37.977s]   324 |     sl_u8  payload[0];
[37.977s]       |                    ^
[38.234s] /home/p/ros2_ws/src/sllidar_ros2/sdk/src/rplidar_driver.cpp: In member function ‘u_result rp::standalone::rplidar::RPlidarDriver::connect(const char*, _u32, _u32)’:
[38.234s] /home/p/ros2_ws/src/sllidar_ros2/sdk/src/rplidar_driver.cpp:67:77: warning: unused parameter ‘flag’ [-Wunused-parameter]
[38.234s]    67 |     u_result RPlidarDriver::connect(const char *path, _u32 portOrBaud, _u32 flag)
[38.234s]       |                                                                        ~~~~~^~~~
[38.234s] /home/p/ros2_ws/src/sllidar_ros2/sdk/src/rplidar_driver.cpp: In member function ‘u_result rp::standalone::rplidar::RPlidarDriver::reset(_u32)’:
[38.234s] /home/p/ros2_ws/src/sllidar_ros2/sdk/src/rplidar_driver.cpp:101:40: warning: unused parameter ‘timeout’ [-Wunused-parameter]
[38.235s]   101 |     u_result RPlidarDriver::reset(_u32 timeout)
[38.235s]       |                                   ~~~~~^~~~~~~
[38.242s] /home/p/ros2_ws/src/sllidar_ros2/sdk/src/rplidar_driver.cpp: In member function ‘u_result rp::standalone::rplidar::RPlidarDriver::getScanDataWithInterval(rplidar_response_measurement_node_t*, size_t&)’:
[38.242s] /home/p/ros2_ws/src/sllidar_ros2/sdk/src/rplidar_driver.cpp:180:91: warning: unused parameter ‘nodebuffer’ [-Wunused-parameter]
[38.242s]   180 |     u_result RPlidarDriver::getScanDataWithInterval(rplidar_response_measurement_node_t * nodebuffer, size_t & count)
[38.242s]       |                                                     ~~~~~~~~~~~~~~~~~~~~~~~~~~~~~~~~~~~~~~^~~~~~~~~~
[38.242s] /home/p/ros2_ws/src/sllidar_ros2/sdk/src/rplidar_driver.cpp:180:112: warning: unused parameter ‘count’ [-Wunused-parameter]
[38.242s]   180 |     u_result RPlidarDriver::getScanDataWithInterval(rplidar_response_measurement_node_t * nodebuffer, size_t & count)
[38.242s]       |                                                                                                       ~~~~~~~~~^~~~~
[38.523s] [ 55%] Building CXX object CMakeFiles/sllidar_node.dir/sdk/src/sl_async_transceiver.cpp.o
[39.664s] In file included from /home/p/ros2_ws/src/sllidar_ros2/./sdk/include/rplidar_protocol.h:36,
[39.664s]                  from /home/p/ros2_ws/src/sllidar_ros2/./sdk/include/rplidar.h:39,
[39.668s]                  from /home/p/ros2_ws/src/sllidar_ros2/sdk/src/sdkcommon.h:49,
[39.669s]                  from /home/p/ros2_ws/src/sllidar_ros2/sdk/src/sl_async_transceiver.cpp:35:
[39.669s] /home/p/ros2_ws/src/sllidar_ros2/./sdk/include/sl_lidar_protocol.h:66:16: warning: ISO C++ forbids zero-size array ‘data’ [-Wpedantic]
[39.669s]    66 |     sl_u8 data[0];
[39.674s]       |                ^
[39.674s] In file included from /home/p/ros2_ws/src/sllidar_ros2/./sdk/include/rplidar_cmd.h:36,
[39.674s]                  from /home/p/ros2_ws/src/sllidar_ros2/./sdk/include/rplidar.h:40:
[39.674s] /home/p/ros2_ws/src/sllidar_ros2/./sdk/include/sl_lidar_cmd.h:324:20: warning: ISO C++ forbids zero-size array ‘payload’ [-Wpedantic]
[39.674s]   324 |     sl_u8  payload[0];
[39.674s]       |                    ^
[39.824s] In file included from /home/p/ros2_ws/src/sllidar_ros2/sdk/src/sl_async_transceiver.cpp:44:
[39.824s] /home/p/ros2_ws/src/sllidar_ros2/sdk/src/sl_async_transceiver.h: In member function ‘virtual void sl::internal::IAsyncProtocolCodec::onChannelError(u_result)’:
[39.824s] /home/p/ros2_ws/src/sllidar_ros2/sdk/src/sl_async_transceiver.h:90:48: warning: unused parameter ‘errCode’ [-Wunused-parameter]
[39.825s]    90 |         virtual void   onChannelError(u_result errCode) {}
[39.825s]       |                                       ~~~~~~~~~^~~~~~~
[40.167s] [ 60%] Building CXX object CMakeFiles/sllidar_node.dir/sdk/src/sl_crc.cpp.o
[40.251s] In file included from /home/p/ros2_ws/src/sllidar_ros2/./sdk/include/sl_lidar_cmd.h:41,
[40.251s]                  from /home/p/ros2_ws/src/sllidar_ros2/./sdk/include/sl_crc.h:36,
[40.251s]                  from /home/p/ros2_ws/src/sllidar_ros2/sdk/src/sl_crc.cpp:33:
[40.251s] /home/p/ros2_ws/src/sllidar_ros2/./sdk/include/sl_lidar_protocol.h:66:16: warning: ISO C++ forbids zero-size array ‘data’ [-Wpedantic]
[40.251s]    66 |     sl_u8 data[0];
[40.251s]       |                ^
[40.256s] /home/p/ros2_ws/src/sllidar_ros2/./sdk/include/sl_lidar_cmd.h:324:20: warning: ISO C++ forbids zero-size array ‘payload’ [-Wpedantic]
[40.256s]   324 |     sl_u8  payload[0];
[40.257s]       |                    ^
[40.354s] [ 65%] Building CXX object CMakeFiles/sllidar_node.dir/sdk/src/sl_lidar_driver.cpp.o
[41.886s] [ 70%] Linking CXX executable sllidar_client
[42.332s] In file included from /home/p/ros2_ws/src/sllidar_ros2/./sdk/include/rplidar_protocol.h:36,
[42.332s]                  from /home/p/ros2_ws/src/sllidar_ros2/./sdk/include/rplidar.h:39,
[42.333s]                  from /home/p/ros2_ws/src/sllidar_ros2/sdk/src/sdkcommon.h:49,
[42.334s]                  from /home/p/ros2_ws/src/sllidar_ros2/sdk/src/sl_lidar_driver.cpp:33:
[42.334s] /home/p/ros2_ws/src/sllidar_ros2/./sdk/include/sl_lidar_protocol.h:66:16: warning: ISO C++ forbids zero-size array ‘data’ [-Wpedantic]
[42.340s]    66 |     sl_u8 data[0];
[42.341s]       |                ^
[42.341s] In file included from /home/p/ros2_ws/src/sllidar_ros2/./sdk/include/rplidar_cmd.h:36,
[42.341s]                  from /home/p/ros2_ws/src/sllidar_ros2/./sdk/include/rplidar.h:40:
[42.341s] /home/p/ros2_ws/src/sllidar_ros2/./sdk/include/sl_lidar_cmd.h:324:20: warning: ISO C++ forbids zero-size array ‘payload’ [-Wpedantic]
[42.341s]   324 |     sl_u8  payload[0];
[42.341s]       |                    ^
[42.971s] In file included from /home/p/ros2_ws/src/sllidar_ros2/sdk/src/sl_lidar_driver.cpp:50:
[42.971s] /home/p/ros2_ws/src/sllidar_ros2/sdk/src/dataunpacker/dataunpacker.h: In member function ‘virtual void sl::internal::LIDARSampleDataListener::onCustomSampleDataDecoded(_u8, _u32, const void*, size_t)’:
[42.971s] /home/p/ros2_ws/src/sllidar_ros2/sdk/src/dataunpacker/dataunpacker.h:54:52: warning: unused parameter ‘ansType’ [-Wunused-parameter]
[42.972s]    54 |         virtual void onCustomSampleDataDecoded(_u8 ansType, _u32 customCode, const void* data, size_t size) {}
[42.972s]       |                                                ~~~~^~~~~~~
[42.972s] /home/p/ros2_ws/src/sllidar_ros2/sdk/src/dataunpacker/dataunpacker.h:54:66: warning: unused parameter ‘customCode’ [-Wunused-parameter]
[42.972s]    54 |         virtual void onCustomSampleDataDecoded(_u8 ansType, _u32 customCode, const void* data, size_t size) {}
[42.981s]       |                                                             ~~~~~^~~~~~~~~~
[42.982s] /home/p/ros2_ws/src/sllidar_ros2/sdk/src/dataunpacker/dataunpacker.h:54:90: warning: unused parameter ‘data’ [-Wunused-parameter]
[42.982s]    54 |         virtual void onCustomSampleDataDecoded(_u8 ansType, _u32 customCode, const void* data, size_t size) {}
[42.982s]       |                                                                              ~~~~~~~~~~~~^~~~
[42.982s] /home/p/ros2_ws/src/sllidar_ros2/sdk/src/dataunpacker/dataunpacker.h:54:103: warning: unused parameter ‘size’ [-Wunused-parameter]
[42.982s]    54 |         virtual void onCustomSampleDataDecoded(_u8 ansType, _u32 customCode, const void* data, size_t size) {}
[42.982s]       |                                                                                                ~~~~~~~^~~~
[42.982s] /home/p/ros2_ws/src/sllidar_ros2/sdk/src/dataunpacker/dataunpacker.h: In member function ‘virtual void sl::internal::LIDARSampleDataListener::onDecodingError(int, _u8, const void*, size_t)’:
[42.983s] /home/p/ros2_ws/src/sllidar_ros2/sdk/src/dataunpacker/dataunpacker.h:56:42: warning: unused parameter ‘errMsg’ [-Wunused-parameter]
[42.983s]    56 |         virtual void onDecodingError(int errMsg, _u8 ansType, const void* payload, size_t size) {}
[42.983s]       |                                      ~~~~^~~~~~
[42.983s] /home/p/ros2_ws/src/sllidar_ros2/sdk/src/dataunpacker/dataunpacker.h:56:54: warning: unused parameter ‘ansType’ [-Wunused-parameter]
[42.986s]    56 |         virtual void onDecodingError(int errMsg, _u8 ansType, const void* payload, size_t size) {}
[42.987s]       |                                                  ~~~~^~~~~~~
[42.987s] /home/p/ros2_ws/src/sllidar_ros2/sdk/src/dataunpacker/dataunpacker.h:56:75: warning: unused parameter ‘payload’ [-Wunused-parameter]
[42.987s]    56 |         virtual void onDecodingError(int errMsg, _u8 ansType, const void* payload, size_t size) {}
[42.987s]       |                                                               ~~~~~~~~~~~~^~~~~~~
[42.993s] /home/p/ros2_ws/src/sllidar_ros2/sdk/src/dataunpacker/dataunpacker.h:56:91: warning: unused parameter ‘size’ [-Wunused-parameter]
[42.994s]    56 |         virtual void onDecodingError(int errMsg, _u8 ansType, const void* payload, size_t size) {}
[42.994s]       |                                                                                    ~~~~~~~^~~~
[43.048s] In file included from /home/p/ros2_ws/src/sllidar_ros2/sdk/src/sl_lidar_driver.cpp:51:
[43.048s] /home/p/ros2_ws/src/sllidar_ros2/sdk/src/sl_async_transceiver.h: In member function ‘virtual void sl::internal::IAsyncProtocolCodec::onChannelError(u_result)’:
[43.048s] /home/p/ros2_ws/src/sllidar_ros2/sdk/src/sl_async_transceiver.h:90:48: warning: unused parameter ‘errCode’ [-Wunused-parameter]
[43.049s]    90 |         virtual void   onChannelError(u_result errCode) {}
[43.049s]       |                                       ~~~~~~~~~^~~~~~~
[43.201s] /home/p/ros2_ws/src/sllidar_ros2/sdk/src/sl_lidar_driver.cpp: In member function ‘virtual sl_result sl::SlamtecLidarDriver::reset(sl_u32)’:
[43.201s] /home/p/ros2_ws/src/sllidar_ros2/sdk/src/sl_lidar_driver.cpp:511:32: warning: unused parameter ‘timeoutInMs’ [-Wunused-parameter]
[43.201s]   511 |         sl_result reset(sl_u32 timeoutInMs = DEFAULT_TIMEOUT)
[43.201s]       |                         ~~~~~~~^~~~~~~~~~~~~~~~~~~~~~~~~~~~~
[43.216s] /home/p/ros2_ws/src/sllidar_ros2/sdk/src/sl_lidar_driver.cpp: In member function ‘virtual sl_result sl::SlamtecLidarDriver::startScan(bool, bool, sl_u32, sl::LidarScanMode*)’:
[43.216s] /home/p/ros2_ws/src/sllidar_ros2/sdk/src/sl_lidar_driver.cpp:586:69: warning: unused parameter ‘options’ [-Wunused-parameter]
[43.216s]   586 |         sl_result startScan(bool force, bool useTypicalScan, sl_u32 options = 0, LidarScanMode* outUsedScanMode = nullptr)
[43.216s]       |                                                              ~~~~~~~^~~~~~~~~~~
[43.221s] /home/p/ros2_ws/src/sllidar_ros2/sdk/src/sl_lidar_driver.cpp: In member function ‘virtual sl_result sl::SlamtecLidarDriver::stop(sl_u32)’:
[43.221s] /home/p/ros2_ws/src/sllidar_ros2/sdk/src/sl_lidar_driver.cpp:763:31: warning: unused parameter ‘timeout’ [-Wunused-parameter]
[43.221s]   763 |         sl_result stop(sl_u32 timeout = DEFAULT_TIMEOUT)
[43.221s]       |                        ~~~~~~~^~~~~~~~~~~~~~~~~~~~~~~~~
[43.228s] /home/p/ros2_ws/src/sllidar_ros2/sdk/src/sl_lidar_driver.cpp: In member function ‘virtual sl_result sl::SlamtecLidarDriver::getFrequency(const sl::LidarScanMode&, const sl_lidar_response_measurement_node_hq_t*, size_t, float&)’:
[43.228s] /home/p/ros2_ws/src/sllidar_ros2/sdk/src/sl_lidar_driver.cpp:880:110: warning: unused parameter ‘nodes’ [-Wunused-parameter]
[43.228s]   880 |         sl_result getFrequency(const LidarScanMode& scanMode, const sl_lidar_response_measurement_node_hq_t* nodes, size_t count, float& frequency)
[43.228s]       |                                                               ~~~~~~~~~~~~~~~~~~~~~~~~~~~~~~~~~~~~~~~~~~~~~~~^~~~~
[43.234s] /home/p/ros2_ws/src/sllidar_ros2/sdk/src/sl_lidar_driver.cpp: In member function ‘virtual sl_result sl::SlamtecLidarDriver::getMotorInfo(sl::LidarMotorInfo&, sl_u32)’:
[43.234s] /home/p/ros2_ws/src/sllidar_ros2/sdk/src/sl_lidar_driver.cpp:1023:66: warning: unused parameter ‘timeoutInMs’ [-Wunused-parameter]
[43.239s]  1023 |         sl_result getMotorInfo(LidarMotorInfo &motorInfo, sl_u32 timeoutInMs)
[43.239s]       |                                                           ~~~~~~~^~~~~~~~~~~
[43.246s] /home/p/ros2_ws/src/sllidar_ros2/sdk/src/sl_lidar_driver.cpp: In member function ‘u_result sl::SlamtecLidarDriver::getScanModeCount(sl_u16&, sl_u32)’:
[43.246s] /home/p/ros2_ws/src/sllidar_ros2/sdk/src/sl_lidar_driver.cpp:1199:61: warning: unused parameter ‘timeoutInMs’ [-Wunused-parameter]
[43.246s]  1199 |         u_result getScanModeCount(sl_u16& modeCount, sl_u32 timeoutInMs = DEFAULT_TIMEOUT)
[43.246s]       |                                                      ~~~~~~~^~~~~~~~~~~~~~~~~~~~~~~~~~~~~
[43.422s] /home/p/ros2_ws/src/sllidar_ros2/sdk/src/sl_lidar_driver.cpp: In instantiation of ‘void sl::RawSampleNodeHolder<T>::pushNode(_u64, const T*) [with T = sl_lidar_response_measurement_node_hq_t; _u64 = long unsigned int]’:
[43.422s] /home/p/ros2_ws/src/sllidar_ros2/sdk/src/sl_lidar_driver.cpp:1648:42:   required from here
[43.422s] /home/p/ros2_ws/src/sllidar_ros2/sdk/src/sl_lidar_driver.cpp:202:28: warning: unused parameter ‘timestamp_uS’ [-Wunused-parameter]
[43.422s]   202 |         void pushNode(_u64 timestamp_uS, const T* node)
[43.423s]       |                       ~~~~~^~~~~~~~~~~~
[43.796s] /home/p/ros2_ws/src/sllidar_ros2/sdk/src/sl_lidar_driver.cpp: At global scope:
[43.796s] /home/p/ros2_ws/src/sllidar_ros2/sdk/src/sl_lidar_driver.cpp:83:17: warning: ‘void sl::convert(const sl_lidar_response_measurement_node_hq_t&, sl_lidar_response_measurement_node_t&)’ defined but not used [-Wunused-function]
[43.796s]    83 |     static void convert(const sl_lidar_response_measurement_node_hq_t& from, sl_lidar_response_measurement_node_t& to)
[43.796s]       |                 ^~~~~~~
[43.799s] /home/p/ros2_ws/src/sllidar_ros2/sdk/src/sl_lidar_driver.cpp:75:17: warning: ‘void sl::convert(const sl_lidar_response_measurement_node_t&, sl_lidar_response_measurement_node_hq_t&)’ defined but not used [-Wunused-function]
[43.799s]    75 |     static void convert(const sl_lidar_response_measurement_node_t& from, sl_lidar_response_measurement_node_hq_t& to)
[43.799s]       |                 ^~~~~~~
[43.799s] /home/p/ros2_ws/src/sllidar_ros2/sdk/src/sl_lidar_driver.cpp:70:17: warning: ‘void sl::printDeprecationWarn(const char*, const char*)’ defined but not used [-Wunused-function]
[43.799s]    70 |     static void printDeprecationWarn(const char* fn, const char* replacement)
[43.799s]       |                 ^~~~~~~~~~~~~~~~~~~~
[43.975s] [ 70%] Built target sllidar_client
[45.268s] [ 75%] Building CXX object CMakeFiles/sllidar_node.dir/sdk/src/sl_serial_channel.cpp.o
[45.855s] In file included from /home/p/ros2_ws/src/sllidar_ros2/./sdk/include/sl_lidar_cmd.h:41,
[45.855s]                  from /home/p/ros2_ws/src/sllidar_ros2/./sdk/include/sl_lidar_driver.h:54,
[45.855s]                  from /home/p/ros2_ws/src/sllidar_ros2/sdk/src/sl_serial_channel.cpp:33:
[45.855s] /home/p/ros2_ws/src/sllidar_ros2/./sdk/include/sl_lidar_protocol.h:66:16: warning: ISO C++ forbids zero-size array ‘data’ [-Wpedantic]
[45.856s]    66 |     sl_u8 data[0];
[45.856s]       |                ^
[45.856s] /home/p/ros2_ws/src/sllidar_ros2/./sdk/include/sl_lidar_cmd.h:324:20: warning: ISO C++ forbids zero-size array ‘payload’ [-Wpedantic]
[45.856s]   324 |     sl_u8  payload[0];
[45.856s]       |                    ^
[46.003s] [ 80%] Building CXX object CMakeFiles/sllidar_node.dir/sdk/src/sl_tcp_channel.cpp.o
[46.677s] In file included from /home/p/ros2_ws/src/sllidar_ros2/./sdk/include/sl_lidar_cmd.h:41,
[46.677s]                  from /home/p/ros2_ws/src/sllidar_ros2/./sdk/include/sl_lidar_driver.h:54,
[46.677s]                  from /home/p/ros2_ws/src/sllidar_ros2/sdk/src/sl_tcp_channel.cpp:33:
[46.677s] /home/p/ros2_ws/src/sllidar_ros2/./sdk/include/sl_lidar_protocol.h:66:16: warning: ISO C++ forbids zero-size array ‘data’ [-Wpedantic]
[46.677s]    66 |     sl_u8 data[0];
[46.678s]       |                ^
[46.678s] /home/p/ros2_ws/src/sllidar_ros2/./sdk/include/sl_lidar_cmd.h:324:20: warning: ISO C++ forbids zero-size array ‘payload’ [-Wpedantic]
[46.678s]   324 |     sl_u8  payload[0];
[46.678s]       |                    ^
[46.692s] /home/p/ros2_ws/src/sllidar_ros2/sdk/src/sl_tcp_channel.cpp: In member function ‘void sl::TcpChannel::setStatus(_u32)’:
[46.692s] /home/p/ros2_ws/src/sllidar_ros2/sdk/src/sl_tcp_channel.cpp:109:29: warning: unused parameter ‘flag’ [-Wunused-parameter]
[46.692s]   109 |         void setStatus(_u32 flag){}
[46.692s]       |                        ~~~~~^~~~
[46.911s] [ 85%] Building CXX object CMakeFiles/sllidar_node.dir/sdk/src/sl_udp_channel.cpp.o
[47.462s] In file included from /home/p/ros2_ws/src/sllidar_ros2/./sdk/include/sl_lidar_cmd.h:41,
[47.462s]                  from /home/p/ros2_ws/src/sllidar_ros2/./sdk/include/sl_lidar_driver.h:54,
[47.462s]                  from /home/p/ros2_ws/src/sllidar_ros2/sdk/src/sl_udp_channel.cpp:33:
[47.462s] /home/p/ros2_ws/src/sllidar_ros2/./sdk/include/sl_lidar_protocol.h:66:16: warning: ISO C++ forbids zero-size array ‘data’ [-Wpedantic]
[47.462s]    66 |     sl_u8 data[0];
[47.463s]       |                ^
[47.467s] /home/p/ros2_ws/src/sllidar_ros2/./sdk/include/sl_lidar_cmd.h:324:20: warning: ISO C++ forbids zero-size array ‘payload’ [-Wpedantic]
[47.467s]   324 |     sl_u8  payload[0];
[47.467s]       |                    ^
[47.476s] /home/p/ros2_ws/src/sllidar_ros2/sdk/src/sl_udp_channel.cpp: In member function ‘void sl::UdpChannel::setStatus(_u32)’:
[47.477s] /home/p/ros2_ws/src/sllidar_ros2/sdk/src/sl_udp_channel.cpp:112:29: warning: unused parameter ‘flag’ [-Wunused-parameter]
[47.477s]   112 |         void setStatus(_u32 flag){}
[47.477s]       |                        ~~~~~^~~~
[47.625s] [ 90%] Building CXX object CMakeFiles/sllidar_node.dir/sdk/src/sl_lidarprotocol_codec.cpp.o
[48.621s] In file included from /home/p/ros2_ws/src/sllidar_ros2/./sdk/include/rplidar_protocol.h:36,
[48.622s]                  from /home/p/ros2_ws/src/sllidar_ros2/./sdk/include/rplidar.h:39,
[48.622s]                  from /home/p/ros2_ws/src/sllidar_ros2/sdk/src/sdkcommon.h:49,
[48.622s]                  from /home/p/ros2_ws/src/sllidar_ros2/sdk/src/sl_lidarprotocol_codec.cpp:35:
[48.622s] /home/p/ros2_ws/src/sllidar_ros2/./sdk/include/sl_lidar_protocol.h:66:16: warning: ISO C++ forbids zero-size array ‘data’ [-Wpedantic]
[48.622s]    66 |     sl_u8 data[0];
[48.622s]       |                ^
[48.626s] In file included from /home/p/ros2_ws/src/sllidar_ros2/./sdk/include/rplidar_cmd.h:36,
[48.626s]                  from /home/p/ros2_ws/src/sllidar_ros2/./sdk/include/rplidar.h:40:
[48.626s] /home/p/ros2_ws/src/sllidar_ros2/./sdk/include/sl_lidar_cmd.h:324:20: warning: ISO C++ forbids zero-size array ‘payload’ [-Wpedantic]
[48.626s]   324 |     sl_u8  payload[0];
[48.626s]       |                    ^
[48.852s] In file included from /home/p/ros2_ws/src/sllidar_ros2/sdk/src/sl_lidarprotocol_codec.cpp:49:
[48.853s] /home/p/ros2_ws/src/sllidar_ros2/sdk/src/sl_async_transceiver.h: In member function ‘virtual void sl::internal::IAsyncProtocolCodec::onChannelError(u_result)’:
[48.853s] /home/p/ros2_ws/src/sllidar_ros2/sdk/src/sl_async_transceiver.h:90:48: warning: unused parameter ‘errCode’ [-Wunused-parameter]
[48.853s]    90 |         virtual void   onChannelError(u_result errCode) {}
[48.853s]       |                                       ~~~~~~~~~^~~~~~~
[49.103s] [ 95%] Building CXX object CMakeFiles/sllidar_node.dir/sdk/src/hal/thread.cpp.o
[50.050s] In file included from /home/p/ros2_ws/src/sllidar_ros2/./sdk/include/rplidar_protocol.h:36,
[50.050s]                  from /home/p/ros2_ws/src/sllidar_ros2/./sdk/include/rplidar.h:39,
[50.050s]                  from /home/p/ros2_ws/src/sllidar_ros2/./sdk/src/sdkcommon.h:49,
[50.050s]                  from /home/p/ros2_ws/src/sllidar_ros2/sdk/src/hal/thread.cpp:35:
[50.050s] /home/p/ros2_ws/src/sllidar_ros2/./sdk/include/sl_lidar_protocol.h:66:16: warning: ISO C++ forbids zero-size array ‘data’ [-Wpedantic]
[50.050s]    66 |     sl_u8 data[0];
[50.051s]       |                ^
[50.057s] In file included from /home/p/ros2_ws/src/sllidar_ros2/./sdk/include/rplidar_cmd.h:36,
[50.057s]                  from /home/p/ros2_ws/src/sllidar_ros2/./sdk/include/rplidar.h:40:
[50.057s] /home/p/ros2_ws/src/sllidar_ros2/./sdk/include/sl_lidar_cmd.h:324:20: warning: ISO C++ forbids zero-size array ‘payload’ [-Wpedantic]
[50.057s]   324 |     sl_u8  payload[0];
[50.057s]       |                    ^
[50.116s] In file included from /home/p/ros2_ws/src/sllidar_ros2/sdk/src/hal/thread.cpp:43:
[50.116s] /home/p/ros2_ws/src/sllidar_ros2/./sdk/src/arch/linux/thread.hpp: In static member function ‘static rp::hal::Thread rp::hal::Thread::create(thread_proc_t, void*)’:
[50.116s] /home/p/ros2_ws/src/sllidar_ros2/./sdk/src/arch/linux/thread.hpp:52:57: warning: cast between incompatible function types from ‘thread_proc_t’ {aka ‘long unsigned int (*)(void*)’} to ‘void* (*)(void*)’ [-Wcast-function-type]
[50.116s]    52 |     pthread_create((pthread_t *)&newborn._handle, NULL, (void * (*)(void *))proc, data);
[50.116s]       |                                                         ^~~~~~~~~~~~~~~~~~~~~~~~
[50.116s] /home/p/ros2_ws/src/sllidar_ros2/./sdk/src/arch/linux/thread.hpp: In member function ‘u_result rp::hal::Thread::join(long unsigned int)’:
[50.116s] /home/p/ros2_ws/src/sllidar_ros2/./sdk/src/arch/linux/thread.hpp:176:37: warning: unused parameter ‘timeout’ [-Wunused-parameter]
[50.117s]   176 | u_result Thread::join(unsigned long timeout)
[50.117s]       |                       ~~~~~~~~~~~~~~^~~~~~~
[50.300s] [100%] Linking CXX executable sllidar_node
[51.249s] [100%] Built target sllidar_node
