-- The C compiler identification is GNU 13.3.0
-- The CXX compiler identification is GNU 13.3.0
-- Detecting C compiler ABI info
-- Detecting C compiler ABI info - done
-- Check for working C compiler: /usr/bin/cc - skipped
-- Detecting C compile features
-- Detecting C compile features - done
-- Detecting CXX compiler ABI info
-- Detecting CXX compiler ABI info - done
-- Check for working CXX compiler: /usr/bin/c++ - skipped
-- Detecting CXX compile features
-- Detecting CXX compile features - done
-- Found ament_cmake: 2.5.4 (/opt/ros/jazzy/share/ament_cmake/cmake)
-- Found Python3: /usr/bin/python3 (found version "3.12.3") found components: Interpreter 
-- Found rclcpp: 28.1.10 (/opt/ros/jazzy/share/rclcpp/cmake)
-- Found rosidl_generator_c: 4.6.5 (/opt/ros/jazzy/share/rosidl_generator_c/cmake)
-- Found rosidl_generator_cpp: 4.6.5 (/opt/ros/jazzy/share/rosidl_generator_cpp/cmake)
-- Using all available rosidl_typesupport_c: rosidl_typesupport_fastrtps_c;rosidl_typesupport_introspection_c
-- Using all available rosidl_typesupport_cpp: rosidl_typesupport_fastrtps_cpp;rosidl_typesupport_introspection_cpp
-- Found rmw_implementation_cmake: 7.3.2 (/opt/ros/jazzy/share/rmw_implementation_cmake/cmake)
-- Found rmw_fastrtps_cpp: 8.4.2 (/opt/ros/jazzy/share/rmw_fastrtps_cpp/cmake)
-- Found OpenSSL: /usr/lib/aarch64-linux-gnu/libcrypto.so (found version "3.0.13")  
-- Found FastRTPS: /opt/ros/jazzy/include (Required is at least version "2.13") 
-- Using RMW implementation 'rmw_fastrtps_cpp' as default
-- Found sensor_msgs: 5.3.6 (/opt/ros/jazzy/share/sensor_msgs/cmake)
-- Found nav_msgs: 5.3.6 (/opt/ros/jazzy/share/nav_msgs/cmake)
-- Found visualization_msgs: 5.3.6 (/opt/ros/jazzy/share/visualization_msgs/cmake)
-- Found tf2_ros: 0.36.12 (/opt/ros/jazzy/share/tf2_ros/cmake)
-- Found tf2_geometry_msgs: 0.36.12 (/opt/ros/jazzy/share/tf2_geometry_msgs/cmake)
-- Found eigen3_cmake_module: 0.3.0 (/opt/ros/jazzy/share/eigen3_cmake_module/cmake)
-- Found Eigen3: TRUE (found version "3.4.0") 
-- Ensuring Eigen3 include directory is part of orocos-kdl CMake target
-- Found tf2_eigen: 0.36.12 (/opt/ros/jazzy/share/tf2_eigen/cmake)
-- Found rosidl_default_generators: 1.6.0 (/opt/ros/jazzy/share/rosidl_default_generators/cmake)
-- Found rosidl_adapter: 4.6.5 (/opt/ros/jazzy/share/rosidl_adapter/cmake)
-- Found pcl_ros: 2.6.2 (/opt/ros/jazzy/share/pcl_ros/cmake)
CMake Warning (dev) at /usr/lib/aarch64-linux-gnu/cmake/pcl/Modules/FindFLANN.cmake:45 (find_package):
  Policy CMP0144 is not set: find_package uses upper-case <PACKAGENAME>_ROOT
  variables.  Run "cmake --help-policy CMP0144" for policy details.  Use the
  cmake_policy command to set the policy and suppress this warning.

  CMake variable FLANN_ROOT is set to:

    /usr

  For compatibility, find_package is ignoring the variable, but code in a
  .cmake module might still use it.
Call Stack (most recent call first):
  /usr/lib/aarch64-linux-gnu/cmake/pcl/PCLConfig.cmake:261 (find_package)
  /usr/lib/aarch64-linux-gnu/cmake/pcl/PCLConfig.cmake:306 (find_flann)
  /usr/lib/aarch64-linux-gnu/cmake/pcl/PCLConfig.cmake:570 (find_external_library)
  /opt/ros/jazzy/share/pcl_conversions/cmake/ament_cmake_export_dependencies-extras.cmake:21 (find_package)
  /opt/ros/jazzy/share/pcl_conversions/cmake/pcl_conversionsConfig.cmake:41 (include)
  /opt/ros/jazzy/share/pcl_ros/cmake/ament_cmake_export_dependencies-extras.cmake:21 (find_package)
  /opt/ros/jazzy/share/pcl_ros/cmake/pcl_rosConfig.cmake:41 (include)
  CMakeLists.txt:30 (find_package)
This warning is for project developers.  Use -Wno-dev to suppress it.

-- Found flann version 1.9.2
-- Found OpenMP_CXX: -fopenmp (found version "4.5") 
-- Found OpenMP: TRUE (found version "4.5") found components: CXX 
-- Checking for module 'libusb-1.0'
--   Found libusb-1.0, version 1.0.27
-- Found libusb: /usr/lib/aarch64-linux-gnu/libusb-1.0.so  
-- OpenNI found (version: 1.5.4.0, include: /usr/include/ni, lib: /usr/lib/libOpenNI.so;libusb::libusb)
-- OpenNI2 found (version: 2.2.0.33, include: /usr/include/openni2, lib: /usr/lib/aarch64-linux-gnu/libOpenNI2.so;libusb::libusb)
-- Could NOT find Pcap (missing: PCAP_LIBRARIES PCAP_INCLUDE_DIRS) 
-- Found ZLIB: /usr/lib/aarch64-linux-gnu/libz.so (found version "1.3")  
-- Found PNG: /usr/lib/aarch64-linux-gnu/libpng.so (found version "1.6.43") 
-- OpenNI found (version: 1.5.4.0, include: /usr/include/ni, lib: /usr/lib/libOpenNI.so;libusb::libusb)
-- OpenNI2 found (version: 2.2.0.33, include: /usr/include/openni2, lib: /usr/lib/aarch64-linux-gnu/libOpenNI2.so;libusb::libusb)
-- Found Qhull version 8.0.2
-- OpenNI found (version: 1.5.4.0, include: /usr/include/ni, lib: /usr/lib/libOpenNI.so;libusb::libusb)
-- Found PCL_COMMON: /usr/lib/aarch64-linux-gnu/libpcl_common.so  
-- Found PCL_KDTREE: /usr/lib/aarch64-linux-gnu/libpcl_kdtree.so  
-- Found PCL_OCTREE: /usr/lib/aarch64-linux-gnu/libpcl_octree.so  
-- Found PCL_SEARCH: /usr/lib/aarch64-linux-gnu/libpcl_search.so  
-- Found PCL_SAMPLE_CONSENSUS: /usr/lib/aarch64-linux-gnu/libpcl_sample_consensus.so  
-- Found PCL_FILTERS: /usr/lib/aarch64-linux-gnu/libpcl_filters.so  
-- Found PCL_2D: /usr/include/pcl-1.14  
-- Found PCL_GEOMETRY: /usr/include/pcl-1.14  
-- Found PCL_IO: /usr/lib/aarch64-linux-gnu/libpcl_io.so  
-- Found PCL_FEATURES: /usr/lib/aarch64-linux-gnu/libpcl_features.so  
-- Found PCL_ML: /usr/lib/aarch64-linux-gnu/libpcl_ml.so  
-- Found PCL_SEGMENTATION: /usr/lib/aarch64-linux-gnu/libpcl_segmentation.so  
-- Found PCL_VISUALIZATION: /usr/lib/aarch64-linux-gnu/libpcl_visualization.so  
-- Found PCL_SURFACE: /usr/lib/aarch64-linux-gnu/libpcl_surface.so  
-- Found PCL_REGISTRATION: /usr/lib/aarch64-linux-gnu/libpcl_registration.so  
-- Found PCL_KEYPOINTS: /usr/lib/aarch64-linux-gnu/libpcl_keypoints.so  
-- Found PCL_TRACKING: /usr/lib/aarch64-linux-gnu/libpcl_tracking.so  
-- Found PCL_RECOGNITION: /usr/lib/aarch64-linux-gnu/libpcl_recognition.so  
-- Found PCL_STEREO: /usr/lib/aarch64-linux-gnu/libpcl_stereo.so  
-- Found PCL_APPS: /usr/lib/aarch64-linux-gnu/libpcl_apps.so  
-- Found PCL_IN_HAND_SCANNER: /usr/include/pcl-1.14  
-- Found PCL_MODELER: /usr/include/pcl-1.14  
-- Found PCL_POINT_CLOUD_EDITOR: /usr/include/pcl-1.14  
-- Found PCL_OUTOFCORE: /usr/lib/aarch64-linux-gnu/libpcl_outofcore.so  
-- Found PCL_PEOPLE: /usr/lib/aarch64-linux-gnu/libpcl_people.so  
CMake Warning (dev) at CMakeLists.txt:32 (find_package):
  Policy CMP0074 is not set: find_package uses <PackageName>_ROOT variables.
  Run "cmake --help-policy CMP0074" for policy details.  Use the cmake_policy
  command to set the policy and suppress this warning.

  CMake variable PCL_ROOT is set to:

    /usr

  For compatibility, CMake is ignoring the variable.
This warning is for project developers.  Use -Wno-dev to suppress it.

-- Found ament_cmake_ros: 0.12.0 (/opt/ros/jazzy/share/ament_cmake_ros/cmake)
-- Using all available rosidl_typesupport_c: rosidl_typesupport_fastrtps_c;rosidl_typesupport_introspection_c
-- Using all available rosidl_typesupport_cpp: rosidl_typesupport_fastrtps_cpp;rosidl_typesupport_introspection_cpp
-- Found python_cmake_module: 0.11.1 (/opt/ros/jazzy/share/python_cmake_module/cmake)
-- Found PythonExtra: /usr/bin/python3  
-- Found Python3: /usr/bin/python3 (found version "3.12.3") found components: Interpreter Development NumPy Development.Module Development.Embed 
-- Configuring done (40.6s)
-- Generating done (2.4s)
-- Build files have been written to: /home/p/ros2_ws/src/build/cpp_package
[  1%] Generating type hashes for ROS interfaces
[  1%] Built target cpp_package__rosidl_generator_type_description
[  2%] Building CXX object CMakeFiles/pointcloud_formatter_node.dir/src/pointcloud_formatter_node.cpp.o
[  3%] Linking CXX executable pointcloud_formatter_node
[  3%] Built target pointcloud_formatter_node
[  4%] Building CXX object CMakeFiles/front_cloud_filter_node.dir/src/front_cloud_filter_node.cpp.o
[  5%] Linking CXX executable front_cloud_filter_node
[  5%] Built target front_cloud_filter_node
[  6%] Building CXX object CMakeFiles/deskew_node.dir/src/deskew_node.cpp.o
[  7%] Linking CXX executable deskew_node
[  7%] Built target deskew_node
[  8%] Building CXX object CMakeFiles/obstacle_detector_node.dir/src/obstacle_detector_node.cpp.o
/home/p/ros2_ws/src/cpp_package/src/obstacle_detector_node.cpp: In member function ‘void ObstacleDetectorNode::cloud_callback(sensor_msgs::msg::PointCloud2_<std::allocator<void> >::SharedPtr)’:
/home/p/ros2_ws/src/cpp_package/src/obstacle_detector_node.cpp:54:43: warning: comparison of integer expressions of different signedness: ‘std::vector<pcl::PointXYZ, Eigen::aligned_allocator<pcl::PointXYZ> >::size_type’ {aka ‘long unsigned int’} and ‘int64_t’ {aka ‘long int’} [-Wsign-compare]
   54 |         if (cloud_filtered->points.size() < this->get_parameter("min_points_for_plane").as_int()) {
      |             ~~~~~~~~~~~~~~~~~~~~~~~~~~~~~~^~~~~~~~~~~~~~~~~~~~~~~~~~~~~~~~~~~~~~~~~~~~~~~~~~~~~~
[ 10%] Linking CXX executable obstacle_detector_node
[ 10%] Built target obstacle_detector_node
[ 11%] Building CXX object CMakeFiles/point_cloud_sweeper_cpp_node.dir/src/point_cloud_sweeper_cpp_node.cpp.o
[ 12%] Linking CXX executable point_cloud_sweeper_cpp_node
[ 12%] Built target point_cloud_sweeper_cpp_node
[ 13%] Building CXX object CMakeFiles/point_cloud_accumulator_cpp_node.dir/src/point_cloud_accumulator_cpp_node.cpp.o
[ 14%] Linking CXX executable point_cloud_accumulator_cpp_node
[ 14%] Built target point_cloud_accumulator_cpp_node
[ 15%] Building CXX object CMakeFiles/point_cloud_voxel_filter_cpp_node.dir/src/point_cloud_voxel_filter_cpp_node.cpp.o
[ 16%] Building CXX object CMakeFiles/point_cloud_passthrough_filter_cpp_node.dir/src/point_cloud_passthrough_filter_cpp_node.cpp.o
[ 17%] Building CXX object CMakeFiles/icp_3d_odom_node.dir/src/icp_3d_odom_node.cpp.o
[ 17%] Built target ament_cmake_python_copy_cpp_package
[ 18%] Building CXX object CMakeFiles/point_cloud_statistical_outlier_remover_cpp_node.dir/src/point_cloud_statistical_outlier_remover_cpp_node.cpp.o
[ 20%] Linking CXX executable point_cloud_voxel_filter_cpp_node
[ 20%] Built target point_cloud_voxel_filter_cpp_node
In file included from /opt/ros/jazzy/include/rclcpp/rclcpp/logging.hpp:24,
                 from /opt/ros/jazzy/include/rclcpp/rclcpp/copy_all_parameter_values.hpp:27,
                 from /opt/ros/jazzy/include/rclcpp/rclcpp/rclcpp.hpp:171,
                 from /home/p/ros2_ws/src/cpp_package/src/icp_3d_odom_node.cpp:1:
/home/p/ros2_ws/src/cpp_package/src/icp_3d_odom_node.cpp: In member function ‘void ICP3DOdomNode::scanImuCallback(const sensor_msgs::msg::LaserScan_<std::allocator<void> >::ConstSharedPtr&, const sensor_msgs::msg::Imu_<std::allocator<void> >::ConstSharedPtr&)’:
/home/p/ros2_ws/src/cpp_package/src/icp_3d_odom_node.cpp:134:49: warning: format ‘%f’ expects argument of type ‘double’, but argument 5 has type ‘std::chrono::duration<long int, std::ratio<1, 1000> >::rep’ {aka ‘long int’} [-Wformat=]
  134 |                 RCLCPP_WARN(this->get_logger(), "Slow processing: %.1fms (fitness: %.3f)",
      |                                                 ^~~~~~~~~~~~~~~~~~~~~~~~~~~~~~~~~~~~~~~~~
  135 |                            duration.count(), icp_.getFitnessScore());
      |                            ~~~~~~~~~~~~~~~~      
      |                                          |
      |                                          std::chrono::duration<long int, std::ratio<1, 1000> >::rep {aka long int}
/home/p/ros2_ws/src/cpp_package/src/icp_3d_odom_node.cpp:134:70: note: format string is defined here
  134 |                 RCLCPP_WARN(this->get_logger(), "Slow processing: %.1fms (fitness: %.3f)",
      |                                                                   ~~~^
      |                                                                      |
      |                                                                      double
      |                                                                   %.1ld
[ 21%] Linking CXX executable point_cloud_passthrough_filter_cpp_node
[ 22%] Linking CXX executable point_cloud_statistical_outlier_remover_cpp_node
[ 22%] Built target point_cloud_passthrough_filter_cpp_node
[ 22%] Built target point_cloud_statistical_outlier_remover_cpp_node
[ 23%] Linking CXX executable icp_3d_odom_node
[ 23%] Built target icp_3d_odom_node
[ 24%] Building CXX object CMakeFiles/stable_ground_detector_node.dir/src/stable_ground_detector_node.cpp.o
[ 25%] Building CXX object CMakeFiles/projected_ground_detector_node.dir/src/projected_ground_detector_node.cpp.o
[ 26%] Building CXX object CMakeFiles/z_variance_sweeper_node.dir/src/z_variance_sweeper_node.cpp.o
[ 27%] Building CXX object CMakeFiles/point_count_sweeper_node.dir/src/point_count_sweeper_node.cpp.o
[ 28%] Linking CXX executable stable_ground_detector_node
[ 28%] Built target stable_ground_detector_node
[ 30%] Linking CXX executable z_variance_sweeper_node
[ 30%] Built target z_variance_sweeper_node
[ 31%] Linking CXX executable point_count_sweeper_node
[ 32%] Linking CXX executable projected_ground_detector_node
[ 32%] Built target point_count_sweeper_node
[ 32%] Built target projected_ground_detector_node
[ 33%] Generating C++ code for ROS interfaces
[ 33%] Built target cpp_package__cpp
[ 34%] Generating C code for ROS interfaces
[ 35%] Building C object CMakeFiles/cpp_package__rosidl_generator_c.dir/rosidl_generator_c/cpp_package/msg/detail/obstacle_feedback__description.c.o
[ 36%] Building C object CMakeFiles/cpp_package__rosidl_generator_c.dir/rosidl_generator_c/cpp_package/msg/detail/obstacle_feedback__functions.c.o
[ 37%] Building C object CMakeFiles/cpp_package__rosidl_generator_c.dir/rosidl_generator_c/cpp_package/msg/detail/obstacle_feedback__type_support.c.o
[ 38%] Building C object CMakeFiles/cpp_package__rosidl_generator_c.dir/rosidl_generator_c/cpp_package/msg/detail/nav_hint__description.c.o
[ 40%] Building C object CMakeFiles/cpp_package__rosidl_generator_c.dir/rosidl_generator_c/cpp_package/msg/detail/nav_hint__functions.c.o
[ 41%] Building C object CMakeFiles/cpp_package__rosidl_generator_c.dir/rosidl_generator_c/cpp_package/msg/detail/nav_hint__type_support.c.o
[ 42%] Linking C shared library libcpp_package__rosidl_generator_c.so
[ 42%] Built target cpp_package__rosidl_generator_c
running egg_info
creating cpp_package.egg-info
writing cpp_package.egg-info/PKG-INFO
writing dependency_links to cpp_package.egg-info/dependency_links.txt
writing top-level names to cpp_package.egg-info/top_level.txt
writing manifest file 'cpp_package.egg-info/SOURCES.txt'
reading manifest file 'cpp_package.egg-info/SOURCES.txt'
writing manifest file 'cpp_package.egg-info/SOURCES.txt'
[ 42%] Built target ament_cmake_python_build_cpp_package_egg
[ 43%] Generating C++ type support dispatch for ROS interfaces
[ 44%] Building CXX object CMakeFiles/cpp_package__rosidl_typesupport_cpp.dir/rosidl_typesupport_cpp/cpp_package/msg/obstacle_feedback__type_support.cpp.o
[ 45%] Building CXX object CMakeFiles/cpp_package__rosidl_typesupport_cpp.dir/rosidl_typesupport_cpp/cpp_package/msg/nav_hint__type_support.cpp.o
[ 46%] Linking CXX shared library libcpp_package__rosidl_typesupport_cpp.so
[ 46%] Built target cpp_package__rosidl_typesupport_cpp
[ 47%] Generating C type support for eProsima Fast-RTPS
[ 48%] Building CXX object CMakeFiles/cpp_package__rosidl_typesupport_fastrtps_c.dir/rosidl_typesupport_fastrtps_c/cpp_package/msg/detail/obstacle_feedback__type_support_c.cpp.o
[ 50%] Building CXX object CMakeFiles/cpp_package__rosidl_typesupport_fastrtps_c.dir/rosidl_typesupport_fastrtps_c/cpp_package/msg/detail/nav_hint__type_support_c.cpp.o
[ 51%] Linking CXX shared library libcpp_package__rosidl_typesupport_fastrtps_c.so
[ 51%] Built target cpp_package__rosidl_typesupport_fastrtps_c
[ 52%] Generating C++ type support for eProsima Fast-RTPS
[ 53%] Building CXX object CMakeFiles/cpp_package__rosidl_typesupport_fastrtps_cpp.dir/rosidl_typesupport_fastrtps_cpp/cpp_package/msg/detail/dds_fastrtps/obstacle_feedback__type_support.cpp.o
[ 54%] Building CXX object CMakeFiles/cpp_package__rosidl_typesupport_fastrtps_cpp.dir/rosidl_typesupport_fastrtps_cpp/cpp_package/msg/detail/dds_fastrtps/nav_hint__type_support.cpp.o
[ 55%] Linking CXX shared library libcpp_package__rosidl_typesupport_fastrtps_cpp.so
[ 55%] Built target cpp_package__rosidl_typesupport_fastrtps_cpp
[ 56%] Generating C introspection for ROS interfaces
[ 57%] Building C object CMakeFiles/cpp_package__rosidl_typesupport_introspection_c.dir/rosidl_typesupport_introspection_c/cpp_package/msg/detail/obstacle_feedback__type_support.c.o
[ 58%] Building C object CMakeFiles/cpp_package__rosidl_typesupport_introspection_c.dir/rosidl_typesupport_introspection_c/cpp_package/msg/detail/nav_hint__type_support.c.o
[ 60%] Linking C shared library libcpp_package__rosidl_typesupport_introspection_c.so
[ 60%] Built target cpp_package__rosidl_typesupport_introspection_c
[ 61%] Generating C type support dispatch for ROS interfaces
[ 62%] Building CXX object CMakeFiles/cpp_package__rosidl_typesupport_c.dir/rosidl_typesupport_c/cpp_package/msg/obstacle_feedback__type_support.cpp.o
[ 63%] Building CXX object CMakeFiles/cpp_package__rosidl_typesupport_c.dir/rosidl_typesupport_c/cpp_package/msg/nav_hint__type_support.cpp.o
[ 64%] Linking CXX shared library libcpp_package__rosidl_typesupport_c.so
[ 64%] Built target cpp_package__rosidl_typesupport_c
[ 65%] Generating C++ introspection for ROS interfaces
[ 66%] Building CXX object CMakeFiles/cpp_package__rosidl_typesupport_introspection_cpp.dir/rosidl_typesupport_introspection_cpp/cpp_package/msg/detail/obstacle_feedback__type_support.cpp.o
[ 67%] Building CXX object CMakeFiles/cpp_package__rosidl_typesupport_introspection_cpp.dir/rosidl_typesupport_introspection_cpp/cpp_package/msg/detail/nav_hint__type_support.cpp.o
[ 68%] Linking CXX shared library libcpp_package__rosidl_typesupport_introspection_cpp.so
[ 68%] Built target cpp_package__rosidl_typesupport_introspection_cpp
[ 70%] Building CXX object CMakeFiles/obstacle_evaluator_node.dir/src/obstacle_evaluator_node.cpp.o
[ 71%] Linking CXX executable obstacle_evaluator_node
[ 71%] Built target obstacle_evaluator_node
[ 72%] Building CXX object CMakeFiles/navigation_hint_node.dir/src/navigation_hint_node.cpp.o
[ 73%] Linking CXX executable navigation_hint_node
[ 73%] Built target navigation_hint_node
[ 74%] Building CXX object CMakeFiles/haptic_driver_node.dir/src/haptic_driver_node.cpp.o
[ 75%] Building CXX object CMakeFiles/ground_plane_fitter_node.dir/src/ground_plane_fitter_node.cpp.o
[ 76%] Linking CXX executable haptic_driver_node
[ 76%] Built target haptic_driver_node
[ 77%] Building CXX object CMakeFiles/ground_plane_fitter_no_voxel_node.dir/src/ground_plane_fitter_no_voxel_node.cpp.o
[ 78%] Linking CXX executable ground_plane_fitter_node
[ 80%] Linking CXX executable ground_plane_fitter_no_voxel_node
[ 80%] Built target ground_plane_fitter_node
[ 80%] Built target ground_plane_fitter_no_voxel_node
[ 81%] Building CXX object CMakeFiles/ground_plane_fitter_lock_plane_node.dir/src/ground_plane_fitter_lock_plane_node.cpp.o
[ 82%] Linking CXX executable ground_plane_fitter_lock_plane_node
[ 82%] Built target ground_plane_fitter_lock_plane_node
[ 83%] Building CXX object CMakeFiles/stable_ground_fitter_node.dir/src/stable_ground_fitter_node.cpp.o
[ 84%] Linking CXX executable stable_ground_fitter_node
[ 84%] Built target stable_ground_fitter_node
[ 84%] Built target cpp_package
[ 85%] Building CXX object CMakeFiles/imu_odometry_node.dir/src/imu_odometry_node.cpp.o
[ 86%] Linking CXX executable imu_odometry_node
[ 86%] Built target imu_odometry_node
[ 87%] Generating Python code for ROS interfaces
[ 87%] Built target cpp_package__py
[ 88%] Building CXX object CMakeFiles/height_ground_detector_node.dir/src/height_ground_detector_node.cpp.o
[ 90%] Linking CXX executable height_ground_detector_node
[ 90%] Built target height_ground_detector_node
[ 91%] Building C object CMakeFiles/cpp_package__rosidl_generator_py.dir/rosidl_generator_py/cpp_package/msg/_obstacle_feedback_s.c.o
[ 92%] Building C object CMakeFiles/cpp_package__rosidl_generator_py.dir/rosidl_generator_py/cpp_package/msg/_nav_hint_s.c.o
[ 93%] Linking C shared library libcpp_package__rosidl_generator_py.so
[ 93%] Built target cpp_package__rosidl_generator_py
[ 94%] Building C object CMakeFiles/cpp_package_s__rosidl_typesupport_fastrtps_c.dir/rosidl_generator_py/cpp_package/_cpp_package_s.ep.rosidl_typesupport_fastrtps_c.c.o
[ 95%] Linking C shared module rosidl_generator_py/cpp_package/cpp_package_s__rosidl_typesupport_fastrtps_c.so
[ 95%] Built target cpp_package_s__rosidl_typesupport_fastrtps_c
[ 96%] Building C object CMakeFiles/cpp_package_s__rosidl_typesupport_c.dir/rosidl_generator_py/cpp_package/_cpp_package_s.ep.rosidl_typesupport_c.c.o
[ 97%] Linking C shared module rosidl_generator_py/cpp_package/cpp_package_s__rosidl_typesupport_c.so
[ 97%] Built target cpp_package_s__rosidl_typesupport_c
[ 98%] Building C object CMakeFiles/cpp_package_s__rosidl_typesupport_introspection_c.dir/rosidl_generator_py/cpp_package/_cpp_package_s.ep.rosidl_typesupport_introspection_c.c.o
[100%] Linking C shared module rosidl_generator_py/cpp_package/cpp_package_s__rosidl_typesupport_introspection_c.so
[100%] Built target cpp_package_s__rosidl_typesupport_introspection_c
-- Install configuration: ""
-- Installing: /home/p/ros2_ws/src/install/cpp_package/share/ament_index/resource_index/rosidl_interfaces/cpp_package
-- Installing: /home/p/ros2_ws/src/install/cpp_package/share/cpp_package/msg/ObstacleFeedback.json
-- Installing: /home/p/ros2_ws/src/install/cpp_package/share/cpp_package/msg/NavHint.json
-- Installing: /home/p/ros2_ws/src/install/cpp_package/include/cpp_package/cpp_package
-- Installing: /home/p/ros2_ws/src/install/cpp_package/include/cpp_package/cpp_package/msg
-- Installing: /home/p/ros2_ws/src/install/cpp_package/include/cpp_package/cpp_package/msg/rosidl_generator_c__visibility_control.h
-- Installing: /home/p/ros2_ws/src/install/cpp_package/include/cpp_package/cpp_package/msg/detail
-- Installing: /home/p/ros2_ws/src/install/cpp_package/include/cpp_package/cpp_package/msg/detail/nav_hint__description.c
-- Installing: /home/p/ros2_ws/src/install/cpp_package/include/cpp_package/cpp_package/msg/detail/nav_hint__type_support.c
-- Installing: /home/p/ros2_ws/src/install/cpp_package/include/cpp_package/cpp_package/msg/detail/nav_hint__struct.h
-- Installing: /home/p/ros2_ws/src/install/cpp_package/include/cpp_package/cpp_package/msg/detail/nav_hint__functions.h
-- Installing: /home/p/ros2_ws/src/install/cpp_package/include/cpp_package/cpp_package/msg/detail/nav_hint__functions.c
-- Installing: /home/p/ros2_ws/src/install/cpp_package/include/cpp_package/cpp_package/msg/detail/nav_hint__type_support.h
-- Installing: /home/p/ros2_ws/src/install/cpp_package/include/cpp_package/cpp_package/msg/detail/obstacle_feedback__type_support.h
-- Installing: /home/p/ros2_ws/src/install/cpp_package/include/cpp_package/cpp_package/msg/detail/obstacle_feedback__struct.h
-- Installing: /home/p/ros2_ws/src/install/cpp_package/include/cpp_package/cpp_package/msg/detail/obstacle_feedback__type_support.c
-- Installing: /home/p/ros2_ws/src/install/cpp_package/include/cpp_package/cpp_package/msg/detail/obstacle_feedback__description.c
-- Installing: /home/p/ros2_ws/src/install/cpp_package/include/cpp_package/cpp_package/msg/detail/obstacle_feedback__functions.c
-- Installing: /home/p/ros2_ws/src/install/cpp_package/include/cpp_package/cpp_package/msg/detail/obstacle_feedback__functions.h
-- Installing: /home/p/ros2_ws/src/install/cpp_package/include/cpp_package/cpp_package/msg/obstacle_feedback.h
-- Installing: /home/p/ros2_ws/src/install/cpp_package/include/cpp_package/cpp_package/msg/nav_hint.h
-- Installing: /home/p/ros2_ws/src/install/cpp_package/share/cpp_package/environment/library_path.sh
-- Installing: /home/p/ros2_ws/src/install/cpp_package/share/cpp_package/environment/library_path.dsv
-- Installing: /home/p/ros2_ws/src/install/cpp_package/lib/libcpp_package__rosidl_generator_c.so
-- Set non-toolchain portion of runtime path of "/home/p/ros2_ws/src/install/cpp_package/lib/libcpp_package__rosidl_generator_c.so" to ""
-- Up-to-date: /home/p/ros2_ws/src/install/cpp_package/include/cpp_package/cpp_package
-- Up-to-date: /home/p/ros2_ws/src/install/cpp_package/include/cpp_package/cpp_package/msg
-- Installing: /home/p/ros2_ws/src/install/cpp_package/include/cpp_package/cpp_package/msg/rosidl_typesupport_fastrtps_c__visibility_control.h
-- Up-to-date: /home/p/ros2_ws/src/install/cpp_package/include/cpp_package/cpp_package/msg/detail
-- Installing: /home/p/ros2_ws/src/install/cpp_package/include/cpp_package/cpp_package/msg/detail/nav_hint__rosidl_typesupport_fastrtps_c.h
-- Installing: /home/p/ros2_ws/src/install/cpp_package/include/cpp_package/cpp_package/msg/detail/obstacle_feedback__rosidl_typesupport_fastrtps_c.h
-- Installing: /home/p/ros2_ws/src/install/cpp_package/lib/libcpp_package__rosidl_typesupport_fastrtps_c.so
-- Set non-toolchain portion of runtime path of "/home/p/ros2_ws/src/install/cpp_package/lib/libcpp_package__rosidl_typesupport_fastrtps_c.so" to ""
-- Up-to-date: /home/p/ros2_ws/src/install/cpp_package/include/cpp_package/cpp_package
-- Up-to-date: /home/p/ros2_ws/src/install/cpp_package/include/cpp_package/cpp_package/msg
-- Installing: /home/p/ros2_ws/src/install/cpp_package/include/cpp_package/cpp_package/msg/obstacle_feedback.hpp
-- Installing: /home/p/ros2_ws/src/install/cpp_package/include/cpp_package/cpp_package/msg/nav_hint.hpp
-- Up-to-date: /home/p/ros2_ws/src/install/cpp_package/include/cpp_package/cpp_package/msg/detail
-- Installing: /home/p/ros2_ws/src/install/cpp_package/include/cpp_package/cpp_package/msg/detail/obstacle_feedback__traits.hpp
-- Installing: /home/p/ros2_ws/src/install/cpp_package/include/cpp_package/cpp_package/msg/detail/nav_hint__traits.hpp
-- Installing: /home/p/ros2_ws/src/install/cpp_package/include/cpp_package/cpp_package/msg/detail/obstacle_feedback__type_support.hpp
-- Installing: /home/p/ros2_ws/src/install/cpp_package/include/cpp_package/cpp_package/msg/detail/nav_hint__builder.hpp
-- Installing: /home/p/ros2_ws/src/install/cpp_package/include/cpp_package/cpp_package/msg/detail/obstacle_feedback__struct.hpp
-- Installing: /home/p/ros2_ws/src/install/cpp_package/include/cpp_package/cpp_package/msg/detail/obstacle_feedback__builder.hpp
-- Installing: /home/p/ros2_ws/src/install/cpp_package/include/cpp_package/cpp_package/msg/detail/nav_hint__struct.hpp
-- Installing: /home/p/ros2_ws/src/install/cpp_package/include/cpp_package/cpp_package/msg/detail/nav_hint__type_support.hpp
-- Installing: /home/p/ros2_ws/src/install/cpp_package/include/cpp_package/cpp_package/msg/rosidl_generator_cpp__visibility_control.hpp
-- Up-to-date: /home/p/ros2_ws/src/install/cpp_package/include/cpp_package/cpp_package
-- Up-to-date: /home/p/ros2_ws/src/install/cpp_package/include/cpp_package/cpp_package/msg
-- Up-to-date: /home/p/ros2_ws/src/install/cpp_package/include/cpp_package/cpp_package/msg/detail
-- Installing: /home/p/ros2_ws/src/install/cpp_package/include/cpp_package/cpp_package/msg/detail/dds_fastrtps
-- Installing: /home/p/ros2_ws/src/install/cpp_package/include/cpp_package/cpp_package/msg/detail/obstacle_feedback__rosidl_typesupport_fastrtps_cpp.hpp
-- Installing: /home/p/ros2_ws/src/install/cpp_package/include/cpp_package/cpp_package/msg/detail/nav_hint__rosidl_typesupport_fastrtps_cpp.hpp
-- Installing: /home/p/ros2_ws/src/install/cpp_package/include/cpp_package/cpp_package/msg/rosidl_typesupport_fastrtps_cpp__visibility_control.h
-- Installing: /home/p/ros2_ws/src/install/cpp_package/lib/libcpp_package__rosidl_typesupport_fastrtps_cpp.so
-- Set non-toolchain portion of runtime path of "/home/p/ros2_ws/src/install/cpp_package/lib/libcpp_package__rosidl_typesupport_fastrtps_cpp.so" to ""
-- Up-to-date: /home/p/ros2_ws/src/install/cpp_package/include/cpp_package/cpp_package
-- Up-to-date: /home/p/ros2_ws/src/install/cpp_package/include/cpp_package/cpp_package/msg
-- Up-to-date: /home/p/ros2_ws/src/install/cpp_package/include/cpp_package/cpp_package/msg/detail
-- Installing: /home/p/ros2_ws/src/install/cpp_package/include/cpp_package/cpp_package/msg/detail/nav_hint__rosidl_typesupport_introspection_c.h
-- Installing: /home/p/ros2_ws/src/install/cpp_package/include/cpp_package/cpp_package/msg/detail/nav_hint__type_support.c
-- Installing: /home/p/ros2_ws/src/install/cpp_package/include/cpp_package/cpp_package/msg/detail/obstacle_feedback__rosidl_typesupport_introspection_c.h
-- Installing: /home/p/ros2_ws/src/install/cpp_package/include/cpp_package/cpp_package/msg/detail/obstacle_feedback__type_support.c
-- Installing: /home/p/ros2_ws/src/install/cpp_package/include/cpp_package/cpp_package/msg/rosidl_typesupport_introspection_c__visibility_control.h
-- Installing: /home/p/ros2_ws/src/install/cpp_package/lib/libcpp_package__rosidl_typesupport_introspection_c.so
-- Set non-toolchain portion of runtime path of "/home/p/ros2_ws/src/install/cpp_package/lib/libcpp_package__rosidl_typesupport_introspection_c.so" to ""
-- Installing: /home/p/ros2_ws/src/install/cpp_package/lib/libcpp_package__rosidl_typesupport_c.so
-- Set non-toolchain portion of runtime path of "/home/p/ros2_ws/src/install/cpp_package/lib/libcpp_package__rosidl_typesupport_c.so" to ""
-- Up-to-date: /home/p/ros2_ws/src/install/cpp_package/include/cpp_package/cpp_package
-- Up-to-date: /home/p/ros2_ws/src/install/cpp_package/include/cpp_package/cpp_package/msg
-- Up-to-date: /home/p/ros2_ws/src/install/cpp_package/include/cpp_package/cpp_package/msg/detail
-- Installing: /home/p/ros2_ws/src/install/cpp_package/include/cpp_package/cpp_package/msg/detail/nav_hint__type_support.cpp
-- Installing: /home/p/ros2_ws/src/install/cpp_package/include/cpp_package/cpp_package/msg/detail/obstacle_feedback__type_support.cpp
-- Installing: /home/p/ros2_ws/src/install/cpp_package/include/cpp_package/cpp_package/msg/detail/obstacle_feedback__rosidl_typesupport_introspection_cpp.hpp
-- Installing: /home/p/ros2_ws/src/install/cpp_package/include/cpp_package/cpp_package/msg/detail/nav_hint__rosidl_typesupport_introspection_cpp.hpp
-- Installing: /home/p/ros2_ws/src/install/cpp_package/lib/libcpp_package__rosidl_typesupport_introspection_cpp.so
-- Set non-toolchain portion of runtime path of "/home/p/ros2_ws/src/install/cpp_package/lib/libcpp_package__rosidl_typesupport_introspection_cpp.so" to ""
-- Installing: /home/p/ros2_ws/src/install/cpp_package/lib/libcpp_package__rosidl_typesupport_cpp.so
-- Set non-toolchain portion of runtime path of "/home/p/ros2_ws/src/install/cpp_package/lib/libcpp_package__rosidl_typesupport_cpp.so" to ""
-- Installing: /home/p/ros2_ws/src/install/cpp_package/share/cpp_package/environment/pythonpath.sh
-- Installing: /home/p/ros2_ws/src/install/cpp_package/share/cpp_package/environment/pythonpath.dsv
-- Installing: /home/p/ros2_ws/src/install/cpp_package/lib/python3.12/site-packages/cpp_package-0.0.1-py3.12.egg-info
-- Installing: /home/p/ros2_ws/src/install/cpp_package/lib/python3.12/site-packages/cpp_package-0.0.1-py3.12.egg-info/dependency_links.txt
-- Installing: /home/p/ros2_ws/src/install/cpp_package/lib/python3.12/site-packages/cpp_package-0.0.1-py3.12.egg-info/PKG-INFO
-- Installing: /home/p/ros2_ws/src/install/cpp_package/lib/python3.12/site-packages/cpp_package-0.0.1-py3.12.egg-info/top_level.txt
-- Installing: /home/p/ros2_ws/src/install/cpp_package/lib/python3.12/site-packages/cpp_package-0.0.1-py3.12.egg-info/SOURCES.txt
-- Installing: /home/p/ros2_ws/src/install/cpp_package/lib/python3.12/site-packages/cpp_package
-- Installing: /home/p/ros2_ws/src/install/cpp_package/lib/python3.12/site-packages/cpp_package/cpp_package_s__rosidl_typesupport_introspection_c.so
-- Installing: /home/p/ros2_ws/src/install/cpp_package/lib/python3.12/site-packages/cpp_package/_cpp_package_s.ep.rosidl_typesupport_fastrtps_c.c
-- Installing: /home/p/ros2_ws/src/install/cpp_package/lib/python3.12/site-packages/cpp_package/__init__.py
-- Installing: /home/p/ros2_ws/src/install/cpp_package/lib/python3.12/site-packages/cpp_package/cpp_package_s__rosidl_typesupport_c.so
-- Installing: /home/p/ros2_ws/src/install/cpp_package/lib/python3.12/site-packages/cpp_package/msg
-- Installing: /home/p/ros2_ws/src/install/cpp_package/lib/python3.12/site-packages/cpp_package/msg/_nav_hint.py
-- Installing: /home/p/ros2_ws/src/install/cpp_package/lib/python3.12/site-packages/cpp_package/msg/_obstacle_feedback_s.c
-- Installing: /home/p/ros2_ws/src/install/cpp_package/lib/python3.12/site-packages/cpp_package/msg/_nav_hint_s.c
-- Installing: /home/p/ros2_ws/src/install/cpp_package/lib/python3.12/site-packages/cpp_package/msg/__init__.py
-- Installing: /home/p/ros2_ws/src/install/cpp_package/lib/python3.12/site-packages/cpp_package/msg/_obstacle_feedback.py
-- Installing: /home/p/ros2_ws/src/install/cpp_package/lib/python3.12/site-packages/cpp_package/_cpp_package_s.ep.rosidl_typesupport_c.c
-- Installing: /home/p/ros2_ws/src/install/cpp_package/lib/python3.12/site-packages/cpp_package/cpp_package_s__rosidl_typesupport_fastrtps_c.so
-- Installing: /home/p/ros2_ws/src/install/cpp_package/lib/python3.12/site-packages/cpp_package/_cpp_package_s.ep.rosidl_typesupport_introspection_c.c
Listing '/home/p/ros2_ws/src/install/cpp_package/lib/python3.12/site-packages/cpp_package'...
Compiling '/home/p/ros2_ws/src/install/cpp_package/lib/python3.12/site-packages/cpp_package/__init__.py'...
Listing '/home/p/ros2_ws/src/install/cpp_package/lib/python3.12/site-packages/cpp_package/msg'...
Compiling '/home/p/ros2_ws/src/install/cpp_package/lib/python3.12/site-packages/cpp_package/msg/__init__.py'...
Compiling '/home/p/ros2_ws/src/install/cpp_package/lib/python3.12/site-packages/cpp_package/msg/_nav_hint.py'...
Compiling '/home/p/ros2_ws/src/install/cpp_package/lib/python3.12/site-packages/cpp_package/msg/_obstacle_feedback.py'...
-- Installing: /home/p/ros2_ws/src/install/cpp_package/lib/python3.12/site-packages/cpp_package/cpp_package_s__rosidl_typesupport_fastrtps_c.so
-- Set non-toolchain portion of runtime path of "/home/p/ros2_ws/src/install/cpp_package/lib/python3.12/site-packages/cpp_package/cpp_package_s__rosidl_typesupport_fastrtps_c.so" to ""
-- Installing: /home/p/ros2_ws/src/install/cpp_package/lib/python3.12/site-packages/cpp_package/cpp_package_s__rosidl_typesupport_introspection_c.so
-- Set non-toolchain portion of runtime path of "/home/p/ros2_ws/src/install/cpp_package/lib/python3.12/site-packages/cpp_package/cpp_package_s__rosidl_typesupport_introspection_c.so" to ""
-- Installing: /home/p/ros2_ws/src/install/cpp_package/lib/python3.12/site-packages/cpp_package/cpp_package_s__rosidl_typesupport_c.so
-- Set non-toolchain portion of runtime path of "/home/p/ros2_ws/src/install/cpp_package/lib/python3.12/site-packages/cpp_package/cpp_package_s__rosidl_typesupport_c.so" to ""
-- Installing: /home/p/ros2_ws/src/install/cpp_package/lib/libcpp_package__rosidl_generator_py.so
-- Set non-toolchain portion of runtime path of "/home/p/ros2_ws/src/install/cpp_package/lib/libcpp_package__rosidl_generator_py.so" to ""
-- Installing: /home/p/ros2_ws/src/install/cpp_package/share/cpp_package/msg/ObstacleFeedback.idl
-- Installing: /home/p/ros2_ws/src/install/cpp_package/share/cpp_package/msg/NavHint.idl
-- Installing: /home/p/ros2_ws/src/install/cpp_package/share/cpp_package/msg/ObstacleFeedback.msg
-- Installing: /home/p/ros2_ws/src/install/cpp_package/share/cpp_package/msg/NavHint.msg
-- Installing: /home/p/ros2_ws/src/install/cpp_package/lib/cpp_package/icp_3d_odom_node
-- Set non-toolchain portion of runtime path of "/home/p/ros2_ws/src/install/cpp_package/lib/cpp_package/icp_3d_odom_node" to ""
-- Installing: /home/p/ros2_ws/src/install/cpp_package/lib/cpp_package/pointcloud_formatter_node
-- Set non-toolchain portion of runtime path of "/home/p/ros2_ws/src/install/cpp_package/lib/cpp_package/pointcloud_formatter_node" to ""
-- Installing: /home/p/ros2_ws/src/install/cpp_package/lib/cpp_package/front_cloud_filter_node
-- Set non-toolchain portion of runtime path of "/home/p/ros2_ws/src/install/cpp_package/lib/cpp_package/front_cloud_filter_node" to ""
-- Installing: /home/p/ros2_ws/src/install/cpp_package/lib/cpp_package/obstacle_evaluator_node
-- Set non-toolchain portion of runtime path of "/home/p/ros2_ws/src/install/cpp_package/lib/cpp_package/obstacle_evaluator_node" to ""
-- Installing: /home/p/ros2_ws/src/install/cpp_package/lib/cpp_package/navigation_hint_node
-- Set non-toolchain portion of runtime path of "/home/p/ros2_ws/src/install/cpp_package/lib/cpp_package/navigation_hint_node" to ""
-- Installing: /home/p/ros2_ws/src/install/cpp_package/lib/cpp_package/haptic_driver_node
-- Set non-toolchain portion of runtime path of "/home/p/ros2_ws/src/install/cpp_package/lib/cpp_package/haptic_driver_node" to ""
-- Installing: /home/p/ros2_ws/src/install/cpp_package/lib/cpp_package/deskew_node
-- Set non-toolchain portion of runtime path of "/home/p/ros2_ws/src/install/cpp_package/lib/cpp_package/deskew_node" to ""
-- Installing: /home/p/ros2_ws/src/install/cpp_package/lib/cpp_package/obstacle_detector_node
-- Set non-toolchain portion of runtime path of "/home/p/ros2_ws/src/install/cpp_package/lib/cpp_package/obstacle_detector_node" to ""
-- Installing: /home/p/ros2_ws/src/install/cpp_package/lib/cpp_package/point_cloud_sweeper_cpp_node
-- Set non-toolchain portion of runtime path of "/home/p/ros2_ws/src/install/cpp_package/lib/cpp_package/point_cloud_sweeper_cpp_node" to ""
-- Installing: /home/p/ros2_ws/src/install/cpp_package/lib/cpp_package/point_cloud_accumulator_cpp_node
-- Set non-toolchain portion of runtime path of "/home/p/ros2_ws/src/install/cpp_package/lib/cpp_package/point_cloud_accumulator_cpp_node" to ""
-- Installing: /home/p/ros2_ws/src/install/cpp_package/lib/cpp_package/point_cloud_voxel_filter_cpp_node
-- Set non-toolchain portion of runtime path of "/home/p/ros2_ws/src/install/cpp_package/lib/cpp_package/point_cloud_voxel_filter_cpp_node" to ""
-- Installing: /home/p/ros2_ws/src/install/cpp_package/lib/cpp_package/point_cloud_passthrough_filter_cpp_node
-- Set non-toolchain portion of runtime path of "/home/p/ros2_ws/src/install/cpp_package/lib/cpp_package/point_cloud_passthrough_filter_cpp_node" to ""
-- Installing: /home/p/ros2_ws/src/install/cpp_package/lib/cpp_package/point_cloud_statistical_outlier_remover_cpp_node
-- Set non-toolchain portion of runtime path of "/home/p/ros2_ws/src/install/cpp_package/lib/cpp_package/point_cloud_statistical_outlier_remover_cpp_node" to ""
-- Installing: /home/p/ros2_ws/src/install/cpp_package/lib/cpp_package/point_count_sweeper_node
-- Set non-toolchain portion of runtime path of "/home/p/ros2_ws/src/install/cpp_package/lib/cpp_package/point_count_sweeper_node" to ""
-- Installing: /home/p/ros2_ws/src/install/cpp_package/lib/cpp_package/z_variance_sweeper_node
-- Set non-toolchain portion of runtime path of "/home/p/ros2_ws/src/install/cpp_package/lib/cpp_package/z_variance_sweeper_node" to ""
-- Installing: /home/p/ros2_ws/src/install/cpp_package/lib/cpp_package/stable_ground_detector_node
-- Set non-toolchain portion of runtime path of "/home/p/ros2_ws/src/install/cpp_package/lib/cpp_package/stable_ground_detector_node" to ""
-- Installing: /home/p/ros2_ws/src/install/cpp_package/lib/cpp_package/ground_plane_fitter_node
-- Set non-toolchain portion of runtime path of "/home/p/ros2_ws/src/install/cpp_package/lib/cpp_package/ground_plane_fitter_node" to ""
-- Installing: /home/p/ros2_ws/src/install/cpp_package/lib/cpp_package/ground_plane_fitter_no_voxel_node
-- Set non-toolchain portion of runtime path of "/home/p/ros2_ws/src/install/cpp_package/lib/cpp_package/ground_plane_fitter_no_voxel_node" to ""
-- Installing: /home/p/ros2_ws/src/install/cpp_package/lib/cpp_package/ground_plane_fitter_lock_plane_node
-- Set non-toolchain portion of runtime path of "/home/p/ros2_ws/src/install/cpp_package/lib/cpp_package/ground_plane_fitter_lock_plane_node" to ""
-- Installing: /home/p/ros2_ws/src/install/cpp_package/lib/cpp_package/stable_ground_fitter_node
-- Set non-toolchain portion of runtime path of "/home/p/ros2_ws/src/install/cpp_package/lib/cpp_package/stable_ground_fitter_node" to ""
-- Installing: /home/p/ros2_ws/src/install/cpp_package/lib/cpp_package/projected_ground_detector_node
-- Set non-toolchain portion of runtime path of "/home/p/ros2_ws/src/install/cpp_package/lib/cpp_package/projected_ground_detector_node" to ""
-- Installing: /home/p/ros2_ws/src/install/cpp_package/lib/cpp_package/height_ground_detector_node
-- Set non-toolchain portion of runtime path of "/home/p/ros2_ws/src/install/cpp_package/lib/cpp_package/height_ground_detector_node" to ""
-- Installing: /home/p/ros2_ws/src/install/cpp_package/lib/cpp_package/imu_odometry_node
-- Set non-toolchain portion of runtime path of "/home/p/ros2_ws/src/install/cpp_package/lib/cpp_package/imu_odometry_node" to ""
-- Installing: /home/p/ros2_ws/src/install/cpp_package/share/cpp_package/launch
-- Installing: /home/p/ros2_ws/src/install/cpp_package/share/cpp_package/launch/icp_odom.launch.py
-- Installing: /home/p/ros2_ws/src/install/cpp_package/share/cpp_package/launch/assistive_nav.launch.py
-- Installing: /home/p/ros2_ws/src/install/cpp_package/share/cpp_package/launch/front_cloud_filter.launch.py
-- Installing: /home/p/ros2_ws/src/install/cpp_package/share/ament_index/resource_index/package_run_dependencies/cpp_package
-- Installing: /home/p/ros2_ws/src/install/cpp_package/share/ament_index/resource_index/parent_prefix_path/cpp_package
-- Installing: /home/p/ros2_ws/src/install/cpp_package/share/cpp_package/environment/ament_prefix_path.sh
-- Installing: /home/p/ros2_ws/src/install/cpp_package/share/cpp_package/environment/ament_prefix_path.dsv
-- Installing: /home/p/ros2_ws/src/install/cpp_package/share/cpp_package/environment/path.sh
-- Installing: /home/p/ros2_ws/src/install/cpp_package/share/cpp_package/environment/path.dsv
-- Installing: /home/p/ros2_ws/src/install/cpp_package/share/cpp_package/local_setup.bash
-- Installing: /home/p/ros2_ws/src/install/cpp_package/share/cpp_package/local_setup.sh
-- Installing: /home/p/ros2_ws/src/install/cpp_package/share/cpp_package/local_setup.zsh
-- Installing: /home/p/ros2_ws/src/install/cpp_package/share/cpp_package/local_setup.dsv
-- Installing: /home/p/ros2_ws/src/install/cpp_package/share/cpp_package/package.dsv
-- Installing: /home/p/ros2_ws/src/install/cpp_package/share/ament_index/resource_index/packages/cpp_package
-- Installing: /home/p/ros2_ws/src/install/cpp_package/share/cpp_package/cmake/export_cpp_package__rosidl_generator_cExport.cmake
-- Installing: /home/p/ros2_ws/src/install/cpp_package/share/cpp_package/cmake/export_cpp_package__rosidl_generator_cExport-noconfig.cmake
-- Installing: /home/p/ros2_ws/src/install/cpp_package/share/cpp_package/cmake/export_cpp_package__rosidl_typesupport_fastrtps_cExport.cmake
-- Installing: /home/p/ros2_ws/src/install/cpp_package/share/cpp_package/cmake/export_cpp_package__rosidl_typesupport_fastrtps_cExport-noconfig.cmake
-- Installing: /home/p/ros2_ws/src/install/cpp_package/share/cpp_package/cmake/export_cpp_package__rosidl_generator_cppExport.cmake
-- Installing: /home/p/ros2_ws/src/install/cpp_package/share/cpp_package/cmake/export_cpp_package__rosidl_typesupport_fastrtps_cppExport.cmake
-- Installing: /home/p/ros2_ws/src/install/cpp_package/share/cpp_package/cmake/export_cpp_package__rosidl_typesupport_fastrtps_cppExport-noconfig.cmake
-- Installing: /home/p/ros2_ws/src/install/cpp_package/share/cpp_package/cmake/cpp_package__rosidl_typesupport_introspection_cExport.cmake
-- Installing: /home/p/ros2_ws/src/install/cpp_package/share/cpp_package/cmake/cpp_package__rosidl_typesupport_introspection_cExport-noconfig.cmake
-- Installing: /home/p/ros2_ws/src/install/cpp_package/share/cpp_package/cmake/cpp_package__rosidl_typesupport_cExport.cmake
-- Installing: /home/p/ros2_ws/src/install/cpp_package/share/cpp_package/cmake/cpp_package__rosidl_typesupport_cExport-noconfig.cmake
-- Installing: /home/p/ros2_ws/src/install/cpp_package/share/cpp_package/cmake/cpp_package__rosidl_typesupport_introspection_cppExport.cmake
-- Installing: /home/p/ros2_ws/src/install/cpp_package/share/cpp_package/cmake/cpp_package__rosidl_typesupport_introspection_cppExport-noconfig.cmake
-- Installing: /home/p/ros2_ws/src/install/cpp_package/share/cpp_package/cmake/cpp_package__rosidl_typesupport_cppExport.cmake
-- Installing: /home/p/ros2_ws/src/install/cpp_package/share/cpp_package/cmake/cpp_package__rosidl_typesupport_cppExport-noconfig.cmake
-- Installing: /home/p/ros2_ws/src/install/cpp_package/share/cpp_package/cmake/export_cpp_package__rosidl_generator_pyExport.cmake
-- Installing: /home/p/ros2_ws/src/install/cpp_package/share/cpp_package/cmake/export_cpp_package__rosidl_generator_pyExport-noconfig.cmake
-- Installing: /home/p/ros2_ws/src/install/cpp_package/share/cpp_package/cmake/rosidl_cmake-extras.cmake
-- Installing: /home/p/ros2_ws/src/install/cpp_package/share/cpp_package/cmake/ament_cmake_export_dependencies-extras.cmake
-- Installing: /home/p/ros2_ws/src/install/cpp_package/share/cpp_package/cmake/ament_cmake_export_include_directories-extras.cmake
-- Installing: /home/p/ros2_ws/src/install/cpp_package/share/cpp_package/cmake/ament_cmake_export_libraries-extras.cmake
-- Installing: /home/p/ros2_ws/src/install/cpp_package/share/cpp_package/cmake/ament_cmake_export_targets-extras.cmake
-- Installing: /home/p/ros2_ws/src/install/cpp_package/share/cpp_package/cmake/rosidl_cmake_export_typesupport_targets-extras.cmake
-- Installing: /home/p/ros2_ws/src/install/cpp_package/share/cpp_package/cmake/rosidl_cmake_export_typesupport_libraries-extras.cmake
-- Installing: /home/p/ros2_ws/src/install/cpp_package/share/cpp_package/cmake/cpp_packageConfig.cmake
-- Installing: /home/p/ros2_ws/src/install/cpp_package/share/cpp_package/cmake/cpp_packageConfig-version.cmake
-- Installing: /home/p/ros2_ws/src/install/cpp_package/share/cpp_package/package.xml
