[0.017s] Invoking command in '/home/p/ros2_ws/src/build/cpp_package': CMAKE_PREFIX_PATH=${CMAKE_PREFIX_PATH}:/home/p/ros2_ws/install/sweep_builder:/home/p/ros2_ws/install/optical_cane_rpi:/home/p/ros2_ws/install/mpu9250:/opt/ros/jazzy DEBUGINFOD_URLS=https://debuginfod.ubuntu.com /usr/bin/cmake /home/p/ros2_ws/src/cpp_package -DCMAKE_INSTALL_PREFIX=/home/p/ros2_ws/src/install/cpp_package
[0.137s] -- The C compiler identification is GNU 13.3.0
[0.255s] -- The CXX compiler identification is GNU 13.3.0
[0.288s] -- Detecting C compiler ABI info
[0.844s] -- Detecting C compiler ABI info - done
[0.981s] -- Check for working C compiler: /usr/bin/cc - skipped
[0.981s] -- Detecting C compile features
[0.981s] -- Detecting C compile features - done
[1.021s] -- Detecting CXX compiler ABI info
[1.512s] -- Detecting CXX compiler ABI info - done
[1.560s] -- Check for working CXX compiler: /usr/bin/c++ - skipped
[1.561s] -- Detecting CXX compile features
[1.572s] -- Detecting CXX compile features - done
[1.597s] -- Found ament_cmake: 2.5.4 (/opt/ros/jazzy/share/ament_cmake/cmake)
[2.079s] -- Found Python3: /usr/bin/python3 (found version "3.12.3") found components: Interpreter 
[2.379s] -- Found rclcpp: 28.1.10 (/opt/ros/jazzy/share/rclcpp/cmake)
[2.486s] -- Found rosidl_generator_c: 4.6.5 (/opt/ros/jazzy/share/rosidl_generator_c/cmake)
[2.521s] -- Found rosidl_generator_cpp: 4.6.5 (/opt/ros/jazzy/share/rosidl_generator_cpp/cmake)
[2.563s] -- Using all available rosidl_typesupport_c: rosidl_typesupport_fastrtps_c;rosidl_typesupport_introspection_c
[2.608s] -- Using all available rosidl_typesupport_cpp: rosidl_typesupport_fastrtps_cpp;rosidl_typesupport_introspection_cpp
[2.871s] -- Found rmw_implementation_cmake: 7.3.2 (/opt/ros/jazzy/share/rmw_implementation_cmake/cmake)
[2.875s] -- Found rmw_fastrtps_cpp: 8.4.2 (/opt/ros/jazzy/share/rmw_fastrtps_cpp/cmake)
[3.227s] -- Found OpenSSL: /usr/lib/aarch64-linux-gnu/libcrypto.so (found version "3.0.13")  
[3.344s] -- Found FastRTPS: /opt/ros/jazzy/include (Required is at least version "2.13") 
[3.502s] -- Using RMW implementation 'rmw_fastrtps_cpp' as default
[3.794s] -- Found sensor_msgs: 5.3.6 (/opt/ros/jazzy/share/sensor_msgs/cmake)
[4.179s] -- Found nav_msgs: 5.3.6 (/opt/ros/jazzy/share/nav_msgs/cmake)
[4.519s] -- Found visualization_msgs: 5.3.6 (/opt/ros/jazzy/share/visualization_msgs/cmake)
[4.854s] -- Found tf2_ros: 0.36.12 (/opt/ros/jazzy/share/tf2_ros/cmake)
[6.560s] -- Found tf2_geometry_msgs: 0.36.12 (/opt/ros/jazzy/share/tf2_geometry_msgs/cmake)
[6.657s] -- Found eigen3_cmake_module: 0.3.0 (/opt/ros/jazzy/share/eigen3_cmake_module/cmake)
[6.668s] -- Found Eigen3: TRUE (found version "3.4.0") 
[6.668s] -- Ensuring Eigen3 include directory is part of orocos-kdl CMake target
[6.693s] -- Found tf2_eigen: 0.36.12 (/opt/ros/jazzy/share/tf2_eigen/cmake)
[6.754s] -- Found rosidl_default_generators: 1.6.0 (/opt/ros/jazzy/share/rosidl_default_generators/cmake)
[6.956s] -- Found rosidl_adapter: 4.6.5 (/opt/ros/jazzy/share/rosidl_adapter/cmake)
[6.985s] -- Found pcl_ros: 2.6.2 (/opt/ros/jazzy/share/pcl_ros/cmake)
[7.681s] CMake Warning (dev) at /usr/lib/aarch64-linux-gnu/cmake/pcl/Modules/FindFLANN.cmake:45 (find_package):
[7.681s]   Policy CMP0144 is not set: find_package uses upper-case <PACKAGENAME>_ROOT
[7.682s]   variables.  Run "cmake --help-policy CMP0144" for policy details.  Use the
[7.682s]   cmake_policy command to set the policy and suppress this warning.
[7.682s] 
[7.682s]   CMake variable FLANN_ROOT is set to:
[7.682s] 
[7.682s]     /usr
[7.682s] 
[7.684s]   For compatibility, find_package is ignoring the variable, but code in a
[7.684s]   .cmake module might still use it.
[7.684s] Call Stack (most recent call first):
[7.685s]   /usr/lib/aarch64-linux-gnu/cmake/pcl/PCLConfig.cmake:261 (find_package)
[7.685s]   /usr/lib/aarch64-linux-gnu/cmake/pcl/PCLConfig.cmake:306 (find_flann)
[7.685s]   /usr/lib/aarch64-linux-gnu/cmake/pcl/PCLConfig.cmake:570 (find_external_library)
[7.685s]   /opt/ros/jazzy/share/pcl_conversions/cmake/ament_cmake_export_dependencies-extras.cmake:21 (find_package)
[7.685s]   /opt/ros/jazzy/share/pcl_conversions/cmake/pcl_conversionsConfig.cmake:41 (include)
[7.685s]   /opt/ros/jazzy/share/pcl_ros/cmake/ament_cmake_export_dependencies-extras.cmake:21 (find_package)
[7.685s]   /opt/ros/jazzy/share/pcl_ros/cmake/pcl_rosConfig.cmake:41 (include)
[7.685s]   CMakeLists.txt:30 (find_package)
[7.685s] This warning is for project developers.  Use -Wno-dev to suppress it.
[7.685s] 
[7.704s] -- Found flann version 1.9.2
[9.819s] -- Found OpenMP_CXX: -fopenmp (found version "4.5") 
[9.823s] -- Found OpenMP: TRUE (found version "4.5") found components: CXX 
[20.263s] -- Checking for module 'libusb-1.0'
[20.369s] --   Found libusb-1.0, version 1.0.27
[20.665s] -- Found libusb: /usr/lib/aarch64-linux-gnu/libusb-1.0.so  
[20.686s] -- OpenNI found (version: 1.5.4.0, include: /usr/include/ni, lib: /usr/lib/libOpenNI.so;libusb::libusb)
[21.045s] -- OpenNI2 found (version: 2.2.0.33, include: /usr/include/openni2, lib: /usr/lib/aarch64-linux-gnu/libOpenNI2.so;libusb::libusb)
[21.073s] -- Could NOT find Pcap (missing: PCAP_LIBRARIES PCAP_INCLUDE_DIRS) 
[21.137s] -- Found ZLIB: /usr/lib/aarch64-linux-gnu/libz.so (found version "1.3")  
[21.215s] -- Found PNG: /usr/lib/aarch64-linux-gnu/libpng.so (found version "1.6.43") 
[22.683s] -- OpenNI found (version: 1.5.4.0, include: /usr/include/ni, lib: /usr/lib/libOpenNI.so;libusb::libusb)
[22.702s] -- OpenNI2 found (version: 2.2.0.33, include: /usr/include/openni2, lib: /usr/lib/aarch64-linux-gnu/libOpenNI2.so;libusb::libusb)
[24.779s] -- Found Qhull version 8.0.2
[27.027s] -- OpenNI found (version: 1.5.4.0, include: /usr/include/ni, lib: /usr/lib/libOpenNI.so;libusb::libusb)
[28.799s] -- Found PCL_COMMON: /usr/lib/aarch64-linux-gnu/libpcl_common.so  
[28.809s] -- Found PCL_KDTREE: /usr/lib/aarch64-linux-gnu/libpcl_kdtree.so  
[28.815s] -- Found PCL_OCTREE: /usr/lib/aarch64-linux-gnu/libpcl_octree.so  
[28.819s] -- Found PCL_SEARCH: /usr/lib/aarch64-linux-gnu/libpcl_search.so  
[28.827s] -- Found PCL_SAMPLE_CONSENSUS: /usr/lib/aarch64-linux-gnu/libpcl_sample_consensus.so  
[28.831s] -- Found PCL_FILTERS: /usr/lib/aarch64-linux-gnu/libpcl_filters.so  
[28.836s] -- Found PCL_2D: /usr/include/pcl-1.14  
[28.845s] -- Found PCL_GEOMETRY: /usr/include/pcl-1.14  
[28.848s] -- Found PCL_IO: /usr/lib/aarch64-linux-gnu/libpcl_io.so  
[28.858s] -- Found PCL_FEATURES: /usr/lib/aarch64-linux-gnu/libpcl_features.so  
[28.860s] -- Found PCL_ML: /usr/lib/aarch64-linux-gnu/libpcl_ml.so  
[28.870s] -- Found PCL_SEGMENTATION: /usr/lib/aarch64-linux-gnu/libpcl_segmentation.so  
[28.873s] -- Found PCL_VISUALIZATION: /usr/lib/aarch64-linux-gnu/libpcl_visualization.so  
[28.879s] -- Found PCL_SURFACE: /usr/lib/aarch64-linux-gnu/libpcl_surface.so  
[28.892s] -- Found PCL_REGISTRATION: /usr/lib/aarch64-linux-gnu/libpcl_registration.so  
[28.895s] -- Found PCL_KEYPOINTS: /usr/lib/aarch64-linux-gnu/libpcl_keypoints.so  
[28.913s] -- Found PCL_TRACKING: /usr/lib/aarch64-linux-gnu/libpcl_tracking.so  
[28.918s] -- Found PCL_RECOGNITION: /usr/lib/aarch64-linux-gnu/libpcl_recognition.so  
[28.929s] -- Found PCL_STEREO: /usr/lib/aarch64-linux-gnu/libpcl_stereo.so  
[28.941s] -- Found PCL_APPS: /usr/lib/aarch64-linux-gnu/libpcl_apps.so  
[28.944s] -- Found PCL_IN_HAND_SCANNER: /usr/include/pcl-1.14  
[28.954s] -- Found PCL_MODELER: /usr/include/pcl-1.14  
[28.954s] -- Found PCL_POINT_CLOUD_EDITOR: /usr/include/pcl-1.14  
[28.960s] -- Found PCL_OUTOFCORE: /usr/lib/aarch64-linux-gnu/libpcl_outofcore.so  
[28.964s] -- Found PCL_PEOPLE: /usr/lib/aarch64-linux-gnu/libpcl_people.so  
[29.034s] CMake Warning (dev) at CMakeLists.txt:32 (find_package):
[29.039s]   Policy CMP0074 is not set: find_package uses <PackageName>_ROOT variables.
[29.039s]   Run "cmake --help-policy CMP0074" for policy details.  Use the cmake_policy
[29.039s]   command to set the policy and suppress this warning.
[29.039s] 
[29.039s]   CMake variable PCL_ROOT is set to:
[29.039s] 
[29.039s]     /usr
[29.039s] 
[29.040s]   For compatibility, CMake is ignoring the variable.
[29.040s] This warning is for project developers.  Use -Wno-dev to suppress it.
[29.040s] 
[32.532s] -- Found ament_cmake_ros: 0.12.0 (/opt/ros/jazzy/share/ament_cmake_ros/cmake)
[36.223s] -- Using all available rosidl_typesupport_c: rosidl_typesupport_fastrtps_c;rosidl_typesupport_introspection_c
[37.295s] -- Using all available rosidl_typesupport_cpp: rosidl_typesupport_fastrtps_cpp;rosidl_typesupport_introspection_cpp
[37.315s] -- Found python_cmake_module: 0.11.1 (/opt/ros/jazzy/share/python_cmake_module/cmake)
[37.863s] -- Found PythonExtra: /usr/bin/python3  
[39.862s] -- Found Python3: /usr/bin/python3 (found version "3.12.3") found components: Interpreter Development NumPy Development.Module Development.Embed 
[40.642s] -- Configuring done (40.6s)
[43.777s] -- Generating done (2.4s)
[44.064s] -- Build files have been written to: /home/p/ros2_ws/src/build/cpp_package
[44.283s] Invoked command in '/home/p/ros2_ws/src/build/cpp_package' returned '0': CMAKE_PREFIX_PATH=${CMAKE_PREFIX_PATH}:/home/p/ros2_ws/install/sweep_builder:/home/p/ros2_ws/install/optical_cane_rpi:/home/p/ros2_ws/install/mpu9250:/opt/ros/jazzy DEBUGINFOD_URLS=https://debuginfod.ubuntu.com /usr/bin/cmake /home/p/ros2_ws/src/cpp_package -DCMAKE_INSTALL_PREFIX=/home/p/ros2_ws/src/install/cpp_package
[44.292s] Invoking command in '/home/p/ros2_ws/src/build/cpp_package': CMAKE_PREFIX_PATH=${CMAKE_PREFIX_PATH}:/home/p/ros2_ws/install/sweep_builder:/home/p/ros2_ws/install/optical_cane_rpi:/home/p/ros2_ws/install/mpu9250:/opt/ros/jazzy DEBUGINFOD_URLS=https://debuginfod.ubuntu.com /usr/bin/cmake --build /home/p/ros2_ws/src/build/cpp_package -- -j4 -l4
[44.603s] [  1%] Generating type hashes for ROS interfaces
[45.684s] [  1%] Built target cpp_package__rosidl_generator_type_description
[45.775s] [  2%] Building CXX object CMakeFiles/pointcloud_formatter_node.dir/src/pointcloud_formatter_node.cpp.o
[86.362s] [  3%] Linking CXX executable pointcloud_formatter_node
[90.955s] [  3%] Built target pointcloud_formatter_node
[91.076s] [  4%] Building CXX object CMakeFiles/front_cloud_filter_node.dir/src/front_cloud_filter_node.cpp.o
[121.698s] [  5%] Linking CXX executable front_cloud_filter_node
[124.841s] [  5%] Built target front_cloud_filter_node
[124.931s] [  6%] Building CXX object CMakeFiles/deskew_node.dir/src/deskew_node.cpp.o
[160.646s] [  7%] Linking CXX executable deskew_node
[163.751s] [  7%] Built target deskew_node
[163.805s] [  8%] Building CXX object CMakeFiles/obstacle_detector_node.dir/src/obstacle_detector_node.cpp.o
[175.255s] /home/p/ros2_ws/src/cpp_package/src/obstacle_detector_node.cpp: In member function ‘void ObstacleDetectorNode::cloud_callback(sensor_msgs::msg::PointCloud2_<std::allocator<void> >::SharedPtr)’:
[175.256s] /home/p/ros2_ws/src/cpp_package/src/obstacle_detector_node.cpp:54:43: warning: comparison of integer expressions of different signedness: ‘std::vector<pcl::PointXYZ, Eigen::aligned_allocator<pcl::PointXYZ> >::size_type’ {aka ‘long unsigned int’} and ‘int64_t’ {aka ‘long int’} [-Wsign-compare]
[175.256s]    54 |         if (cloud_filtered->points.size() < this->get_parameter("min_points_for_plane").as_int()) {
[175.256s]       |             ~~~~~~~~~~~~~~~~~~~~~~~~~~~~~~^~~~~~~~~~~~~~~~~~~~~~~~~~~~~~~~~~~~~~~~~~~~~~~~~~~~~~
[191.353s] [ 10%] Linking CXX executable obstacle_detector_node
[195.888s] [ 10%] Built target obstacle_detector_node
[195.955s] [ 11%] Building CXX object CMakeFiles/point_cloud_sweeper_cpp_node.dir/src/point_cloud_sweeper_cpp_node.cpp.o
[221.502s] [ 12%] Linking CXX executable point_cloud_sweeper_cpp_node
[223.568s] [ 12%] Built target point_cloud_sweeper_cpp_node
[223.616s] [ 13%] Building CXX object CMakeFiles/point_cloud_accumulator_cpp_node.dir/src/point_cloud_accumulator_cpp_node.cpp.o
[247.734s] [ 14%] Linking CXX executable point_cloud_accumulator_cpp_node
[249.860s] [ 14%] Built target point_cloud_accumulator_cpp_node
[249.910s] [ 15%] Building CXX object CMakeFiles/point_cloud_voxel_filter_cpp_node.dir/src/point_cloud_voxel_filter_cpp_node.cpp.o
[270.968s] [ 16%] Building CXX object CMakeFiles/point_cloud_passthrough_filter_cpp_node.dir/src/point_cloud_passthrough_filter_cpp_node.cpp.o
[272.102s] [ 17%] Building CXX object CMakeFiles/icp_3d_odom_node.dir/src/icp_3d_odom_node.cpp.o
[273.160s] [ 17%] Built target ament_cmake_python_copy_cpp_package
[273.268s] [ 18%] Building CXX object CMakeFiles/point_cloud_statistical_outlier_remover_cpp_node.dir/src/point_cloud_statistical_outlier_remover_cpp_node.cpp.o
[276.727s] [ 20%] Linking CXX executable point_cloud_voxel_filter_cpp_node
[282.135s] [ 20%] Built target point_cloud_voxel_filter_cpp_node
[294.993s] In file included from /opt/ros/jazzy/include/rclcpp/rclcpp/logging.hpp:24,
[294.993s]                  from /opt/ros/jazzy/include/rclcpp/rclcpp/copy_all_parameter_values.hpp:27,
[294.993s]                  from /opt/ros/jazzy/include/rclcpp/rclcpp/rclcpp.hpp:171,
[294.994s]                  from /home/p/ros2_ws/src/cpp_package/src/icp_3d_odom_node.cpp:1:
[294.994s] /home/p/ros2_ws/src/cpp_package/src/icp_3d_odom_node.cpp: In member function ‘void ICP3DOdomNode::scanImuCallback(const sensor_msgs::msg::LaserScan_<std::allocator<void> >::ConstSharedPtr&, const sensor_msgs::msg::Imu_<std::allocator<void> >::ConstSharedPtr&)’:
[294.994s] /home/p/ros2_ws/src/cpp_package/src/icp_3d_odom_node.cpp:134:49: warning: format ‘%f’ expects argument of type ‘double’, but argument 5 has type ‘std::chrono::duration<long int, std::ratio<1, 1000> >::rep’ {aka ‘long int’} [-Wformat=]
[294.994s]   134 |                 RCLCPP_WARN(this->get_logger(), "Slow processing: %.1fms (fitness: %.3f)",
[294.994s]       |                                                 ^~~~~~~~~~~~~~~~~~~~~~~~~~~~~~~~~~~~~~~~~
[294.994s]   135 |                            duration.count(), icp_.getFitnessScore());
[294.995s]       |                            ~~~~~~~~~~~~~~~~      
[294.995s]       |                                          |
[294.995s]       |                                          std::chrono::duration<long int, std::ratio<1, 1000> >::rep {aka long int}
[294.998s] /home/p/ros2_ws/src/cpp_package/src/icp_3d_odom_node.cpp:134:70: note: format string is defined here
[294.998s]   134 |                 RCLCPP_WARN(this->get_logger(), "Slow processing: %.1fms (fitness: %.3f)",
[294.998s]       |                                                                   ~~~^
[294.999s]       |                                                                      |
[294.999s]       |                                                                      double
[294.999s]       |                                                                   %.1ld
[310.187s] [ 21%] Linking CXX executable point_cloud_passthrough_filter_cpp_node
[312.112s] [ 22%] Linking CXX executable point_cloud_statistical_outlier_remover_cpp_node
[314.772s] [ 22%] Built target point_cloud_passthrough_filter_cpp_node
[316.002s] [ 22%] Built target point_cloud_statistical_outlier_remover_cpp_node
[331.791s] [ 23%] Linking CXX executable icp_3d_odom_node
[340.236s] [ 23%] Built target icp_3d_odom_node
[340.283s] [ 24%] Building CXX object CMakeFiles/stable_ground_detector_node.dir/src/stable_ground_detector_node.cpp.o
[351.331s] [ 25%] Building CXX object CMakeFiles/projected_ground_detector_node.dir/src/projected_ground_detector_node.cpp.o
[352.426s] [ 26%] Building CXX object CMakeFiles/z_variance_sweeper_node.dir/src/z_variance_sweeper_node.cpp.o
[353.484s] [ 27%] Building CXX object CMakeFiles/point_count_sweeper_node.dir/src/point_count_sweeper_node.cpp.o
[377.177s] [ 28%] Linking CXX executable stable_ground_detector_node
[381.745s] [ 28%] Built target stable_ground_detector_node
[392.723s] [ 30%] Linking CXX executable z_variance_sweeper_node
[396.219s] [ 30%] Built target z_variance_sweeper_node
[396.676s] [ 31%] Linking CXX executable point_count_sweeper_node
[396.931s] [ 32%] Linking CXX executable projected_ground_detector_node
[400.061s] [ 32%] Built target point_count_sweeper_node
[402.117s] [ 32%] Built target projected_ground_detector_node
[402.175s] [ 33%] Generating C++ code for ROS interfaces
[403.148s] [ 33%] Built target cpp_package__cpp
[403.174s] [ 34%] Generating C code for ROS interfaces
[404.007s] [ 35%] Building C object CMakeFiles/cpp_package__rosidl_generator_c.dir/rosidl_generator_c/cpp_package/msg/detail/obstacle_feedback__description.c.o
[404.094s] [ 36%] Building C object CMakeFiles/cpp_package__rosidl_generator_c.dir/rosidl_generator_c/cpp_package/msg/detail/obstacle_feedback__functions.c.o
[404.194s] [ 37%] Building C object CMakeFiles/cpp_package__rosidl_generator_c.dir/rosidl_generator_c/cpp_package/msg/detail/obstacle_feedback__type_support.c.o
[404.262s] [ 38%] Building C object CMakeFiles/cpp_package__rosidl_generator_c.dir/rosidl_generator_c/cpp_package/msg/detail/nav_hint__description.c.o
[404.351s] [ 40%] Building C object CMakeFiles/cpp_package__rosidl_generator_c.dir/rosidl_generator_c/cpp_package/msg/detail/nav_hint__functions.c.o
[404.464s] [ 41%] Building C object CMakeFiles/cpp_package__rosidl_generator_c.dir/rosidl_generator_c/cpp_package/msg/detail/nav_hint__type_support.c.o
[404.551s] [ 42%] Linking C shared library libcpp_package__rosidl_generator_c.so
[404.656s] [ 42%] Built target cpp_package__rosidl_generator_c
[405.403s] running egg_info
[405.404s] creating cpp_package.egg-info
[405.486s] writing cpp_package.egg-info/PKG-INFO
[405.487s] writing dependency_links to cpp_package.egg-info/dependency_links.txt
[405.487s] writing top-level names to cpp_package.egg-info/top_level.txt
[405.488s] writing manifest file 'cpp_package.egg-info/SOURCES.txt'
[405.684s] reading manifest file 'cpp_package.egg-info/SOURCES.txt'
[405.684s] writing manifest file 'cpp_package.egg-info/SOURCES.txt'
[405.773s] [ 42%] Built target ament_cmake_python_build_cpp_package_egg
[405.799s] [ 43%] Generating C++ type support dispatch for ROS interfaces
[406.259s] [ 44%] Building CXX object CMakeFiles/cpp_package__rosidl_typesupport_cpp.dir/rosidl_typesupport_cpp/cpp_package/msg/obstacle_feedback__type_support.cpp.o
[406.835s] [ 45%] Building CXX object CMakeFiles/cpp_package__rosidl_typesupport_cpp.dir/rosidl_typesupport_cpp/cpp_package/msg/nav_hint__type_support.cpp.o
[407.393s] [ 46%] Linking CXX shared library libcpp_package__rosidl_typesupport_cpp.so
[407.487s] [ 46%] Built target cpp_package__rosidl_typesupport_cpp
[407.510s] [ 47%] Generating C type support for eProsima Fast-RTPS
[408.167s] [ 48%] Building CXX object CMakeFiles/cpp_package__rosidl_typesupport_fastrtps_c.dir/rosidl_typesupport_fastrtps_c/cpp_package/msg/detail/obstacle_feedback__type_support_c.cpp.o
[409.126s] [ 50%] Building CXX object CMakeFiles/cpp_package__rosidl_typesupport_fastrtps_c.dir/rosidl_typesupport_fastrtps_c/cpp_package/msg/detail/nav_hint__type_support_c.cpp.o
[409.943s] [ 51%] Linking CXX shared library libcpp_package__rosidl_typesupport_fastrtps_c.so
[410.220s] [ 51%] Built target cpp_package__rosidl_typesupport_fastrtps_c
[410.245s] [ 52%] Generating C++ type support for eProsima Fast-RTPS
[410.873s] [ 53%] Building CXX object CMakeFiles/cpp_package__rosidl_typesupport_fastrtps_cpp.dir/rosidl_typesupport_fastrtps_cpp/cpp_package/msg/detail/dds_fastrtps/obstacle_feedback__type_support.cpp.o
[411.725s] [ 54%] Building CXX object CMakeFiles/cpp_package__rosidl_typesupport_fastrtps_cpp.dir/rosidl_typesupport_fastrtps_cpp/cpp_package/msg/detail/dds_fastrtps/nav_hint__type_support.cpp.o
[412.582s] [ 55%] Linking CXX shared library libcpp_package__rosidl_typesupport_fastrtps_cpp.so
[412.814s] [ 55%] Built target cpp_package__rosidl_typesupport_fastrtps_cpp
[412.837s] [ 56%] Generating C introspection for ROS interfaces
[413.390s] [ 57%] Building C object CMakeFiles/cpp_package__rosidl_typesupport_introspection_c.dir/rosidl_typesupport_introspection_c/cpp_package/msg/detail/obstacle_feedback__type_support.c.o
[413.500s] [ 58%] Building C object CMakeFiles/cpp_package__rosidl_typesupport_introspection_c.dir/rosidl_typesupport_introspection_c/cpp_package/msg/detail/nav_hint__type_support.c.o
[413.602s] [ 60%] Linking C shared library libcpp_package__rosidl_typesupport_introspection_c.so
[413.708s] [ 60%] Built target cpp_package__rosidl_typesupport_introspection_c
[413.736s] [ 61%] Generating C type support dispatch for ROS interfaces
[414.344s] [ 62%] Building CXX object CMakeFiles/cpp_package__rosidl_typesupport_c.dir/rosidl_typesupport_c/cpp_package/msg/obstacle_feedback__type_support.cpp.o
[414.478s] [ 63%] Building CXX object CMakeFiles/cpp_package__rosidl_typesupport_c.dir/rosidl_typesupport_c/cpp_package/msg/nav_hint__type_support.cpp.o
[414.642s] [ 64%] Linking CXX shared library libcpp_package__rosidl_typesupport_c.so
[414.747s] [ 64%] Built target cpp_package__rosidl_typesupport_c
[414.800s] [ 65%] Generating C++ introspection for ROS interfaces
[415.443s] [ 66%] Building CXX object CMakeFiles/cpp_package__rosidl_typesupport_introspection_cpp.dir/rosidl_typesupport_introspection_cpp/cpp_package/msg/detail/obstacle_feedback__type_support.cpp.o
[416.142s] [ 67%] Building CXX object CMakeFiles/cpp_package__rosidl_typesupport_introspection_cpp.dir/rosidl_typesupport_introspection_cpp/cpp_package/msg/detail/nav_hint__type_support.cpp.o
[416.789s] [ 68%] Linking CXX shared library libcpp_package__rosidl_typesupport_introspection_cpp.so
[416.963s] [ 68%] Built target cpp_package__rosidl_typesupport_introspection_cpp
[417.008s] [ 70%] Building CXX object CMakeFiles/obstacle_evaluator_node.dir/src/obstacle_evaluator_node.cpp.o
[439.740s] [ 71%] Linking CXX executable obstacle_evaluator_node
[442.073s] [ 71%] Built target obstacle_evaluator_node
[442.120s] [ 72%] Building CXX object CMakeFiles/navigation_hint_node.dir/src/navigation_hint_node.cpp.o
[457.342s] [ 73%] Linking CXX executable navigation_hint_node
[458.231s] [ 73%] Built target navigation_hint_node
[458.276s] [ 74%] Building CXX object CMakeFiles/haptic_driver_node.dir/src/haptic_driver_node.cpp.o
[471.380s] [ 75%] Building CXX object CMakeFiles/ground_plane_fitter_node.dir/src/ground_plane_fitter_node.cpp.o
[472.172s] [ 76%] Linking CXX executable haptic_driver_node
[473.178s] [ 76%] Built target haptic_driver_node
[474.302s] [ 77%] Building CXX object CMakeFiles/ground_plane_fitter_no_voxel_node.dir/src/ground_plane_fitter_no_voxel_node.cpp.o
[505.098s] [ 78%] Linking CXX executable ground_plane_fitter_node
[506.131s] [ 80%] Linking CXX executable ground_plane_fitter_no_voxel_node
[512.406s] [ 80%] Built target ground_plane_fitter_node
[512.912s] [ 80%] Built target ground_plane_fitter_no_voxel_node
[512.959s] [ 81%] Building CXX object CMakeFiles/ground_plane_fitter_lock_plane_node.dir/src/ground_plane_fitter_lock_plane_node.cpp.o
[542.204s] [ 82%] Linking CXX executable ground_plane_fitter_lock_plane_node
[546.849s] [ 82%] Built target ground_plane_fitter_lock_plane_node
[546.896s] [ 83%] Building CXX object CMakeFiles/stable_ground_fitter_node.dir/src/stable_ground_fitter_node.cpp.o
[576.224s] [ 84%] Linking CXX executable stable_ground_fitter_node
[582.037s] [ 84%] Built target stable_ground_fitter_node
[582.093s] [ 84%] Built target cpp_package
[582.155s] [ 85%] Building CXX object CMakeFiles/imu_odometry_node.dir/src/imu_odometry_node.cpp.o
[598.965s] [ 86%] Linking CXX executable imu_odometry_node
[601.271s] [ 86%] Built target imu_odometry_node
[601.338s] [ 87%] Generating Python code for ROS interfaces
[602.958s] [ 87%] Built target cpp_package__py
[603.020s] [ 88%] Building CXX object CMakeFiles/height_ground_detector_node.dir/src/height_ground_detector_node.cpp.o
[630.332s] [ 90%] Linking CXX executable height_ground_detector_node
[633.881s] [ 90%] Built target height_ground_detector_node
[633.934s] [ 91%] Building C object CMakeFiles/cpp_package__rosidl_generator_py.dir/rosidl_generator_py/cpp_package/msg/_obstacle_feedback_s.c.o
[634.273s] [ 92%] Building C object CMakeFiles/cpp_package__rosidl_generator_py.dir/rosidl_generator_py/cpp_package/msg/_nav_hint_s.c.o
[634.548s] [ 93%] Linking C shared library libcpp_package__rosidl_generator_py.so
[634.671s] [ 93%] Built target cpp_package__rosidl_generator_py
[634.728s] [ 94%] Building C object CMakeFiles/cpp_package_s__rosidl_typesupport_fastrtps_c.dir/rosidl_generator_py/cpp_package/_cpp_package_s.ep.rosidl_typesupport_fastrtps_c.c.o
[634.970s] [ 95%] Linking C shared module rosidl_generator_py/cpp_package/cpp_package_s__rosidl_typesupport_fastrtps_c.so
[635.056s] [ 95%] Built target cpp_package_s__rosidl_typesupport_fastrtps_c
[635.121s] [ 96%] Building C object CMakeFiles/cpp_package_s__rosidl_typesupport_c.dir/rosidl_generator_py/cpp_package/_cpp_package_s.ep.rosidl_typesupport_c.c.o
[635.348s] [ 97%] Linking C shared module rosidl_generator_py/cpp_package/cpp_package_s__rosidl_typesupport_c.so
[635.427s] [ 97%] Built target cpp_package_s__rosidl_typesupport_c
[635.480s] [ 98%] Building C object CMakeFiles/cpp_package_s__rosidl_typesupport_introspection_c.dir/rosidl_generator_py/cpp_package/_cpp_package_s.ep.rosidl_typesupport_introspection_c.c.o
[635.767s] [100%] Linking C shared module rosidl_generator_py/cpp_package/cpp_package_s__rosidl_typesupport_introspection_c.so
[635.842s] [100%] Built target cpp_package_s__rosidl_typesupport_introspection_c
[635.878s] Invoked command in '/home/p/ros2_ws/src/build/cpp_package' returned '0': CMAKE_PREFIX_PATH=${CMAKE_PREFIX_PATH}:/home/p/ros2_ws/install/sweep_builder:/home/p/ros2_ws/install/optical_cane_rpi:/home/p/ros2_ws/install/mpu9250:/opt/ros/jazzy DEBUGINFOD_URLS=https://debuginfod.ubuntu.com /usr/bin/cmake --build /home/p/ros2_ws/src/build/cpp_package -- -j4 -l4
[635.881s] Invoking command in '/home/p/ros2_ws/src/build/cpp_package': CMAKE_PREFIX_PATH=${CMAKE_PREFIX_PATH}:/home/p/ros2_ws/install/sweep_builder:/home/p/ros2_ws/install/optical_cane_rpi:/home/p/ros2_ws/install/mpu9250:/opt/ros/jazzy DEBUGINFOD_URLS=https://debuginfod.ubuntu.com /usr/bin/cmake --install /home/p/ros2_ws/src/build/cpp_package
[635.900s] -- Install configuration: ""
[635.901s] -- Installing: /home/p/ros2_ws/src/install/cpp_package/share/ament_index/resource_index/rosidl_interfaces/cpp_package
[635.901s] -- Installing: /home/p/ros2_ws/src/install/cpp_package/share/cpp_package/msg/ObstacleFeedback.json
[635.902s] -- Installing: /home/p/ros2_ws/src/install/cpp_package/share/cpp_package/msg/NavHint.json
[635.903s] -- Installing: /home/p/ros2_ws/src/install/cpp_package/include/cpp_package/cpp_package
[635.904s] -- Installing: /home/p/ros2_ws/src/install/cpp_package/include/cpp_package/cpp_package/msg
[635.904s] -- Installing: /home/p/ros2_ws/src/install/cpp_package/include/cpp_package/cpp_package/msg/rosidl_generator_c__visibility_control.h
[635.904s] -- Installing: /home/p/ros2_ws/src/install/cpp_package/include/cpp_package/cpp_package/msg/detail
[635.904s] -- Installing: /home/p/ros2_ws/src/install/cpp_package/include/cpp_package/cpp_package/msg/detail/nav_hint__description.c
[635.904s] -- Installing: /home/p/ros2_ws/src/install/cpp_package/include/cpp_package/cpp_package/msg/detail/nav_hint__type_support.c
[635.905s] -- Installing: /home/p/ros2_ws/src/install/cpp_package/include/cpp_package/cpp_package/msg/detail/nav_hint__struct.h
[635.905s] -- Installing: /home/p/ros2_ws/src/install/cpp_package/include/cpp_package/cpp_package/msg/detail/nav_hint__functions.h
[635.905s] -- Installing: /home/p/ros2_ws/src/install/cpp_package/include/cpp_package/cpp_package/msg/detail/nav_hint__functions.c
[635.905s] -- Installing: /home/p/ros2_ws/src/install/cpp_package/include/cpp_package/cpp_package/msg/detail/nav_hint__type_support.h
[635.905s] -- Installing: /home/p/ros2_ws/src/install/cpp_package/include/cpp_package/cpp_package/msg/detail/obstacle_feedback__type_support.h
[635.906s] -- Installing: /home/p/ros2_ws/src/install/cpp_package/include/cpp_package/cpp_package/msg/detail/obstacle_feedback__struct.h
[635.906s] -- Installing: /home/p/ros2_ws/src/install/cpp_package/include/cpp_package/cpp_package/msg/detail/obstacle_feedback__type_support.c
[635.907s] -- Installing: /home/p/ros2_ws/src/install/cpp_package/include/cpp_package/cpp_package/msg/detail/obstacle_feedback__description.c
[635.908s] -- Installing: /home/p/ros2_ws/src/install/cpp_package/include/cpp_package/cpp_package/msg/detail/obstacle_feedback__functions.c
[635.911s] -- Installing: /home/p/ros2_ws/src/install/cpp_package/include/cpp_package/cpp_package/msg/detail/obstacle_feedback__functions.h
[635.911s] -- Installing: /home/p/ros2_ws/src/install/cpp_package/include/cpp_package/cpp_package/msg/obstacle_feedback.h
[635.911s] -- Installing: /home/p/ros2_ws/src/install/cpp_package/include/cpp_package/cpp_package/msg/nav_hint.h
[635.911s] -- Installing: /home/p/ros2_ws/src/install/cpp_package/share/cpp_package/environment/library_path.sh
[635.914s] -- Installing: /home/p/ros2_ws/src/install/cpp_package/share/cpp_package/environment/library_path.dsv
[635.914s] -- Installing: /home/p/ros2_ws/src/install/cpp_package/lib/libcpp_package__rosidl_generator_c.so
[635.914s] -- Set non-toolchain portion of runtime path of "/home/p/ros2_ws/src/install/cpp_package/lib/libcpp_package__rosidl_generator_c.so" to ""
[635.914s] -- Up-to-date: /home/p/ros2_ws/src/install/cpp_package/include/cpp_package/cpp_package
[635.914s] -- Up-to-date: /home/p/ros2_ws/src/install/cpp_package/include/cpp_package/cpp_package/msg
[635.914s] -- Installing: /home/p/ros2_ws/src/install/cpp_package/include/cpp_package/cpp_package/msg/rosidl_typesupport_fastrtps_c__visibility_control.h
[635.914s] -- Up-to-date: /home/p/ros2_ws/src/install/cpp_package/include/cpp_package/cpp_package/msg/detail
[635.915s] -- Installing: /home/p/ros2_ws/src/install/cpp_package/include/cpp_package/cpp_package/msg/detail/nav_hint__rosidl_typesupport_fastrtps_c.h
[635.915s] -- Installing: /home/p/ros2_ws/src/install/cpp_package/include/cpp_package/cpp_package/msg/detail/obstacle_feedback__rosidl_typesupport_fastrtps_c.h
[635.915s] -- Installing: /home/p/ros2_ws/src/install/cpp_package/lib/libcpp_package__rosidl_typesupport_fastrtps_c.so
[635.915s] -- Set non-toolchain portion of runtime path of "/home/p/ros2_ws/src/install/cpp_package/lib/libcpp_package__rosidl_typesupport_fastrtps_c.so" to ""
[635.916s] -- Up-to-date: /home/p/ros2_ws/src/install/cpp_package/include/cpp_package/cpp_package
[635.916s] -- Up-to-date: /home/p/ros2_ws/src/install/cpp_package/include/cpp_package/cpp_package/msg
[635.917s] -- Installing: /home/p/ros2_ws/src/install/cpp_package/include/cpp_package/cpp_package/msg/obstacle_feedback.hpp
[635.917s] -- Installing: /home/p/ros2_ws/src/install/cpp_package/include/cpp_package/cpp_package/msg/nav_hint.hpp
[635.918s] -- Up-to-date: /home/p/ros2_ws/src/install/cpp_package/include/cpp_package/cpp_package/msg/detail
[635.918s] -- Installing: /home/p/ros2_ws/src/install/cpp_package/include/cpp_package/cpp_package/msg/detail/obstacle_feedback__traits.hpp
[635.918s] -- Installing: /home/p/ros2_ws/src/install/cpp_package/include/cpp_package/cpp_package/msg/detail/nav_hint__traits.hpp
[635.919s] -- Installing: /home/p/ros2_ws/src/install/cpp_package/include/cpp_package/cpp_package/msg/detail/obstacle_feedback__type_support.hpp
[635.919s] -- Installing: /home/p/ros2_ws/src/install/cpp_package/include/cpp_package/cpp_package/msg/detail/nav_hint__builder.hpp
[635.919s] -- Installing: /home/p/ros2_ws/src/install/cpp_package/include/cpp_package/cpp_package/msg/detail/obstacle_feedback__struct.hpp
[635.920s] -- Installing: /home/p/ros2_ws/src/install/cpp_package/include/cpp_package/cpp_package/msg/detail/obstacle_feedback__builder.hpp
[635.920s] -- Installing: /home/p/ros2_ws/src/install/cpp_package/include/cpp_package/cpp_package/msg/detail/nav_hint__struct.hpp
[635.920s] -- Installing: /home/p/ros2_ws/src/install/cpp_package/include/cpp_package/cpp_package/msg/detail/nav_hint__type_support.hpp
[635.921s] -- Installing: /home/p/ros2_ws/src/install/cpp_package/include/cpp_package/cpp_package/msg/rosidl_generator_cpp__visibility_control.hpp
[635.921s] -- Up-to-date: /home/p/ros2_ws/src/install/cpp_package/include/cpp_package/cpp_package
[635.922s] -- Up-to-date: /home/p/ros2_ws/src/install/cpp_package/include/cpp_package/cpp_package/msg
[635.922s] -- Up-to-date: /home/p/ros2_ws/src/install/cpp_package/include/cpp_package/cpp_package/msg/detail
[635.922s] -- Installing: /home/p/ros2_ws/src/install/cpp_package/include/cpp_package/cpp_package/msg/detail/dds_fastrtps
[635.922s] -- Installing: /home/p/ros2_ws/src/install/cpp_package/include/cpp_package/cpp_package/msg/detail/obstacle_feedback__rosidl_typesupport_fastrtps_cpp.hpp
[635.923s] -- Installing: /home/p/ros2_ws/src/install/cpp_package/include/cpp_package/cpp_package/msg/detail/nav_hint__rosidl_typesupport_fastrtps_cpp.hpp
[635.923s] -- Installing: /home/p/ros2_ws/src/install/cpp_package/include/cpp_package/cpp_package/msg/rosidl_typesupport_fastrtps_cpp__visibility_control.h
[635.923s] -- Installing: /home/p/ros2_ws/src/install/cpp_package/lib/libcpp_package__rosidl_typesupport_fastrtps_cpp.so
[635.927s] -- Set non-toolchain portion of runtime path of "/home/p/ros2_ws/src/install/cpp_package/lib/libcpp_package__rosidl_typesupport_fastrtps_cpp.so" to ""
[635.927s] -- Up-to-date: /home/p/ros2_ws/src/install/cpp_package/include/cpp_package/cpp_package
[635.928s] -- Up-to-date: /home/p/ros2_ws/src/install/cpp_package/include/cpp_package/cpp_package/msg
[635.928s] -- Up-to-date: /home/p/ros2_ws/src/install/cpp_package/include/cpp_package/cpp_package/msg/detail
[635.928s] -- Installing: /home/p/ros2_ws/src/install/cpp_package/include/cpp_package/cpp_package/msg/detail/nav_hint__rosidl_typesupport_introspection_c.h
[635.928s] -- Installing: /home/p/ros2_ws/src/install/cpp_package/include/cpp_package/cpp_package/msg/detail/nav_hint__type_support.c
[635.928s] -- Installing: /home/p/ros2_ws/src/install/cpp_package/include/cpp_package/cpp_package/msg/detail/obstacle_feedback__rosidl_typesupport_introspection_c.h
[635.928s] -- Installing: /home/p/ros2_ws/src/install/cpp_package/include/cpp_package/cpp_package/msg/detail/obstacle_feedback__type_support.c
[635.929s] -- Installing: /home/p/ros2_ws/src/install/cpp_package/include/cpp_package/cpp_package/msg/rosidl_typesupport_introspection_c__visibility_control.h
[635.929s] -- Installing: /home/p/ros2_ws/src/install/cpp_package/lib/libcpp_package__rosidl_typesupport_introspection_c.so
[635.929s] -- Set non-toolchain portion of runtime path of "/home/p/ros2_ws/src/install/cpp_package/lib/libcpp_package__rosidl_typesupport_introspection_c.so" to ""
[635.929s] -- Installing: /home/p/ros2_ws/src/install/cpp_package/lib/libcpp_package__rosidl_typesupport_c.so
[635.929s] -- Set non-toolchain portion of runtime path of "/home/p/ros2_ws/src/install/cpp_package/lib/libcpp_package__rosidl_typesupport_c.so" to ""
[635.930s] -- Up-to-date: /home/p/ros2_ws/src/install/cpp_package/include/cpp_package/cpp_package
[635.930s] -- Up-to-date: /home/p/ros2_ws/src/install/cpp_package/include/cpp_package/cpp_package/msg
[635.930s] -- Up-to-date: /home/p/ros2_ws/src/install/cpp_package/include/cpp_package/cpp_package/msg/detail
[635.930s] -- Installing: /home/p/ros2_ws/src/install/cpp_package/include/cpp_package/cpp_package/msg/detail/nav_hint__type_support.cpp
[635.931s] -- Installing: /home/p/ros2_ws/src/install/cpp_package/include/cpp_package/cpp_package/msg/detail/obstacle_feedback__type_support.cpp
[635.931s] -- Installing: /home/p/ros2_ws/src/install/cpp_package/include/cpp_package/cpp_package/msg/detail/obstacle_feedback__rosidl_typesupport_introspection_cpp.hpp
[635.931s] -- Installing: /home/p/ros2_ws/src/install/cpp_package/include/cpp_package/cpp_package/msg/detail/nav_hint__rosidl_typesupport_introspection_cpp.hpp
[635.931s] -- Installing: /home/p/ros2_ws/src/install/cpp_package/lib/libcpp_package__rosidl_typesupport_introspection_cpp.so
[635.933s] -- Set non-toolchain portion of runtime path of "/home/p/ros2_ws/src/install/cpp_package/lib/libcpp_package__rosidl_typesupport_introspection_cpp.so" to ""
[635.933s] -- Installing: /home/p/ros2_ws/src/install/cpp_package/lib/libcpp_package__rosidl_typesupport_cpp.so
[635.934s] -- Set non-toolchain portion of runtime path of "/home/p/ros2_ws/src/install/cpp_package/lib/libcpp_package__rosidl_typesupport_cpp.so" to ""
[635.934s] -- Installing: /home/p/ros2_ws/src/install/cpp_package/share/cpp_package/environment/pythonpath.sh
[635.934s] -- Installing: /home/p/ros2_ws/src/install/cpp_package/share/cpp_package/environment/pythonpath.dsv
[635.935s] -- Installing: /home/p/ros2_ws/src/install/cpp_package/lib/python3.12/site-packages/cpp_package-0.0.1-py3.12.egg-info
[635.935s] -- Installing: /home/p/ros2_ws/src/install/cpp_package/lib/python3.12/site-packages/cpp_package-0.0.1-py3.12.egg-info/dependency_links.txt
[635.935s] -- Installing: /home/p/ros2_ws/src/install/cpp_package/lib/python3.12/site-packages/cpp_package-0.0.1-py3.12.egg-info/PKG-INFO
[635.935s] -- Installing: /home/p/ros2_ws/src/install/cpp_package/lib/python3.12/site-packages/cpp_package-0.0.1-py3.12.egg-info/top_level.txt
[635.935s] -- Installing: /home/p/ros2_ws/src/install/cpp_package/lib/python3.12/site-packages/cpp_package-0.0.1-py3.12.egg-info/SOURCES.txt
[635.936s] -- Installing: /home/p/ros2_ws/src/install/cpp_package/lib/python3.12/site-packages/cpp_package
[635.936s] -- Installing: /home/p/ros2_ws/src/install/cpp_package/lib/python3.12/site-packages/cpp_package/cpp_package_s__rosidl_typesupport_introspection_c.so
[635.936s] -- Installing: /home/p/ros2_ws/src/install/cpp_package/lib/python3.12/site-packages/cpp_package/_cpp_package_s.ep.rosidl_typesupport_fastrtps_c.c
[635.936s] -- Installing: /home/p/ros2_ws/src/install/cpp_package/lib/python3.12/site-packages/cpp_package/__init__.py
[635.937s] -- Installing: /home/p/ros2_ws/src/install/cpp_package/lib/python3.12/site-packages/cpp_package/cpp_package_s__rosidl_typesupport_c.so
[635.937s] -- Installing: /home/p/ros2_ws/src/install/cpp_package/lib/python3.12/site-packages/cpp_package/msg
[635.937s] -- Installing: /home/p/ros2_ws/src/install/cpp_package/lib/python3.12/site-packages/cpp_package/msg/_nav_hint.py
[635.937s] -- Installing: /home/p/ros2_ws/src/install/cpp_package/lib/python3.12/site-packages/cpp_package/msg/_obstacle_feedback_s.c
[635.938s] -- Installing: /home/p/ros2_ws/src/install/cpp_package/lib/python3.12/site-packages/cpp_package/msg/_nav_hint_s.c
[635.938s] -- Installing: /home/p/ros2_ws/src/install/cpp_package/lib/python3.12/site-packages/cpp_package/msg/__init__.py
[635.938s] -- Installing: /home/p/ros2_ws/src/install/cpp_package/lib/python3.12/site-packages/cpp_package/msg/_obstacle_feedback.py
[635.938s] -- Installing: /home/p/ros2_ws/src/install/cpp_package/lib/python3.12/site-packages/cpp_package/_cpp_package_s.ep.rosidl_typesupport_c.c
[635.938s] -- Installing: /home/p/ros2_ws/src/install/cpp_package/lib/python3.12/site-packages/cpp_package/cpp_package_s__rosidl_typesupport_fastrtps_c.so
[635.939s] -- Installing: /home/p/ros2_ws/src/install/cpp_package/lib/python3.12/site-packages/cpp_package/_cpp_package_s.ep.rosidl_typesupport_introspection_c.c
[636.038s] Listing '/home/p/ros2_ws/src/install/cpp_package/lib/python3.12/site-packages/cpp_package'...
[636.039s] Compiling '/home/p/ros2_ws/src/install/cpp_package/lib/python3.12/site-packages/cpp_package/__init__.py'...
[636.039s] Listing '/home/p/ros2_ws/src/install/cpp_package/lib/python3.12/site-packages/cpp_package/msg'...
[636.039s] Compiling '/home/p/ros2_ws/src/install/cpp_package/lib/python3.12/site-packages/cpp_package/msg/__init__.py'...
[636.039s] Compiling '/home/p/ros2_ws/src/install/cpp_package/lib/python3.12/site-packages/cpp_package/msg/_nav_hint.py'...
[636.039s] Compiling '/home/p/ros2_ws/src/install/cpp_package/lib/python3.12/site-packages/cpp_package/msg/_obstacle_feedback.py'...
[636.057s] -- Installing: /home/p/ros2_ws/src/install/cpp_package/lib/python3.12/site-packages/cpp_package/cpp_package_s__rosidl_typesupport_fastrtps_c.so
[636.059s] -- Set non-toolchain portion of runtime path of "/home/p/ros2_ws/src/install/cpp_package/lib/python3.12/site-packages/cpp_package/cpp_package_s__rosidl_typesupport_fastrtps_c.so" to ""
[636.059s] -- Installing: /home/p/ros2_ws/src/install/cpp_package/lib/python3.12/site-packages/cpp_package/cpp_package_s__rosidl_typesupport_introspection_c.so
[636.060s] -- Set non-toolchain portion of runtime path of "/home/p/ros2_ws/src/install/cpp_package/lib/python3.12/site-packages/cpp_package/cpp_package_s__rosidl_typesupport_introspection_c.so" to ""
[636.062s] -- Installing: /home/p/ros2_ws/src/install/cpp_package/lib/python3.12/site-packages/cpp_package/cpp_package_s__rosidl_typesupport_c.so
[636.062s] -- Set non-toolchain portion of runtime path of "/home/p/ros2_ws/src/install/cpp_package/lib/python3.12/site-packages/cpp_package/cpp_package_s__rosidl_typesupport_c.so" to ""
[636.062s] -- Installing: /home/p/ros2_ws/src/install/cpp_package/lib/libcpp_package__rosidl_generator_py.so
[636.063s] -- Set non-toolchain portion of runtime path of "/home/p/ros2_ws/src/install/cpp_package/lib/libcpp_package__rosidl_generator_py.so" to ""
[636.063s] -- Installing: /home/p/ros2_ws/src/install/cpp_package/share/cpp_package/msg/ObstacleFeedback.idl
[636.063s] -- Installing: /home/p/ros2_ws/src/install/cpp_package/share/cpp_package/msg/NavHint.idl
[636.063s] -- Installing: /home/p/ros2_ws/src/install/cpp_package/share/cpp_package/msg/ObstacleFeedback.msg
[636.064s] -- Installing: /home/p/ros2_ws/src/install/cpp_package/share/cpp_package/msg/NavHint.msg
[636.065s] -- Installing: /home/p/ros2_ws/src/install/cpp_package/lib/cpp_package/icp_3d_odom_node
[636.098s] -- Set non-toolchain portion of runtime path of "/home/p/ros2_ws/src/install/cpp_package/lib/cpp_package/icp_3d_odom_node" to ""
[636.099s] -- Installing: /home/p/ros2_ws/src/install/cpp_package/lib/cpp_package/pointcloud_formatter_node
[636.125s] -- Set non-toolchain portion of runtime path of "/home/p/ros2_ws/src/install/cpp_package/lib/cpp_package/pointcloud_formatter_node" to ""
[636.125s] -- Installing: /home/p/ros2_ws/src/install/cpp_package/lib/cpp_package/front_cloud_filter_node
[636.139s] -- Set non-toolchain portion of runtime path of "/home/p/ros2_ws/src/install/cpp_package/lib/cpp_package/front_cloud_filter_node" to ""
[636.140s] -- Installing: /home/p/ros2_ws/src/install/cpp_package/lib/cpp_package/obstacle_evaluator_node
[636.152s] -- Set non-toolchain portion of runtime path of "/home/p/ros2_ws/src/install/cpp_package/lib/cpp_package/obstacle_evaluator_node" to ""
[636.153s] -- Installing: /home/p/ros2_ws/src/install/cpp_package/lib/cpp_package/navigation_hint_node
[636.169s] -- Set non-toolchain portion of runtime path of "/home/p/ros2_ws/src/install/cpp_package/lib/cpp_package/navigation_hint_node" to ""
[636.170s] -- Installing: /home/p/ros2_ws/src/install/cpp_package/lib/cpp_package/haptic_driver_node
[636.186s] -- Set non-toolchain portion of runtime path of "/home/p/ros2_ws/src/install/cpp_package/lib/cpp_package/haptic_driver_node" to ""
[636.186s] -- Installing: /home/p/ros2_ws/src/install/cpp_package/lib/cpp_package/deskew_node
[636.203s] -- Set non-toolchain portion of runtime path of "/home/p/ros2_ws/src/install/cpp_package/lib/cpp_package/deskew_node" to ""
[636.204s] -- Installing: /home/p/ros2_ws/src/install/cpp_package/lib/cpp_package/obstacle_detector_node
[636.217s] -- Set non-toolchain portion of runtime path of "/home/p/ros2_ws/src/install/cpp_package/lib/cpp_package/obstacle_detector_node" to ""
[636.217s] -- Installing: /home/p/ros2_ws/src/install/cpp_package/lib/cpp_package/point_cloud_sweeper_cpp_node
[636.228s] -- Set non-toolchain portion of runtime path of "/home/p/ros2_ws/src/install/cpp_package/lib/cpp_package/point_cloud_sweeper_cpp_node" to ""
[636.230s] -- Installing: /home/p/ros2_ws/src/install/cpp_package/lib/cpp_package/point_cloud_accumulator_cpp_node
[636.245s] -- Set non-toolchain portion of runtime path of "/home/p/ros2_ws/src/install/cpp_package/lib/cpp_package/point_cloud_accumulator_cpp_node" to ""
[636.245s] -- Installing: /home/p/ros2_ws/src/install/cpp_package/lib/cpp_package/point_cloud_voxel_filter_cpp_node
[636.259s] -- Set non-toolchain portion of runtime path of "/home/p/ros2_ws/src/install/cpp_package/lib/cpp_package/point_cloud_voxel_filter_cpp_node" to ""
[636.259s] -- Installing: /home/p/ros2_ws/src/install/cpp_package/lib/cpp_package/point_cloud_passthrough_filter_cpp_node
[636.277s] -- Set non-toolchain portion of runtime path of "/home/p/ros2_ws/src/install/cpp_package/lib/cpp_package/point_cloud_passthrough_filter_cpp_node" to ""
[636.277s] -- Installing: /home/p/ros2_ws/src/install/cpp_package/lib/cpp_package/point_cloud_statistical_outlier_remover_cpp_node
[636.290s] -- Set non-toolchain portion of runtime path of "/home/p/ros2_ws/src/install/cpp_package/lib/cpp_package/point_cloud_statistical_outlier_remover_cpp_node" to ""
[636.290s] -- Installing: /home/p/ros2_ws/src/install/cpp_package/lib/cpp_package/point_count_sweeper_node
[636.301s] -- Set non-toolchain portion of runtime path of "/home/p/ros2_ws/src/install/cpp_package/lib/cpp_package/point_count_sweeper_node" to ""
[636.302s] -- Installing: /home/p/ros2_ws/src/install/cpp_package/lib/cpp_package/z_variance_sweeper_node
[636.321s] -- Set non-toolchain portion of runtime path of "/home/p/ros2_ws/src/install/cpp_package/lib/cpp_package/z_variance_sweeper_node" to ""
[636.321s] -- Installing: /home/p/ros2_ws/src/install/cpp_package/lib/cpp_package/stable_ground_detector_node
[636.330s] -- Set non-toolchain portion of runtime path of "/home/p/ros2_ws/src/install/cpp_package/lib/cpp_package/stable_ground_detector_node" to ""
[636.330s] -- Installing: /home/p/ros2_ws/src/install/cpp_package/lib/cpp_package/ground_plane_fitter_node
[636.347s] -- Set non-toolchain portion of runtime path of "/home/p/ros2_ws/src/install/cpp_package/lib/cpp_package/ground_plane_fitter_node" to ""
[636.347s] -- Installing: /home/p/ros2_ws/src/install/cpp_package/lib/cpp_package/ground_plane_fitter_no_voxel_node
[636.356s] -- Set non-toolchain portion of runtime path of "/home/p/ros2_ws/src/install/cpp_package/lib/cpp_package/ground_plane_fitter_no_voxel_node" to ""
[636.357s] -- Installing: /home/p/ros2_ws/src/install/cpp_package/lib/cpp_package/ground_plane_fitter_lock_plane_node
[636.372s] -- Set non-toolchain portion of runtime path of "/home/p/ros2_ws/src/install/cpp_package/lib/cpp_package/ground_plane_fitter_lock_plane_node" to ""
[636.372s] -- Installing: /home/p/ros2_ws/src/install/cpp_package/lib/cpp_package/stable_ground_fitter_node
[636.383s] -- Set non-toolchain portion of runtime path of "/home/p/ros2_ws/src/install/cpp_package/lib/cpp_package/stable_ground_fitter_node" to ""
[636.383s] -- Installing: /home/p/ros2_ws/src/install/cpp_package/lib/cpp_package/projected_ground_detector_node
[636.396s] -- Set non-toolchain portion of runtime path of "/home/p/ros2_ws/src/install/cpp_package/lib/cpp_package/projected_ground_detector_node" to ""
[636.396s] -- Installing: /home/p/ros2_ws/src/install/cpp_package/lib/cpp_package/height_ground_detector_node
[636.411s] -- Set non-toolchain portion of runtime path of "/home/p/ros2_ws/src/install/cpp_package/lib/cpp_package/height_ground_detector_node" to ""
[636.412s] -- Installing: /home/p/ros2_ws/src/install/cpp_package/lib/cpp_package/imu_odometry_node
[636.419s] -- Set non-toolchain portion of runtime path of "/home/p/ros2_ws/src/install/cpp_package/lib/cpp_package/imu_odometry_node" to ""
[636.420s] -- Installing: /home/p/ros2_ws/src/install/cpp_package/share/cpp_package/launch
[636.420s] -- Installing: /home/p/ros2_ws/src/install/cpp_package/share/cpp_package/launch/icp_odom.launch.py
[636.420s] -- Installing: /home/p/ros2_ws/src/install/cpp_package/share/cpp_package/launch/assistive_nav.launch.py
[636.420s] -- Installing: /home/p/ros2_ws/src/install/cpp_package/share/cpp_package/launch/front_cloud_filter.launch.py
[636.421s] -- Installing: /home/p/ros2_ws/src/install/cpp_package/share/ament_index/resource_index/package_run_dependencies/cpp_package
[636.421s] -- Installing: /home/p/ros2_ws/src/install/cpp_package/share/ament_index/resource_index/parent_prefix_path/cpp_package
[636.421s] -- Installing: /home/p/ros2_ws/src/install/cpp_package/share/cpp_package/environment/ament_prefix_path.sh
[636.421s] -- Installing: /home/p/ros2_ws/src/install/cpp_package/share/cpp_package/environment/ament_prefix_path.dsv
[636.423s] -- Installing: /home/p/ros2_ws/src/install/cpp_package/share/cpp_package/environment/path.sh
[636.424s] -- Installing: /home/p/ros2_ws/src/install/cpp_package/share/cpp_package/environment/path.dsv
[636.424s] -- Installing: /home/p/ros2_ws/src/install/cpp_package/share/cpp_package/local_setup.bash
[636.424s] -- Installing: /home/p/ros2_ws/src/install/cpp_package/share/cpp_package/local_setup.sh
[636.424s] -- Installing: /home/p/ros2_ws/src/install/cpp_package/share/cpp_package/local_setup.zsh
[636.425s] -- Installing: /home/p/ros2_ws/src/install/cpp_package/share/cpp_package/local_setup.dsv
[636.425s] -- Installing: /home/p/ros2_ws/src/install/cpp_package/share/cpp_package/package.dsv
[636.425s] -- Installing: /home/p/ros2_ws/src/install/cpp_package/share/ament_index/resource_index/packages/cpp_package
[636.425s] -- Installing: /home/p/ros2_ws/src/install/cpp_package/share/cpp_package/cmake/export_cpp_package__rosidl_generator_cExport.cmake
[636.426s] -- Installing: /home/p/ros2_ws/src/install/cpp_package/share/cpp_package/cmake/export_cpp_package__rosidl_generator_cExport-noconfig.cmake
[636.426s] -- Installing: /home/p/ros2_ws/src/install/cpp_package/share/cpp_package/cmake/export_cpp_package__rosidl_typesupport_fastrtps_cExport.cmake
[636.426s] -- Installing: /home/p/ros2_ws/src/install/cpp_package/share/cpp_package/cmake/export_cpp_package__rosidl_typesupport_fastrtps_cExport-noconfig.cmake
[636.426s] -- Installing: /home/p/ros2_ws/src/install/cpp_package/share/cpp_package/cmake/export_cpp_package__rosidl_generator_cppExport.cmake
[636.427s] -- Installing: /home/p/ros2_ws/src/install/cpp_package/share/cpp_package/cmake/export_cpp_package__rosidl_typesupport_fastrtps_cppExport.cmake
[636.427s] -- Installing: /home/p/ros2_ws/src/install/cpp_package/share/cpp_package/cmake/export_cpp_package__rosidl_typesupport_fastrtps_cppExport-noconfig.cmake
[636.427s] -- Installing: /home/p/ros2_ws/src/install/cpp_package/share/cpp_package/cmake/cpp_package__rosidl_typesupport_introspection_cExport.cmake
[636.428s] -- Installing: /home/p/ros2_ws/src/install/cpp_package/share/cpp_package/cmake/cpp_package__rosidl_typesupport_introspection_cExport-noconfig.cmake
[636.428s] -- Installing: /home/p/ros2_ws/src/install/cpp_package/share/cpp_package/cmake/cpp_package__rosidl_typesupport_cExport.cmake
[636.428s] -- Installing: /home/p/ros2_ws/src/install/cpp_package/share/cpp_package/cmake/cpp_package__rosidl_typesupport_cExport-noconfig.cmake
[636.429s] -- Installing: /home/p/ros2_ws/src/install/cpp_package/share/cpp_package/cmake/cpp_package__rosidl_typesupport_introspection_cppExport.cmake
[636.429s] -- Installing: /home/p/ros2_ws/src/install/cpp_package/share/cpp_package/cmake/cpp_package__rosidl_typesupport_introspection_cppExport-noconfig.cmake
[636.431s] -- Installing: /home/p/ros2_ws/src/install/cpp_package/share/cpp_package/cmake/cpp_package__rosidl_typesupport_cppExport.cmake
[636.431s] -- Installing: /home/p/ros2_ws/src/install/cpp_package/share/cpp_package/cmake/cpp_package__rosidl_typesupport_cppExport-noconfig.cmake
[636.432s] -- Installing: /home/p/ros2_ws/src/install/cpp_package/share/cpp_package/cmake/export_cpp_package__rosidl_generator_pyExport.cmake
[636.432s] -- Installing: /home/p/ros2_ws/src/install/cpp_package/share/cpp_package/cmake/export_cpp_package__rosidl_generator_pyExport-noconfig.cmake
[636.432s] -- Installing: /home/p/ros2_ws/src/install/cpp_package/share/cpp_package/cmake/rosidl_cmake-extras.cmake
[636.432s] -- Installing: /home/p/ros2_ws/src/install/cpp_package/share/cpp_package/cmake/ament_cmake_export_dependencies-extras.cmake
[636.432s] -- Installing: /home/p/ros2_ws/src/install/cpp_package/share/cpp_package/cmake/ament_cmake_export_include_directories-extras.cmake
[636.432s] -- Installing: /home/p/ros2_ws/src/install/cpp_package/share/cpp_package/cmake/ament_cmake_export_libraries-extras.cmake
[636.432s] -- Installing: /home/p/ros2_ws/src/install/cpp_package/share/cpp_package/cmake/ament_cmake_export_targets-extras.cmake
[636.434s] -- Installing: /home/p/ros2_ws/src/install/cpp_package/share/cpp_package/cmake/rosidl_cmake_export_typesupport_targets-extras.cmake
[636.434s] -- Installing: /home/p/ros2_ws/src/install/cpp_package/share/cpp_package/cmake/rosidl_cmake_export_typesupport_libraries-extras.cmake
[636.434s] -- Installing: /home/p/ros2_ws/src/install/cpp_package/share/cpp_package/cmake/cpp_packageConfig.cmake
[636.434s] -- Installing: /home/p/ros2_ws/src/install/cpp_package/share/cpp_package/cmake/cpp_packageConfig-version.cmake
[636.435s] -- Installing: /home/p/ros2_ws/src/install/cpp_package/share/cpp_package/package.xml
[636.439s] Invoked command in '/home/p/ros2_ws/src/build/cpp_package' returned '0': CMAKE_PREFIX_PATH=${CMAKE_PREFIX_PATH}:/home/p/ros2_ws/install/sweep_builder:/home/p/ros2_ws/install/optical_cane_rpi:/home/p/ros2_ws/install/mpu9250:/opt/ros/jazzy DEBUGINFOD_URLS=https://debuginfod.ubuntu.com /usr/bin/cmake --install /home/p/ros2_ws/src/build/cpp_package
