[3.725s] Invoking command in '/home/p/ros2_ws/src/mpu9250': DEBUGINFOD_URLS=https://debuginfod.ubuntu.com PYTHONPATH=/home/p/ros2_ws/src/build/mpu9250/prefix_override:/usr/lib/python3/dist-packages/colcon_core/task/python/colcon_distutils_commands:/home/p/ros2_ws/src/install/mpu9250/lib/python3.12/site-packages:${PYTHONPATH} /usr/bin/python3 -W ignore:setup.py install is deprecated -W ignore:easy_install command is deprecated setup.py egg_info --egg-base ../build/mpu9250 build --build-base /home/p/ros2_ws/src/build/mpu9250/build install --record /home/p/ros2_ws/src/build/mpu9250/install.log --single-version-externally-managed install_data
[4.729s] running egg_info
[4.800s] writing ../build/mpu9250/mpu9250.egg-info/PKG-INFO
[4.800s] writing dependency_links to ../build/mpu9250/mpu9250.egg-info/dependency_links.txt
[4.800s] writing entry points to ../build/mpu9250/mpu9250.egg-info/entry_points.txt
[4.801s] writing requirements to ../build/mpu9250/mpu9250.egg-info/requires.txt
[4.804s] writing top-level names to ../build/mpu9250/mpu9250.egg-info/top_level.txt
[4.912s] reading manifest file '../build/mpu9250/mpu9250.egg-info/SOURCES.txt'
[4.916s] adding license file 'LICENSE'
[4.916s] writing manifest file '../build/mpu9250/mpu9250.egg-info/SOURCES.txt'
[4.916s] running build
[4.916s] running build_py
[4.920s] running install
[4.930s] running install_lib
[4.987s] running install_data
[4.987s] running install_egg_info
[5.056s] removing '/home/p/ros2_ws/src/install/mpu9250/lib/python3.12/site-packages/mpu9250-0.0.1-py3.12.egg-info' (and everything under it)
[5.056s] Copying ../build/mpu9250/mpu9250.egg-info to /home/p/ros2_ws/src/install/mpu9250/lib/python3.12/site-packages/mpu9250-0.0.1-py3.12.egg-info
[5.057s] running install_scripts
[5.744s] Installing mpu9250 script to /home/p/ros2_ws/src/install/mpu9250/lib/mpu9250
[5.748s] Installing mpu9250_driver_node script to /home/p/ros2_ws/src/install/mpu9250/lib/mpu9250
[5.756s] Installing mpu9250_filtered script to /home/p/ros2_ws/src/install/mpu9250/lib/mpu9250
[5.758s] writing list of installed files to '/home/p/ros2_ws/src/build/mpu9250/install.log'
[6.070s] Invoked command in '/home/p/ros2_ws/src/mpu9250' returned '0': DEBUGINFOD_URLS=https://debuginfod.ubuntu.com PYTHONPATH=/home/p/ros2_ws/src/build/mpu9250/prefix_override:/usr/lib/python3/dist-packages/colcon_core/task/python/colcon_distutils_commands:/home/p/ros2_ws/src/install/mpu9250/lib/python3.12/site-packages:${PYTHONPATH} /usr/bin/python3 -W ignore:setup.py install is deprecated -W ignore:easy_install command is deprecated setup.py egg_info --egg-base ../build/mpu9250 build --build-base /home/p/ros2_ws/src/build/mpu9250/build install --record /home/p/ros2_ws/src/build/mpu9250/install.log --single-version-externally-managed install_data
