[0.017s] Invoking command in '/home/p/ros2_ws/src/build/cpp_package': CMAKE_PREFIX_PATH=${CMAKE_PREFIX_PATH}:/home/p/ros2_ws/install/sweep_builder:/home/p/ros2_ws/install/optical_cane_rpi:/home/p/ros2_ws/install/mpu9250:/opt/ros/jazzy DEBUGINFOD_URLS=https://debuginfod.ubuntu.com /usr/bin/cmake --build /home/p/ros2_ws/src/build/cpp_package -- -j4 -l4
[0.078s] -- Found ament_cmake: 2.5.4 (/opt/ros/jazzy/share/ament_cmake/cmake)
[0.122s] -- Found Python3: /usr/bin/python3 (found version "3.12.3") found components: Interpreter 
[0.270s] -- Found rclcpp: 28.1.10 (/opt/ros/jazzy/share/rclcpp/cmake)
[0.311s] -- Found rosidl_generator_c: 4.6.5 (/opt/ros/jazzy/share/rosidl_generator_c/cmake)
[0.324s] -- Found rosidl_generator_cpp: 4.6.5 (/opt/ros/jazzy/share/rosidl_generator_cpp/cmake)
[0.341s] -- Using all available rosidl_typesupport_c: rosidl_typesupport_fastrtps_c;rosidl_typesupport_introspection_c
[0.360s] -- Using all available rosidl_typesupport_cpp: rosidl_typesupport_fastrtps_cpp;rosidl_typesupport_introspection_cpp
[0.445s] -- Found rmw_implementation_cmake: 7.3.2 (/opt/ros/jazzy/share/rmw_implementation_cmake/cmake)
[0.447s] -- Found rmw_fastrtps_cpp: 8.4.2 (/opt/ros/jazzy/share/rmw_fastrtps_cpp/cmake)
[0.549s] -- Using RMW implementation 'rmw_fastrtps_cpp' as default
[0.639s] -- Found sensor_msgs: 5.3.6 (/opt/ros/jazzy/share/sensor_msgs/cmake)
[0.710s] -- Found nav_msgs: 5.3.6 (/opt/ros/jazzy/share/nav_msgs/cmake)
[0.745s] -- Found visualization_msgs: 5.3.6 (/opt/ros/jazzy/share/visualization_msgs/cmake)
[0.780s] -- Found pcl_msgs: 1.0.0 (/opt/ros/jazzy/share/pcl_msgs/cmake)
[0.810s] -- Found tf2_ros: 0.36.12 (/opt/ros/jazzy/share/tf2_ros/cmake)
[0.958s] -- Found tf2_geometry_msgs: 0.36.12 (/opt/ros/jazzy/share/tf2_geometry_msgs/cmake)
[0.964s] -- Found eigen3_cmake_module: 0.3.0 (/opt/ros/jazzy/share/eigen3_cmake_module/cmake)
[0.965s] -- Ensuring Eigen3 include directory is part of orocos-kdl CMake target
[0.968s] -- Found tf2_eigen: 0.36.12 (/opt/ros/jazzy/share/tf2_eigen/cmake)
[0.973s] -- Found rosidl_default_generators: 1.6.0 (/opt/ros/jazzy/share/rosidl_default_generators/cmake)
[0.987s] -- Found rosidl_adapter: 4.6.5 (/opt/ros/jazzy/share/rosidl_adapter/cmake)
[0.989s] -- Found pcl_ros: 2.6.2 (/opt/ros/jazzy/share/pcl_ros/cmake)
[1.032s] CMake Warning (dev) at /usr/lib/aarch64-linux-gnu/cmake/pcl/Modules/FindFLANN.cmake:45 (find_package):
[1.032s]   Policy CMP0144 is not set: find_package uses upper-case <PACKAGENAME>_ROOT
[1.033s]   variables.  Run "cmake --help-policy CMP0144" for policy details.  Use the
[1.033s]   cmake_policy command to set the policy and suppress this warning.
[1.033s] 
[1.033s]   CMake variable FLANN_ROOT is set to:
[1.033s] 
[1.033s]     /usr
[1.033s] 
[1.033s]   For compatibility, find_package is ignoring the variable, but code in a
[1.033s]   .cmake module might still use it.
[1.033s] Call Stack (most recent call first):
[1.034s]   /usr/lib/aarch64-linux-gnu/cmake/pcl/PCLConfig.cmake:261 (find_package)
[1.034s]   /usr/lib/aarch64-linux-gnu/cmake/pcl/PCLConfig.cmake:306 (find_flann)
[1.034s]   /usr/lib/aarch64-linux-gnu/cmake/pcl/PCLConfig.cmake:570 (find_external_library)
[1.034s]   /opt/ros/jazzy/share/pcl_conversions/cmake/ament_cmake_export_dependencies-extras.cmake:21 (find_package)
[1.034s]   /opt/ros/jazzy/share/pcl_conversions/cmake/pcl_conversionsConfig.cmake:41 (include)
[1.034s]   /opt/ros/jazzy/share/pcl_ros/cmake/ament_cmake_export_dependencies-extras.cmake:21 (find_package)
[1.034s]   /opt/ros/jazzy/share/pcl_ros/cmake/pcl_rosConfig.cmake:41 (include)
[1.034s]   CMakeLists.txt:31 (find_package)
[1.034s] This warning is for project developers.  Use -Wno-dev to suppress it.
[1.034s] 
[1.034s] -- Found flann version 1.9.2
[1.753s] -- OpenNI found (version: 1.5.4.0, include: /usr/include/ni, lib: /usr/lib/libOpenNI.so;libusb::libusb)
[1.764s] -- OpenNI2 found (version: 2.2.0.33, include: /usr/include/openni2, lib: /usr/lib/aarch64-linux-gnu/libOpenNI2.so;libusb::libusb)
[1.769s] -- Could NOT find Pcap (missing: PCAP_LIBRARIES PCAP_INCLUDE_DIRS) 
[2.525s] -- OpenNI found (version: 1.5.4.0, include: /usr/include/ni, lib: /usr/lib/libOpenNI.so;libusb::libusb)
[2.536s] -- OpenNI2 found (version: 2.2.0.33, include: /usr/include/openni2, lib: /usr/lib/aarch64-linux-gnu/libOpenNI2.so;libusb::libusb)
[3.221s] -- Found Qhull version 8.0.2
[3.944s] -- OpenNI found (version: 1.5.4.0, include: /usr/include/ni, lib: /usr/lib/libOpenNI.so;libusb::libusb)
[4.660s] CMake Warning (dev) at CMakeLists.txt:33 (find_package):
[4.660s]   Policy CMP0074 is not set: find_package uses <PackageName>_ROOT variables.
[4.660s]   Run "cmake --help-policy CMP0074" for policy details.  Use the cmake_policy
[4.660s]   command to set the policy and suppress this warning.
[4.660s] 
[4.660s]   CMake variable PCL_ROOT is set to:
[4.661s] 
[4.661s]     /usr
[4.661s] 
[4.661s]   For compatibility, CMake is ignoring the variable.
[4.661s] This warning is for project developers.  Use -Wno-dev to suppress it.
[4.661s] 
[5.160s] -- Found ament_cmake_ros: 0.12.0 (/opt/ros/jazzy/share/ament_cmake_ros/cmake)
[5.533s] -- Using all available rosidl_typesupport_c: rosidl_typesupport_fastrtps_c;rosidl_typesupport_introspection_c
[5.680s] -- Using all available rosidl_typesupport_cpp: rosidl_typesupport_fastrtps_cpp;rosidl_typesupport_introspection_cpp
[5.682s] -- Found python_cmake_module: 0.11.1 (/opt/ros/jazzy/share/python_cmake_module/cmake)
[6.175s] -- Found Python3: /usr/bin/python3 (found version "3.12.3") found components: Interpreter Development NumPy Development.Module Development.Embed 
[6.504s] -- Configuring done (6.4s)
[7.503s] -- Generating done (0.9s)
[7.628s] -- Build files have been written to: /home/p/ros2_ws/src/build/cpp_package
[7.823s] [  0%] Built target ament_cmake_python_copy_cpp_package
[7.824s] [  1%] Built target cpp_package__rosidl_generator_type_description
[7.856s] [  3%] Built target icp_3d_odom_node
[7.921s] [  5%] Built target pointcloud_formatter_node
[8.025s] [  7%] Built target deskew_node
[8.025s] [  9%] Built target front_cloud_filter_node
[8.047s] [ 11%] Built target obstacle_detector_node
[8.064s] [ 14%] Built target point_cloud_sweeper_cpp_node
[8.140s] [ 16%] Built target point_cloud_accumulator_cpp_node
[8.159s] [ 18%] Built target point_cloud_voxel_filter_cpp_node
[8.215s] [ 20%] Built target point_cloud_passthrough_filter_cpp_node
[8.221s] [ 22%] Built target point_cloud_statistical_outlier_remover_cpp_node
[8.296s] [ 25%] Built target point_count_sweeper_node
[8.316s] [ 26%] Building CXX object CMakeFiles/roi_hazard_detector_node.dir/src/roi_hazard_detector_node.cpp.o
[8.318s] [ 28%] Built target z_variance_sweeper_node
[8.368s] [ 30%] Built target stable_ground_detector_node
[8.431s] [ 32%] Built target projected_ground_detector_node
[8.465s] [ 34%] Built target imu_odometry_node
[8.481s] [ 36%] Built target height_ground_detector_node
[8.490s] [ 38%] Built target cpp_package__cpp
[8.572s] [ 46%] Built target cpp_package__rosidl_generator_c
[8.656s] [ 51%] Built target cpp_package__rosidl_typesupport_cpp
[8.659s] [ 55%] Built target cpp_package__rosidl_typesupport_fastrtps_c
[8.764s] [ 59%] Built target cpp_package__rosidl_typesupport_fastrtps_cpp
[8.774s] [ 64%] Built target cpp_package__rosidl_typesupport_introspection_c
[8.824s] [ 68%] Built target cpp_package__rosidl_typesupport_c
[8.901s] [ 72%] Built target cpp_package__rosidl_typesupport_introspection_cpp
[8.908s] [ 75%] Built target obstacle_evaluator_node
[8.990s] [ 77%] Built target navigation_hint_node
[8.997s] [ 79%] Built target haptic_driver_node
[9.037s] running egg_info
[9.090s] writing cpp_package.egg-info/PKG-INFO
[9.091s] writing dependency_links to cpp_package.egg-info/dependency_links.txt
[9.091s] writing top-level names to cpp_package.egg-info/top_level.txt
[9.129s] [ 81%] Built target ground_plane_fitter_no_voxel_node
[9.155s] [ 83%] Built target ground_plane_fitter_node
[9.236s] reading manifest file 'cpp_package.egg-info/SOURCES.txt'
[9.236s] writing manifest file 'cpp_package.egg-info/SOURCES.txt'
[9.254s] [ 85%] Built target stable_ground_fitter_node
[9.319s] [ 88%] Built target ground_plane_fitter_lock_plane_node
[9.357s] [ 88%] Built target cpp_package
[9.374s] [ 88%] Built target ament_cmake_python_build_cpp_package_egg
[9.413s] [ 89%] Built target cpp_package__py
[9.483s] [ 92%] Built target cpp_package__rosidl_generator_py
[9.560s] [ 94%] Built target cpp_package_s__rosidl_typesupport_fastrtps_c
[9.566s] [ 96%] Built target cpp_package_s__rosidl_typesupport_c
[9.567s] [ 98%] Built target cpp_package_s__rosidl_typesupport_introspection_c
[30.619s] [100%] Linking CXX executable roi_hazard_detector_node
[32.824s] [100%] Built target roi_hazard_detector_node
[32.851s] Invoked command in '/home/p/ros2_ws/src/build/cpp_package' returned '0': CMAKE_PREFIX_PATH=${CMAKE_PREFIX_PATH}:/home/p/ros2_ws/install/sweep_builder:/home/p/ros2_ws/install/optical_cane_rpi:/home/p/ros2_ws/install/mpu9250:/opt/ros/jazzy DEBUGINFOD_URLS=https://debuginfod.ubuntu.com /usr/bin/cmake --build /home/p/ros2_ws/src/build/cpp_package -- -j4 -l4
[32.873s] Invoking command in '/home/p/ros2_ws/src/build/cpp_package': CMAKE_PREFIX_PATH=${CMAKE_PREFIX_PATH}:/home/p/ros2_ws/install/sweep_builder:/home/p/ros2_ws/install/optical_cane_rpi:/home/p/ros2_ws/install/mpu9250:/opt/ros/jazzy DEBUGINFOD_URLS=https://debuginfod.ubuntu.com /usr/bin/cmake --install /home/p/ros2_ws/src/build/cpp_package
[32.894s] -- Install configuration: ""
[32.894s] -- Up-to-date: /home/p/ros2_ws/src/install/cpp_package/share/ament_index/resource_index/rosidl_interfaces/cpp_package
[32.894s] -- Up-to-date: /home/p/ros2_ws/src/install/cpp_package/share/cpp_package/msg/ObstacleFeedback.json
[32.894s] -- Up-to-date: /home/p/ros2_ws/src/install/cpp_package/share/cpp_package/msg/NavHint.json
[32.894s] -- Up-to-date: /home/p/ros2_ws/src/install/cpp_package/include/cpp_package/cpp_package
[32.894s] -- Up-to-date: /home/p/ros2_ws/src/install/cpp_package/include/cpp_package/cpp_package/msg
[32.894s] -- Up-to-date: /home/p/ros2_ws/src/install/cpp_package/include/cpp_package/cpp_package/msg/rosidl_generator_c__visibility_control.h
[32.895s] -- Up-to-date: /home/p/ros2_ws/src/install/cpp_package/include/cpp_package/cpp_package/msg/detail
[32.896s] -- Up-to-date: /home/p/ros2_ws/src/install/cpp_package/include/cpp_package/cpp_package/msg/detail/nav_hint__description.c
[32.897s] -- Installing: /home/p/ros2_ws/src/install/cpp_package/include/cpp_package/cpp_package/msg/detail/nav_hint__type_support.c
[32.897s] -- Up-to-date: /home/p/ros2_ws/src/install/cpp_package/include/cpp_package/cpp_package/msg/detail/nav_hint__struct.h
[32.897s] -- Up-to-date: /home/p/ros2_ws/src/install/cpp_package/include/cpp_package/cpp_package/msg/detail/nav_hint__functions.h
[32.897s] -- Up-to-date: /home/p/ros2_ws/src/install/cpp_package/include/cpp_package/cpp_package/msg/detail/nav_hint__functions.c
[32.897s] -- Up-to-date: /home/p/ros2_ws/src/install/cpp_package/include/cpp_package/cpp_package/msg/detail/nav_hint__type_support.h
[32.897s] -- Up-to-date: /home/p/ros2_ws/src/install/cpp_package/include/cpp_package/cpp_package/msg/detail/obstacle_feedback__type_support.h
[32.897s] -- Up-to-date: /home/p/ros2_ws/src/install/cpp_package/include/cpp_package/cpp_package/msg/detail/obstacle_feedback__struct.h
[32.898s] -- Installing: /home/p/ros2_ws/src/install/cpp_package/include/cpp_package/cpp_package/msg/detail/obstacle_feedback__type_support.c
[32.898s] -- Up-to-date: /home/p/ros2_ws/src/install/cpp_package/include/cpp_package/cpp_package/msg/detail/obstacle_feedback__description.c
[32.898s] -- Up-to-date: /home/p/ros2_ws/src/install/cpp_package/include/cpp_package/cpp_package/msg/detail/obstacle_feedback__functions.c
[32.898s] -- Up-to-date: /home/p/ros2_ws/src/install/cpp_package/include/cpp_package/cpp_package/msg/detail/obstacle_feedback__functions.h
[32.898s] -- Up-to-date: /home/p/ros2_ws/src/install/cpp_package/include/cpp_package/cpp_package/msg/obstacle_feedback.h
[32.898s] -- Up-to-date: /home/p/ros2_ws/src/install/cpp_package/include/cpp_package/cpp_package/msg/nav_hint.h
[32.898s] -- Up-to-date: /home/p/ros2_ws/src/install/cpp_package/share/cpp_package/environment/library_path.sh
[32.898s] -- Up-to-date: /home/p/ros2_ws/src/install/cpp_package/share/cpp_package/environment/library_path.dsv
[32.899s] -- Up-to-date: /home/p/ros2_ws/src/install/cpp_package/lib/libcpp_package__rosidl_generator_c.so
[32.899s] -- Up-to-date: /home/p/ros2_ws/src/install/cpp_package/include/cpp_package/cpp_package
[32.899s] -- Up-to-date: /home/p/ros2_ws/src/install/cpp_package/include/cpp_package/cpp_package/msg
[32.899s] -- Up-to-date: /home/p/ros2_ws/src/install/cpp_package/include/cpp_package/cpp_package/msg/rosidl_typesupport_fastrtps_c__visibility_control.h
[32.904s] -- Up-to-date: /home/p/ros2_ws/src/install/cpp_package/include/cpp_package/cpp_package/msg/detail
[32.904s] -- Up-to-date: /home/p/ros2_ws/src/install/cpp_package/include/cpp_package/cpp_package/msg/detail/nav_hint__rosidl_typesupport_fastrtps_c.h
[32.904s] -- Up-to-date: /home/p/ros2_ws/src/install/cpp_package/include/cpp_package/cpp_package/msg/detail/obstacle_feedback__rosidl_typesupport_fastrtps_c.h
[32.904s] -- Up-to-date: /home/p/ros2_ws/src/install/cpp_package/lib/libcpp_package__rosidl_typesupport_fastrtps_c.so
[32.904s] -- Up-to-date: /home/p/ros2_ws/src/install/cpp_package/include/cpp_package/cpp_package
[32.904s] -- Up-to-date: /home/p/ros2_ws/src/install/cpp_package/include/cpp_package/cpp_package/msg
[32.904s] -- Up-to-date: /home/p/ros2_ws/src/install/cpp_package/include/cpp_package/cpp_package/msg/obstacle_feedback.hpp
[32.904s] -- Up-to-date: /home/p/ros2_ws/src/install/cpp_package/include/cpp_package/cpp_package/msg/nav_hint.hpp
[32.904s] -- Up-to-date: /home/p/ros2_ws/src/install/cpp_package/include/cpp_package/cpp_package/msg/detail
[32.905s] -- Up-to-date: /home/p/ros2_ws/src/install/cpp_package/include/cpp_package/cpp_package/msg/detail/obstacle_feedback__traits.hpp
[32.905s] -- Up-to-date: /home/p/ros2_ws/src/install/cpp_package/include/cpp_package/cpp_package/msg/detail/nav_hint__traits.hpp
[32.905s] -- Up-to-date: /home/p/ros2_ws/src/install/cpp_package/include/cpp_package/cpp_package/msg/detail/obstacle_feedback__type_support.hpp
[32.905s] -- Up-to-date: /home/p/ros2_ws/src/install/cpp_package/include/cpp_package/cpp_package/msg/detail/nav_hint__builder.hpp
[32.905s] -- Up-to-date: /home/p/ros2_ws/src/install/cpp_package/include/cpp_package/cpp_package/msg/detail/obstacle_feedback__struct.hpp
[32.905s] -- Up-to-date: /home/p/ros2_ws/src/install/cpp_package/include/cpp_package/cpp_package/msg/detail/obstacle_feedback__builder.hpp
[32.905s] -- Up-to-date: /home/p/ros2_ws/src/install/cpp_package/include/cpp_package/cpp_package/msg/detail/nav_hint__struct.hpp
[32.905s] -- Up-to-date: /home/p/ros2_ws/src/install/cpp_package/include/cpp_package/cpp_package/msg/detail/nav_hint__type_support.hpp
[32.905s] -- Up-to-date: /home/p/ros2_ws/src/install/cpp_package/include/cpp_package/cpp_package/msg/rosidl_generator_cpp__visibility_control.hpp
[32.906s] -- Up-to-date: /home/p/ros2_ws/src/install/cpp_package/include/cpp_package/cpp_package
[32.906s] -- Up-to-date: /home/p/ros2_ws/src/install/cpp_package/include/cpp_package/cpp_package/msg
[32.906s] -- Up-to-date: /home/p/ros2_ws/src/install/cpp_package/include/cpp_package/cpp_package/msg/detail
[32.906s] -- Up-to-date: /home/p/ros2_ws/src/install/cpp_package/include/cpp_package/cpp_package/msg/detail/dds_fastrtps
[32.906s] -- Up-to-date: /home/p/ros2_ws/src/install/cpp_package/include/cpp_package/cpp_package/msg/detail/obstacle_feedback__rosidl_typesupport_fastrtps_cpp.hpp
[32.906s] -- Up-to-date: /home/p/ros2_ws/src/install/cpp_package/include/cpp_package/cpp_package/msg/detail/nav_hint__rosidl_typesupport_fastrtps_cpp.hpp
[32.906s] -- Up-to-date: /home/p/ros2_ws/src/install/cpp_package/include/cpp_package/cpp_package/msg/rosidl_typesupport_fastrtps_cpp__visibility_control.h
[32.906s] -- Up-to-date: /home/p/ros2_ws/src/install/cpp_package/lib/libcpp_package__rosidl_typesupport_fastrtps_cpp.so
[32.906s] -- Up-to-date: /home/p/ros2_ws/src/install/cpp_package/include/cpp_package/cpp_package
[32.907s] -- Up-to-date: /home/p/ros2_ws/src/install/cpp_package/include/cpp_package/cpp_package/msg
[32.907s] -- Up-to-date: /home/p/ros2_ws/src/install/cpp_package/include/cpp_package/cpp_package/msg/detail
[32.907s] -- Up-to-date: /home/p/ros2_ws/src/install/cpp_package/include/cpp_package/cpp_package/msg/detail/nav_hint__rosidl_typesupport_introspection_c.h
[32.907s] -- Installing: /home/p/ros2_ws/src/install/cpp_package/include/cpp_package/cpp_package/msg/detail/nav_hint__type_support.c
[32.907s] -- Up-to-date: /home/p/ros2_ws/src/install/cpp_package/include/cpp_package/cpp_package/msg/detail/obstacle_feedback__rosidl_typesupport_introspection_c.h
[32.907s] -- Installing: /home/p/ros2_ws/src/install/cpp_package/include/cpp_package/cpp_package/msg/detail/obstacle_feedback__type_support.c
[32.907s] -- Up-to-date: /home/p/ros2_ws/src/install/cpp_package/include/cpp_package/cpp_package/msg/rosidl_typesupport_introspection_c__visibility_control.h
[32.907s] -- Up-to-date: /home/p/ros2_ws/src/install/cpp_package/lib/libcpp_package__rosidl_typesupport_introspection_c.so
[32.908s] -- Up-to-date: /home/p/ros2_ws/src/install/cpp_package/lib/libcpp_package__rosidl_typesupport_c.so
[32.908s] -- Up-to-date: /home/p/ros2_ws/src/install/cpp_package/include/cpp_package/cpp_package
[32.908s] -- Up-to-date: /home/p/ros2_ws/src/install/cpp_package/include/cpp_package/cpp_package/msg
[32.908s] -- Up-to-date: /home/p/ros2_ws/src/install/cpp_package/include/cpp_package/cpp_package/msg/detail
[32.908s] -- Up-to-date: /home/p/ros2_ws/src/install/cpp_package/include/cpp_package/cpp_package/msg/detail/nav_hint__type_support.cpp
[32.908s] -- Up-to-date: /home/p/ros2_ws/src/install/cpp_package/include/cpp_package/cpp_package/msg/detail/obstacle_feedback__type_support.cpp
[32.908s] -- Up-to-date: /home/p/ros2_ws/src/install/cpp_package/include/cpp_package/cpp_package/msg/detail/obstacle_feedback__rosidl_typesupport_introspection_cpp.hpp
[32.908s] -- Up-to-date: /home/p/ros2_ws/src/install/cpp_package/include/cpp_package/cpp_package/msg/detail/nav_hint__rosidl_typesupport_introspection_cpp.hpp
[32.908s] -- Up-to-date: /home/p/ros2_ws/src/install/cpp_package/lib/libcpp_package__rosidl_typesupport_introspection_cpp.so
[32.908s] -- Up-to-date: /home/p/ros2_ws/src/install/cpp_package/lib/libcpp_package__rosidl_typesupport_cpp.so
[32.909s] -- Up-to-date: /home/p/ros2_ws/src/install/cpp_package/share/cpp_package/environment/pythonpath.sh
[32.909s] -- Up-to-date: /home/p/ros2_ws/src/install/cpp_package/share/cpp_package/environment/pythonpath.dsv
[32.909s] -- Up-to-date: /home/p/ros2_ws/src/install/cpp_package/lib/python3.12/site-packages/cpp_package-0.0.1-py3.12.egg-info
[32.909s] -- Installing: /home/p/ros2_ws/src/install/cpp_package/lib/python3.12/site-packages/cpp_package-0.0.1-py3.12.egg-info/dependency_links.txt
[32.909s] -- Installing: /home/p/ros2_ws/src/install/cpp_package/lib/python3.12/site-packages/cpp_package-0.0.1-py3.12.egg-info/PKG-INFO
[32.909s] -- Installing: /home/p/ros2_ws/src/install/cpp_package/lib/python3.12/site-packages/cpp_package-0.0.1-py3.12.egg-info/top_level.txt
[32.909s] -- Installing: /home/p/ros2_ws/src/install/cpp_package/lib/python3.12/site-packages/cpp_package-0.0.1-py3.12.egg-info/SOURCES.txt
[32.909s] -- Up-to-date: /home/p/ros2_ws/src/install/cpp_package/lib/python3.12/site-packages/cpp_package
[32.909s] -- Up-to-date: /home/p/ros2_ws/src/install/cpp_package/lib/python3.12/site-packages/cpp_package/cpp_package_s__rosidl_typesupport_introspection_c.so
[32.909s] -- Up-to-date: /home/p/ros2_ws/src/install/cpp_package/lib/python3.12/site-packages/cpp_package/_cpp_package_s.ep.rosidl_typesupport_fastrtps_c.c
[32.910s] -- Installing: /home/p/ros2_ws/src/install/cpp_package/lib/python3.12/site-packages/cpp_package/__init__.py
[32.910s] -- Up-to-date: /home/p/ros2_ws/src/install/cpp_package/lib/python3.12/site-packages/cpp_package/cpp_package_s__rosidl_typesupport_c.so
[32.910s] -- Up-to-date: /home/p/ros2_ws/src/install/cpp_package/lib/python3.12/site-packages/cpp_package/msg
[32.910s] -- Up-to-date: /home/p/ros2_ws/src/install/cpp_package/lib/python3.12/site-packages/cpp_package/msg/_nav_hint.py
[32.910s] -- Up-to-date: /home/p/ros2_ws/src/install/cpp_package/lib/python3.12/site-packages/cpp_package/msg/_obstacle_feedback_s.c
[32.910s] -- Up-to-date: /home/p/ros2_ws/src/install/cpp_package/lib/python3.12/site-packages/cpp_package/msg/_nav_hint_s.c
[32.910s] -- Up-to-date: /home/p/ros2_ws/src/install/cpp_package/lib/python3.12/site-packages/cpp_package/msg/__init__.py
[32.910s] -- Up-to-date: /home/p/ros2_ws/src/install/cpp_package/lib/python3.12/site-packages/cpp_package/msg/_obstacle_feedback.py
[32.910s] -- Up-to-date: /home/p/ros2_ws/src/install/cpp_package/lib/python3.12/site-packages/cpp_package/_cpp_package_s.ep.rosidl_typesupport_c.c
[32.911s] -- Up-to-date: /home/p/ros2_ws/src/install/cpp_package/lib/python3.12/site-packages/cpp_package/cpp_package_s__rosidl_typesupport_fastrtps_c.so
[32.911s] -- Up-to-date: /home/p/ros2_ws/src/install/cpp_package/lib/python3.12/site-packages/cpp_package/_cpp_package_s.ep.rosidl_typesupport_introspection_c.c
[32.982s] Listing '/home/p/ros2_ws/src/install/cpp_package/lib/python3.12/site-packages/cpp_package'...
[32.982s] Compiling '/home/p/ros2_ws/src/install/cpp_package/lib/python3.12/site-packages/cpp_package/__init__.py'...
[32.982s] Listing '/home/p/ros2_ws/src/install/cpp_package/lib/python3.12/site-packages/cpp_package/msg'...
[32.995s] -- Up-to-date: /home/p/ros2_ws/src/install/cpp_package/lib/python3.12/site-packages/cpp_package/cpp_package_s__rosidl_typesupport_fastrtps_c.so
[32.995s] -- Up-to-date: /home/p/ros2_ws/src/install/cpp_package/lib/python3.12/site-packages/cpp_package/cpp_package_s__rosidl_typesupport_introspection_c.so
[32.995s] -- Up-to-date: /home/p/ros2_ws/src/install/cpp_package/lib/python3.12/site-packages/cpp_package/cpp_package_s__rosidl_typesupport_c.so
[32.996s] -- Up-to-date: /home/p/ros2_ws/src/install/cpp_package/lib/libcpp_package__rosidl_generator_py.so
[32.996s] -- Up-to-date: /home/p/ros2_ws/src/install/cpp_package/share/cpp_package/msg/ObstacleFeedback.idl
[32.997s] -- Up-to-date: /home/p/ros2_ws/src/install/cpp_package/share/cpp_package/msg/NavHint.idl
[32.997s] -- Up-to-date: /home/p/ros2_ws/src/install/cpp_package/share/cpp_package/msg/ObstacleFeedback.msg
[32.997s] -- Up-to-date: /home/p/ros2_ws/src/install/cpp_package/share/cpp_package/msg/NavHint.msg
[32.997s] -- Up-to-date: /home/p/ros2_ws/src/install/cpp_package/lib/cpp_package/icp_3d_odom_node
[32.997s] -- Up-to-date: /home/p/ros2_ws/src/install/cpp_package/lib/cpp_package/pointcloud_formatter_node
[32.998s] -- Up-to-date: /home/p/ros2_ws/src/install/cpp_package/lib/cpp_package/front_cloud_filter_node
[32.998s] -- Up-to-date: /home/p/ros2_ws/src/install/cpp_package/lib/cpp_package/obstacle_evaluator_node
[32.999s] -- Up-to-date: /home/p/ros2_ws/src/install/cpp_package/lib/cpp_package/navigation_hint_node
[32.999s] -- Up-to-date: /home/p/ros2_ws/src/install/cpp_package/lib/cpp_package/haptic_driver_node
[33.000s] -- Up-to-date: /home/p/ros2_ws/src/install/cpp_package/lib/cpp_package/deskew_node
[33.000s] -- Up-to-date: /home/p/ros2_ws/src/install/cpp_package/lib/cpp_package/obstacle_detector_node
[33.001s] -- Up-to-date: /home/p/ros2_ws/src/install/cpp_package/lib/cpp_package/point_cloud_sweeper_cpp_node
[33.002s] -- Up-to-date: /home/p/ros2_ws/src/install/cpp_package/lib/cpp_package/point_cloud_accumulator_cpp_node
[33.002s] -- Up-to-date: /home/p/ros2_ws/src/install/cpp_package/lib/cpp_package/point_cloud_voxel_filter_cpp_node
[33.003s] -- Up-to-date: /home/p/ros2_ws/src/install/cpp_package/lib/cpp_package/point_cloud_passthrough_filter_cpp_node
[33.004s] -- Up-to-date: /home/p/ros2_ws/src/install/cpp_package/lib/cpp_package/point_cloud_statistical_outlier_remover_cpp_node
[33.004s] -- Up-to-date: /home/p/ros2_ws/src/install/cpp_package/lib/cpp_package/point_count_sweeper_node
[33.005s] -- Up-to-date: /home/p/ros2_ws/src/install/cpp_package/lib/cpp_package/z_variance_sweeper_node
[33.005s] -- Up-to-date: /home/p/ros2_ws/src/install/cpp_package/lib/cpp_package/stable_ground_detector_node
[33.006s] -- Up-to-date: /home/p/ros2_ws/src/install/cpp_package/lib/cpp_package/ground_plane_fitter_node
[33.006s] -- Up-to-date: /home/p/ros2_ws/src/install/cpp_package/lib/cpp_package/ground_plane_fitter_no_voxel_node
[33.007s] -- Up-to-date: /home/p/ros2_ws/src/install/cpp_package/lib/cpp_package/ground_plane_fitter_lock_plane_node
[33.007s] -- Up-to-date: /home/p/ros2_ws/src/install/cpp_package/lib/cpp_package/stable_ground_fitter_node
[33.008s] -- Up-to-date: /home/p/ros2_ws/src/install/cpp_package/lib/cpp_package/projected_ground_detector_node
[33.008s] -- Up-to-date: /home/p/ros2_ws/src/install/cpp_package/lib/cpp_package/imu_odometry_node
[33.009s] -- Up-to-date: /home/p/ros2_ws/src/install/cpp_package/share/cpp_package/launch
[33.009s] -- Up-to-date: /home/p/ros2_ws/src/install/cpp_package/share/cpp_package/launch/icp_odom.launch.py
[33.009s] -- Up-to-date: /home/p/ros2_ws/src/install/cpp_package/share/cpp_package/launch/assistive_nav.launch.py
[33.009s] -- Up-to-date: /home/p/ros2_ws/src/install/cpp_package/share/cpp_package/launch/front_cloud_filter.launch.py
[33.009s] -- Up-to-date: /home/p/ros2_ws/src/install/cpp_package/share/ament_index/resource_index/package_run_dependencies/cpp_package
[33.009s] -- Up-to-date: /home/p/ros2_ws/src/install/cpp_package/share/ament_index/resource_index/parent_prefix_path/cpp_package
[33.010s] -- Up-to-date: /home/p/ros2_ws/src/install/cpp_package/share/cpp_package/environment/ament_prefix_path.sh
[33.010s] -- Up-to-date: /home/p/ros2_ws/src/install/cpp_package/share/cpp_package/environment/ament_prefix_path.dsv
[33.010s] -- Up-to-date: /home/p/ros2_ws/src/install/cpp_package/share/cpp_package/environment/path.sh
[33.010s] -- Up-to-date: /home/p/ros2_ws/src/install/cpp_package/share/cpp_package/environment/path.dsv
[33.010s] -- Up-to-date: /home/p/ros2_ws/src/install/cpp_package/share/cpp_package/local_setup.bash
[33.011s] -- Up-to-date: /home/p/ros2_ws/src/install/cpp_package/share/cpp_package/local_setup.sh
[33.011s] -- Up-to-date: /home/p/ros2_ws/src/install/cpp_package/share/cpp_package/local_setup.zsh
[33.011s] -- Up-to-date: /home/p/ros2_ws/src/install/cpp_package/share/cpp_package/local_setup.dsv
[33.011s] -- Installing: /home/p/ros2_ws/src/install/cpp_package/share/cpp_package/package.dsv
[33.011s] -- Up-to-date: /home/p/ros2_ws/src/install/cpp_package/share/ament_index/resource_index/packages/cpp_package
[33.011s] -- Up-to-date: /home/p/ros2_ws/src/install/cpp_package/share/cpp_package/cmake/export_cpp_package__rosidl_generator_cExport.cmake
[33.011s] -- Up-to-date: /home/p/ros2_ws/src/install/cpp_package/share/cpp_package/cmake/export_cpp_package__rosidl_generator_cExport-noconfig.cmake
[33.011s] -- Up-to-date: /home/p/ros2_ws/src/install/cpp_package/share/cpp_package/cmake/export_cpp_package__rosidl_typesupport_fastrtps_cExport.cmake
[33.011s] -- Up-to-date: /home/p/ros2_ws/src/install/cpp_package/share/cpp_package/cmake/export_cpp_package__rosidl_typesupport_fastrtps_cExport-noconfig.cmake
[33.012s] -- Up-to-date: /home/p/ros2_ws/src/install/cpp_package/share/cpp_package/cmake/export_cpp_package__rosidl_generator_cppExport.cmake
[33.012s] -- Up-to-date: /home/p/ros2_ws/src/install/cpp_package/share/cpp_package/cmake/export_cpp_package__rosidl_typesupport_fastrtps_cppExport.cmake
[33.012s] -- Up-to-date: /home/p/ros2_ws/src/install/cpp_package/share/cpp_package/cmake/export_cpp_package__rosidl_typesupport_fastrtps_cppExport-noconfig.cmake
[33.012s] -- Up-to-date: /home/p/ros2_ws/src/install/cpp_package/share/cpp_package/cmake/cpp_package__rosidl_typesupport_introspection_cExport.cmake
[33.012s] -- Up-to-date: /home/p/ros2_ws/src/install/cpp_package/share/cpp_package/cmake/cpp_package__rosidl_typesupport_introspection_cExport-noconfig.cmake
[33.012s] -- Up-to-date: /home/p/ros2_ws/src/install/cpp_package/share/cpp_package/cmake/cpp_package__rosidl_typesupport_cExport.cmake
[33.012s] -- Up-to-date: /home/p/ros2_ws/src/install/cpp_package/share/cpp_package/cmake/cpp_package__rosidl_typesupport_cExport-noconfig.cmake
[33.012s] -- Up-to-date: /home/p/ros2_ws/src/install/cpp_package/share/cpp_package/cmake/cpp_package__rosidl_typesupport_introspection_cppExport.cmake
[33.012s] -- Up-to-date: /home/p/ros2_ws/src/install/cpp_package/share/cpp_package/cmake/cpp_package__rosidl_typesupport_introspection_cppExport-noconfig.cmake
[33.012s] -- Up-to-date: /home/p/ros2_ws/src/install/cpp_package/share/cpp_package/cmake/cpp_package__rosidl_typesupport_cppExport.cmake
[33.013s] -- Up-to-date: /home/p/ros2_ws/src/install/cpp_package/share/cpp_package/cmake/cpp_package__rosidl_typesupport_cppExport-noconfig.cmake
[33.013s] -- Up-to-date: /home/p/ros2_ws/src/install/cpp_package/share/cpp_package/cmake/export_cpp_package__rosidl_generator_pyExport.cmake
[33.013s] -- Up-to-date: /home/p/ros2_ws/src/install/cpp_package/share/cpp_package/cmake/export_cpp_package__rosidl_generator_pyExport-noconfig.cmake
[33.013s] -- Up-to-date: /home/p/ros2_ws/src/install/cpp_package/share/cpp_package/cmake/rosidl_cmake-extras.cmake
[33.013s] -- Up-to-date: /home/p/ros2_ws/src/install/cpp_package/share/cpp_package/cmake/ament_cmake_export_dependencies-extras.cmake
[33.013s] -- Up-to-date: /home/p/ros2_ws/src/install/cpp_package/share/cpp_package/cmake/ament_cmake_export_include_directories-extras.cmake
[33.013s] -- Up-to-date: /home/p/ros2_ws/src/install/cpp_package/share/cpp_package/cmake/ament_cmake_export_libraries-extras.cmake
[33.013s] -- Up-to-date: /home/p/ros2_ws/src/install/cpp_package/share/cpp_package/cmake/ament_cmake_export_targets-extras.cmake
[33.013s] -- Up-to-date: /home/p/ros2_ws/src/install/cpp_package/share/cpp_package/cmake/rosidl_cmake_export_typesupport_targets-extras.cmake
[33.013s] -- Up-to-date: /home/p/ros2_ws/src/install/cpp_package/share/cpp_package/cmake/rosidl_cmake_export_typesupport_libraries-extras.cmake
[33.013s] -- Up-to-date: /home/p/ros2_ws/src/install/cpp_package/share/cpp_package/cmake/cpp_packageConfig.cmake
[33.014s] -- Up-to-date: /home/p/ros2_ws/src/install/cpp_package/share/cpp_package/cmake/cpp_packageConfig-version.cmake
[33.014s] -- Up-to-date: /home/p/ros2_ws/src/install/cpp_package/share/cpp_package/package.xml
[33.015s] Invoked command in '/home/p/ros2_ws/src/build/cpp_package' returned '0': CMAKE_PREFIX_PATH=${CMAKE_PREFIX_PATH}:/home/p/ros2_ws/install/sweep_builder:/home/p/ros2_ws/install/optical_cane_rpi:/home/p/ros2_ws/install/mpu9250:/opt/ros/jazzy DEBUGINFOD_URLS=https://debuginfod.ubuntu.com /usr/bin/cmake --install /home/p/ros2_ws/src/build/cpp_package
