[ 60%] Built target cartographer_ros
[ 65%] Built target cartographer_assets_writer
[ 71%] Built target cartographer_occupancy_grid_node
[ 77%] Built target cartographer_offline_node
[ 82%] Built target cartographer_node
[ 88%] Built target cartographer_rosbag_validate
[ 94%] Built target cartographer_pbstream_to_ros_map
[100%] Built target cartographer_pbstream_map_publisher
-- Install configuration: ""
-- Up-to-date: /home/p/ros2_ws/src/install/cartographer_ros/lib/libcartographer_ros.a
-- Up-to-date: /home/p/ros2_ws/src/install/cartographer_ros/lib/cartographer_ros/cartographer_node
-- Up-to-date: /home/p/ros2_ws/src/install/cartographer_ros/lib/cartographer_ros/cartographer_occupancy_grid_node
-- Up-to-date: /home/p/ros2_ws/src/install/cartographer_ros/lib/cartographer_ros/cartographer_offline_node
-- Up-to-date: /home/p/ros2_ws/src/install/cartographer_ros/lib/cartographer_ros/cartographer_assets_writer
-- Up-to-date: /home/p/ros2_ws/src/install/cartographer_ros/lib/cartographer_ros/cartographer_pbstream_map_publisher
-- Up-to-date: /home/p/ros2_ws/src/install/cartographer_ros/lib/cartographer_ros/cartographer_pbstream_to_ros_map
-- Up-to-date: /home/p/ros2_ws/src/install/cartographer_ros/lib/cartographer_ros/cartographer_rosbag_validate
-- Up-to-date: /home/p/ros2_ws/src/install/cartographer_ros/include/
-- Up-to-date: /home/p/ros2_ws/src/install/cartographer_ros/include//cartographer_ros
-- Up-to-date: /home/p/ros2_ws/src/install/cartographer_ros/include//cartographer_ros/map_builder_bridge.h
-- Up-to-date: /home/p/ros2_ws/src/install/cartographer_ros/include//cartographer_ros/offline_node.h
-- Up-to-date: /home/p/ros2_ws/src/install/cartographer_ros/include//cartographer_ros/node_constants.h
-- Up-to-date: /home/p/ros2_ws/src/install/cartographer_ros/include//cartographer_ros/ros_map_writing_points_processor.h
-- Up-to-date: /home/p/ros2_ws/src/install/cartographer_ros/include//cartographer_ros/node.h
-- Up-to-date: /home/p/ros2_ws/src/install/cartographer_ros/include//cartographer_ros/metrics
-- Up-to-date: /home/p/ros2_ws/src/install/cartographer_ros/include//cartographer_ros/metrics/internal
-- Up-to-date: /home/p/ros2_ws/src/install/cartographer_ros/include//cartographer_ros/metrics/internal/counter.h
-- Up-to-date: /home/p/ros2_ws/src/install/cartographer_ros/include//cartographer_ros/metrics/internal/family.h
-- Up-to-date: /home/p/ros2_ws/src/install/cartographer_ros/include//cartographer_ros/metrics/internal/gauge.h
-- Up-to-date: /home/p/ros2_ws/src/install/cartographer_ros/include//cartographer_ros/metrics/internal/histogram.h
-- Up-to-date: /home/p/ros2_ws/src/install/cartographer_ros/include//cartographer_ros/metrics/family_factory.h
-- Up-to-date: /home/p/ros2_ws/src/install/cartographer_ros/include//cartographer_ros/ros_log_sink.h
-- Up-to-date: /home/p/ros2_ws/src/install/cartographer_ros/include//cartographer_ros/assets_writer.h
-- Up-to-date: /home/p/ros2_ws/src/install/cartographer_ros/include//cartographer_ros/trajectory_options.h
-- Up-to-date: /home/p/ros2_ws/src/install/cartographer_ros/include//cartographer_ros/time_conversion.h
-- Up-to-date: /home/p/ros2_ws/src/install/cartographer_ros/include//cartographer_ros/submap.h
-- Up-to-date: /home/p/ros2_ws/src/install/cartographer_ros/include//cartographer_ros/playable_bag.h
-- Up-to-date: /home/p/ros2_ws/src/install/cartographer_ros/include//cartographer_ros/ros_map.h
-- Up-to-date: /home/p/ros2_ws/src/install/cartographer_ros/include//cartographer_ros/msg_conversion.h
-- Up-to-date: /home/p/ros2_ws/src/install/cartographer_ros/include//cartographer_ros/tf_bridge.h
-- Up-to-date: /home/p/ros2_ws/src/install/cartographer_ros/include//cartographer_ros/node_options.h
-- Up-to-date: /home/p/ros2_ws/src/install/cartographer_ros/include//cartographer_ros/urdf_reader.h
-- Up-to-date: /home/p/ros2_ws/src/install/cartographer_ros/include//cartographer_ros/sensor_bridge.h
-- Up-to-date: /home/p/ros2_ws/src/install/cartographer_ros/share/cartographer_ros//configuration_files
-- Up-to-date: /home/p/ros2_ws/src/install/cartographer_ros/share/cartographer_ros//configuration_files/my_2d_slam.lua
-- Up-to-date: /home/p/ros2_ws/src/install/cartographer_ros/share/cartographer_ros//urdf
-- Up-to-date: /home/p/ros2_ws/src/install/cartographer_ros/share/cartographer_ros//urdf/mir-100.urdf
-- Up-to-date: /home/p/ros2_ws/src/install/cartographer_ros/share/cartographer_ros//urdf/backpack_3d.urdf
-- Up-to-date: /home/p/ros2_ws/src/install/cartographer_ros/share/cartographer_ros//urdf/backpack_2d.urdf
-- Up-to-date: /home/p/ros2_ws/src/install/cartographer_ros/share/cartographer_ros//launch
-- Up-to-date: /home/p/ros2_ws/src/install/cartographer_ros/share/cartographer_ros//launch/my_cartographer_launch.py
-- Up-to-date: /home/p/ros2_ws/src/install/cartographer_ros/share/cartographer_ros/environment/library_path.sh
-- Up-to-date: /home/p/ros2_ws/src/install/cartographer_ros/share/cartographer_ros/environment/library_path.dsv
-- Up-to-date: /home/p/ros2_ws/src/install/cartographer_ros/share/ament_index/resource_index/package_run_dependencies/cartographer_ros
-- Up-to-date: /home/p/ros2_ws/src/install/cartographer_ros/share/ament_index/resource_index/parent_prefix_path/cartographer_ros
-- Up-to-date: /home/p/ros2_ws/src/install/cartographer_ros/share/cartographer_ros/environment/ament_prefix_path.sh
-- Up-to-date: /home/p/ros2_ws/src/install/cartographer_ros/share/cartographer_ros/environment/ament_prefix_path.dsv
-- Up-to-date: /home/p/ros2_ws/src/install/cartographer_ros/share/cartographer_ros/environment/path.sh
-- Up-to-date: /home/p/ros2_ws/src/install/cartographer_ros/share/cartographer_ros/environment/path.dsv
-- Up-to-date: /home/p/ros2_ws/src/install/cartographer_ros/share/cartographer_ros/local_setup.bash
-- Up-to-date: /home/p/ros2_ws/src/install/cartographer_ros/share/cartographer_ros/local_setup.sh
-- Up-to-date: /home/p/ros2_ws/src/install/cartographer_ros/share/cartographer_ros/local_setup.zsh
-- Up-to-date: /home/p/ros2_ws/src/install/cartographer_ros/share/cartographer_ros/local_setup.dsv
-- Installing: /home/p/ros2_ws/src/install/cartographer_ros/share/cartographer_ros/package.dsv
-- Up-to-date: /home/p/ros2_ws/src/install/cartographer_ros/share/ament_index/resource_index/packages/cartographer_ros
-- Up-to-date: /home/p/ros2_ws/src/install/cartographer_ros/share/cartographer_ros/cmake/ament_cmake_export_include_directories-extras.cmake
-- Up-to-date: /home/p/ros2_ws/src/install/cartographer_ros/share/cartographer_ros/cmake/ament_cmake_export_libraries-extras.cmake
-- Up-to-date: /home/p/ros2_ws/src/install/cartographer_ros/share/cartographer_ros/cmake/ament_cmake_export_dependencies-extras.cmake
-- Up-to-date: /home/p/ros2_ws/src/install/cartographer_ros/share/cartographer_ros/cmake/cartographer_rosConfig.cmake
-- Up-to-date: /home/p/ros2_ws/src/install/cartographer_ros/share/cartographer_ros/cmake/cartographer_rosConfig-version.cmake
-- Up-to-date: /home/p/ros2_ws/src/install/cartographer_ros/share/cartographer_ros/package.xml
