[0.072s] Invoking command in '/home/p/ros2_ws/src/build/cartographer_ros': AMENT_PREFIX_PATH=/home/p/ros2_ws/src/install/cartographer_ros_msgs:${AMENT_PREFIX_PATH} CMAKE_PREFIX_PATH=/home/p/ros2_ws/src/install/cartographer_ros_msgs:/home/p/ros2_ws/src/install/cartographer:/home/p/ros2_ws/install/sllidar_ros2:/home/p/ros2_ws/install/cpp_package:/home/p/ros2_ws/install/cartographer_rviz:/home/p/ros2_ws/install/cartographer_ros:/home/p/ros2_ws/install/cartographer_ros_msgs:/home/p/ros2_ws/install/cartographer:/opt/ros/jazzy/opt/gz_sim_vendor:/opt/ros/jazzy/opt/gz_sensors_vendor:/opt/ros/jazzy/opt/gz_physics_vendor:/opt/ros/jazzy/opt/sdformat_vendor:/opt/ros/jazzy/opt/gz_gui_vendor:/opt/ros/jazzy/opt/gz_transport_vendor:/opt/ros/jazzy/opt/gz_rendering_vendor:/opt/ros/jazzy/opt/gz_plugin_vendor:/opt/ros/jazzy/opt/gz_fuel_tools_vendor:/opt/ros/jazzy/opt/gz_msgs_vendor:/opt/ros/jazzy/opt/gz_common_vendor:/opt/ros/jazzy/opt/gz_math_vendor:/opt/ros/jazzy/opt/gz_utils_vendor:/opt/ros/jazzy/opt/gz_tools_vendor:/opt/ros/jazzy/opt/gz_ogre_next_vendor:/opt/ros/jazzy/opt/gz_dartsim_vendor:/opt/ros/jazzy/opt/gz_cmake_vendor:/home/p/ros2_ws/install/sweep_builder:/home/p/ros2_ws/install/optical_cane_rpi:/home/p/ros2_ws/install/mpu9250:/opt/ros/jazzy DEBUGINFOD_URLS=https://debuginfod.ubuntu.com LD_LIBRARY_PATH=/home/p/ros2_ws/src/install/cartographer_ros_msgs/lib:${LD_LIBRARY_PATH} PATH=/home/p/ros2_ws/src/install/cartographer/bin:${PATH} PKG_CONFIG_PATH=/home/p/ros2_ws/src/install/cartographer/lib/aarch64-linux-gnu/pkgconfig:/home/p/ros2_ws/src/install/cartographer/lib/pkgconfig:${PKG_CONFIG_PATH} PYTHONPATH=/home/p/ros2_ws/src/install/cartographer_ros_msgs/lib/python3.12/site-packages:${PYTHONPATH} /usr/bin/cmake --build /home/p/ros2_ws/src/build/cartographer_ros -- -j4 -l4
[1.340s] [ 60%] Built target cartographer_ros
[1.340s] [ 65%] Built target cartographer_assets_writer
[1.340s] [ 71%] Built target cartographer_occupancy_grid_node
[1.341s] [ 77%] Built target cartographer_offline_node
[1.341s] [ 82%] Built target cartographer_node
[1.341s] [ 88%] Built target cartographer_rosbag_validate
[1.341s] [ 94%] Built target cartographer_pbstream_to_ros_map
[1.341s] [100%] Built target cartographer_pbstream_map_publisher
[1.374s] Invoked command in '/home/p/ros2_ws/src/build/cartographer_ros' returned '0': AMENT_PREFIX_PATH=/home/p/ros2_ws/src/install/cartographer_ros_msgs:${AMENT_PREFIX_PATH} CMAKE_PREFIX_PATH=/home/p/ros2_ws/src/install/cartographer_ros_msgs:/home/p/ros2_ws/src/install/cartographer:/home/p/ros2_ws/install/sllidar_ros2:/home/p/ros2_ws/install/cpp_package:/home/p/ros2_ws/install/cartographer_rviz:/home/p/ros2_ws/install/cartographer_ros:/home/p/ros2_ws/install/cartographer_ros_msgs:/home/p/ros2_ws/install/cartographer:/opt/ros/jazzy/opt/gz_sim_vendor:/opt/ros/jazzy/opt/gz_sensors_vendor:/opt/ros/jazzy/opt/gz_physics_vendor:/opt/ros/jazzy/opt/sdformat_vendor:/opt/ros/jazzy/opt/gz_gui_vendor:/opt/ros/jazzy/opt/gz_transport_vendor:/opt/ros/jazzy/opt/gz_rendering_vendor:/opt/ros/jazzy/opt/gz_plugin_vendor:/opt/ros/jazzy/opt/gz_fuel_tools_vendor:/opt/ros/jazzy/opt/gz_msgs_vendor:/opt/ros/jazzy/opt/gz_common_vendor:/opt/ros/jazzy/opt/gz_math_vendor:/opt/ros/jazzy/opt/gz_utils_vendor:/opt/ros/jazzy/opt/gz_tools_vendor:/opt/ros/jazzy/opt/gz_ogre_next_vendor:/opt/ros/jazzy/opt/gz_dartsim_vendor:/opt/ros/jazzy/opt/gz_cmake_vendor:/home/p/ros2_ws/install/sweep_builder:/home/p/ros2_ws/install/optical_cane_rpi:/home/p/ros2_ws/install/mpu9250:/opt/ros/jazzy DEBUGINFOD_URLS=https://debuginfod.ubuntu.com LD_LIBRARY_PATH=/home/p/ros2_ws/src/install/cartographer_ros_msgs/lib:${LD_LIBRARY_PATH} PATH=/home/p/ros2_ws/src/install/cartographer/bin:${PATH} PKG_CONFIG_PATH=/home/p/ros2_ws/src/install/cartographer/lib/aarch64-linux-gnu/pkgconfig:/home/p/ros2_ws/src/install/cartographer/lib/pkgconfig:${PKG_CONFIG_PATH} PYTHONPATH=/home/p/ros2_ws/src/install/cartographer_ros_msgs/lib/python3.12/site-packages:${PYTHONPATH} /usr/bin/cmake --build /home/p/ros2_ws/src/build/cartographer_ros -- -j4 -l4
[1.399s] Invoking command in '/home/p/ros2_ws/src/build/cartographer_ros': AMENT_PREFIX_PATH=/home/p/ros2_ws/src/install/cartographer_ros_msgs:${AMENT_PREFIX_PATH} CMAKE_PREFIX_PATH=/home/p/ros2_ws/src/install/cartographer_ros_msgs:/home/p/ros2_ws/src/install/cartographer:/home/p/ros2_ws/install/sllidar_ros2:/home/p/ros2_ws/install/cpp_package:/home/p/ros2_ws/install/cartographer_rviz:/home/p/ros2_ws/install/cartographer_ros:/home/p/ros2_ws/install/cartographer_ros_msgs:/home/p/ros2_ws/install/cartographer:/opt/ros/jazzy/opt/gz_sim_vendor:/opt/ros/jazzy/opt/gz_sensors_vendor:/opt/ros/jazzy/opt/gz_physics_vendor:/opt/ros/jazzy/opt/sdformat_vendor:/opt/ros/jazzy/opt/gz_gui_vendor:/opt/ros/jazzy/opt/gz_transport_vendor:/opt/ros/jazzy/opt/gz_rendering_vendor:/opt/ros/jazzy/opt/gz_plugin_vendor:/opt/ros/jazzy/opt/gz_fuel_tools_vendor:/opt/ros/jazzy/opt/gz_msgs_vendor:/opt/ros/jazzy/opt/gz_common_vendor:/opt/ros/jazzy/opt/gz_math_vendor:/opt/ros/jazzy/opt/gz_utils_vendor:/opt/ros/jazzy/opt/gz_tools_vendor:/opt/ros/jazzy/opt/gz_ogre_next_vendor:/opt/ros/jazzy/opt/gz_dartsim_vendor:/opt/ros/jazzy/opt/gz_cmake_vendor:/home/p/ros2_ws/install/sweep_builder:/home/p/ros2_ws/install/optical_cane_rpi:/home/p/ros2_ws/install/mpu9250:/opt/ros/jazzy DEBUGINFOD_URLS=https://debuginfod.ubuntu.com LD_LIBRARY_PATH=/home/p/ros2_ws/src/install/cartographer_ros_msgs/lib:${LD_LIBRARY_PATH} PATH=/home/p/ros2_ws/src/install/cartographer/bin:${PATH} PKG_CONFIG_PATH=/home/p/ros2_ws/src/install/cartographer/lib/aarch64-linux-gnu/pkgconfig:/home/p/ros2_ws/src/install/cartographer/lib/pkgconfig:${PKG_CONFIG_PATH} PYTHONPATH=/home/p/ros2_ws/src/install/cartographer_ros_msgs/lib/python3.12/site-packages:${PYTHONPATH} /usr/bin/cmake --install /home/p/ros2_ws/src/build/cartographer_ros
[1.456s] -- Install configuration: ""
[1.459s] -- Up-to-date: /home/p/ros2_ws/src/install/cartographer_ros/lib/libcartographer_ros.a
[1.460s] -- Up-to-date: /home/p/ros2_ws/src/install/cartographer_ros/lib/cartographer_ros/cartographer_node
[1.460s] -- Up-to-date: /home/p/ros2_ws/src/install/cartographer_ros/lib/cartographer_ros/cartographer_occupancy_grid_node
[1.460s] -- Up-to-date: /home/p/ros2_ws/src/install/cartographer_ros/lib/cartographer_ros/cartographer_offline_node
[1.460s] -- Up-to-date: /home/p/ros2_ws/src/install/cartographer_ros/lib/cartographer_ros/cartographer_assets_writer
[1.460s] -- Up-to-date: /home/p/ros2_ws/src/install/cartographer_ros/lib/cartographer_ros/cartographer_pbstream_map_publisher
[1.460s] -- Up-to-date: /home/p/ros2_ws/src/install/cartographer_ros/lib/cartographer_ros/cartographer_pbstream_to_ros_map
[1.461s] -- Up-to-date: /home/p/ros2_ws/src/install/cartographer_ros/lib/cartographer_ros/cartographer_rosbag_validate
[1.463s] -- Up-to-date: /home/p/ros2_ws/src/install/cartographer_ros/include/
[1.463s] -- Up-to-date: /home/p/ros2_ws/src/install/cartographer_ros/include//cartographer_ros
[1.463s] -- Up-to-date: /home/p/ros2_ws/src/install/cartographer_ros/include//cartographer_ros/map_builder_bridge.h
[1.463s] -- Up-to-date: /home/p/ros2_ws/src/install/cartographer_ros/include//cartographer_ros/offline_node.h
[1.463s] -- Up-to-date: /home/p/ros2_ws/src/install/cartographer_ros/include//cartographer_ros/node_constants.h
[1.463s] -- Up-to-date: /home/p/ros2_ws/src/install/cartographer_ros/include//cartographer_ros/ros_map_writing_points_processor.h
[1.464s] -- Up-to-date: /home/p/ros2_ws/src/install/cartographer_ros/include//cartographer_ros/node.h
[1.464s] -- Up-to-date: /home/p/ros2_ws/src/install/cartographer_ros/include//cartographer_ros/metrics
[1.466s] -- Up-to-date: /home/p/ros2_ws/src/install/cartographer_ros/include//cartographer_ros/metrics/internal
[1.466s] -- Up-to-date: /home/p/ros2_ws/src/install/cartographer_ros/include//cartographer_ros/metrics/internal/counter.h
[1.466s] -- Up-to-date: /home/p/ros2_ws/src/install/cartographer_ros/include//cartographer_ros/metrics/internal/family.h
[1.466s] -- Up-to-date: /home/p/ros2_ws/src/install/cartographer_ros/include//cartographer_ros/metrics/internal/gauge.h
[1.466s] -- Up-to-date: /home/p/ros2_ws/src/install/cartographer_ros/include//cartographer_ros/metrics/internal/histogram.h
[1.466s] -- Up-to-date: /home/p/ros2_ws/src/install/cartographer_ros/include//cartographer_ros/metrics/family_factory.h
[1.467s] -- Up-to-date: /home/p/ros2_ws/src/install/cartographer_ros/include//cartographer_ros/ros_log_sink.h
[1.467s] -- Up-to-date: /home/p/ros2_ws/src/install/cartographer_ros/include//cartographer_ros/assets_writer.h
[1.468s] -- Up-to-date: /home/p/ros2_ws/src/install/cartographer_ros/include//cartographer_ros/trajectory_options.h
[1.468s] -- Up-to-date: /home/p/ros2_ws/src/install/cartographer_ros/include//cartographer_ros/time_conversion.h
[1.468s] -- Up-to-date: /home/p/ros2_ws/src/install/cartographer_ros/include//cartographer_ros/submap.h
[1.468s] -- Up-to-date: /home/p/ros2_ws/src/install/cartographer_ros/include//cartographer_ros/playable_bag.h
[1.468s] -- Up-to-date: /home/p/ros2_ws/src/install/cartographer_ros/include//cartographer_ros/ros_map.h
[1.468s] -- Up-to-date: /home/p/ros2_ws/src/install/cartographer_ros/include//cartographer_ros/msg_conversion.h
[1.468s] -- Up-to-date: /home/p/ros2_ws/src/install/cartographer_ros/include//cartographer_ros/tf_bridge.h
[1.468s] -- Up-to-date: /home/p/ros2_ws/src/install/cartographer_ros/include//cartographer_ros/node_options.h
[1.468s] -- Up-to-date: /home/p/ros2_ws/src/install/cartographer_ros/include//cartographer_ros/urdf_reader.h
[1.468s] -- Up-to-date: /home/p/ros2_ws/src/install/cartographer_ros/include//cartographer_ros/sensor_bridge.h
[1.468s] -- Up-to-date: /home/p/ros2_ws/src/install/cartographer_ros/share/cartographer_ros//configuration_files
[1.469s] -- Up-to-date: /home/p/ros2_ws/src/install/cartographer_ros/share/cartographer_ros//configuration_files/my_2d_slam.lua
[1.469s] -- Up-to-date: /home/p/ros2_ws/src/install/cartographer_ros/share/cartographer_ros//urdf
[1.469s] -- Up-to-date: /home/p/ros2_ws/src/install/cartographer_ros/share/cartographer_ros//urdf/mir-100.urdf
[1.469s] -- Up-to-date: /home/p/ros2_ws/src/install/cartographer_ros/share/cartographer_ros//urdf/backpack_3d.urdf
[1.469s] -- Up-to-date: /home/p/ros2_ws/src/install/cartographer_ros/share/cartographer_ros//urdf/backpack_2d.urdf
[1.469s] -- Up-to-date: /home/p/ros2_ws/src/install/cartographer_ros/share/cartographer_ros//launch
[1.469s] -- Up-to-date: /home/p/ros2_ws/src/install/cartographer_ros/share/cartographer_ros//launch/my_cartographer_launch.py
[1.471s] -- Up-to-date: /home/p/ros2_ws/src/install/cartographer_ros/share/cartographer_ros/environment/library_path.sh
[1.473s] -- Up-to-date: /home/p/ros2_ws/src/install/cartographer_ros/share/cartographer_ros/environment/library_path.dsv
[1.473s] -- Up-to-date: /home/p/ros2_ws/src/install/cartographer_ros/share/ament_index/resource_index/package_run_dependencies/cartographer_ros
[1.473s] -- Up-to-date: /home/p/ros2_ws/src/install/cartographer_ros/share/ament_index/resource_index/parent_prefix_path/cartographer_ros
[1.473s] -- Up-to-date: /home/p/ros2_ws/src/install/cartographer_ros/share/cartographer_ros/environment/ament_prefix_path.sh
[1.473s] -- Up-to-date: /home/p/ros2_ws/src/install/cartographer_ros/share/cartographer_ros/environment/ament_prefix_path.dsv
[1.474s] -- Up-to-date: /home/p/ros2_ws/src/install/cartographer_ros/share/cartographer_ros/environment/path.sh
[1.474s] -- Up-to-date: /home/p/ros2_ws/src/install/cartographer_ros/share/cartographer_ros/environment/path.dsv
[1.474s] -- Up-to-date: /home/p/ros2_ws/src/install/cartographer_ros/share/cartographer_ros/local_setup.bash
[1.474s] -- Up-to-date: /home/p/ros2_ws/src/install/cartographer_ros/share/cartographer_ros/local_setup.sh
[1.474s] -- Up-to-date: /home/p/ros2_ws/src/install/cartographer_ros/share/cartographer_ros/local_setup.zsh
[1.474s] -- Up-to-date: /home/p/ros2_ws/src/install/cartographer_ros/share/cartographer_ros/local_setup.dsv
[1.476s] -- Installing: /home/p/ros2_ws/src/install/cartographer_ros/share/cartographer_ros/package.dsv
[1.477s] -- Up-to-date: /home/p/ros2_ws/src/install/cartographer_ros/share/ament_index/resource_index/packages/cartographer_ros
[1.477s] -- Up-to-date: /home/p/ros2_ws/src/install/cartographer_ros/share/cartographer_ros/cmake/ament_cmake_export_include_directories-extras.cmake
[1.477s] -- Up-to-date: /home/p/ros2_ws/src/install/cartographer_ros/share/cartographer_ros/cmake/ament_cmake_export_libraries-extras.cmake
[1.477s] -- Up-to-date: /home/p/ros2_ws/src/install/cartographer_ros/share/cartographer_ros/cmake/ament_cmake_export_dependencies-extras.cmake
[1.477s] -- Up-to-date: /home/p/ros2_ws/src/install/cartographer_ros/share/cartographer_ros/cmake/cartographer_rosConfig.cmake
[1.483s] -- Up-to-date: /home/p/ros2_ws/src/install/cartographer_ros/share/cartographer_ros/cmake/cartographer_rosConfig-version.cmake
[1.483s] -- Up-to-date: /home/p/ros2_ws/src/install/cartographer_ros/share/cartographer_ros/package.xml
[1.484s] Invoked command in '/home/p/ros2_ws/src/build/cartographer_ros' returned '0': AMENT_PREFIX_PATH=/home/p/ros2_ws/src/install/cartographer_ros_msgs:${AMENT_PREFIX_PATH} CMAKE_PREFIX_PATH=/home/p/ros2_ws/src/install/cartographer_ros_msgs:/home/p/ros2_ws/src/install/cartographer:/home/p/ros2_ws/install/sllidar_ros2:/home/p/ros2_ws/install/cpp_package:/home/p/ros2_ws/install/cartographer_rviz:/home/p/ros2_ws/install/cartographer_ros:/home/p/ros2_ws/install/cartographer_ros_msgs:/home/p/ros2_ws/install/cartographer:/opt/ros/jazzy/opt/gz_sim_vendor:/opt/ros/jazzy/opt/gz_sensors_vendor:/opt/ros/jazzy/opt/gz_physics_vendor:/opt/ros/jazzy/opt/sdformat_vendor:/opt/ros/jazzy/opt/gz_gui_vendor:/opt/ros/jazzy/opt/gz_transport_vendor:/opt/ros/jazzy/opt/gz_rendering_vendor:/opt/ros/jazzy/opt/gz_plugin_vendor:/opt/ros/jazzy/opt/gz_fuel_tools_vendor:/opt/ros/jazzy/opt/gz_msgs_vendor:/opt/ros/jazzy/opt/gz_common_vendor:/opt/ros/jazzy/opt/gz_math_vendor:/opt/ros/jazzy/opt/gz_utils_vendor:/opt/ros/jazzy/opt/gz_tools_vendor:/opt/ros/jazzy/opt/gz_ogre_next_vendor:/opt/ros/jazzy/opt/gz_dartsim_vendor:/opt/ros/jazzy/opt/gz_cmake_vendor:/home/p/ros2_ws/install/sweep_builder:/home/p/ros2_ws/install/optical_cane_rpi:/home/p/ros2_ws/install/mpu9250:/opt/ros/jazzy DEBUGINFOD_URLS=https://debuginfod.ubuntu.com LD_LIBRARY_PATH=/home/p/ros2_ws/src/install/cartographer_ros_msgs/lib:${LD_LIBRARY_PATH} PATH=/home/p/ros2_ws/src/install/cartographer/bin:${PATH} PKG_CONFIG_PATH=/home/p/ros2_ws/src/install/cartographer/lib/aarch64-linux-gnu/pkgconfig:/home/p/ros2_ws/src/install/cartographer/lib/pkgconfig:${PKG_CONFIG_PATH} PYTHONPATH=/home/p/ros2_ws/src/install/cartographer_ros_msgs/lib/python3.12/site-packages:${PYTHONPATH} /usr/bin/cmake --install /home/p/ros2_ws/src/build/cartographer_ros
