[2.426s] Invoking command in '/home/p/ros2_ws/build/lidar_icp_odometry': DEBUGINFOD_URLS=https://debuginfod.ubuntu.com PYTHONPATH=/home/p/ros2_ws/build/lidar_icp_odometry/prefix_override:/usr/lib/python3/dist-packages/colcon_core/task/python/colcon_distutils_commands:/home/p/ros2_ws/install/lidar_icp_odometry/lib/python3.12/site-packages:${PYTHONPATH} /usr/bin/python3 -W ignore:setup.py install is deprecated -W ignore:easy_install command is deprecated setup.py develop --editable --build-directory /home/p/ros2_ws/build/lidar_icp_odometry/build --no-deps symlink_data
[3.152s] running develop
[3.623s] running egg_info
[3.674s] writing lidar_icp_odometry.egg-info/PKG-INFO
[3.675s] writing dependency_links to lidar_icp_odometry.egg-info/dependency_links.txt
[3.676s] writing entry points to lidar_icp_odometry.egg-info/entry_points.txt
[3.676s] writing requirements to lidar_icp_odometry.egg-info/requires.txt
[3.678s] writing top-level names to lidar_icp_odometry.egg-info/top_level.txt
[3.757s] reading manifest file 'lidar_icp_odometry.egg-info/SOURCES.txt'
[3.757s] writing manifest file 'lidar_icp_odometry.egg-info/SOURCES.txt'
[3.798s] running build_ext
[3.800s] Creating /home/p/ros2_ws/install/lidar_icp_odometry/lib/python3.12/site-packages/lidar-icp-odometry.egg-link (link to .)
[3.801s] Installing icp_odom_node script to /home/p/ros2_ws/install/lidar_icp_odometry/lib/lidar_icp_odometry
[3.801s] Installing voxel_z_clip script to /home/p/ros2_ws/install/lidar_icp_odometry/lib/lidar_icp_odometry
[3.801s] 
[3.801s] Installed /home/p/ros2_ws/build/lidar_icp_odometry
[3.801s] running symlink_data
[3.802s] creating /home/p/ros2_ws/install/lidar_icp_odometry/share/lidar_icp_odometry/launch
[3.802s] symbolically linking /home/p/ros2_ws/build/lidar_icp_odometry/launch/odometry_launch.py -> /home/p/ros2_ws/install/lidar_icp_odometry/share/lidar_icp_odometry/launch
[3.956s] Invoked command in '/home/p/ros2_ws/build/lidar_icp_odometry' returned '0': DEBUGINFOD_URLS=https://debuginfod.ubuntu.com PYTHONPATH=/home/p/ros2_ws/build/lidar_icp_odometry/prefix_override:/usr/lib/python3/dist-packages/colcon_core/task/python/colcon_distutils_commands:/home/p/ros2_ws/install/lidar_icp_odometry/lib/python3.12/site-packages:${PYTHONPATH} /usr/bin/python3 -W ignore:setup.py install is deprecated -W ignore:easy_install command is deprecated setup.py develop --editable --build-directory /home/p/ros2_ws/build/lidar_icp_odometry/build --no-deps symlink_data
