[0.511s] Invoking command in '/home/p/ros2_ws/src/build/sllidar_ros2': CMAKE_PREFIX_PATH=${CMAKE_PREFIX_PATH}:/home/p/ros2_ws/install/sweep_builder:/home/p/ros2_ws/install/optical_cane_rpi:/home/p/ros2_ws/install/mpu9250:/opt/ros/jazzy DEBUGINFOD_URLS=https://debuginfod.ubuntu.com /usr/bin/cmake /home/p/ros2_ws/src/sllidar_ros2 -DCMAKE_INSTALL_PREFIX=/home/p/ros2_ws/src/install/sllidar_ros2
[0.643s] -- The C compiler identification is GNU 13.3.0
[0.929s] -- The CXX compiler identification is GNU 13.3.0
[0.984s] -- Detecting C compiler ABI info
[1.253s] -- Detecting C compiler ABI info - done
[1.270s] -- Check for working C compiler: /usr/bin/cc - skipped
[1.274s] -- Detecting C compile features
[1.275s] -- Detecting C compile features - done
[1.307s] -- Detecting CXX compiler ABI info
[1.643s] -- Detecting CXX compiler ABI info - done
[1.661s] -- Check for working CXX compiler: /usr/bin/c++ - skipped
[1.662s] -- Detecting CXX compile features
[1.663s] -- Detecting CXX compile features - done
[1.699s] -- Found ament_cmake: 2.5.4 (/opt/ros/jazzy/share/ament_cmake/cmake)
[2.156s] -- Found Python3: /usr/bin/python3 (found version "3.12.3") found components: Interpreter 
[2.645s] -- Found rclcpp: 28.1.10 (/opt/ros/jazzy/share/rclcpp/cmake)
[2.829s] -- Found rosidl_generator_c: 4.6.5 (/opt/ros/jazzy/share/rosidl_generator_c/cmake)
[2.875s] -- Found rosidl_generator_cpp: 4.6.5 (/opt/ros/jazzy/share/rosidl_generator_cpp/cmake)
[2.949s] -- Using all available rosidl_typesupport_c: rosidl_typesupport_fastrtps_c;rosidl_typesupport_introspection_c
[2.994s] -- Using all available rosidl_typesupport_cpp: rosidl_typesupport_fastrtps_cpp;rosidl_typesupport_introspection_cpp
[3.247s] -- Found rmw_implementation_cmake: 7.3.2 (/opt/ros/jazzy/share/rmw_implementation_cmake/cmake)
[3.265s] -- Found rmw_fastrtps_cpp: 8.4.2 (/opt/ros/jazzy/share/rmw_fastrtps_cpp/cmake)
[3.651s] -- Found OpenSSL: /usr/lib/aarch64-linux-gnu/libcrypto.so (found version "3.0.13")  
[3.710s] -- Found FastRTPS: /opt/ros/jazzy/include (Required is at least version "2.13") 
[3.800s] -- Using RMW implementation 'rmw_fastrtps_cpp' as default
[4.077s] -- Found sensor_msgs: 5.3.6 (/opt/ros/jazzy/share/sensor_msgs/cmake)
[4.252s] -- Found std_srvs: 5.3.6 (/opt/ros/jazzy/share/std_srvs/cmake)
[4.643s] -- Configuring done (4.1s)
[4.703s] -- Generating done (0.0s)
[4.713s] -- Build files have been written to: /home/p/ros2_ws/src/build/sllidar_ros2
[4.824s] Invoked command in '/home/p/ros2_ws/src/build/sllidar_ros2' returned '0': CMAKE_PREFIX_PATH=${CMAKE_PREFIX_PATH}:/home/p/ros2_ws/install/sweep_builder:/home/p/ros2_ws/install/optical_cane_rpi:/home/p/ros2_ws/install/mpu9250:/opt/ros/jazzy DEBUGINFOD_URLS=https://debuginfod.ubuntu.com /usr/bin/cmake /home/p/ros2_ws/src/sllidar_ros2 -DCMAKE_INSTALL_PREFIX=/home/p/ros2_ws/src/install/sllidar_ros2
[4.825s] Invoking command in '/home/p/ros2_ws/src/build/sllidar_ros2': CMAKE_PREFIX_PATH=${CMAKE_PREFIX_PATH}:/home/p/ros2_ws/install/sweep_builder:/home/p/ros2_ws/install/optical_cane_rpi:/home/p/ros2_ws/install/mpu9250:/opt/ros/jazzy DEBUGINFOD_URLS=https://debuginfod.ubuntu.com /usr/bin/cmake --build /home/p/ros2_ws/src/build/sllidar_ros2 -- -j4 -l4
[4.994s] [  5%] Building CXX object CMakeFiles/sllidar_client.dir/src/sllidar_client.cpp.o
[5.004s] [ 10%] Building CXX object CMakeFiles/sllidar_node.dir/sdk/src/arch/linux/net_serial.cpp.o
[5.012s] [ 15%] Building CXX object CMakeFiles/sllidar_node.dir/src/sllidar_node.cpp.o
[5.014s] [ 20%] Building CXX object CMakeFiles/sllidar_node.dir/sdk/src/arch/linux/net_socket.cpp.o
[10.563s] In file included from /home/p/ros2_ws/src/sllidar_ros2/./sdk/include/rplidar_protocol.h:36,
[10.563s]                  from /home/p/ros2_ws/src/sllidar_ros2/./sdk/include/rplidar.h:39,
[10.563s]                  from /home/p/ros2_ws/src/sllidar_ros2/./sdk/src/sdkcommon.h:49,
[10.563s]                  from /home/p/ros2_ws/src/sllidar_ros2/sdk/src/arch/linux/net_socket.cpp:10:
[10.563s] /home/p/ros2_ws/src/sllidar_ros2/./sdk/include/sl_lidar_protocol.h:66:16: warning: ISO C++ forbids zero-size array ‘data’ [-Wpedantic]
[10.563s]    66 |     sl_u8 data[0];
[10.563s]       |                ^
[10.567s] In file included from /home/p/ros2_ws/src/sllidar_ros2/./sdk/include/rplidar_cmd.h:36,
[10.567s]                  from /home/p/ros2_ws/src/sllidar_ros2/./sdk/include/rplidar.h:40:
[10.567s] /home/p/ros2_ws/src/sllidar_ros2/./sdk/include/sl_lidar_cmd.h:324:20: warning: ISO C++ forbids zero-size array ‘payload’ [-Wpedantic]
[10.567s]   324 |     sl_u8  payload[0];
[10.567s]       |                    ^
[10.709s] /home/p/ros2_ws/src/sllidar_ros2/sdk/src/arch/linux/net_serial.cpp: In member function ‘bool rp::arch::net::raw_serial::open(const char*, uint32_t, uint32_t)’:
[10.709s] /home/p/ros2_ws/src/sllidar_ros2/sdk/src/arch/linux/net_serial.cpp:97:74: warning: unused parameter ‘flags’ [-Wunused-parameter]
[10.709s]    97 | bool raw_serial::open(const char * portname, uint32_t baudrate, uint32_t flags)
[10.709s]       |                                                                 ~~~~~~~~~^~~~~
[10.709s] /home/p/ros2_ws/src/sllidar_ros2/sdk/src/arch/linux/net_serial.cpp: In member function ‘virtual void rp::arch::net::raw_serial::flush(_u32)’:
[10.710s] /home/p/ros2_ws/src/sllidar_ros2/sdk/src/arch/linux/net_serial.cpp:281:30: warning: unused parameter ‘flags’ [-Wunused-parameter]
[10.710s]   281 | void raw_serial::flush( _u32 flags)
[10.710s]       |                         ~~~~~^~~~~
[10.710s] /home/p/ros2_ws/src/sllidar_ros2/sdk/src/arch/linux/net_serial.cpp: In member function ‘virtual int rp::arch::net::raw_serial::waitforsent(_u32, size_t*)’:
[10.710s] /home/p/ros2_ws/src/sllidar_ros2/sdk/src/arch/linux/net_serial.cpp:286:34: warning: unused parameter ‘timeout’ [-Wunused-parameter]
[10.710s]   286 | int raw_serial::waitforsent(_u32 timeout, size_t * returned_size)
[10.711s]       |                             ~~~~~^~~~~~~
[10.711s] /home/p/ros2_ws/src/sllidar_ros2/sdk/src/arch/linux/net_serial.cpp: In member function ‘virtual int rp::arch::net::raw_serial::waitforrecv(_u32, size_t*)’:
[10.711s] /home/p/ros2_ws/src/sllidar_ros2/sdk/src/arch/linux/net_serial.cpp:292:34: warning: unused parameter ‘timeout’ [-Wunused-parameter]
[10.711s]   292 | int raw_serial::waitforrecv(_u32 timeout, size_t * returned_size)
[10.711s]       |                             ~~~~~^~~~~~~
[10.719s] /home/p/ros2_ws/src/sllidar_ros2/sdk/src/arch/linux/net_serial.cpp: In member function ‘virtual void rp::arch::net::raw_serial::cancelOperation()’:
[10.719s] /home/p/ros2_ws/src/sllidar_ros2/sdk/src/arch/linux/net_serial.cpp:427:5: warning: value computed is not used [-Wunused-value]
[10.719s]   427 |     (int)::write(_selfpipe[1], "x", 1);
[10.723s]       |     ^~~~~~~~~~~~~~~~~~~~~~~~~~~~~~~~~~
[10.833s] In file included from /home/p/ros2_ws/src/sllidar_ros2/./sdk/src/arch/linux/arch_linux.h:42,
[10.833s]                  from /home/p/ros2_ws/src/sllidar_ros2/./sdk/src/sdkcommon.h:41:
[10.835s] /home/p/ros2_ws/src/sllidar_ros2/sdk/src/arch/linux/net_socket.cpp: In member function ‘virtual u_result rp::arch::net::DGramSocketImpl::sendTo(const rp::net::SocketAddress*, const void*, size_t)’:
[10.835s] /home/p/ros2_ws/src/sllidar_ros2/sdk/src/arch/linux/net_socket.cpp:733:24: warning: comparison of integer expressions of different signedness: ‘int’ and ‘size_t’ {aka ‘long unsigned int’} [-Wsign-compare]
[10.835s]   733 |             assert(ans == len);
[10.835s]       |                    ~~~~^~~~~~
[11.343s] [ 25%] Building CXX object CMakeFiles/sllidar_node.dir/sdk/src/arch/linux/timer.cpp.o
[11.420s] [ 30%] Building CXX object CMakeFiles/sllidar_node.dir/sdk/src/dataunpacker/dataunpacker.cpp.o
[13.091s] [ 35%] Building CXX object CMakeFiles/sllidar_node.dir/sdk/src/dataunpacker/unpacker/handler_capsules.cpp.o
[13.278s] In file included from /home/p/ros2_ws/src/sllidar_ros2/./sdk/include/rplidar_protocol.h:36,
[13.278s]                  from /home/p/ros2_ws/src/sllidar_ros2/./sdk/include/rplidar.h:39,
[13.278s]                  from /home/p/ros2_ws/src/sllidar_ros2/./sdk/src/sdkcommon.h:49,
[13.278s]                  from /home/p/ros2_ws/src/sllidar_ros2/sdk/src/dataunpacker/dataunnpacker_commondef.h:41,
[13.278s]                  from /home/p/ros2_ws/src/sllidar_ros2/sdk/src/dataunpacker/dataunpacker.cpp:39:
[13.279s] /home/p/ros2_ws/src/sllidar_ros2/./sdk/include/sl_lidar_protocol.h:66:16: warning: ISO C++ forbids zero-size array ‘data’ [-Wpedantic]
[13.279s]    66 |     sl_u8 data[0];
[13.279s]       |                ^
[13.279s] In file included from /home/p/ros2_ws/src/sllidar_ros2/./sdk/include/rplidar_cmd.h:36,
[13.279s]                  from /home/p/ros2_ws/src/sllidar_ros2/./sdk/include/rplidar.h:40:
[13.279s] /home/p/ros2_ws/src/sllidar_ros2/./sdk/include/sl_lidar_cmd.h:324:20: warning: ISO C++ forbids zero-size array ‘payload’ [-Wpedantic]
[13.279s]   324 |     sl_u8  payload[0];
[13.279s]       |                    ^
[14.252s] In file included from /home/p/ros2_ws/src/sllidar_ros2/sdk/src/dataunpacker/dataunpacker.cpp:40:
[14.252s] /home/p/ros2_ws/src/sllidar_ros2/sdk/src/dataunpacker/dataunpacker.h: In member function ‘virtual void sl::internal::LIDARSampleDataListener::onCustomSampleDataDecoded(_u8, _u32, const void*, size_t)’:
[14.253s] /home/p/ros2_ws/src/sllidar_ros2/sdk/src/dataunpacker/dataunpacker.h:54:52: warning: unused parameter ‘ansType’ [-Wunused-parameter]
[14.253s]    54 |         virtual void onCustomSampleDataDecoded(_u8 ansType, _u32 customCode, const void* data, size_t size) {}
[14.253s]       |                                                ~~~~^~~~~~~
[14.253s] /home/p/ros2_ws/src/sllidar_ros2/sdk/src/dataunpacker/dataunpacker.h:54:66: warning: unused parameter ‘customCode’ [-Wunused-parameter]
[14.253s]    54 |         virtual void onCustomSampleDataDecoded(_u8 ansType, _u32 customCode, const void* data, size_t size) {}
[14.253s]       |                                                             ~~~~~^~~~~~~~~~
[14.253s] /home/p/ros2_ws/src/sllidar_ros2/sdk/src/dataunpacker/dataunpacker.h:54:90: warning: unused parameter ‘data’ [-Wunused-parameter]
[14.253s]    54 |         virtual void onCustomSampleDataDecoded(_u8 ansType, _u32 customCode, const void* data, size_t size) {}
[14.254s]       |                                                                              ~~~~~~~~~~~~^~~~
[14.254s] /home/p/ros2_ws/src/sllidar_ros2/sdk/src/dataunpacker/dataunpacker.h:54:103: warning: unused parameter ‘size’ [-Wunused-parameter]
[14.254s]    54 |         virtual void onCustomSampleDataDecoded(_u8 ansType, _u32 customCode, const void* data, size_t size) {}
[14.254s]       |                                                                                                ~~~~~~~^~~~
[14.254s] /home/p/ros2_ws/src/sllidar_ros2/sdk/src/dataunpacker/dataunpacker.h: In member function ‘virtual void sl::internal::LIDARSampleDataListener::onDecodingError(int, _u8, const void*, size_t)’:
[14.254s] /home/p/ros2_ws/src/sllidar_ros2/sdk/src/dataunpacker/dataunpacker.h:56:42: warning: unused parameter ‘errMsg’ [-Wunused-parameter]
[14.254s]    56 |         virtual void onDecodingError(int errMsg, _u8 ansType, const void* payload, size_t size) {}
[14.254s]       |                                      ~~~~^~~~~~
[14.254s] /home/p/ros2_ws/src/sllidar_ros2/sdk/src/dataunpacker/dataunpacker.h:56:54: warning: unused parameter ‘ansType’ [-Wunused-parameter]
[14.271s]    56 |         virtual void onDecodingError(int errMsg, _u8 ansType, const void* payload, size_t size) {}
[14.272s]       |                                                  ~~~~^~~~~~~
[14.272s] /home/p/ros2_ws/src/sllidar_ros2/sdk/src/dataunpacker/dataunpacker.h:56:75: warning: unused parameter ‘payload’ [-Wunused-parameter]
[14.272s]    56 |         virtual void onDecodingError(int errMsg, _u8 ansType, const void* payload, size_t size) {}
[14.272s]       |                                                               ~~~~~~~~~~~~^~~~~~~
[14.272s] /home/p/ros2_ws/src/sllidar_ros2/sdk/src/dataunpacker/dataunpacker.h:56:91: warning: unused parameter ‘size’ [-Wunused-parameter]
[14.272s]    56 |         virtual void onDecodingError(int errMsg, _u8 ansType, const void* payload, size_t size) {}
[14.272s]       |                                                                                    ~~~~~~~^~~~
[16.242s] [ 40%] Building CXX object CMakeFiles/sllidar_node.dir/sdk/src/dataunpacker/unpacker/handler_hqnode.cpp.o
[16.612s] In file included from /home/p/ros2_ws/src/sllidar_ros2/./sdk/include/rplidar_protocol.h:36,
[16.612s]                  from /home/p/ros2_ws/src/sllidar_ros2/./sdk/include/rplidar.h:39,
[16.613s]                  from /home/p/ros2_ws/src/sllidar_ros2/./sdk/src/sdkcommon.h:49,
[16.613s]                  from /home/p/ros2_ws/src/sllidar_ros2/sdk/src/dataunpacker/unpacker/../dataunnpacker_commondef.h:41,
[16.613s]                  from /home/p/ros2_ws/src/sllidar_ros2/sdk/src/dataunpacker/unpacker/handler_capsules.cpp:39:
[16.613s] /home/p/ros2_ws/src/sllidar_ros2/./sdk/include/sl_lidar_protocol.h:66:16: warning: ISO C++ forbids zero-size array ‘data’ [-Wpedantic]
[16.613s]    66 |     sl_u8 data[0];
[16.613s]       |                ^
[16.613s] In file included from /home/p/ros2_ws/src/sllidar_ros2/./sdk/include/rplidar_cmd.h:36,
[16.613s]                  from /home/p/ros2_ws/src/sllidar_ros2/./sdk/include/rplidar.h:40:
[16.614s] /home/p/ros2_ws/src/sllidar_ros2/./sdk/include/sl_lidar_cmd.h:324:20: warning: ISO C++ forbids zero-size array ‘payload’ [-Wpedantic]
[16.614s]   324 |     sl_u8  payload[0];
[16.614s]       |                    ^
[17.592s] In file included from /home/p/ros2_ws/src/sllidar_ros2/sdk/src/dataunpacker/unpacker/handler_capsules.cpp:40:
[17.592s] /home/p/ros2_ws/src/sllidar_ros2/sdk/src/dataunpacker/unpacker/../dataunpacker.h: In member function ‘virtual void sl::internal::LIDARSampleDataListener::onCustomSampleDataDecoded(_u8, _u32, const void*, size_t)’:
[17.592s] /home/p/ros2_ws/src/sllidar_ros2/sdk/src/dataunpacker/unpacker/../dataunpacker.h:54:52: warning: unused parameter ‘ansType’ [-Wunused-parameter]
[17.592s]    54 |         virtual void onCustomSampleDataDecoded(_u8 ansType, _u32 customCode, const void* data, size_t size) {}
[17.592s]       |                                                ~~~~^~~~~~~
[17.606s] /home/p/ros2_ws/src/sllidar_ros2/sdk/src/dataunpacker/unpacker/../dataunpacker.h:54:66: warning: unused parameter ‘customCode’ [-Wunused-parameter]
[17.606s]    54 |         virtual void onCustomSampleDataDecoded(_u8 ansType, _u32 customCode, const void* data, size_t size) {}
[17.607s]       |                                                             ~~~~~^~~~~~~~~~
[17.607s] /home/p/ros2_ws/src/sllidar_ros2/sdk/src/dataunpacker/unpacker/../dataunpacker.h:54:90: warning: unused parameter ‘data’ [-Wunused-parameter]
[17.607s]    54 |         virtual void onCustomSampleDataDecoded(_u8 ansType, _u32 customCode, const void* data, size_t size) {}
[17.607s]       |                                                                              ~~~~~~~~~~~~^~~~
[17.607s] /home/p/ros2_ws/src/sllidar_ros2/sdk/src/dataunpacker/unpacker/../dataunpacker.h:54:103: warning: unused parameter ‘size’ [-Wunused-parameter]
[17.607s]    54 |         virtual void onCustomSampleDataDecoded(_u8 ansType, _u32 customCode, const void* data, size_t size) {}
[17.607s]       |                                                                                                ~~~~~~~^~~~
[17.607s] /home/p/ros2_ws/src/sllidar_ros2/sdk/src/dataunpacker/unpacker/../dataunpacker.h: In member function ‘virtual void sl::internal::LIDARSampleDataListener::onDecodingError(int, _u8, const void*, size_t)’:
[17.608s] /home/p/ros2_ws/src/sllidar_ros2/sdk/src/dataunpacker/unpacker/../dataunpacker.h:56:42: warning: unused parameter ‘errMsg’ [-Wunused-parameter]
[17.608s]    56 |         virtual void onDecodingError(int errMsg, _u8 ansType, const void* payload, size_t size) {}
[17.608s]       |                                      ~~~~^~~~~~
[17.608s] /home/p/ros2_ws/src/sllidar_ros2/sdk/src/dataunpacker/unpacker/../dataunpacker.h:56:54: warning: unused parameter ‘ansType’ [-Wunused-parameter]
[17.608s]    56 |         virtual void onDecodingError(int errMsg, _u8 ansType, const void* payload, size_t size) {}
[17.608s]       |                                                  ~~~~^~~~~~~
[17.608s] /home/p/ros2_ws/src/sllidar_ros2/sdk/src/dataunpacker/unpacker/../dataunpacker.h:56:75: warning: unused parameter ‘payload’ [-Wunused-parameter]
[17.608s]    56 |         virtual void onDecodingError(int errMsg, _u8 ansType, const void* payload, size_t size) {}
[17.608s]       |                                                               ~~~~~~~~~~~~^~~~~~~
[17.621s] /home/p/ros2_ws/src/sllidar_ros2/sdk/src/dataunpacker/unpacker/../dataunpacker.h:56:91: warning: unused parameter ‘size’ [-Wunused-parameter]
[17.621s]    56 |         virtual void onDecodingError(int errMsg, _u8 ansType, const void* payload, size_t size) {}
[17.621s]       |                                                                                    ~~~~~~~^~~~
[17.694s] /home/p/ros2_ws/src/sllidar_ros2/sdk/src/dataunpacker/unpacker/handler_capsules.cpp: In member function ‘void sl::internal::unpacker::UnpackerHandler_DenseCapsuleNode::_onScanNodeDenseCapsuleData(rplidar_response_dense_capsule_measurement_nodes_t&, sl::internal::LIDARSampleDataUnpackerInner*)’:
[17.694s] /home/p/ros2_ws/src/sllidar_ros2/sdk/src/dataunpacker/unpacker/handler_capsules.cpp:763:30: warning: type qualifiers ignored on cast result type [-Wignored-qualifiers]
[17.694s]   763 |             const int dist = static_cast<const int>(_cached_previous_dense_capsuledata.cabins[pos].distance);
[17.694s]       |                              ^~~~~~~~~~~~~~~~~~~~~~~~~~~~~~~~~~~~~~~~~~~~~~~~~~~~~~~~~~~~~~~~~~~~~~~~~~~~~~~
[18.875s] In file included from /home/p/ros2_ws/src/sllidar_ros2/./sdk/include/rplidar_protocol.h:36,
[18.875s]                  from /home/p/ros2_ws/src/sllidar_ros2/./sdk/include/rplidar.h:39,
[18.875s]                  from /home/p/ros2_ws/src/sllidar_ros2/./sdk/src/sdkcommon.h:49,
[18.875s]                  from /home/p/ros2_ws/src/sllidar_ros2/sdk/src/dataunpacker/unpacker/../dataunnpacker_commondef.h:41,
[18.875s]                  from /home/p/ros2_ws/src/sllidar_ros2/sdk/src/dataunpacker/unpacker/handler_hqnode.cpp:39:
[18.875s] /home/p/ros2_ws/src/sllidar_ros2/./sdk/include/sl_lidar_protocol.h:66:16: warning: ISO C++ forbids zero-size array ‘data’ [-Wpedantic]
[18.876s]    66 |     sl_u8 data[0];
[18.876s]       |                ^
[18.877s] In file included from /home/p/ros2_ws/src/sllidar_ros2/./sdk/include/rplidar_cmd.h:36,
[18.877s]                  from /home/p/ros2_ws/src/sllidar_ros2/./sdk/include/rplidar.h:40:
[18.878s] /home/p/ros2_ws/src/sllidar_ros2/./sdk/include/sl_lidar_cmd.h:324:20: warning: ISO C++ forbids zero-size array ‘payload’ [-Wpedantic]
[18.881s]   324 |     sl_u8  payload[0];
[18.881s]       |                    ^
[19.080s] [ 45%] Building CXX object CMakeFiles/sllidar_node.dir/sdk/src/dataunpacker/unpacker/handler_normalnode.cpp.o
[19.697s] In file included from /home/p/ros2_ws/src/sllidar_ros2/sdk/src/dataunpacker/unpacker/handler_hqnode.cpp:40:
[19.697s] /home/p/ros2_ws/src/sllidar_ros2/sdk/src/dataunpacker/unpacker/../dataunpacker.h: In member function ‘virtual void sl::internal::LIDARSampleDataListener::onCustomSampleDataDecoded(_u8, _u32, const void*, size_t)’:
[19.697s] /home/p/ros2_ws/src/sllidar_ros2/sdk/src/dataunpacker/unpacker/../dataunpacker.h:54:52: warning: unused parameter ‘ansType’ [-Wunused-parameter]
[19.697s]    54 |         virtual void onCustomSampleDataDecoded(_u8 ansType, _u32 customCode, const void* data, size_t size) {}
[19.698s]       |                                                ~~~~^~~~~~~
[19.698s] /home/p/ros2_ws/src/sllidar_ros2/sdk/src/dataunpacker/unpacker/../dataunpacker.h:54:66: warning: unused parameter ‘customCode’ [-Wunused-parameter]
[19.698s]    54 |         virtual void onCustomSampleDataDecoded(_u8 ansType, _u32 customCode, const void* data, size_t size) {}
[19.698s]       |                                                             ~~~~~^~~~~~~~~~
[19.699s] /home/p/ros2_ws/src/sllidar_ros2/sdk/src/dataunpacker/unpacker/../dataunpacker.h:54:90: warning: unused parameter ‘data’ [-Wunused-parameter]
[19.699s]    54 |         virtual void onCustomSampleDataDecoded(_u8 ansType, _u32 customCode, const void* data, size_t size) {}
[19.699s]       |                                                                              ~~~~~~~~~~~~^~~~
[19.699s] /home/p/ros2_ws/src/sllidar_ros2/sdk/src/dataunpacker/unpacker/../dataunpacker.h:54:103: warning: unused parameter ‘size’ [-Wunused-parameter]
[19.699s]    54 |         virtual void onCustomSampleDataDecoded(_u8 ansType, _u32 customCode, const void* data, size_t size) {}
[19.699s]       |                                                                                                ~~~~~~~^~~~
[19.704s] /home/p/ros2_ws/src/sllidar_ros2/sdk/src/dataunpacker/unpacker/../dataunpacker.h: In member function ‘virtual void sl::internal::LIDARSampleDataListener::onDecodingError(int, _u8, const void*, size_t)’:
[19.704s] /home/p/ros2_ws/src/sllidar_ros2/sdk/src/dataunpacker/unpacker/../dataunpacker.h:56:42: warning: unused parameter ‘errMsg’ [-Wunused-parameter]
[19.704s]    56 |         virtual void onDecodingError(int errMsg, _u8 ansType, const void* payload, size_t size) {}
[19.704s]       |                                      ~~~~^~~~~~
[19.704s] /home/p/ros2_ws/src/sllidar_ros2/sdk/src/dataunpacker/unpacker/../dataunpacker.h:56:54: warning: unused parameter ‘ansType’ [-Wunused-parameter]
[19.704s]    56 |         virtual void onDecodingError(int errMsg, _u8 ansType, const void* payload, size_t size) {}
[19.704s]       |                                                  ~~~~^~~~~~~
[19.704s] /home/p/ros2_ws/src/sllidar_ros2/sdk/src/dataunpacker/unpacker/../dataunpacker.h:56:75: warning: unused parameter ‘payload’ [-Wunused-parameter]
[19.705s]    56 |         virtual void onDecodingError(int errMsg, _u8 ansType, const void* payload, size_t size) {}
[19.705s]       |                                                               ~~~~~~~~~~~~^~~~~~~
[19.705s] /home/p/ros2_ws/src/sllidar_ros2/sdk/src/dataunpacker/unpacker/../dataunpacker.h:56:91: warning: unused parameter ‘size’ [-Wunused-parameter]
[19.705s]    56 |         virtual void onDecodingError(int errMsg, _u8 ansType, const void* payload, size_t size) {}
[19.705s]       |                                                                                    ~~~~~~~^~~~
[21.008s] [ 50%] Building CXX object CMakeFiles/sllidar_node.dir/sdk/src/hal/thread.cpp.o
[23.008s] In file included from /home/p/ros2_ws/src/sllidar_ros2/./sdk/include/rplidar_protocol.h:36,
[23.008s]                  from /home/p/ros2_ws/src/sllidar_ros2/./sdk/include/rplidar.h:39,
[23.008s]                  from /home/p/ros2_ws/src/sllidar_ros2/./sdk/src/sdkcommon.h:49,
[23.008s]                  from /home/p/ros2_ws/src/sllidar_ros2/sdk/src/dataunpacker/unpacker/../dataunnpacker_commondef.h:41,
[23.008s]                  from /home/p/ros2_ws/src/sllidar_ros2/sdk/src/dataunpacker/unpacker/handler_normalnode.cpp:39:
[23.008s] /home/p/ros2_ws/src/sllidar_ros2/./sdk/include/sl_lidar_protocol.h:66:16: warning: ISO C++ forbids zero-size array ‘data’ [-Wpedantic]
[23.008s]    66 |     sl_u8 data[0];
[23.008s]       |                ^
[23.013s] In file included from /home/p/ros2_ws/src/sllidar_ros2/./sdk/include/rplidar_cmd.h:36,
[23.013s]                  from /home/p/ros2_ws/src/sllidar_ros2/./sdk/include/rplidar.h:40:
[23.013s] /home/p/ros2_ws/src/sllidar_ros2/./sdk/include/sl_lidar_cmd.h:324:20: warning: ISO C++ forbids zero-size array ‘payload’ [-Wpedantic]
[23.013s]   324 |     sl_u8  payload[0];
[23.013s]       |                    ^
[23.233s] In file included from /home/p/ros2_ws/src/sllidar_ros2/sdk/src/dataunpacker/unpacker/handler_normalnode.cpp:40:
[23.233s] /home/p/ros2_ws/src/sllidar_ros2/sdk/src/dataunpacker/unpacker/../dataunpacker.h: In member function ‘virtual void sl::internal::LIDARSampleDataListener::onCustomSampleDataDecoded(_u8, _u32, const void*, size_t)’:
[23.233s] /home/p/ros2_ws/src/sllidar_ros2/sdk/src/dataunpacker/unpacker/../dataunpacker.h:54:52: warning: unused parameter ‘ansType’ [-Wunused-parameter]
[23.233s]    54 |         virtual void onCustomSampleDataDecoded(_u8 ansType, _u32 customCode, const void* data, size_t size) {}
[23.233s]       |                                                ~~~~^~~~~~~
[23.234s] /home/p/ros2_ws/src/sllidar_ros2/sdk/src/dataunpacker/unpacker/../dataunpacker.h:54:66: warning: unused parameter ‘customCode’ [-Wunused-parameter]
[23.234s]    54 |         virtual void onCustomSampleDataDecoded(_u8 ansType, _u32 customCode, const void* data, size_t size) {}
[23.234s]       |                                                             ~~~~~^~~~~~~~~~
[23.235s] /home/p/ros2_ws/src/sllidar_ros2/sdk/src/dataunpacker/unpacker/../dataunpacker.h:54:90: warning: unused parameter ‘data’ [-Wunused-parameter]
[23.235s]    54 |         virtual void onCustomSampleDataDecoded(_u8 ansType, _u32 customCode, const void* data, size_t size) {}
[23.235s]       |                                                                              ~~~~~~~~~~~~^~~~
[23.235s] /home/p/ros2_ws/src/sllidar_ros2/sdk/src/dataunpacker/unpacker/../dataunpacker.h:54:103: warning: unused parameter ‘size’ [-Wunused-parameter]
[23.235s]    54 |         virtual void onCustomSampleDataDecoded(_u8 ansType, _u32 customCode, const void* data, size_t size) {}
[23.235s]       |                                                                                                ~~~~~~~^~~~
[23.243s] /home/p/ros2_ws/src/sllidar_ros2/sdk/src/dataunpacker/unpacker/../dataunpacker.h: In member function ‘virtual void sl::internal::LIDARSampleDataListener::onDecodingError(int, _u8, const void*, size_t)’:
[23.243s] /home/p/ros2_ws/src/sllidar_ros2/sdk/src/dataunpacker/unpacker/../dataunpacker.h:56:42: warning: unused parameter ‘errMsg’ [-Wunused-parameter]
[23.243s]    56 |         virtual void onDecodingError(int errMsg, _u8 ansType, const void* payload, size_t size) {}
[23.243s]       |                                      ~~~~^~~~~~
[23.243s] /home/p/ros2_ws/src/sllidar_ros2/sdk/src/dataunpacker/unpacker/../dataunpacker.h:56:54: warning: unused parameter ‘ansType’ [-Wunused-parameter]
[23.243s]    56 |         virtual void onDecodingError(int errMsg, _u8 ansType, const void* payload, size_t size) {}
[23.243s]       |                                                  ~~~~^~~~~~~
[23.244s] /home/p/ros2_ws/src/sllidar_ros2/sdk/src/dataunpacker/unpacker/../dataunpacker.h:56:75: warning: unused parameter ‘payload’ [-Wunused-parameter]
[23.244s]    56 |         virtual void onDecodingError(int errMsg, _u8 ansType, const void* payload, size_t size) {}
[23.244s]       |                                                               ~~~~~~~~~~~~^~~~~~~
[23.244s] /home/p/ros2_ws/src/sllidar_ros2/sdk/src/dataunpacker/unpacker/../dataunpacker.h:56:91: warning: unused parameter ‘size’ [-Wunused-parameter]
[23.244s]    56 |         virtual void onDecodingError(int errMsg, _u8 ansType, const void* payload, size_t size) {}
[23.244s]       |                                                                                    ~~~~~~~^~~~
[24.305s] In file included from /home/p/ros2_ws/src/sllidar_ros2/./sdk/include/sl_lidar_cmd.h:41,
[24.305s]                  from /home/p/ros2_ws/src/sllidar_ros2/./sdk/include/sl_lidar_driver.h:54,
[24.305s]                  from /home/p/ros2_ws/src/sllidar_ros2/./sdk/include/sl_lidar.h:36,
[24.306s]                  from /home/p/ros2_ws/src/sllidar_ros2/src/sllidar_node.cpp:38:
[24.306s] /home/p/ros2_ws/src/sllidar_ros2/./sdk/include/sl_lidar_protocol.h:66:16: warning: ISO C++ forbids zero-size array ‘data’ [-Wpedantic]
[24.306s]    66 |     sl_u8 data[0];
[24.306s]       |                ^
[24.308s] /home/p/ros2_ws/src/sllidar_ros2/./sdk/include/sl_lidar_cmd.h:324:20: warning: ISO C++ forbids zero-size array ‘payload’ [-Wpedantic]
[24.308s]   324 |     sl_u8  payload[0];
[24.308s]       |                    ^
[24.591s] In file included from /home/p/ros2_ws/src/sllidar_ros2/./sdk/include/rplidar_protocol.h:36,
[24.591s]                  from /home/p/ros2_ws/src/sllidar_ros2/./sdk/include/rplidar.h:39,
[24.591s]                  from /home/p/ros2_ws/src/sllidar_ros2/./sdk/src/sdkcommon.h:49,
[24.591s]                  from /home/p/ros2_ws/src/sllidar_ros2/sdk/src/hal/thread.cpp:35:
[24.591s] /home/p/ros2_ws/src/sllidar_ros2/./sdk/include/sl_lidar_protocol.h:66:16: warning: ISO C++ forbids zero-size array ‘data’ [-Wpedantic]
[24.591s]    66 |     sl_u8 data[0];
[24.591s]       |                ^
[24.599s] In file included from /home/p/ros2_ws/src/sllidar_ros2/./sdk/include/rplidar_cmd.h:36,
[24.599s]                  from /home/p/ros2_ws/src/sllidar_ros2/./sdk/include/rplidar.h:40:
[24.599s] /home/p/ros2_ws/src/sllidar_ros2/./sdk/include/sl_lidar_cmd.h:324:20: warning: ISO C++ forbids zero-size array ‘payload’ [-Wpedantic]
[24.599s]   324 |     sl_u8  payload[0];
[24.599s]       |                    ^
[24.706s] In file included from /home/p/ros2_ws/src/sllidar_ros2/sdk/src/hal/thread.cpp:43:
[24.706s] /home/p/ros2_ws/src/sllidar_ros2/./sdk/src/arch/linux/thread.hpp: In static member function ‘static rp::hal::Thread rp::hal::Thread::create(thread_proc_t, void*)’:
[24.706s] /home/p/ros2_ws/src/sllidar_ros2/./sdk/src/arch/linux/thread.hpp:52:57: warning: cast between incompatible function types from ‘thread_proc_t’ {aka ‘long unsigned int (*)(void*)’} to ‘void* (*)(void*)’ [-Wcast-function-type]
[24.706s]    52 |     pthread_create((pthread_t *)&newborn._handle, NULL, (void * (*)(void *))proc, data);
[24.706s]       |                                                         ^~~~~~~~~~~~~~~~~~~~~~~~
[24.715s] /home/p/ros2_ws/src/sllidar_ros2/./sdk/src/arch/linux/thread.hpp: In member function ‘u_result rp::hal::Thread::join(long unsigned int)’:
[24.715s] /home/p/ros2_ws/src/sllidar_ros2/./sdk/src/arch/linux/thread.hpp:176:37: warning: unused parameter ‘timeout’ [-Wunused-parameter]
[24.715s]   176 | u_result Thread::join(unsigned long timeout)
[24.716s]       |                       ~~~~~~~~~~~~~~^~~~~~~
[41.888s] [ 55%] Building CXX object CMakeFiles/sllidar_node.dir/sdk/src/sl_async_transceiver.cpp.o
[43.979s] In file included from /home/p/ros2_ws/src/sllidar_ros2/./sdk/include/rplidar_protocol.h:36,
[43.979s]                  from /home/p/ros2_ws/src/sllidar_ros2/./sdk/include/rplidar.h:39,
[43.979s]                  from /home/p/ros2_ws/src/sllidar_ros2/sdk/src/sdkcommon.h:49,
[43.979s]                  from /home/p/ros2_ws/src/sllidar_ros2/sdk/src/sl_async_transceiver.cpp:35:
[43.980s] /home/p/ros2_ws/src/sllidar_ros2/./sdk/include/sl_lidar_protocol.h:66:16: warning: ISO C++ forbids zero-size array ‘data’ [-Wpedantic]
[43.980s]    66 |     sl_u8 data[0];
[43.980s]       |                ^
[43.980s] In file included from /home/p/ros2_ws/src/sllidar_ros2/./sdk/include/rplidar_cmd.h:36,
[43.980s]                  from /home/p/ros2_ws/src/sllidar_ros2/./sdk/include/rplidar.h:40:
[43.980s] /home/p/ros2_ws/src/sllidar_ros2/./sdk/include/sl_lidar_cmd.h:324:20: warning: ISO C++ forbids zero-size array ‘payload’ [-Wpedantic]
[43.980s]   324 |     sl_u8  payload[0];
[43.980s]       |                    ^
[44.444s] In file included from /home/p/ros2_ws/src/sllidar_ros2/sdk/src/sl_async_transceiver.cpp:44:
[44.445s] /home/p/ros2_ws/src/sllidar_ros2/sdk/src/sl_async_transceiver.h: In member function ‘virtual void sl::internal::IAsyncProtocolCodec::onChannelError(u_result)’:
[44.445s] /home/p/ros2_ws/src/sllidar_ros2/sdk/src/sl_async_transceiver.h:90:48: warning: unused parameter ‘errCode’ [-Wunused-parameter]
[44.445s]    90 |         virtual void   onChannelError(u_result errCode) {}
[44.445s]       |                                       ~~~~~~~~~^~~~~~~
[45.088s] [ 60%] Building CXX object CMakeFiles/sllidar_node.dir/sdk/src/sl_crc.cpp.o
[45.175s] In file included from /home/p/ros2_ws/src/sllidar_ros2/./sdk/include/sl_lidar_cmd.h:41,
[45.175s]                  from /home/p/ros2_ws/src/sllidar_ros2/./sdk/include/sl_crc.h:36,
[45.175s]                  from /home/p/ros2_ws/src/sllidar_ros2/sdk/src/sl_crc.cpp:33:
[45.175s] /home/p/ros2_ws/src/sllidar_ros2/./sdk/include/sl_lidar_protocol.h:66:16: warning: ISO C++ forbids zero-size array ‘data’ [-Wpedantic]
[45.176s]    66 |     sl_u8 data[0];
[45.176s]       |                ^
[45.177s] /home/p/ros2_ws/src/sllidar_ros2/./sdk/include/sl_lidar_cmd.h:324:20: warning: ISO C++ forbids zero-size array ‘payload’ [-Wpedantic]
[45.177s]   324 |     sl_u8  payload[0];
[45.177s]       |                    ^
[45.287s] [ 65%] Building CXX object CMakeFiles/sllidar_node.dir/sdk/src/sl_lidar_driver.cpp.o
[46.834s] [ 70%] Linking CXX executable sllidar_client
[46.913s] In file included from /home/p/ros2_ws/src/sllidar_ros2/./sdk/include/rplidar_protocol.h:36,
[46.913s]                  from /home/p/ros2_ws/src/sllidar_ros2/./sdk/include/rplidar.h:39,
[46.913s]                  from /home/p/ros2_ws/src/sllidar_ros2/sdk/src/sdkcommon.h:49,
[46.913s]                  from /home/p/ros2_ws/src/sllidar_ros2/sdk/src/sl_lidar_driver.cpp:33:
[46.914s] /home/p/ros2_ws/src/sllidar_ros2/./sdk/include/sl_lidar_protocol.h:66:16: warning: ISO C++ forbids zero-size array ‘data’ [-Wpedantic]
[46.914s]    66 |     sl_u8 data[0];
[46.914s]       |                ^
[46.914s] In file included from /home/p/ros2_ws/src/sllidar_ros2/./sdk/include/rplidar_cmd.h:36,
[46.914s]                  from /home/p/ros2_ws/src/sllidar_ros2/./sdk/include/rplidar.h:40:
[46.914s] /home/p/ros2_ws/src/sllidar_ros2/./sdk/include/sl_lidar_cmd.h:324:20: warning: ISO C++ forbids zero-size array ‘payload’ [-Wpedantic]
[46.915s]   324 |     sl_u8  payload[0];
[46.915s]       |                    ^
[47.486s] In file included from /home/p/ros2_ws/src/sllidar_ros2/sdk/src/sl_lidar_driver.cpp:50:
[47.486s] /home/p/ros2_ws/src/sllidar_ros2/sdk/src/dataunpacker/dataunpacker.h: In member function ‘virtual void sl::internal::LIDARSampleDataListener::onCustomSampleDataDecoded(_u8, _u32, const void*, size_t)’:
[47.486s] /home/p/ros2_ws/src/sllidar_ros2/sdk/src/dataunpacker/dataunpacker.h:54:52: warning: unused parameter ‘ansType’ [-Wunused-parameter]
[47.486s]    54 |         virtual void onCustomSampleDataDecoded(_u8 ansType, _u32 customCode, const void* data, size_t size) {}
[47.486s]       |                                                ~~~~^~~~~~~
[47.494s] /home/p/ros2_ws/src/sllidar_ros2/sdk/src/dataunpacker/dataunpacker.h:54:66: warning: unused parameter ‘customCode’ [-Wunused-parameter]
[47.494s]    54 |         virtual void onCustomSampleDataDecoded(_u8 ansType, _u32 customCode, const void* data, size_t size) {}
[47.494s]       |                                                             ~~~~~^~~~~~~~~~
[47.494s] /home/p/ros2_ws/src/sllidar_ros2/sdk/src/dataunpacker/dataunpacker.h:54:90: warning: unused parameter ‘data’ [-Wunused-parameter]
[47.495s]    54 |         virtual void onCustomSampleDataDecoded(_u8 ansType, _u32 customCode, const void* data, size_t size) {}
[47.495s]       |                                                                              ~~~~~~~~~~~~^~~~
[47.495s] /home/p/ros2_ws/src/sllidar_ros2/sdk/src/dataunpacker/dataunpacker.h:54:103: warning: unused parameter ‘size’ [-Wunused-parameter]
[47.495s]    54 |         virtual void onCustomSampleDataDecoded(_u8 ansType, _u32 customCode, const void* data, size_t size) {}
[47.495s]       |                                                                                                ~~~~~~~^~~~
[47.495s] /home/p/ros2_ws/src/sllidar_ros2/sdk/src/dataunpacker/dataunpacker.h: In member function ‘virtual void sl::internal::LIDARSampleDataListener::onDecodingError(int, _u8, const void*, size_t)’:
[47.495s] /home/p/ros2_ws/src/sllidar_ros2/sdk/src/dataunpacker/dataunpacker.h:56:42: warning: unused parameter ‘errMsg’ [-Wunused-parameter]
[47.496s]    56 |         virtual void onDecodingError(int errMsg, _u8 ansType, const void* payload, size_t size) {}
[47.496s]       |                                      ~~~~^~~~~~
[47.496s] /home/p/ros2_ws/src/sllidar_ros2/sdk/src/dataunpacker/dataunpacker.h:56:54: warning: unused parameter ‘ansType’ [-Wunused-parameter]
[47.496s]    56 |         virtual void onDecodingError(int errMsg, _u8 ansType, const void* payload, size_t size) {}
[47.496s]       |                                                  ~~~~^~~~~~~
[47.496s] /home/p/ros2_ws/src/sllidar_ros2/sdk/src/dataunpacker/dataunpacker.h:56:75: warning: unused parameter ‘payload’ [-Wunused-parameter]
[47.499s]    56 |         virtual void onDecodingError(int errMsg, _u8 ansType, const void* payload, size_t size) {}
[47.499s]       |                                                               ~~~~~~~~~~~~^~~~~~~
[47.502s] /home/p/ros2_ws/src/sllidar_ros2/sdk/src/dataunpacker/dataunpacker.h:56:91: warning: unused parameter ‘size’ [-Wunused-parameter]
[47.503s]    56 |         virtual void onDecodingError(int errMsg, _u8 ansType, const void* payload, size_t size) {}
[47.505s]       |                                                                                    ~~~~~~~^~~~
[47.551s] In file included from /home/p/ros2_ws/src/sllidar_ros2/sdk/src/sl_lidar_driver.cpp:51:
[47.552s] /home/p/ros2_ws/src/sllidar_ros2/sdk/src/sl_async_transceiver.h: In member function ‘virtual void sl::internal::IAsyncProtocolCodec::onChannelError(u_result)’:
[47.556s] /home/p/ros2_ws/src/sllidar_ros2/sdk/src/sl_async_transceiver.h:90:48: warning: unused parameter ‘errCode’ [-Wunused-parameter]
[47.556s]    90 |         virtual void   onChannelError(u_result errCode) {}
[47.556s]       |                                       ~~~~~~~~~^~~~~~~
[47.683s] /home/p/ros2_ws/src/sllidar_ros2/sdk/src/sl_lidar_driver.cpp: In member function ‘virtual sl_result sl::SlamtecLidarDriver::reset(sl_u32)’:
[47.683s] /home/p/ros2_ws/src/sllidar_ros2/sdk/src/sl_lidar_driver.cpp:511:32: warning: unused parameter ‘timeoutInMs’ [-Wunused-parameter]
[47.684s]   511 |         sl_result reset(sl_u32 timeoutInMs = DEFAULT_TIMEOUT)
[47.684s]       |                         ~~~~~~~^~~~~~~~~~~~~~~~~~~~~~~~~~~~~
[47.694s] /home/p/ros2_ws/src/sllidar_ros2/sdk/src/sl_lidar_driver.cpp: In member function ‘virtual sl_result sl::SlamtecLidarDriver::startScan(bool, bool, sl_u32, sl::LidarScanMode*)’:
[47.694s] /home/p/ros2_ws/src/sllidar_ros2/sdk/src/sl_lidar_driver.cpp:586:69: warning: unused parameter ‘options’ [-Wunused-parameter]
[47.694s]   586 |         sl_result startScan(bool force, bool useTypicalScan, sl_u32 options = 0, LidarScanMode* outUsedScanMode = nullptr)
[47.694s]       |                                                              ~~~~~~~^~~~~~~~~~~
[47.702s] /home/p/ros2_ws/src/sllidar_ros2/sdk/src/sl_lidar_driver.cpp: In member function ‘virtual sl_result sl::SlamtecLidarDriver::stop(sl_u32)’:
[47.702s] /home/p/ros2_ws/src/sllidar_ros2/sdk/src/sl_lidar_driver.cpp:763:31: warning: unused parameter ‘timeout’ [-Wunused-parameter]
[47.702s]   763 |         sl_result stop(sl_u32 timeout = DEFAULT_TIMEOUT)
[47.703s]       |                        ~~~~~~~^~~~~~~~~~~~~~~~~~~~~~~~~
[47.710s] /home/p/ros2_ws/src/sllidar_ros2/sdk/src/sl_lidar_driver.cpp: In member function ‘virtual sl_result sl::SlamtecLidarDriver::getFrequency(const sl::LidarScanMode&, const sl_lidar_response_measurement_node_hq_t*, size_t, float&)’:
[47.710s] /home/p/ros2_ws/src/sllidar_ros2/sdk/src/sl_lidar_driver.cpp:880:110: warning: unused parameter ‘nodes’ [-Wunused-parameter]
[47.710s]   880 |         sl_result getFrequency(const LidarScanMode& scanMode, const sl_lidar_response_measurement_node_hq_t* nodes, size_t count, float& frequency)
[47.710s]       |                                                               ~~~~~~~~~~~~~~~~~~~~~~~~~~~~~~~~~~~~~~~~~~~~~~~^~~~~
[47.722s] /home/p/ros2_ws/src/sllidar_ros2/sdk/src/sl_lidar_driver.cpp: In member function ‘virtual sl_result sl::SlamtecLidarDriver::getMotorInfo(sl::LidarMotorInfo&, sl_u32)’:
[47.722s] /home/p/ros2_ws/src/sllidar_ros2/sdk/src/sl_lidar_driver.cpp:1023:66: warning: unused parameter ‘timeoutInMs’ [-Wunused-parameter]
[47.722s]  1023 |         sl_result getMotorInfo(LidarMotorInfo &motorInfo, sl_u32 timeoutInMs)
[47.722s]       |                                                           ~~~~~~~^~~~~~~~~~~
[47.727s] /home/p/ros2_ws/src/sllidar_ros2/sdk/src/sl_lidar_driver.cpp: In member function ‘u_result sl::SlamtecLidarDriver::getScanModeCount(sl_u16&, sl_u32)’:
[47.727s] /home/p/ros2_ws/src/sllidar_ros2/sdk/src/sl_lidar_driver.cpp:1199:61: warning: unused parameter ‘timeoutInMs’ [-Wunused-parameter]
[47.727s]  1199 |         u_result getScanModeCount(sl_u16& modeCount, sl_u32 timeoutInMs = DEFAULT_TIMEOUT)
[47.729s]       |                                                      ~~~~~~~^~~~~~~~~~~~~~~~~~~~~~~~~~~~~
[48.067s] /home/p/ros2_ws/src/sllidar_ros2/sdk/src/sl_lidar_driver.cpp: In instantiation of ‘void sl::RawSampleNodeHolder<T>::pushNode(_u64, const T*) [with T = sl_lidar_response_measurement_node_hq_t; _u64 = long unsigned int]’:
[48.068s] /home/p/ros2_ws/src/sllidar_ros2/sdk/src/sl_lidar_driver.cpp:1648:42:   required from here
[48.068s] /home/p/ros2_ws/src/sllidar_ros2/sdk/src/sl_lidar_driver.cpp:202:28: warning: unused parameter ‘timestamp_uS’ [-Wunused-parameter]
[48.068s]   202 |         void pushNode(_u64 timestamp_uS, const T* node)
[48.068s]       |                       ~~~~~^~~~~~~~~~~~
[48.707s] /home/p/ros2_ws/src/sllidar_ros2/sdk/src/sl_lidar_driver.cpp: At global scope:
[48.708s] /home/p/ros2_ws/src/sllidar_ros2/sdk/src/sl_lidar_driver.cpp:83:17: warning: ‘void sl::convert(const sl_lidar_response_measurement_node_hq_t&, sl_lidar_response_measurement_node_t&)’ defined but not used [-Wunused-function]
[48.708s]    83 |     static void convert(const sl_lidar_response_measurement_node_hq_t& from, sl_lidar_response_measurement_node_t& to)
[48.709s]       |                 ^~~~~~~
[48.709s] /home/p/ros2_ws/src/sllidar_ros2/sdk/src/sl_lidar_driver.cpp:75:17: warning: ‘void sl::convert(const sl_lidar_response_measurement_node_t&, sl_lidar_response_measurement_node_hq_t&)’ defined but not used [-Wunused-function]
[48.709s]    75 |     static void convert(const sl_lidar_response_measurement_node_t& from, sl_lidar_response_measurement_node_hq_t& to)
[48.709s]       |                 ^~~~~~~
[48.715s] /home/p/ros2_ws/src/sllidar_ros2/sdk/src/sl_lidar_driver.cpp:70:17: warning: ‘void sl::printDeprecationWarn(const char*, const char*)’ defined but not used [-Wunused-function]
[48.715s]    70 |     static void printDeprecationWarn(const char* fn, const char* replacement)
[48.715s]       |                 ^~~~~~~~~~~~~~~~~~~~
[49.395s] [ 70%] Built target sllidar_client
[50.121s] [ 75%] Building CXX object CMakeFiles/sllidar_node.dir/sdk/src/sl_serial_channel.cpp.o
[51.160s] In file included from /home/p/ros2_ws/src/sllidar_ros2/./sdk/include/sl_lidar_cmd.h:41,
[51.161s]                  from /home/p/ros2_ws/src/sllidar_ros2/./sdk/include/sl_lidar_driver.h:54,
[51.161s]                  from /home/p/ros2_ws/src/sllidar_ros2/sdk/src/sl_serial_channel.cpp:33:
[51.161s] /home/p/ros2_ws/src/sllidar_ros2/./sdk/include/sl_lidar_protocol.h:66:16: warning: ISO C++ forbids zero-size array ‘data’ [-Wpedantic]
[51.161s]    66 |     sl_u8 data[0];
[51.161s]       |                ^
[51.164s] /home/p/ros2_ws/src/sllidar_ros2/./sdk/include/sl_lidar_cmd.h:324:20: warning: ISO C++ forbids zero-size array ‘payload’ [-Wpedantic]
[51.165s]   324 |     sl_u8  payload[0];
[51.165s]       |                    ^
[51.406s] [ 80%] Building CXX object CMakeFiles/sllidar_node.dir/sdk/src/sl_tcp_channel.cpp.o
[52.323s] In file included from /home/p/ros2_ws/src/sllidar_ros2/./sdk/include/sl_lidar_cmd.h:41,
[52.324s]                  from /home/p/ros2_ws/src/sllidar_ros2/./sdk/include/sl_lidar_driver.h:54,
[52.324s]                  from /home/p/ros2_ws/src/sllidar_ros2/sdk/src/sl_tcp_channel.cpp:33:
[52.324s] /home/p/ros2_ws/src/sllidar_ros2/./sdk/include/sl_lidar_protocol.h:66:16: warning: ISO C++ forbids zero-size array ‘data’ [-Wpedantic]
[52.324s]    66 |     sl_u8 data[0];
[52.324s]       |                ^
[52.328s] /home/p/ros2_ws/src/sllidar_ros2/./sdk/include/sl_lidar_cmd.h:324:20: warning: ISO C++ forbids zero-size array ‘payload’ [-Wpedantic]
[52.328s]   324 |     sl_u8  payload[0];
[52.328s]       |                    ^
[52.336s] /home/p/ros2_ws/src/sllidar_ros2/sdk/src/sl_tcp_channel.cpp: In member function ‘void sl::TcpChannel::setStatus(_u32)’:
[52.336s] /home/p/ros2_ws/src/sllidar_ros2/sdk/src/sl_tcp_channel.cpp:109:29: warning: unused parameter ‘flag’ [-Wunused-parameter]
[52.336s]   109 |         void setStatus(_u32 flag){}
[52.337s]       |                        ~~~~~^~~~
[52.562s] [ 85%] Building CXX object CMakeFiles/sllidar_node.dir/sdk/src/sl_udp_channel.cpp.o
[53.370s] In file included from /home/p/ros2_ws/src/sllidar_ros2/./sdk/include/sl_lidar_cmd.h:41,
[53.370s]                  from /home/p/ros2_ws/src/sllidar_ros2/./sdk/include/sl_lidar_driver.h:54,
[53.370s]                  from /home/p/ros2_ws/src/sllidar_ros2/sdk/src/sl_udp_channel.cpp:33:
[53.370s] /home/p/ros2_ws/src/sllidar_ros2/./sdk/include/sl_lidar_protocol.h:66:16: warning: ISO C++ forbids zero-size array ‘data’ [-Wpedantic]
[53.370s]    66 |     sl_u8 data[0];
[53.370s]       |                ^
[53.373s] /home/p/ros2_ws/src/sllidar_ros2/./sdk/include/sl_lidar_cmd.h:324:20: warning: ISO C++ forbids zero-size array ‘payload’ [-Wpedantic]
[53.373s]   324 |     sl_u8  payload[0];
[53.373s]       |                    ^
[53.383s] /home/p/ros2_ws/src/sllidar_ros2/sdk/src/sl_udp_channel.cpp: In member function ‘void sl::UdpChannel::setStatus(_u32)’:
[53.383s] /home/p/ros2_ws/src/sllidar_ros2/sdk/src/sl_udp_channel.cpp:112:29: warning: unused parameter ‘flag’ [-Wunused-parameter]
[53.383s]   112 |         void setStatus(_u32 flag){}
[53.384s]       |                        ~~~~~^~~~
[53.565s] [ 90%] Building CXX object CMakeFiles/sllidar_node.dir/sdk/src/sl_lidarprotocol_codec.cpp.o
[55.178s] In file included from /home/p/ros2_ws/src/sllidar_ros2/./sdk/include/rplidar_protocol.h:36,
[55.178s]                  from /home/p/ros2_ws/src/sllidar_ros2/./sdk/include/rplidar.h:39,
[55.178s]                  from /home/p/ros2_ws/src/sllidar_ros2/sdk/src/sdkcommon.h:49,
[55.179s]                  from /home/p/ros2_ws/src/sllidar_ros2/sdk/src/sl_lidarprotocol_codec.cpp:35:
[55.179s] /home/p/ros2_ws/src/sllidar_ros2/./sdk/include/sl_lidar_protocol.h:66:16: warning: ISO C++ forbids zero-size array ‘data’ [-Wpedantic]
[55.179s]    66 |     sl_u8 data[0];
[55.179s]       |                ^
[55.179s] In file included from /home/p/ros2_ws/src/sllidar_ros2/./sdk/include/rplidar_cmd.h:36,
[55.179s]                  from /home/p/ros2_ws/src/sllidar_ros2/./sdk/include/rplidar.h:40:
[55.179s] /home/p/ros2_ws/src/sllidar_ros2/./sdk/include/sl_lidar_cmd.h:324:20: warning: ISO C++ forbids zero-size array ‘payload’ [-Wpedantic]
[55.183s]   324 |     sl_u8  payload[0];
[55.183s]       |                    ^
[55.583s] In file included from /home/p/ros2_ws/src/sllidar_ros2/sdk/src/sl_lidarprotocol_codec.cpp:49:
[55.583s] /home/p/ros2_ws/src/sllidar_ros2/sdk/src/sl_async_transceiver.h: In member function ‘virtual void sl::internal::IAsyncProtocolCodec::onChannelError(u_result)’:
[55.583s] /home/p/ros2_ws/src/sllidar_ros2/sdk/src/sl_async_transceiver.h:90:48: warning: unused parameter ‘errCode’ [-Wunused-parameter]
[55.583s]    90 |         virtual void   onChannelError(u_result errCode) {}
[55.584s]       |                                       ~~~~~~~~~^~~~~~~
[55.902s] [ 95%] Building CXX object CMakeFiles/sllidar_node.dir/sdk/src/rplidar_driver.cpp.o
[57.169s] In file included from /home/p/ros2_ws/src/sllidar_ros2/./sdk/include/rplidar_protocol.h:36,
[57.169s]                  from /home/p/ros2_ws/src/sllidar_ros2/./sdk/include/rplidar.h:39,
[57.169s]                  from /home/p/ros2_ws/src/sllidar_ros2/sdk/src/sdkcommon.h:49,
[57.169s]                  from /home/p/ros2_ws/src/sllidar_ros2/sdk/src/rplidar_driver.cpp:33:
[57.171s] /home/p/ros2_ws/src/sllidar_ros2/./sdk/include/sl_lidar_protocol.h:66:16: warning: ISO C++ forbids zero-size array ‘data’ [-Wpedantic]
[57.171s]    66 |     sl_u8 data[0];
[57.171s]       |                ^
[57.172s] In file included from /home/p/ros2_ws/src/sllidar_ros2/./sdk/include/rplidar_cmd.h:36,
[57.172s]                  from /home/p/ros2_ws/src/sllidar_ros2/./sdk/include/rplidar.h:40:
[57.172s] /home/p/ros2_ws/src/sllidar_ros2/./sdk/include/sl_lidar_cmd.h:324:20: warning: ISO C++ forbids zero-size array ‘payload’ [-Wpedantic]
[57.172s]   324 |     sl_u8  payload[0];
[57.172s]       |                    ^
[57.284s] /home/p/ros2_ws/src/sllidar_ros2/sdk/src/rplidar_driver.cpp: In member function ‘u_result rp::standalone::rplidar::RPlidarDriver::connect(const char*, _u32, _u32)’:
[57.284s] /home/p/ros2_ws/src/sllidar_ros2/sdk/src/rplidar_driver.cpp:67:77: warning: unused parameter ‘flag’ [-Wunused-parameter]
[57.284s]    67 |     u_result RPlidarDriver::connect(const char *path, _u32 portOrBaud, _u32 flag)
[57.284s]       |                                                                        ~~~~~^~~~
[57.285s] /home/p/ros2_ws/src/sllidar_ros2/sdk/src/rplidar_driver.cpp: In member function ‘u_result rp::standalone::rplidar::RPlidarDriver::reset(_u32)’:
[57.286s] /home/p/ros2_ws/src/sllidar_ros2/sdk/src/rplidar_driver.cpp:101:40: warning: unused parameter ‘timeout’ [-Wunused-parameter]
[57.286s]   101 |     u_result RPlidarDriver::reset(_u32 timeout)
[57.286s]       |                                   ~~~~~^~~~~~~
[57.289s] /home/p/ros2_ws/src/sllidar_ros2/sdk/src/rplidar_driver.cpp: In member function ‘u_result rp::standalone::rplidar::RPlidarDriver::getScanDataWithInterval(rplidar_response_measurement_node_t*, size_t&)’:
[57.289s] /home/p/ros2_ws/src/sllidar_ros2/sdk/src/rplidar_driver.cpp:180:91: warning: unused parameter ‘nodebuffer’ [-Wunused-parameter]
[57.289s]   180 |     u_result RPlidarDriver::getScanDataWithInterval(rplidar_response_measurement_node_t * nodebuffer, size_t & count)
[57.289s]       |                                                     ~~~~~~~~~~~~~~~~~~~~~~~~~~~~~~~~~~~~~~^~~~~~~~~~
[57.289s] /home/p/ros2_ws/src/sllidar_ros2/sdk/src/rplidar_driver.cpp:180:112: warning: unused parameter ‘count’ [-Wunused-parameter]
[57.290s]   180 |     u_result RPlidarDriver::getScanDataWithInterval(rplidar_response_measurement_node_t * nodebuffer, size_t & count)
[57.290s]       |                                                                                                       ~~~~~~~~~^~~~~
[57.549s] [100%] Linking CXX executable sllidar_node
[58.529s] [100%] Built target sllidar_node
[58.565s] Invoked command in '/home/p/ros2_ws/src/build/sllidar_ros2' returned '0': CMAKE_PREFIX_PATH=${CMAKE_PREFIX_PATH}:/home/p/ros2_ws/install/sweep_builder:/home/p/ros2_ws/install/optical_cane_rpi:/home/p/ros2_ws/install/mpu9250:/opt/ros/jazzy DEBUGINFOD_URLS=https://debuginfod.ubuntu.com /usr/bin/cmake --build /home/p/ros2_ws/src/build/sllidar_ros2 -- -j4 -l4
[58.593s] Invoking command in '/home/p/ros2_ws/src/build/sllidar_ros2': CMAKE_PREFIX_PATH=${CMAKE_PREFIX_PATH}:/home/p/ros2_ws/install/sweep_builder:/home/p/ros2_ws/install/optical_cane_rpi:/home/p/ros2_ws/install/mpu9250:/opt/ros/jazzy DEBUGINFOD_URLS=https://debuginfod.ubuntu.com /usr/bin/cmake --install /home/p/ros2_ws/src/build/sllidar_ros2
[58.624s] -- Install configuration: ""
[58.625s] -- Installing: /home/p/ros2_ws/src/install/sllidar_ros2/share/sllidar_ros2/launch
[58.625s] -- Installing: /home/p/ros2_ws/src/install/sllidar_ros2/share/sllidar_ros2/launch/othres
[58.625s] -- Installing: /home/p/ros2_ws/src/install/sllidar_ros2/share/sllidar_ros2/launch/othres/sllidar_s3_launch.py
[58.627s] -- Installing: /home/p/ros2_ws/src/install/sllidar_ros2/share/sllidar_ros2/launch/othres/view_sllidar_t1_launch.py
[58.638s] -- Installing: /home/p/ros2_ws/src/install/sllidar_ros2/share/sllidar_ros2/launch/othres/view_sllidar_s2e_launch.py
[58.641s] -- Installing: /home/p/ros2_ws/src/install/sllidar_ros2/share/sllidar_ros2/launch/othres/view_sllidar_c1_launch.py
[58.641s] -- Installing: /home/p/ros2_ws/src/install/sllidar_ros2/share/sllidar_ros2/launch/othres/view_sllidar_a2m12_launch.py
[58.642s] -- Installing: /home/p/ros2_ws/src/install/sllidar_ros2/share/sllidar_ros2/launch/othres/view_sllidar_a2m7_launch.py
[58.642s] -- Installing: /home/p/ros2_ws/src/install/sllidar_ros2/share/sllidar_ros2/launch/othres/sllidar_a2m7_launch.py
[58.645s] -- Installing: /home/p/ros2_ws/src/install/sllidar_ros2/share/sllidar_ros2/launch/othres/view_sllidar_s1_launch.py
[58.648s] -- Installing: /home/p/ros2_ws/src/install/sllidar_ros2/share/sllidar_ros2/launch/othres/sllidar_a3_launch.py
[58.651s] -- Installing: /home/p/ros2_ws/src/install/sllidar_ros2/share/sllidar_ros2/launch/othres/sllidar_c1_launch.py
[58.652s] -- Installing: /home/p/ros2_ws/src/install/sllidar_ros2/share/sllidar_ros2/launch/othres/sllidar_t1_launch.py
[58.653s] -- Installing: /home/p/ros2_ws/src/install/sllidar_ros2/share/sllidar_ros2/launch/othres/view_sllidar_a1_launch.py
[58.655s] -- Installing: /home/p/ros2_ws/src/install/sllidar_ros2/share/sllidar_ros2/launch/othres/view_sllidar_a3_launch.py
[58.656s] -- Installing: /home/p/ros2_ws/src/install/sllidar_ros2/share/sllidar_ros2/launch/othres/sllidar_a2m12_launch .py
[58.657s] -- Installing: /home/p/ros2_ws/src/install/sllidar_ros2/share/sllidar_ros2/launch/othres/view_sllidar_s1_tcp_launch.py
[58.658s] -- Installing: /home/p/ros2_ws/src/install/sllidar_ros2/share/sllidar_ros2/launch/othres/sllidar_s2e_launch.py
[58.659s] -- Installing: /home/p/ros2_ws/src/install/sllidar_ros2/share/sllidar_ros2/launch/othres/sllidar_a1_launch.py
[58.660s] -- Installing: /home/p/ros2_ws/src/install/sllidar_ros2/share/sllidar_ros2/launch/othres/view_sllidar_s3_launch.py
[58.661s] -- Installing: /home/p/ros2_ws/src/install/sllidar_ros2/share/sllidar_ros2/launch/othres/sllidar_s1_launch.py
[58.662s] -- Installing: /home/p/ros2_ws/src/install/sllidar_ros2/share/sllidar_ros2/launch/othres/view_sllidar_s2_launch.py
[58.663s] -- Installing: /home/p/ros2_ws/src/install/sllidar_ros2/share/sllidar_ros2/launch/othres/sllidar_s1_tcp_launch.py
[58.664s] -- Installing: /home/p/ros2_ws/src/install/sllidar_ros2/share/sllidar_ros2/launch/othres/sllidar_s2_launch.py
[58.665s] -- Installing: /home/p/ros2_ws/src/install/sllidar_ros2/share/sllidar_ros2/launch/a2m8_with_filtred_9250_launch.py
[58.665s] -- Installing: /home/p/ros2_ws/src/install/sllidar_ros2/share/sllidar_ros2/launch/a2m8_with_9250_launch.py
[58.667s] -- Installing: /home/p/ros2_ws/src/install/sllidar_ros2/share/sllidar_ros2/launch/a2m8_with_filtred_9250_front_launch.py
[58.667s] -- Installing: /home/p/ros2_ws/src/install/sllidar_ros2/share/sllidar_ros2/launch/__pycache__
[58.668s] -- Installing: /home/p/ros2_ws/src/install/sllidar_ros2/share/sllidar_ros2/launch/__pycache__/a2m8_with_filtred_9250_front_launch.cpython-312.pyc
[58.668s] -- Installing: /home/p/ros2_ws/src/install/sllidar_ros2/share/sllidar_ros2/launch/__pycache__/a2m8_with_filtred_9250_launch.cpython-312.pyc
[58.668s] -- Installing: /home/p/ros2_ws/src/install/sllidar_ros2/share/sllidar_ros2/launch/sllidar_a2m8_launch.py
[58.669s] -- Installing: /home/p/ros2_ws/src/install/sllidar_ros2/share/sllidar_ros2/launch/a2m8_with_filtred_9250_launch.py.bak
[58.669s] -- Installing: /home/p/ros2_ws/src/install/sllidar_ros2/share/sllidar_ros2/launch/view_sllidar_a2m8_launch.py
[58.670s] -- Installing: /home/p/ros2_ws/src/install/sllidar_ros2/share/sllidar_ros2/launch/combined_sensors_launch.py
[58.671s] -- Installing: /home/p/ros2_ws/src/install/sllidar_ros2/share/sllidar_ros2/rviz
[58.672s] -- Installing: /home/p/ros2_ws/src/install/sllidar_ros2/share/sllidar_ros2/rviz/sllidar_ros2.rviz
[58.673s] -- Installing: /home/p/ros2_ws/src/install/sllidar_ros2/share/sllidar_ros2/rviz/sllidar_with_imu.rviz
[58.677s] -- Installing: /home/p/ros2_ws/src/install/sllidar_ros2/lib/sllidar_ros2/sllidar_node
[58.683s] -- Set non-toolchain portion of runtime path of "/home/p/ros2_ws/src/install/sllidar_ros2/lib/sllidar_ros2/sllidar_node" to ""
[58.683s] -- Installing: /home/p/ros2_ws/src/install/sllidar_ros2/lib/sllidar_ros2/sllidar_client
[58.691s] -- Set non-toolchain portion of runtime path of "/home/p/ros2_ws/src/install/sllidar_ros2/lib/sllidar_ros2/sllidar_client" to ""
[58.692s] -- Installing: /home/p/ros2_ws/src/install/sllidar_ros2/share/ament_index/resource_index/package_run_dependencies/sllidar_ros2
[58.698s] -- Installing: /home/p/ros2_ws/src/install/sllidar_ros2/share/ament_index/resource_index/parent_prefix_path/sllidar_ros2
[58.698s] -- Installing: /home/p/ros2_ws/src/install/sllidar_ros2/share/sllidar_ros2/environment/ament_prefix_path.sh
[58.698s] -- Installing: /home/p/ros2_ws/src/install/sllidar_ros2/share/sllidar_ros2/environment/ament_prefix_path.dsv
[58.699s] -- Installing: /home/p/ros2_ws/src/install/sllidar_ros2/share/sllidar_ros2/environment/path.sh
[58.699s] -- Installing: /home/p/ros2_ws/src/install/sllidar_ros2/share/sllidar_ros2/environment/path.dsv
[58.699s] -- Installing: /home/p/ros2_ws/src/install/sllidar_ros2/share/sllidar_ros2/local_setup.bash
[58.701s] -- Installing: /home/p/ros2_ws/src/install/sllidar_ros2/share/sllidar_ros2/local_setup.sh
[58.702s] -- Installing: /home/p/ros2_ws/src/install/sllidar_ros2/share/sllidar_ros2/local_setup.zsh
[58.705s] -- Installing: /home/p/ros2_ws/src/install/sllidar_ros2/share/sllidar_ros2/local_setup.dsv
[58.705s] -- Installing: /home/p/ros2_ws/src/install/sllidar_ros2/share/sllidar_ros2/package.dsv
[58.706s] -- Installing: /home/p/ros2_ws/src/install/sllidar_ros2/share/ament_index/resource_index/packages/sllidar_ros2
[58.706s] -- Installing: /home/p/ros2_ws/src/install/sllidar_ros2/share/sllidar_ros2/cmake/ament_cmake_export_dependencies-extras.cmake
[58.707s] -- Installing: /home/p/ros2_ws/src/install/sllidar_ros2/share/sllidar_ros2/cmake/ament_cmake_export_include_directories-extras.cmake
[58.708s] -- Installing: /home/p/ros2_ws/src/install/sllidar_ros2/share/sllidar_ros2/cmake/sllidar_ros2Config.cmake
[58.709s] -- Installing: /home/p/ros2_ws/src/install/sllidar_ros2/share/sllidar_ros2/cmake/sllidar_ros2Config-version.cmake
[58.709s] -- Installing: /home/p/ros2_ws/src/install/sllidar_ros2/share/sllidar_ros2/package.xml
[58.716s] Invoked command in '/home/p/ros2_ws/src/build/sllidar_ros2' returned '0': CMAKE_PREFIX_PATH=${CMAKE_PREFIX_PATH}:/home/p/ros2_ws/install/sweep_builder:/home/p/ros2_ws/install/optical_cane_rpi:/home/p/ros2_ws/install/mpu9250:/opt/ros/jazzy DEBUGINFOD_URLS=https://debuginfod.ubuntu.com /usr/bin/cmake --install /home/p/ros2_ws/src/build/sllidar_ros2
