[0.027s] Invoking command in '/home/p/ros2_ws/src/build/livox_ros_driver2': CMAKE_PREFIX_PATH=${CMAKE_PREFIX_PATH}:/opt/ros/jazzy DEBUGINFOD_URLS=https://debuginfod.ubuntu.com /usr/bin/cmake /home/p/ros2_ws/src/ws_livox/src/livox_ros_driver2 -DCMAKE_INSTALL_RPATH=/usr/local/lib -DCMAKE_INSTALL_PREFIX=/home/p/ros2_ws/src/install/livox_ros_driver2
[0.198s] -- The C compiler identification is GNU 13.3.0
[0.374s] -- The CXX compiler identification is GNU 13.3.0
[0.431s] -- Detecting C compiler ABI info
[0.755s] -- Detecting C compiler ABI info - done
[0.776s] -- Check for working C compiler: /usr/bin/cc - skipped
[0.777s] -- Detecting C compile features
[0.784s] -- Detecting C compile features - done
[0.800s] -- Detecting CXX compiler ABI info
[1.181s] -- Detecting CXX compiler ABI info - done
[1.205s] -- Check for working CXX compiler: /usr/bin/c++ - skipped
[1.205s] -- Detecting CXX compile features
[1.207s] -- Detecting CXX compile features - done
[1.216s] -- livox_ros_driver2 version: 1.2.4
[1.217s] -- Found ament_cmake_auto: 2.5.4 (/opt/ros/jazzy/share/ament_cmake_auto/cmake)
[1.680s] -- Found Python3: /usr/bin/python3 (found version "3.12.3") found components: Interpreter 
[2.253s] -- Using all available rosidl_typesupport_c: rosidl_typesupport_fastrtps_c;rosidl_typesupport_introspection_c
[2.377s] -- Using all available rosidl_typesupport_cpp: rosidl_typesupport_fastrtps_cpp;rosidl_typesupport_introspection_cpp
[2.519s] -- Found rosidl_adapter: 4.6.5 (/opt/ros/jazzy/share/rosidl_adapter/cmake)
[2.745s] -- Found rmw_implementation_cmake: 7.3.2 (/opt/ros/jazzy/share/rmw_implementation_cmake/cmake)
[2.766s] -- Found rmw_fastrtps_cpp: 8.4.2 (/opt/ros/jazzy/share/rmw_fastrtps_cpp/cmake)
[3.002s] -- Found OpenSSL: /usr/lib/aarch64-linux-gnu/libcrypto.so (found version "3.0.13")  
[3.087s] -- Found FastRTPS: /opt/ros/jazzy/include (Required is at least version "2.13") 
[3.166s] -- Using RMW implementation 'rmw_fastrtps_cpp' as default
[3.720s] [33mCMake Warning (dev) at /usr/lib/aarch64-linux-gnu/cmake/pcl/Modules/FindFLANN.cmake:45 (find_package):
[3.721s]   Policy CMP0144 is not set: find_package uses upper-case <PACKAGENAME>_ROOT
[3.721s]   variables.  Run "cmake --help-policy CMP0144" for policy details.  Use the
[3.721s]   cmake_policy command to set the policy and suppress this warning.
[3.721s] 
[3.722s]   CMake variable FLANN_ROOT is set to:
[3.722s] 
[3.722s]     /usr
[3.722s] 
[3.722s]   For compatibility, find_package is ignoring the variable, but code in a
[3.722s]   .cmake module might still use it.
[3.722s] Call Stack (most recent call first):
[3.723s]   /usr/lib/aarch64-linux-gnu/cmake/pcl/PCLConfig.cmake:261 (find_package)
[3.723s]   /usr/lib/aarch64-linux-gnu/cmake/pcl/PCLConfig.cmake:306 (find_flann)
[3.723s]   /usr/lib/aarch64-linux-gnu/cmake/pcl/PCLConfig.cmake:570 (find_external_library)
[3.723s]   /opt/ros/jazzy/share/pcl_conversions/cmake/ament_cmake_export_dependencies-extras.cmake:21 (find_package)
[3.729s]   /opt/ros/jazzy/share/pcl_conversions/cmake/pcl_conversionsConfig.cmake:41 (include)
[3.730s]   /opt/ros/jazzy/share/ament_cmake_auto/cmake/ament_auto_find_build_dependencies.cmake:67 (find_package)
[3.730s]   CMakeLists.txt:225 (ament_auto_find_build_dependencies)
[3.730s] This warning is for project developers.  Use -Wno-dev to suppress it.
[3.730s] [0m
[3.730s] -- Found flann version 1.9.2
[4.639s] -- Found OpenMP_CXX: -fopenmp (found version "4.5") 
[4.644s] -- Found OpenMP: TRUE (found version "4.5") found components: CXX 
[11.411s] -- Checking for module 'libusb-1.0'
[11.498s] --   Found libusb-1.0, version 1.0.27
[11.673s] -- Found libusb: /usr/lib/aarch64-linux-gnu/libusb-1.0.so  
[11.681s] -- OpenNI found (version: 1.5.4.0, include: /usr/include/ni, lib: /usr/lib/libOpenNI.so;libusb::libusb)
[12.069s] -- OpenNI2 found (version: 2.2.0.33, include: /usr/include/openni2, lib: /usr/lib/aarch64-linux-gnu/libOpenNI2.so;libusb::libusb)
[12.102s] -- Could NOT find Pcap (missing: PCAP_LIBRARIES PCAP_INCLUDE_DIRS) 
[12.226s] -- Found ZLIB: /usr/lib/aarch64-linux-gnu/libz.so (found version "1.3")  
[12.422s] -- Found PNG: /usr/lib/aarch64-linux-gnu/libpng.so (found version "1.6.43") 
[14.570s] -- OpenNI found (version: 1.5.4.0, include: /usr/include/ni, lib: /usr/lib/libOpenNI.so;libusb::libusb)
[14.615s] -- OpenNI2 found (version: 2.2.0.33, include: /usr/include/openni2, lib: /usr/lib/aarch64-linux-gnu/libOpenNI2.so;libusb::libusb)
[16.843s] -- Found Qhull version 8.0.2
[18.667s] -- OpenNI found (version: 1.5.4.0, include: /usr/include/ni, lib: /usr/lib/libOpenNI.so;libusb::libusb)
[20.890s] -- Found PCL_COMMON: /usr/lib/aarch64-linux-gnu/libpcl_common.so  
[20.911s] -- Found PCL_KDTREE: /usr/lib/aarch64-linux-gnu/libpcl_kdtree.so  
[20.921s] -- Found PCL_OCTREE: /usr/lib/aarch64-linux-gnu/libpcl_octree.so  
[20.936s] -- Found PCL_SEARCH: /usr/lib/aarch64-linux-gnu/libpcl_search.so  
[20.939s] -- Found PCL_SAMPLE_CONSENSUS: /usr/lib/aarch64-linux-gnu/libpcl_sample_consensus.so  
[20.948s] -- Found PCL_FILTERS: /usr/lib/aarch64-linux-gnu/libpcl_filters.so  
[20.951s] -- Found PCL_2D: /usr/include/pcl-1.14  
[20.954s] -- Found PCL_GEOMETRY: /usr/include/pcl-1.14  
[20.959s] -- Found PCL_IO: /usr/lib/aarch64-linux-gnu/libpcl_io.so  
[20.967s] -- Found PCL_FEATURES: /usr/lib/aarch64-linux-gnu/libpcl_features.so  
[20.976s] -- Found PCL_ML: /usr/lib/aarch64-linux-gnu/libpcl_ml.so  
[20.986s] -- Found PCL_SEGMENTATION: /usr/lib/aarch64-linux-gnu/libpcl_segmentation.so  
[20.997s] -- Found PCL_VISUALIZATION: /usr/lib/aarch64-linux-gnu/libpcl_visualization.so  
[21.004s] -- Found PCL_SURFACE: /usr/lib/aarch64-linux-gnu/libpcl_surface.so  
[21.012s] -- Found PCL_REGISTRATION: /usr/lib/aarch64-linux-gnu/libpcl_registration.so  
[21.020s] -- Found PCL_KEYPOINTS: /usr/lib/aarch64-linux-gnu/libpcl_keypoints.so  
[21.026s] -- Found PCL_TRACKING: /usr/lib/aarch64-linux-gnu/libpcl_tracking.so  
[21.040s] -- Found PCL_RECOGNITION: /usr/lib/aarch64-linux-gnu/libpcl_recognition.so  
[21.045s] -- Found PCL_STEREO: /usr/lib/aarch64-linux-gnu/libpcl_stereo.so  
[21.051s] -- Found PCL_APPS: /usr/lib/aarch64-linux-gnu/libpcl_apps.so  
[21.055s] -- Found PCL_IN_HAND_SCANNER: /usr/include/pcl-1.14  
[21.061s] -- Found PCL_MODELER: /usr/include/pcl-1.14  
[21.063s] -- Found PCL_POINT_CLOUD_EDITOR: /usr/include/pcl-1.14  
[21.071s] -- Found PCL_OUTOFCORE: /usr/lib/aarch64-linux-gnu/libpcl_outofcore.so  
[21.088s] -- Found PCL_PEOPLE: /usr/lib/aarch64-linux-gnu/libpcl_people.so  
[21.361s] -- Found PkgConfig: /usr/bin/pkg-config (found version "1.8.1") 
[21.379s] -- Checking for module 'apr-1'
[21.429s] --   Package 'apr-1', required by 'virtual:world', not found
[23.492s] -- Found ament_cmake_ros: 0.12.0 (/opt/ros/jazzy/share/ament_cmake_ros/cmake)
[25.833s] -- Using all available rosidl_typesupport_c: rosidl_typesupport_fastrtps_c;rosidl_typesupport_introspection_c
[28.528s] -- Using all available rosidl_typesupport_cpp: rosidl_typesupport_fastrtps_cpp;rosidl_typesupport_introspection_cpp
[28.534s] -- Found python_cmake_module: 0.11.1 (/opt/ros/jazzy/share/python_cmake_module/cmake)
[28.989s] -- Found PythonExtra: /usr/bin/python3  
[32.019s] -- Found Python3: /usr/bin/python3 (found version "3.12.3") found components: Interpreter Development NumPy Development.Module Development.Embed 
[32.338s] -- Found ament_lint_auto: 0.17.2 (/opt/ros/jazzy/share/ament_lint_auto/cmake)
[32.644s] -- Added test 'copyright' to check source files copyright and LICENSE
[32.703s] -- Added test 'cppcheck' to perform static code analysis on C / C++ code
[32.725s] -- Configured cppcheck include dirs: /home/p/ros2_ws/src/ws_livox/src/livox_ros_driver2/install/livox_interfaces2/include;/home/p/ros2_ws/src/ws_livox/src/livox_ros_driver2/3rdparty;/home/p/ros2_ws/src/ws_livox/src/livox_ros_driver2/src
[32.726s] -- Configured cppcheck exclude dirs and/or files: 
[32.793s] -- Added test 'cpplint' to check C / C++ code against the Google style
[32.793s] -- Configured cpplint exclude dirs and/or files: 
[32.805s] -- Added test 'flake8' to check Python code syntax and style conventions
[32.805s] -- Configured 'flake8' exclude dirs and/or files: 
[32.833s] -- Added test 'lint_cmake' to check CMake code style
[32.847s] -- Added test 'pep257' to check Python code against some of the docstring style conventions in PEP 257
[32.928s] -- Added test 'uncrustify' to check C / C++ code style
[32.928s] -- Configured uncrustify additional arguments: 
[32.928s] -- Added test 'xmllint' to check XML markup files
[32.960s] -- Configuring done (32.9s)
[33.649s] [33mCMake Warning at /opt/ros/jazzy/share/ament_cmake_auto/cmake/ament_auto_add_library.cmake:66 (add_library):
[33.649s]   Cannot generate a safe runtime search path for target livox_ros_driver2
[33.649s]   because files in some directories may conflict with libraries in implicit
[33.649s]   directories:
[33.649s] 
[33.650s]     runtime library [libtbb.so.12] in /usr/lib/aarch64-linux-gnu may be hidden by files in:
[33.650s]       /usr/local/lib
[33.650s] 
[33.650s]   Some of these libraries may not be found correctly.
[33.650s] Call Stack (most recent call first):
[33.650s]   CMakeLists.txt:261 (ament_auto_add_library)
[33.650s] 
[33.650s] [0m
[33.719s] -- Generating done (0.5s)
[33.859s] -- Build files have been written to: /home/p/ros2_ws/src/build/livox_ros_driver2
[34.106s] Invoked command in '/home/p/ros2_ws/src/build/livox_ros_driver2' returned '0': CMAKE_PREFIX_PATH=${CMAKE_PREFIX_PATH}:/opt/ros/jazzy DEBUGINFOD_URLS=https://debuginfod.ubuntu.com /usr/bin/cmake /home/p/ros2_ws/src/ws_livox/src/livox_ros_driver2 -DCMAKE_INSTALL_RPATH=/usr/local/lib -DCMAKE_INSTALL_PREFIX=/home/p/ros2_ws/src/install/livox_ros_driver2
[34.107s] Invoking command in '/home/p/ros2_ws/src/build/livox_ros_driver2': CMAKE_PREFIX_PATH=${CMAKE_PREFIX_PATH}:/opt/ros/jazzy DEBUGINFOD_URLS=https://debuginfod.ubuntu.com /usr/bin/cmake --build /home/p/ros2_ws/src/build/livox_ros_driver2 -- -j4 -l4
[34.424s] [  1%] [34m[1mGenerating type hashes for ROS interfaces[0m
[36.516s] [  1%] Built target livox_interfaces2__rosidl_generator_type_description
[36.607s] [  3%] [32mBuilding CXX object CMakeFiles/livox_ros_driver2_node.dir/rclcpp_components/node_main_livox_ros_driver2_node.cpp.o[0m
[56.291s] [  4%] [32m[1mLinking CXX executable livox_ros_driver2_node[0m
[56.793s] [  4%] Built target livox_ros_driver2_node
[56.845s] [  6%] [34m[1mGenerating C code for ROS interfaces[0m
[58.793s] [  8%] [32mBuilding C object CMakeFiles/livox_interfaces2__rosidl_generator_c.dir/rosidl_generator_c/livox_ros_driver2/msg/detail/custom_point__description.c.o[0m
[59.014s] [  9%] [32mBuilding C object CMakeFiles/livox_interfaces2__rosidl_generator_c.dir/rosidl_generator_c/livox_ros_driver2/msg/detail/custom_point__functions.c.o[0m
[59.253s] [ 11%] [32mBuilding C object CMakeFiles/livox_interfaces2__rosidl_generator_c.dir/rosidl_generator_c/livox_ros_driver2/msg/detail/custom_point__type_support.c.o[0m
[59.411s] [ 12%] [32mBuilding C object CMakeFiles/livox_interfaces2__rosidl_generator_c.dir/rosidl_generator_c/livox_ros_driver2/msg/detail/custom_msg__description.c.o[0m
[59.609s] [ 14%] [32mBuilding C object CMakeFiles/livox_interfaces2__rosidl_generator_c.dir/rosidl_generator_c/livox_ros_driver2/msg/detail/custom_msg__functions.c.o[0m
[59.855s] [ 16%] [32mBuilding C object CMakeFiles/livox_interfaces2__rosidl_generator_c.dir/rosidl_generator_c/livox_ros_driver2/msg/detail/custom_msg__type_support.c.o[0m
[60.017s] [ 17%] [32m[1mLinking C shared library liblivox_ros_driver2__rosidl_generator_c.so[0m
[60.183s] [ 17%] Built target livox_interfaces2__rosidl_generator_c
[60.298s] [ 19%] [34m[1mGenerating C++ code for ROS interfaces[0m
[62.188s] [ 19%] Built target livox_interfaces2__cpp
[62.218s] [ 20%] [34m[1mGenerating C introspection for ROS interfaces[0m
[63.260s] [ 22%] [32mBuilding C object CMakeFiles/livox_interfaces2__rosidl_typesupport_introspection_c.dir/rosidl_typesupport_introspection_c/livox_ros_driver2/msg/detail/custom_point__type_support.c.o[0m
[63.443s] [ 24%] [32mBuilding C object CMakeFiles/livox_interfaces2__rosidl_typesupport_introspection_c.dir/rosidl_typesupport_introspection_c/livox_ros_driver2/msg/detail/custom_msg__type_support.c.o[0m
[63.548s] [ 25%] [32m[1mLinking C shared library liblivox_ros_driver2__rosidl_typesupport_introspection_c.so[0m
[63.705s] [ 25%] Built target livox_interfaces2__rosidl_typesupport_introspection_c
[63.766s] [ 27%] [34m[1mGenerating C type support dispatch for ROS interfaces[0m
[65.095s] [ 29%] [32mBuilding CXX object CMakeFiles/livox_interfaces2__rosidl_typesupport_c.dir/rosidl_typesupport_c/livox_ros_driver2/msg/custom_point__type_support.cpp.o[0m
[65.264s] [ 30%] [32mBuilding CXX object CMakeFiles/livox_interfaces2__rosidl_typesupport_c.dir/rosidl_typesupport_c/livox_ros_driver2/msg/custom_msg__type_support.cpp.o[0m
[65.417s] [ 32%] [32m[1mLinking CXX shared library liblivox_ros_driver2__rosidl_typesupport_c.so[0m
[65.593s] [ 32%] Built target livox_interfaces2__rosidl_typesupport_c
[65.682s] [ 33%] [34m[1mGenerating C++ type support for eProsima Fast-RTPS[0m
[66.858s] [ 35%] [32mBuilding CXX object CMakeFiles/livox_interfaces2__rosidl_typesupport_fastrtps_cpp.dir/rosidl_typesupport_fastrtps_cpp/livox_ros_driver2/msg/detail/dds_fastrtps/custom_point__type_support.cpp.o[0m
[67.989s] [ 37%] [32mBuilding CXX object CMakeFiles/livox_interfaces2__rosidl_typesupport_fastrtps_cpp.dir/rosidl_typesupport_fastrtps_cpp/livox_ros_driver2/msg/detail/dds_fastrtps/custom_msg__type_support.cpp.o[0m
[69.252s] [ 38%] [32m[1mLinking CXX shared library liblivox_ros_driver2__rosidl_typesupport_fastrtps_cpp.so[0m
[69.482s] [ 38%] Built target livox_interfaces2__rosidl_typesupport_fastrtps_cpp
[69.522s] [ 40%] [34m[1mGenerating C++ introspection for ROS interfaces[0m
[70.505s] [ 41%] [32mBuilding CXX object CMakeFiles/livox_interfaces2__rosidl_typesupport_introspection_cpp.dir/rosidl_typesupport_introspection_cpp/livox_ros_driver2/msg/detail/custom_point__type_support.cpp.o[0m
[71.354s] [ 43%] [32mBuilding CXX object CMakeFiles/livox_interfaces2__rosidl_typesupport_introspection_cpp.dir/rosidl_typesupport_introspection_cpp/livox_ros_driver2/msg/detail/custom_msg__type_support.cpp.o[0m
[72.189s] [ 45%] [32m[1mLinking CXX shared library liblivox_ros_driver2__rosidl_typesupport_introspection_cpp.so[0m
[72.444s] [ 45%] Built target livox_interfaces2__rosidl_typesupport_introspection_cpp
[72.474s] [ 46%] [34m[1mGenerating C++ type support dispatch for ROS interfaces[0m
[73.341s] [ 48%] [32mBuilding CXX object CMakeFiles/livox_interfaces2__rosidl_typesupport_cpp.dir/rosidl_typesupport_cpp/livox_ros_driver2/msg/custom_point__type_support.cpp.o[0m
[74.094s] [ 50%] [32mBuilding CXX object CMakeFiles/livox_interfaces2__rosidl_typesupport_cpp.dir/rosidl_typesupport_cpp/livox_ros_driver2/msg/custom_msg__type_support.cpp.o[0m
[75.000s] [ 51%] [32m[1mLinking CXX shared library liblivox_ros_driver2__rosidl_typesupport_cpp.so[0m
[75.102s] [ 51%] Built target livox_interfaces2__rosidl_typesupport_cpp
[75.132s] [ 53%] [34m[1mGenerating C type support for eProsima Fast-RTPS[0m
[76.213s] [ 54%] [32mBuilding CXX object CMakeFiles/livox_interfaces2__rosidl_typesupport_fastrtps_c.dir/rosidl_typesupport_fastrtps_c/livox_ros_driver2/msg/detail/custom_point__type_support_c.cpp.o[0m
[77.268s] [ 56%] [32mBuilding CXX object CMakeFiles/livox_interfaces2__rosidl_typesupport_fastrtps_c.dir/rosidl_typesupport_fastrtps_c/livox_ros_driver2/msg/detail/custom_msg__type_support_c.cpp.o[0m
[78.471s] [ 58%] [32m[1mLinking CXX shared library liblivox_ros_driver2__rosidl_typesupport_fastrtps_c.so[0m
[78.606s] [ 58%] Built target livox_interfaces2__rosidl_typesupport_fastrtps_c
[78.681s] [ 58%] Built target ament_cmake_python_copy_livox_ros_driver2
[78.735s] [ 58%] Built target livox_interfaces2
[79.386s] running egg_info
[79.392s] creating livox_ros_driver2.egg-info
[79.455s] writing livox_ros_driver2.egg-info/PKG-INFO
[79.457s] writing dependency_links to livox_ros_driver2.egg-info/dependency_links.txt
[79.460s] writing top-level names to livox_ros_driver2.egg-info/top_level.txt
[79.462s] writing manifest file 'livox_ros_driver2.egg-info/SOURCES.txt'
[79.799s] reading manifest file 'livox_ros_driver2.egg-info/SOURCES.txt'
[79.805s] writing manifest file 'livox_ros_driver2.egg-info/SOURCES.txt'
[80.007s] [ 58%] Built target ament_cmake_python_build_livox_ros_driver2_egg
[80.109s] [ 59%] [32mBuilding CXX object CMakeFiles/livox_ros_driver2.dir/src/livox_ros_driver2.cpp.o[0m
[99.572s] [ 61%] [32mBuilding CXX object CMakeFiles/livox_ros_driver2.dir/src/driver_node.cpp.o[0m
[116.828s] [ 62%] [32mBuilding CXX object CMakeFiles/livox_ros_driver2.dir/src/lds.cpp.o[0m
[118.529s] [ 64%] [32mBuilding CXX object CMakeFiles/livox_ros_driver2.dir/src/lds_lidar.cpp.o[0m
[121.886s] [ 66%] [32mBuilding CXX object CMakeFiles/livox_ros_driver2.dir/src/comm/comm.cpp.o[0m
[123.360s] [ 67%] [32mBuilding CXX object CMakeFiles/livox_ros_driver2.dir/src/comm/ldq.cpp.o[0m
[125.269s] [ 69%] [32mBuilding CXX object CMakeFiles/livox_ros_driver2.dir/src/comm/semaphore.cpp.o[0m
[125.996s] [ 70%] [32mBuilding CXX object CMakeFiles/livox_ros_driver2.dir/src/comm/lidar_imu_data_queue.cpp.o[0m
[126.596s] [ 72%] [32mBuilding CXX object CMakeFiles/livox_ros_driver2.dir/src/comm/cache_index.cpp.o[0m
[128.528s] [ 74%] [32mBuilding CXX object CMakeFiles/livox_ros_driver2.dir/src/comm/pub_handler.cpp.o[0m
[132.716s] [ 75%] [32mBuilding CXX object CMakeFiles/livox_ros_driver2.dir/src/parse_cfg_file/parse_cfg_file.cpp.o[0m
[135.252s] [ 77%] [32mBuilding CXX object CMakeFiles/livox_ros_driver2.dir/src/parse_cfg_file/parse_livox_lidar_cfg.cpp.o[0m
[138.368s] [ 79%] [32mBuilding CXX object CMakeFiles/livox_ros_driver2.dir/src/call_back/lidar_common_callback.cpp.o[0m
[140.438s] [ 80%] [32mBuilding CXX object CMakeFiles/livox_ros_driver2.dir/src/call_back/livox_lidar_callback.cpp.o[0m
[143.281s] [ 82%] [32mBuilding CXX object CMakeFiles/livox_ros_driver2.dir/src/lddc.cpp.o[0m
[170.492s] [ 83%] [32m[1mLinking CXX shared library liblivox_ros_driver2.so[0m
[174.344s] [ 83%] Built target livox_ros_driver2
[174.448s] [ 85%] [34m[1mGenerating Python code for ROS interfaces[0m
[176.668s] [ 85%] Built target livox_interfaces2__py
[176.733s] [ 87%] [32mBuilding C object CMakeFiles/livox_interfaces2__rosidl_generator_py.dir/rosidl_generator_py/livox_ros_driver2/msg/_custom_point_s.c.o[0m
[177.243s] [ 88%] [32mBuilding C object CMakeFiles/livox_interfaces2__rosidl_generator_py.dir/rosidl_generator_py/livox_ros_driver2/msg/_custom_msg_s.c.o[0m
[177.596s] [ 90%] [32m[1mLinking C shared library liblivox_interfaces2__rosidl_generator_py.so[0m
[177.792s] [ 90%] Built target livox_interfaces2__rosidl_generator_py
[177.901s] [ 91%] [32mBuilding C object CMakeFiles/livox_ros_driver2_s__rosidl_typesupport_fastrtps_c.dir/rosidl_generator_py/livox_ros_driver2/_livox_ros_driver2_s.ep.rosidl_typesupport_fastrtps_c.c.o[0m
[178.215s] [ 93%] [32m[1mLinking C shared module rosidl_generator_py/livox_ros_driver2/livox_ros_driver2_s__rosidl_typesupport_fastrtps_c.so[0m
[178.378s] [ 93%] Built target livox_ros_driver2_s__rosidl_typesupport_fastrtps_c
[178.486s] [ 95%] [32mBuilding C object CMakeFiles/livox_ros_driver2_s__rosidl_typesupport_c.dir/rosidl_generator_py/livox_ros_driver2/_livox_ros_driver2_s.ep.rosidl_typesupport_c.c.o[0m
[178.735s] [ 96%] [32m[1mLinking C shared module rosidl_generator_py/livox_ros_driver2/livox_ros_driver2_s__rosidl_typesupport_c.so[0m
[178.819s] [ 96%] Built target livox_ros_driver2_s__rosidl_typesupport_c
[178.918s] [ 98%] [32mBuilding C object CMakeFiles/livox_ros_driver2_s__rosidl_typesupport_introspection_c.dir/rosidl_generator_py/livox_ros_driver2/_livox_ros_driver2_s.ep.rosidl_typesupport_introspection_c.c.o[0m
[179.274s] [100%] [32m[1mLinking C shared module rosidl_generator_py/livox_ros_driver2/livox_ros_driver2_s__rosidl_typesupport_introspection_c.so[0m
[179.397s] [100%] Built target livox_ros_driver2_s__rosidl_typesupport_introspection_c
[179.474s] Invoked command in '/home/p/ros2_ws/src/build/livox_ros_driver2' returned '0': CMAKE_PREFIX_PATH=${CMAKE_PREFIX_PATH}:/opt/ros/jazzy DEBUGINFOD_URLS=https://debuginfod.ubuntu.com /usr/bin/cmake --build /home/p/ros2_ws/src/build/livox_ros_driver2 -- -j4 -l4
[179.481s] Invoking command in '/home/p/ros2_ws/src/build/livox_ros_driver2': CMAKE_PREFIX_PATH=${CMAKE_PREFIX_PATH}:/opt/ros/jazzy DEBUGINFOD_URLS=https://debuginfod.ubuntu.com /usr/bin/cmake --install /home/p/ros2_ws/src/build/livox_ros_driver2
[179.529s] -- Install configuration: ""
[179.535s] -- Installing: /home/p/ros2_ws/src/install/livox_ros_driver2/share/ament_index/resource_index/rosidl_interfaces/livox_ros_driver2
[179.536s] -- Installing: /home/p/ros2_ws/src/install/livox_ros_driver2/share/livox_ros_driver2/msg/CustomPoint.json
[179.540s] -- Installing: /home/p/ros2_ws/src/install/livox_ros_driver2/share/livox_ros_driver2/msg/CustomMsg.json
[179.540s] -- Installing: /home/p/ros2_ws/src/install/livox_ros_driver2/include/livox_ros_driver2/livox_ros_driver2
[179.541s] -- Installing: /home/p/ros2_ws/src/install/livox_ros_driver2/include/livox_ros_driver2/livox_ros_driver2/msg
[179.541s] -- Installing: /home/p/ros2_ws/src/install/livox_ros_driver2/include/livox_ros_driver2/livox_ros_driver2/msg/rosidl_generator_c__visibility_control.h
[179.541s] -- Installing: /home/p/ros2_ws/src/install/livox_ros_driver2/include/livox_ros_driver2/livox_ros_driver2/msg/custom_point.h
[179.542s] -- Installing: /home/p/ros2_ws/src/install/livox_ros_driver2/include/livox_ros_driver2/livox_ros_driver2/msg/detail
[179.542s] -- Installing: /home/p/ros2_ws/src/install/livox_ros_driver2/include/livox_ros_driver2/livox_ros_driver2/msg/detail/custom_point__functions.h
[179.542s] -- Installing: /home/p/ros2_ws/src/install/livox_ros_driver2/include/livox_ros_driver2/livox_ros_driver2/msg/detail/custom_msg__type_support.h
[179.542s] -- Installing: /home/p/ros2_ws/src/install/livox_ros_driver2/include/livox_ros_driver2/livox_ros_driver2/msg/detail/custom_msg__struct.h
[179.548s] -- Installing: /home/p/ros2_ws/src/install/livox_ros_driver2/include/livox_ros_driver2/livox_ros_driver2/msg/detail/custom_msg__description.c
[179.548s] -- Installing: /home/p/ros2_ws/src/install/livox_ros_driver2/include/livox_ros_driver2/livox_ros_driver2/msg/detail/custom_msg__functions.c
[179.548s] -- Installing: /home/p/ros2_ws/src/install/livox_ros_driver2/include/livox_ros_driver2/livox_ros_driver2/msg/detail/custom_point__functions.c
[179.548s] -- Installing: /home/p/ros2_ws/src/install/livox_ros_driver2/include/livox_ros_driver2/livox_ros_driver2/msg/detail/custom_point__struct.h
[179.548s] -- Installing: /home/p/ros2_ws/src/install/livox_ros_driver2/include/livox_ros_driver2/livox_ros_driver2/msg/detail/custom_msg__type_support.c
[179.548s] -- Installing: /home/p/ros2_ws/src/install/livox_ros_driver2/include/livox_ros_driver2/livox_ros_driver2/msg/detail/custom_msg__functions.h
[179.548s] -- Installing: /home/p/ros2_ws/src/install/livox_ros_driver2/include/livox_ros_driver2/livox_ros_driver2/msg/detail/custom_point__description.c
[179.549s] -- Installing: /home/p/ros2_ws/src/install/livox_ros_driver2/include/livox_ros_driver2/livox_ros_driver2/msg/detail/custom_point__type_support.c
[179.549s] -- Installing: /home/p/ros2_ws/src/install/livox_ros_driver2/include/livox_ros_driver2/livox_ros_driver2/msg/detail/custom_point__type_support.h
[179.551s] -- Installing: /home/p/ros2_ws/src/install/livox_ros_driver2/include/livox_ros_driver2/livox_ros_driver2/msg/custom_msg.h
[179.552s] -- Installing: /home/p/ros2_ws/src/install/livox_ros_driver2/share/livox_ros_driver2/environment/library_path.sh
[179.552s] -- Installing: /home/p/ros2_ws/src/install/livox_ros_driver2/share/livox_ros_driver2/environment/library_path.dsv
[179.552s] -- Installing: /home/p/ros2_ws/src/install/livox_ros_driver2/lib/liblivox_ros_driver2__rosidl_generator_c.so
[179.552s] -- Set non-toolchain portion of runtime path of "/home/p/ros2_ws/src/install/livox_ros_driver2/lib/liblivox_ros_driver2__rosidl_generator_c.so" to "/usr/local/lib"
[179.558s] -- Up-to-date: /home/p/ros2_ws/src/install/livox_ros_driver2/include/livox_ros_driver2/livox_ros_driver2
[179.558s] -- Up-to-date: /home/p/ros2_ws/src/install/livox_ros_driver2/include/livox_ros_driver2/livox_ros_driver2/msg
[179.558s] -- Installing: /home/p/ros2_ws/src/install/livox_ros_driver2/include/livox_ros_driver2/livox_ros_driver2/msg/rosidl_typesupport_fastrtps_c__visibility_control.h
[179.559s] -- Up-to-date: /home/p/ros2_ws/src/install/livox_ros_driver2/include/livox_ros_driver2/livox_ros_driver2/msg/detail
[179.559s] -- Installing: /home/p/ros2_ws/src/install/livox_ros_driver2/include/livox_ros_driver2/livox_ros_driver2/msg/detail/custom_msg__rosidl_typesupport_fastrtps_c.h
[179.559s] -- Installing: /home/p/ros2_ws/src/install/livox_ros_driver2/include/livox_ros_driver2/livox_ros_driver2/msg/detail/custom_point__rosidl_typesupport_fastrtps_c.h
[179.559s] -- Installing: /home/p/ros2_ws/src/install/livox_ros_driver2/lib/liblivox_ros_driver2__rosidl_typesupport_fastrtps_c.so
[179.559s] -- Set non-toolchain portion of runtime path of "/home/p/ros2_ws/src/install/livox_ros_driver2/lib/liblivox_ros_driver2__rosidl_typesupport_fastrtps_c.so" to "/usr/local/lib"
[179.563s] -- Up-to-date: /home/p/ros2_ws/src/install/livox_ros_driver2/include/livox_ros_driver2/livox_ros_driver2
[179.563s] -- Up-to-date: /home/p/ros2_ws/src/install/livox_ros_driver2/include/livox_ros_driver2/livox_ros_driver2/msg
[179.563s] -- Up-to-date: /home/p/ros2_ws/src/install/livox_ros_driver2/include/livox_ros_driver2/livox_ros_driver2/msg/detail
[179.563s] -- Installing: /home/p/ros2_ws/src/install/livox_ros_driver2/include/livox_ros_driver2/livox_ros_driver2/msg/detail/custom_msg__rosidl_typesupport_introspection_c.h
[179.564s] -- Installing: /home/p/ros2_ws/src/install/livox_ros_driver2/include/livox_ros_driver2/livox_ros_driver2/msg/detail/custom_point__rosidl_typesupport_introspection_c.h
[179.569s] -- Installing: /home/p/ros2_ws/src/install/livox_ros_driver2/include/livox_ros_driver2/livox_ros_driver2/msg/detail/custom_msg__type_support.c
[179.569s] -- Installing: /home/p/ros2_ws/src/install/livox_ros_driver2/include/livox_ros_driver2/livox_ros_driver2/msg/detail/custom_point__type_support.c
[179.569s] -- Installing: /home/p/ros2_ws/src/install/livox_ros_driver2/include/livox_ros_driver2/livox_ros_driver2/msg/rosidl_typesupport_introspection_c__visibility_control.h
[179.569s] -- Installing: /home/p/ros2_ws/src/install/livox_ros_driver2/lib/liblivox_ros_driver2__rosidl_typesupport_introspection_c.so
[179.570s] -- Set non-toolchain portion of runtime path of "/home/p/ros2_ws/src/install/livox_ros_driver2/lib/liblivox_ros_driver2__rosidl_typesupport_introspection_c.so" to "/usr/local/lib"
[179.570s] -- Installing: /home/p/ros2_ws/src/install/livox_ros_driver2/lib/liblivox_ros_driver2__rosidl_typesupport_c.so
[179.570s] -- Set non-toolchain portion of runtime path of "/home/p/ros2_ws/src/install/livox_ros_driver2/lib/liblivox_ros_driver2__rosidl_typesupport_c.so" to "/usr/local/lib"
[179.570s] -- Up-to-date: /home/p/ros2_ws/src/install/livox_ros_driver2/include/livox_ros_driver2/livox_ros_driver2
[179.576s] -- Up-to-date: /home/p/ros2_ws/src/install/livox_ros_driver2/include/livox_ros_driver2/livox_ros_driver2/msg
[179.576s] -- Installing: /home/p/ros2_ws/src/install/livox_ros_driver2/include/livox_ros_driver2/livox_ros_driver2/msg/custom_point.hpp
[179.576s] -- Installing: /home/p/ros2_ws/src/install/livox_ros_driver2/include/livox_ros_driver2/livox_ros_driver2/msg/custom_msg.hpp
[179.576s] -- Up-to-date: /home/p/ros2_ws/src/install/livox_ros_driver2/include/livox_ros_driver2/livox_ros_driver2/msg/detail
[179.576s] -- Installing: /home/p/ros2_ws/src/install/livox_ros_driver2/include/livox_ros_driver2/livox_ros_driver2/msg/detail/custom_msg__builder.hpp
[179.577s] -- Installing: /home/p/ros2_ws/src/install/livox_ros_driver2/include/livox_ros_driver2/livox_ros_driver2/msg/detail/custom_point__traits.hpp
[179.577s] -- Installing: /home/p/ros2_ws/src/install/livox_ros_driver2/include/livox_ros_driver2/livox_ros_driver2/msg/detail/custom_msg__type_support.hpp
[179.577s] -- Installing: /home/p/ros2_ws/src/install/livox_ros_driver2/include/livox_ros_driver2/livox_ros_driver2/msg/detail/custom_msg__traits.hpp
[179.577s] -- Installing: /home/p/ros2_ws/src/install/livox_ros_driver2/include/livox_ros_driver2/livox_ros_driver2/msg/detail/custom_point__type_support.hpp
[179.577s] -- Installing: /home/p/ros2_ws/src/install/livox_ros_driver2/include/livox_ros_driver2/livox_ros_driver2/msg/detail/custom_point__struct.hpp
[179.577s] -- Installing: /home/p/ros2_ws/src/install/livox_ros_driver2/include/livox_ros_driver2/livox_ros_driver2/msg/detail/custom_point__builder.hpp
[179.577s] -- Installing: /home/p/ros2_ws/src/install/livox_ros_driver2/include/livox_ros_driver2/livox_ros_driver2/msg/detail/custom_msg__struct.hpp
[179.583s] -- Installing: /home/p/ros2_ws/src/install/livox_ros_driver2/include/livox_ros_driver2/livox_ros_driver2/msg/rosidl_generator_cpp__visibility_control.hpp
[179.584s] -- Up-to-date: /home/p/ros2_ws/src/install/livox_ros_driver2/include/livox_ros_driver2/livox_ros_driver2
[179.584s] -- Up-to-date: /home/p/ros2_ws/src/install/livox_ros_driver2/include/livox_ros_driver2/livox_ros_driver2/msg
[179.589s] -- Up-to-date: /home/p/ros2_ws/src/install/livox_ros_driver2/include/livox_ros_driver2/livox_ros_driver2/msg/detail
[179.590s] -- Installing: /home/p/ros2_ws/src/install/livox_ros_driver2/include/livox_ros_driver2/livox_ros_driver2/msg/detail/custom_msg__rosidl_typesupport_fastrtps_cpp.hpp
[179.590s] -- Installing: /home/p/ros2_ws/src/install/livox_ros_driver2/include/livox_ros_driver2/livox_ros_driver2/msg/detail/dds_fastrtps
[179.591s] -- Installing: /home/p/ros2_ws/src/install/livox_ros_driver2/include/livox_ros_driver2/livox_ros_driver2/msg/detail/custom_point__rosidl_typesupport_fastrtps_cpp.hpp
[179.592s] -- Installing: /home/p/ros2_ws/src/install/livox_ros_driver2/include/livox_ros_driver2/livox_ros_driver2/msg/rosidl_typesupport_fastrtps_cpp__visibility_control.h
[179.592s] -- Installing: /home/p/ros2_ws/src/install/livox_ros_driver2/lib/liblivox_ros_driver2__rosidl_typesupport_fastrtps_cpp.so
[179.592s] -- Set non-toolchain portion of runtime path of "/home/p/ros2_ws/src/install/livox_ros_driver2/lib/liblivox_ros_driver2__rosidl_typesupport_fastrtps_cpp.so" to "/usr/local/lib"
[179.592s] -- Up-to-date: /home/p/ros2_ws/src/install/livox_ros_driver2/include/livox_ros_driver2/livox_ros_driver2
[179.592s] -- Up-to-date: /home/p/ros2_ws/src/install/livox_ros_driver2/include/livox_ros_driver2/livox_ros_driver2/msg
[179.592s] -- Up-to-date: /home/p/ros2_ws/src/install/livox_ros_driver2/include/livox_ros_driver2/livox_ros_driver2/msg/detail
[179.592s] -- Installing: /home/p/ros2_ws/src/install/livox_ros_driver2/include/livox_ros_driver2/livox_ros_driver2/msg/detail/custom_msg__type_support.cpp
[179.595s] -- Installing: /home/p/ros2_ws/src/install/livox_ros_driver2/include/livox_ros_driver2/livox_ros_driver2/msg/detail/custom_point__rosidl_typesupport_introspection_cpp.hpp
[179.595s] -- Installing: /home/p/ros2_ws/src/install/livox_ros_driver2/include/livox_ros_driver2/livox_ros_driver2/msg/detail/custom_msg__rosidl_typesupport_introspection_cpp.hpp
[179.598s] -- Installing: /home/p/ros2_ws/src/install/livox_ros_driver2/include/livox_ros_driver2/livox_ros_driver2/msg/detail/custom_point__type_support.cpp
[179.598s] -- Installing: /home/p/ros2_ws/src/install/livox_ros_driver2/lib/liblivox_ros_driver2__rosidl_typesupport_introspection_cpp.so
[179.599s] -- Set non-toolchain portion of runtime path of "/home/p/ros2_ws/src/install/livox_ros_driver2/lib/liblivox_ros_driver2__rosidl_typesupport_introspection_cpp.so" to "/usr/local/lib"
[179.599s] -- Installing: /home/p/ros2_ws/src/install/livox_ros_driver2/lib/liblivox_ros_driver2__rosidl_typesupport_cpp.so
[179.599s] -- Set non-toolchain portion of runtime path of "/home/p/ros2_ws/src/install/livox_ros_driver2/lib/liblivox_ros_driver2__rosidl_typesupport_cpp.so" to "/usr/local/lib"
[179.599s] -- Installing: /home/p/ros2_ws/src/install/livox_ros_driver2/share/livox_ros_driver2/environment/pythonpath.sh
[179.599s] -- Installing: /home/p/ros2_ws/src/install/livox_ros_driver2/share/livox_ros_driver2/environment/pythonpath.dsv
[179.600s] -- Installing: /home/p/ros2_ws/src/install/livox_ros_driver2/lib/python3.12/site-packages/livox_ros_driver2-1.0.0-py3.12.egg-info
[179.600s] -- Installing: /home/p/ros2_ws/src/install/livox_ros_driver2/lib/python3.12/site-packages/livox_ros_driver2-1.0.0-py3.12.egg-info/dependency_links.txt
[179.600s] -- Installing: /home/p/ros2_ws/src/install/livox_ros_driver2/lib/python3.12/site-packages/livox_ros_driver2-1.0.0-py3.12.egg-info/PKG-INFO
[179.600s] -- Installing: /home/p/ros2_ws/src/install/livox_ros_driver2/lib/python3.12/site-packages/livox_ros_driver2-1.0.0-py3.12.egg-info/top_level.txt
[179.600s] -- Installing: /home/p/ros2_ws/src/install/livox_ros_driver2/lib/python3.12/site-packages/livox_ros_driver2-1.0.0-py3.12.egg-info/SOURCES.txt
[179.600s] -- Installing: /home/p/ros2_ws/src/install/livox_ros_driver2/lib/python3.12/site-packages/livox_ros_driver2
[179.601s] -- Installing: /home/p/ros2_ws/src/install/livox_ros_driver2/lib/python3.12/site-packages/livox_ros_driver2/_livox_ros_driver2_s.ep.rosidl_typesupport_c.c
[179.601s] -- Installing: /home/p/ros2_ws/src/install/livox_ros_driver2/lib/python3.12/site-packages/livox_ros_driver2/_livox_ros_driver2_s.ep.rosidl_typesupport_fastrtps_c.c
[179.601s] -- Installing: /home/p/ros2_ws/src/install/livox_ros_driver2/lib/python3.12/site-packages/livox_ros_driver2/livox_ros_driver2_s__rosidl_typesupport_introspection_c.so
[179.601s] -- Installing: /home/p/ros2_ws/src/install/livox_ros_driver2/lib/python3.12/site-packages/livox_ros_driver2/__init__.py
[179.607s] -- Installing: /home/p/ros2_ws/src/install/livox_ros_driver2/lib/python3.12/site-packages/livox_ros_driver2/msg
[179.608s] -- Installing: /home/p/ros2_ws/src/install/livox_ros_driver2/lib/python3.12/site-packages/livox_ros_driver2/msg/_custom_point_s.c
[179.608s] -- Installing: /home/p/ros2_ws/src/install/livox_ros_driver2/lib/python3.12/site-packages/livox_ros_driver2/msg/_custom_msg_s.c
[179.608s] -- Installing: /home/p/ros2_ws/src/install/livox_ros_driver2/lib/python3.12/site-packages/livox_ros_driver2/msg/__init__.py
[179.608s] -- Installing: /home/p/ros2_ws/src/install/livox_ros_driver2/lib/python3.12/site-packages/livox_ros_driver2/msg/_custom_point.py
[179.608s] -- Installing: /home/p/ros2_ws/src/install/livox_ros_driver2/lib/python3.12/site-packages/livox_ros_driver2/msg/_custom_msg.py
[179.608s] -- Installing: /home/p/ros2_ws/src/install/livox_ros_driver2/lib/python3.12/site-packages/livox_ros_driver2/livox_ros_driver2_s__rosidl_typesupport_c.so
[179.608s] -- Installing: /home/p/ros2_ws/src/install/livox_ros_driver2/lib/python3.12/site-packages/livox_ros_driver2/_livox_ros_driver2_s.ep.rosidl_typesupport_introspection_c.c
[179.609s] -- Installing: /home/p/ros2_ws/src/install/livox_ros_driver2/lib/python3.12/site-packages/livox_ros_driver2/livox_ros_driver2_s__rosidl_typesupport_fastrtps_c.so
[179.834s] Listing '/home/p/ros2_ws/src/install/livox_ros_driver2/lib/python3.12/site-packages/livox_ros_driver2'...
[179.834s] Compiling '/home/p/ros2_ws/src/install/livox_ros_driver2/lib/python3.12/site-packages/livox_ros_driver2/__init__.py'...
[179.834s] Listing '/home/p/ros2_ws/src/install/livox_ros_driver2/lib/python3.12/site-packages/livox_ros_driver2/msg'...
[179.834s] Compiling '/home/p/ros2_ws/src/install/livox_ros_driver2/lib/python3.12/site-packages/livox_ros_driver2/msg/__init__.py'...
[179.834s] Compiling '/home/p/ros2_ws/src/install/livox_ros_driver2/lib/python3.12/site-packages/livox_ros_driver2/msg/_custom_msg.py'...
[179.834s] Compiling '/home/p/ros2_ws/src/install/livox_ros_driver2/lib/python3.12/site-packages/livox_ros_driver2/msg/_custom_point.py'...
[179.886s] -- Installing: /home/p/ros2_ws/src/install/livox_ros_driver2/lib/python3.12/site-packages/livox_ros_driver2/livox_ros_driver2_s__rosidl_typesupport_fastrtps_c.so
[179.887s] -- Set non-toolchain portion of runtime path of "/home/p/ros2_ws/src/install/livox_ros_driver2/lib/python3.12/site-packages/livox_ros_driver2/livox_ros_driver2_s__rosidl_typesupport_fastrtps_c.so" to "/usr/local/lib"
[179.887s] -- Installing: /home/p/ros2_ws/src/install/livox_ros_driver2/lib/python3.12/site-packages/livox_ros_driver2/livox_ros_driver2_s__rosidl_typesupport_introspection_c.so
[179.887s] -- Set non-toolchain portion of runtime path of "/home/p/ros2_ws/src/install/livox_ros_driver2/lib/python3.12/site-packages/livox_ros_driver2/livox_ros_driver2_s__rosidl_typesupport_introspection_c.so" to "/usr/local/lib"
[179.889s] -- Installing: /home/p/ros2_ws/src/install/livox_ros_driver2/lib/python3.12/site-packages/livox_ros_driver2/livox_ros_driver2_s__rosidl_typesupport_c.so
[179.889s] -- Set non-toolchain portion of runtime path of "/home/p/ros2_ws/src/install/livox_ros_driver2/lib/python3.12/site-packages/livox_ros_driver2/livox_ros_driver2_s__rosidl_typesupport_c.so" to "/usr/local/lib"
[179.889s] -- Installing: /home/p/ros2_ws/src/install/livox_ros_driver2/lib/liblivox_interfaces2__rosidl_generator_py.so
[179.890s] -- Set non-toolchain portion of runtime path of "/home/p/ros2_ws/src/install/livox_ros_driver2/lib/liblivox_interfaces2__rosidl_generator_py.so" to "/usr/local/lib"
[179.896s] -- Installing: /home/p/ros2_ws/src/install/livox_ros_driver2/share/livox_ros_driver2/msg/CustomPoint.idl
[179.897s] -- Installing: /home/p/ros2_ws/src/install/livox_ros_driver2/share/livox_ros_driver2/msg/CustomMsg.idl
[179.897s] -- Installing: /home/p/ros2_ws/src/install/livox_ros_driver2/share/livox_ros_driver2/msg/CustomPoint.msg
[179.897s] -- Installing: /home/p/ros2_ws/src/install/livox_ros_driver2/share/livox_ros_driver2/msg/CustomMsg.msg
[179.897s] -- Installing: /home/p/ros2_ws/src/install/livox_ros_driver2/lib/livox_ros_driver2/livox_ros_driver2_node
[179.899s] -- Set non-toolchain portion of runtime path of "/home/p/ros2_ws/src/install/livox_ros_driver2/lib/livox_ros_driver2/livox_ros_driver2_node" to "/usr/local/lib"
[179.900s] -- Installing: /home/p/ros2_ws/src/install/livox_ros_driver2/lib/liblivox_ros_driver2.so
[179.918s] -- Set non-toolchain portion of runtime path of "/home/p/ros2_ws/src/install/livox_ros_driver2/lib/liblivox_ros_driver2.so" to "/usr/local/lib"
[179.922s] -- Installing: /home/p/ros2_ws/src/install/livox_ros_driver2/share/livox_ros_driver2/config
[179.923s] -- Installing: /home/p/ros2_ws/src/install/livox_ros_driver2/share/livox_ros_driver2/config/MID360_config.json
[179.923s] -- Installing: /home/p/ros2_ws/src/install/livox_ros_driver2/share/livox_ros_driver2/config/display_point_cloud_ROS2.rviz
[179.923s] -- Installing: /home/p/ros2_ws/src/install/livox_ros_driver2/share/livox_ros_driver2/config/HAP_config.json
[179.923s] -- Installing: /home/p/ros2_ws/src/install/livox_ros_driver2/share/livox_ros_driver2/config/mixed_HAP_MID360_config.json
[179.924s] -- Installing: /home/p/ros2_ws/src/install/livox_ros_driver2/share/livox_ros_driver2/config/display_point_cloud_ROS1.rviz
[179.924s] -- Installing: /home/p/ros2_ws/src/install/livox_ros_driver2/share/livox_ros_driver2/launch_ROS2
[179.925s] -- Installing: /home/p/ros2_ws/src/install/livox_ros_driver2/share/livox_ros_driver2/launch_ROS2/msg_HAP_launch.py
[179.927s] -- Installing: /home/p/ros2_ws/src/install/livox_ros_driver2/share/livox_ros_driver2/launch_ROS2/rviz_MID360_launch.py
[179.928s] -- Installing: /home/p/ros2_ws/src/install/livox_ros_driver2/share/livox_ros_driver2/launch_ROS2/rviz_HAP_launch.py
[179.928s] -- Installing: /home/p/ros2_ws/src/install/livox_ros_driver2/share/livox_ros_driver2/launch_ROS2/msg_MID360_launch.py
[179.932s] -- Installing: /home/p/ros2_ws/src/install/livox_ros_driver2/share/livox_ros_driver2/launch_ROS2/rviz_mixed.py
[179.932s] -- Installing: /home/p/ros2_ws/src/install/livox_ros_driver2/share/ament_index/resource_index/package_run_dependencies/livox_ros_driver2
[179.932s] -- Installing: /home/p/ros2_ws/src/install/livox_ros_driver2/share/ament_index/resource_index/parent_prefix_path/livox_ros_driver2
[179.933s] -- Installing: /home/p/ros2_ws/src/install/livox_ros_driver2/share/livox_ros_driver2/environment/ament_prefix_path.sh
[179.939s] -- Installing: /home/p/ros2_ws/src/install/livox_ros_driver2/share/livox_ros_driver2/environment/ament_prefix_path.dsv
[179.939s] -- Installing: /home/p/ros2_ws/src/install/livox_ros_driver2/share/livox_ros_driver2/environment/path.sh
[179.940s] -- Installing: /home/p/ros2_ws/src/install/livox_ros_driver2/share/livox_ros_driver2/environment/path.dsv
[179.940s] -- Installing: /home/p/ros2_ws/src/install/livox_ros_driver2/share/livox_ros_driver2/local_setup.bash
[179.940s] -- Installing: /home/p/ros2_ws/src/install/livox_ros_driver2/share/livox_ros_driver2/local_setup.sh
[179.940s] -- Installing: /home/p/ros2_ws/src/install/livox_ros_driver2/share/livox_ros_driver2/local_setup.zsh
[179.941s] -- Installing: /home/p/ros2_ws/src/install/livox_ros_driver2/share/livox_ros_driver2/local_setup.dsv
[179.946s] -- Installing: /home/p/ros2_ws/src/install/livox_ros_driver2/share/livox_ros_driver2/package.dsv
[179.947s] -- Installing: /home/p/ros2_ws/src/install/livox_ros_driver2/share/ament_index/resource_index/packages/livox_ros_driver2
[179.947s] -- Installing: /home/p/ros2_ws/src/install/livox_ros_driver2/share/livox_ros_driver2/cmake/export_livox_interfaces2__rosidl_generator_cExport.cmake
[179.947s] -- Installing: /home/p/ros2_ws/src/install/livox_ros_driver2/share/livox_ros_driver2/cmake/export_livox_interfaces2__rosidl_generator_cExport-noconfig.cmake
[179.948s] -- Installing: /home/p/ros2_ws/src/install/livox_ros_driver2/share/livox_ros_driver2/cmake/export_livox_interfaces2__rosidl_typesupport_fastrtps_cExport.cmake
[179.952s] -- Installing: /home/p/ros2_ws/src/install/livox_ros_driver2/share/livox_ros_driver2/cmake/export_livox_interfaces2__rosidl_typesupport_fastrtps_cExport-noconfig.cmake
[179.952s] -- Installing: /home/p/ros2_ws/src/install/livox_ros_driver2/share/livox_ros_driver2/cmake/livox_interfaces2__rosidl_typesupport_introspection_cExport.cmake
[179.953s] -- Installing: /home/p/ros2_ws/src/install/livox_ros_driver2/share/livox_ros_driver2/cmake/livox_interfaces2__rosidl_typesupport_introspection_cExport-noconfig.cmake
[179.955s] -- Installing: /home/p/ros2_ws/src/install/livox_ros_driver2/share/livox_ros_driver2/cmake/livox_interfaces2__rosidl_typesupport_cExport.cmake
[179.956s] -- Installing: /home/p/ros2_ws/src/install/livox_ros_driver2/share/livox_ros_driver2/cmake/livox_interfaces2__rosidl_typesupport_cExport-noconfig.cmake
[179.956s] -- Installing: /home/p/ros2_ws/src/install/livox_ros_driver2/share/livox_ros_driver2/cmake/export_livox_interfaces2__rosidl_generator_cppExport.cmake
[179.956s] -- Installing: /home/p/ros2_ws/src/install/livox_ros_driver2/share/livox_ros_driver2/cmake/export_livox_interfaces2__rosidl_typesupport_fastrtps_cppExport.cmake
[179.960s] -- Installing: /home/p/ros2_ws/src/install/livox_ros_driver2/share/livox_ros_driver2/cmake/export_livox_interfaces2__rosidl_typesupport_fastrtps_cppExport-noconfig.cmake
[179.962s] -- Installing: /home/p/ros2_ws/src/install/livox_ros_driver2/share/livox_ros_driver2/cmake/livox_interfaces2__rosidl_typesupport_introspection_cppExport.cmake
[179.962s] -- Installing: /home/p/ros2_ws/src/install/livox_ros_driver2/share/livox_ros_driver2/cmake/livox_interfaces2__rosidl_typesupport_introspection_cppExport-noconfig.cmake
[179.963s] -- Installing: /home/p/ros2_ws/src/install/livox_ros_driver2/share/livox_ros_driver2/cmake/livox_interfaces2__rosidl_typesupport_cppExport.cmake
[179.964s] -- Installing: /home/p/ros2_ws/src/install/livox_ros_driver2/share/livox_ros_driver2/cmake/livox_interfaces2__rosidl_typesupport_cppExport-noconfig.cmake
[179.966s] -- Installing: /home/p/ros2_ws/src/install/livox_ros_driver2/share/livox_ros_driver2/cmake/export_livox_interfaces2__rosidl_generator_pyExport.cmake
[179.967s] -- Installing: /home/p/ros2_ws/src/install/livox_ros_driver2/share/livox_ros_driver2/cmake/export_livox_interfaces2__rosidl_generator_pyExport-noconfig.cmake
[179.968s] -- Installing: /home/p/ros2_ws/src/install/livox_ros_driver2/share/ament_index/resource_index/rclcpp_components/livox_ros_driver2
[179.974s] -- Installing: /home/p/ros2_ws/src/install/livox_ros_driver2/share/livox_ros_driver2/cmake/rosidl_cmake-extras.cmake
[179.974s] -- Installing: /home/p/ros2_ws/src/install/livox_ros_driver2/share/livox_ros_driver2/cmake/ament_cmake_export_dependencies-extras.cmake
[179.975s] -- Installing: /home/p/ros2_ws/src/install/livox_ros_driver2/share/livox_ros_driver2/cmake/ament_cmake_export_include_directories-extras.cmake
[179.975s] -- Installing: /home/p/ros2_ws/src/install/livox_ros_driver2/share/livox_ros_driver2/cmake/ament_cmake_export_libraries-extras.cmake
[179.975s] -- Installing: /home/p/ros2_ws/src/install/livox_ros_driver2/share/livox_ros_driver2/cmake/ament_cmake_export_targets-extras.cmake
[179.975s] -- Installing: /home/p/ros2_ws/src/install/livox_ros_driver2/share/livox_ros_driver2/cmake/rosidl_cmake_export_typesupport_targets-extras.cmake
[179.975s] -- Installing: /home/p/ros2_ws/src/install/livox_ros_driver2/share/livox_ros_driver2/cmake/rosidl_cmake_export_typesupport_libraries-extras.cmake
[179.975s] -- Installing: /home/p/ros2_ws/src/install/livox_ros_driver2/share/livox_ros_driver2/cmake/livox_ros_driver2Config.cmake
[179.980s] -- Installing: /home/p/ros2_ws/src/install/livox_ros_driver2/share/livox_ros_driver2/cmake/livox_ros_driver2Config-version.cmake
[179.981s] -- Installing: /home/p/ros2_ws/src/install/livox_ros_driver2/share/livox_ros_driver2/package.xml
[179.992s] Invoked command in '/home/p/ros2_ws/src/build/livox_ros_driver2' returned '0': CMAKE_PREFIX_PATH=${CMAKE_PREFIX_PATH}:/opt/ros/jazzy DEBUGINFOD_URLS=https://debuginfod.ubuntu.com /usr/bin/cmake --install /home/p/ros2_ws/src/build/livox_ros_driver2
