[0.185s] DEBUG:colcon:Command line arguments: ['/usr/bin/colcon', 'build', '--packages-select', 'scan_to_pointcloud', '--symlink-install']
[0.186s] DEBUG:colcon:Parsed command line arguments: Namespace(log_base=None, log_level=None, verb_name='build', build_base='build', install_base='install', merge_install=False, symlink_install=True, test_result_base=None, continue_on_error=False, executor='parallel', parallel_workers=4, event_handlers=None, ignore_user_meta=False, metas=['./colcon.meta'], base_paths=['.'], packages_ignore=None, packages_ignore_regex=None, paths=None, packages_up_to=None, packages_up_to_regex=None, packages_above=None, packages_above_and_dependencies=None, packages_above_depth=None, packages_select_by_dep=None, packages_skip_by_dep=None, packages_skip_up_to=None, packages_select_build_failed=False, packages_skip_build_finished=False, packages_select_test_failures=False, packages_skip_test_passed=False, packages_select=['scan_to_pointcloud'], packages_skip=None, packages_select_regex=None, packages_skip_regex=None, packages_start=None, packages_end=None, allow_overriding=[], cmake_args=None, cmake_target=None, cmake_target_skip_unavailable=False, cmake_clean_cache=False, cmake_clean_first=False, cmake_force_configure=False, ament_cmake_args=None, catkin_cmake_args=None, catkin_skip_building_tests=False, mixin_files=None, mixin=None, verb_parser=<colcon_mixin.mixin.mixin_argument.MixinArgumentDecorator object at 0xffffa5b16330>, verb_extension=<colcon_core.verb.build.BuildVerb object at 0xffffa5cd2ab0>, main=<bound method BuildVerb.main of <colcon_core.verb.build.BuildVerb object at 0xffffa5cd2ab0>>, mixin_verb=('build',))
[0.249s] Level 1:colcon.colcon_core.package_discovery:discover_packages(colcon_meta) check parameters
[0.250s] Level 1:colcon.colcon_core.package_discovery:discover_packages(recursive) check parameters
[0.250s] Level 1:colcon.colcon_core.package_discovery:discover_packages(ignore) check parameters
[0.250s] Level 1:colcon.colcon_core.package_discovery:discover_packages(path) check parameters
[0.250s] Level 1:colcon.colcon_core.package_discovery:discover_packages(colcon_meta) discover
[0.250s] Level 1:colcon.colcon_core.package_discovery:discover_packages(recursive) discover
[0.250s] INFO:colcon.colcon_core.package_discovery:Crawling recursively for packages in '/home/p/ros2_ws/src/scan_to_pointcloud'
[0.250s] Level 1:colcon.colcon_core.package_identification:_identify(.) by extensions ['ignore', 'ignore_ament_install']
[0.250s] Level 1:colcon.colcon_core.package_identification:_identify(.) by extension 'ignore'
[0.250s] Level 1:colcon.colcon_core.package_identification:_identify(.) by extension 'ignore_ament_install'
[0.250s] Level 1:colcon.colcon_core.package_identification:_identify(.) by extensions ['colcon_pkg']
[0.250s] Level 1:colcon.colcon_core.package_identification:_identify(.) by extension 'colcon_pkg'
[0.250s] Level 1:colcon.colcon_core.package_identification:_identify(.) by extensions ['colcon_meta']
[0.250s] Level 1:colcon.colcon_core.package_identification:_identify(.) by extension 'colcon_meta'
[0.250s] Level 1:colcon.colcon_core.package_identification:_identify(.) by extensions ['ros']
[0.250s] Level 1:colcon.colcon_core.package_identification:_identify(.) by extension 'ros'
[0.300s] DEBUG:colcon.colcon_core.package_identification:Package '.' with type 'ros.ament_python' and name 'scan_to_pointcloud'
[0.300s] Level 1:colcon.colcon_core.package_discovery:discover_packages(recursive) using defaults
[0.300s] Level 1:colcon.colcon_core.package_discovery:discover_packages(ignore) discover
[0.300s] Level 1:colcon.colcon_core.package_discovery:discover_packages(ignore) using defaults
[0.300s] Level 1:colcon.colcon_core.package_discovery:discover_packages(path) discover
[0.300s] Level 1:colcon.colcon_core.package_discovery:discover_packages(path) using defaults
[0.328s] Level 1:colcon.colcon_core.package_discovery:discover_packages(prefix_path) check parameters
[0.328s] Level 1:colcon.colcon_core.package_discovery:discover_packages(prefix_path) discover
[0.329s] WARNING:colcon.colcon_ros.prefix_path.ament:The path '/home/p/ros2_ws/install/scan_to_pointcloud' in the environment variable AMENT_PREFIX_PATH doesn't exist
[0.332s] DEBUG:colcon.colcon_installed_package_information.package_discovery:Found 12 installed packages in /home/p/ros2_ws/install
[0.332s] DEBUG:colcon.colcon_installed_package_information.package_discovery:Found 3 installed packages in /home/p/rs2_ws/install
[0.335s] DEBUG:colcon.colcon_installed_package_information.package_discovery:Found 402 installed packages in /opt/ros/jazzy
[0.338s] Level 1:colcon.colcon_core.package_discovery:discover_packages(prefix_path) using defaults
[0.430s] Level 5:colcon.colcon_core.verb:set package 'scan_to_pointcloud' build argument 'cmake_args' from command line to 'None'
[0.431s] Level 5:colcon.colcon_core.verb:set package 'scan_to_pointcloud' build argument 'cmake_target' from command line to 'None'
[0.431s] Level 5:colcon.colcon_core.verb:set package 'scan_to_pointcloud' build argument 'cmake_target_skip_unavailable' from command line to 'False'
[0.431s] Level 5:colcon.colcon_core.verb:set package 'scan_to_pointcloud' build argument 'cmake_clean_cache' from command line to 'False'
[0.431s] Level 5:colcon.colcon_core.verb:set package 'scan_to_pointcloud' build argument 'cmake_clean_first' from command line to 'False'
[0.431s] Level 5:colcon.colcon_core.verb:set package 'scan_to_pointcloud' build argument 'cmake_force_configure' from command line to 'False'
[0.431s] Level 5:colcon.colcon_core.verb:set package 'scan_to_pointcloud' build argument 'ament_cmake_args' from command line to 'None'
[0.431s] Level 5:colcon.colcon_core.verb:set package 'scan_to_pointcloud' build argument 'catkin_cmake_args' from command line to 'None'
[0.431s] Level 5:colcon.colcon_core.verb:set package 'scan_to_pointcloud' build argument 'catkin_skip_building_tests' from command line to 'False'
[0.431s] DEBUG:colcon.colcon_core.verb:Building package 'scan_to_pointcloud' with the following arguments: {'ament_cmake_args': None, 'build_base': '/home/p/ros2_ws/src/scan_to_pointcloud/build/scan_to_pointcloud', 'catkin_cmake_args': None, 'catkin_skip_building_tests': False, 'cmake_args': None, 'cmake_clean_cache': False, 'cmake_clean_first': False, 'cmake_force_configure': False, 'cmake_target': None, 'cmake_target_skip_unavailable': False, 'install_base': '/home/p/ros2_ws/src/scan_to_pointcloud/install/scan_to_pointcloud', 'merge_install': False, 'path': '/home/p/ros2_ws/src/scan_to_pointcloud', 'symlink_install': True, 'test_result_base': None}
[0.431s] INFO:colcon.colcon_core.executor:Executing jobs using 'parallel' executor
[0.432s] DEBUG:colcon.colcon_parallel_executor.executor.parallel:run_until_complete
[0.433s] INFO:colcon.colcon_ros.task.ament_python.build:Building ROS package in '/home/p/ros2_ws/src/scan_to_pointcloud' with build type 'ament_python'
[0.433s] Level 1:colcon.colcon_core.shell:create_environment_hook('scan_to_pointcloud', 'ament_prefix_path')
[0.436s] INFO:colcon.colcon_core.plugin_system:Skipping extension 'colcon_core.shell.bat': Not used on non-Windows systems
[0.436s] INFO:colcon.colcon_core.shell:Creating environment hook '/home/p/ros2_ws/src/scan_to_pointcloud/install/scan_to_pointcloud/share/scan_to_pointcloud/hook/ament_prefix_path.ps1'
[0.438s] INFO:colcon.colcon_core.shell:Creating environment descriptor '/home/p/ros2_ws/src/scan_to_pointcloud/install/scan_to_pointcloud/share/scan_to_pointcloud/hook/ament_prefix_path.dsv'
[0.439s] INFO:colcon.colcon_core.shell:Creating environment hook '/home/p/ros2_ws/src/scan_to_pointcloud/install/scan_to_pointcloud/share/scan_to_pointcloud/hook/ament_prefix_path.sh'
[0.441s] INFO:colcon.colcon_core.shell:Skip shell extension 'powershell' for command environment: Not usable outside of PowerShell
[0.441s] DEBUG:colcon.colcon_core.shell:Skip shell extension 'dsv' for command environment
[0.908s] INFO:colcon.colcon_core.task.python.build:Building Python package in '/home/p/ros2_ws/src/scan_to_pointcloud'
[0.908s] INFO:colcon.colcon_core.shell:Skip shell extension 'powershell' for command environment: Not usable outside of PowerShell
[0.908s] DEBUG:colcon.colcon_core.shell:Skip shell extension 'dsv' for command environment
[2.064s] DEBUG:colcon.colcon_core.event_handler.log_command:Invoking command in '/home/p/ros2_ws/src/scan_to_pointcloud/build/scan_to_pointcloud': DEBUGINFOD_URLS=https://debuginfod.ubuntu.com PYTHONPATH=/home/p/ros2_ws/src/scan_to_pointcloud/build/scan_to_pointcloud/prefix_override:/usr/lib/python3/dist-packages/colcon_core/task/python/colcon_distutils_commands:/home/p/ros2_ws/src/scan_to_pointcloud/install/scan_to_pointcloud/lib/python3.12/site-packages:${PYTHONPATH} /usr/bin/python3 -W ignore:setup.py install is deprecated -W ignore:easy_install command is deprecated setup.py develop --editable --build-directory /home/p/ros2_ws/src/scan_to_pointcloud/build/scan_to_pointcloud/build --no-deps symlink_data
[2.817s] DEBUG:colcon.colcon_parallel_executor.executor.parallel:run_until_complete was interrupted
[2.817s] DEBUG:colcon.colcon_parallel_executor.executor.parallel:run_until_complete again
[2.906s] DEBUG:colcon.colcon_core.event_handler.log_command:Invoked command in '/home/p/ros2_ws/src/scan_to_pointcloud/build/scan_to_pointcloud' returned '1': DEBUGINFOD_URLS=https://debuginfod.ubuntu.com PYTHONPATH=/home/p/ros2_ws/src/scan_to_pointcloud/build/scan_to_pointcloud/prefix_override:/usr/lib/python3/dist-packages/colcon_core/task/python/colcon_distutils_commands:/home/p/ros2_ws/src/scan_to_pointcloud/install/scan_to_pointcloud/lib/python3.12/site-packages:${PYTHONPATH} /usr/bin/python3 -W ignore:setup.py install is deprecated -W ignore:easy_install command is deprecated setup.py develop --editable --build-directory /home/p/ros2_ws/src/scan_to_pointcloud/build/scan_to_pointcloud/build --no-deps symlink_data
[2.916s] DEBUG:colcon.colcon_parallel_executor.executor.parallel:run_until_complete finished
[2.916s] DEBUG:colcon.colcon_parallel_executor.executor.parallel:closing loop
[2.916s] DEBUG:colcon.colcon_parallel_executor.executor.parallel:loop closed
[2.917s] DEBUG:colcon.colcon_core.event_reactor:joining thread
[2.927s] INFO:colcon.colcon_core.plugin_system:Skipping extension 'colcon_notification.desktop_notification.terminal_notifier': Not used on non-Darwin systems
[2.927s] INFO:colcon.colcon_core.plugin_system:Skipping extension 'colcon_notification.desktop_notification.win32': Not used on non-Windows systems
[2.927s] INFO:colcon.colcon_notification.desktop_notification:Sending desktop notification using 'notify2'
[2.938s] DEBUG:colcon.colcon_core.event_reactor:joined thread
[2.939s] INFO:colcon.colcon_core.shell:Creating prefix script '/home/p/ros2_ws/src/scan_to_pointcloud/install/local_setup.ps1'
[2.940s] INFO:colcon.colcon_core.shell:Creating prefix util module '/home/p/ros2_ws/src/scan_to_pointcloud/install/_local_setup_util_ps1.py'
[2.943s] INFO:colcon.colcon_core.shell:Creating prefix chain script '/home/p/ros2_ws/src/scan_to_pointcloud/install/setup.ps1'
[2.945s] INFO:colcon.colcon_core.shell:Creating prefix script '/home/p/ros2_ws/src/scan_to_pointcloud/install/local_setup.sh'
[2.946s] INFO:colcon.colcon_core.shell:Creating prefix util module '/home/p/ros2_ws/src/scan_to_pointcloud/install/_local_setup_util_sh.py'
[2.947s] INFO:colcon.colcon_core.shell:Creating prefix chain script '/home/p/ros2_ws/src/scan_to_pointcloud/install/setup.sh'
[2.951s] INFO:colcon.colcon_core.shell:Creating prefix script '/home/p/ros2_ws/src/scan_to_pointcloud/install/local_setup.bash'
[2.952s] INFO:colcon.colcon_core.shell:Creating prefix chain script '/home/p/ros2_ws/src/scan_to_pointcloud/install/setup.bash'
[2.955s] INFO:colcon.colcon_core.shell:Creating prefix script '/home/p/ros2_ws/src/scan_to_pointcloud/install/local_setup.zsh'
[2.956s] INFO:colcon.colcon_core.shell:Creating prefix chain script '/home/p/ros2_ws/src/scan_to_pointcloud/install/setup.zsh'
