[0.389s] DEBUG:colcon:Command line arguments: ['/usr/bin/colcon', 'build', '--packages-up-to', 'spark_fast_lio']
[0.390s] DEBUG:colcon:Parsed command line arguments: Namespace(log_base=None, log_level=None, verb_name='build', build_base='build', install_base='install', merge_install=False, symlink_install=False, test_result_base=None, continue_on_error=False, executor='parallel', parallel_workers=4, event_handlers=None, ignore_user_meta=False, metas=['./colcon.meta'], base_paths=['.'], packages_ignore=None, packages_ignore_regex=None, paths=None, packages_up_to=['spark_fast_lio'], packages_up_to_regex=None, packages_above=None, packages_above_and_dependencies=None, packages_above_depth=None, packages_select_by_dep=None, packages_skip_by_dep=None, packages_skip_up_to=None, packages_select_build_failed=False, packages_skip_build_finished=False, packages_select_test_failures=False, packages_skip_test_passed=False, packages_select=None, packages_skip=None, packages_select_regex=None, packages_skip_regex=None, packages_start=None, packages_end=None, allow_overriding=[], cmake_args=None, cmake_target=None, cmake_target_skip_unavailable=False, cmake_clean_cache=False, cmake_clean_first=False, cmake_force_configure=False, ament_cmake_args=None, catkin_cmake_args=None, catkin_skip_building_tests=False, mixin_files=None, mixin=None, verb_parser=<colcon_mixin.mixin.mixin_argument.MixinArgumentDecorator object at 0xffff99c8eab0>, verb_extension=<colcon_core.verb.build.BuildVerb object at 0xffff99be0170>, main=<bound method BuildVerb.main of <colcon_core.verb.build.BuildVerb object at 0xffff99be0170>>, mixin_verb=('build',))
[0.607s] Level 1:colcon.colcon_core.package_discovery:discover_packages(colcon_meta) check parameters
[0.607s] Level 1:colcon.colcon_core.package_discovery:discover_packages(recursive) check parameters
[0.607s] Level 1:colcon.colcon_core.package_discovery:discover_packages(ignore) check parameters
[0.607s] Level 1:colcon.colcon_core.package_discovery:discover_packages(path) check parameters
[0.607s] Level 1:colcon.colcon_core.package_discovery:discover_packages(colcon_meta) discover
[0.607s] Level 1:colcon.colcon_core.package_discovery:discover_packages(recursive) discover
[0.607s] INFO:colcon.colcon_core.package_discovery:Crawling recursively for packages in '/home/p/ros2_ws/src'
[0.608s] Level 1:colcon.colcon_core.package_identification:_identify(.) by extensions ['ignore', 'ignore_ament_install']
[0.608s] Level 1:colcon.colcon_core.package_identification:_identify(.) by extension 'ignore'
[0.608s] Level 1:colcon.colcon_core.package_identification:_identify(.) by extension 'ignore_ament_install'
[0.608s] Level 1:colcon.colcon_core.package_identification:_identify(.) by extensions ['colcon_pkg']
[0.608s] Level 1:colcon.colcon_core.package_identification:_identify(.) by extension 'colcon_pkg'
[0.608s] Level 1:colcon.colcon_core.package_identification:_identify(.) by extensions ['colcon_meta']
[0.608s] Level 1:colcon.colcon_core.package_identification:_identify(.) by extension 'colcon_meta'
[0.609s] Level 1:colcon.colcon_core.package_identification:_identify(.) by extensions ['ros']
[0.609s] Level 1:colcon.colcon_core.package_identification:_identify(.) by extension 'ros'
[0.701s] Level 1:colcon.colcon_core.package_identification:_identify(.) by extensions ['cmake', 'python']
[0.701s] Level 1:colcon.colcon_core.package_identification:_identify(.) by extension 'cmake'
[0.701s] Level 1:colcon.colcon_core.package_identification:_identify(.) by extension 'python'
[0.702s] Level 1:colcon.colcon_core.package_identification:_identify(.) by extensions ['python_setup_py']
[0.702s] Level 1:colcon.colcon_core.package_identification:_identify(.) by extension 'python_setup_py'
[0.702s] Level 1:colcon.colcon_core.package_identification:_identify(LIO-SAM) by extensions ['ignore', 'ignore_ament_install']
[0.702s] Level 1:colcon.colcon_core.package_identification:_identify(LIO-SAM) by extension 'ignore'
[0.702s] Level 1:colcon.colcon_core.package_identification:_identify(LIO-SAM) by extension 'ignore_ament_install'
[0.704s] Level 1:colcon.colcon_core.package_identification:_identify(LIO-SAM) by extensions ['colcon_pkg']
[0.705s] Level 1:colcon.colcon_core.package_identification:_identify(LIO-SAM) by extension 'colcon_pkg'
[0.706s] Level 1:colcon.colcon_core.package_identification:_identify(LIO-SAM) by extensions ['colcon_meta']
[0.706s] Level 1:colcon.colcon_core.package_identification:_identify(LIO-SAM) by extension 'colcon_meta'
[0.706s] Level 1:colcon.colcon_core.package_identification:_identify(LIO-SAM) by extensions ['ros']
[0.707s] Level 1:colcon.colcon_core.package_identification:_identify(LIO-SAM) by extension 'ros'
[0.713s] DEBUG:colcon.colcon_core.package_identification:Package 'LIO-SAM' with type 'ros.ament_cmake' and name 'lio_sam'
[0.713s] Level 1:colcon.colcon_core.package_identification:_identify(arigato) by extensions ['ignore', 'ignore_ament_install']
[0.714s] Level 1:colcon.colcon_core.package_identification:_identify(arigato) by extension 'ignore'
[0.714s] Level 1:colcon.colcon_core.package_identification:_identify(arigato) by extension 'ignore_ament_install'
[0.714s] Level 1:colcon.colcon_core.package_identification:_identify(arigato) by extensions ['colcon_pkg']
[0.714s] Level 1:colcon.colcon_core.package_identification:_identify(arigato) by extension 'colcon_pkg'
[0.715s] Level 1:colcon.colcon_core.package_identification:_identify(arigato) by extensions ['colcon_meta']
[0.715s] Level 1:colcon.colcon_core.package_identification:_identify(arigato) by extension 'colcon_meta'
[0.715s] Level 1:colcon.colcon_core.package_identification:_identify(arigato) by extensions ['ros']
[0.715s] Level 1:colcon.colcon_core.package_identification:_identify(arigato) by extension 'ros'
[0.715s] Level 1:colcon.colcon_core.package_identification:_identify(arigato) by extensions ['cmake', 'python']
[0.716s] Level 1:colcon.colcon_core.package_identification:_identify(arigato) by extension 'cmake'
[0.719s] Level 1:colcon.colcon_core.package_identification:_identify(arigato) by extension 'python'
[0.719s] Level 1:colcon.colcon_core.package_identification:_identify(arigato) by extensions ['python_setup_py']
[0.719s] Level 1:colcon.colcon_core.package_identification:_identify(arigato) by extension 'python_setup_py'
[0.720s] Level 1:colcon.colcon_core.package_identification:_identify(build) by extensions ['ignore', 'ignore_ament_install']
[0.720s] Level 1:colcon.colcon_core.package_identification:_identify(build) by extension 'ignore'
[0.721s] Level 1:colcon.colcon_core.package_identification:_identify(build) ignored
[0.722s] Level 1:colcon.colcon_core.package_identification:_identify(calib) by extensions ['ignore', 'ignore_ament_install']
[0.723s] Level 1:colcon.colcon_core.package_identification:_identify(calib) by extension 'ignore'
[0.724s] Level 1:colcon.colcon_core.package_identification:_identify(calib) by extension 'ignore_ament_install'
[0.725s] Level 1:colcon.colcon_core.package_identification:_identify(calib) by extensions ['colcon_pkg']
[0.726s] Level 1:colcon.colcon_core.package_identification:_identify(calib) by extension 'colcon_pkg'
[0.726s] Level 1:colcon.colcon_core.package_identification:_identify(calib) by extensions ['colcon_meta']
[0.727s] Level 1:colcon.colcon_core.package_identification:_identify(calib) by extension 'colcon_meta'
[0.727s] Level 1:colcon.colcon_core.package_identification:_identify(calib) by extensions ['ros']
[0.727s] Level 1:colcon.colcon_core.package_identification:_identify(calib) by extension 'ros'
[0.728s] Level 1:colcon.colcon_core.package_identification:_identify(calib) by extensions ['cmake', 'python']
[0.728s] Level 1:colcon.colcon_core.package_identification:_identify(calib) by extension 'cmake'
[0.728s] Level 1:colcon.colcon_core.package_identification:_identify(calib) by extension 'python'
[0.728s] Level 1:colcon.colcon_core.package_identification:_identify(calib) by extensions ['python_setup_py']
[0.728s] Level 1:colcon.colcon_core.package_identification:_identify(calib) by extension 'python_setup_py'
[0.728s] Level 1:colcon.colcon_core.package_identification:_identify(cartographer) by extensions ['ignore', 'ignore_ament_install']
[0.728s] Level 1:colcon.colcon_core.package_identification:_identify(cartographer) by extension 'ignore'
[0.729s] Level 1:colcon.colcon_core.package_identification:_identify(cartographer) by extension 'ignore_ament_install'
[0.729s] Level 1:colcon.colcon_core.package_identification:_identify(cartographer) by extensions ['colcon_pkg']
[0.729s] Level 1:colcon.colcon_core.package_identification:_identify(cartographer) by extension 'colcon_pkg'
[0.729s] Level 1:colcon.colcon_core.package_identification:_identify(cartographer) by extensions ['colcon_meta']
[0.729s] Level 1:colcon.colcon_core.package_identification:_identify(cartographer) by extension 'colcon_meta'
[0.729s] Level 1:colcon.colcon_core.package_identification:_identify(cartographer) by extensions ['ros']
[0.729s] Level 1:colcon.colcon_core.package_identification:_identify(cartographer) by extension 'ros'
[0.733s] DEBUG:colcon.colcon_core.package_identification:Package 'cartographer' with type 'ros.cmake' and name 'cartographer'
[0.734s] Level 1:colcon.colcon_core.package_identification:_identify(cartographer_ros) by extensions ['ignore', 'ignore_ament_install']
[0.734s] Level 1:colcon.colcon_core.package_identification:_identify(cartographer_ros) by extension 'ignore'
[0.734s] Level 1:colcon.colcon_core.package_identification:_identify(cartographer_ros) by extension 'ignore_ament_install'
[0.735s] Level 1:colcon.colcon_core.package_identification:_identify(cartographer_ros) by extensions ['colcon_pkg']
[0.735s] Level 1:colcon.colcon_core.package_identification:_identify(cartographer_ros) by extension 'colcon_pkg'
[0.735s] Level 1:colcon.colcon_core.package_identification:_identify(cartographer_ros) by extensions ['colcon_meta']
[0.735s] Level 1:colcon.colcon_core.package_identification:_identify(cartographer_ros) by extension 'colcon_meta'
[0.736s] Level 1:colcon.colcon_core.package_identification:_identify(cartographer_ros) by extensions ['ros']
[0.736s] Level 1:colcon.colcon_core.package_identification:_identify(cartographer_ros) by extension 'ros'
[0.736s] Level 1:colcon.colcon_core.package_identification:_identify(cartographer_ros) by extensions ['cmake', 'python']
[0.736s] Level 1:colcon.colcon_core.package_identification:_identify(cartographer_ros) by extension 'cmake'
[0.737s] Level 1:colcon.colcon_core.package_identification:_identify(cartographer_ros) by extension 'python'
[0.737s] Level 1:colcon.colcon_core.package_identification:_identify(cartographer_ros) by extensions ['python_setup_py']
[0.737s] Level 1:colcon.colcon_core.package_identification:_identify(cartographer_ros) by extension 'python_setup_py'
[0.738s] Level 1:colcon.colcon_core.package_identification:_identify(cartographer_ros/cartographer_ros) by extensions ['ignore', 'ignore_ament_install']
[0.738s] Level 1:colcon.colcon_core.package_identification:_identify(cartographer_ros/cartographer_ros) by extension 'ignore'
[0.739s] Level 1:colcon.colcon_core.package_identification:_identify(cartographer_ros/cartographer_ros) by extension 'ignore_ament_install'
[0.739s] Level 1:colcon.colcon_core.package_identification:_identify(cartographer_ros/cartographer_ros) by extensions ['colcon_pkg']
[0.740s] Level 1:colcon.colcon_core.package_identification:_identify(cartographer_ros/cartographer_ros) by extension 'colcon_pkg'
[0.740s] Level 1:colcon.colcon_core.package_identification:_identify(cartographer_ros/cartographer_ros) by extensions ['colcon_meta']
[0.740s] Level 1:colcon.colcon_core.package_identification:_identify(cartographer_ros/cartographer_ros) by extension 'colcon_meta'
[0.740s] Level 1:colcon.colcon_core.package_identification:_identify(cartographer_ros/cartographer_ros) by extensions ['ros']
[0.740s] Level 1:colcon.colcon_core.package_identification:_identify(cartographer_ros/cartographer_ros) by extension 'ros'
[0.744s] DEBUG:colcon.colcon_core.package_identification:Package 'cartographer_ros/cartographer_ros' with type 'ros.ament_cmake' and name 'cartographer_ros'
[0.745s] Level 1:colcon.colcon_core.package_identification:_identify(cartographer_ros/cartographer_ros_msgs) by extensions ['ignore', 'ignore_ament_install']
[0.745s] Level 1:colcon.colcon_core.package_identification:_identify(cartographer_ros/cartographer_ros_msgs) by extension 'ignore'
[0.746s] Level 1:colcon.colcon_core.package_identification:_identify(cartographer_ros/cartographer_ros_msgs) by extension 'ignore_ament_install'
[0.746s] Level 1:colcon.colcon_core.package_identification:_identify(cartographer_ros/cartographer_ros_msgs) by extensions ['colcon_pkg']
[0.746s] Level 1:colcon.colcon_core.package_identification:_identify(cartographer_ros/cartographer_ros_msgs) by extension 'colcon_pkg'
[0.747s] Level 1:colcon.colcon_core.package_identification:_identify(cartographer_ros/cartographer_ros_msgs) by extensions ['colcon_meta']
[0.747s] Level 1:colcon.colcon_core.package_identification:_identify(cartographer_ros/cartographer_ros_msgs) by extension 'colcon_meta'
[0.747s] Level 1:colcon.colcon_core.package_identification:_identify(cartographer_ros/cartographer_ros_msgs) by extensions ['ros']
[0.747s] Level 1:colcon.colcon_core.package_identification:_identify(cartographer_ros/cartographer_ros_msgs) by extension 'ros'
[0.749s] DEBUG:colcon.colcon_core.package_identification:Package 'cartographer_ros/cartographer_ros_msgs' with type 'ros.ament_cmake' and name 'cartographer_ros_msgs'
[0.749s] Level 1:colcon.colcon_core.package_identification:_identify(cartographer_ros/cartographer_rviz) by extensions ['ignore', 'ignore_ament_install']
[0.749s] Level 1:colcon.colcon_core.package_identification:_identify(cartographer_ros/cartographer_rviz) by extension 'ignore'
[0.750s] Level 1:colcon.colcon_core.package_identification:_identify(cartographer_ros/cartographer_rviz) by extension 'ignore_ament_install'
[0.750s] Level 1:colcon.colcon_core.package_identification:_identify(cartographer_ros/cartographer_rviz) by extensions ['colcon_pkg']
[0.750s] Level 1:colcon.colcon_core.package_identification:_identify(cartographer_ros/cartographer_rviz) by extension 'colcon_pkg'
[0.750s] Level 1:colcon.colcon_core.package_identification:_identify(cartographer_ros/cartographer_rviz) by extensions ['colcon_meta']
[0.751s] Level 1:colcon.colcon_core.package_identification:_identify(cartographer_ros/cartographer_rviz) by extension 'colcon_meta'
[0.751s] Level 1:colcon.colcon_core.package_identification:_identify(cartographer_ros/cartographer_rviz) by extensions ['ros']
[0.751s] Level 1:colcon.colcon_core.package_identification:_identify(cartographer_ros/cartographer_rviz) by extension 'ros'
[0.754s] DEBUG:colcon.colcon_core.package_identification:Package 'cartographer_ros/cartographer_rviz' with type 'ros.ament_cmake' and name 'cartographer_rviz'
[0.755s] Level 1:colcon.colcon_core.package_identification:_identify(cartographer_ros/docs) by extensions ['ignore', 'ignore_ament_install']
[0.755s] Level 1:colcon.colcon_core.package_identification:_identify(cartographer_ros/docs) by extension 'ignore'
[0.755s] Level 1:colcon.colcon_core.package_identification:_identify(cartographer_ros/docs) ignored
[0.756s] Level 1:colcon.colcon_core.package_identification:_identify(cartographer_ros/scripts) by extensions ['ignore', 'ignore_ament_install']
[0.756s] Level 1:colcon.colcon_core.package_identification:_identify(cartographer_ros/scripts) by extension 'ignore'
[0.756s] Level 1:colcon.colcon_core.package_identification:_identify(cartographer_ros/scripts) by extension 'ignore_ament_install'
[0.757s] Level 1:colcon.colcon_core.package_identification:_identify(cartographer_ros/scripts) by extensions ['colcon_pkg']
[0.758s] Level 1:colcon.colcon_core.package_identification:_identify(cartographer_ros/scripts) by extension 'colcon_pkg'
[0.759s] Level 1:colcon.colcon_core.package_identification:_identify(cartographer_ros/scripts) by extensions ['colcon_meta']
[0.760s] Level 1:colcon.colcon_core.package_identification:_identify(cartographer_ros/scripts) by extension 'colcon_meta'
[0.761s] Level 1:colcon.colcon_core.package_identification:_identify(cartographer_ros/scripts) by extensions ['ros']
[0.761s] Level 1:colcon.colcon_core.package_identification:_identify(cartographer_ros/scripts) by extension 'ros'
[0.762s] Level 1:colcon.colcon_core.package_identification:_identify(cartographer_ros/scripts) by extensions ['cmake', 'python']
[0.762s] Level 1:colcon.colcon_core.package_identification:_identify(cartographer_ros/scripts) by extension 'cmake'
[0.762s] Level 1:colcon.colcon_core.package_identification:_identify(cartographer_ros/scripts) by extension 'python'
[0.763s] Level 1:colcon.colcon_core.package_identification:_identify(cartographer_ros/scripts) by extensions ['python_setup_py']
[0.763s] Level 1:colcon.colcon_core.package_identification:_identify(cartographer_ros/scripts) by extension 'python_setup_py'
[0.763s] Level 1:colcon.colcon_core.package_identification:_identify(cpp_package) by extensions ['ignore', 'ignore_ament_install']
[0.763s] Level 1:colcon.colcon_core.package_identification:_identify(cpp_package) by extension 'ignore'
[0.765s] Level 1:colcon.colcon_core.package_identification:_identify(cpp_package) by extension 'ignore_ament_install'
[0.765s] Level 1:colcon.colcon_core.package_identification:_identify(cpp_package) by extensions ['colcon_pkg']
[0.767s] Level 1:colcon.colcon_core.package_identification:_identify(cpp_package) by extension 'colcon_pkg'
[0.767s] Level 1:colcon.colcon_core.package_identification:_identify(cpp_package) by extensions ['colcon_meta']
[0.767s] Level 1:colcon.colcon_core.package_identification:_identify(cpp_package) by extension 'colcon_meta'
[0.767s] Level 1:colcon.colcon_core.package_identification:_identify(cpp_package) by extensions ['ros']
[0.767s] Level 1:colcon.colcon_core.package_identification:_identify(cpp_package) by extension 'ros'
[0.772s] DEBUG:colcon.colcon_core.package_identification:Package 'cpp_package' with type 'ros.ament_cmake' and name 'cpp_package'
[0.772s] Level 1:colcon.colcon_core.package_identification:_identify(install) by extensions ['ignore', 'ignore_ament_install']
[0.772s] Level 1:colcon.colcon_core.package_identification:_identify(install) by extension 'ignore'
[0.773s] Level 1:colcon.colcon_core.package_identification:_identify(install) ignored
[0.773s] Level 1:colcon.colcon_core.package_identification:_identify(lidar_icp_odometry) by extensions ['ignore', 'ignore_ament_install']
[0.773s] Level 1:colcon.colcon_core.package_identification:_identify(lidar_icp_odometry) by extension 'ignore'
[0.773s] Level 1:colcon.colcon_core.package_identification:_identify(lidar_icp_odometry) by extension 'ignore_ament_install'
[0.773s] Level 1:colcon.colcon_core.package_identification:_identify(lidar_icp_odometry) by extensions ['colcon_pkg']
[0.773s] Level 1:colcon.colcon_core.package_identification:_identify(lidar_icp_odometry) by extension 'colcon_pkg'
[0.773s] Level 1:colcon.colcon_core.package_identification:_identify(lidar_icp_odometry) by extensions ['colcon_meta']
[0.773s] Level 1:colcon.colcon_core.package_identification:_identify(lidar_icp_odometry) by extension 'colcon_meta'
[0.773s] Level 1:colcon.colcon_core.package_identification:_identify(lidar_icp_odometry) by extensions ['ros']
[0.774s] Level 1:colcon.colcon_core.package_identification:_identify(lidar_icp_odometry) by extension 'ros'
[0.775s] DEBUG:colcon.colcon_core.package_identification:Package 'lidar_icp_odometry' with type 'ros.ament_python' and name 'lidar_icp_odometry'
[0.775s] Level 1:colcon.colcon_core.package_identification:_identify(log) by extensions ['ignore', 'ignore_ament_install']
[0.775s] Level 1:colcon.colcon_core.package_identification:_identify(log) by extension 'ignore'
[0.775s] Level 1:colcon.colcon_core.package_identification:_identify(log) ignored
[0.775s] Level 1:colcon.colcon_core.package_identification:_identify(mpu9250) by extensions ['ignore', 'ignore_ament_install']
[0.776s] Level 1:colcon.colcon_core.package_identification:_identify(mpu9250) by extension 'ignore'
[0.776s] Level 1:colcon.colcon_core.package_identification:_identify(mpu9250) by extension 'ignore_ament_install'
[0.776s] Level 1:colcon.colcon_core.package_identification:_identify(mpu9250) by extensions ['colcon_pkg']
[0.776s] Level 1:colcon.colcon_core.package_identification:_identify(mpu9250) by extension 'colcon_pkg'
[0.776s] Level 1:colcon.colcon_core.package_identification:_identify(mpu9250) by extensions ['colcon_meta']
[0.776s] Level 1:colcon.colcon_core.package_identification:_identify(mpu9250) by extension 'colcon_meta'
[0.776s] Level 1:colcon.colcon_core.package_identification:_identify(mpu9250) by extensions ['ros']
[0.776s] Level 1:colcon.colcon_core.package_identification:_identify(mpu9250) by extension 'ros'
[0.778s] DEBUG:colcon.colcon_core.package_identification:Package 'mpu9250' with type 'ros.ament_python' and name 'mpu9250'
[0.778s] Level 1:colcon.colcon_core.package_identification:_identify(sllidar_ros2) by extensions ['ignore', 'ignore_ament_install']
[0.779s] Level 1:colcon.colcon_core.package_identification:_identify(sllidar_ros2) by extension 'ignore'
[0.779s] Level 1:colcon.colcon_core.package_identification:_identify(sllidar_ros2) by extension 'ignore_ament_install'
[0.780s] Level 1:colcon.colcon_core.package_identification:_identify(sllidar_ros2) by extensions ['colcon_pkg']
[0.780s] Level 1:colcon.colcon_core.package_identification:_identify(sllidar_ros2) by extension 'colcon_pkg'
[0.780s] Level 1:colcon.colcon_core.package_identification:_identify(sllidar_ros2) by extensions ['colcon_meta']
[0.780s] Level 1:colcon.colcon_core.package_identification:_identify(sllidar_ros2) by extension 'colcon_meta'
[0.780s] Level 1:colcon.colcon_core.package_identification:_identify(sllidar_ros2) by extensions ['ros']
[0.781s] Level 1:colcon.colcon_core.package_identification:_identify(sllidar_ros2) by extension 'ros'
[0.782s] DEBUG:colcon.colcon_core.package_identification:Package 'sllidar_ros2' with type 'ros.ament_cmake' and name 'sllidar_ros2'
[0.783s] Level 1:colcon.colcon_core.package_identification:_identify(spark-fast-lio) by extensions ['ignore', 'ignore_ament_install']
[0.783s] Level 1:colcon.colcon_core.package_identification:_identify(spark-fast-lio) by extension 'ignore'
[0.784s] Level 1:colcon.colcon_core.package_identification:_identify(spark-fast-lio) by extension 'ignore_ament_install'
[0.784s] Level 1:colcon.colcon_core.package_identification:_identify(spark-fast-lio) by extensions ['colcon_pkg']
[0.784s] Level 1:colcon.colcon_core.package_identification:_identify(spark-fast-lio) by extension 'colcon_pkg'
[0.784s] Level 1:colcon.colcon_core.package_identification:_identify(spark-fast-lio) by extensions ['colcon_meta']
[0.785s] Level 1:colcon.colcon_core.package_identification:_identify(spark-fast-lio) by extension 'colcon_meta'
[0.785s] Level 1:colcon.colcon_core.package_identification:_identify(spark-fast-lio) by extensions ['ros']
[0.785s] Level 1:colcon.colcon_core.package_identification:_identify(spark-fast-lio) by extension 'ros'
[0.787s] Level 1:colcon.colcon_core.package_identification:_identify(spark-fast-lio) by extensions ['cmake', 'python']
[0.787s] Level 1:colcon.colcon_core.package_identification:_identify(spark-fast-lio) by extension 'cmake'
[0.787s] Level 1:colcon.colcon_core.package_identification:_identify(spark-fast-lio) by extension 'python'
[0.787s] Level 1:colcon.colcon_core.package_identification:_identify(spark-fast-lio) by extensions ['python_setup_py']
[0.787s] Level 1:colcon.colcon_core.package_identification:_identify(spark-fast-lio) by extension 'python_setup_py'
[0.788s] Level 1:colcon.colcon_core.package_identification:_identify(spark-fast-lio/spark_fast_lio) by extensions ['ignore', 'ignore_ament_install']
[0.789s] Level 1:colcon.colcon_core.package_identification:_identify(spark-fast-lio/spark_fast_lio) by extension 'ignore'
[0.790s] Level 1:colcon.colcon_core.package_identification:_identify(spark-fast-lio/spark_fast_lio) by extension 'ignore_ament_install'
[0.790s] Level 1:colcon.colcon_core.package_identification:_identify(spark-fast-lio/spark_fast_lio) by extensions ['colcon_pkg']
[0.791s] Level 1:colcon.colcon_core.package_identification:_identify(spark-fast-lio/spark_fast_lio) by extension 'colcon_pkg'
[0.791s] Level 1:colcon.colcon_core.package_identification:_identify(spark-fast-lio/spark_fast_lio) by extensions ['colcon_meta']
[0.792s] Level 1:colcon.colcon_core.package_identification:_identify(spark-fast-lio/spark_fast_lio) by extension 'colcon_meta'
[0.793s] Level 1:colcon.colcon_core.package_identification:_identify(spark-fast-lio/spark_fast_lio) by extensions ['ros']
[0.793s] Level 1:colcon.colcon_core.package_identification:_identify(spark-fast-lio/spark_fast_lio) by extension 'ros'
[0.797s] DEBUG:colcon.colcon_core.package_identification:Package 'spark-fast-lio/spark_fast_lio' with type 'ros.ament_cmake' and name 'spark_fast_lio'
[0.797s] Level 1:colcon.colcon_core.package_identification:_identify(sweep_builder) by extensions ['ignore', 'ignore_ament_install']
[0.798s] Level 1:colcon.colcon_core.package_identification:_identify(sweep_builder) by extension 'ignore'
[0.798s] Level 1:colcon.colcon_core.package_identification:_identify(sweep_builder) by extension 'ignore_ament_install'
[0.798s] Level 1:colcon.colcon_core.package_identification:_identify(sweep_builder) by extensions ['colcon_pkg']
[0.798s] Level 1:colcon.colcon_core.package_identification:_identify(sweep_builder) by extension 'colcon_pkg'
[0.798s] Level 1:colcon.colcon_core.package_identification:_identify(sweep_builder) by extensions ['colcon_meta']
[0.798s] Level 1:colcon.colcon_core.package_identification:_identify(sweep_builder) by extension 'colcon_meta'
[0.799s] Level 1:colcon.colcon_core.package_identification:_identify(sweep_builder) by extensions ['ros']
[0.799s] Level 1:colcon.colcon_core.package_identification:_identify(sweep_builder) by extension 'ros'
[0.800s] DEBUG:colcon.colcon_core.package_identification:Package 'sweep_builder' with type 'ros.ament_python' and name 'sweep_builder'
[0.800s] Level 1:colcon.colcon_core.package_discovery:discover_packages(recursive) using defaults
[0.800s] Level 1:colcon.colcon_core.package_discovery:discover_packages(ignore) discover
[0.800s] Level 1:colcon.colcon_core.package_discovery:discover_packages(ignore) using defaults
[0.800s] Level 1:colcon.colcon_core.package_discovery:discover_packages(path) discover
[0.800s] Level 1:colcon.colcon_core.package_discovery:discover_packages(path) using defaults
[0.865s] INFO:colcon.colcon_core.package_selection:Skipping package 'cartographer_rviz' in 'cartographer_ros/cartographer_rviz'
[0.866s] INFO:colcon.colcon_core.package_selection:Skipping package 'cartographer_ros' in 'cartographer_ros/cartographer_ros'
[0.866s] INFO:colcon.colcon_core.package_selection:Skipping package 'sweep_builder' in 'sweep_builder'
[0.866s] INFO:colcon.colcon_core.package_selection:Skipping package 'sllidar_ros2' in 'sllidar_ros2'
[0.867s] INFO:colcon.colcon_core.package_selection:Skipping package 'mpu9250' in 'mpu9250'
[0.867s] INFO:colcon.colcon_core.package_selection:Skipping package 'lio_sam' in 'LIO-SAM'
[0.867s] INFO:colcon.colcon_core.package_selection:Skipping package 'lidar_icp_odometry' in 'lidar_icp_odometry'
[0.867s] INFO:colcon.colcon_core.package_selection:Skipping package 'cpp_package' in 'cpp_package'
[0.867s] INFO:colcon.colcon_core.package_selection:Skipping package 'cartographer_ros_msgs' in 'cartographer_ros/cartographer_ros_msgs'
[0.867s] INFO:colcon.colcon_core.package_selection:Skipping package 'cartographer' in 'cartographer'
[0.868s] Level 1:colcon.colcon_core.package_discovery:discover_packages(prefix_path) check parameters
[0.868s] Level 1:colcon.colcon_core.package_discovery:discover_packages(prefix_path) discover
[0.870s] WARNING:colcon.colcon_core.prefix_path.colcon:The path '/home/p/rs2_ws/install' in the environment variable COLCON_PREFIX_PATH doesn't exist
[0.874s] WARNING:colcon.colcon_ros.prefix_path.ament:The path '/home/p/rs2_ws/install/realsense2_description' in the environment variable AMENT_PREFIX_PATH doesn't exist
[0.875s] WARNING:colcon.colcon_ros.prefix_path.ament:The path '/home/p/rs2_ws/install/realsense2_camera' in the environment variable AMENT_PREFIX_PATH doesn't exist
[0.875s] WARNING:colcon.colcon_ros.prefix_path.ament:The path '/home/p/rs2_ws/install/realsense2_camera_msgs' in the environment variable AMENT_PREFIX_PATH doesn't exist
[0.878s] WARNING:colcon.colcon_ros.prefix_path.catkin:The path '/home/p/rs2_ws/install/realsense2_description' in the environment variable CMAKE_PREFIX_PATH doesn't exist
[0.878s] WARNING:colcon.colcon_ros.prefix_path.catkin:The path '/home/p/rs2_ws/install/realsense2_camera' in the environment variable CMAKE_PREFIX_PATH doesn't exist
[0.879s] WARNING:colcon.colcon_ros.prefix_path.catkin:The path '/home/p/rs2_ws/install/realsense2_camera_msgs' in the environment variable CMAKE_PREFIX_PATH doesn't exist
[0.882s] DEBUG:colcon.colcon_installed_package_information.package_discovery:Found 8 installed packages in /home/p/install
[0.884s] DEBUG:colcon.colcon_installed_package_information.package_discovery:Found 18 installed packages in /home/p/ros2_ws/install
[0.891s] DEBUG:colcon.colcon_installed_package_information.package_discovery:Found 451 installed packages in /opt/ros/jazzy
[0.895s] Level 1:colcon.colcon_core.package_discovery:discover_packages(prefix_path) using defaults
[1.500s] Level 5:colcon.colcon_core.verb:set package 'spark_fast_lio' build argument 'cmake_args' from command line to 'None'
[1.500s] Level 5:colcon.colcon_core.verb:set package 'spark_fast_lio' build argument 'cmake_target' from command line to 'None'
[1.500s] Level 5:colcon.colcon_core.verb:set package 'spark_fast_lio' build argument 'cmake_target_skip_unavailable' from command line to 'False'
[1.500s] Level 5:colcon.colcon_core.verb:set package 'spark_fast_lio' build argument 'cmake_clean_cache' from command line to 'False'
[1.500s] Level 5:colcon.colcon_core.verb:set package 'spark_fast_lio' build argument 'cmake_clean_first' from command line to 'False'
[1.500s] Level 5:colcon.colcon_core.verb:set package 'spark_fast_lio' build argument 'cmake_force_configure' from command line to 'False'
[1.500s] Level 5:colcon.colcon_core.verb:set package 'spark_fast_lio' build argument 'ament_cmake_args' from command line to 'None'
[1.500s] Level 5:colcon.colcon_core.verb:set package 'spark_fast_lio' build argument 'catkin_cmake_args' from command line to 'None'
[1.501s] Level 5:colcon.colcon_core.verb:set package 'spark_fast_lio' build argument 'catkin_skip_building_tests' from command line to 'False'
[1.501s] DEBUG:colcon.colcon_core.verb:Building package 'spark_fast_lio' with the following arguments: {'ament_cmake_args': None, 'build_base': '/home/p/ros2_ws/src/build/spark_fast_lio', 'catkin_cmake_args': None, 'catkin_skip_building_tests': False, 'cmake_args': None, 'cmake_clean_cache': False, 'cmake_clean_first': False, 'cmake_force_configure': False, 'cmake_target': None, 'cmake_target_skip_unavailable': False, 'install_base': '/home/p/ros2_ws/src/install/spark_fast_lio', 'merge_install': False, 'path': '/home/p/ros2_ws/src/spark-fast-lio/spark_fast_lio', 'symlink_install': False, 'test_result_base': None}
[1.501s] INFO:colcon.colcon_core.executor:Executing jobs using 'parallel' executor
[1.504s] DEBUG:colcon.colcon_parallel_executor.executor.parallel:run_until_complete
[1.504s] INFO:colcon.colcon_ros.task.ament_cmake.build:Building ROS package in '/home/p/ros2_ws/src/spark-fast-lio/spark_fast_lio' with build type 'ament_cmake'
[1.504s] INFO:colcon.colcon_cmake.task.cmake.build:Building CMake package in '/home/p/ros2_ws/src/spark-fast-lio/spark_fast_lio'
[1.511s] INFO:colcon.colcon_core.plugin_system:Skipping extension 'colcon_core.shell.bat': Not used on non-Windows systems
[1.512s] INFO:colcon.colcon_core.shell:Skip shell extension 'powershell' for command environment: Not usable outside of PowerShell
[1.512s] DEBUG:colcon.colcon_core.shell:Skip shell extension 'dsv' for command environment
[1.549s] DEBUG:colcon.colcon_core.event_handler.log_command:Invoking command in '/home/p/ros2_ws/src/build/spark_fast_lio': CMAKE_PREFIX_PATH=${CMAKE_PREFIX_PATH}:/home/p/ros2_ws/install/my_python_package:/home/p/ros2_ws/install/sweep_builder:/home/p/ros2_ws/install/scan_to_pointcloud:/home/p/ros2_ws/install/mpu9250_py:/home/p/ros2_ws/install/mpu9250:/home/p/ros2_ws/install/mpu6050_py:/home/p/ros2_ws/install/lidar_imu_tf:/home/p/ros2_ws/install/lidar_imu_correction:/home/p/ros2_ws/install/lidar_icp_odometry:/opt/ros/jazzy DEBUGINFOD_URLS=https://debuginfod.ubuntu.com PS1=\[\e]0;\u@\h: \w\a\]${debian_chroot:+($debian_chroot)}\[\033[01;32m\]\u@\h\[\033[00m\]:\[\033[01;34m\]\w\[\033[00m\]\$ /usr/bin/cmake /home/p/ros2_ws/src/spark-fast-lio/spark_fast_lio -DCMAKE_INSTALL_PREFIX=/home/p/ros2_ws/src/install/spark_fast_lio
[26.335s] DEBUG:colcon.colcon_core.event_handler.log_command:Invoked command in '/home/p/ros2_ws/src/build/spark_fast_lio' returned '0': CMAKE_PREFIX_PATH=${CMAKE_PREFIX_PATH}:/home/p/ros2_ws/install/my_python_package:/home/p/ros2_ws/install/sweep_builder:/home/p/ros2_ws/install/scan_to_pointcloud:/home/p/ros2_ws/install/mpu9250_py:/home/p/ros2_ws/install/mpu9250:/home/p/ros2_ws/install/mpu6050_py:/home/p/ros2_ws/install/lidar_imu_tf:/home/p/ros2_ws/install/lidar_imu_correction:/home/p/ros2_ws/install/lidar_icp_odometry:/opt/ros/jazzy DEBUGINFOD_URLS=https://debuginfod.ubuntu.com PS1=\[\e]0;\u@\h: \w\a\]${debian_chroot:+($debian_chroot)}\[\033[01;32m\]\u@\h\[\033[00m\]:\[\033[01;34m\]\w\[\033[00m\]\$ /usr/bin/cmake /home/p/ros2_ws/src/spark-fast-lio/spark_fast_lio -DCMAKE_INSTALL_PREFIX=/home/p/ros2_ws/src/install/spark_fast_lio
[26.342s] DEBUG:colcon.colcon_core.event_handler.log_command:Invoking command in '/home/p/ros2_ws/src/build/spark_fast_lio': CMAKE_PREFIX_PATH=${CMAKE_PREFIX_PATH}:/home/p/ros2_ws/install/my_python_package:/home/p/ros2_ws/install/sweep_builder:/home/p/ros2_ws/install/scan_to_pointcloud:/home/p/ros2_ws/install/mpu9250_py:/home/p/ros2_ws/install/mpu9250:/home/p/ros2_ws/install/mpu6050_py:/home/p/ros2_ws/install/lidar_imu_tf:/home/p/ros2_ws/install/lidar_imu_correction:/home/p/ros2_ws/install/lidar_icp_odometry:/opt/ros/jazzy DEBUGINFOD_URLS=https://debuginfod.ubuntu.com PS1=\[\e]0;\u@\h: \w\a\]${debian_chroot:+($debian_chroot)}\[\033[01;32m\]\u@\h\[\033[00m\]:\[\033[01;34m\]\w\[\033[00m\]\$ /usr/bin/cmake --build /home/p/ros2_ws/src/build/spark_fast_lio -- -j4 -l4
[215.520s] DEBUG:colcon.colcon_core.event_handler.log_command:Invoked command in '/home/p/ros2_ws/src/build/spark_fast_lio' returned '2': CMAKE_PREFIX_PATH=${CMAKE_PREFIX_PATH}:/home/p/ros2_ws/install/my_python_package:/home/p/ros2_ws/install/sweep_builder:/home/p/ros2_ws/install/scan_to_pointcloud:/home/p/ros2_ws/install/mpu9250_py:/home/p/ros2_ws/install/mpu9250:/home/p/ros2_ws/install/mpu6050_py:/home/p/ros2_ws/install/lidar_imu_tf:/home/p/ros2_ws/install/lidar_imu_correction:/home/p/ros2_ws/install/lidar_icp_odometry:/opt/ros/jazzy DEBUGINFOD_URLS=https://debuginfod.ubuntu.com PS1=\[\e]0;\u@\h: \w\a\]${debian_chroot:+($debian_chroot)}\[\033[01;32m\]\u@\h\[\033[00m\]:\[\033[01;34m\]\w\[\033[00m\]\$ /usr/bin/cmake --build /home/p/ros2_ws/src/build/spark_fast_lio -- -j4 -l4
[215.535s] Level 1:colcon.colcon_core.environment:create_environment_scripts_only(spark_fast_lio)
[215.686s] Level 1:colcon.colcon_core.environment:checking '/home/p/ros2_ws/src/install/spark_fast_lio' for CMake module files
[215.688s] Level 1:colcon.colcon_core.environment:checking '/home/p/ros2_ws/src/install/spark_fast_lio' for CMake config files
[215.692s] Level 1:colcon.colcon_core.environment:checking '/home/p/ros2_ws/src/install/spark_fast_lio/bin'
[215.693s] Level 1:colcon.colcon_core.environment:checking '/home/p/ros2_ws/src/install/spark_fast_lio/lib/pkgconfig/spark_fast_lio.pc'
[215.694s] Level 1:colcon.colcon_core.environment:checking '/home/p/ros2_ws/src/install/spark_fast_lio/lib/python3.12/site-packages'
[215.695s] Level 1:colcon.colcon_core.environment:checking '/home/p/ros2_ws/src/install/spark_fast_lio/bin'
[215.696s] INFO:colcon.colcon_core.shell:Creating package script '/home/p/ros2_ws/src/install/spark_fast_lio/share/spark_fast_lio/package.ps1'
[215.791s] INFO:colcon.colcon_core.shell:Creating package descriptor '/home/p/ros2_ws/src/install/spark_fast_lio/share/spark_fast_lio/package.dsv'
[215.797s] INFO:colcon.colcon_core.shell:Creating package script '/home/p/ros2_ws/src/install/spark_fast_lio/share/spark_fast_lio/package.sh'
[215.844s] INFO:colcon.colcon_core.shell:Creating package script '/home/p/ros2_ws/src/install/spark_fast_lio/share/spark_fast_lio/package.bash'
[215.892s] INFO:colcon.colcon_core.shell:Creating package script '/home/p/ros2_ws/src/install/spark_fast_lio/share/spark_fast_lio/package.zsh'
[215.938s] Level 1:colcon.colcon_core.environment:create_file_with_runtime_dependencies(/home/p/ros2_ws/src/install/spark_fast_lio/share/colcon-core/packages/spark_fast_lio)
[215.950s] DEBUG:colcon.colcon_parallel_executor.executor.parallel:closing loop
[215.951s] DEBUG:colcon.colcon_parallel_executor.executor.parallel:loop closed
[215.951s] DEBUG:colcon.colcon_parallel_executor.executor.parallel:run_until_complete finished with '2'
[215.951s] DEBUG:colcon.colcon_core.event_reactor:joining thread
[216.293s] INFO:colcon.colcon_core.plugin_system:Skipping extension 'colcon_notification.desktop_notification.terminal_notifier': Not used on non-Darwin systems
[216.293s] INFO:colcon.colcon_core.plugin_system:Skipping extension 'colcon_notification.desktop_notification.win32': Not used on non-Windows systems
[216.293s] INFO:colcon.colcon_notification.desktop_notification:Sending desktop notification using 'notify2'
[216.427s] DEBUG:colcon.colcon_core.event_reactor:joined thread
[216.428s] INFO:colcon.colcon_core.shell:Creating prefix script '/home/p/ros2_ws/src/install/local_setup.ps1'
[216.473s] INFO:colcon.colcon_core.shell:Creating prefix util module '/home/p/ros2_ws/src/install/_local_setup_util_ps1.py'
[216.519s] INFO:colcon.colcon_core.shell:Creating prefix chain script '/home/p/ros2_ws/src/install/setup.ps1'
[216.562s] INFO:colcon.colcon_core.shell:Creating prefix script '/home/p/ros2_ws/src/install/local_setup.sh'
[216.564s] INFO:colcon.colcon_core.shell:Creating prefix util module '/home/p/ros2_ws/src/install/_local_setup_util_sh.py'
[216.566s] INFO:colcon.colcon_core.shell:Creating prefix chain script '/home/p/ros2_ws/src/install/setup.sh'
[216.571s] INFO:colcon.colcon_core.shell:Creating prefix script '/home/p/ros2_ws/src/install/local_setup.bash'
[216.573s] INFO:colcon.colcon_core.shell:Creating prefix chain script '/home/p/ros2_ws/src/install/setup.bash'
[216.576s] INFO:colcon.colcon_core.shell:Creating prefix script '/home/p/ros2_ws/src/install/local_setup.zsh'
[216.578s] INFO:colcon.colcon_core.shell:Creating prefix chain script '/home/p/ros2_ws/src/install/setup.zsh'
