/home/p/ros2_ws/src/install/optical_cane_rpi/lib/python3.12/site-packages/optical_cane_rpi/pointcloud_generator.py
/home/p/ros2_ws/src/install/optical_cane_rpi/lib/python3.12/site-packages/optical_cane_rpi/lidar_subscriber.py
/home/p/ros2_ws/src/install/optical_cane_rpi/lib/python3.12/site-packages/optical_cane_rpi/imu_subscriber.py
/home/p/ros2_ws/src/install/optical_cane_rpi/lib/python3.12/site-packages/optical_cane_rpi/obstacle_segmenter.py
/home/p/ros2_ws/src/install/optical_cane_rpi/lib/python3.12/site-packages/optical_cane_rpi/__init__.py
/home/p/ros2_ws/src/install/optical_cane_rpi/lib/python3.12/site-packages/optical_cane_rpi/feedback_generator.py
/home/p/ros2_ws/src/install/optical_cane_rpi/lib/python3.12/site-packages/optical_cane_rpi/serial_publisher.py
/home/p/ros2_ws/src/install/optical_cane_rpi/lib/python3.12/site-packages/optical_cane_rpi/__pycache__/pointcloud_generator.cpython-312.pyc
/home/p/ros2_ws/src/install/optical_cane_rpi/lib/python3.12/site-packages/optical_cane_rpi/__pycache__/lidar_subscriber.cpython-312.pyc
/home/p/ros2_ws/src/install/optical_cane_rpi/lib/python3.12/site-packages/optical_cane_rpi/__pycache__/imu_subscriber.cpython-312.pyc
/home/p/ros2_ws/src/install/optical_cane_rpi/lib/python3.12/site-packages/optical_cane_rpi/__pycache__/obstacle_segmenter.cpython-312.pyc
/home/p/ros2_ws/src/install/optical_cane_rpi/lib/python3.12/site-packages/optical_cane_rpi/__pycache__/__init__.cpython-312.pyc
/home/p/ros2_ws/src/install/optical_cane_rpi/lib/python3.12/site-packages/optical_cane_rpi/__pycache__/feedback_generator.cpython-312.pyc
/home/p/ros2_ws/src/install/optical_cane_rpi/lib/python3.12/site-packages/optical_cane_rpi/__pycache__/serial_publisher.cpython-312.pyc
/home/p/ros2_ws/src/install/optical_cane_rpi/share/ament_index/resource_index/packages/optical_cane_rpi
/home/p/ros2_ws/src/install/optical_cane_rpi/share/optical_cane_rpi/package.xml
/home/p/ros2_ws/src/install/optical_cane_rpi/lib/python3.12/site-packages/optical_cane_rpi-0.0.0-py3.12.egg-info/dependency_links.txt
/home/p/ros2_ws/src/install/optical_cane_rpi/lib/python3.12/site-packages/optical_cane_rpi-0.0.0-py3.12.egg-info/PKG-INFO
/home/p/ros2_ws/src/install/optical_cane_rpi/lib/python3.12/site-packages/optical_cane_rpi-0.0.0-py3.12.egg-info/entry_points.txt
/home/p/ros2_ws/src/install/optical_cane_rpi/lib/python3.12/site-packages/optical_cane_rpi-0.0.0-py3.12.egg-info/requires.txt
/home/p/ros2_ws/src/install/optical_cane_rpi/lib/python3.12/site-packages/optical_cane_rpi-0.0.0-py3.12.egg-info/top_level.txt
/home/p/ros2_ws/src/install/optical_cane_rpi/lib/python3.12/site-packages/optical_cane_rpi-0.0.0-py3.12.egg-info/zip-safe
/home/p/ros2_ws/src/install/optical_cane_rpi/lib/python3.12/site-packages/optical_cane_rpi-0.0.0-py3.12.egg-info/SOURCES.txt
/home/p/ros2_ws/src/install/optical_cane_rpi/lib/optical_cane_rpi/feedback_generator
/home/p/ros2_ws/src/install/optical_cane_rpi/lib/optical_cane_rpi/imu_subscriber
/home/p/ros2_ws/src/install/optical_cane_rpi/lib/optical_cane_rpi/lidar_subscriber
/home/p/ros2_ws/src/install/optical_cane_rpi/lib/optical_cane_rpi/obstacle_segmenter
/home/p/ros2_ws/src/install/optical_cane_rpi/lib/optical_cane_rpi/optical_cane_rpi
/home/p/ros2_ws/src/install/optical_cane_rpi/lib/optical_cane_rpi/pointcloud_generator
/home/p/ros2_ws/src/install/optical_cane_rpi/lib/optical_cane_rpi/serial_publisher
