[12.167s] Invoking command in '/home/p/ros2_ws/src/mpu9250': DEBUGINFOD_URLS=https://debuginfod.ubuntu.com PYTHONPATH=/home/p/ros2_ws/src/build/mpu9250/prefix_override:/usr/lib/python3/dist-packages/colcon_core/task/python/colcon_distutils_commands:/home/p/ros2_ws/src/install/mpu9250/lib/python3.12/site-packages:${PYTHONPATH} /usr/bin/python3 -W ignore:setup.py install is deprecated -W ignore:easy_install command is deprecated setup.py egg_info --egg-base ../build/mpu9250 build --build-base /home/p/ros2_ws/src/build/mpu9250/build install --record /home/p/ros2_ws/src/build/mpu9250/install.log --single-version-externally-managed install_data
[13.743s] running egg_info
[13.748s] creating ../build/mpu9250/mpu9250.egg-info
[13.855s] writing ../build/mpu9250/mpu9250.egg-info/PKG-INFO
[13.856s] writing dependency_links to ../build/mpu9250/mpu9250.egg-info/dependency_links.txt
[13.856s] writing entry points to ../build/mpu9250/mpu9250.egg-info/entry_points.txt
[13.857s] writing requirements to ../build/mpu9250/mpu9250.egg-info/requires.txt
[13.857s] writing top-level names to ../build/mpu9250/mpu9250.egg-info/top_level.txt
[13.857s] writing manifest file '../build/mpu9250/mpu9250.egg-info/SOURCES.txt'
[13.990s] reading manifest file '../build/mpu9250/mpu9250.egg-info/SOURCES.txt'
[13.992s] adding license file 'LICENSE'
[13.996s] writing manifest file '../build/mpu9250/mpu9250.egg-info/SOURCES.txt'
[14.000s] running build
[14.000s] running build_py
[14.001s] creating /home/p/ros2_ws/src/build/mpu9250/build
[14.001s] creating /home/p/ros2_ws/src/build/mpu9250/build/lib
[14.001s] creating /home/p/ros2_ws/src/build/mpu9250/build/lib/mpu9250
[14.002s] copying mpu9250/mpu9250_calibration.py -> /home/p/ros2_ws/src/build/mpu9250/build/lib/mpu9250
[14.003s] copying mpu9250/mpu9250_filtered_kalman.py -> /home/p/ros2_ws/src/build/mpu9250/build/lib/mpu9250
[14.003s] copying mpu9250/mpu9250_filtered_madgwick.py -> /home/p/ros2_ws/src/build/mpu9250/build/lib/mpu9250
[14.003s] copying mpu9250/mpu9250_filtered.py -> /home/p/ros2_ws/src/build/mpu9250/build/lib/mpu9250
[14.003s] copying mpu9250/mpu9250_driver_node.py -> /home/p/ros2_ws/src/build/mpu9250/build/lib/mpu9250
[14.003s] copying mpu9250/__init__.py -> /home/p/ros2_ws/src/build/mpu9250/build/lib/mpu9250
[14.003s] copying mpu9250/mpu9250.py -> /home/p/ros2_ws/src/build/mpu9250/build/lib/mpu9250
[14.003s] creating /home/p/ros2_ws/src/build/mpu9250/build/lib/mpu9250/imusensor
[14.004s] copying mpu9250/imusensor/__init__.py -> /home/p/ros2_ws/src/build/mpu9250/build/lib/mpu9250/imusensor
[14.015s] creating /home/p/ros2_ws/src/build/mpu9250/build/lib/mpu9250/imusensor/filters
[14.015s] copying mpu9250/imusensor/filters/kalman.py -> /home/p/ros2_ws/src/build/mpu9250/build/lib/mpu9250/imusensor/filters
[14.015s] copying mpu9250/imusensor/filters/madgwick.py -> /home/p/ros2_ws/src/build/mpu9250/build/lib/mpu9250/imusensor/filters
[14.016s] copying mpu9250/imusensor/filters/__init__.py -> /home/p/ros2_ws/src/build/mpu9250/build/lib/mpu9250/imusensor/filters
[14.016s] copying mpu9250/imusensor/filters/complimentary.py -> /home/p/ros2_ws/src/build/mpu9250/build/lib/mpu9250/imusensor/filters
[14.016s] creating /home/p/ros2_ws/src/build/mpu9250/build/lib/mpu9250/imusensor/MPU9250
[14.016s] copying mpu9250/imusensor/MPU9250/MPU9250.py -> /home/p/ros2_ws/src/build/mpu9250/build/lib/mpu9250/imusensor/MPU9250
[14.016s] copying mpu9250/imusensor/MPU9250/__init__.py -> /home/p/ros2_ws/src/build/mpu9250/build/lib/mpu9250/imusensor/MPU9250
[14.016s] copying mpu9250/imusensor/MPU9250/config.py -> /home/p/ros2_ws/src/build/mpu9250/build/lib/mpu9250/imusensor/MPU9250
[14.016s] running install
[14.028s] running install_lib
[14.096s] creating /home/p/ros2_ws/src/install/mpu9250/lib/python3.12/site-packages/mpu9250
[14.097s] copying /home/p/ros2_ws/src/build/mpu9250/build/lib/mpu9250/mpu9250_calibration.py -> /home/p/ros2_ws/src/install/mpu9250/lib/python3.12/site-packages/mpu9250
[14.097s] copying /home/p/ros2_ws/src/build/mpu9250/build/lib/mpu9250/mpu9250_filtered_kalman.py -> /home/p/ros2_ws/src/install/mpu9250/lib/python3.12/site-packages/mpu9250
[14.097s] copying /home/p/ros2_ws/src/build/mpu9250/build/lib/mpu9250/mpu9250_filtered_madgwick.py -> /home/p/ros2_ws/src/install/mpu9250/lib/python3.12/site-packages/mpu9250
[14.097s] creating /home/p/ros2_ws/src/install/mpu9250/lib/python3.12/site-packages/mpu9250/imusensor
[14.097s] creating /home/p/ros2_ws/src/install/mpu9250/lib/python3.12/site-packages/mpu9250/imusensor/filters
[14.097s] copying /home/p/ros2_ws/src/build/mpu9250/build/lib/mpu9250/imusensor/filters/kalman.py -> /home/p/ros2_ws/src/install/mpu9250/lib/python3.12/site-packages/mpu9250/imusensor/filters
[14.098s] copying /home/p/ros2_ws/src/build/mpu9250/build/lib/mpu9250/imusensor/filters/madgwick.py -> /home/p/ros2_ws/src/install/mpu9250/lib/python3.12/site-packages/mpu9250/imusensor/filters
[14.098s] copying /home/p/ros2_ws/src/build/mpu9250/build/lib/mpu9250/imusensor/filters/__init__.py -> /home/p/ros2_ws/src/install/mpu9250/lib/python3.12/site-packages/mpu9250/imusensor/filters
[14.105s] copying /home/p/ros2_ws/src/build/mpu9250/build/lib/mpu9250/imusensor/filters/complimentary.py -> /home/p/ros2_ws/src/install/mpu9250/lib/python3.12/site-packages/mpu9250/imusensor/filters
[14.106s] copying /home/p/ros2_ws/src/build/mpu9250/build/lib/mpu9250/imusensor/__init__.py -> /home/p/ros2_ws/src/install/mpu9250/lib/python3.12/site-packages/mpu9250/imusensor
[14.106s] creating /home/p/ros2_ws/src/install/mpu9250/lib/python3.12/site-packages/mpu9250/imusensor/MPU9250
[14.106s] copying /home/p/ros2_ws/src/build/mpu9250/build/lib/mpu9250/imusensor/MPU9250/MPU9250.py -> /home/p/ros2_ws/src/install/mpu9250/lib/python3.12/site-packages/mpu9250/imusensor/MPU9250
[14.106s] copying /home/p/ros2_ws/src/build/mpu9250/build/lib/mpu9250/imusensor/MPU9250/__init__.py -> /home/p/ros2_ws/src/install/mpu9250/lib/python3.12/site-packages/mpu9250/imusensor/MPU9250
[14.106s] copying /home/p/ros2_ws/src/build/mpu9250/build/lib/mpu9250/imusensor/MPU9250/config.py -> /home/p/ros2_ws/src/install/mpu9250/lib/python3.12/site-packages/mpu9250/imusensor/MPU9250
[14.107s] copying /home/p/ros2_ws/src/build/mpu9250/build/lib/mpu9250/mpu9250_filtered.py -> /home/p/ros2_ws/src/install/mpu9250/lib/python3.12/site-packages/mpu9250
[14.107s] copying /home/p/ros2_ws/src/build/mpu9250/build/lib/mpu9250/mpu9250_driver_node.py -> /home/p/ros2_ws/src/install/mpu9250/lib/python3.12/site-packages/mpu9250
[14.107s] copying /home/p/ros2_ws/src/build/mpu9250/build/lib/mpu9250/__init__.py -> /home/p/ros2_ws/src/install/mpu9250/lib/python3.12/site-packages/mpu9250
[14.107s] copying /home/p/ros2_ws/src/build/mpu9250/build/lib/mpu9250/mpu9250.py -> /home/p/ros2_ws/src/install/mpu9250/lib/python3.12/site-packages/mpu9250
[14.107s] byte-compiling /home/p/ros2_ws/src/install/mpu9250/lib/python3.12/site-packages/mpu9250/mpu9250_calibration.py to mpu9250_calibration.cpython-312.pyc
[14.107s] byte-compiling /home/p/ros2_ws/src/install/mpu9250/lib/python3.12/site-packages/mpu9250/mpu9250_filtered_kalman.py to mpu9250_filtered_kalman.cpython-312.pyc
[14.118s] byte-compiling /home/p/ros2_ws/src/install/mpu9250/lib/python3.12/site-packages/mpu9250/mpu9250_filtered_madgwick.py to mpu9250_filtered_madgwick.cpython-312.pyc
[14.118s] byte-compiling /home/p/ros2_ws/src/install/mpu9250/lib/python3.12/site-packages/mpu9250/imusensor/filters/kalman.py to kalman.cpython-312.pyc
[14.118s] byte-compiling /home/p/ros2_ws/src/install/mpu9250/lib/python3.12/site-packages/mpu9250/imusensor/filters/madgwick.py to madgwick.cpython-312.pyc
[14.129s] byte-compiling /home/p/ros2_ws/src/install/mpu9250/lib/python3.12/site-packages/mpu9250/imusensor/filters/__init__.py to __init__.cpython-312.pyc
[14.129s] byte-compiling /home/p/ros2_ws/src/install/mpu9250/lib/python3.12/site-packages/mpu9250/imusensor/filters/complimentary.py to complimentary.cpython-312.pyc
[14.129s] byte-compiling /home/p/ros2_ws/src/install/mpu9250/lib/python3.12/site-packages/mpu9250/imusensor/__init__.py to __init__.cpython-312.pyc
[14.130s] byte-compiling /home/p/ros2_ws/src/install/mpu9250/lib/python3.12/site-packages/mpu9250/imusensor/MPU9250/MPU9250.py to MPU9250.cpython-312.pyc
[14.142s] byte-compiling /home/p/ros2_ws/src/install/mpu9250/lib/python3.12/site-packages/mpu9250/imusensor/MPU9250/__init__.py to __init__.cpython-312.pyc
[14.142s] byte-compiling /home/p/ros2_ws/src/install/mpu9250/lib/python3.12/site-packages/mpu9250/imusensor/MPU9250/config.py to config.cpython-312.pyc
[14.142s] byte-compiling /home/p/ros2_ws/src/install/mpu9250/lib/python3.12/site-packages/mpu9250/mpu9250_filtered.py to mpu9250_filtered.cpython-312.pyc
[14.143s] byte-compiling /home/p/ros2_ws/src/install/mpu9250/lib/python3.12/site-packages/mpu9250/mpu9250_driver_node.py to mpu9250_driver_node.cpython-312.pyc
[14.145s] byte-compiling /home/p/ros2_ws/src/install/mpu9250/lib/python3.12/site-packages/mpu9250/__init__.py to __init__.cpython-312.pyc
[14.145s] byte-compiling /home/p/ros2_ws/src/install/mpu9250/lib/python3.12/site-packages/mpu9250/mpu9250.py to mpu9250.cpython-312.pyc
[14.154s] running install_data
[14.154s] creating /home/p/ros2_ws/src/install/mpu9250/share/ament_index
[14.155s] creating /home/p/ros2_ws/src/install/mpu9250/share/ament_index/resource_index
[14.155s] creating /home/p/ros2_ws/src/install/mpu9250/share/ament_index/resource_index/packages
[14.155s] copying resource/mpu9250 -> /home/p/ros2_ws/src/install/mpu9250/share/ament_index/resource_index/packages
[14.155s] copying package.xml -> /home/p/ros2_ws/src/install/mpu9250/share/mpu9250
[14.155s] creating /home/p/ros2_ws/src/install/mpu9250/share/mpu9250/launch
[14.155s] copying launch/mpu9250.launch.py -> /home/p/ros2_ws/src/install/mpu9250/share/mpu9250/launch
[14.155s] running install_egg_info
[14.352s] Copying ../build/mpu9250/mpu9250.egg-info to /home/p/ros2_ws/src/install/mpu9250/lib/python3.12/site-packages/mpu9250-0.0.1-py3.12.egg-info
[14.352s] running install_scripts
[15.135s] Installing mpu9250 script to /home/p/ros2_ws/src/install/mpu9250/lib/mpu9250
[15.139s] Installing mpu9250_driver_node script to /home/p/ros2_ws/src/install/mpu9250/lib/mpu9250
[15.139s] Installing mpu9250_filtered script to /home/p/ros2_ws/src/install/mpu9250/lib/mpu9250
[15.150s] writing list of installed files to '/home/p/ros2_ws/src/build/mpu9250/install.log'
[15.376s] Invoked command in '/home/p/ros2_ws/src/mpu9250' returned '0': DEBUGINFOD_URLS=https://debuginfod.ubuntu.com PYTHONPATH=/home/p/ros2_ws/src/build/mpu9250/prefix_override:/usr/lib/python3/dist-packages/colcon_core/task/python/colcon_distutils_commands:/home/p/ros2_ws/src/install/mpu9250/lib/python3.12/site-packages:${PYTHONPATH} /usr/bin/python3 -W ignore:setup.py install is deprecated -W ignore:easy_install command is deprecated setup.py egg_info --egg-base ../build/mpu9250 build --build-base /home/p/ros2_ws/src/build/mpu9250/build install --record /home/p/ros2_ws/src/build/mpu9250/install.log --single-version-externally-managed install_data
