[0.016s] Invoking command in '/home/p/ros2_ws/src/build/cpp_package': CMAKE_PREFIX_PATH=${CMAKE_PREFIX_PATH}:/home/p/ros2_ws/install/optical_cane_rpi:/home/p/ros2_ws/install/mpu9250:/opt/ros/jazzy DEBUGINFOD_URLS=https://debuginfod.ubuntu.com /usr/bin/cmake --build /home/p/ros2_ws/src/build/cpp_package -- -j4 -l4
[0.071s] -- Found ament_cmake: 2.5.4 (/opt/ros/jazzy/share/ament_cmake/cmake)
[0.434s] -- Found rclcpp: 28.1.10 (/opt/ros/jazzy/share/rclcpp/cmake)
[0.473s] -- Found rosidl_generator_c: 4.6.5 (/opt/ros/jazzy/share/rosidl_generator_c/cmake)
[0.487s] -- Found rosidl_generator_cpp: 4.6.5 (/opt/ros/jazzy/share/rosidl_generator_cpp/cmake)
[0.504s] -- Using all available rosidl_typesupport_c: rosidl_typesupport_fastrtps_c;rosidl_typesupport_introspection_c
[0.523s] -- Using all available rosidl_typesupport_cpp: rosidl_typesupport_fastrtps_cpp;rosidl_typesupport_introspection_cpp
[0.607s] -- Found rmw_implementation_cmake: 7.3.2 (/opt/ros/jazzy/share/rmw_implementation_cmake/cmake)
[0.610s] -- Found rmw_fastrtps_cpp: 8.4.2 (/opt/ros/jazzy/share/rmw_fastrtps_cpp/cmake)
[0.710s] -- Using RMW implementation 'rmw_fastrtps_cpp' as default
[0.798s] -- Found sensor_msgs: 5.3.6 (/opt/ros/jazzy/share/sensor_msgs/cmake)
[0.871s] -- Found visualization_msgs: 5.3.6 (/opt/ros/jazzy/share/visualization_msgs/cmake)
[0.907s] -- Found pcl_msgs: 1.0.0 (/opt/ros/jazzy/share/pcl_msgs/cmake)
[0.936s] -- Found tf2_ros: 0.36.12 (/opt/ros/jazzy/share/tf2_ros/cmake)
[1.094s] -- Found angles: 1.16.0 (/opt/ros/jazzy/share/angles/cmake)
[1.097s] -- Found pcl_ros: 2.6.2 (/opt/ros/jazzy/share/pcl_ros/cmake)
[1.139s] CMake Warning (dev) at /usr/lib/aarch64-linux-gnu/cmake/pcl/Modules/FindFLANN.cmake:45 (find_package):
[1.140s]   Policy CMP0144 is not set: find_package uses upper-case <PACKAGENAME>_ROOT
[1.140s]   variables.  Run "cmake --help-policy CMP0144" for policy details.  Use the
[1.140s]   cmake_policy command to set the policy and suppress this warning.
[1.140s] 
[1.140s]   CMake variable FLANN_ROOT is set to:
[1.140s] 
[1.140s]     /usr
[1.140s] 
[1.140s]   For compatibility, find_package is ignoring the variable, but code in a
[1.140s]   .cmake module might still use it.
[1.141s] Call Stack (most recent call first):
[1.141s]   /usr/lib/aarch64-linux-gnu/cmake/pcl/PCLConfig.cmake:261 (find_package)
[1.141s]   /usr/lib/aarch64-linux-gnu/cmake/pcl/PCLConfig.cmake:306 (find_flann)
[1.141s]   /usr/lib/aarch64-linux-gnu/cmake/pcl/PCLConfig.cmake:570 (find_external_library)
[1.141s]   /opt/ros/jazzy/share/pcl_conversions/cmake/ament_cmake_export_dependencies-extras.cmake:21 (find_package)
[1.141s]   /opt/ros/jazzy/share/pcl_conversions/cmake/pcl_conversionsConfig.cmake:41 (include)
[1.141s]   /opt/ros/jazzy/share/pcl_ros/cmake/ament_cmake_export_dependencies-extras.cmake:21 (find_package)
[1.141s]   /opt/ros/jazzy/share/pcl_ros/cmake/pcl_rosConfig.cmake:41 (include)
[1.141s]   CMakeLists.txt:22 (find_package)
[1.141s] This warning is for project developers.  Use -Wno-dev to suppress it.
[1.141s] 
[1.141s] -- Found flann version 1.9.2
[1.838s] -- OpenNI found (version: 1.5.4.0, include: /usr/include/ni, lib: /usr/lib/libOpenNI.so;libusb::libusb)
[1.849s] -- OpenNI2 found (version: 2.2.0.33, include: /usr/include/openni2, lib: /usr/lib/aarch64-linux-gnu/libOpenNI2.so;libusb::libusb)
[1.854s] -- Could NOT find Pcap (missing: PCAP_LIBRARIES PCAP_INCLUDE_DIRS) 
[2.576s] -- OpenNI found (version: 1.5.4.0, include: /usr/include/ni, lib: /usr/lib/libOpenNI.so;libusb::libusb)
[2.587s] -- OpenNI2 found (version: 2.2.0.33, include: /usr/include/openni2, lib: /usr/lib/aarch64-linux-gnu/libOpenNI2.so;libusb::libusb)
[3.240s] -- Found Qhull version 8.0.2
[3.921s] -- OpenNI found (version: 1.5.4.0, include: /usr/include/ni, lib: /usr/lib/libOpenNI.so;libusb::libusb)
[4.622s] -- Found eigen3_cmake_module: 0.3.0 (/opt/ros/jazzy/share/eigen3_cmake_module/cmake)
[4.624s] -- Ensuring Eigen3 include directory is part of orocos-kdl CMake target
[4.629s] CMake Warning (dev) at CMakeLists.txt:24 (find_package):
[4.629s]   Policy CMP0074 is not set: find_package uses <PackageName>_ROOT variables.
[4.630s]   Run "cmake --help-policy CMP0074" for policy details.  Use the cmake_policy
[4.630s]   command to set the policy and suppress this warning.
[4.630s] 
[4.630s]   CMake variable PCL_ROOT is set to:
[4.630s] 
[4.630s]     /usr
[4.630s] 
[4.630s]   For compatibility, CMake is ignoring the variable.
[4.630s] This warning is for project developers.  Use -Wno-dev to suppress it.
[4.630s] 
[4.870s] -- Configuring done (4.8s)
[5.049s] -- Generating done (0.1s)
[5.079s] -- Build files have been written to: /home/p/ros2_ws/src/build/cpp_package
[5.229s] [ 12%] Building CXX object CMakeFiles/path_planner_node.dir/src/path_planner_node.cpp.o
[5.232s] [ 37%] Built target point_cloud_sweeper_cpp_node
[5.243s] [ 62%] Built target user_centric_roi_detector
[5.253s] [ 87%] Built target stable_ground_fitter_node
[25.572s] [100%] Linking CXX executable path_planner_node
[28.257s] [100%] Built target path_planner_node
[28.282s] Invoked command in '/home/p/ros2_ws/src/build/cpp_package' returned '0': CMAKE_PREFIX_PATH=${CMAKE_PREFIX_PATH}:/home/p/ros2_ws/install/optical_cane_rpi:/home/p/ros2_ws/install/mpu9250:/opt/ros/jazzy DEBUGINFOD_URLS=https://debuginfod.ubuntu.com /usr/bin/cmake --build /home/p/ros2_ws/src/build/cpp_package -- -j4 -l4
[28.301s] Invoking command in '/home/p/ros2_ws/src/build/cpp_package': CMAKE_PREFIX_PATH=${CMAKE_PREFIX_PATH}:/home/p/ros2_ws/install/optical_cane_rpi:/home/p/ros2_ws/install/mpu9250:/opt/ros/jazzy DEBUGINFOD_URLS=https://debuginfod.ubuntu.com /usr/bin/cmake --install /home/p/ros2_ws/src/build/cpp_package
[28.317s] -- Install configuration: ""
[28.317s] -- Up-to-date: /home/p/ros2_ws/src/install/cpp_package/lib/cpp_package/point_cloud_sweeper_cpp_node
[28.318s] -- Up-to-date: /home/p/ros2_ws/src/install/cpp_package/lib/cpp_package/stable_ground_fitter_node
[28.318s] -- Up-to-date: /home/p/ros2_ws/src/install/cpp_package/lib/cpp_package/user_centric_roi_detector
[28.319s] -- Installing: /home/p/ros2_ws/src/install/cpp_package/lib/cpp_package/path_planner_node
[28.337s] -- Set non-toolchain portion of runtime path of "/home/p/ros2_ws/src/install/cpp_package/lib/cpp_package/path_planner_node" to ""
[28.337s] -- Up-to-date: /home/p/ros2_ws/src/install/cpp_package/share/cpp_package/launch
[28.337s] -- Up-to-date: /home/p/ros2_ws/src/install/cpp_package/share/cpp_package/launch/icp_odom.launch.py
[28.337s] -- Up-to-date: /home/p/ros2_ws/src/install/cpp_package/share/cpp_package/launch/assistive_nav.launch.py
[28.337s] -- Up-to-date: /home/p/ros2_ws/src/install/cpp_package/share/cpp_package/launch/front_cloud_filter.launch.py
[28.337s] -- Up-to-date: /home/p/ros2_ws/src/install/cpp_package/share/ament_index/resource_index/package_run_dependencies/cpp_package
[28.338s] -- Up-to-date: /home/p/ros2_ws/src/install/cpp_package/share/ament_index/resource_index/parent_prefix_path/cpp_package
[28.338s] -- Up-to-date: /home/p/ros2_ws/src/install/cpp_package/share/cpp_package/environment/ament_prefix_path.sh
[28.338s] -- Up-to-date: /home/p/ros2_ws/src/install/cpp_package/share/cpp_package/environment/ament_prefix_path.dsv
[28.338s] -- Up-to-date: /home/p/ros2_ws/src/install/cpp_package/share/cpp_package/environment/path.sh
[28.338s] -- Up-to-date: /home/p/ros2_ws/src/install/cpp_package/share/cpp_package/environment/path.dsv
[28.338s] -- Up-to-date: /home/p/ros2_ws/src/install/cpp_package/share/cpp_package/local_setup.bash
[28.338s] -- Up-to-date: /home/p/ros2_ws/src/install/cpp_package/share/cpp_package/local_setup.sh
[28.338s] -- Up-to-date: /home/p/ros2_ws/src/install/cpp_package/share/cpp_package/local_setup.zsh
[28.338s] -- Up-to-date: /home/p/ros2_ws/src/install/cpp_package/share/cpp_package/local_setup.dsv
[28.338s] -- Installing: /home/p/ros2_ws/src/install/cpp_package/share/cpp_package/package.dsv
[28.338s] -- Up-to-date: /home/p/ros2_ws/src/install/cpp_package/share/ament_index/resource_index/packages/cpp_package
[28.339s] -- Up-to-date: /home/p/ros2_ws/src/install/cpp_package/share/cpp_package/cmake/cpp_packageConfig.cmake
[28.339s] -- Up-to-date: /home/p/ros2_ws/src/install/cpp_package/share/cpp_package/cmake/cpp_packageConfig-version.cmake
[28.339s] -- Up-to-date: /home/p/ros2_ws/src/install/cpp_package/share/cpp_package/package.xml
[28.340s] Invoked command in '/home/p/ros2_ws/src/build/cpp_package' returned '0': CMAKE_PREFIX_PATH=${CMAKE_PREFIX_PATH}:/home/p/ros2_ws/install/optical_cane_rpi:/home/p/ros2_ws/install/mpu9250:/opt/ros/jazzy DEBUGINFOD_URLS=https://debuginfod.ubuntu.com /usr/bin/cmake --install /home/p/ros2_ws/src/build/cpp_package
