[3.349s] Invoking command in '/home/p/ros2_ws/src/mpu9250': DEBUGINFOD_URLS=https://debuginfod.ubuntu.com PYTHONPATH=/home/p/ros2_ws/src/build/mpu9250/prefix_override:/usr/lib/python3/dist-packages/colcon_core/task/python/colcon_distutils_commands:/home/p/ros2_ws/src/install/mpu9250/lib/python3.12/site-packages:${PYTHONPATH} /usr/bin/python3 -W ignore:setup.py install is deprecated -W ignore:easy_install command is deprecated setup.py egg_info --egg-base ../build/mpu9250 build --build-base /home/p/ros2_ws/src/build/mpu9250/build install --record /home/p/ros2_ws/src/build/mpu9250/install.log --single-version-externally-managed install_data
[4.951s] running egg_info
[4.955s] creating ../build/mpu9250/mpu9250.egg-info
[5.023s] writing ../build/mpu9250/mpu9250.egg-info/PKG-INFO
[5.024s] writing dependency_links to ../build/mpu9250/mpu9250.egg-info/dependency_links.txt
[5.024s] writing entry points to ../build/mpu9250/mpu9250.egg-info/entry_points.txt
[5.024s] writing requirements to ../build/mpu9250/mpu9250.egg-info/requires.txt
[5.024s] writing top-level names to ../build/mpu9250/mpu9250.egg-info/top_level.txt
[5.024s] writing manifest file '../build/mpu9250/mpu9250.egg-info/SOURCES.txt'
[5.165s] reading manifest file '../build/mpu9250/mpu9250.egg-info/SOURCES.txt'
[5.165s] adding license file 'LICENSE'
[5.167s] writing manifest file '../build/mpu9250/mpu9250.egg-info/SOURCES.txt'
[5.169s] running build
[5.170s] running build_py
[5.170s] creating /home/p/ros2_ws/src/build/mpu9250/build
[5.173s] creating /home/p/ros2_ws/src/build/mpu9250/build/lib
[5.173s] creating /home/p/ros2_ws/src/build/mpu9250/build/lib/mpu9250
[5.173s] copying mpu9250/mpu9250_calibration.py -> /home/p/ros2_ws/src/build/mpu9250/build/lib/mpu9250
[5.177s] copying mpu9250/mpu9250_filtered_kalman.py -> /home/p/ros2_ws/src/build/mpu9250/build/lib/mpu9250
[5.180s] copying mpu9250/mpu9250_filtered_madgwick.py -> /home/p/ros2_ws/src/build/mpu9250/build/lib/mpu9250
[5.182s] copying mpu9250/mpu9250_filtered.py -> /home/p/ros2_ws/src/build/mpu9250/build/lib/mpu9250
[5.184s] copying mpu9250/__init__.py -> /home/p/ros2_ws/src/build/mpu9250/build/lib/mpu9250
[5.187s] copying mpu9250/mpu9250.py -> /home/p/ros2_ws/src/build/mpu9250/build/lib/mpu9250
[5.187s] creating /home/p/ros2_ws/src/build/mpu9250/build/lib/mpu9250/imusensor
[5.190s] copying mpu9250/imusensor/__init__.py -> /home/p/ros2_ws/src/build/mpu9250/build/lib/mpu9250/imusensor
[5.190s] creating /home/p/ros2_ws/src/build/mpu9250/build/lib/mpu9250/imusensor/filters
[5.193s] copying mpu9250/imusensor/filters/kalman.py -> /home/p/ros2_ws/src/build/mpu9250/build/lib/mpu9250/imusensor/filters
[5.193s] copying mpu9250/imusensor/filters/madgwick.py -> /home/p/ros2_ws/src/build/mpu9250/build/lib/mpu9250/imusensor/filters
[5.196s] copying mpu9250/imusensor/filters/__init__.py -> /home/p/ros2_ws/src/build/mpu9250/build/lib/mpu9250/imusensor/filters
[5.196s] copying mpu9250/imusensor/filters/complimentary.py -> /home/p/ros2_ws/src/build/mpu9250/build/lib/mpu9250/imusensor/filters
[5.200s] creating /home/p/ros2_ws/src/build/mpu9250/build/lib/mpu9250/imusensor/MPU9250
[5.202s] copying mpu9250/imusensor/MPU9250/MPU9250.py -> /home/p/ros2_ws/src/build/mpu9250/build/lib/mpu9250/imusensor/MPU9250
[5.204s] copying mpu9250/imusensor/MPU9250/__init__.py -> /home/p/ros2_ws/src/build/mpu9250/build/lib/mpu9250/imusensor/MPU9250
[5.205s] copying mpu9250/imusensor/MPU9250/config.py -> /home/p/ros2_ws/src/build/mpu9250/build/lib/mpu9250/imusensor/MPU9250
[5.210s] running install
[5.224s] running install_lib
[5.314s] creating /home/p/ros2_ws/src/install/mpu9250/lib/python3.12/site-packages/mpu9250
[5.315s] copying /home/p/ros2_ws/src/build/mpu9250/build/lib/mpu9250/mpu9250_calibration.py -> /home/p/ros2_ws/src/install/mpu9250/lib/python3.12/site-packages/mpu9250
[5.317s] copying /home/p/ros2_ws/src/build/mpu9250/build/lib/mpu9250/mpu9250_filtered_kalman.py -> /home/p/ros2_ws/src/install/mpu9250/lib/python3.12/site-packages/mpu9250
[5.319s] copying /home/p/ros2_ws/src/build/mpu9250/build/lib/mpu9250/mpu9250_filtered_madgwick.py -> /home/p/ros2_ws/src/install/mpu9250/lib/python3.12/site-packages/mpu9250
[5.321s] creating /home/p/ros2_ws/src/install/mpu9250/lib/python3.12/site-packages/mpu9250/imusensor
[5.321s] creating /home/p/ros2_ws/src/install/mpu9250/lib/python3.12/site-packages/mpu9250/imusensor/filters
[5.327s] copying /home/p/ros2_ws/src/build/mpu9250/build/lib/mpu9250/imusensor/filters/kalman.py -> /home/p/ros2_ws/src/install/mpu9250/lib/python3.12/site-packages/mpu9250/imusensor/filters
[5.327s] copying /home/p/ros2_ws/src/build/mpu9250/build/lib/mpu9250/imusensor/filters/madgwick.py -> /home/p/ros2_ws/src/install/mpu9250/lib/python3.12/site-packages/mpu9250/imusensor/filters
[5.327s] copying /home/p/ros2_ws/src/build/mpu9250/build/lib/mpu9250/imusensor/filters/__init__.py -> /home/p/ros2_ws/src/install/mpu9250/lib/python3.12/site-packages/mpu9250/imusensor/filters
[5.327s] copying /home/p/ros2_ws/src/build/mpu9250/build/lib/mpu9250/imusensor/filters/complimentary.py -> /home/p/ros2_ws/src/install/mpu9250/lib/python3.12/site-packages/mpu9250/imusensor/filters
[5.327s] copying /home/p/ros2_ws/src/build/mpu9250/build/lib/mpu9250/imusensor/__init__.py -> /home/p/ros2_ws/src/install/mpu9250/lib/python3.12/site-packages/mpu9250/imusensor
[5.327s] creating /home/p/ros2_ws/src/install/mpu9250/lib/python3.12/site-packages/mpu9250/imusensor/MPU9250
[5.328s] copying /home/p/ros2_ws/src/build/mpu9250/build/lib/mpu9250/imusensor/MPU9250/MPU9250.py -> /home/p/ros2_ws/src/install/mpu9250/lib/python3.12/site-packages/mpu9250/imusensor/MPU9250
[5.328s] copying /home/p/ros2_ws/src/build/mpu9250/build/lib/mpu9250/imusensor/MPU9250/__init__.py -> /home/p/ros2_ws/src/install/mpu9250/lib/python3.12/site-packages/mpu9250/imusensor/MPU9250
[5.328s] copying /home/p/ros2_ws/src/build/mpu9250/build/lib/mpu9250/imusensor/MPU9250/config.py -> /home/p/ros2_ws/src/install/mpu9250/lib/python3.12/site-packages/mpu9250/imusensor/MPU9250
[5.328s] copying /home/p/ros2_ws/src/build/mpu9250/build/lib/mpu9250/mpu9250_filtered.py -> /home/p/ros2_ws/src/install/mpu9250/lib/python3.12/site-packages/mpu9250
[5.328s] copying /home/p/ros2_ws/src/build/mpu9250/build/lib/mpu9250/__init__.py -> /home/p/ros2_ws/src/install/mpu9250/lib/python3.12/site-packages/mpu9250
[5.328s] copying /home/p/ros2_ws/src/build/mpu9250/build/lib/mpu9250/mpu9250.py -> /home/p/ros2_ws/src/install/mpu9250/lib/python3.12/site-packages/mpu9250
[5.328s] byte-compiling /home/p/ros2_ws/src/install/mpu9250/lib/python3.12/site-packages/mpu9250/mpu9250_calibration.py to mpu9250_calibration.cpython-312.pyc
[5.338s] byte-compiling /home/p/ros2_ws/src/install/mpu9250/lib/python3.12/site-packages/mpu9250/mpu9250_filtered_kalman.py to mpu9250_filtered_kalman.cpython-312.pyc
[5.338s] byte-compiling /home/p/ros2_ws/src/install/mpu9250/lib/python3.12/site-packages/mpu9250/mpu9250_filtered_madgwick.py to mpu9250_filtered_madgwick.cpython-312.pyc
[5.338s] byte-compiling /home/p/ros2_ws/src/install/mpu9250/lib/python3.12/site-packages/mpu9250/imusensor/filters/kalman.py to kalman.cpython-312.pyc
[5.339s] byte-compiling /home/p/ros2_ws/src/install/mpu9250/lib/python3.12/site-packages/mpu9250/imusensor/filters/madgwick.py to madgwick.cpython-312.pyc
[5.340s] byte-compiling /home/p/ros2_ws/src/install/mpu9250/lib/python3.12/site-packages/mpu9250/imusensor/filters/__init__.py to __init__.cpython-312.pyc
[5.341s] byte-compiling /home/p/ros2_ws/src/install/mpu9250/lib/python3.12/site-packages/mpu9250/imusensor/filters/complimentary.py to complimentary.cpython-312.pyc
[5.341s] byte-compiling /home/p/ros2_ws/src/install/mpu9250/lib/python3.12/site-packages/mpu9250/imusensor/__init__.py to __init__.cpython-312.pyc
[5.341s] byte-compiling /home/p/ros2_ws/src/install/mpu9250/lib/python3.12/site-packages/mpu9250/imusensor/MPU9250/MPU9250.py to MPU9250.cpython-312.pyc
[5.356s] byte-compiling /home/p/ros2_ws/src/install/mpu9250/lib/python3.12/site-packages/mpu9250/imusensor/MPU9250/__init__.py to __init__.cpython-312.pyc
[5.356s] byte-compiling /home/p/ros2_ws/src/install/mpu9250/lib/python3.12/site-packages/mpu9250/imusensor/MPU9250/config.py to config.cpython-312.pyc
[5.356s] byte-compiling /home/p/ros2_ws/src/install/mpu9250/lib/python3.12/site-packages/mpu9250/mpu9250_filtered.py to mpu9250_filtered.cpython-312.pyc
[5.359s] byte-compiling /home/p/ros2_ws/src/install/mpu9250/lib/python3.12/site-packages/mpu9250/__init__.py to __init__.cpython-312.pyc
[5.360s] byte-compiling /home/p/ros2_ws/src/install/mpu9250/lib/python3.12/site-packages/mpu9250/mpu9250.py to mpu9250.cpython-312.pyc
[5.362s] running install_data
[5.362s] creating /home/p/ros2_ws/src/install/mpu9250/share/ament_index
[5.362s] creating /home/p/ros2_ws/src/install/mpu9250/share/ament_index/resource_index
[5.363s] creating /home/p/ros2_ws/src/install/mpu9250/share/ament_index/resource_index/packages
[5.364s] copying resource/mpu9250 -> /home/p/ros2_ws/src/install/mpu9250/share/ament_index/resource_index/packages
[5.364s] copying package.xml -> /home/p/ros2_ws/src/install/mpu9250/share/mpu9250
[5.364s] creating /home/p/ros2_ws/src/install/mpu9250/share/mpu9250/launch
[5.364s] copying launch/mpu9250.launch.py -> /home/p/ros2_ws/src/install/mpu9250/share/mpu9250/launch
[5.364s] running install_egg_info
[5.421s] Copying ../build/mpu9250/mpu9250.egg-info to /home/p/ros2_ws/src/install/mpu9250/lib/python3.12/site-packages/mpu9250-0.0.1-py3.12.egg-info
[5.423s] running install_scripts
[5.896s] Installing mpu9250 script to /home/p/ros2_ws/src/install/mpu9250/lib/mpu9250
[5.896s] Installing mpu9250_filtered script to /home/p/ros2_ws/src/install/mpu9250/lib/mpu9250
[5.902s] writing list of installed files to '/home/p/ros2_ws/src/build/mpu9250/install.log'
[6.020s] Invoked command in '/home/p/ros2_ws/src/mpu9250' returned '0': DEBUGINFOD_URLS=https://debuginfod.ubuntu.com PYTHONPATH=/home/p/ros2_ws/src/build/mpu9250/prefix_override:/usr/lib/python3/dist-packages/colcon_core/task/python/colcon_distutils_commands:/home/p/ros2_ws/src/install/mpu9250/lib/python3.12/site-packages:${PYTHONPATH} /usr/bin/python3 -W ignore:setup.py install is deprecated -W ignore:easy_install command is deprecated setup.py egg_info --egg-base ../build/mpu9250 build --build-base /home/p/ros2_ws/src/build/mpu9250/build install --record /home/p/ros2_ws/src/build/mpu9250/install.log --single-version-externally-managed install_data
