running develop
running egg_info
creating lidar_imu_tf.egg-info
writing lidar_imu_tf.egg-info/PKG-INFO
writing dependency_links to lidar_imu_tf.egg-info/dependency_links.txt
writing entry points to lidar_imu_tf.egg-info/entry_points.txt
writing requirements to lidar_imu_tf.egg-info/requires.txt
writing top-level names to lidar_imu_tf.egg-info/top_level.txt
writing manifest file 'lidar_imu_tf.egg-info/SOURCES.txt'
reading manifest file 'lidar_imu_tf.egg-info/SOURCES.txt'
writing manifest file 'lidar_imu_tf.egg-info/SOURCES.txt'
running build_ext
Creating /home/p/ros2_ws/install/lidar_imu_tf/lib/python3.12/site-packages/lidar-imu-tf.egg-link (link to .)
Installing imu_tf_publisher script to /home/p/ros2_ws/install/lidar_imu_tf/lib/lidar_imu_tf

Installed /home/p/ros2_ws/build/lidar_imu_tf
running symlink_data
creating /home/p/ros2_ws/install/lidar_imu_tf/share/ament_index
creating /home/p/ros2_ws/install/lidar_imu_tf/share/ament_index/resource_index
creating /home/p/ros2_ws/install/lidar_imu_tf/share/ament_index/resource_index/packages
symbolically linking /home/p/ros2_ws/build/lidar_imu_tf/resource/lidar_imu_tf -> /home/p/ros2_ws/install/lidar_imu_tf/share/ament_index/resource_index/packages
symbolically linking /home/p/ros2_ws/build/lidar_imu_tf/package.xml -> /home/p/ros2_ws/install/lidar_imu_tf/share/lidar_imu_tf
