[0.091s] Invoking command in '/home/p/ros2_ws/build/pointcloud_to_laserscan': CMAKE_PREFIX_PATH=${CMAKE_PREFIX_PATH}:/home/p/ros2_ws/install/mpu9250:/home/p/ros2_ws/install/sweep_builder:/home/p/ros2_ws/install/scan_to_pointcloud:/home/p/ros2_ws/install/mpu9250_py:/home/p/ros2_ws/install/mpu6050_py:/home/p/ros2_ws/install/lidar_imu_tf:/home/p/ros2_ws/install/lidar_imu_correction:/home/p/ros2_ws/install/lidar_icp_odometry:/opt/ros/jazzy DEBUGINFOD_URLS=https://debuginfod.ubuntu.com /usr/bin/cmake --build /home/p/ros2_ws/build/pointcloud_to_laserscan -- -j4 -l4
[0.251s] [ 20%] Built target pointcloud_to_laserscan_node
[0.251s] [ 40%] Built target laserscan_to_pointcloud
[0.269s] [ 60%] Built target laserscan_to_pointcloud_node
[0.274s] [ 80%] Built target pointcloud_to_laserscan
[0.309s] [100%] Built target dummy_pointcloud_publisher
[0.606s] Invoked command in '/home/p/ros2_ws/build/pointcloud_to_laserscan' returned '0': CMAKE_PREFIX_PATH=${CMAKE_PREFIX_PATH}:/home/p/ros2_ws/install/mpu9250:/home/p/ros2_ws/install/sweep_builder:/home/p/ros2_ws/install/scan_to_pointcloud:/home/p/ros2_ws/install/mpu9250_py:/home/p/ros2_ws/install/mpu6050_py:/home/p/ros2_ws/install/lidar_imu_tf:/home/p/ros2_ws/install/lidar_imu_correction:/home/p/ros2_ws/install/lidar_icp_odometry:/opt/ros/jazzy DEBUGINFOD_URLS=https://debuginfod.ubuntu.com /usr/bin/cmake --build /home/p/ros2_ws/build/pointcloud_to_laserscan -- -j4 -l4
[0.609s] Invoking command in '/home/p/ros2_ws/build/pointcloud_to_laserscan': CMAKE_PREFIX_PATH=${CMAKE_PREFIX_PATH}:/home/p/ros2_ws/install/mpu9250:/home/p/ros2_ws/install/sweep_builder:/home/p/ros2_ws/install/scan_to_pointcloud:/home/p/ros2_ws/install/mpu9250_py:/home/p/ros2_ws/install/mpu6050_py:/home/p/ros2_ws/install/lidar_imu_tf:/home/p/ros2_ws/install/lidar_imu_correction:/home/p/ros2_ws/install/lidar_icp_odometry:/opt/ros/jazzy DEBUGINFOD_URLS=https://debuginfod.ubuntu.com /usr/bin/cmake --install /home/p/ros2_ws/build/pointcloud_to_laserscan
[0.640s] -- Install configuration: ""
[0.644s] -- Execute custom install script
[0.644s] -- Up-to-date symlink: /home/p/ros2_ws/install/pointcloud_to_laserscan/lib/pointcloud_to_laserscan/laserscan_to_pointcloud_node
[0.650s] -- Up-to-date symlink: /home/p/ros2_ws/install/pointcloud_to_laserscan/lib/pointcloud_to_laserscan/pointcloud_to_laserscan_node
[0.650s] -- Up-to-date symlink: /home/p/ros2_ws/install/pointcloud_to_laserscan/lib/pointcloud_to_laserscan/dummy_pointcloud_publisher
[0.650s] -- Up-to-date symlink: /home/p/ros2_ws/install/pointcloud_to_laserscan/include/pointcloud_to_laserscan/include/pointcloud_to_laserscan/laserscan_to_pointcloud_node.hpp
[0.651s] -- Up-to-date symlink: /home/p/ros2_ws/install/pointcloud_to_laserscan/include/pointcloud_to_laserscan/include/pointcloud_to_laserscan/pointcloud_to_laserscan_node.hpp
[0.652s] -- Up-to-date symlink: /home/p/ros2_ws/install/pointcloud_to_laserscan/include/pointcloud_to_laserscan/include/pointcloud_to_laserscan/visibility_control.h
[0.653s] -- Up-to-date symlink: /home/p/ros2_ws/install/pointcloud_to_laserscan/share/pointcloud_to_laserscan/launch/laserscan_to_pointcloud_launch.py
[0.654s] -- Up-to-date symlink: /home/p/ros2_ws/install/pointcloud_to_laserscan/share/pointcloud_to_laserscan/launch/sample_laserscan_to_pointcloud_launch.py
[0.655s] -- Up-to-date symlink: /home/p/ros2_ws/install/pointcloud_to_laserscan/share/pointcloud_to_laserscan/launch/sample_pointcloud_to_laserscan_launch.py
[0.655s] -- Up-to-date symlink: /home/p/ros2_ws/install/pointcloud_to_laserscan/share/ament_index/resource_index/package_run_dependencies/pointcloud_to_laserscan
[0.657s] -- Up-to-date symlink: /home/p/ros2_ws/install/pointcloud_to_laserscan/share/ament_index/resource_index/parent_prefix_path/pointcloud_to_laserscan
[0.657s] -- Up-to-date symlink: /home/p/ros2_ws/install/pointcloud_to_laserscan/share/pointcloud_to_laserscan/environment/ament_prefix_path.sh
[0.657s] -- Up-to-date symlink: /home/p/ros2_ws/install/pointcloud_to_laserscan/share/pointcloud_to_laserscan/environment/ament_prefix_path.dsv
[0.659s] -- Up-to-date symlink: /home/p/ros2_ws/install/pointcloud_to_laserscan/share/pointcloud_to_laserscan/environment/path.sh
[0.664s] -- Up-to-date symlink: /home/p/ros2_ws/install/pointcloud_to_laserscan/share/pointcloud_to_laserscan/environment/path.dsv
[0.664s] -- Up-to-date symlink: /home/p/ros2_ws/install/pointcloud_to_laserscan/share/pointcloud_to_laserscan/local_setup.bash
[0.665s] -- Up-to-date symlink: /home/p/ros2_ws/install/pointcloud_to_laserscan/share/pointcloud_to_laserscan/local_setup.sh
[0.668s] -- Up-to-date symlink: /home/p/ros2_ws/install/pointcloud_to_laserscan/share/pointcloud_to_laserscan/local_setup.zsh
[0.669s] -- Up-to-date symlink: /home/p/ros2_ws/install/pointcloud_to_laserscan/share/pointcloud_to_laserscan/local_setup.dsv
[0.669s] -- Symlinking: /home/p/ros2_ws/install/pointcloud_to_laserscan/share/pointcloud_to_laserscan/package.dsv
[0.707s] -- Up-to-date symlink: /home/p/ros2_ws/install/pointcloud_to_laserscan/share/ament_index/resource_index/packages/pointcloud_to_laserscan
[0.708s] -- Up-to-date symlink: /home/p/ros2_ws/install/pointcloud_to_laserscan/share/ament_index/resource_index/rclcpp_components/pointcloud_to_laserscan
[0.710s] -- Up-to-date symlink: /home/p/ros2_ws/install/pointcloud_to_laserscan/share/pointcloud_to_laserscan/cmake/ament_cmake_export_dependencies-extras.cmake
[0.711s] -- Up-to-date symlink: /home/p/ros2_ws/install/pointcloud_to_laserscan/share/pointcloud_to_laserscan/cmake/pointcloud_to_laserscanConfig.cmake
[0.713s] -- Up-to-date symlink: /home/p/ros2_ws/install/pointcloud_to_laserscan/share/pointcloud_to_laserscan/cmake/pointcloud_to_laserscanConfig-version.cmake
[0.714s] -- Up-to-date symlink: /home/p/ros2_ws/install/pointcloud_to_laserscan/share/pointcloud_to_laserscan/package.xml
[0.715s] -- Up-to-date: /home/p/ros2_ws/install/pointcloud_to_laserscan/lib/liblaserscan_to_pointcloud.so
[0.718s] -- Up-to-date: /home/p/ros2_ws/install/pointcloud_to_laserscan/lib/libpointcloud_to_laserscan.so
[0.723s] Invoked command in '/home/p/ros2_ws/build/pointcloud_to_laserscan' returned '0': CMAKE_PREFIX_PATH=${CMAKE_PREFIX_PATH}:/home/p/ros2_ws/install/mpu9250:/home/p/ros2_ws/install/sweep_builder:/home/p/ros2_ws/install/scan_to_pointcloud:/home/p/ros2_ws/install/mpu9250_py:/home/p/ros2_ws/install/mpu6050_py:/home/p/ros2_ws/install/lidar_imu_tf:/home/p/ros2_ws/install/lidar_imu_correction:/home/p/ros2_ws/install/lidar_icp_odometry:/opt/ros/jazzy DEBUGINFOD_URLS=https://debuginfod.ubuntu.com /usr/bin/cmake --install /home/p/ros2_ws/build/pointcloud_to_laserscan
