running egg_info
creating ../build/lidar_icp_odometry/lidar_icp_odometry.egg-info
writing ../build/lidar_icp_odometry/lidar_icp_odometry.egg-info/PKG-INFO
writing dependency_links to ../build/lidar_icp_odometry/lidar_icp_odometry.egg-info/dependency_links.txt
writing entry points to ../build/lidar_icp_odometry/lidar_icp_odometry.egg-info/entry_points.txt
writing requirements to ../build/lidar_icp_odometry/lidar_icp_odometry.egg-info/requires.txt
writing top-level names to ../build/lidar_icp_odometry/lidar_icp_odometry.egg-info/top_level.txt
writing manifest file '../build/lidar_icp_odometry/lidar_icp_odometry.egg-info/SOURCES.txt'
reading manifest file '../build/lidar_icp_odometry/lidar_icp_odometry.egg-info/SOURCES.txt'
writing manifest file '../build/lidar_icp_odometry/lidar_icp_odometry.egg-info/SOURCES.txt'
running build
running build_py
creating /home/p/ros2_ws/src/build/lidar_icp_odometry/build
creating /home/p/ros2_ws/src/build/lidar_icp_odometry/build/lib
creating /home/p/ros2_ws/src/build/lidar_icp_odometry/build/lib/lidar_icp_odometry
copying lidar_icp_odometry/__init__.py -> /home/p/ros2_ws/src/build/lidar_icp_odometry/build/lib/lidar_icp_odometry
copying lidar_icp_odometry/icp_odom_node.py -> /home/p/ros2_ws/src/build/lidar_icp_odometry/build/lib/lidar_icp_odometry
running install
running install_lib
creating /home/p/ros2_ws/src/install/lidar_icp_odometry/lib/python3.12/site-packages/lidar_icp_odometry
copying /home/p/ros2_ws/src/build/lidar_icp_odometry/build/lib/lidar_icp_odometry/__init__.py -> /home/p/ros2_ws/src/install/lidar_icp_odometry/lib/python3.12/site-packages/lidar_icp_odometry
copying /home/p/ros2_ws/src/build/lidar_icp_odometry/build/lib/lidar_icp_odometry/icp_odom_node.py -> /home/p/ros2_ws/src/install/lidar_icp_odometry/lib/python3.12/site-packages/lidar_icp_odometry
byte-compiling /home/p/ros2_ws/src/install/lidar_icp_odometry/lib/python3.12/site-packages/lidar_icp_odometry/__init__.py to __init__.cpython-312.pyc
byte-compiling /home/p/ros2_ws/src/install/lidar_icp_odometry/lib/python3.12/site-packages/lidar_icp_odometry/icp_odom_node.py to icp_odom_node.cpython-312.pyc
running install_data
creating /home/p/ros2_ws/src/install/lidar_icp_odometry/share/ament_index
creating /home/p/ros2_ws/src/install/lidar_icp_odometry/share/ament_index/resource_index
creating /home/p/ros2_ws/src/install/lidar_icp_odometry/share/ament_index/resource_index/packages
copying resource/lidar_icp_odometry -> /home/p/ros2_ws/src/install/lidar_icp_odometry/share/ament_index/resource_index/packages
creating /home/p/ros2_ws/src/install/lidar_icp_odometry/share/lidar_icp_odometry/launch
copying launch/odometry_launch.py -> /home/p/ros2_ws/src/install/lidar_icp_odometry/share/lidar_icp_odometry/launch
running install_egg_info
Copying ../build/lidar_icp_odometry/lidar_icp_odometry.egg-info to /home/p/ros2_ws/src/install/lidar_icp_odometry/lib/python3.12/site-packages/lidar_icp_odometry-0.1.0-py3.12.egg-info
running install_scripts
Installing icp_odom_node script to /home/p/ros2_ws/src/install/lidar_icp_odometry/lib/lidar_icp_odometry
writing list of installed files to '/home/p/ros2_ws/src/build/lidar_icp_odometry/install.log'
