[3.059s] Invoking command in '/home/p/ros2_ws/src/lidar_icp_odometry': DEBUGINFOD_URLS=https://debuginfod.ubuntu.com PYTHONPATH=/home/p/ros2_ws/src/build/lidar_icp_odometry/prefix_override:/usr/lib/python3/dist-packages/colcon_core/task/python/colcon_distutils_commands:/home/p/ros2_ws/src/install/lidar_icp_odometry/lib/python3.12/site-packages:${PYTHONPATH} /usr/bin/python3 -W ignore:setup.py install is deprecated -W ignore:easy_install command is deprecated setup.py egg_info --egg-base ../build/lidar_icp_odometry build --build-base /home/p/ros2_ws/src/build/lidar_icp_odometry/build install --record /home/p/ros2_ws/src/build/lidar_icp_odometry/install.log --single-version-externally-managed install_data
[3.857s] running egg_info
[3.857s] creating ../build/lidar_icp_odometry/lidar_icp_odometry.egg-info
[3.937s] writing ../build/lidar_icp_odometry/lidar_icp_odometry.egg-info/PKG-INFO
[3.939s] writing dependency_links to ../build/lidar_icp_odometry/lidar_icp_odometry.egg-info/dependency_links.txt
[3.941s] writing entry points to ../build/lidar_icp_odometry/lidar_icp_odometry.egg-info/entry_points.txt
[3.942s] writing requirements to ../build/lidar_icp_odometry/lidar_icp_odometry.egg-info/requires.txt
[3.942s] writing top-level names to ../build/lidar_icp_odometry/lidar_icp_odometry.egg-info/top_level.txt
[3.942s] writing manifest file '../build/lidar_icp_odometry/lidar_icp_odometry.egg-info/SOURCES.txt'
[4.070s] reading manifest file '../build/lidar_icp_odometry/lidar_icp_odometry.egg-info/SOURCES.txt'
[4.073s] writing manifest file '../build/lidar_icp_odometry/lidar_icp_odometry.egg-info/SOURCES.txt'
[4.074s] running build
[4.074s] running build_py
[4.075s] creating /home/p/ros2_ws/src/build/lidar_icp_odometry/build
[4.075s] creating /home/p/ros2_ws/src/build/lidar_icp_odometry/build/lib
[4.075s] creating /home/p/ros2_ws/src/build/lidar_icp_odometry/build/lib/lidar_icp_odometry
[4.075s] copying lidar_icp_odometry/__init__.py -> /home/p/ros2_ws/src/build/lidar_icp_odometry/build/lib/lidar_icp_odometry
[4.075s] copying lidar_icp_odometry/icp_odom_node.py -> /home/p/ros2_ws/src/build/lidar_icp_odometry/build/lib/lidar_icp_odometry
[4.076s] running install
[4.092s] running install_lib
[4.152s] creating /home/p/ros2_ws/src/install/lidar_icp_odometry/lib/python3.12/site-packages/lidar_icp_odometry
[4.153s] copying /home/p/ros2_ws/src/build/lidar_icp_odometry/build/lib/lidar_icp_odometry/__init__.py -> /home/p/ros2_ws/src/install/lidar_icp_odometry/lib/python3.12/site-packages/lidar_icp_odometry
[4.153s] copying /home/p/ros2_ws/src/build/lidar_icp_odometry/build/lib/lidar_icp_odometry/icp_odom_node.py -> /home/p/ros2_ws/src/install/lidar_icp_odometry/lib/python3.12/site-packages/lidar_icp_odometry
[4.156s] byte-compiling /home/p/ros2_ws/src/install/lidar_icp_odometry/lib/python3.12/site-packages/lidar_icp_odometry/__init__.py to __init__.cpython-312.pyc
[4.158s] byte-compiling /home/p/ros2_ws/src/install/lidar_icp_odometry/lib/python3.12/site-packages/lidar_icp_odometry/icp_odom_node.py to icp_odom_node.cpython-312.pyc
[4.164s] running install_data
[4.164s] creating /home/p/ros2_ws/src/install/lidar_icp_odometry/share/ament_index
[4.165s] creating /home/p/ros2_ws/src/install/lidar_icp_odometry/share/ament_index/resource_index
[4.165s] creating /home/p/ros2_ws/src/install/lidar_icp_odometry/share/ament_index/resource_index/packages
[4.165s] copying resource/lidar_icp_odometry -> /home/p/ros2_ws/src/install/lidar_icp_odometry/share/ament_index/resource_index/packages
[4.165s] creating /home/p/ros2_ws/src/install/lidar_icp_odometry/share/lidar_icp_odometry/launch
[4.165s] copying launch/odometry_launch.py -> /home/p/ros2_ws/src/install/lidar_icp_odometry/share/lidar_icp_odometry/launch
[4.171s] running install_egg_info
[4.252s] Copying ../build/lidar_icp_odometry/lidar_icp_odometry.egg-info to /home/p/ros2_ws/src/install/lidar_icp_odometry/lib/python3.12/site-packages/lidar_icp_odometry-0.1.0-py3.12.egg-info
[4.255s] running install_scripts
[4.642s] Installing icp_odom_node script to /home/p/ros2_ws/src/install/lidar_icp_odometry/lib/lidar_icp_odometry
[4.644s] writing list of installed files to '/home/p/ros2_ws/src/build/lidar_icp_odometry/install.log'
[4.792s] Invoked command in '/home/p/ros2_ws/src/lidar_icp_odometry' returned '0': DEBUGINFOD_URLS=https://debuginfod.ubuntu.com PYTHONPATH=/home/p/ros2_ws/src/build/lidar_icp_odometry/prefix_override:/usr/lib/python3/dist-packages/colcon_core/task/python/colcon_distutils_commands:/home/p/ros2_ws/src/install/lidar_icp_odometry/lib/python3.12/site-packages:${PYTHONPATH} /usr/bin/python3 -W ignore:setup.py install is deprecated -W ignore:easy_install command is deprecated setup.py egg_info --egg-base ../build/lidar_icp_odometry build --build-base /home/p/ros2_ws/src/build/lidar_icp_odometry/build install --record /home/p/ros2_ws/src/build/lidar_icp_odometry/install.log --single-version-externally-managed install_data
