-- The C compiler identification is GNU 13.3.0
-- The CXX compiler identification is GNU 13.3.0
-- Detecting C compiler ABI info
-- Detecting C compiler ABI info - done
-- Check for working C compiler: /usr/bin/cc - skipped
-- Detecting C compile features
-- Detecting C compile features - done
-- Detecting CXX compiler ABI info
-- Detecting CXX compiler ABI info - done
-- Check for working CXX compiler: /usr/bin/c++ - skipped
-- Detecting CXX compile features
-- Detecting CXX compile features - done
-- Found ament_cmake: 2.5.4 (/opt/ros/jazzy/share/ament_cmake/cmake)
-- Found Python3: /usr/bin/python3 (found version "3.12.3") found components: Interpreter 
-- Override CMake install command with custom implementation using symlinks instead of copying resources
-- Found rclcpp: 28.1.9 (/opt/ros/jazzy/share/rclcpp/cmake)
-- Found rosidl_generator_c: 4.6.5 (/opt/ros/jazzy/share/rosidl_generator_c/cmake)
-- Found rosidl_generator_cpp: 4.6.5 (/opt/ros/jazzy/share/rosidl_generator_cpp/cmake)
-- Using all available rosidl_typesupport_c: rosidl_typesupport_fastrtps_c;rosidl_typesupport_introspection_c
-- Using all available rosidl_typesupport_cpp: rosidl_typesupport_fastrtps_cpp;rosidl_typesupport_introspection_cpp
-- Found rmw_implementation_cmake: 7.3.2 (/opt/ros/jazzy/share/rmw_implementation_cmake/cmake)
-- Found rmw_fastrtps_cpp: 8.4.2 (/opt/ros/jazzy/share/rmw_fastrtps_cpp/cmake)
-- Found OpenSSL: /usr/lib/aarch64-linux-gnu/libcrypto.so (found version "3.0.13")  
-- Found FastRTPS: /opt/ros/jazzy/include (Required is at least version "2.13") 
-- Using RMW implementation 'rmw_fastrtps_cpp' as default
-- Found std_msgs: 5.3.6 (/opt/ros/jazzy/share/std_msgs/cmake)
-- Found geometry_msgs: 5.3.6 (/opt/ros/jazzy/share/geometry_msgs/cmake)
-- Found sensor_msgs: 5.3.6 (/opt/ros/jazzy/share/sensor_msgs/cmake)
-- Found nav_msgs: 5.3.6 (/opt/ros/jazzy/share/nav_msgs/cmake)
-- Found tf2: 0.36.10 (/opt/ros/jazzy/share/tf2/cmake)
-- Found tf2_ros: 0.36.10 (/opt/ros/jazzy/share/tf2_ros/cmake)
-- Found visualization_msgs: 5.3.6 (/opt/ros/jazzy/share/visualization_msgs/cmake)
-- Performing Test CMAKE_HAVE_LIBC_PTHREAD
-- Performing Test CMAKE_HAVE_LIBC_PTHREAD - Success
-- Found Threads: TRUE  
-- Found AMD headers in: /usr/include/suitesparse
-- Found AMD library: /usr/lib/aarch64-linux-gnu/libamd.so
-- Found CAMD headers in: /usr/include/suitesparse
-- Found CAMD library: /usr/lib/aarch64-linux-gnu/libcamd.so
-- Found CCOLAMD headers in: /usr/include/suitesparse
-- Found CCOLAMD library: /usr/lib/aarch64-linux-gnu/libccolamd.so
-- Found CHOLMOD headers in: /usr/include/suitesparse
-- Found CHOLMOD library: /usr/lib/aarch64-linux-gnu/libcholmod.so
-- Found COLAMD headers in: /usr/include/suitesparse
-- Found COLAMD library: /usr/lib/aarch64-linux-gnu/libcolamd.so
-- Found SPQR headers in: /usr/include/suitesparse
-- Found SPQR library: /usr/lib/aarch64-linux-gnu/libspqr.so
-- Found Config headers in: /usr/include/suitesparse
-- Found Config library: /usr/lib/aarch64-linux-gnu/libsuitesparseconfig.so
-- Found Intel Thread Building Blocks (TBB) library (2021.11 / ) include location: . Assuming SuiteSparseQR was compiled with TBB.
-- Looking for shm_open in rt
-- Looking for shm_open in rt - found
-- Adding librt to SuiteSparse_config libraries (required on Linux & Unix [not OSX] if SuiteSparse is compiled with timing).
-- Could NOT find METIS (missing: METIS_INCLUDE_DIR METIS_LIBRARY) 
-- Found SuiteSparse: /usr/include/suitesparse (found suitable version "7.6.1", minimum required is "7.6.1") found components: AMD CAMD CCOLAMD CHOLMOD COLAMD SPQR Config 
-- Found required Ceres dependency: Eigen version 3.4.0 in /usr/share/eigen3/cmake
-- Found required Ceres dependency: glog
-- Found required Ceres dependency: gflags
-- Found Ceres version: 2.2.0 installed in: /usr with components: [EigenSparse, SparseLinearAlgebraLibrary, LAPACK, SuiteSparse, SchurSpecializations]
-- Found cartographer_ros: 2.0.9003 (/home/p/ros2_ws/install/cartographer_ros/share/cartographer_ros/cmake)
[33mCMake Warning (dev) at /usr/lib/aarch64-linux-gnu/cmake/pcl/Modules/FindFLANN.cmake:45 (find_package):
  Policy CMP0144 is not set: find_package uses upper-case <PACKAGENAME>_ROOT
  variables.  Run "cmake --help-policy CMP0144" for policy details.  Use the
  cmake_policy command to set the policy and suppress this warning.

  CMake variable FLANN_ROOT is set to:

    /usr

  For compatibility, find_package is ignoring the variable, but code in a
  .cmake module might still use it.
Call Stack (most recent call first):
  /usr/lib/aarch64-linux-gnu/cmake/pcl/PCLConfig.cmake:261 (find_package)
  /usr/lib/aarch64-linux-gnu/cmake/pcl/PCLConfig.cmake:306 (find_flann)
  /usr/lib/aarch64-linux-gnu/cmake/pcl/PCLConfig.cmake:570 (find_external_library)
  /opt/ros/jazzy/share/pcl_conversions/cmake/ament_cmake_export_dependencies-extras.cmake:21 (find_package)
  /opt/ros/jazzy/share/pcl_conversions/cmake/pcl_conversionsConfig.cmake:41 (include)
  /home/p/ros2_ws/install/cartographer_ros/share/cartographer_ros/cmake/ament_cmake_export_dependencies-extras.cmake:21 (find_package)
  /home/p/ros2_ws/install/cartographer_ros/share/cartographer_ros/cmake/cartographer_rosConfig.cmake:41 (include)
  CMakeLists.txt:23 (find_package)
This warning is for project developers.  Use -Wno-dev to suppress it.
[0m
-- Found flann version 1.9.2
-- Found OpenMP_CXX: -fopenmp (found version "4.5") 
-- Found OpenMP: TRUE (found version "4.5") found components: CXX 
-- Checking for module 'libusb-1.0'
--   Found libusb-1.0, version 1.0.27
-- Found libusb: /usr/lib/aarch64-linux-gnu/libusb-1.0.so  
-- OpenNI found (version: 1.5.4.0, include: /usr/include/ni, lib: /usr/lib/libOpenNI.so;libusb::libusb)
-- OpenNI2 found (version: 2.2.0.33, include: /usr/include/openni2, lib: /usr/lib/aarch64-linux-gnu/libOpenNI2.so;libusb::libusb)
-- Could NOT find Pcap (missing: PCAP_LIBRARIES PCAP_INCLUDE_DIRS) 
-- Found ZLIB: /usr/lib/aarch64-linux-gnu/libz.so (found version "1.3")  
-- Found PNG: /usr/lib/aarch64-linux-gnu/libpng.so (found version "1.6.43") 
-- OpenNI found (version: 1.5.4.0, include: /usr/include/ni, lib: /usr/lib/libOpenNI.so;libusb::libusb)
-- OpenNI2 found (version: 2.2.0.33, include: /usr/include/openni2, lib: /usr/lib/aarch64-linux-gnu/libOpenNI2.so;libusb::libusb)
-- Found Qhull version 8.0.2
-- OpenNI found (version: 1.5.4.0, include: /usr/include/ni, lib: /usr/lib/libOpenNI.so;libusb::libusb)
-- Found PCL_COMMON: /usr/lib/aarch64-linux-gnu/libpcl_common.so  
-- Found PCL_KDTREE: /usr/lib/aarch64-linux-gnu/libpcl_kdtree.so  
-- Found PCL_OCTREE: /usr/lib/aarch64-linux-gnu/libpcl_octree.so  
-- Found PCL_SEARCH: /usr/lib/aarch64-linux-gnu/libpcl_search.so  
-- Found PCL_SAMPLE_CONSENSUS: /usr/lib/aarch64-linux-gnu/libpcl_sample_consensus.so  
-- Found PCL_FILTERS: /usr/lib/aarch64-linux-gnu/libpcl_filters.so  
-- Found PCL_2D: /usr/include/pcl-1.14  
-- Found PCL_GEOMETRY: /usr/include/pcl-1.14  
-- Found PCL_IO: /usr/lib/aarch64-linux-gnu/libpcl_io.so  
-- Found PCL_FEATURES: /usr/lib/aarch64-linux-gnu/libpcl_features.so  
-- Found PCL_ML: /usr/lib/aarch64-linux-gnu/libpcl_ml.so  
-- Found PCL_SEGMENTATION: /usr/lib/aarch64-linux-gnu/libpcl_segmentation.so  
-- Found PCL_VISUALIZATION: /usr/lib/aarch64-linux-gnu/libpcl_visualization.so  
-- Found PCL_SURFACE: /usr/lib/aarch64-linux-gnu/libpcl_surface.so  
-- Found PCL_REGISTRATION: /usr/lib/aarch64-linux-gnu/libpcl_registration.so  
-- Found PCL_KEYPOINTS: /usr/lib/aarch64-linux-gnu/libpcl_keypoints.so  
-- Found PCL_TRACKING: /usr/lib/aarch64-linux-gnu/libpcl_tracking.so  
-- Found PCL_RECOGNITION: /usr/lib/aarch64-linux-gnu/libpcl_recognition.so  
-- Found PCL_STEREO: /usr/lib/aarch64-linux-gnu/libpcl_stereo.so  
-- Found PCL_APPS: /usr/lib/aarch64-linux-gnu/libpcl_apps.so  
-- Found PCL_IN_HAND_SCANNER: /usr/include/pcl-1.14  
-- Found PCL_MODELER: /usr/include/pcl-1.14  
-- Found PCL_POINT_CLOUD_EDITOR: /usr/include/pcl-1.14  
-- Found PCL_OUTOFCORE: /usr/lib/aarch64-linux-gnu/libpcl_outofcore.so  
-- Found PCL_PEOPLE: /usr/lib/aarch64-linux-gnu/libpcl_people.so  
-- Setting yaml-cpp_DIR to: '/opt/ros/jazzy/share/yaml_cpp_vendor/cmake/../../../opt/yaml_cpp_vendor/share/cmake/yaml-cpp'
-- Found ament_lint_auto: 0.17.2 (/opt/ros/jazzy/share/ament_lint_auto/cmake)
-- Added test 'copyright' to check source files copyright and LICENSE
-- Added test 'flake8' to check Python code syntax and style conventions
-- Configured 'flake8' exclude dirs and/or files: 
-- Added test 'lint_cmake' to check CMake code style
-- Added test 'pep257' to check Python code against some of the docstring style conventions in PEP 257
-- Added test 'xmllint' to check XML markup files
-- Configuring done (14.1s)
-- Generating done (0.0s)
-- Build files have been written to: /home/p/ros2_ws/build/lidar_imu_cartographer
-- Install configuration: ""
-- Execute custom install script
-- Symlinking: /home/p/ros2_ws/install/lidar_imu_cartographer/share/lidar_imu_cartographer//config/backup/backpack_3d.lua
-- Symlinking: /home/p/ros2_ws/install/lidar_imu_cartographer/share/lidar_imu_cartographer//config/backup/cartographer_3d.lua.bak
-- Symlinking: /home/p/ros2_ws/install/lidar_imu_cartographer/share/lidar_imu_cartographer//config/backup/cartographer_3d_debug.lua
-- Symlinking: /home/p/ros2_ws/install/lidar_imu_cartographer/share/lidar_imu_cartographer//config/backup/cartographer_3d_final.lua
-- Symlinking: /home/p/ros2_ws/install/lidar_imu_cartographer/share/lidar_imu_cartographer//config/backup/cartographer_3d_fixed.lua
-- Symlinking: /home/p/ros2_ws/install/lidar_imu_cartographer/share/lidar_imu_cartographer//config/backup/cartographer_3d_minimal.lua
-- Symlinking: /home/p/ros2_ws/install/lidar_imu_cartographer/share/lidar_imu_cartographer//config/backup/cartographer_3d_real.lua
-- Symlinking: /home/p/ros2_ws/install/lidar_imu_cartographer/share/lidar_imu_cartographer//config/backup/cartographer_3d_scan_imu.lua.bak
-- Symlinking: /home/p/ros2_ws/install/lidar_imu_cartographer/share/lidar_imu_cartographer//config/backup/cartographer_3d_simple.lua
-- Symlinking: /home/p/ros2_ws/install/lidar_imu_cartographer/share/lidar_imu_cartographer//config/backup/cartographer_3d_solution.lua
-- Symlinking: /home/p/ros2_ws/install/lidar_imu_cartographer/share/lidar_imu_cartographer//config/cartographer_2d.lua
-- Symlinking: /home/p/ros2_ws/install/lidar_imu_cartographer/share/lidar_imu_cartographer//config/cartographer_2d_scan_imu.lua
-- Symlinking: /home/p/ros2_ws/install/lidar_imu_cartographer/share/lidar_imu_cartographer//config/cartographer_3d.lua
-- Symlinking: /home/p/ros2_ws/install/lidar_imu_cartographer/share/lidar_imu_cartographer//config/cartographer_3d_scan_imu.lua
-- Symlinking: /home/p/ros2_ws/install/lidar_imu_cartographer/share/lidar_imu_cartographer//launch/backup/cartographer_2d_launch.py
-- Symlinking: /home/p/ros2_ws/install/lidar_imu_cartographer/share/lidar_imu_cartographer//launch/backup/cartographer_3d_complete.launch.py
-- Symlinking: /home/p/ros2_ws/install/lidar_imu_cartographer/share/lidar_imu_cartographer//launch/backup/cartographer_3d_delayed.launch.py
-- Symlinking: /home/p/ros2_ws/install/lidar_imu_cartographer/share/lidar_imu_cartographer//launch/backup/cartographer_3d_final.launch.py
-- Symlinking: /home/p/ros2_ws/install/lidar_imu_cartographer/share/lidar_imu_cartographer//launch/backup/cartographer_3d_fixed.launch.py
-- Symlinking: /home/p/ros2_ws/install/lidar_imu_cartographer/share/lidar_imu_cartographer//launch/backup/cartographer_3d_fixed_imu.launch.py
-- Symlinking: /home/p/ros2_ws/install/lidar_imu_cartographer/share/lidar_imu_cartographer//launch/backup/cartographer_3d_launch.py
-- Symlinking: /home/p/ros2_ws/install/lidar_imu_cartographer/share/lidar_imu_cartographer//launch/backup/cartographer_3d_real.launch.py
-- Symlinking: /home/p/ros2_ws/install/lidar_imu_cartographer/share/lidar_imu_cartographer//launch/backup/cartographer_3d_revised.launch.py
-- Symlinking: /home/p/ros2_ws/install/lidar_imu_cartographer/share/lidar_imu_cartographer//launch/backup/cartographer_3d_revised.launch.py.bak
-- Symlinking: /home/p/ros2_ws/install/lidar_imu_cartographer/share/lidar_imu_cartographer//launch/backup/cartographer_3d_simple.launch.py
-- Symlinking: /home/p/ros2_ws/install/lidar_imu_cartographer/share/lidar_imu_cartographer//launch/backup/cartographer_3d_slam.py
-- Symlinking: /home/p/ros2_ws/install/lidar_imu_cartographer/share/lidar_imu_cartographer//launch/backup/cartographer_3d_solution.launch.py
-- Symlinking: /home/p/ros2_ws/install/lidar_imu_cartographer/share/lidar_imu_cartographer//launch/backup/cartographer_3d_stable.launch.py
-- Symlinking: /home/p/ros2_ws/install/lidar_imu_cartographer/share/lidar_imu_cartographer//launch/backup/cartographer_3d_working.launch.py
-- Symlinking: /home/p/ros2_ws/install/lidar_imu_cartographer/share/lidar_imu_cartographer//launch/backup/cartographer_3d_working_final.launch.py
-- Symlinking: /home/p/ros2_ws/install/lidar_imu_cartographer/share/lidar_imu_cartographer//launch/backup/cartographer_debug.launch.py
-- Symlinking: /home/p/ros2_ws/install/lidar_imu_cartographer/share/lidar_imu_cartographer//launch/backup/cartographer_simple.launch.py
-- Symlinking: /home/p/ros2_ws/install/lidar_imu_cartographer/share/lidar_imu_cartographer//launch/backup/cartographer_simple_fixed.launch.py
-- Symlinking: /home/p/ros2_ws/install/lidar_imu_cartographer/share/lidar_imu_cartographer//launch/backup/create_rviz_config.py
-- Symlinking: /home/p/ros2_ws/install/lidar_imu_cartographer/share/lidar_imu_cartographer//launch/backup/lidar_imu_cartographer_2d.launch.py
-- Symlinking: /home/p/ros2_ws/install/lidar_imu_cartographer/share/lidar_imu_cartographer//launch/backup/lidar_imu_cartographer_2d_revised.launch.py
-- Symlinking: /home/p/ros2_ws/install/lidar_imu_cartographer/share/lidar_imu_cartographer//launch/backup/lidar_imu_cartographer_3d_debug.py
-- Symlinking: /home/p/ros2_ws/install/lidar_imu_cartographer/share/lidar_imu_cartographer//launch/backup/lidar_imu_cartographer_3d_full.launch.py
-- Symlinking: /home/p/ros2_ws/install/lidar_imu_cartographer/share/lidar_imu_cartographer//launch/backup/lidar_imu_cartographer_3d_launch.py
-- Symlinking: /home/p/ros2_ws/install/lidar_imu_cartographer/share/lidar_imu_cartographer//launch/backup/lidar_imu_cartographer_3d_revised.launch.py
-- Symlinking: /home/p/ros2_ws/install/lidar_imu_cartographer/share/lidar_imu_cartographer//launch/backup/lidar_imu_cartographer_launch.py
-- Symlinking: /home/p/ros2_ws/install/lidar_imu_cartographer/share/lidar_imu_cartographer//launch/backup/lidar_imu_cartographer_launch.py.bak
-- Symlinking: /home/p/ros2_ws/install/lidar_imu_cartographer/share/lidar_imu_cartographer//launch/backup/minimal_3d_cartographer.launch.py
-- Symlinking: /home/p/ros2_ws/install/lidar_imu_cartographer/share/lidar_imu_cartographer//launch/backup/sensors_with_cartographer_2d_launch.py
-- Symlinking: /home/p/ros2_ws/install/lidar_imu_cartographer/share/lidar_imu_cartographer//launch/backup/sensors_with_cartographer_3d_launch.py
-- Symlinking: /home/p/ros2_ws/install/lidar_imu_cartographer/share/lidar_imu_cartographer//launch/backup/sensors_with_cartographer_3d_launch.py.bak
-- Symlinking: /home/p/ros2_ws/install/lidar_imu_cartographer/share/lidar_imu_cartographer//launch/slam_2d.launch.py
-- Symlinking: /home/p/ros2_ws/install/lidar_imu_cartographer/share/lidar_imu_cartographer//launch/slam_3d.launch.py
-- Symlinking: /home/p/ros2_ws/install/lidar_imu_cartographer/share/lidar_imu_cartographer//launch/slam_mapping_test.launch.py
-- Symlinking: /home/p/ros2_ws/install/lidar_imu_cartographer/share/lidar_imu_cartographer//launch/test.launch.py
-- Symlinking: /home/p/ros2_ws/install/lidar_imu_cartographer/share/lidar_imu_cartographer//rviz/cartographer_2d.rviz
-- Symlinking: /home/p/ros2_ws/install/lidar_imu_cartographer/share/lidar_imu_cartographer//rviz/cartographer_3d.rviz
-- Symlinking: /home/p/ros2_ws/install/lidar_imu_cartographer/lib/lidar_imu_cartographer/debug_cartographer.py
-- Symlinking: /home/p/ros2_ws/install/lidar_imu_cartographer/share/ament_index/resource_index/package_run_dependencies/lidar_imu_cartographer
-- Symlinking: /home/p/ros2_ws/install/lidar_imu_cartographer/share/ament_index/resource_index/parent_prefix_path/lidar_imu_cartographer
-- Symlinking: /home/p/ros2_ws/install/lidar_imu_cartographer/share/lidar_imu_cartographer/environment/ament_prefix_path.sh
-- Symlinking: /home/p/ros2_ws/install/lidar_imu_cartographer/share/lidar_imu_cartographer/environment/ament_prefix_path.dsv
-- Symlinking: /home/p/ros2_ws/install/lidar_imu_cartographer/share/lidar_imu_cartographer/environment/path.sh
-- Symlinking: /home/p/ros2_ws/install/lidar_imu_cartographer/share/lidar_imu_cartographer/environment/path.dsv
-- Symlinking: /home/p/ros2_ws/install/lidar_imu_cartographer/share/lidar_imu_cartographer/local_setup.bash
-- Symlinking: /home/p/ros2_ws/install/lidar_imu_cartographer/share/lidar_imu_cartographer/local_setup.sh
-- Symlinking: /home/p/ros2_ws/install/lidar_imu_cartographer/share/lidar_imu_cartographer/local_setup.zsh
-- Symlinking: /home/p/ros2_ws/install/lidar_imu_cartographer/share/lidar_imu_cartographer/local_setup.dsv
-- Symlinking: /home/p/ros2_ws/install/lidar_imu_cartographer/share/lidar_imu_cartographer/package.dsv
-- Symlinking: /home/p/ros2_ws/install/lidar_imu_cartographer/share/ament_index/resource_index/packages/lidar_imu_cartographer
-- Symlinking: /home/p/ros2_ws/install/lidar_imu_cartographer/share/lidar_imu_cartographer/cmake/lidar_imu_cartographerConfig.cmake
-- Symlinking: /home/p/ros2_ws/install/lidar_imu_cartographer/share/lidar_imu_cartographer/cmake/lidar_imu_cartographerConfig-version.cmake
-- Symlinking: /home/p/ros2_ws/install/lidar_imu_cartographer/share/lidar_imu_cartographer/package.xml
-- Up-to-date symlink: /home/p/ros2_ws/install/lidar_imu_cartographer/share/lidar_imu_cartographer/config/backup/backpack_3d.lua
-- Up-to-date symlink: /home/p/ros2_ws/install/lidar_imu_cartographer/share/lidar_imu_cartographer/config/backup/cartographer_3d.lua.bak
-- Up-to-date symlink: /home/p/ros2_ws/install/lidar_imu_cartographer/share/lidar_imu_cartographer/config/backup/cartographer_3d_debug.lua
-- Up-to-date symlink: /home/p/ros2_ws/install/lidar_imu_cartographer/share/lidar_imu_cartographer/config/backup/cartographer_3d_final.lua
-- Up-to-date symlink: /home/p/ros2_ws/install/lidar_imu_cartographer/share/lidar_imu_cartographer/config/backup/cartographer_3d_fixed.lua
-- Up-to-date symlink: /home/p/ros2_ws/install/lidar_imu_cartographer/share/lidar_imu_cartographer/config/backup/cartographer_3d_minimal.lua
-- Up-to-date symlink: /home/p/ros2_ws/install/lidar_imu_cartographer/share/lidar_imu_cartographer/config/backup/cartographer_3d_real.lua
-- Up-to-date symlink: /home/p/ros2_ws/install/lidar_imu_cartographer/share/lidar_imu_cartographer/config/backup/cartographer_3d_scan_imu.lua.bak
-- Up-to-date symlink: /home/p/ros2_ws/install/lidar_imu_cartographer/share/lidar_imu_cartographer/config/backup/cartographer_3d_simple.lua
-- Up-to-date symlink: /home/p/ros2_ws/install/lidar_imu_cartographer/share/lidar_imu_cartographer/config/backup/cartographer_3d_solution.lua
-- Up-to-date symlink: /home/p/ros2_ws/install/lidar_imu_cartographer/share/lidar_imu_cartographer/config/cartographer_2d.lua
-- Up-to-date symlink: /home/p/ros2_ws/install/lidar_imu_cartographer/share/lidar_imu_cartographer/config/cartographer_2d_scan_imu.lua
-- Up-to-date symlink: /home/p/ros2_ws/install/lidar_imu_cartographer/share/lidar_imu_cartographer/config/cartographer_3d.lua
-- Up-to-date symlink: /home/p/ros2_ws/install/lidar_imu_cartographer/share/lidar_imu_cartographer/config/cartographer_3d_scan_imu.lua
