[0.017s] Invoking command in '/home/p/ros2_ws/src/build/cpp_package': CMAKE_PREFIX_PATH=${CMAKE_PREFIX_PATH}:/home/p/ros2_ws/install/sweep_builder:/home/p/ros2_ws/install/optical_cane_rpi:/home/p/ros2_ws/install/mpu9250:/opt/ros/jazzy DEBUGINFOD_URLS=https://debuginfod.ubuntu.com /usr/bin/cmake --build /home/p/ros2_ws/src/build/cpp_package -- -j4 -l4
[0.077s] -- Found ament_cmake: 2.5.4 (/opt/ros/jazzy/share/ament_cmake/cmake)
[0.124s] -- Found Python3: /usr/bin/python3 (found version "3.12.3") found components: Interpreter 
[0.273s] -- Found rclcpp: 28.1.10 (/opt/ros/jazzy/share/rclcpp/cmake)
[0.311s] -- Found rosidl_generator_c: 4.6.5 (/opt/ros/jazzy/share/rosidl_generator_c/cmake)
[0.324s] -- Found rosidl_generator_cpp: 4.6.5 (/opt/ros/jazzy/share/rosidl_generator_cpp/cmake)
[0.341s] -- Using all available rosidl_typesupport_c: rosidl_typesupport_fastrtps_c;rosidl_typesupport_introspection_c
[0.363s] -- Using all available rosidl_typesupport_cpp: rosidl_typesupport_fastrtps_cpp;rosidl_typesupport_introspection_cpp
[0.446s] -- Found rmw_implementation_cmake: 7.3.2 (/opt/ros/jazzy/share/rmw_implementation_cmake/cmake)
[0.449s] -- Found rmw_fastrtps_cpp: 8.4.2 (/opt/ros/jazzy/share/rmw_fastrtps_cpp/cmake)
[0.550s] -- Using RMW implementation 'rmw_fastrtps_cpp' as default
[0.637s] -- Found sensor_msgs: 5.3.6 (/opt/ros/jazzy/share/sensor_msgs/cmake)
[0.711s] -- Found nav_msgs: 5.3.6 (/opt/ros/jazzy/share/nav_msgs/cmake)
[0.746s] -- Found visualization_msgs: 5.3.6 (/opt/ros/jazzy/share/visualization_msgs/cmake)
[0.781s] -- Found tf2_ros: 0.36.12 (/opt/ros/jazzy/share/tf2_ros/cmake)
[0.925s] -- Found tf2_geometry_msgs: 0.36.12 (/opt/ros/jazzy/share/tf2_geometry_msgs/cmake)
[0.931s] -- Found eigen3_cmake_module: 0.3.0 (/opt/ros/jazzy/share/eigen3_cmake_module/cmake)
[0.933s] -- Ensuring Eigen3 include directory is part of orocos-kdl CMake target
[0.935s] -- Found tf2_eigen: 0.36.12 (/opt/ros/jazzy/share/tf2_eigen/cmake)
[0.941s] -- Found rosidl_default_generators: 1.6.0 (/opt/ros/jazzy/share/rosidl_default_generators/cmake)
[0.953s] -- Found rosidl_adapter: 4.6.5 (/opt/ros/jazzy/share/rosidl_adapter/cmake)
[0.956s] -- Found pcl_ros: 2.6.2 (/opt/ros/jazzy/share/pcl_ros/cmake)
[1.030s] CMake Warning (dev) at /usr/lib/aarch64-linux-gnu/cmake/pcl/Modules/FindFLANN.cmake:45 (find_package):
[1.031s]   Policy CMP0144 is not set: find_package uses upper-case <PACKAGENAME>_ROOT
[1.031s]   variables.  Run "cmake --help-policy CMP0144" for policy details.  Use the
[1.031s]   cmake_policy command to set the policy and suppress this warning.
[1.031s] 
[1.031s]   CMake variable FLANN_ROOT is set to:
[1.031s] 
[1.031s]     /usr
[1.031s] 
[1.031s]   For compatibility, find_package is ignoring the variable, but code in a
[1.031s]   .cmake module might still use it.
[1.032s] Call Stack (most recent call first):
[1.032s]   /usr/lib/aarch64-linux-gnu/cmake/pcl/PCLConfig.cmake:261 (find_package)
[1.032s]   /usr/lib/aarch64-linux-gnu/cmake/pcl/PCLConfig.cmake:306 (find_flann)
[1.032s]   /usr/lib/aarch64-linux-gnu/cmake/pcl/PCLConfig.cmake:570 (find_external_library)
[1.032s]   /opt/ros/jazzy/share/pcl_conversions/cmake/ament_cmake_export_dependencies-extras.cmake:21 (find_package)
[1.032s]   /opt/ros/jazzy/share/pcl_conversions/cmake/pcl_conversionsConfig.cmake:41 (include)
[1.032s]   /opt/ros/jazzy/share/pcl_ros/cmake/ament_cmake_export_dependencies-extras.cmake:21 (find_package)
[1.032s]   /opt/ros/jazzy/share/pcl_ros/cmake/pcl_rosConfig.cmake:41 (include)
[1.032s]   CMakeLists.txt:30 (find_package)
[1.032s] This warning is for project developers.  Use -Wno-dev to suppress it.
[1.032s] 
[1.032s] -- Found flann version 1.9.2
[1.757s] -- OpenNI found (version: 1.5.4.0, include: /usr/include/ni, lib: /usr/lib/libOpenNI.so;libusb::libusb)
[1.770s] -- OpenNI2 found (version: 2.2.0.33, include: /usr/include/openni2, lib: /usr/lib/aarch64-linux-gnu/libOpenNI2.so;libusb::libusb)
[1.775s] -- Could NOT find Pcap (missing: PCAP_LIBRARIES PCAP_INCLUDE_DIRS) 
[2.537s] -- OpenNI found (version: 1.5.4.0, include: /usr/include/ni, lib: /usr/lib/libOpenNI.so;libusb::libusb)
[2.550s] -- OpenNI2 found (version: 2.2.0.33, include: /usr/include/openni2, lib: /usr/lib/aarch64-linux-gnu/libOpenNI2.so;libusb::libusb)
[3.238s] -- Found Qhull version 8.0.2
[3.947s] -- OpenNI found (version: 1.5.4.0, include: /usr/include/ni, lib: /usr/lib/libOpenNI.so;libusb::libusb)
[4.687s] CMake Warning (dev) at CMakeLists.txt:32 (find_package):
[4.687s]   Policy CMP0074 is not set: find_package uses <PackageName>_ROOT variables.
[4.687s]   Run "cmake --help-policy CMP0074" for policy details.  Use the cmake_policy
[4.687s]   command to set the policy and suppress this warning.
[4.687s] 
[4.687s]   CMake variable PCL_ROOT is set to:
[4.687s] 
[4.687s]     /usr
[4.687s] 
[4.688s]   For compatibility, CMake is ignoring the variable.
[4.688s] This warning is for project developers.  Use -Wno-dev to suppress it.
[4.688s] 
[5.186s] -- Found ament_cmake_ros: 0.12.0 (/opt/ros/jazzy/share/ament_cmake_ros/cmake)
[5.558s] -- Using all available rosidl_typesupport_c: rosidl_typesupport_fastrtps_c;rosidl_typesupport_introspection_c
[5.704s] -- Using all available rosidl_typesupport_cpp: rosidl_typesupport_fastrtps_cpp;rosidl_typesupport_introspection_cpp
[5.705s] -- Found python_cmake_module: 0.11.1 (/opt/ros/jazzy/share/python_cmake_module/cmake)
[6.197s] -- Found Python3: /usr/bin/python3 (found version "3.12.3") found components: Interpreter Development NumPy Development.Module Development.Embed 
[6.544s] -- Configuring done (6.5s)
[7.567s] -- Generating done (0.9s)
[7.689s] -- Build files have been written to: /home/p/ros2_ws/src/build/cpp_package
[7.853s] [  1%] Built target cpp_package__rosidl_generator_type_description
[7.907s] [  1%] Built target ament_cmake_python_copy_cpp_package
[7.915s] [  3%] Built target pointcloud_formatter_node
[7.933s] [  5%] Built target icp_3d_odom_node
[7.996s] [  7%] Built target front_cloud_filter_node
[8.052s] [ 10%] Built target deskew_node
[8.053s] [ 12%] Built target obstacle_detector_node
[8.063s] [ 14%] Built target point_cloud_sweeper_cpp_node
[8.126s] [ 17%] Built target point_cloud_accumulator_cpp_node
[8.151s] [ 19%] Built target point_cloud_voxel_filter_cpp_node
[8.167s] [ 21%] Built target point_cloud_statistical_outlier_remover_cpp_node
[8.175s] [ 23%] Built target point_cloud_passthrough_filter_cpp_node
[8.239s] [ 26%] Built target point_count_sweeper_node
[8.273s] [ 28%] Built target z_variance_sweeper_node
[8.283s] [ 30%] Built target projected_ground_detector_node
[8.295s] [ 32%] Built target stable_ground_detector_node
[8.334s] [ 34%] Building CXX object CMakeFiles/imu_odometry_node.dir/src/imu_odometry_node.cpp.o
[8.341s] [ 35%] Built target cpp_package__cpp
[8.397s] [ 37%] Built target height_ground_detector_node
[8.401s] [ 46%] Built target cpp_package__rosidl_generator_c
[8.495s] [ 51%] Built target cpp_package__rosidl_typesupport_fastrtps_c
[8.514s] [ 55%] Built target cpp_package__rosidl_typesupport_cpp
[8.579s] [ 60%] Built target cpp_package__rosidl_typesupport_fastrtps_cpp
[8.612s] [ 64%] Built target cpp_package__rosidl_typesupport_introspection_c
[8.674s] [ 69%] Built target cpp_package__rosidl_typesupport_c
[8.723s] [ 73%] Built target cpp_package__rosidl_typesupport_introspection_cpp
[8.778s] [ 76%] Built target obstacle_evaluator_node
[8.856s] [ 78%] Built target navigation_hint_node
[8.876s] [ 80%] Built target haptic_driver_node
[8.886s] running egg_info
[8.989s] writing cpp_package.egg-info/PKG-INFO
[8.990s] writing dependency_links to cpp_package.egg-info/dependency_links.txt
[8.991s] writing top-level names to cpp_package.egg-info/top_level.txt
[9.014s] [ 82%] Built target ground_plane_fitter_no_voxel_node
[9.018s] [ 85%] Built target ground_plane_fitter_node
[9.110s] [ 85%] Built target cpp_package
[9.178s] [ 86%] Built target cpp_package__py
[9.205s] [ 88%] Built target ground_plane_fitter_lock_plane_node
[9.239s] reading manifest file 'cpp_package.egg-info/SOURCES.txt'
[9.239s] writing manifest file 'cpp_package.egg-info/SOURCES.txt'
[9.301s] [ 92%] Built target cpp_package__rosidl_generator_py
[9.396s] [ 92%] Built target ament_cmake_python_build_cpp_package_egg
[9.413s] [ 94%] Built target cpp_package_s__rosidl_typesupport_introspection_c
[9.436s] [ 96%] Built target cpp_package_s__rosidl_typesupport_fastrtps_c
[9.455s] [ 98%] Built target cpp_package_s__rosidl_typesupport_c
[21.761s] [100%] Linking CXX executable imu_odometry_node
[23.389s] [100%] Built target imu_odometry_node
[23.415s] Invoked command in '/home/p/ros2_ws/src/build/cpp_package' returned '0': CMAKE_PREFIX_PATH=${CMAKE_PREFIX_PATH}:/home/p/ros2_ws/install/sweep_builder:/home/p/ros2_ws/install/optical_cane_rpi:/home/p/ros2_ws/install/mpu9250:/opt/ros/jazzy DEBUGINFOD_URLS=https://debuginfod.ubuntu.com /usr/bin/cmake --build /home/p/ros2_ws/src/build/cpp_package -- -j4 -l4
[23.435s] Invoking command in '/home/p/ros2_ws/src/build/cpp_package': CMAKE_PREFIX_PATH=${CMAKE_PREFIX_PATH}:/home/p/ros2_ws/install/sweep_builder:/home/p/ros2_ws/install/optical_cane_rpi:/home/p/ros2_ws/install/mpu9250:/opt/ros/jazzy DEBUGINFOD_URLS=https://debuginfod.ubuntu.com /usr/bin/cmake --install /home/p/ros2_ws/src/build/cpp_package
[23.454s] -- Install configuration: ""
[23.454s] -- Up-to-date: /home/p/ros2_ws/src/install/cpp_package/share/ament_index/resource_index/rosidl_interfaces/cpp_package
[23.454s] -- Up-to-date: /home/p/ros2_ws/src/install/cpp_package/share/cpp_package/msg/ObstacleFeedback.json
[23.454s] -- Up-to-date: /home/p/ros2_ws/src/install/cpp_package/share/cpp_package/msg/NavHint.json
[23.454s] -- Up-to-date: /home/p/ros2_ws/src/install/cpp_package/include/cpp_package/cpp_package
[23.454s] -- Up-to-date: /home/p/ros2_ws/src/install/cpp_package/include/cpp_package/cpp_package/msg
[23.454s] -- Up-to-date: /home/p/ros2_ws/src/install/cpp_package/include/cpp_package/cpp_package/msg/rosidl_generator_c__visibility_control.h
[23.454s] -- Up-to-date: /home/p/ros2_ws/src/install/cpp_package/include/cpp_package/cpp_package/msg/detail
[23.455s] -- Up-to-date: /home/p/ros2_ws/src/install/cpp_package/include/cpp_package/cpp_package/msg/detail/nav_hint__description.c
[23.455s] -- Installing: /home/p/ros2_ws/src/install/cpp_package/include/cpp_package/cpp_package/msg/detail/nav_hint__type_support.c
[23.455s] -- Up-to-date: /home/p/ros2_ws/src/install/cpp_package/include/cpp_package/cpp_package/msg/detail/nav_hint__struct.h
[23.455s] -- Up-to-date: /home/p/ros2_ws/src/install/cpp_package/include/cpp_package/cpp_package/msg/detail/nav_hint__functions.h
[23.455s] -- Up-to-date: /home/p/ros2_ws/src/install/cpp_package/include/cpp_package/cpp_package/msg/detail/nav_hint__functions.c
[23.455s] -- Up-to-date: /home/p/ros2_ws/src/install/cpp_package/include/cpp_package/cpp_package/msg/detail/nav_hint__type_support.h
[23.455s] -- Up-to-date: /home/p/ros2_ws/src/install/cpp_package/include/cpp_package/cpp_package/msg/detail/obstacle_feedback__type_support.h
[23.455s] -- Up-to-date: /home/p/ros2_ws/src/install/cpp_package/include/cpp_package/cpp_package/msg/detail/obstacle_feedback__struct.h
[23.455s] -- Installing: /home/p/ros2_ws/src/install/cpp_package/include/cpp_package/cpp_package/msg/detail/obstacle_feedback__type_support.c
[23.455s] -- Up-to-date: /home/p/ros2_ws/src/install/cpp_package/include/cpp_package/cpp_package/msg/detail/obstacle_feedback__description.c
[23.456s] -- Up-to-date: /home/p/ros2_ws/src/install/cpp_package/include/cpp_package/cpp_package/msg/detail/obstacle_feedback__functions.c
[23.456s] -- Up-to-date: /home/p/ros2_ws/src/install/cpp_package/include/cpp_package/cpp_package/msg/detail/obstacle_feedback__functions.h
[23.456s] -- Up-to-date: /home/p/ros2_ws/src/install/cpp_package/include/cpp_package/cpp_package/msg/obstacle_feedback.h
[23.456s] -- Up-to-date: /home/p/ros2_ws/src/install/cpp_package/include/cpp_package/cpp_package/msg/nav_hint.h
[23.456s] -- Up-to-date: /home/p/ros2_ws/src/install/cpp_package/share/cpp_package/environment/library_path.sh
[23.456s] -- Up-to-date: /home/p/ros2_ws/src/install/cpp_package/share/cpp_package/environment/library_path.dsv
[23.456s] -- Up-to-date: /home/p/ros2_ws/src/install/cpp_package/lib/libcpp_package__rosidl_generator_c.so
[23.456s] -- Up-to-date: /home/p/ros2_ws/src/install/cpp_package/include/cpp_package/cpp_package
[23.457s] -- Up-to-date: /home/p/ros2_ws/src/install/cpp_package/include/cpp_package/cpp_package/msg
[23.457s] -- Up-to-date: /home/p/ros2_ws/src/install/cpp_package/include/cpp_package/cpp_package/msg/rosidl_typesupport_fastrtps_c__visibility_control.h
[23.457s] -- Up-to-date: /home/p/ros2_ws/src/install/cpp_package/include/cpp_package/cpp_package/msg/detail
[23.457s] -- Up-to-date: /home/p/ros2_ws/src/install/cpp_package/include/cpp_package/cpp_package/msg/detail/nav_hint__rosidl_typesupport_fastrtps_c.h
[23.457s] -- Up-to-date: /home/p/ros2_ws/src/install/cpp_package/include/cpp_package/cpp_package/msg/detail/obstacle_feedback__rosidl_typesupport_fastrtps_c.h
[23.457s] -- Up-to-date: /home/p/ros2_ws/src/install/cpp_package/lib/libcpp_package__rosidl_typesupport_fastrtps_c.so
[23.457s] -- Up-to-date: /home/p/ros2_ws/src/install/cpp_package/include/cpp_package/cpp_package
[23.458s] -- Up-to-date: /home/p/ros2_ws/src/install/cpp_package/include/cpp_package/cpp_package/msg
[23.458s] -- Up-to-date: /home/p/ros2_ws/src/install/cpp_package/include/cpp_package/cpp_package/msg/obstacle_feedback.hpp
[23.458s] -- Up-to-date: /home/p/ros2_ws/src/install/cpp_package/include/cpp_package/cpp_package/msg/nav_hint.hpp
[23.458s] -- Up-to-date: /home/p/ros2_ws/src/install/cpp_package/include/cpp_package/cpp_package/msg/detail
[23.458s] -- Up-to-date: /home/p/ros2_ws/src/install/cpp_package/include/cpp_package/cpp_package/msg/detail/obstacle_feedback__traits.hpp
[23.458s] -- Up-to-date: /home/p/ros2_ws/src/install/cpp_package/include/cpp_package/cpp_package/msg/detail/nav_hint__traits.hpp
[23.458s] -- Up-to-date: /home/p/ros2_ws/src/install/cpp_package/include/cpp_package/cpp_package/msg/detail/obstacle_feedback__type_support.hpp
[23.458s] -- Up-to-date: /home/p/ros2_ws/src/install/cpp_package/include/cpp_package/cpp_package/msg/detail/nav_hint__builder.hpp
[23.459s] -- Up-to-date: /home/p/ros2_ws/src/install/cpp_package/include/cpp_package/cpp_package/msg/detail/obstacle_feedback__struct.hpp
[23.459s] -- Up-to-date: /home/p/ros2_ws/src/install/cpp_package/include/cpp_package/cpp_package/msg/detail/obstacle_feedback__builder.hpp
[23.459s] -- Up-to-date: /home/p/ros2_ws/src/install/cpp_package/include/cpp_package/cpp_package/msg/detail/nav_hint__struct.hpp
[23.459s] -- Up-to-date: /home/p/ros2_ws/src/install/cpp_package/include/cpp_package/cpp_package/msg/detail/nav_hint__type_support.hpp
[23.459s] -- Up-to-date: /home/p/ros2_ws/src/install/cpp_package/include/cpp_package/cpp_package/msg/rosidl_generator_cpp__visibility_control.hpp
[23.459s] -- Up-to-date: /home/p/ros2_ws/src/install/cpp_package/include/cpp_package/cpp_package
[23.459s] -- Up-to-date: /home/p/ros2_ws/src/install/cpp_package/include/cpp_package/cpp_package/msg
[23.459s] -- Up-to-date: /home/p/ros2_ws/src/install/cpp_package/include/cpp_package/cpp_package/msg/detail
[23.459s] -- Up-to-date: /home/p/ros2_ws/src/install/cpp_package/include/cpp_package/cpp_package/msg/detail/dds_fastrtps
[23.460s] -- Up-to-date: /home/p/ros2_ws/src/install/cpp_package/include/cpp_package/cpp_package/msg/detail/obstacle_feedback__rosidl_typesupport_fastrtps_cpp.hpp
[23.460s] -- Up-to-date: /home/p/ros2_ws/src/install/cpp_package/include/cpp_package/cpp_package/msg/detail/nav_hint__rosidl_typesupport_fastrtps_cpp.hpp
[23.460s] -- Up-to-date: /home/p/ros2_ws/src/install/cpp_package/include/cpp_package/cpp_package/msg/rosidl_typesupport_fastrtps_cpp__visibility_control.h
[23.460s] -- Up-to-date: /home/p/ros2_ws/src/install/cpp_package/lib/libcpp_package__rosidl_typesupport_fastrtps_cpp.so
[23.460s] -- Up-to-date: /home/p/ros2_ws/src/install/cpp_package/include/cpp_package/cpp_package
[23.460s] -- Up-to-date: /home/p/ros2_ws/src/install/cpp_package/include/cpp_package/cpp_package/msg
[23.460s] -- Up-to-date: /home/p/ros2_ws/src/install/cpp_package/include/cpp_package/cpp_package/msg/detail
[23.460s] -- Up-to-date: /home/p/ros2_ws/src/install/cpp_package/include/cpp_package/cpp_package/msg/detail/nav_hint__rosidl_typesupport_introspection_c.h
[23.460s] -- Installing: /home/p/ros2_ws/src/install/cpp_package/include/cpp_package/cpp_package/msg/detail/nav_hint__type_support.c
[23.461s] -- Up-to-date: /home/p/ros2_ws/src/install/cpp_package/include/cpp_package/cpp_package/msg/detail/obstacle_feedback__rosidl_typesupport_introspection_c.h
[23.461s] -- Installing: /home/p/ros2_ws/src/install/cpp_package/include/cpp_package/cpp_package/msg/detail/obstacle_feedback__type_support.c
[23.461s] -- Up-to-date: /home/p/ros2_ws/src/install/cpp_package/include/cpp_package/cpp_package/msg/rosidl_typesupport_introspection_c__visibility_control.h
[23.461s] -- Up-to-date: /home/p/ros2_ws/src/install/cpp_package/lib/libcpp_package__rosidl_typesupport_introspection_c.so
[23.461s] -- Up-to-date: /home/p/ros2_ws/src/install/cpp_package/lib/libcpp_package__rosidl_typesupport_c.so
[23.461s] -- Up-to-date: /home/p/ros2_ws/src/install/cpp_package/include/cpp_package/cpp_package
[23.461s] -- Up-to-date: /home/p/ros2_ws/src/install/cpp_package/include/cpp_package/cpp_package/msg
[23.461s] -- Up-to-date: /home/p/ros2_ws/src/install/cpp_package/include/cpp_package/cpp_package/msg/detail
[23.461s] -- Up-to-date: /home/p/ros2_ws/src/install/cpp_package/include/cpp_package/cpp_package/msg/detail/nav_hint__type_support.cpp
[23.461s] -- Up-to-date: /home/p/ros2_ws/src/install/cpp_package/include/cpp_package/cpp_package/msg/detail/obstacle_feedback__type_support.cpp
[23.462s] -- Up-to-date: /home/p/ros2_ws/src/install/cpp_package/include/cpp_package/cpp_package/msg/detail/obstacle_feedback__rosidl_typesupport_introspection_cpp.hpp
[23.462s] -- Up-to-date: /home/p/ros2_ws/src/install/cpp_package/include/cpp_package/cpp_package/msg/detail/nav_hint__rosidl_typesupport_introspection_cpp.hpp
[23.462s] -- Up-to-date: /home/p/ros2_ws/src/install/cpp_package/lib/libcpp_package__rosidl_typesupport_introspection_cpp.so
[23.462s] -- Up-to-date: /home/p/ros2_ws/src/install/cpp_package/lib/libcpp_package__rosidl_typesupport_cpp.so
[23.462s] -- Up-to-date: /home/p/ros2_ws/src/install/cpp_package/share/cpp_package/environment/pythonpath.sh
[23.462s] -- Up-to-date: /home/p/ros2_ws/src/install/cpp_package/share/cpp_package/environment/pythonpath.dsv
[23.462s] -- Up-to-date: /home/p/ros2_ws/src/install/cpp_package/lib/python3.12/site-packages/cpp_package-0.0.1-py3.12.egg-info
[23.462s] -- Installing: /home/p/ros2_ws/src/install/cpp_package/lib/python3.12/site-packages/cpp_package-0.0.1-py3.12.egg-info/dependency_links.txt
[23.462s] -- Installing: /home/p/ros2_ws/src/install/cpp_package/lib/python3.12/site-packages/cpp_package-0.0.1-py3.12.egg-info/PKG-INFO
[23.462s] -- Installing: /home/p/ros2_ws/src/install/cpp_package/lib/python3.12/site-packages/cpp_package-0.0.1-py3.12.egg-info/top_level.txt
[23.462s] -- Installing: /home/p/ros2_ws/src/install/cpp_package/lib/python3.12/site-packages/cpp_package-0.0.1-py3.12.egg-info/SOURCES.txt
[23.462s] -- Up-to-date: /home/p/ros2_ws/src/install/cpp_package/lib/python3.12/site-packages/cpp_package
[23.463s] -- Up-to-date: /home/p/ros2_ws/src/install/cpp_package/lib/python3.12/site-packages/cpp_package/cpp_package_s__rosidl_typesupport_introspection_c.so
[23.463s] -- Up-to-date: /home/p/ros2_ws/src/install/cpp_package/lib/python3.12/site-packages/cpp_package/_cpp_package_s.ep.rosidl_typesupport_fastrtps_c.c
[23.463s] -- Installing: /home/p/ros2_ws/src/install/cpp_package/lib/python3.12/site-packages/cpp_package/__init__.py
[23.463s] -- Up-to-date: /home/p/ros2_ws/src/install/cpp_package/lib/python3.12/site-packages/cpp_package/cpp_package_s__rosidl_typesupport_c.so
[23.463s] -- Up-to-date: /home/p/ros2_ws/src/install/cpp_package/lib/python3.12/site-packages/cpp_package/msg
[23.463s] -- Up-to-date: /home/p/ros2_ws/src/install/cpp_package/lib/python3.12/site-packages/cpp_package/msg/_nav_hint.py
[23.463s] -- Up-to-date: /home/p/ros2_ws/src/install/cpp_package/lib/python3.12/site-packages/cpp_package/msg/_obstacle_feedback_s.c
[23.463s] -- Up-to-date: /home/p/ros2_ws/src/install/cpp_package/lib/python3.12/site-packages/cpp_package/msg/_nav_hint_s.c
[23.463s] -- Up-to-date: /home/p/ros2_ws/src/install/cpp_package/lib/python3.12/site-packages/cpp_package/msg/__init__.py
[23.463s] -- Up-to-date: /home/p/ros2_ws/src/install/cpp_package/lib/python3.12/site-packages/cpp_package/msg/_obstacle_feedback.py
[23.463s] -- Up-to-date: /home/p/ros2_ws/src/install/cpp_package/lib/python3.12/site-packages/cpp_package/_cpp_package_s.ep.rosidl_typesupport_c.c
[23.463s] -- Up-to-date: /home/p/ros2_ws/src/install/cpp_package/lib/python3.12/site-packages/cpp_package/cpp_package_s__rosidl_typesupport_fastrtps_c.so
[23.464s] -- Up-to-date: /home/p/ros2_ws/src/install/cpp_package/lib/python3.12/site-packages/cpp_package/_cpp_package_s.ep.rosidl_typesupport_introspection_c.c
[23.522s] Listing '/home/p/ros2_ws/src/install/cpp_package/lib/python3.12/site-packages/cpp_package'...
[23.522s] Compiling '/home/p/ros2_ws/src/install/cpp_package/lib/python3.12/site-packages/cpp_package/__init__.py'...
[23.522s] Listing '/home/p/ros2_ws/src/install/cpp_package/lib/python3.12/site-packages/cpp_package/msg'...
[23.535s] -- Up-to-date: /home/p/ros2_ws/src/install/cpp_package/lib/python3.12/site-packages/cpp_package/cpp_package_s__rosidl_typesupport_fastrtps_c.so
[23.536s] -- Up-to-date: /home/p/ros2_ws/src/install/cpp_package/lib/python3.12/site-packages/cpp_package/cpp_package_s__rosidl_typesupport_introspection_c.so
[23.536s] -- Up-to-date: /home/p/ros2_ws/src/install/cpp_package/lib/python3.12/site-packages/cpp_package/cpp_package_s__rosidl_typesupport_c.so
[23.536s] -- Up-to-date: /home/p/ros2_ws/src/install/cpp_package/lib/libcpp_package__rosidl_generator_py.so
[23.537s] -- Up-to-date: /home/p/ros2_ws/src/install/cpp_package/share/cpp_package/msg/ObstacleFeedback.idl
[23.537s] -- Up-to-date: /home/p/ros2_ws/src/install/cpp_package/share/cpp_package/msg/NavHint.idl
[23.537s] -- Up-to-date: /home/p/ros2_ws/src/install/cpp_package/share/cpp_package/msg/ObstacleFeedback.msg
[23.537s] -- Up-to-date: /home/p/ros2_ws/src/install/cpp_package/share/cpp_package/msg/NavHint.msg
[23.537s] -- Up-to-date: /home/p/ros2_ws/src/install/cpp_package/lib/cpp_package/icp_3d_odom_node
[23.538s] -- Up-to-date: /home/p/ros2_ws/src/install/cpp_package/lib/cpp_package/pointcloud_formatter_node
[23.538s] -- Up-to-date: /home/p/ros2_ws/src/install/cpp_package/lib/cpp_package/front_cloud_filter_node
[23.539s] -- Up-to-date: /home/p/ros2_ws/src/install/cpp_package/lib/cpp_package/obstacle_evaluator_node
[23.539s] -- Up-to-date: /home/p/ros2_ws/src/install/cpp_package/lib/cpp_package/navigation_hint_node
[23.540s] -- Up-to-date: /home/p/ros2_ws/src/install/cpp_package/lib/cpp_package/haptic_driver_node
[23.540s] -- Up-to-date: /home/p/ros2_ws/src/install/cpp_package/lib/cpp_package/deskew_node
[23.541s] -- Up-to-date: /home/p/ros2_ws/src/install/cpp_package/lib/cpp_package/obstacle_detector_node
[23.541s] -- Up-to-date: /home/p/ros2_ws/src/install/cpp_package/lib/cpp_package/point_cloud_sweeper_cpp_node
[23.542s] -- Up-to-date: /home/p/ros2_ws/src/install/cpp_package/lib/cpp_package/point_cloud_accumulator_cpp_node
[23.542s] -- Up-to-date: /home/p/ros2_ws/src/install/cpp_package/lib/cpp_package/point_cloud_voxel_filter_cpp_node
[23.543s] -- Up-to-date: /home/p/ros2_ws/src/install/cpp_package/lib/cpp_package/point_cloud_passthrough_filter_cpp_node
[23.543s] -- Up-to-date: /home/p/ros2_ws/src/install/cpp_package/lib/cpp_package/point_cloud_statistical_outlier_remover_cpp_node
[23.544s] -- Up-to-date: /home/p/ros2_ws/src/install/cpp_package/lib/cpp_package/point_count_sweeper_node
[23.544s] -- Up-to-date: /home/p/ros2_ws/src/install/cpp_package/lib/cpp_package/z_variance_sweeper_node
[23.545s] -- Up-to-date: /home/p/ros2_ws/src/install/cpp_package/lib/cpp_package/stable_ground_detector_node
[23.546s] -- Up-to-date: /home/p/ros2_ws/src/install/cpp_package/lib/cpp_package/ground_plane_fitter_node
[23.546s] -- Up-to-date: /home/p/ros2_ws/src/install/cpp_package/lib/cpp_package/ground_plane_fitter_no_voxel_node
[23.547s] -- Up-to-date: /home/p/ros2_ws/src/install/cpp_package/lib/cpp_package/ground_plane_fitter_lock_plane_node
[23.548s] -- Up-to-date: /home/p/ros2_ws/src/install/cpp_package/lib/cpp_package/projected_ground_detector_node
[23.548s] -- Up-to-date: /home/p/ros2_ws/src/install/cpp_package/lib/cpp_package/height_ground_detector_node
[23.549s] -- Installing: /home/p/ros2_ws/src/install/cpp_package/lib/cpp_package/imu_odometry_node
[23.560s] -- Set non-toolchain portion of runtime path of "/home/p/ros2_ws/src/install/cpp_package/lib/cpp_package/imu_odometry_node" to ""
[23.561s] -- Up-to-date: /home/p/ros2_ws/src/install/cpp_package/share/cpp_package/launch
[23.561s] -- Up-to-date: /home/p/ros2_ws/src/install/cpp_package/share/cpp_package/launch/icp_odom.launch.py
[23.561s] -- Up-to-date: /home/p/ros2_ws/src/install/cpp_package/share/cpp_package/launch/assistive_nav.launch.py
[23.561s] -- Up-to-date: /home/p/ros2_ws/src/install/cpp_package/share/cpp_package/launch/front_cloud_filter.launch.py
[23.561s] -- Up-to-date: /home/p/ros2_ws/src/install/cpp_package/share/ament_index/resource_index/package_run_dependencies/cpp_package
[23.561s] -- Up-to-date: /home/p/ros2_ws/src/install/cpp_package/share/ament_index/resource_index/parent_prefix_path/cpp_package
[23.562s] -- Up-to-date: /home/p/ros2_ws/src/install/cpp_package/share/cpp_package/environment/ament_prefix_path.sh
[23.562s] -- Up-to-date: /home/p/ros2_ws/src/install/cpp_package/share/cpp_package/environment/ament_prefix_path.dsv
[23.562s] -- Up-to-date: /home/p/ros2_ws/src/install/cpp_package/share/cpp_package/environment/path.sh
[23.562s] -- Up-to-date: /home/p/ros2_ws/src/install/cpp_package/share/cpp_package/environment/path.dsv
[23.562s] -- Up-to-date: /home/p/ros2_ws/src/install/cpp_package/share/cpp_package/local_setup.bash
[23.562s] -- Up-to-date: /home/p/ros2_ws/src/install/cpp_package/share/cpp_package/local_setup.sh
[23.562s] -- Up-to-date: /home/p/ros2_ws/src/install/cpp_package/share/cpp_package/local_setup.zsh
[23.562s] -- Up-to-date: /home/p/ros2_ws/src/install/cpp_package/share/cpp_package/local_setup.dsv
[23.562s] -- Installing: /home/p/ros2_ws/src/install/cpp_package/share/cpp_package/package.dsv
[23.563s] -- Up-to-date: /home/p/ros2_ws/src/install/cpp_package/share/ament_index/resource_index/packages/cpp_package
[23.563s] -- Up-to-date: /home/p/ros2_ws/src/install/cpp_package/share/cpp_package/cmake/export_cpp_package__rosidl_generator_cExport.cmake
[23.563s] -- Up-to-date: /home/p/ros2_ws/src/install/cpp_package/share/cpp_package/cmake/export_cpp_package__rosidl_generator_cExport-noconfig.cmake
[23.563s] -- Up-to-date: /home/p/ros2_ws/src/install/cpp_package/share/cpp_package/cmake/export_cpp_package__rosidl_typesupport_fastrtps_cExport.cmake
[23.563s] -- Up-to-date: /home/p/ros2_ws/src/install/cpp_package/share/cpp_package/cmake/export_cpp_package__rosidl_typesupport_fastrtps_cExport-noconfig.cmake
[23.563s] -- Up-to-date: /home/p/ros2_ws/src/install/cpp_package/share/cpp_package/cmake/export_cpp_package__rosidl_generator_cppExport.cmake
[23.563s] -- Up-to-date: /home/p/ros2_ws/src/install/cpp_package/share/cpp_package/cmake/export_cpp_package__rosidl_typesupport_fastrtps_cppExport.cmake
[23.563s] -- Up-to-date: /home/p/ros2_ws/src/install/cpp_package/share/cpp_package/cmake/export_cpp_package__rosidl_typesupport_fastrtps_cppExport-noconfig.cmake
[23.563s] -- Up-to-date: /home/p/ros2_ws/src/install/cpp_package/share/cpp_package/cmake/cpp_package__rosidl_typesupport_introspection_cExport.cmake
[23.564s] -- Up-to-date: /home/p/ros2_ws/src/install/cpp_package/share/cpp_package/cmake/cpp_package__rosidl_typesupport_introspection_cExport-noconfig.cmake
[23.564s] -- Up-to-date: /home/p/ros2_ws/src/install/cpp_package/share/cpp_package/cmake/cpp_package__rosidl_typesupport_cExport.cmake
[23.564s] -- Up-to-date: /home/p/ros2_ws/src/install/cpp_package/share/cpp_package/cmake/cpp_package__rosidl_typesupport_cExport-noconfig.cmake
[23.564s] -- Up-to-date: /home/p/ros2_ws/src/install/cpp_package/share/cpp_package/cmake/cpp_package__rosidl_typesupport_introspection_cppExport.cmake
[23.564s] -- Up-to-date: /home/p/ros2_ws/src/install/cpp_package/share/cpp_package/cmake/cpp_package__rosidl_typesupport_introspection_cppExport-noconfig.cmake
[23.564s] -- Up-to-date: /home/p/ros2_ws/src/install/cpp_package/share/cpp_package/cmake/cpp_package__rosidl_typesupport_cppExport.cmake
[23.564s] -- Up-to-date: /home/p/ros2_ws/src/install/cpp_package/share/cpp_package/cmake/cpp_package__rosidl_typesupport_cppExport-noconfig.cmake
[23.565s] -- Up-to-date: /home/p/ros2_ws/src/install/cpp_package/share/cpp_package/cmake/export_cpp_package__rosidl_generator_pyExport.cmake
[23.565s] -- Up-to-date: /home/p/ros2_ws/src/install/cpp_package/share/cpp_package/cmake/export_cpp_package__rosidl_generator_pyExport-noconfig.cmake
[23.565s] -- Up-to-date: /home/p/ros2_ws/src/install/cpp_package/share/cpp_package/cmake/rosidl_cmake-extras.cmake
[23.565s] -- Up-to-date: /home/p/ros2_ws/src/install/cpp_package/share/cpp_package/cmake/ament_cmake_export_dependencies-extras.cmake
[23.565s] -- Up-to-date: /home/p/ros2_ws/src/install/cpp_package/share/cpp_package/cmake/ament_cmake_export_include_directories-extras.cmake
[23.565s] -- Up-to-date: /home/p/ros2_ws/src/install/cpp_package/share/cpp_package/cmake/ament_cmake_export_libraries-extras.cmake
[23.565s] -- Up-to-date: /home/p/ros2_ws/src/install/cpp_package/share/cpp_package/cmake/ament_cmake_export_targets-extras.cmake
[23.565s] -- Up-to-date: /home/p/ros2_ws/src/install/cpp_package/share/cpp_package/cmake/rosidl_cmake_export_typesupport_targets-extras.cmake
[23.566s] -- Up-to-date: /home/p/ros2_ws/src/install/cpp_package/share/cpp_package/cmake/rosidl_cmake_export_typesupport_libraries-extras.cmake
[23.566s] -- Up-to-date: /home/p/ros2_ws/src/install/cpp_package/share/cpp_package/cmake/cpp_packageConfig.cmake
[23.566s] -- Up-to-date: /home/p/ros2_ws/src/install/cpp_package/share/cpp_package/cmake/cpp_packageConfig-version.cmake
[23.566s] -- Up-to-date: /home/p/ros2_ws/src/install/cpp_package/share/cpp_package/package.xml
[23.568s] Invoked command in '/home/p/ros2_ws/src/build/cpp_package' returned '0': CMAKE_PREFIX_PATH=${CMAKE_PREFIX_PATH}:/home/p/ros2_ws/install/sweep_builder:/home/p/ros2_ws/install/optical_cane_rpi:/home/p/ros2_ws/install/mpu9250:/opt/ros/jazzy DEBUGINFOD_URLS=https://debuginfod.ubuntu.com /usr/bin/cmake --install /home/p/ros2_ws/src/build/cpp_package
