[10.160s] Invoking command in '/home/p/ros2_ws/build/mpu6050_py': DEBUGINFOD_URLS=https://debuginfod.ubuntu.com PYTHONPATH=/home/p/ros2_ws/build/mpu6050_py/prefix_override:/usr/lib/python3/dist-packages/colcon_core/task/python/colcon_distutils_commands:/home/p/ros2_ws/install/mpu6050_py/lib/python3.12/site-packages:${PYTHONPATH} /usr/bin/python3 -W ignore:setup.py install is deprecated -W ignore:easy_install command is deprecated setup.py develop --editable --build-directory /home/p/ros2_ws/build/mpu6050_py/build --no-deps symlink_data
[11.309s] running develop
[11.949s] running egg_info
[11.949s] creating mpu6050_py.egg-info
[12.032s] writing mpu6050_py.egg-info/PKG-INFO
[12.032s] writing dependency_links to mpu6050_py.egg-info/dependency_links.txt
[12.032s] writing entry points to mpu6050_py.egg-info/entry_points.txt
[12.032s] writing requirements to mpu6050_py.egg-info/requires.txt
[12.032s] writing top-level names to mpu6050_py.egg-info/top_level.txt
[12.032s] writing manifest file 'mpu6050_py.egg-info/SOURCES.txt'
[12.197s] reading manifest file 'mpu6050_py.egg-info/SOURCES.txt'
[12.198s] writing manifest file 'mpu6050_py.egg-info/SOURCES.txt'
[12.258s] running build_ext
[12.260s] Creating /home/p/ros2_ws/install/mpu6050_py/lib/python3.12/site-packages/mpu6050-py.egg-link (link to .)
[12.264s] Installing mpu6050_calibrate script to /home/p/ros2_ws/install/mpu6050_py/lib/mpu6050_py
[12.265s] Installing mpu6050_node script to /home/p/ros2_ws/install/mpu6050_py/lib/mpu6050_py
[12.265s] 
[12.265s] Installed /home/p/ros2_ws/build/mpu6050_py
[12.266s] running symlink_data
[12.266s] creating /home/p/ros2_ws/install/mpu6050_py/share/ament_index
[12.266s] creating /home/p/ros2_ws/install/mpu6050_py/share/ament_index/resource_index
[12.267s] creating /home/p/ros2_ws/install/mpu6050_py/share/ament_index/resource_index/packages
[12.267s] symbolically linking /home/p/ros2_ws/build/mpu6050_py/resource/mpu6050_py -> /home/p/ros2_ws/install/mpu6050_py/share/ament_index/resource_index/packages
[12.268s] symbolically linking /home/p/ros2_ws/build/mpu6050_py/package.xml -> /home/p/ros2_ws/install/mpu6050_py/share/mpu6050_py
[12.505s] Invoked command in '/home/p/ros2_ws/build/mpu6050_py' returned '0': DEBUGINFOD_URLS=https://debuginfod.ubuntu.com PYTHONPATH=/home/p/ros2_ws/build/mpu6050_py/prefix_override:/usr/lib/python3/dist-packages/colcon_core/task/python/colcon_distutils_commands:/home/p/ros2_ws/install/mpu6050_py/lib/python3.12/site-packages:${PYTHONPATH} /usr/bin/python3 -W ignore:setup.py install is deprecated -W ignore:easy_install command is deprecated setup.py develop --editable --build-directory /home/p/ros2_ws/build/mpu6050_py/build --no-deps symlink_data
