[0.017s] Invoking command in '/home/p/ros2_ws/src/build/sllidar_ros2': CMAKE_PREFIX_PATH=${CMAKE_PREFIX_PATH}:/home/p/ros2_ws/install/optical_cane_rpi:/home/p/ros2_ws/install/mpu9250:/opt/ros/jazzy DEBUGINFOD_URLS=https://debuginfod.ubuntu.com /usr/bin/cmake /home/p/ros2_ws/src/sllidar_ros2 -DCMAKE_INSTALL_PREFIX=/home/p/ros2_ws/src/install/sllidar_ros2
[0.139s] -- The C compiler identification is GNU 13.3.0
[0.254s] -- The CXX compiler identification is GNU 13.3.0
[0.284s] -- Detecting C compiler ABI info
[0.494s] -- Detecting C compiler ABI info - done
[0.508s] -- Check for working C compiler: /usr/bin/cc - skipped
[0.508s] -- Detecting C compile features
[0.509s] -- Detecting C compile features - done
[0.526s] -- Detecting CXX compiler ABI info
[0.744s] -- Detecting CXX compiler ABI info - done
[0.759s] -- Check for working CXX compiler: /usr/bin/c++ - skipped
[0.759s] -- Detecting CXX compile features
[0.760s] -- Detecting CXX compile features - done
[0.771s] -- Found ament_cmake: 2.5.4 (/opt/ros/jazzy/share/ament_cmake/cmake)
[1.093s] -- Found Python3: /usr/bin/python3 (found version "3.12.3") found components: Interpreter 
[1.380s] -- Found rclcpp: 28.1.10 (/opt/ros/jazzy/share/rclcpp/cmake)
[1.482s] -- Found rosidl_generator_c: 4.6.5 (/opt/ros/jazzy/share/rosidl_generator_c/cmake)
[1.517s] -- Found rosidl_generator_cpp: 4.6.5 (/opt/ros/jazzy/share/rosidl_generator_cpp/cmake)
[1.555s] -- Using all available rosidl_typesupport_c: rosidl_typesupport_fastrtps_c;rosidl_typesupport_introspection_c
[1.598s] -- Using all available rosidl_typesupport_cpp: rosidl_typesupport_fastrtps_cpp;rosidl_typesupport_introspection_cpp
[1.757s] -- Found rmw_implementation_cmake: 7.3.2 (/opt/ros/jazzy/share/rmw_implementation_cmake/cmake)
[1.766s] -- Found rmw_fastrtps_cpp: 8.4.2 (/opt/ros/jazzy/share/rmw_fastrtps_cpp/cmake)
[1.962s] -- Found OpenSSL: /usr/lib/aarch64-linux-gnu/libcrypto.so (found version "3.0.13")  
[1.998s] -- Found FastRTPS: /opt/ros/jazzy/include (Required is at least version "2.13") 
[2.040s] -- Using RMW implementation 'rmw_fastrtps_cpp' as default
[2.199s] -- Found sensor_msgs: 5.3.6 (/opt/ros/jazzy/share/sensor_msgs/cmake)
[2.299s] -- Found std_srvs: 5.3.6 (/opt/ros/jazzy/share/std_srvs/cmake)
[2.536s] -- Configuring done (2.5s)
[2.566s] -- Generating done (0.0s)
[2.577s] -- Build files have been written to: /home/p/ros2_ws/src/build/sllidar_ros2
[2.602s] Invoked command in '/home/p/ros2_ws/src/build/sllidar_ros2' returned '0': CMAKE_PREFIX_PATH=${CMAKE_PREFIX_PATH}:/home/p/ros2_ws/install/optical_cane_rpi:/home/p/ros2_ws/install/mpu9250:/opt/ros/jazzy DEBUGINFOD_URLS=https://debuginfod.ubuntu.com /usr/bin/cmake /home/p/ros2_ws/src/sllidar_ros2 -DCMAKE_INSTALL_PREFIX=/home/p/ros2_ws/src/install/sllidar_ros2
[2.604s] Invoking command in '/home/p/ros2_ws/src/build/sllidar_ros2': CMAKE_PREFIX_PATH=${CMAKE_PREFIX_PATH}:/home/p/ros2_ws/install/optical_cane_rpi:/home/p/ros2_ws/install/mpu9250:/opt/ros/jazzy DEBUGINFOD_URLS=https://debuginfod.ubuntu.com /usr/bin/cmake --build /home/p/ros2_ws/src/build/sllidar_ros2 -- -j4 -l4
[2.723s] [  5%] Building CXX object CMakeFiles/sllidar_client.dir/src/sllidar_client.cpp.o
[2.723s] [ 10%] Building CXX object CMakeFiles/sllidar_node.dir/src/sllidar_node.cpp.o
[2.739s] [ 15%] Building CXX object CMakeFiles/sllidar_node.dir/sdk/src/arch/linux/net_socket.cpp.o
[2.739s] [ 20%] Building CXX object CMakeFiles/sllidar_node.dir/sdk/src/arch/linux/net_serial.cpp.o
[3.679s] /home/p/ros2_ws/src/sllidar_ros2/sdk/src/arch/linux/net_serial.cpp: In member function ‘bool rp::arch::net::raw_serial::open(const char*, uint32_t, uint32_t)’:
[3.679s] /home/p/ros2_ws/src/sllidar_ros2/sdk/src/arch/linux/net_serial.cpp:97:74: warning: unused parameter ‘flags’ [-Wunused-parameter]
[3.680s]    97 | bool raw_serial::open(const char * portname, uint32_t baudrate, uint32_t flags)
[3.680s]       |                                                                 ~~~~~~~~~^~~~~
[3.686s] /home/p/ros2_ws/src/sllidar_ros2/sdk/src/arch/linux/net_serial.cpp: In member function ‘virtual void rp::arch::net::raw_serial::flush(_u32)’:
[3.686s] /home/p/ros2_ws/src/sllidar_ros2/sdk/src/arch/linux/net_serial.cpp:281:30: warning: unused parameter ‘flags’ [-Wunused-parameter]
[3.686s]   281 | void raw_serial::flush( _u32 flags)
[3.686s]       |                         ~~~~~^~~~~
[3.687s] /home/p/ros2_ws/src/sllidar_ros2/sdk/src/arch/linux/net_serial.cpp: In member function ‘virtual int rp::arch::net::raw_serial::waitforsent(_u32, size_t*)’:
[3.687s] /home/p/ros2_ws/src/sllidar_ros2/sdk/src/arch/linux/net_serial.cpp:286:34: warning: unused parameter ‘timeout’ [-Wunused-parameter]
[3.687s]   286 | int raw_serial::waitforsent(_u32 timeout, size_t * returned_size)
[3.687s]       |                             ~~~~~^~~~~~~
[3.687s] /home/p/ros2_ws/src/sllidar_ros2/sdk/src/arch/linux/net_serial.cpp: In member function ‘virtual int rp::arch::net::raw_serial::waitforrecv(_u32, size_t*)’:
[3.687s] /home/p/ros2_ws/src/sllidar_ros2/sdk/src/arch/linux/net_serial.cpp:292:34: warning: unused parameter ‘timeout’ [-Wunused-parameter]
[3.688s]   292 | int raw_serial::waitforrecv(_u32 timeout, size_t * returned_size)
[3.688s]       |                             ~~~~~^~~~~~~
[3.688s] /home/p/ros2_ws/src/sllidar_ros2/sdk/src/arch/linux/net_serial.cpp: In member function ‘virtual void rp::arch::net::raw_serial::cancelOperation()’:
[3.688s] /home/p/ros2_ws/src/sllidar_ros2/sdk/src/arch/linux/net_serial.cpp:427:5: warning: value computed is not used [-Wunused-value]
[3.695s]   427 |     (int)::write(_selfpipe[1], "x", 1);
[3.695s]       |     ^~~~~~~~~~~~~~~~~~~~~~~~~~~~~~~~~~
[3.911s] [ 25%] Building CXX object CMakeFiles/sllidar_node.dir/sdk/src/arch/linux/timer.cpp.o
[4.460s] In file included from /home/p/ros2_ws/src/sllidar_ros2/./sdk/include/rplidar_protocol.h:36,
[4.460s]                  from /home/p/ros2_ws/src/sllidar_ros2/./sdk/include/rplidar.h:39,
[4.460s]                  from /home/p/ros2_ws/src/sllidar_ros2/./sdk/src/sdkcommon.h:49,
[4.460s]                  from /home/p/ros2_ws/src/sllidar_ros2/sdk/src/arch/linux/net_socket.cpp:10:
[4.461s] /home/p/ros2_ws/src/sllidar_ros2/./sdk/include/sl_lidar_protocol.h:66:16: warning: ISO C++ forbids zero-size array ‘data’ [-Wpedantic]
[4.461s]    66 |     sl_u8 data[0];
[4.461s]       |                ^
[4.461s] In file included from /home/p/ros2_ws/src/sllidar_ros2/./sdk/include/rplidar_cmd.h:36,
[4.461s]                  from /home/p/ros2_ws/src/sllidar_ros2/./sdk/include/rplidar.h:40:
[4.461s] /home/p/ros2_ws/src/sllidar_ros2/./sdk/include/sl_lidar_cmd.h:324:20: warning: ISO C++ forbids zero-size array ‘payload’ [-Wpedantic]
[4.461s]   324 |     sl_u8  payload[0];
[4.462s]       |                    ^
[4.539s] In file included from /home/p/ros2_ws/src/sllidar_ros2/./sdk/src/arch/linux/arch_linux.h:42,
[4.539s]                  from /home/p/ros2_ws/src/sllidar_ros2/./sdk/src/sdkcommon.h:41:
[4.539s] /home/p/ros2_ws/src/sllidar_ros2/sdk/src/arch/linux/net_socket.cpp: In member function ‘virtual u_result rp::arch::net::DGramSocketImpl::sendTo(const rp::net::SocketAddress*, const void*, size_t)’:
[4.540s] /home/p/ros2_ws/src/sllidar_ros2/sdk/src/arch/linux/net_socket.cpp:733:24: warning: comparison of integer expressions of different signedness: ‘int’ and ‘size_t’ {aka ‘long unsigned int’} [-Wsign-compare]
[4.540s]   733 |             assert(ans == len);
[4.540s]       |                    ~~~~^~~~~~
[4.959s] [ 30%] Building CXX object CMakeFiles/sllidar_node.dir/sdk/src/dataunpacker/dataunpacker.cpp.o
[5.346s] [ 35%] Building CXX object CMakeFiles/sllidar_node.dir/sdk/src/dataunpacker/unpacker/handler_capsules.cpp.o
[6.321s] In file included from /home/p/ros2_ws/src/sllidar_ros2/./sdk/include/rplidar_protocol.h:36,
[6.321s]                  from /home/p/ros2_ws/src/sllidar_ros2/./sdk/include/rplidar.h:39,
[6.321s]                  from /home/p/ros2_ws/src/sllidar_ros2/./sdk/src/sdkcommon.h:49,
[6.321s]                  from /home/p/ros2_ws/src/sllidar_ros2/sdk/src/dataunpacker/dataunnpacker_commondef.h:41,
[6.322s]                  from /home/p/ros2_ws/src/sllidar_ros2/sdk/src/dataunpacker/dataunpacker.cpp:39:
[6.322s] /home/p/ros2_ws/src/sllidar_ros2/./sdk/include/sl_lidar_protocol.h:66:16: warning: ISO C++ forbids zero-size array ‘data’ [-Wpedantic]
[6.322s]    66 |     sl_u8 data[0];
[6.322s]       |                ^
[6.322s] In file included from /home/p/ros2_ws/src/sllidar_ros2/./sdk/include/rplidar_cmd.h:36,
[6.322s]                  from /home/p/ros2_ws/src/sllidar_ros2/./sdk/include/rplidar.h:40:
[6.322s] /home/p/ros2_ws/src/sllidar_ros2/./sdk/include/sl_lidar_cmd.h:324:20: warning: ISO C++ forbids zero-size array ‘payload’ [-Wpedantic]
[6.322s]   324 |     sl_u8  payload[0];
[6.323s]       |                    ^
[6.482s] In file included from /home/p/ros2_ws/src/sllidar_ros2/./sdk/include/rplidar_protocol.h:36,
[6.482s]                  from /home/p/ros2_ws/src/sllidar_ros2/./sdk/include/rplidar.h:39,
[6.482s]                  from /home/p/ros2_ws/src/sllidar_ros2/./sdk/src/sdkcommon.h:49,
[6.482s]                  from /home/p/ros2_ws/src/sllidar_ros2/sdk/src/dataunpacker/unpacker/../dataunnpacker_commondef.h:41,
[6.485s]                  from /home/p/ros2_ws/src/sllidar_ros2/sdk/src/dataunpacker/unpacker/handler_capsules.cpp:39:
[6.485s] /home/p/ros2_ws/src/sllidar_ros2/./sdk/include/sl_lidar_protocol.h:66:16: warning: ISO C++ forbids zero-size array ‘data’ [-Wpedantic]
[6.485s]    66 |     sl_u8 data[0];
[6.485s]       |                ^
[6.493s] In file included from /home/p/ros2_ws/src/sllidar_ros2/./sdk/include/rplidar_cmd.h:36,
[6.493s]                  from /home/p/ros2_ws/src/sllidar_ros2/./sdk/include/rplidar.h:40:
[6.493s] /home/p/ros2_ws/src/sllidar_ros2/./sdk/include/sl_lidar_cmd.h:324:20: warning: ISO C++ forbids zero-size array ‘payload’ [-Wpedantic]
[6.493s]   324 |     sl_u8  payload[0];
[6.493s]       |                    ^
[6.699s] In file included from /home/p/ros2_ws/src/sllidar_ros2/sdk/src/dataunpacker/unpacker/handler_capsules.cpp:40:
[6.699s] /home/p/ros2_ws/src/sllidar_ros2/sdk/src/dataunpacker/unpacker/../dataunpacker.h: In member function ‘virtual void sl::internal::LIDARSampleDataListener::onCustomSampleDataDecoded(_u8, _u32, const void*, size_t)’:
[6.699s] /home/p/ros2_ws/src/sllidar_ros2/sdk/src/dataunpacker/unpacker/../dataunpacker.h:54:52: warning: unused parameter ‘ansType’ [-Wunused-parameter]
[6.700s]    54 |         virtual void onCustomSampleDataDecoded(_u8 ansType, _u32 customCode, const void* data, size_t size) {}
[6.700s]       |                                                ~~~~^~~~~~~
[6.700s] /home/p/ros2_ws/src/sllidar_ros2/sdk/src/dataunpacker/unpacker/../dataunpacker.h:54:66: warning: unused parameter ‘customCode’ [-Wunused-parameter]
[6.700s]    54 |         virtual void onCustomSampleDataDecoded(_u8 ansType, _u32 customCode, const void* data, size_t size) {}
[6.700s]       |                                                             ~~~~~^~~~~~~~~~
[6.700s] /home/p/ros2_ws/src/sllidar_ros2/sdk/src/dataunpacker/unpacker/../dataunpacker.h:54:90: warning: unused parameter ‘data’ [-Wunused-parameter]
[6.700s]    54 |         virtual void onCustomSampleDataDecoded(_u8 ansType, _u32 customCode, const void* data, size_t size) {}
[6.700s]       |                                                                              ~~~~~~~~~~~~^~~~
[6.706s] /home/p/ros2_ws/src/sllidar_ros2/sdk/src/dataunpacker/unpacker/../dataunpacker.h:54:103: warning: unused parameter ‘size’ [-Wunused-parameter]
[6.706s]    54 |         virtual void onCustomSampleDataDecoded(_u8 ansType, _u32 customCode, const void* data, size_t size) {}
[6.706s]       |                                                                                                ~~~~~~~^~~~
[6.706s] /home/p/ros2_ws/src/sllidar_ros2/sdk/src/dataunpacker/unpacker/../dataunpacker.h: In member function ‘virtual void sl::internal::LIDARSampleDataListener::onDecodingError(int, _u8, const void*, size_t)’:
[6.708s] /home/p/ros2_ws/src/sllidar_ros2/sdk/src/dataunpacker/unpacker/../dataunpacker.h:56:42: warning: unused parameter ‘errMsg’ [-Wunused-parameter]
[6.708s]    56 |         virtual void onDecodingError(int errMsg, _u8 ansType, const void* payload, size_t size) {}
[6.708s]       |                                      ~~~~^~~~~~
[6.708s] /home/p/ros2_ws/src/sllidar_ros2/sdk/src/dataunpacker/unpacker/../dataunpacker.h:56:54: warning: unused parameter ‘ansType’ [-Wunused-parameter]
[6.708s]    56 |         virtual void onDecodingError(int errMsg, _u8 ansType, const void* payload, size_t size) {}
[6.708s]       |                                                  ~~~~^~~~~~~
[6.709s] /home/p/ros2_ws/src/sllidar_ros2/sdk/src/dataunpacker/unpacker/../dataunpacker.h:56:75: warning: unused parameter ‘payload’ [-Wunused-parameter]
[6.709s]    56 |         virtual void onDecodingError(int errMsg, _u8 ansType, const void* payload, size_t size) {}
[6.709s]       |                                                               ~~~~~~~~~~~~^~~~~~~
[6.709s] /home/p/ros2_ws/src/sllidar_ros2/sdk/src/dataunpacker/unpacker/../dataunpacker.h:56:91: warning: unused parameter ‘size’ [-Wunused-parameter]
[6.709s]    56 |         virtual void onDecodingError(int errMsg, _u8 ansType, const void* payload, size_t size) {}
[6.709s]       |                                                                                    ~~~~~~~^~~~
[6.720s] In file included from /home/p/ros2_ws/src/sllidar_ros2/sdk/src/dataunpacker/dataunpacker.cpp:40:
[6.721s] /home/p/ros2_ws/src/sllidar_ros2/sdk/src/dataunpacker/dataunpacker.h: In member function ‘virtual void sl::internal::LIDARSampleDataListener::onCustomSampleDataDecoded(_u8, _u32, const void*, size_t)’:
[6.721s] /home/p/ros2_ws/src/sllidar_ros2/sdk/src/dataunpacker/dataunpacker.h:54:52: warning: unused parameter ‘ansType’ [-Wunused-parameter]
[6.721s]    54 |         virtual void onCustomSampleDataDecoded(_u8 ansType, _u32 customCode, const void* data, size_t size) {}
[6.721s]       |                                                ~~~~^~~~~~~
[6.721s] /home/p/ros2_ws/src/sllidar_ros2/sdk/src/dataunpacker/dataunpacker.h:54:66: warning: unused parameter ‘customCode’ [-Wunused-parameter]
[6.721s]    54 |         virtual void onCustomSampleDataDecoded(_u8 ansType, _u32 customCode, const void* data, size_t size) {}
[6.722s]       |                                                             ~~~~~^~~~~~~~~~
[6.722s] /home/p/ros2_ws/src/sllidar_ros2/sdk/src/dataunpacker/dataunpacker.h:54:90: warning: unused parameter ‘data’ [-Wunused-parameter]
[6.722s]    54 |         virtual void onCustomSampleDataDecoded(_u8 ansType, _u32 customCode, const void* data, size_t size) {}
[6.722s]       |                                                                              ~~~~~~~~~~~~^~~~
[6.722s] /home/p/ros2_ws/src/sllidar_ros2/sdk/src/dataunpacker/dataunpacker.h:54:103: warning: unused parameter ‘size’ [-Wunused-parameter]
[6.722s]    54 |         virtual void onCustomSampleDataDecoded(_u8 ansType, _u32 customCode, const void* data, size_t size) {}
[6.722s]       |                                                                                                ~~~~~~~^~~~
[6.723s] /home/p/ros2_ws/src/sllidar_ros2/sdk/src/dataunpacker/dataunpacker.h: In member function ‘virtual void sl::internal::LIDARSampleDataListener::onDecodingError(int, _u8, const void*, size_t)’:
[6.723s] /home/p/ros2_ws/src/sllidar_ros2/sdk/src/dataunpacker/dataunpacker.h:56:42: warning: unused parameter ‘errMsg’ [-Wunused-parameter]
[6.723s]    56 |         virtual void onDecodingError(int errMsg, _u8 ansType, const void* payload, size_t size) {}
[6.723s]       |                                      ~~~~^~~~~~
[6.723s] /home/p/ros2_ws/src/sllidar_ros2/sdk/src/dataunpacker/dataunpacker.h:56:54: warning: unused parameter ‘ansType’ [-Wunused-parameter]
[6.723s]    56 |         virtual void onDecodingError(int errMsg, _u8 ansType, const void* payload, size_t size) {}
[6.731s]       |                                                  ~~~~^~~~~~~
[6.731s] /home/p/ros2_ws/src/sllidar_ros2/sdk/src/dataunpacker/dataunpacker.h:56:75: warning: unused parameter ‘payload’ [-Wunused-parameter]
[6.731s]    56 |         virtual void onDecodingError(int errMsg, _u8 ansType, const void* payload, size_t size) {}
[6.731s]       |                                                               ~~~~~~~~~~~~^~~~~~~
[6.732s] /home/p/ros2_ws/src/sllidar_ros2/sdk/src/dataunpacker/dataunpacker.h:56:91: warning: unused parameter ‘size’ [-Wunused-parameter]
[6.732s]    56 |         virtual void onDecodingError(int errMsg, _u8 ansType, const void* payload, size_t size) {}
[6.732s]       |                                                                                    ~~~~~~~^~~~
[6.732s] /home/p/ros2_ws/src/sllidar_ros2/sdk/src/dataunpacker/unpacker/handler_capsules.cpp: In member function ‘void sl::internal::unpacker::UnpackerHandler_DenseCapsuleNode::_onScanNodeDenseCapsuleData(rplidar_response_dense_capsule_measurement_nodes_t&, sl::internal::LIDARSampleDataUnpackerInner*)’:
[6.732s] /home/p/ros2_ws/src/sllidar_ros2/sdk/src/dataunpacker/unpacker/handler_capsules.cpp:763:30: warning: type qualifiers ignored on cast result type [-Wignored-qualifiers]
[6.732s]   763 |             const int dist = static_cast<const int>(_cached_previous_dense_capsuledata.cabins[pos].distance);
[6.733s]       |                              ^~~~~~~~~~~~~~~~~~~~~~~~~~~~~~~~~~~~~~~~~~~~~~~~~~~~~~~~~~~~~~~~~~~~~~~~~~~~~~~
[7.107s] [ 40%] Building CXX object CMakeFiles/sllidar_node.dir/sdk/src/dataunpacker/unpacker/handler_hqnode.cpp.o
[7.382s] [ 45%] Building CXX object CMakeFiles/sllidar_node.dir/sdk/src/dataunpacker/unpacker/handler_normalnode.cpp.o
[8.601s] In file included from /home/p/ros2_ws/src/sllidar_ros2/./sdk/include/rplidar_protocol.h:36,
[8.601s]                  from /home/p/ros2_ws/src/sllidar_ros2/./sdk/include/rplidar.h:39,
[8.601s]                  from /home/p/ros2_ws/src/sllidar_ros2/./sdk/src/sdkcommon.h:49,
[8.601s]                  from /home/p/ros2_ws/src/sllidar_ros2/sdk/src/dataunpacker/unpacker/../dataunnpacker_commondef.h:41,
[8.601s]                  from /home/p/ros2_ws/src/sllidar_ros2/sdk/src/dataunpacker/unpacker/handler_normalnode.cpp:39:
[8.602s] /home/p/ros2_ws/src/sllidar_ros2/./sdk/include/sl_lidar_protocol.h:66:16: warning: ISO C++ forbids zero-size array ‘data’ [-Wpedantic]
[8.602s]    66 |     sl_u8 data[0];
[8.602s]       |                ^
[8.609s] In file included from /home/p/ros2_ws/src/sllidar_ros2/./sdk/include/rplidar_cmd.h:36,
[8.610s]                  from /home/p/ros2_ws/src/sllidar_ros2/./sdk/include/rplidar.h:40:
[8.610s] /home/p/ros2_ws/src/sllidar_ros2/./sdk/include/sl_lidar_cmd.h:324:20: warning: ISO C++ forbids zero-size array ‘payload’ [-Wpedantic]
[8.610s]   324 |     sl_u8  payload[0];
[8.610s]       |                    ^
[8.761s] In file included from /home/p/ros2_ws/src/sllidar_ros2/./sdk/include/rplidar_protocol.h:36,
[8.762s]                  from /home/p/ros2_ws/src/sllidar_ros2/./sdk/include/rplidar.h:39,
[8.762s]                  from /home/p/ros2_ws/src/sllidar_ros2/./sdk/src/sdkcommon.h:49,
[8.762s]                  from /home/p/ros2_ws/src/sllidar_ros2/sdk/src/dataunpacker/unpacker/../dataunnpacker_commondef.h:41,
[8.762s]                  from /home/p/ros2_ws/src/sllidar_ros2/sdk/src/dataunpacker/unpacker/handler_hqnode.cpp:39:
[8.762s] /home/p/ros2_ws/src/sllidar_ros2/./sdk/include/sl_lidar_protocol.h:66:16: warning: ISO C++ forbids zero-size array ‘data’ [-Wpedantic]
[8.762s]    66 |     sl_u8 data[0];
[8.763s]       |                ^
[8.763s] In file included from /home/p/ros2_ws/src/sllidar_ros2/./sdk/include/rplidar_cmd.h:36,
[8.763s]                  from /home/p/ros2_ws/src/sllidar_ros2/./sdk/include/rplidar.h:40:
[8.763s] /home/p/ros2_ws/src/sllidar_ros2/./sdk/include/sl_lidar_cmd.h:324:20: warning: ISO C++ forbids zero-size array ‘payload’ [-Wpedantic]
[8.763s]   324 |     sl_u8  payload[0];
[8.763s]       |                    ^
[8.837s] In file included from /home/p/ros2_ws/src/sllidar_ros2/sdk/src/dataunpacker/unpacker/handler_normalnode.cpp:40:
[8.837s] /home/p/ros2_ws/src/sllidar_ros2/sdk/src/dataunpacker/unpacker/../dataunpacker.h: In member function ‘virtual void sl::internal::LIDARSampleDataListener::onCustomSampleDataDecoded(_u8, _u32, const void*, size_t)’:
[8.837s] /home/p/ros2_ws/src/sllidar_ros2/sdk/src/dataunpacker/unpacker/../dataunpacker.h:54:52: warning: unused parameter ‘ansType’ [-Wunused-parameter]
[8.837s]    54 |         virtual void onCustomSampleDataDecoded(_u8 ansType, _u32 customCode, const void* data, size_t size) {}
[8.838s]       |                                                ~~~~^~~~~~~
[8.843s] /home/p/ros2_ws/src/sllidar_ros2/sdk/src/dataunpacker/unpacker/../dataunpacker.h:54:66: warning: unused parameter ‘customCode’ [-Wunused-parameter]
[8.843s]    54 |         virtual void onCustomSampleDataDecoded(_u8 ansType, _u32 customCode, const void* data, size_t size) {}
[8.843s]       |                                                             ~~~~~^~~~~~~~~~
[8.843s] /home/p/ros2_ws/src/sllidar_ros2/sdk/src/dataunpacker/unpacker/../dataunpacker.h:54:90: warning: unused parameter ‘data’ [-Wunused-parameter]
[8.843s]    54 |         virtual void onCustomSampleDataDecoded(_u8 ansType, _u32 customCode, const void* data, size_t size) {}
[8.844s]       |                                                                              ~~~~~~~~~~~~^~~~
[8.844s] /home/p/ros2_ws/src/sllidar_ros2/sdk/src/dataunpacker/unpacker/../dataunpacker.h:54:103: warning: unused parameter ‘size’ [-Wunused-parameter]
[8.844s]    54 |         virtual void onCustomSampleDataDecoded(_u8 ansType, _u32 customCode, const void* data, size_t size) {}
[8.844s]       |                                                                                                ~~~~~~~^~~~
[8.844s] /home/p/ros2_ws/src/sllidar_ros2/sdk/src/dataunpacker/unpacker/../dataunpacker.h: In member function ‘virtual void sl::internal::LIDARSampleDataListener::onDecodingError(int, _u8, const void*, size_t)’:
[8.844s] /home/p/ros2_ws/src/sllidar_ros2/sdk/src/dataunpacker/unpacker/../dataunpacker.h:56:42: warning: unused parameter ‘errMsg’ [-Wunused-parameter]
[8.844s]    56 |         virtual void onDecodingError(int errMsg, _u8 ansType, const void* payload, size_t size) {}
[8.845s]       |                                      ~~~~^~~~~~
[8.845s] /home/p/ros2_ws/src/sllidar_ros2/sdk/src/dataunpacker/unpacker/../dataunpacker.h:56:54: warning: unused parameter ‘ansType’ [-Wunused-parameter]
[8.845s]    56 |         virtual void onDecodingError(int errMsg, _u8 ansType, const void* payload, size_t size) {}
[8.845s]       |                                                  ~~~~^~~~~~~
[8.845s] /home/p/ros2_ws/src/sllidar_ros2/sdk/src/dataunpacker/unpacker/../dataunpacker.h:56:75: warning: unused parameter ‘payload’ [-Wunused-parameter]
[8.852s]    56 |         virtual void onDecodingError(int errMsg, _u8 ansType, const void* payload, size_t size) {}
[8.852s]       |                                                               ~~~~~~~~~~~~^~~~~~~
[8.852s] /home/p/ros2_ws/src/sllidar_ros2/sdk/src/dataunpacker/unpacker/../dataunpacker.h:56:91: warning: unused parameter ‘size’ [-Wunused-parameter]
[8.852s]    56 |         virtual void onDecodingError(int errMsg, _u8 ansType, const void* payload, size_t size) {}
[8.853s]       |                                                                                    ~~~~~~~^~~~
[8.975s] In file included from /home/p/ros2_ws/src/sllidar_ros2/./sdk/include/sl_lidar_cmd.h:41,
[8.975s]                  from /home/p/ros2_ws/src/sllidar_ros2/./sdk/include/sl_lidar_driver.h:54,
[8.975s]                  from /home/p/ros2_ws/src/sllidar_ros2/./sdk/include/sl_lidar.h:36,
[8.975s]                  from /home/p/ros2_ws/src/sllidar_ros2/src/sllidar_node.cpp:38:
[8.975s] /home/p/ros2_ws/src/sllidar_ros2/./sdk/include/sl_lidar_protocol.h:66:16: warning: ISO C++ forbids zero-size array ‘data’ [-Wpedantic]
[8.975s]    66 |     sl_u8 data[0];
[8.976s]       |                ^
[8.976s] /home/p/ros2_ws/src/sllidar_ros2/./sdk/include/sl_lidar_cmd.h:324:20: warning: ISO C++ forbids zero-size array ‘payload’ [-Wpedantic]
[8.976s]   324 |     sl_u8  payload[0];
[8.976s]       |                    ^
[9.065s] In file included from /home/p/ros2_ws/src/sllidar_ros2/sdk/src/dataunpacker/unpacker/handler_hqnode.cpp:40:
[9.065s] /home/p/ros2_ws/src/sllidar_ros2/sdk/src/dataunpacker/unpacker/../dataunpacker.h: In member function ‘virtual void sl::internal::LIDARSampleDataListener::onCustomSampleDataDecoded(_u8, _u32, const void*, size_t)’:
[9.065s] /home/p/ros2_ws/src/sllidar_ros2/sdk/src/dataunpacker/unpacker/../dataunpacker.h:54:52: warning: unused parameter ‘ansType’ [-Wunused-parameter]
[9.065s]    54 |         virtual void onCustomSampleDataDecoded(_u8 ansType, _u32 customCode, const void* data, size_t size) {}
[9.065s]       |                                                ~~~~^~~~~~~
[9.065s] /home/p/ros2_ws/src/sllidar_ros2/sdk/src/dataunpacker/unpacker/../dataunpacker.h:54:66: warning: unused parameter ‘customCode’ [-Wunused-parameter]
[9.065s]    54 |         virtual void onCustomSampleDataDecoded(_u8 ansType, _u32 customCode, const void* data, size_t size) {}
[9.066s]       |                                                             ~~~~~^~~~~~~~~~
[9.066s] /home/p/ros2_ws/src/sllidar_ros2/sdk/src/dataunpacker/unpacker/../dataunpacker.h:54:90: warning: unused parameter ‘data’ [-Wunused-parameter]
[9.066s]    54 |         virtual void onCustomSampleDataDecoded(_u8 ansType, _u32 customCode, const void* data, size_t size) {}
[9.066s]       |                                                                              ~~~~~~~~~~~~^~~~
[9.066s] /home/p/ros2_ws/src/sllidar_ros2/sdk/src/dataunpacker/unpacker/../dataunpacker.h:54:103: warning: unused parameter ‘size’ [-Wunused-parameter]
[9.066s]    54 |         virtual void onCustomSampleDataDecoded(_u8 ansType, _u32 customCode, const void* data, size_t size) {}
[9.066s]       |                                                                                                ~~~~~~~^~~~
[9.066s] /home/p/ros2_ws/src/sllidar_ros2/sdk/src/dataunpacker/unpacker/../dataunpacker.h: In member function ‘virtual void sl::internal::LIDARSampleDataListener::onDecodingError(int, _u8, const void*, size_t)’:
[9.067s] /home/p/ros2_ws/src/sllidar_ros2/sdk/src/dataunpacker/unpacker/../dataunpacker.h:56:42: warning: unused parameter ‘errMsg’ [-Wunused-parameter]
[9.067s]    56 |         virtual void onDecodingError(int errMsg, _u8 ansType, const void* payload, size_t size) {}
[9.067s]       |                                      ~~~~^~~~~~
[9.067s] /home/p/ros2_ws/src/sllidar_ros2/sdk/src/dataunpacker/unpacker/../dataunpacker.h:56:54: warning: unused parameter ‘ansType’ [-Wunused-parameter]
[9.067s]    56 |         virtual void onDecodingError(int errMsg, _u8 ansType, const void* payload, size_t size) {}
[9.076s]       |                                                  ~~~~^~~~~~~
[9.077s] /home/p/ros2_ws/src/sllidar_ros2/sdk/src/dataunpacker/unpacker/../dataunpacker.h:56:75: warning: unused parameter ‘payload’ [-Wunused-parameter]
[9.077s]    56 |         virtual void onDecodingError(int errMsg, _u8 ansType, const void* payload, size_t size) {}
[9.077s]       |                                                               ~~~~~~~~~~~~^~~~~~~
[9.077s] /home/p/ros2_ws/src/sllidar_ros2/sdk/src/dataunpacker/unpacker/../dataunpacker.h:56:91: warning: unused parameter ‘size’ [-Wunused-parameter]
[9.077s]    56 |         virtual void onDecodingError(int errMsg, _u8 ansType, const void* payload, size_t size) {}
[9.077s]       |                                                                                    ~~~~~~~^~~~
[9.304s] [ 50%] Building CXX object CMakeFiles/sllidar_node.dir/sdk/src/hal/thread.cpp.o
[9.383s] [ 55%] Building CXX object CMakeFiles/sllidar_node.dir/sdk/src/rplidar_driver.cpp.o
[10.390s] In file included from /home/p/ros2_ws/src/sllidar_ros2/./sdk/include/rplidar_protocol.h:36,
[10.390s]                  from /home/p/ros2_ws/src/sllidar_ros2/./sdk/include/rplidar.h:39,
[10.390s]                  from /home/p/ros2_ws/src/sllidar_ros2/sdk/src/sdkcommon.h:49,
[10.390s]                  from /home/p/ros2_ws/src/sllidar_ros2/sdk/src/rplidar_driver.cpp:33:
[10.391s] /home/p/ros2_ws/src/sllidar_ros2/./sdk/include/sl_lidar_protocol.h:66:16: warning: ISO C++ forbids zero-size array ‘data’ [-Wpedantic]
[10.391s]    66 |     sl_u8 data[0];
[10.391s]       |                ^
[10.398s] In file included from /home/p/ros2_ws/src/sllidar_ros2/./sdk/include/rplidar_cmd.h:36,
[10.398s]                  from /home/p/ros2_ws/src/sllidar_ros2/./sdk/include/rplidar.h:40:
[10.398s] /home/p/ros2_ws/src/sllidar_ros2/./sdk/include/sl_lidar_cmd.h:324:20: warning: ISO C++ forbids zero-size array ‘payload’ [-Wpedantic]
[10.398s]   324 |     sl_u8  payload[0];
[10.399s]       |                    ^
[10.503s] /home/p/ros2_ws/src/sllidar_ros2/sdk/src/rplidar_driver.cpp: In member function ‘u_result rp::standalone::rplidar::RPlidarDriver::connect(const char*, _u32, _u32)’:
[10.503s] /home/p/ros2_ws/src/sllidar_ros2/sdk/src/rplidar_driver.cpp:67:77: warning: unused parameter ‘flag’ [-Wunused-parameter]
[10.504s]    67 |     u_result RPlidarDriver::connect(const char *path, _u32 portOrBaud, _u32 flag)
[10.504s]       |                                                                        ~~~~~^~~~
[10.507s] /home/p/ros2_ws/src/sllidar_ros2/sdk/src/rplidar_driver.cpp: In member function ‘u_result rp::standalone::rplidar::RPlidarDriver::reset(_u32)’:
[10.507s] /home/p/ros2_ws/src/sllidar_ros2/sdk/src/rplidar_driver.cpp:101:40: warning: unused parameter ‘timeout’ [-Wunused-parameter]
[10.507s]   101 |     u_result RPlidarDriver::reset(_u32 timeout)
[10.507s]       |                                   ~~~~~^~~~~~~
[10.514s] /home/p/ros2_ws/src/sllidar_ros2/sdk/src/rplidar_driver.cpp: In member function ‘u_result rp::standalone::rplidar::RPlidarDriver::getScanDataWithInterval(rplidar_response_measurement_node_t*, size_t&)’:
[10.514s] /home/p/ros2_ws/src/sllidar_ros2/sdk/src/rplidar_driver.cpp:180:91: warning: unused parameter ‘nodebuffer’ [-Wunused-parameter]
[10.514s]   180 |     u_result RPlidarDriver::getScanDataWithInterval(rplidar_response_measurement_node_t * nodebuffer, size_t & count)
[10.515s]       |                                                     ~~~~~~~~~~~~~~~~~~~~~~~~~~~~~~~~~~~~~~^~~~~~~~~~
[10.515s] /home/p/ros2_ws/src/sllidar_ros2/sdk/src/rplidar_driver.cpp:180:112: warning: unused parameter ‘count’ [-Wunused-parameter]
[10.515s]   180 |     u_result RPlidarDriver::getScanDataWithInterval(rplidar_response_measurement_node_t * nodebuffer, size_t & count)
[10.518s]       |                                                                                                       ~~~~~~~~~^~~~~
[10.804s] [ 60%] Building CXX object CMakeFiles/sllidar_node.dir/sdk/src/sl_async_transceiver.cpp.o
[11.035s] In file included from /home/p/ros2_ws/src/sllidar_ros2/./sdk/include/rplidar_protocol.h:36,
[11.035s]                  from /home/p/ros2_ws/src/sllidar_ros2/./sdk/include/rplidar.h:39,
[11.035s]                  from /home/p/ros2_ws/src/sllidar_ros2/./sdk/src/sdkcommon.h:49,
[11.035s]                  from /home/p/ros2_ws/src/sllidar_ros2/sdk/src/hal/thread.cpp:35:
[11.035s] /home/p/ros2_ws/src/sllidar_ros2/./sdk/include/sl_lidar_protocol.h:66:16: warning: ISO C++ forbids zero-size array ‘data’ [-Wpedantic]
[11.035s]    66 |     sl_u8 data[0];
[11.035s]       |                ^
[11.038s] In file included from /home/p/ros2_ws/src/sllidar_ros2/./sdk/include/rplidar_cmd.h:36,
[11.038s]                  from /home/p/ros2_ws/src/sllidar_ros2/./sdk/include/rplidar.h:40:
[11.038s] /home/p/ros2_ws/src/sllidar_ros2/./sdk/include/sl_lidar_cmd.h:324:20: warning: ISO C++ forbids zero-size array ‘payload’ [-Wpedantic]
[11.038s]   324 |     sl_u8  payload[0];
[11.038s]       |                    ^
[11.150s] In file included from /home/p/ros2_ws/src/sllidar_ros2/sdk/src/hal/thread.cpp:43:
[11.150s] /home/p/ros2_ws/src/sllidar_ros2/./sdk/src/arch/linux/thread.hpp: In static member function ‘static rp::hal::Thread rp::hal::Thread::create(thread_proc_t, void*)’:
[11.151s] /home/p/ros2_ws/src/sllidar_ros2/./sdk/src/arch/linux/thread.hpp:52:57: warning: cast between incompatible function types from ‘thread_proc_t’ {aka ‘long unsigned int (*)(void*)’} to ‘void* (*)(void*)’ [-Wcast-function-type]
[11.151s]    52 |     pthread_create((pthread_t *)&newborn._handle, NULL, (void * (*)(void *))proc, data);
[11.151s]       |                                                         ^~~~~~~~~~~~~~~~~~~~~~~~
[11.157s] /home/p/ros2_ws/src/sllidar_ros2/./sdk/src/arch/linux/thread.hpp: In member function ‘u_result rp::hal::Thread::join(long unsigned int)’:
[11.158s] /home/p/ros2_ws/src/sllidar_ros2/./sdk/src/arch/linux/thread.hpp:176:37: warning: unused parameter ‘timeout’ [-Wunused-parameter]
[11.158s]   176 | u_result Thread::join(unsigned long timeout)
[11.158s]       |                       ~~~~~~~~~~~~~~^~~~~~~
[11.447s] [ 65%] Building CXX object CMakeFiles/sllidar_node.dir/sdk/src/sl_crc.cpp.o
[11.543s] In file included from /home/p/ros2_ws/src/sllidar_ros2/./sdk/include/sl_lidar_cmd.h:41,
[11.543s]                  from /home/p/ros2_ws/src/sllidar_ros2/./sdk/include/sl_crc.h:36,
[11.543s]                  from /home/p/ros2_ws/src/sllidar_ros2/sdk/src/sl_crc.cpp:33:
[11.543s] /home/p/ros2_ws/src/sllidar_ros2/./sdk/include/sl_lidar_protocol.h:66:16: warning: ISO C++ forbids zero-size array ‘data’ [-Wpedantic]
[11.543s]    66 |     sl_u8 data[0];
[11.544s]       |                ^
[11.544s] /home/p/ros2_ws/src/sllidar_ros2/./sdk/include/sl_lidar_cmd.h:324:20: warning: ISO C++ forbids zero-size array ‘payload’ [-Wpedantic]
[11.544s]   324 |     sl_u8  payload[0];
[11.544s]       |                    ^
[11.659s] [ 70%] Building CXX object CMakeFiles/sllidar_node.dir/sdk/src/sl_lidar_driver.cpp.o
[12.218s] In file included from /home/p/ros2_ws/src/sllidar_ros2/./sdk/include/rplidar_protocol.h:36,
[12.219s]                  from /home/p/ros2_ws/src/sllidar_ros2/./sdk/include/rplidar.h:39,
[12.219s]                  from /home/p/ros2_ws/src/sllidar_ros2/sdk/src/sdkcommon.h:49,
[12.219s]                  from /home/p/ros2_ws/src/sllidar_ros2/sdk/src/sl_async_transceiver.cpp:35:
[12.219s] /home/p/ros2_ws/src/sllidar_ros2/./sdk/include/sl_lidar_protocol.h:66:16: warning: ISO C++ forbids zero-size array ‘data’ [-Wpedantic]
[12.219s]    66 |     sl_u8 data[0];
[12.219s]       |                ^
[12.225s] In file included from /home/p/ros2_ws/src/sllidar_ros2/./sdk/include/rplidar_cmd.h:36,
[12.225s]                  from /home/p/ros2_ws/src/sllidar_ros2/./sdk/include/rplidar.h:40:
[12.225s] /home/p/ros2_ws/src/sllidar_ros2/./sdk/include/sl_lidar_cmd.h:324:20: warning: ISO C++ forbids zero-size array ‘payload’ [-Wpedantic]
[12.225s]   324 |     sl_u8  payload[0];
[12.225s]       |                    ^
[12.562s] In file included from /home/p/ros2_ws/src/sllidar_ros2/sdk/src/sl_async_transceiver.cpp:44:
[12.562s] /home/p/ros2_ws/src/sllidar_ros2/sdk/src/sl_async_transceiver.h: In member function ‘virtual void sl::internal::IAsyncProtocolCodec::onChannelError(u_result)’:
[12.562s] /home/p/ros2_ws/src/sllidar_ros2/sdk/src/sl_async_transceiver.h:90:48: warning: unused parameter ‘errCode’ [-Wunused-parameter]
[12.562s]    90 |         virtual void   onChannelError(u_result errCode) {}
[12.562s]       |                                       ~~~~~~~~~^~~~~~~
[13.058s] In file included from /home/p/ros2_ws/src/sllidar_ros2/./sdk/include/rplidar_protocol.h:36,
[13.058s]                  from /home/p/ros2_ws/src/sllidar_ros2/./sdk/include/rplidar.h:39,
[13.059s]                  from /home/p/ros2_ws/src/sllidar_ros2/sdk/src/sdkcommon.h:49,
[13.059s]                  from /home/p/ros2_ws/src/sllidar_ros2/sdk/src/sl_lidar_driver.cpp:33:
[13.059s] /home/p/ros2_ws/src/sllidar_ros2/./sdk/include/sl_lidar_protocol.h:66:16: warning: ISO C++ forbids zero-size array ‘data’ [-Wpedantic]
[13.059s]    66 |     sl_u8 data[0];
[13.059s]       |                ^
[13.066s] In file included from /home/p/ros2_ws/src/sllidar_ros2/./sdk/include/rplidar_cmd.h:36,
[13.066s]                  from /home/p/ros2_ws/src/sllidar_ros2/./sdk/include/rplidar.h:40:
[13.066s] /home/p/ros2_ws/src/sllidar_ros2/./sdk/include/sl_lidar_cmd.h:324:20: warning: ISO C++ forbids zero-size array ‘payload’ [-Wpedantic]
[13.066s]   324 |     sl_u8  payload[0];
[13.066s]       |                    ^
[13.110s] [ 75%] Building CXX object CMakeFiles/sllidar_node.dir/sdk/src/sl_lidarprotocol_codec.cpp.o
[13.611s] In file included from /home/p/ros2_ws/src/sllidar_ros2/sdk/src/sl_lidar_driver.cpp:50:
[13.612s] /home/p/ros2_ws/src/sllidar_ros2/sdk/src/dataunpacker/dataunpacker.h: In member function ‘virtual void sl::internal::LIDARSampleDataListener::onCustomSampleDataDecoded(_u8, _u32, const void*, size_t)’:
[13.612s] /home/p/ros2_ws/src/sllidar_ros2/sdk/src/dataunpacker/dataunpacker.h:54:52: warning: unused parameter ‘ansType’ [-Wunused-parameter]
[13.612s]    54 |         virtual void onCustomSampleDataDecoded(_u8 ansType, _u32 customCode, const void* data, size_t size) {}
[13.612s]       |                                                ~~~~^~~~~~~
[13.619s] /home/p/ros2_ws/src/sllidar_ros2/sdk/src/dataunpacker/dataunpacker.h:54:66: warning: unused parameter ‘customCode’ [-Wunused-parameter]
[13.619s]    54 |         virtual void onCustomSampleDataDecoded(_u8 ansType, _u32 customCode, const void* data, size_t size) {}
[13.619s]       |                                                             ~~~~~^~~~~~~~~~
[13.619s] /home/p/ros2_ws/src/sllidar_ros2/sdk/src/dataunpacker/dataunpacker.h:54:90: warning: unused parameter ‘data’ [-Wunused-parameter]
[13.619s]    54 |         virtual void onCustomSampleDataDecoded(_u8 ansType, _u32 customCode, const void* data, size_t size) {}
[13.620s]       |                                                                              ~~~~~~~~~~~~^~~~
[13.620s] /home/p/ros2_ws/src/sllidar_ros2/sdk/src/dataunpacker/dataunpacker.h:54:103: warning: unused parameter ‘size’ [-Wunused-parameter]
[13.620s]    54 |         virtual void onCustomSampleDataDecoded(_u8 ansType, _u32 customCode, const void* data, size_t size) {}
[13.620s]       |                                                                                                ~~~~~~~^~~~
[13.620s] /home/p/ros2_ws/src/sllidar_ros2/sdk/src/dataunpacker/dataunpacker.h: In member function ‘virtual void sl::internal::LIDARSampleDataListener::onDecodingError(int, _u8, const void*, size_t)’:
[13.623s] /home/p/ros2_ws/src/sllidar_ros2/sdk/src/dataunpacker/dataunpacker.h:56:42: warning: unused parameter ‘errMsg’ [-Wunused-parameter]
[13.624s]    56 |         virtual void onDecodingError(int errMsg, _u8 ansType, const void* payload, size_t size) {}
[13.624s]       |                                      ~~~~^~~~~~
[13.624s] /home/p/ros2_ws/src/sllidar_ros2/sdk/src/dataunpacker/dataunpacker.h:56:54: warning: unused parameter ‘ansType’ [-Wunused-parameter]
[13.624s]    56 |         virtual void onDecodingError(int errMsg, _u8 ansType, const void* payload, size_t size) {}
[13.627s]       |                                                  ~~~~^~~~~~~
[13.628s] /home/p/ros2_ws/src/sllidar_ros2/sdk/src/dataunpacker/dataunpacker.h:56:75: warning: unused parameter ‘payload’ [-Wunused-parameter]
[13.628s]    56 |         virtual void onDecodingError(int errMsg, _u8 ansType, const void* payload, size_t size) {}
[13.628s]       |                                                               ~~~~~~~~~~~~^~~~~~~
[13.628s] /home/p/ros2_ws/src/sllidar_ros2/sdk/src/dataunpacker/dataunpacker.h:56:91: warning: unused parameter ‘size’ [-Wunused-parameter]
[13.628s]    56 |         virtual void onDecodingError(int errMsg, _u8 ansType, const void* payload, size_t size) {}
[13.629s]       |                                                                                    ~~~~~~~^~~~
[13.659s] In file included from /home/p/ros2_ws/src/sllidar_ros2/sdk/src/sl_lidar_driver.cpp:51:
[13.659s] /home/p/ros2_ws/src/sllidar_ros2/sdk/src/sl_async_transceiver.h: In member function ‘virtual void sl::internal::IAsyncProtocolCodec::onChannelError(u_result)’:
[13.659s] /home/p/ros2_ws/src/sllidar_ros2/sdk/src/sl_async_transceiver.h:90:48: warning: unused parameter ‘errCode’ [-Wunused-parameter]
[13.659s]    90 |         virtual void   onChannelError(u_result errCode) {}
[13.660s]       |                                       ~~~~~~~~~^~~~~~~
[13.717s] /home/p/ros2_ws/src/sllidar_ros2/sdk/src/sl_lidar_driver.cpp: In member function ‘virtual sl_result sl::SlamtecLidarDriver::reset(sl_u32)’:
[13.717s] /home/p/ros2_ws/src/sllidar_ros2/sdk/src/sl_lidar_driver.cpp:511:32: warning: unused parameter ‘timeoutInMs’ [-Wunused-parameter]
[13.717s]   511 |         sl_result reset(sl_u32 timeoutInMs = DEFAULT_TIMEOUT)
[13.717s]       |                         ~~~~~~~^~~~~~~~~~~~~~~~~~~~~~~~~~~~~
[13.720s] /home/p/ros2_ws/src/sllidar_ros2/sdk/src/sl_lidar_driver.cpp: In member function ‘virtual sl_result sl::SlamtecLidarDriver::startScan(bool, bool, sl_u32, sl::LidarScanMode*)’:
[13.720s] /home/p/ros2_ws/src/sllidar_ros2/sdk/src/sl_lidar_driver.cpp:586:69: warning: unused parameter ‘options’ [-Wunused-parameter]
[13.720s]   586 |         sl_result startScan(bool force, bool useTypicalScan, sl_u32 options = 0, LidarScanMode* outUsedScanMode = nullptr)
[13.720s]       |                                                              ~~~~~~~^~~~~~~~~~~
[13.727s] /home/p/ros2_ws/src/sllidar_ros2/sdk/src/sl_lidar_driver.cpp: In member function ‘virtual sl_result sl::SlamtecLidarDriver::stop(sl_u32)’:
[13.727s] /home/p/ros2_ws/src/sllidar_ros2/sdk/src/sl_lidar_driver.cpp:763:31: warning: unused parameter ‘timeout’ [-Wunused-parameter]
[13.727s]   763 |         sl_result stop(sl_u32 timeout = DEFAULT_TIMEOUT)
[13.727s]       |                        ~~~~~~~^~~~~~~~~~~~~~~~~~~~~~~~~
[13.736s] /home/p/ros2_ws/src/sllidar_ros2/sdk/src/sl_lidar_driver.cpp: In member function ‘virtual sl_result sl::SlamtecLidarDriver::getFrequency(const sl::LidarScanMode&, const sl_lidar_response_measurement_node_hq_t*, size_t, float&)’:
[13.736s] /home/p/ros2_ws/src/sllidar_ros2/sdk/src/sl_lidar_driver.cpp:880:110: warning: unused parameter ‘nodes’ [-Wunused-parameter]
[13.736s]   880 |         sl_result getFrequency(const LidarScanMode& scanMode, const sl_lidar_response_measurement_node_hq_t* nodes, size_t count, float& frequency)
[13.736s]       |                                                               ~~~~~~~~~~~~~~~~~~~~~~~~~~~~~~~~~~~~~~~~~~~~~~~^~~~~
[13.744s] /home/p/ros2_ws/src/sllidar_ros2/sdk/src/sl_lidar_driver.cpp: In member function ‘virtual sl_result sl::SlamtecLidarDriver::getMotorInfo(sl::LidarMotorInfo&, sl_u32)’:
[13.744s] /home/p/ros2_ws/src/sllidar_ros2/sdk/src/sl_lidar_driver.cpp:1023:66: warning: unused parameter ‘timeoutInMs’ [-Wunused-parameter]
[13.744s]  1023 |         sl_result getMotorInfo(LidarMotorInfo &motorInfo, sl_u32 timeoutInMs)
[13.744s]       |                                                           ~~~~~~~^~~~~~~~~~~
[13.746s] /home/p/ros2_ws/src/sllidar_ros2/sdk/src/sl_lidar_driver.cpp: In member function ‘u_result sl::SlamtecLidarDriver::getScanModeCount(sl_u16&, sl_u32)’:
[13.746s] /home/p/ros2_ws/src/sllidar_ros2/sdk/src/sl_lidar_driver.cpp:1199:61: warning: unused parameter ‘timeoutInMs’ [-Wunused-parameter]
[13.747s]  1199 |         u_result getScanModeCount(sl_u16& modeCount, sl_u32 timeoutInMs = DEFAULT_TIMEOUT)
[13.747s]       |                                                      ~~~~~~~^~~~~~~~~~~~~~~~~~~~~~~~~~~~~
[13.883s] /home/p/ros2_ws/src/sllidar_ros2/sdk/src/sl_lidar_driver.cpp: In instantiation of ‘void sl::RawSampleNodeHolder<T>::pushNode(_u64, const T*) [with T = sl_lidar_response_measurement_node_hq_t; _u64 = long unsigned int]’:
[13.884s] /home/p/ros2_ws/src/sllidar_ros2/sdk/src/sl_lidar_driver.cpp:1648:42:   required from here
[13.884s] /home/p/ros2_ws/src/sllidar_ros2/sdk/src/sl_lidar_driver.cpp:202:28: warning: unused parameter ‘timestamp_uS’ [-Wunused-parameter]
[13.884s]   202 |         void pushNode(_u64 timestamp_uS, const T* node)
[13.884s]       |                       ~~~~~^~~~~~~~~~~~
[14.271s] In file included from /home/p/ros2_ws/src/sllidar_ros2/./sdk/include/rplidar_protocol.h:36,
[14.271s]                  from /home/p/ros2_ws/src/sllidar_ros2/./sdk/include/rplidar.h:39,
[14.271s]                  from /home/p/ros2_ws/src/sllidar_ros2/sdk/src/sdkcommon.h:49,
[14.272s]                  from /home/p/ros2_ws/src/sllidar_ros2/sdk/src/sl_lidarprotocol_codec.cpp:35:
[14.272s] /home/p/ros2_ws/src/sllidar_ros2/./sdk/include/sl_lidar_protocol.h:66:16: warning: ISO C++ forbids zero-size array ‘data’ [-Wpedantic]
[14.272s]    66 |     sl_u8 data[0];
[14.272s]       |                ^
[14.280s] In file included from /home/p/ros2_ws/src/sllidar_ros2/./sdk/include/rplidar_cmd.h:36,
[14.280s]                  from /home/p/ros2_ws/src/sllidar_ros2/./sdk/include/rplidar.h:40:
[14.280s] /home/p/ros2_ws/src/sllidar_ros2/./sdk/include/sl_lidar_cmd.h:324:20: warning: ISO C++ forbids zero-size array ‘payload’ [-Wpedantic]
[14.280s]   324 |     sl_u8  payload[0];
[14.281s]       |                    ^
[14.387s] /home/p/ros2_ws/src/sllidar_ros2/sdk/src/sl_lidar_driver.cpp: At global scope:
[14.387s] /home/p/ros2_ws/src/sllidar_ros2/sdk/src/sl_lidar_driver.cpp:83:17: warning: ‘void sl::convert(const sl_lidar_response_measurement_node_hq_t&, sl_lidar_response_measurement_node_t&)’ defined but not used [-Wunused-function]
[14.387s]    83 |     static void convert(const sl_lidar_response_measurement_node_hq_t& from, sl_lidar_response_measurement_node_t& to)
[14.387s]       |                 ^~~~~~~
[14.387s] /home/p/ros2_ws/src/sllidar_ros2/sdk/src/sl_lidar_driver.cpp:75:17: warning: ‘void sl::convert(const sl_lidar_response_measurement_node_t&, sl_lidar_response_measurement_node_hq_t&)’ defined but not used [-Wunused-function]
[14.388s]    75 |     static void convert(const sl_lidar_response_measurement_node_t& from, sl_lidar_response_measurement_node_hq_t& to)
[14.388s]       |                 ^~~~~~~
[14.388s] /home/p/ros2_ws/src/sllidar_ros2/sdk/src/sl_lidar_driver.cpp:70:17: warning: ‘void sl::printDeprecationWarn(const char*, const char*)’ defined but not used [-Wunused-function]
[14.388s]    70 |     static void printDeprecationWarn(const char* fn, const char* replacement)
[14.388s]       |                 ^~~~~~~~~~~~~~~~~~~~
[14.623s] In file included from /home/p/ros2_ws/src/sllidar_ros2/sdk/src/sl_lidarprotocol_codec.cpp:49:
[14.624s] /home/p/ros2_ws/src/sllidar_ros2/sdk/src/sl_async_transceiver.h: In member function ‘virtual void sl::internal::IAsyncProtocolCodec::onChannelError(u_result)’:
[14.624s] /home/p/ros2_ws/src/sllidar_ros2/sdk/src/sl_async_transceiver.h:90:48: warning: unused parameter ‘errCode’ [-Wunused-parameter]
[14.624s]    90 |         virtual void   onChannelError(u_result errCode) {}
[14.624s]       |                                       ~~~~~~~~~^~~~~~~
[15.127s] [ 80%] Building CXX object CMakeFiles/sllidar_node.dir/sdk/src/sl_serial_channel.cpp.o
[15.656s] [ 85%] Building CXX object CMakeFiles/sllidar_node.dir/sdk/src/sl_tcp_channel.cpp.o
[15.873s] In file included from /home/p/ros2_ws/src/sllidar_ros2/./sdk/include/sl_lidar_cmd.h:41,
[15.873s]                  from /home/p/ros2_ws/src/sllidar_ros2/./sdk/include/sl_lidar_driver.h:54,
[15.874s]                  from /home/p/ros2_ws/src/sllidar_ros2/sdk/src/sl_serial_channel.cpp:33:
[15.874s] /home/p/ros2_ws/src/sllidar_ros2/./sdk/include/sl_lidar_protocol.h:66:16: warning: ISO C++ forbids zero-size array ‘data’ [-Wpedantic]
[15.874s]    66 |     sl_u8 data[0];
[15.874s]       |                ^
[15.874s] /home/p/ros2_ws/src/sllidar_ros2/./sdk/include/sl_lidar_cmd.h:324:20: warning: ISO C++ forbids zero-size array ‘payload’ [-Wpedantic]
[15.874s]   324 |     sl_u8  payload[0];
[15.874s]       |                    ^
[16.061s] [ 90%] Building CXX object CMakeFiles/sllidar_node.dir/sdk/src/sl_udp_channel.cpp.o
[16.426s] In file included from /home/p/ros2_ws/src/sllidar_ros2/./sdk/include/sl_lidar_cmd.h:41,
[16.426s]                  from /home/p/ros2_ws/src/sllidar_ros2/./sdk/include/sl_lidar_driver.h:54,
[16.426s]                  from /home/p/ros2_ws/src/sllidar_ros2/sdk/src/sl_tcp_channel.cpp:33:
[16.426s] /home/p/ros2_ws/src/sllidar_ros2/./sdk/include/sl_lidar_protocol.h:66:16: warning: ISO C++ forbids zero-size array ‘data’ [-Wpedantic]
[16.426s]    66 |     sl_u8 data[0];
[16.427s]       |                ^
[16.431s] /home/p/ros2_ws/src/sllidar_ros2/./sdk/include/sl_lidar_cmd.h:324:20: warning: ISO C++ forbids zero-size array ‘payload’ [-Wpedantic]
[16.431s]   324 |     sl_u8  payload[0];
[16.431s]       |                    ^
[16.440s] /home/p/ros2_ws/src/sllidar_ros2/sdk/src/sl_tcp_channel.cpp: In member function ‘void sl::TcpChannel::setStatus(_u32)’:
[16.440s] /home/p/ros2_ws/src/sllidar_ros2/sdk/src/sl_tcp_channel.cpp:109:29: warning: unused parameter ‘flag’ [-Wunused-parameter]
[16.440s]   109 |         void setStatus(_u32 flag){}
[16.440s]       |                        ~~~~~^~~~
[16.776s] In file included from /home/p/ros2_ws/src/sllidar_ros2/./sdk/include/sl_lidar_cmd.h:41,
[16.776s]                  from /home/p/ros2_ws/src/sllidar_ros2/./sdk/include/sl_lidar_driver.h:54,
[16.777s]                  from /home/p/ros2_ws/src/sllidar_ros2/sdk/src/sl_udp_channel.cpp:33:
[16.777s] /home/p/ros2_ws/src/sllidar_ros2/./sdk/include/sl_lidar_protocol.h:66:16: warning: ISO C++ forbids zero-size array ‘data’ [-Wpedantic]
[16.777s]    66 |     sl_u8 data[0];
[16.777s]       |                ^
[16.780s] /home/p/ros2_ws/src/sllidar_ros2/./sdk/include/sl_lidar_cmd.h:324:20: warning: ISO C++ forbids zero-size array ‘payload’ [-Wpedantic]
[16.781s]   324 |     sl_u8  payload[0];
[16.781s]       |                    ^
[16.791s] /home/p/ros2_ws/src/sllidar_ros2/sdk/src/sl_udp_channel.cpp: In member function ‘void sl::UdpChannel::setStatus(_u32)’:
[16.792s] /home/p/ros2_ws/src/sllidar_ros2/sdk/src/sl_udp_channel.cpp:112:29: warning: unused parameter ‘flag’ [-Wunused-parameter]
[16.792s]   112 |         void setStatus(_u32 flag){}
[16.792s]       |                        ~~~~~^~~~
[17.155s] [ 95%] Linking CXX executable sllidar_node
[17.934s] [ 95%] Built target sllidar_node
[22.197s] [100%] Linking CXX executable sllidar_client
[22.983s] [100%] Built target sllidar_client
[23.009s] Invoked command in '/home/p/ros2_ws/src/build/sllidar_ros2' returned '0': CMAKE_PREFIX_PATH=${CMAKE_PREFIX_PATH}:/home/p/ros2_ws/install/optical_cane_rpi:/home/p/ros2_ws/install/mpu9250:/opt/ros/jazzy DEBUGINFOD_URLS=https://debuginfod.ubuntu.com /usr/bin/cmake --build /home/p/ros2_ws/src/build/sllidar_ros2 -- -j4 -l4
[23.028s] Invoking command in '/home/p/ros2_ws/src/build/sllidar_ros2': CMAKE_PREFIX_PATH=${CMAKE_PREFIX_PATH}:/home/p/ros2_ws/install/optical_cane_rpi:/home/p/ros2_ws/install/mpu9250:/opt/ros/jazzy DEBUGINFOD_URLS=https://debuginfod.ubuntu.com /usr/bin/cmake --install /home/p/ros2_ws/src/build/sllidar_ros2
[23.046s] -- Install configuration: ""
[23.047s] -- Installing: /home/p/ros2_ws/src/install/sllidar_ros2/share/sllidar_ros2/launch
[23.047s] -- Installing: /home/p/ros2_ws/src/install/sllidar_ros2/share/sllidar_ros2/launch/othres
[23.047s] -- Installing: /home/p/ros2_ws/src/install/sllidar_ros2/share/sllidar_ros2/launch/othres/sllidar_s3_launch.py
[23.047s] -- Installing: /home/p/ros2_ws/src/install/sllidar_ros2/share/sllidar_ros2/launch/othres/view_sllidar_t1_launch.py
[23.049s] -- Installing: /home/p/ros2_ws/src/install/sllidar_ros2/share/sllidar_ros2/launch/othres/view_sllidar_s2e_launch.py
[23.049s] -- Installing: /home/p/ros2_ws/src/install/sllidar_ros2/share/sllidar_ros2/launch/othres/view_sllidar_c1_launch.py
[23.049s] -- Installing: /home/p/ros2_ws/src/install/sllidar_ros2/share/sllidar_ros2/launch/othres/view_sllidar_a2m12_launch.py
[23.049s] -- Installing: /home/p/ros2_ws/src/install/sllidar_ros2/share/sllidar_ros2/launch/othres/view_sllidar_a2m7_launch.py
[23.051s] -- Installing: /home/p/ros2_ws/src/install/sllidar_ros2/share/sllidar_ros2/launch/othres/sllidar_a2m7_launch.py
[23.051s] -- Installing: /home/p/ros2_ws/src/install/sllidar_ros2/share/sllidar_ros2/launch/othres/view_sllidar_s1_launch.py
[23.051s] -- Installing: /home/p/ros2_ws/src/install/sllidar_ros2/share/sllidar_ros2/launch/othres/sllidar_a3_launch.py
[23.051s] -- Installing: /home/p/ros2_ws/src/install/sllidar_ros2/share/sllidar_ros2/launch/othres/sllidar_c1_launch.py
[23.051s] -- Installing: /home/p/ros2_ws/src/install/sllidar_ros2/share/sllidar_ros2/launch/othres/sllidar_t1_launch.py
[23.051s] -- Installing: /home/p/ros2_ws/src/install/sllidar_ros2/share/sllidar_ros2/launch/othres/view_sllidar_a1_launch.py
[23.051s] -- Installing: /home/p/ros2_ws/src/install/sllidar_ros2/share/sllidar_ros2/launch/othres/view_sllidar_a3_launch.py
[23.051s] -- Installing: /home/p/ros2_ws/src/install/sllidar_ros2/share/sllidar_ros2/launch/othres/sllidar_a2m12_launch .py
[23.051s] -- Installing: /home/p/ros2_ws/src/install/sllidar_ros2/share/sllidar_ros2/launch/othres/view_sllidar_s1_tcp_launch.py
[23.051s] -- Installing: /home/p/ros2_ws/src/install/sllidar_ros2/share/sllidar_ros2/launch/othres/sllidar_s2e_launch.py
[23.052s] -- Installing: /home/p/ros2_ws/src/install/sllidar_ros2/share/sllidar_ros2/launch/othres/sllidar_a1_launch.py
[23.052s] -- Installing: /home/p/ros2_ws/src/install/sllidar_ros2/share/sllidar_ros2/launch/othres/view_sllidar_s3_launch.py
[23.052s] -- Installing: /home/p/ros2_ws/src/install/sllidar_ros2/share/sllidar_ros2/launch/othres/sllidar_s1_launch.py
[23.052s] -- Installing: /home/p/ros2_ws/src/install/sllidar_ros2/share/sllidar_ros2/launch/othres/view_sllidar_s2_launch.py
[23.052s] -- Installing: /home/p/ros2_ws/src/install/sllidar_ros2/share/sllidar_ros2/launch/othres/sllidar_s1_tcp_launch.py
[23.052s] -- Installing: /home/p/ros2_ws/src/install/sllidar_ros2/share/sllidar_ros2/launch/othres/sllidar_s2_launch.py
[23.052s] -- Installing: /home/p/ros2_ws/src/install/sllidar_ros2/share/sllidar_ros2/launch/a2m8_with_filtred_9250_launch.py
[23.052s] -- Installing: /home/p/ros2_ws/src/install/sllidar_ros2/share/sllidar_ros2/launch/a2m8_with_9250_launch.py
[23.052s] -- Installing: /home/p/ros2_ws/src/install/sllidar_ros2/share/sllidar_ros2/launch/a2m8_with_filtred_9250_front_launch.py
[23.052s] -- Installing: /home/p/ros2_ws/src/install/sllidar_ros2/share/sllidar_ros2/launch/__pycache__
[23.052s] -- Installing: /home/p/ros2_ws/src/install/sllidar_ros2/share/sllidar_ros2/launch/__pycache__/a2m8_with_filtred_9250_front_launch.cpython-312.pyc
[23.055s] -- Installing: /home/p/ros2_ws/src/install/sllidar_ros2/share/sllidar_ros2/launch/__pycache__/a2m8_with_filtred_9250_launch.cpython-312.pyc
[23.056s] -- Installing: /home/p/ros2_ws/src/install/sllidar_ros2/share/sllidar_ros2/launch/sllidar_a2m8_launch.py
[23.057s] -- Installing: /home/p/ros2_ws/src/install/sllidar_ros2/share/sllidar_ros2/launch/a2m8_with_filtred_9250_launch.py.bak
[23.057s] -- Installing: /home/p/ros2_ws/src/install/sllidar_ros2/share/sllidar_ros2/launch/view_sllidar_a2m8_launch.py
[23.057s] -- Installing: /home/p/ros2_ws/src/install/sllidar_ros2/share/sllidar_ros2/launch/combined_sensors_launch.py
[23.057s] -- Installing: /home/p/ros2_ws/src/install/sllidar_ros2/share/sllidar_ros2/rviz
[23.057s] -- Installing: /home/p/ros2_ws/src/install/sllidar_ros2/share/sllidar_ros2/rviz/sllidar_ros2.rviz
[23.057s] -- Installing: /home/p/ros2_ws/src/install/sllidar_ros2/share/sllidar_ros2/rviz/sllidar_with_imu.rviz
[23.062s] -- Installing: /home/p/ros2_ws/src/install/sllidar_ros2/lib/sllidar_ros2/sllidar_node
[23.064s] -- Set non-toolchain portion of runtime path of "/home/p/ros2_ws/src/install/sllidar_ros2/lib/sllidar_ros2/sllidar_node" to ""
[23.064s] -- Installing: /home/p/ros2_ws/src/install/sllidar_ros2/lib/sllidar_ros2/sllidar_client
[23.072s] -- Set non-toolchain portion of runtime path of "/home/p/ros2_ws/src/install/sllidar_ros2/lib/sllidar_ros2/sllidar_client" to ""
[23.072s] -- Installing: /home/p/ros2_ws/src/install/sllidar_ros2/share/ament_index/resource_index/package_run_dependencies/sllidar_ros2
[23.074s] -- Installing: /home/p/ros2_ws/src/install/sllidar_ros2/share/ament_index/resource_index/parent_prefix_path/sllidar_ros2
[23.074s] -- Installing: /home/p/ros2_ws/src/install/sllidar_ros2/share/sllidar_ros2/environment/ament_prefix_path.sh
[23.074s] -- Installing: /home/p/ros2_ws/src/install/sllidar_ros2/share/sllidar_ros2/environment/ament_prefix_path.dsv
[23.074s] -- Installing: /home/p/ros2_ws/src/install/sllidar_ros2/share/sllidar_ros2/environment/path.sh
[23.074s] -- Installing: /home/p/ros2_ws/src/install/sllidar_ros2/share/sllidar_ros2/environment/path.dsv
[23.074s] -- Installing: /home/p/ros2_ws/src/install/sllidar_ros2/share/sllidar_ros2/local_setup.bash
[23.077s] -- Installing: /home/p/ros2_ws/src/install/sllidar_ros2/share/sllidar_ros2/local_setup.sh
[23.077s] -- Installing: /home/p/ros2_ws/src/install/sllidar_ros2/share/sllidar_ros2/local_setup.zsh
[23.077s] -- Installing: /home/p/ros2_ws/src/install/sllidar_ros2/share/sllidar_ros2/local_setup.dsv
[23.077s] -- Installing: /home/p/ros2_ws/src/install/sllidar_ros2/share/sllidar_ros2/package.dsv
[23.077s] -- Installing: /home/p/ros2_ws/src/install/sllidar_ros2/share/ament_index/resource_index/packages/sllidar_ros2
[23.077s] -- Installing: /home/p/ros2_ws/src/install/sllidar_ros2/share/sllidar_ros2/cmake/ament_cmake_export_dependencies-extras.cmake
[23.077s] -- Installing: /home/p/ros2_ws/src/install/sllidar_ros2/share/sllidar_ros2/cmake/ament_cmake_export_include_directories-extras.cmake
[23.077s] -- Installing: /home/p/ros2_ws/src/install/sllidar_ros2/share/sllidar_ros2/cmake/sllidar_ros2Config.cmake
[23.077s] -- Installing: /home/p/ros2_ws/src/install/sllidar_ros2/share/sllidar_ros2/cmake/sllidar_ros2Config-version.cmake
[23.078s] -- Installing: /home/p/ros2_ws/src/install/sllidar_ros2/share/sllidar_ros2/package.xml
[23.079s] Invoked command in '/home/p/ros2_ws/src/build/sllidar_ros2' returned '0': CMAKE_PREFIX_PATH=${CMAKE_PREFIX_PATH}:/home/p/ros2_ws/install/optical_cane_rpi:/home/p/ros2_ws/install/mpu9250:/opt/ros/jazzy DEBUGINFOD_URLS=https://debuginfod.ubuntu.com /usr/bin/cmake --install /home/p/ros2_ws/src/build/sllidar_ros2
