[0.066s] Invoking command in '/home/p/ros2_ws/build/cartographer_ros': CMAKE_PREFIX_PATH=/home/p/ros2_ws/install/cartographer_ros_msgs:/home/p/ros2_ws/install/cartographer:/home/p/ros2_ws/install/lidar_imu_cartographer:/home/p/ros2_ws/install/sllidar_ros2:/home/p/ros2_ws/install/pointcloud_to_laserscan:/home/p/ros2_ws/install/cartographer_rviz:/home/p/ros2_ws/install/cartographer_ros:/opt/ros/jazzy/opt/gz_sim_vendor:/opt/ros/jazzy/opt/gz_sensors_vendor:/opt/ros/jazzy/opt/gz_physics_vendor:/opt/ros/jazzy/opt/sdformat_vendor:/opt/ros/jazzy/opt/gz_gui_vendor:/opt/ros/jazzy/opt/gz_transport_vendor:/opt/ros/jazzy/opt/gz_rendering_vendor:/opt/ros/jazzy/opt/gz_plugin_vendor:/opt/ros/jazzy/opt/gz_fuel_tools_vendor:/opt/ros/jazzy/opt/gz_msgs_vendor:/opt/ros/jazzy/opt/gz_common_vendor:/opt/ros/jazzy/opt/gz_math_vendor:/opt/ros/jazzy/opt/gz_utils_vendor:/opt/ros/jazzy/opt/gz_tools_vendor:/opt/ros/jazzy/opt/gz_ogre_next_vendor:/opt/ros/jazzy/opt/gz_dartsim_vendor:/opt/ros/jazzy/opt/gz_cmake_vendor:/home/p/ros2_ws/install/mpu9250:/home/p/ros2_ws/install/sweep_builder:/home/p/ros2_ws/install/scan_to_pointcloud:/home/p/ros2_ws/install/mpu9250_py:/home/p/ros2_ws/install/mpu6050_py:/home/p/ros2_ws/install/lidar_imu_tf:/home/p/ros2_ws/install/lidar_imu_correction:/home/p/ros2_ws/install/lidar_icp_odometry:/opt/ros/jazzy DEBUGINFOD_URLS=https://debuginfod.ubuntu.com LD_LIBRARY_PATH=/home/p/ros2_ws/install/cartographer_ros_msgs/lib:/home/p/ros2_ws/install/pointcloud_to_laserscan/lib:/home/p/ros2_ws/install/cartographer_rviz/lib:/home/p/ros2_ws/install/cartographer_ros/lib:/opt/ros/jazzy/opt/gz_sim_vendor/lib:/opt/ros/jazzy/opt/gz_sensors_vendor/lib:/opt/ros/jazzy/opt/gz_physics_vendor/lib:/opt/ros/jazzy/opt/sdformat_vendor/lib:/opt/ros/jazzy/opt/rviz_ogre_vendor/lib:/opt/ros/jazzy/lib/aarch64-linux-gnu:/opt/ros/jazzy/opt/gz_gui_vendor/lib:/opt/ros/jazzy/opt/gz_transport_vendor/lib:/opt/ros/jazzy/opt/gz_rendering_vendor/lib:/opt/ros/jazzy/opt/gz_plugin_vendor/lib:/opt/ros/jazzy/opt/gz_fuel_tools_vendor/lib:/opt/ros/jazzy/opt/gz_msgs_vendor/lib:/opt/ros/jazzy/opt/gz_common_vendor/lib:/opt/ros/jazzy/opt/gz_math_vendor/lib:/opt/ros/jazzy/opt/gz_utils_vendor/lib:/opt/ros/jazzy/opt/gz_tools_vendor/lib:/opt/ros/jazzy/opt/gz_ogre_next_vendor/lib:/opt/ros/jazzy/opt/gz_dartsim_vendor/lib:/opt/ros/jazzy/opt/gz_cmake_vendor/lib:/opt/ros/jazzy/lib PYTHONPATH=/home/p/ros2_ws/install/cartographer_ros_msgs/lib/python3.12/site-packages:/home/p/ros2_ws/build/mpu9250:/home/p/ros2_ws/install/mpu9250/lib/python3.12/site-packages:/home/p/ros2_ws/build/sweep_builder:/home/p/ros2_ws/install/sweep_builder/lib/python3.12/site-packages:/home/p/ros2_ws/build/scan_to_pointcloud:/home/p/ros2_ws/install/scan_to_pointcloud/lib/python3.12/site-packages:/home/p/ros2_ws/build/mpu9250_py:/home/p/ros2_ws/install/mpu9250_py/lib/python3.12/site-packages:/home/p/ros2_ws/build/mpu6050_py:/home/p/ros2_ws/install/mpu6050_py/lib/python3.12/site-packages:/home/p/ros2_ws/build/lidar_imu_tf:/home/p/ros2_ws/install/lidar_imu_tf/lib/python3.12/site-packages:/home/p/ros2_ws/build/lidar_imu_correction:/home/p/ros2_ws/install/lidar_imu_correction/lib/python3.12/site-packages:/home/p/ros2_ws/build/lidar_icp_odometry:/home/p/ros2_ws/install/lidar_icp_odometry/lib/python3.12/site-packages:/opt/ros/jazzy/lib/python3.12/site-packages /usr/bin/cmake --build /home/p/ros2_ws/build/cartographer_ros -- -j4 -l4
[0.356s] [ 60%] Built target cartographer_ros
[0.545s] [ 65%] Built target cartographer_assets_writer
[0.547s] [ 71%] Built target cartographer_offline_node
[0.550s] [ 77%] Built target cartographer_occupancy_grid_node
[0.551s] [ 82%] Built target cartographer_node
[0.692s] [ 88%] Built target cartographer_rosbag_validate
[0.737s] [ 94%] Built target cartographer_pbstream_map_publisher
[0.739s] [100%] Built target cartographer_pbstream_to_ros_map
[0.769s] Invoked command in '/home/p/ros2_ws/build/cartographer_ros' returned '0': CMAKE_PREFIX_PATH=/home/p/ros2_ws/install/cartographer_ros_msgs:/home/p/ros2_ws/install/cartographer:/home/p/ros2_ws/install/lidar_imu_cartographer:/home/p/ros2_ws/install/sllidar_ros2:/home/p/ros2_ws/install/pointcloud_to_laserscan:/home/p/ros2_ws/install/cartographer_rviz:/home/p/ros2_ws/install/cartographer_ros:/opt/ros/jazzy/opt/gz_sim_vendor:/opt/ros/jazzy/opt/gz_sensors_vendor:/opt/ros/jazzy/opt/gz_physics_vendor:/opt/ros/jazzy/opt/sdformat_vendor:/opt/ros/jazzy/opt/gz_gui_vendor:/opt/ros/jazzy/opt/gz_transport_vendor:/opt/ros/jazzy/opt/gz_rendering_vendor:/opt/ros/jazzy/opt/gz_plugin_vendor:/opt/ros/jazzy/opt/gz_fuel_tools_vendor:/opt/ros/jazzy/opt/gz_msgs_vendor:/opt/ros/jazzy/opt/gz_common_vendor:/opt/ros/jazzy/opt/gz_math_vendor:/opt/ros/jazzy/opt/gz_utils_vendor:/opt/ros/jazzy/opt/gz_tools_vendor:/opt/ros/jazzy/opt/gz_ogre_next_vendor:/opt/ros/jazzy/opt/gz_dartsim_vendor:/opt/ros/jazzy/opt/gz_cmake_vendor:/home/p/ros2_ws/install/mpu9250:/home/p/ros2_ws/install/sweep_builder:/home/p/ros2_ws/install/scan_to_pointcloud:/home/p/ros2_ws/install/mpu9250_py:/home/p/ros2_ws/install/mpu6050_py:/home/p/ros2_ws/install/lidar_imu_tf:/home/p/ros2_ws/install/lidar_imu_correction:/home/p/ros2_ws/install/lidar_icp_odometry:/opt/ros/jazzy DEBUGINFOD_URLS=https://debuginfod.ubuntu.com LD_LIBRARY_PATH=/home/p/ros2_ws/install/cartographer_ros_msgs/lib:/home/p/ros2_ws/install/pointcloud_to_laserscan/lib:/home/p/ros2_ws/install/cartographer_rviz/lib:/home/p/ros2_ws/install/cartographer_ros/lib:/opt/ros/jazzy/opt/gz_sim_vendor/lib:/opt/ros/jazzy/opt/gz_sensors_vendor/lib:/opt/ros/jazzy/opt/gz_physics_vendor/lib:/opt/ros/jazzy/opt/sdformat_vendor/lib:/opt/ros/jazzy/opt/rviz_ogre_vendor/lib:/opt/ros/jazzy/lib/aarch64-linux-gnu:/opt/ros/jazzy/opt/gz_gui_vendor/lib:/opt/ros/jazzy/opt/gz_transport_vendor/lib:/opt/ros/jazzy/opt/gz_rendering_vendor/lib:/opt/ros/jazzy/opt/gz_plugin_vendor/lib:/opt/ros/jazzy/opt/gz_fuel_tools_vendor/lib:/opt/ros/jazzy/opt/gz_msgs_vendor/lib:/opt/ros/jazzy/opt/gz_common_vendor/lib:/opt/ros/jazzy/opt/gz_math_vendor/lib:/opt/ros/jazzy/opt/gz_utils_vendor/lib:/opt/ros/jazzy/opt/gz_tools_vendor/lib:/opt/ros/jazzy/opt/gz_ogre_next_vendor/lib:/opt/ros/jazzy/opt/gz_dartsim_vendor/lib:/opt/ros/jazzy/opt/gz_cmake_vendor/lib:/opt/ros/jazzy/lib PYTHONPATH=/home/p/ros2_ws/install/cartographer_ros_msgs/lib/python3.12/site-packages:/home/p/ros2_ws/build/mpu9250:/home/p/ros2_ws/install/mpu9250/lib/python3.12/site-packages:/home/p/ros2_ws/build/sweep_builder:/home/p/ros2_ws/install/sweep_builder/lib/python3.12/site-packages:/home/p/ros2_ws/build/scan_to_pointcloud:/home/p/ros2_ws/install/scan_to_pointcloud/lib/python3.12/site-packages:/home/p/ros2_ws/build/mpu9250_py:/home/p/ros2_ws/install/mpu9250_py/lib/python3.12/site-packages:/home/p/ros2_ws/build/mpu6050_py:/home/p/ros2_ws/install/mpu6050_py/lib/python3.12/site-packages:/home/p/ros2_ws/build/lidar_imu_tf:/home/p/ros2_ws/install/lidar_imu_tf/lib/python3.12/site-packages:/home/p/ros2_ws/build/lidar_imu_correction:/home/p/ros2_ws/install/lidar_imu_correction/lib/python3.12/site-packages:/home/p/ros2_ws/build/lidar_icp_odometry:/home/p/ros2_ws/install/lidar_icp_odometry/lib/python3.12/site-packages:/opt/ros/jazzy/lib/python3.12/site-packages /usr/bin/cmake --build /home/p/ros2_ws/build/cartographer_ros -- -j4 -l4
[0.771s] Invoking command in '/home/p/ros2_ws/build/cartographer_ros': CMAKE_PREFIX_PATH=/home/p/ros2_ws/install/cartographer_ros_msgs:/home/p/ros2_ws/install/cartographer:/home/p/ros2_ws/install/lidar_imu_cartographer:/home/p/ros2_ws/install/sllidar_ros2:/home/p/ros2_ws/install/pointcloud_to_laserscan:/home/p/ros2_ws/install/cartographer_rviz:/home/p/ros2_ws/install/cartographer_ros:/opt/ros/jazzy/opt/gz_sim_vendor:/opt/ros/jazzy/opt/gz_sensors_vendor:/opt/ros/jazzy/opt/gz_physics_vendor:/opt/ros/jazzy/opt/sdformat_vendor:/opt/ros/jazzy/opt/gz_gui_vendor:/opt/ros/jazzy/opt/gz_transport_vendor:/opt/ros/jazzy/opt/gz_rendering_vendor:/opt/ros/jazzy/opt/gz_plugin_vendor:/opt/ros/jazzy/opt/gz_fuel_tools_vendor:/opt/ros/jazzy/opt/gz_msgs_vendor:/opt/ros/jazzy/opt/gz_common_vendor:/opt/ros/jazzy/opt/gz_math_vendor:/opt/ros/jazzy/opt/gz_utils_vendor:/opt/ros/jazzy/opt/gz_tools_vendor:/opt/ros/jazzy/opt/gz_ogre_next_vendor:/opt/ros/jazzy/opt/gz_dartsim_vendor:/opt/ros/jazzy/opt/gz_cmake_vendor:/home/p/ros2_ws/install/mpu9250:/home/p/ros2_ws/install/sweep_builder:/home/p/ros2_ws/install/scan_to_pointcloud:/home/p/ros2_ws/install/mpu9250_py:/home/p/ros2_ws/install/mpu6050_py:/home/p/ros2_ws/install/lidar_imu_tf:/home/p/ros2_ws/install/lidar_imu_correction:/home/p/ros2_ws/install/lidar_icp_odometry:/opt/ros/jazzy DEBUGINFOD_URLS=https://debuginfod.ubuntu.com LD_LIBRARY_PATH=/home/p/ros2_ws/install/cartographer_ros_msgs/lib:/home/p/ros2_ws/install/pointcloud_to_laserscan/lib:/home/p/ros2_ws/install/cartographer_rviz/lib:/home/p/ros2_ws/install/cartographer_ros/lib:/opt/ros/jazzy/opt/gz_sim_vendor/lib:/opt/ros/jazzy/opt/gz_sensors_vendor/lib:/opt/ros/jazzy/opt/gz_physics_vendor/lib:/opt/ros/jazzy/opt/sdformat_vendor/lib:/opt/ros/jazzy/opt/rviz_ogre_vendor/lib:/opt/ros/jazzy/lib/aarch64-linux-gnu:/opt/ros/jazzy/opt/gz_gui_vendor/lib:/opt/ros/jazzy/opt/gz_transport_vendor/lib:/opt/ros/jazzy/opt/gz_rendering_vendor/lib:/opt/ros/jazzy/opt/gz_plugin_vendor/lib:/opt/ros/jazzy/opt/gz_fuel_tools_vendor/lib:/opt/ros/jazzy/opt/gz_msgs_vendor/lib:/opt/ros/jazzy/opt/gz_common_vendor/lib:/opt/ros/jazzy/opt/gz_math_vendor/lib:/opt/ros/jazzy/opt/gz_utils_vendor/lib:/opt/ros/jazzy/opt/gz_tools_vendor/lib:/opt/ros/jazzy/opt/gz_ogre_next_vendor/lib:/opt/ros/jazzy/opt/gz_dartsim_vendor/lib:/opt/ros/jazzy/opt/gz_cmake_vendor/lib:/opt/ros/jazzy/lib PYTHONPATH=/home/p/ros2_ws/install/cartographer_ros_msgs/lib/python3.12/site-packages:/home/p/ros2_ws/build/mpu9250:/home/p/ros2_ws/install/mpu9250/lib/python3.12/site-packages:/home/p/ros2_ws/build/sweep_builder:/home/p/ros2_ws/install/sweep_builder/lib/python3.12/site-packages:/home/p/ros2_ws/build/scan_to_pointcloud:/home/p/ros2_ws/install/scan_to_pointcloud/lib/python3.12/site-packages:/home/p/ros2_ws/build/mpu9250_py:/home/p/ros2_ws/install/mpu9250_py/lib/python3.12/site-packages:/home/p/ros2_ws/build/mpu6050_py:/home/p/ros2_ws/install/mpu6050_py/lib/python3.12/site-packages:/home/p/ros2_ws/build/lidar_imu_tf:/home/p/ros2_ws/install/lidar_imu_tf/lib/python3.12/site-packages:/home/p/ros2_ws/build/lidar_imu_correction:/home/p/ros2_ws/install/lidar_imu_correction/lib/python3.12/site-packages:/home/p/ros2_ws/build/lidar_icp_odometry:/home/p/ros2_ws/install/lidar_icp_odometry/lib/python3.12/site-packages:/opt/ros/jazzy/lib/python3.12/site-packages /usr/bin/cmake --install /home/p/ros2_ws/build/cartographer_ros
[0.793s] -- Install configuration: ""
[0.794s] -- Execute custom install script
[0.796s] -- Up-to-date symlink: /home/p/ros2_ws/install/cartographer_ros/lib/libcartographer_ros.a
[0.796s] -- Up-to-date symlink: /home/p/ros2_ws/install/cartographer_ros/lib/cartographer_ros/cartographer_node
[0.797s] -- Up-to-date symlink: /home/p/ros2_ws/install/cartographer_ros/lib/cartographer_ros/cartographer_occupancy_grid_node
[0.798s] -- Up-to-date symlink: /home/p/ros2_ws/install/cartographer_ros/lib/cartographer_ros/cartographer_offline_node
[0.799s] -- Up-to-date symlink: /home/p/ros2_ws/install/cartographer_ros/lib/cartographer_ros/cartographer_assets_writer
[0.799s] -- Up-to-date symlink: /home/p/ros2_ws/install/cartographer_ros/lib/cartographer_ros/cartographer_pbstream_map_publisher
[0.799s] -- Up-to-date symlink: /home/p/ros2_ws/install/cartographer_ros/lib/cartographer_ros/cartographer_pbstream_to_ros_map
[0.801s] -- Up-to-date symlink: /home/p/ros2_ws/install/cartographer_ros/lib/cartographer_ros/cartographer_rosbag_validate
[0.801s] -- Up-to-date symlink: /home/p/ros2_ws/install/cartographer_ros/include//cartographer_ros/assets_writer.h
[0.802s] -- Up-to-date symlink: /home/p/ros2_ws/install/cartographer_ros/include//cartographer_ros/map_builder_bridge.h
[0.802s] -- Up-to-date symlink: /home/p/ros2_ws/install/cartographer_ros/include//cartographer_ros/metrics/family_factory.h
[0.803s] -- Up-to-date symlink: /home/p/ros2_ws/install/cartographer_ros/include//cartographer_ros/metrics/internal/counter.h
[0.803s] -- Up-to-date symlink: /home/p/ros2_ws/install/cartographer_ros/include//cartographer_ros/metrics/internal/family.h
[0.804s] -- Up-to-date symlink: /home/p/ros2_ws/install/cartographer_ros/include//cartographer_ros/metrics/internal/gauge.h
[0.805s] -- Up-to-date symlink: /home/p/ros2_ws/install/cartographer_ros/include//cartographer_ros/metrics/internal/histogram.h
[0.805s] -- Up-to-date symlink: /home/p/ros2_ws/install/cartographer_ros/include//cartographer_ros/msg_conversion.h
[0.805s] -- Up-to-date symlink: /home/p/ros2_ws/install/cartographer_ros/include//cartographer_ros/node.h
[0.806s] -- Up-to-date symlink: /home/p/ros2_ws/install/cartographer_ros/include//cartographer_ros/node_constants.h
[0.806s] -- Up-to-date symlink: /home/p/ros2_ws/install/cartographer_ros/include//cartographer_ros/node_options.h
[0.807s] -- Up-to-date symlink: /home/p/ros2_ws/install/cartographer_ros/include//cartographer_ros/offline_node.h
[0.807s] -- Up-to-date symlink: /home/p/ros2_ws/install/cartographer_ros/include//cartographer_ros/playable_bag.h
[0.808s] -- Up-to-date symlink: /home/p/ros2_ws/install/cartographer_ros/include//cartographer_ros/ros_log_sink.h
[0.808s] -- Up-to-date symlink: /home/p/ros2_ws/install/cartographer_ros/include//cartographer_ros/ros_map.h
[0.808s] -- Up-to-date symlink: /home/p/ros2_ws/install/cartographer_ros/include//cartographer_ros/ros_map_writing_points_processor.h
[0.809s] -- Up-to-date symlink: /home/p/ros2_ws/install/cartographer_ros/include//cartographer_ros/sensor_bridge.h
[0.810s] -- Up-to-date symlink: /home/p/ros2_ws/install/cartographer_ros/include//cartographer_ros/submap.h
[0.810s] -- Up-to-date symlink: /home/p/ros2_ws/install/cartographer_ros/include//cartographer_ros/tf_bridge.h
[0.810s] -- Up-to-date symlink: /home/p/ros2_ws/install/cartographer_ros/include//cartographer_ros/time_conversion.h
[0.811s] -- Up-to-date symlink: /home/p/ros2_ws/install/cartographer_ros/include//cartographer_ros/trajectory_options.h
[0.811s] -- Up-to-date symlink: /home/p/ros2_ws/install/cartographer_ros/include//cartographer_ros/urdf_reader.h
[0.812s] -- Up-to-date symlink: /home/p/ros2_ws/install/cartographer_ros/share/cartographer_ros//configuration_files/assets_writer_backpack_2d.lua
[0.813s] -- Up-to-date symlink: /home/p/ros2_ws/install/cartographer_ros/share/cartographer_ros//configuration_files/assets_writer_backpack_2d_ci.lua
[0.813s] -- Up-to-date symlink: /home/p/ros2_ws/install/cartographer_ros/share/cartographer_ros//configuration_files/assets_writer_backpack_3d.lua
[0.814s] -- Up-to-date symlink: /home/p/ros2_ws/install/cartographer_ros/share/cartographer_ros//configuration_files/assets_writer_ros_map.lua
[0.814s] -- Up-to-date symlink: /home/p/ros2_ws/install/cartographer_ros/share/cartographer_ros//configuration_files/backpack_2d.lua
[0.815s] -- Up-to-date symlink: /home/p/ros2_ws/install/cartographer_ros/share/cartographer_ros//configuration_files/backpack_2d_localization.lua
[0.815s] -- Up-to-date symlink: /home/p/ros2_ws/install/cartographer_ros/share/cartographer_ros//configuration_files/backpack_2d_localization_evaluation.lua
[0.816s] -- Up-to-date symlink: /home/p/ros2_ws/install/cartographer_ros/share/cartographer_ros//configuration_files/backpack_2d_server.lua
[0.816s] -- Up-to-date symlink: /home/p/ros2_ws/install/cartographer_ros/share/cartographer_ros//configuration_files/backpack_3d.lua
[0.816s] -- Up-to-date symlink: /home/p/ros2_ws/install/cartographer_ros/share/cartographer_ros//configuration_files/backpack_3d_localization.lua
[0.817s] -- Up-to-date symlink: /home/p/ros2_ws/install/cartographer_ros/share/cartographer_ros//configuration_files/demo_2d.rviz
[0.817s] -- Up-to-date symlink: /home/p/ros2_ws/install/cartographer_ros/share/cartographer_ros//configuration_files/demo_3d.rviz
[0.818s] -- Up-to-date symlink: /home/p/ros2_ws/install/cartographer_ros/share/cartographer_ros//configuration_files/mir-100-mapping.lua
[0.818s] -- Up-to-date symlink: /home/p/ros2_ws/install/cartographer_ros/share/cartographer_ros//configuration_files/pr2.lua
[0.819s] -- Up-to-date symlink: /home/p/ros2_ws/install/cartographer_ros/share/cartographer_ros//configuration_files/revo_lds.lua
[0.819s] -- Up-to-date symlink: /home/p/ros2_ws/install/cartographer_ros/share/cartographer_ros//configuration_files/rplidar_a2m8.lua
[0.820s] -- Up-to-date symlink: /home/p/ros2_ws/install/cartographer_ros/share/cartographer_ros//configuration_files/rplidar_a2m8.lua.bak
[0.820s] -- Up-to-date symlink: /home/p/ros2_ws/install/cartographer_ros/share/cartographer_ros//configuration_files/sllidar_a2m8_2d.lua
[0.821s] -- Up-to-date symlink: /home/p/ros2_ws/install/cartographer_ros/share/cartographer_ros//configuration_files/sllidar_a2m8_3d.lua
[0.821s] -- Up-to-date symlink: /home/p/ros2_ws/install/cartographer_ros/share/cartographer_ros//configuration_files/taurob_tracker.lua
[0.822s] -- Up-to-date symlink: /home/p/ros2_ws/install/cartographer_ros/share/cartographer_ros//configuration_files/transform.lua
[0.822s] -- Up-to-date symlink: /home/p/ros2_ws/install/cartographer_ros/share/cartographer_ros//configuration_files/visualize_pbstream.lua
[0.823s] -- Up-to-date symlink: /home/p/ros2_ws/install/cartographer_ros/share/cartographer_ros//urdf/backpack_2d.urdf
[0.824s] -- Up-to-date symlink: /home/p/ros2_ws/install/cartographer_ros/share/cartographer_ros//urdf/backpack_3d.urdf
[0.824s] -- Up-to-date symlink: /home/p/ros2_ws/install/cartographer_ros/share/cartographer_ros//urdf/mir-100.urdf
[0.825s] -- Up-to-date symlink: /home/p/ros2_ws/install/cartographer_ros/share/cartographer_ros//launch/assets_writer_backpack_2d.launch.py
[0.826s] -- Up-to-date symlink: /home/p/ros2_ws/install/cartographer_ros/share/cartographer_ros//launch/assets_writer_backpack_3d.launch.py
[0.826s] -- Up-to-date symlink: /home/p/ros2_ws/install/cartographer_ros/share/cartographer_ros//launch/assets_writer_ros_map.launch.py
[0.827s] -- Up-to-date symlink: /home/p/ros2_ws/install/cartographer_ros/share/cartographer_ros//launch/backpack_2d.launch.py
[0.827s] -- Up-to-date symlink: /home/p/ros2_ws/install/cartographer_ros/share/cartographer_ros//launch/backpack_3d.launch.py
[0.831s] -- Up-to-date symlink: /home/p/ros2_ws/install/cartographer_ros/share/cartographer_ros//launch/cartographer.launch.py
[0.831s] -- Up-to-date symlink: /home/p/ros2_ws/install/cartographer_ros/share/cartographer_ros//launch/cartographer.launch.py.bak
[0.831s] -- Up-to-date symlink: /home/p/ros2_ws/install/cartographer_ros/share/cartographer_ros//launch/demo_backpack_2d.launch.py
[0.831s] -- Up-to-date symlink: /home/p/ros2_ws/install/cartographer_ros/share/cartographer_ros//launch/demo_backpack_2d_localization.launch.py
[0.831s] -- Up-to-date symlink: /home/p/ros2_ws/install/cartographer_ros/share/cartographer_ros//launch/demo_backpack_3d.launch.py
[0.831s] -- Up-to-date symlink: /home/p/ros2_ws/install/cartographer_ros/share/cartographer_ros//launch/demo_backpack_3d_localization.launch.py
[0.831s] -- Up-to-date symlink: /home/p/ros2_ws/install/cartographer_ros/share/cartographer_ros//launch/demo_pr2.launch
[0.831s] -- Up-to-date symlink: /home/p/ros2_ws/install/cartographer_ros/share/cartographer_ros//launch/demo_revo_lds.launch.py
[0.831s] -- Up-to-date symlink: /home/p/ros2_ws/install/cartographer_ros/share/cartographer_ros//launch/demo_taurob_tracker.launch.py
[0.832s] -- Up-to-date symlink: /home/p/ros2_ws/install/cartographer_ros/share/cartographer_ros//launch/grpc_demo_backpack_2d.launch
[0.832s] -- Up-to-date symlink: /home/p/ros2_ws/install/cartographer_ros/share/cartographer_ros//launch/grpc_demo_backpack_2d_localization.launch
[0.832s] -- Up-to-date symlink: /home/p/ros2_ws/install/cartographer_ros/share/cartographer_ros//launch/offline_backpack_2d.launch.py
[0.832s] -- Up-to-date symlink: /home/p/ros2_ws/install/cartographer_ros/share/cartographer_ros//launch/offline_backpack_3d.launch.py
[0.832s] -- Up-to-date symlink: /home/p/ros2_ws/install/cartographer_ros/share/cartographer_ros//launch/offline_mir_100_rviz.launch.py
[0.832s] -- Up-to-date symlink: /home/p/ros2_ws/install/cartographer_ros/share/cartographer_ros//launch/offline_node.launch.py
[0.832s] -- Up-to-date symlink: /home/p/ros2_ws/install/cartographer_ros/share/cartographer_ros//launch/sllidar_a2m8_3d_cartographer.launch.py
[0.832s] -- Up-to-date symlink: /home/p/ros2_ws/install/cartographer_ros/share/cartographer_ros//launch/sllidar_a2m8_cartographer.launch.py
[0.832s] -- Up-to-date symlink: /home/p/ros2_ws/install/cartographer_ros/share/cartographer_ros//launch/taurob_tracker.launch.py
[0.833s] -- Up-to-date symlink: /home/p/ros2_ws/install/cartographer_ros/share/cartographer_ros//launch/visualize_pbstream.launch.py
[0.834s] -- Up-to-date symlink: /home/p/ros2_ws/install/cartographer_ros/share/cartographer_ros/environment/library_path.sh
[0.834s] -- Up-to-date symlink: /home/p/ros2_ws/install/cartographer_ros/share/cartographer_ros/environment/library_path.dsv
[0.835s] -- Up-to-date symlink: /home/p/ros2_ws/install/cartographer_ros/share/ament_index/resource_index/package_run_dependencies/cartographer_ros
[0.835s] -- Up-to-date symlink: /home/p/ros2_ws/install/cartographer_ros/share/ament_index/resource_index/parent_prefix_path/cartographer_ros
[0.836s] -- Up-to-date symlink: /home/p/ros2_ws/install/cartographer_ros/share/cartographer_ros/environment/ament_prefix_path.sh
[0.836s] -- Up-to-date symlink: /home/p/ros2_ws/install/cartographer_ros/share/cartographer_ros/environment/ament_prefix_path.dsv
[0.840s] -- Up-to-date symlink: /home/p/ros2_ws/install/cartographer_ros/share/cartographer_ros/environment/path.sh
[0.840s] -- Up-to-date symlink: /home/p/ros2_ws/install/cartographer_ros/share/cartographer_ros/environment/path.dsv
[0.840s] -- Up-to-date symlink: /home/p/ros2_ws/install/cartographer_ros/share/cartographer_ros/local_setup.bash
[0.840s] -- Up-to-date symlink: /home/p/ros2_ws/install/cartographer_ros/share/cartographer_ros/local_setup.sh
[0.840s] -- Up-to-date symlink: /home/p/ros2_ws/install/cartographer_ros/share/cartographer_ros/local_setup.zsh
[0.840s] -- Up-to-date symlink: /home/p/ros2_ws/install/cartographer_ros/share/cartographer_ros/local_setup.dsv
[0.840s] -- Symlinking: /home/p/ros2_ws/install/cartographer_ros/share/cartographer_ros/package.dsv
[0.867s] -- Up-to-date symlink: /home/p/ros2_ws/install/cartographer_ros/share/ament_index/resource_index/packages/cartographer_ros
[0.867s] -- Up-to-date symlink: /home/p/ros2_ws/install/cartographer_ros/share/cartographer_ros/cmake/ament_cmake_export_include_directories-extras.cmake
[0.868s] -- Up-to-date symlink: /home/p/ros2_ws/install/cartographer_ros/share/cartographer_ros/cmake/ament_cmake_export_libraries-extras.cmake
[0.869s] -- Up-to-date symlink: /home/p/ros2_ws/install/cartographer_ros/share/cartographer_ros/cmake/ament_cmake_export_dependencies-extras.cmake
[0.869s] -- Up-to-date symlink: /home/p/ros2_ws/install/cartographer_ros/share/cartographer_ros/cmake/cartographer_rosConfig.cmake
[0.870s] -- Up-to-date symlink: /home/p/ros2_ws/install/cartographer_ros/share/cartographer_ros/cmake/cartographer_rosConfig-version.cmake
[0.873s] -- Up-to-date symlink: /home/p/ros2_ws/install/cartographer_ros/share/cartographer_ros/package.xml
[0.875s] Invoked command in '/home/p/ros2_ws/build/cartographer_ros' returned '0': CMAKE_PREFIX_PATH=/home/p/ros2_ws/install/cartographer_ros_msgs:/home/p/ros2_ws/install/cartographer:/home/p/ros2_ws/install/lidar_imu_cartographer:/home/p/ros2_ws/install/sllidar_ros2:/home/p/ros2_ws/install/pointcloud_to_laserscan:/home/p/ros2_ws/install/cartographer_rviz:/home/p/ros2_ws/install/cartographer_ros:/opt/ros/jazzy/opt/gz_sim_vendor:/opt/ros/jazzy/opt/gz_sensors_vendor:/opt/ros/jazzy/opt/gz_physics_vendor:/opt/ros/jazzy/opt/sdformat_vendor:/opt/ros/jazzy/opt/gz_gui_vendor:/opt/ros/jazzy/opt/gz_transport_vendor:/opt/ros/jazzy/opt/gz_rendering_vendor:/opt/ros/jazzy/opt/gz_plugin_vendor:/opt/ros/jazzy/opt/gz_fuel_tools_vendor:/opt/ros/jazzy/opt/gz_msgs_vendor:/opt/ros/jazzy/opt/gz_common_vendor:/opt/ros/jazzy/opt/gz_math_vendor:/opt/ros/jazzy/opt/gz_utils_vendor:/opt/ros/jazzy/opt/gz_tools_vendor:/opt/ros/jazzy/opt/gz_ogre_next_vendor:/opt/ros/jazzy/opt/gz_dartsim_vendor:/opt/ros/jazzy/opt/gz_cmake_vendor:/home/p/ros2_ws/install/mpu9250:/home/p/ros2_ws/install/sweep_builder:/home/p/ros2_ws/install/scan_to_pointcloud:/home/p/ros2_ws/install/mpu9250_py:/home/p/ros2_ws/install/mpu6050_py:/home/p/ros2_ws/install/lidar_imu_tf:/home/p/ros2_ws/install/lidar_imu_correction:/home/p/ros2_ws/install/lidar_icp_odometry:/opt/ros/jazzy DEBUGINFOD_URLS=https://debuginfod.ubuntu.com LD_LIBRARY_PATH=/home/p/ros2_ws/install/cartographer_ros_msgs/lib:/home/p/ros2_ws/install/pointcloud_to_laserscan/lib:/home/p/ros2_ws/install/cartographer_rviz/lib:/home/p/ros2_ws/install/cartographer_ros/lib:/opt/ros/jazzy/opt/gz_sim_vendor/lib:/opt/ros/jazzy/opt/gz_sensors_vendor/lib:/opt/ros/jazzy/opt/gz_physics_vendor/lib:/opt/ros/jazzy/opt/sdformat_vendor/lib:/opt/ros/jazzy/opt/rviz_ogre_vendor/lib:/opt/ros/jazzy/lib/aarch64-linux-gnu:/opt/ros/jazzy/opt/gz_gui_vendor/lib:/opt/ros/jazzy/opt/gz_transport_vendor/lib:/opt/ros/jazzy/opt/gz_rendering_vendor/lib:/opt/ros/jazzy/opt/gz_plugin_vendor/lib:/opt/ros/jazzy/opt/gz_fuel_tools_vendor/lib:/opt/ros/jazzy/opt/gz_msgs_vendor/lib:/opt/ros/jazzy/opt/gz_common_vendor/lib:/opt/ros/jazzy/opt/gz_math_vendor/lib:/opt/ros/jazzy/opt/gz_utils_vendor/lib:/opt/ros/jazzy/opt/gz_tools_vendor/lib:/opt/ros/jazzy/opt/gz_ogre_next_vendor/lib:/opt/ros/jazzy/opt/gz_dartsim_vendor/lib:/opt/ros/jazzy/opt/gz_cmake_vendor/lib:/opt/ros/jazzy/lib PYTHONPATH=/home/p/ros2_ws/install/cartographer_ros_msgs/lib/python3.12/site-packages:/home/p/ros2_ws/build/mpu9250:/home/p/ros2_ws/install/mpu9250/lib/python3.12/site-packages:/home/p/ros2_ws/build/sweep_builder:/home/p/ros2_ws/install/sweep_builder/lib/python3.12/site-packages:/home/p/ros2_ws/build/scan_to_pointcloud:/home/p/ros2_ws/install/scan_to_pointcloud/lib/python3.12/site-packages:/home/p/ros2_ws/build/mpu9250_py:/home/p/ros2_ws/install/mpu9250_py/lib/python3.12/site-packages:/home/p/ros2_ws/build/mpu6050_py:/home/p/ros2_ws/install/mpu6050_py/lib/python3.12/site-packages:/home/p/ros2_ws/build/lidar_imu_tf:/home/p/ros2_ws/install/lidar_imu_tf/lib/python3.12/site-packages:/home/p/ros2_ws/build/lidar_imu_correction:/home/p/ros2_ws/install/lidar_imu_correction/lib/python3.12/site-packages:/home/p/ros2_ws/build/lidar_icp_odometry:/home/p/ros2_ws/install/lidar_icp_odometry/lib/python3.12/site-packages:/opt/ros/jazzy/lib/python3.12/site-packages /usr/bin/cmake --install /home/p/ros2_ws/build/cartographer_ros
