[2.035s] DEBUG:colcon:Command line arguments: ['/usr/bin/colcon', 'build', '--symlink-install', '--packages-select', 'livox_ros_driver2']
[2.035s] DEBUG:colcon:Parsed command line arguments: Namespace(log_base=None, log_level=None, verb_name='build', build_base='build', install_base='install', merge_install=False, symlink_install=True, test_result_base=None, continue_on_error=False, executor='parallel', parallel_workers=4, event_handlers=None, ignore_user_meta=False, metas=['./colcon.meta'], base_paths=['.'], packages_ignore=None, packages_ignore_regex=None, paths=None, packages_up_to=None, packages_up_to_regex=None, packages_above=None, packages_above_and_dependencies=None, packages_above_depth=None, packages_select_by_dep=None, packages_skip_by_dep=None, packages_skip_up_to=None, packages_select_build_failed=False, packages_skip_build_finished=False, packages_select_test_failures=False, packages_skip_test_passed=False, packages_select=['livox_ros_driver2'], packages_skip=None, packages_select_regex=None, packages_skip_regex=None, packages_start=None, packages_end=None, allow_overriding=[], cmake_args=None, cmake_target=None, cmake_target_skip_unavailable=False, cmake_clean_cache=False, cmake_clean_first=False, cmake_force_configure=False, ament_cmake_args=None, catkin_cmake_args=None, catkin_skip_building_tests=False, mixin_files=None, mixin=None, verb_parser=<colcon_mixin.mixin.mixin_argument.MixinArgumentDecorator object at 0xffff80359310>, verb_extension=<colcon_core.verb.build.BuildVerb object at 0xffff80281340>, main=<bound method BuildVerb.main of <colcon_core.verb.build.BuildVerb object at 0xffff80281340>>, mixin_verb=('build',))
[2.649s] Level 1:colcon.colcon_core.package_discovery:discover_packages(colcon_meta) check parameters
[2.649s] Level 1:colcon.colcon_core.package_discovery:discover_packages(recursive) check parameters
[2.650s] Level 1:colcon.colcon_core.package_discovery:discover_packages(ignore) check parameters
[2.650s] Level 1:colcon.colcon_core.package_discovery:discover_packages(path) check parameters
[2.650s] Level 1:colcon.colcon_core.package_discovery:discover_packages(colcon_meta) discover
[2.650s] Level 1:colcon.colcon_core.package_discovery:discover_packages(recursive) discover
[2.650s] INFO:colcon.colcon_core.package_discovery:Crawling recursively for packages in '/home/p/ros2_ws/src'
[2.650s] Level 1:colcon.colcon_core.package_identification:_identify(.) by extensions ['ignore', 'ignore_ament_install']
[2.650s] Level 1:colcon.colcon_core.package_identification:_identify(.) by extension 'ignore'
[2.650s] Level 1:colcon.colcon_core.package_identification:_identify(.) by extension 'ignore_ament_install'
[2.650s] Level 1:colcon.colcon_core.package_identification:_identify(.) by extensions ['colcon_pkg']
[2.651s] Level 1:colcon.colcon_core.package_identification:_identify(.) by extension 'colcon_pkg'
[2.651s] Level 1:colcon.colcon_core.package_identification:_identify(.) by extensions ['colcon_meta']
[2.651s] Level 1:colcon.colcon_core.package_identification:_identify(.) by extension 'colcon_meta'
[2.651s] Level 1:colcon.colcon_core.package_identification:_identify(.) by extensions ['ros']
[2.651s] Level 1:colcon.colcon_core.package_identification:_identify(.) by extension 'ros'
[2.989s] Level 1:colcon.colcon_core.package_identification:_identify(.) by extensions ['cmake', 'python']
[2.989s] Level 1:colcon.colcon_core.package_identification:_identify(.) by extension 'cmake'
[2.989s] Level 1:colcon.colcon_core.package_identification:_identify(.) by extension 'python'
[2.989s] Level 1:colcon.colcon_core.package_identification:_identify(.) by extensions ['python_setup_py']
[2.989s] Level 1:colcon.colcon_core.package_identification:_identify(.) by extension 'python_setup_py'
[2.989s] Level 1:colcon.colcon_core.package_identification:_identify(FAST_LIO_ROS2) by extensions ['ignore', 'ignore_ament_install']
[2.989s] Level 1:colcon.colcon_core.package_identification:_identify(FAST_LIO_ROS2) by extension 'ignore'
[2.990s] Level 1:colcon.colcon_core.package_identification:_identify(FAST_LIO_ROS2) by extension 'ignore_ament_install'
[2.990s] Level 1:colcon.colcon_core.package_identification:_identify(FAST_LIO_ROS2) by extensions ['colcon_pkg']
[2.990s] Level 1:colcon.colcon_core.package_identification:_identify(FAST_LIO_ROS2) by extension 'colcon_pkg'
[2.990s] Level 1:colcon.colcon_core.package_identification:_identify(FAST_LIO_ROS2) by extensions ['colcon_meta']
[2.990s] Level 1:colcon.colcon_core.package_identification:_identify(FAST_LIO_ROS2) by extension 'colcon_meta'
[2.990s] Level 1:colcon.colcon_core.package_identification:_identify(FAST_LIO_ROS2) by extensions ['ros']
[2.990s] Level 1:colcon.colcon_core.package_identification:_identify(FAST_LIO_ROS2) by extension 'ros'
[3.073s] DEBUG:colcon.colcon_core.package_identification:Package 'FAST_LIO_ROS2' with type 'ros.ament_cmake' and name 'fast_lio'
[3.073s] Level 1:colcon.colcon_core.package_identification:_identify(LIO-SAM) by extensions ['ignore', 'ignore_ament_install']
[3.073s] Level 1:colcon.colcon_core.package_identification:_identify(LIO-SAM) by extension 'ignore'
[3.073s] Level 1:colcon.colcon_core.package_identification:_identify(LIO-SAM) by extension 'ignore_ament_install'
[3.074s] Level 1:colcon.colcon_core.package_identification:_identify(LIO-SAM) by extensions ['colcon_pkg']
[3.074s] Level 1:colcon.colcon_core.package_identification:_identify(LIO-SAM) by extension 'colcon_pkg'
[3.074s] Level 1:colcon.colcon_core.package_identification:_identify(LIO-SAM) by extensions ['colcon_meta']
[3.074s] Level 1:colcon.colcon_core.package_identification:_identify(LIO-SAM) by extension 'colcon_meta'
[3.074s] Level 1:colcon.colcon_core.package_identification:_identify(LIO-SAM) by extensions ['ros']
[3.074s] Level 1:colcon.colcon_core.package_identification:_identify(LIO-SAM) by extension 'ros'
[3.120s] DEBUG:colcon.colcon_core.package_identification:Package 'LIO-SAM' with type 'ros.ament_cmake' and name 'lio_sam'
[3.120s] Level 1:colcon.colcon_core.package_identification:_identify(arigato) by extensions ['ignore', 'ignore_ament_install']
[3.120s] Level 1:colcon.colcon_core.package_identification:_identify(arigato) by extension 'ignore'
[3.120s] Level 1:colcon.colcon_core.package_identification:_identify(arigato) by extension 'ignore_ament_install'
[3.121s] Level 1:colcon.colcon_core.package_identification:_identify(arigato) by extensions ['colcon_pkg']
[3.121s] Level 1:colcon.colcon_core.package_identification:_identify(arigato) by extension 'colcon_pkg'
[3.121s] Level 1:colcon.colcon_core.package_identification:_identify(arigato) by extensions ['colcon_meta']
[3.121s] Level 1:colcon.colcon_core.package_identification:_identify(arigato) by extension 'colcon_meta'
[3.121s] Level 1:colcon.colcon_core.package_identification:_identify(arigato) by extensions ['ros']
[3.121s] Level 1:colcon.colcon_core.package_identification:_identify(arigato) by extension 'ros'
[3.121s] Level 1:colcon.colcon_core.package_identification:_identify(arigato) by extensions ['cmake', 'python']
[3.121s] Level 1:colcon.colcon_core.package_identification:_identify(arigato) by extension 'cmake'
[3.121s] Level 1:colcon.colcon_core.package_identification:_identify(arigato) by extension 'python'
[3.121s] Level 1:colcon.colcon_core.package_identification:_identify(arigato) by extensions ['python_setup_py']
[3.121s] Level 1:colcon.colcon_core.package_identification:_identify(arigato) by extension 'python_setup_py'
[3.122s] Level 1:colcon.colcon_core.package_identification:_identify(build) by extensions ['ignore', 'ignore_ament_install']
[3.122s] Level 1:colcon.colcon_core.package_identification:_identify(build) by extension 'ignore'
[3.122s] Level 1:colcon.colcon_core.package_identification:_identify(build) ignored
[3.122s] Level 1:colcon.colcon_core.package_identification:_identify(calib) by extensions ['ignore', 'ignore_ament_install']
[3.122s] Level 1:colcon.colcon_core.package_identification:_identify(calib) by extension 'ignore'
[3.122s] Level 1:colcon.colcon_core.package_identification:_identify(calib) by extension 'ignore_ament_install'
[3.122s] Level 1:colcon.colcon_core.package_identification:_identify(calib) by extensions ['colcon_pkg']
[3.122s] Level 1:colcon.colcon_core.package_identification:_identify(calib) by extension 'colcon_pkg'
[3.123s] Level 1:colcon.colcon_core.package_identification:_identify(calib) by extensions ['colcon_meta']
[3.123s] Level 1:colcon.colcon_core.package_identification:_identify(calib) by extension 'colcon_meta'
[3.123s] Level 1:colcon.colcon_core.package_identification:_identify(calib) by extensions ['ros']
[3.123s] Level 1:colcon.colcon_core.package_identification:_identify(calib) by extension 'ros'
[3.123s] Level 1:colcon.colcon_core.package_identification:_identify(calib) by extensions ['cmake', 'python']
[3.123s] Level 1:colcon.colcon_core.package_identification:_identify(calib) by extension 'cmake'
[3.123s] Level 1:colcon.colcon_core.package_identification:_identify(calib) by extension 'python'
[3.123s] Level 1:colcon.colcon_core.package_identification:_identify(calib) by extensions ['python_setup_py']
[3.123s] Level 1:colcon.colcon_core.package_identification:_identify(calib) by extension 'python_setup_py'
[3.123s] Level 1:colcon.colcon_core.package_identification:_identify(cartographer) by extensions ['ignore', 'ignore_ament_install']
[3.124s] Level 1:colcon.colcon_core.package_identification:_identify(cartographer) by extension 'ignore'
[3.124s] Level 1:colcon.colcon_core.package_identification:_identify(cartographer) by extension 'ignore_ament_install'
[3.124s] Level 1:colcon.colcon_core.package_identification:_identify(cartographer) by extensions ['colcon_pkg']
[3.124s] Level 1:colcon.colcon_core.package_identification:_identify(cartographer) by extension 'colcon_pkg'
[3.124s] Level 1:colcon.colcon_core.package_identification:_identify(cartographer) by extensions ['colcon_meta']
[3.124s] Level 1:colcon.colcon_core.package_identification:_identify(cartographer) by extension 'colcon_meta'
[3.124s] Level 1:colcon.colcon_core.package_identification:_identify(cartographer) by extensions ['ros']
[3.124s] Level 1:colcon.colcon_core.package_identification:_identify(cartographer) by extension 'ros'
[3.167s] DEBUG:colcon.colcon_core.package_identification:Package 'cartographer' with type 'ros.cmake' and name 'cartographer'
[3.167s] Level 1:colcon.colcon_core.package_identification:_identify(cartographer_ros) by extensions ['ignore', 'ignore_ament_install']
[3.168s] Level 1:colcon.colcon_core.package_identification:_identify(cartographer_ros) by extension 'ignore'
[3.168s] Level 1:colcon.colcon_core.package_identification:_identify(cartographer_ros) by extension 'ignore_ament_install'
[3.168s] Level 1:colcon.colcon_core.package_identification:_identify(cartographer_ros) by extensions ['colcon_pkg']
[3.168s] Level 1:colcon.colcon_core.package_identification:_identify(cartographer_ros) by extension 'colcon_pkg'
[3.168s] Level 1:colcon.colcon_core.package_identification:_identify(cartographer_ros) by extensions ['colcon_meta']
[3.168s] Level 1:colcon.colcon_core.package_identification:_identify(cartographer_ros) by extension 'colcon_meta'
[3.168s] Level 1:colcon.colcon_core.package_identification:_identify(cartographer_ros) by extensions ['ros']
[3.168s] Level 1:colcon.colcon_core.package_identification:_identify(cartographer_ros) by extension 'ros'
[3.168s] Level 1:colcon.colcon_core.package_identification:_identify(cartographer_ros) by extensions ['cmake', 'python']
[3.168s] Level 1:colcon.colcon_core.package_identification:_identify(cartographer_ros) by extension 'cmake'
[3.168s] Level 1:colcon.colcon_core.package_identification:_identify(cartographer_ros) by extension 'python'
[3.168s] Level 1:colcon.colcon_core.package_identification:_identify(cartographer_ros) by extensions ['python_setup_py']
[3.168s] Level 1:colcon.colcon_core.package_identification:_identify(cartographer_ros) by extension 'python_setup_py'
[3.169s] Level 1:colcon.colcon_core.package_identification:_identify(cartographer_ros/cartographer_ros) by extensions ['ignore', 'ignore_ament_install']
[3.169s] Level 1:colcon.colcon_core.package_identification:_identify(cartographer_ros/cartographer_ros) by extension 'ignore'
[3.169s] Level 1:colcon.colcon_core.package_identification:_identify(cartographer_ros/cartographer_ros) by extension 'ignore_ament_install'
[3.169s] Level 1:colcon.colcon_core.package_identification:_identify(cartographer_ros/cartographer_ros) by extensions ['colcon_pkg']
[3.169s] Level 1:colcon.colcon_core.package_identification:_identify(cartographer_ros/cartographer_ros) by extension 'colcon_pkg'
[3.169s] Level 1:colcon.colcon_core.package_identification:_identify(cartographer_ros/cartographer_ros) by extensions ['colcon_meta']
[3.169s] Level 1:colcon.colcon_core.package_identification:_identify(cartographer_ros/cartographer_ros) by extension 'colcon_meta'
[3.169s] Level 1:colcon.colcon_core.package_identification:_identify(cartographer_ros/cartographer_ros) by extensions ['ros']
[3.169s] Level 1:colcon.colcon_core.package_identification:_identify(cartographer_ros/cartographer_ros) by extension 'ros'
[3.216s] DEBUG:colcon.colcon_core.package_identification:Package 'cartographer_ros/cartographer_ros' with type 'ros.ament_cmake' and name 'cartographer_ros'
[3.216s] Level 1:colcon.colcon_core.package_identification:_identify(cartographer_ros/cartographer_ros_msgs) by extensions ['ignore', 'ignore_ament_install']
[3.216s] Level 1:colcon.colcon_core.package_identification:_identify(cartographer_ros/cartographer_ros_msgs) by extension 'ignore'
[3.216s] Level 1:colcon.colcon_core.package_identification:_identify(cartographer_ros/cartographer_ros_msgs) by extension 'ignore_ament_install'
[3.216s] Level 1:colcon.colcon_core.package_identification:_identify(cartographer_ros/cartographer_ros_msgs) by extensions ['colcon_pkg']
[3.216s] Level 1:colcon.colcon_core.package_identification:_identify(cartographer_ros/cartographer_ros_msgs) by extension 'colcon_pkg'
[3.216s] Level 1:colcon.colcon_core.package_identification:_identify(cartographer_ros/cartographer_ros_msgs) by extensions ['colcon_meta']
[3.216s] Level 1:colcon.colcon_core.package_identification:_identify(cartographer_ros/cartographer_ros_msgs) by extension 'colcon_meta'
[3.217s] Level 1:colcon.colcon_core.package_identification:_identify(cartographer_ros/cartographer_ros_msgs) by extensions ['ros']
[3.217s] Level 1:colcon.colcon_core.package_identification:_identify(cartographer_ros/cartographer_ros_msgs) by extension 'ros'
[3.259s] DEBUG:colcon.colcon_core.package_identification:Package 'cartographer_ros/cartographer_ros_msgs' with type 'ros.ament_cmake' and name 'cartographer_ros_msgs'
[3.259s] Level 1:colcon.colcon_core.package_identification:_identify(cartographer_ros/cartographer_rviz) by extensions ['ignore', 'ignore_ament_install']
[3.259s] Level 1:colcon.colcon_core.package_identification:_identify(cartographer_ros/cartographer_rviz) by extension 'ignore'
[3.260s] Level 1:colcon.colcon_core.package_identification:_identify(cartographer_ros/cartographer_rviz) by extension 'ignore_ament_install'
[3.260s] Level 1:colcon.colcon_core.package_identification:_identify(cartographer_ros/cartographer_rviz) by extensions ['colcon_pkg']
[3.260s] Level 1:colcon.colcon_core.package_identification:_identify(cartographer_ros/cartographer_rviz) by extension 'colcon_pkg'
[3.260s] Level 1:colcon.colcon_core.package_identification:_identify(cartographer_ros/cartographer_rviz) by extensions ['colcon_meta']
[3.260s] Level 1:colcon.colcon_core.package_identification:_identify(cartographer_ros/cartographer_rviz) by extension 'colcon_meta'
[3.260s] Level 1:colcon.colcon_core.package_identification:_identify(cartographer_ros/cartographer_rviz) by extensions ['ros']
[3.260s] Level 1:colcon.colcon_core.package_identification:_identify(cartographer_ros/cartographer_rviz) by extension 'ros'
[3.308s] DEBUG:colcon.colcon_core.package_identification:Package 'cartographer_ros/cartographer_rviz' with type 'ros.ament_cmake' and name 'cartographer_rviz'
[3.308s] Level 1:colcon.colcon_core.package_identification:_identify(cartographer_ros/docs) by extensions ['ignore', 'ignore_ament_install']
[3.308s] Level 1:colcon.colcon_core.package_identification:_identify(cartographer_ros/docs) by extension 'ignore'
[3.308s] Level 1:colcon.colcon_core.package_identification:_identify(cartographer_ros/docs) ignored
[3.309s] Level 1:colcon.colcon_core.package_identification:_identify(cartographer_ros/scripts) by extensions ['ignore', 'ignore_ament_install']
[3.309s] Level 1:colcon.colcon_core.package_identification:_identify(cartographer_ros/scripts) by extension 'ignore'
[3.309s] Level 1:colcon.colcon_core.package_identification:_identify(cartographer_ros/scripts) by extension 'ignore_ament_install'
[3.309s] Level 1:colcon.colcon_core.package_identification:_identify(cartographer_ros/scripts) by extensions ['colcon_pkg']
[3.309s] Level 1:colcon.colcon_core.package_identification:_identify(cartographer_ros/scripts) by extension 'colcon_pkg'
[3.309s] Level 1:colcon.colcon_core.package_identification:_identify(cartographer_ros/scripts) by extensions ['colcon_meta']
[3.309s] Level 1:colcon.colcon_core.package_identification:_identify(cartographer_ros/scripts) by extension 'colcon_meta'
[3.309s] Level 1:colcon.colcon_core.package_identification:_identify(cartographer_ros/scripts) by extensions ['ros']
[3.309s] Level 1:colcon.colcon_core.package_identification:_identify(cartographer_ros/scripts) by extension 'ros'
[3.309s] Level 1:colcon.colcon_core.package_identification:_identify(cartographer_ros/scripts) by extensions ['cmake', 'python']
[3.309s] Level 1:colcon.colcon_core.package_identification:_identify(cartographer_ros/scripts) by extension 'cmake'
[3.310s] Level 1:colcon.colcon_core.package_identification:_identify(cartographer_ros/scripts) by extension 'python'
[3.310s] Level 1:colcon.colcon_core.package_identification:_identify(cartographer_ros/scripts) by extensions ['python_setup_py']
[3.310s] Level 1:colcon.colcon_core.package_identification:_identify(cartographer_ros/scripts) by extension 'python_setup_py'
[3.310s] Level 1:colcon.colcon_core.package_identification:_identify(cpp_package) by extensions ['ignore', 'ignore_ament_install']
[3.310s] Level 1:colcon.colcon_core.package_identification:_identify(cpp_package) by extension 'ignore'
[3.310s] Level 1:colcon.colcon_core.package_identification:_identify(cpp_package) by extension 'ignore_ament_install'
[3.310s] Level 1:colcon.colcon_core.package_identification:_identify(cpp_package) by extensions ['colcon_pkg']
[3.310s] Level 1:colcon.colcon_core.package_identification:_identify(cpp_package) by extension 'colcon_pkg'
[3.310s] Level 1:colcon.colcon_core.package_identification:_identify(cpp_package) by extensions ['colcon_meta']
[3.310s] Level 1:colcon.colcon_core.package_identification:_identify(cpp_package) by extension 'colcon_meta'
[3.310s] Level 1:colcon.colcon_core.package_identification:_identify(cpp_package) by extensions ['ros']
[3.311s] Level 1:colcon.colcon_core.package_identification:_identify(cpp_package) by extension 'ros'
[3.312s] DEBUG:colcon.colcon_core.package_identification:Package 'cpp_package' with type 'ros.ament_cmake' and name 'cpp_package'
[3.313s] Level 1:colcon.colcon_core.package_identification:_identify(install) by extensions ['ignore', 'ignore_ament_install']
[3.313s] Level 1:colcon.colcon_core.package_identification:_identify(install) by extension 'ignore'
[3.313s] Level 1:colcon.colcon_core.package_identification:_identify(install) ignored
[3.313s] Level 1:colcon.colcon_core.package_identification:_identify(lidar_icp_odometry) by extensions ['ignore', 'ignore_ament_install']
[3.313s] Level 1:colcon.colcon_core.package_identification:_identify(lidar_icp_odometry) by extension 'ignore'
[3.313s] Level 1:colcon.colcon_core.package_identification:_identify(lidar_icp_odometry) by extension 'ignore_ament_install'
[3.313s] Level 1:colcon.colcon_core.package_identification:_identify(lidar_icp_odometry) by extensions ['colcon_pkg']
[3.313s] Level 1:colcon.colcon_core.package_identification:_identify(lidar_icp_odometry) by extension 'colcon_pkg'
[3.313s] Level 1:colcon.colcon_core.package_identification:_identify(lidar_icp_odometry) by extensions ['colcon_meta']
[3.313s] Level 1:colcon.colcon_core.package_identification:_identify(lidar_icp_odometry) by extension 'colcon_meta'
[3.313s] Level 1:colcon.colcon_core.package_identification:_identify(lidar_icp_odometry) by extensions ['ros']
[3.314s] Level 1:colcon.colcon_core.package_identification:_identify(lidar_icp_odometry) by extension 'ros'
[3.314s] DEBUG:colcon.colcon_core.package_identification:Package 'lidar_icp_odometry' with type 'ros.ament_python' and name 'lidar_icp_odometry'
[3.315s] Level 1:colcon.colcon_core.package_identification:_identify(livox_ros_driver2) by extensions ['ignore', 'ignore_ament_install']
[3.315s] Level 1:colcon.colcon_core.package_identification:_identify(livox_ros_driver2) by extension 'ignore'
[3.315s] Level 1:colcon.colcon_core.package_identification:_identify(livox_ros_driver2) by extension 'ignore_ament_install'
[3.315s] Level 1:colcon.colcon_core.package_identification:_identify(livox_ros_driver2) by extensions ['colcon_pkg']
[3.315s] Level 1:colcon.colcon_core.package_identification:_identify(livox_ros_driver2) by extension 'colcon_pkg'
[3.315s] Level 1:colcon.colcon_core.package_identification:_identify(livox_ros_driver2) by extensions ['colcon_meta']
[3.315s] Level 1:colcon.colcon_core.package_identification:_identify(livox_ros_driver2) by extension 'colcon_meta'
[3.315s] Level 1:colcon.colcon_core.package_identification:_identify(livox_ros_driver2) by extensions ['ros']
[3.315s] Level 1:colcon.colcon_core.package_identification:_identify(livox_ros_driver2) by extension 'ros'
[3.318s] DEBUG:colcon.colcon_core.package_identification:Package 'livox_ros_driver2' with type 'ros.ament_cmake' and name 'livox_ros_driver2'
[3.318s] Level 1:colcon.colcon_core.package_identification:_identify(log) by extensions ['ignore', 'ignore_ament_install']
[3.318s] Level 1:colcon.colcon_core.package_identification:_identify(log) by extension 'ignore'
[3.319s] Level 1:colcon.colcon_core.package_identification:_identify(log) ignored
[3.319s] Level 1:colcon.colcon_core.package_identification:_identify(mpu9250) by extensions ['ignore', 'ignore_ament_install']
[3.319s] Level 1:colcon.colcon_core.package_identification:_identify(mpu9250) by extension 'ignore'
[3.319s] Level 1:colcon.colcon_core.package_identification:_identify(mpu9250) by extension 'ignore_ament_install'
[3.319s] Level 1:colcon.colcon_core.package_identification:_identify(mpu9250) by extensions ['colcon_pkg']
[3.319s] Level 1:colcon.colcon_core.package_identification:_identify(mpu9250) by extension 'colcon_pkg'
[3.319s] Level 1:colcon.colcon_core.package_identification:_identify(mpu9250) by extensions ['colcon_meta']
[3.319s] Level 1:colcon.colcon_core.package_identification:_identify(mpu9250) by extension 'colcon_meta'
[3.319s] Level 1:colcon.colcon_core.package_identification:_identify(mpu9250) by extensions ['ros']
[3.319s] Level 1:colcon.colcon_core.package_identification:_identify(mpu9250) by extension 'ros'
[3.320s] DEBUG:colcon.colcon_core.package_identification:Package 'mpu9250' with type 'ros.ament_python' and name 'mpu9250'
[3.320s] Level 1:colcon.colcon_core.package_identification:_identify(sllidar_ros2) by extensions ['ignore', 'ignore_ament_install']
[3.320s] Level 1:colcon.colcon_core.package_identification:_identify(sllidar_ros2) by extension 'ignore'
[3.320s] Level 1:colcon.colcon_core.package_identification:_identify(sllidar_ros2) by extension 'ignore_ament_install'
[3.320s] Level 1:colcon.colcon_core.package_identification:_identify(sllidar_ros2) by extensions ['colcon_pkg']
[3.320s] Level 1:colcon.colcon_core.package_identification:_identify(sllidar_ros2) by extension 'colcon_pkg'
[3.320s] Level 1:colcon.colcon_core.package_identification:_identify(sllidar_ros2) by extensions ['colcon_meta']
[3.321s] Level 1:colcon.colcon_core.package_identification:_identify(sllidar_ros2) by extension 'colcon_meta'
[3.321s] Level 1:colcon.colcon_core.package_identification:_identify(sllidar_ros2) by extensions ['ros']
[3.321s] Level 1:colcon.colcon_core.package_identification:_identify(sllidar_ros2) by extension 'ros'
[3.353s] DEBUG:colcon.colcon_core.package_identification:Package 'sllidar_ros2' with type 'ros.ament_cmake' and name 'sllidar_ros2'
[3.353s] Level 1:colcon.colcon_core.package_identification:_identify(spark-fast-lio) by extensions ['ignore', 'ignore_ament_install']
[3.353s] Level 1:colcon.colcon_core.package_identification:_identify(spark-fast-lio) by extension 'ignore'
[3.353s] Level 1:colcon.colcon_core.package_identification:_identify(spark-fast-lio) by extension 'ignore_ament_install'
[3.353s] Level 1:colcon.colcon_core.package_identification:_identify(spark-fast-lio) by extensions ['colcon_pkg']
[3.353s] Level 1:colcon.colcon_core.package_identification:_identify(spark-fast-lio) by extension 'colcon_pkg'
[3.353s] Level 1:colcon.colcon_core.package_identification:_identify(spark-fast-lio) by extensions ['colcon_meta']
[3.353s] Level 1:colcon.colcon_core.package_identification:_identify(spark-fast-lio) by extension 'colcon_meta'
[3.354s] Level 1:colcon.colcon_core.package_identification:_identify(spark-fast-lio) by extensions ['ros']
[3.354s] Level 1:colcon.colcon_core.package_identification:_identify(spark-fast-lio) by extension 'ros'
[3.354s] Level 1:colcon.colcon_core.package_identification:_identify(spark-fast-lio) by extensions ['cmake', 'python']
[3.354s] Level 1:colcon.colcon_core.package_identification:_identify(spark-fast-lio) by extension 'cmake'
[3.354s] Level 1:colcon.colcon_core.package_identification:_identify(spark-fast-lio) by extension 'python'
[3.354s] Level 1:colcon.colcon_core.package_identification:_identify(spark-fast-lio) by extensions ['python_setup_py']
[3.354s] Level 1:colcon.colcon_core.package_identification:_identify(spark-fast-lio) by extension 'python_setup_py'
[3.354s] Level 1:colcon.colcon_core.package_identification:_identify(spark-fast-lio/spark_fast_lio) by extensions ['ignore', 'ignore_ament_install']
[3.354s] Level 1:colcon.colcon_core.package_identification:_identify(spark-fast-lio/spark_fast_lio) by extension 'ignore'
[3.355s] Level 1:colcon.colcon_core.package_identification:_identify(spark-fast-lio/spark_fast_lio) by extension 'ignore_ament_install'
[3.355s] Level 1:colcon.colcon_core.package_identification:_identify(spark-fast-lio/spark_fast_lio) by extensions ['colcon_pkg']
[3.355s] Level 1:colcon.colcon_core.package_identification:_identify(spark-fast-lio/spark_fast_lio) by extension 'colcon_pkg'
[3.355s] Level 1:colcon.colcon_core.package_identification:_identify(spark-fast-lio/spark_fast_lio) by extensions ['colcon_meta']
[3.355s] Level 1:colcon.colcon_core.package_identification:_identify(spark-fast-lio/spark_fast_lio) by extension 'colcon_meta'
[3.355s] Level 1:colcon.colcon_core.package_identification:_identify(spark-fast-lio/spark_fast_lio) by extensions ['ros']
[3.355s] Level 1:colcon.colcon_core.package_identification:_identify(spark-fast-lio/spark_fast_lio) by extension 'ros'
[3.396s] DEBUG:colcon.colcon_core.package_identification:Package 'spark-fast-lio/spark_fast_lio' with type 'ros.ament_cmake' and name 'spark_fast_lio'
[3.397s] Level 1:colcon.colcon_core.package_identification:_identify(sweep_builder) by extensions ['ignore', 'ignore_ament_install']
[3.397s] Level 1:colcon.colcon_core.package_identification:_identify(sweep_builder) by extension 'ignore'
[3.397s] Level 1:colcon.colcon_core.package_identification:_identify(sweep_builder) by extension 'ignore_ament_install'
[3.397s] Level 1:colcon.colcon_core.package_identification:_identify(sweep_builder) by extensions ['colcon_pkg']
[3.397s] Level 1:colcon.colcon_core.package_identification:_identify(sweep_builder) by extension 'colcon_pkg'
[3.397s] Level 1:colcon.colcon_core.package_identification:_identify(sweep_builder) by extensions ['colcon_meta']
[3.397s] Level 1:colcon.colcon_core.package_identification:_identify(sweep_builder) by extension 'colcon_meta'
[3.397s] Level 1:colcon.colcon_core.package_identification:_identify(sweep_builder) by extensions ['ros']
[3.397s] Level 1:colcon.colcon_core.package_identification:_identify(sweep_builder) by extension 'ros'
[3.398s] DEBUG:colcon.colcon_core.package_identification:Package 'sweep_builder' with type 'ros.ament_python' and name 'sweep_builder'
[3.398s] Level 1:colcon.colcon_core.package_discovery:discover_packages(recursive) using defaults
[3.398s] Level 1:colcon.colcon_core.package_discovery:discover_packages(ignore) discover
[3.398s] Level 1:colcon.colcon_core.package_discovery:discover_packages(ignore) using defaults
[3.398s] Level 1:colcon.colcon_core.package_discovery:discover_packages(path) discover
[3.398s] Level 1:colcon.colcon_core.package_discovery:discover_packages(path) using defaults
[3.856s] INFO:colcon.colcon_core.package_selection:Skipping not selected package 'cartographer' in 'cartographer'
[3.857s] INFO:colcon.colcon_core.package_selection:Skipping not selected package 'cartographer_ros_msgs' in 'cartographer_ros/cartographer_ros_msgs'
[3.857s] INFO:colcon.colcon_core.package_selection:Skipping not selected package 'cpp_package' in 'cpp_package'
[3.857s] INFO:colcon.colcon_core.package_selection:Skipping not selected package 'lidar_icp_odometry' in 'lidar_icp_odometry'
[3.857s] INFO:colcon.colcon_core.package_selection:Skipping not selected package 'lio_sam' in 'LIO-SAM'
[3.857s] INFO:colcon.colcon_core.package_selection:Skipping not selected package 'mpu9250' in 'mpu9250'
[3.857s] INFO:colcon.colcon_core.package_selection:Skipping not selected package 'sllidar_ros2' in 'sllidar_ros2'
[3.857s] INFO:colcon.colcon_core.package_selection:Skipping not selected package 'spark_fast_lio' in 'spark-fast-lio/spark_fast_lio'
[3.857s] INFO:colcon.colcon_core.package_selection:Skipping not selected package 'sweep_builder' in 'sweep_builder'
[3.857s] INFO:colcon.colcon_core.package_selection:Skipping not selected package 'cartographer_ros' in 'cartographer_ros/cartographer_ros'
[3.857s] INFO:colcon.colcon_core.package_selection:Skipping not selected package 'fast_lio' in 'FAST_LIO_ROS2'
[3.857s] INFO:colcon.colcon_core.package_selection:Skipping not selected package 'cartographer_rviz' in 'cartographer_ros/cartographer_rviz'
[3.898s] Level 1:colcon.colcon_core.package_discovery:discover_packages(prefix_path) check parameters
[3.898s] Level 1:colcon.colcon_core.package_discovery:discover_packages(prefix_path) discover
[3.998s] DEBUG:colcon.colcon_installed_package_information.package_discovery:Found 10 installed packages in /home/p/ros2_ws/install
[3.999s] DEBUG:colcon.colcon_installed_package_information.package_discovery:Found 9 installed packages in /home/p/ros2_ws/src/install
[4.003s] DEBUG:colcon.colcon_installed_package_information.package_discovery:Found 451 installed packages in /opt/ros/jazzy
[4.005s] Level 1:colcon.colcon_core.package_discovery:discover_packages(prefix_path) using defaults
[4.569s] WARNING:colcon.colcon_core.package_selection:Some selected packages are already built in one or more underlay workspaces:
	'livox_ros_driver2' is in: /home/p/ros2_ws/src/install/livox_ros_driver2
If a package in a merged underlay workspace is overridden and it installs headers, then all packages in the overlay must sort their include directories by workspace order. Failure to do so may result in build failures or undefined behavior at run time.
If the overridden package is used by another package in any underlay, then the overriding package in the overlay must be API and ABI compatible or undefined behavior at run time may occur.

If you understand the risks and want to override a package anyways, add the following to the command line:
	--allow-overriding livox_ros_driver2

This may be promoted to an error in a future release of colcon-override-check.
[4.572s] Level 5:colcon.colcon_core.verb:set package 'livox_ros_driver2' build argument 'cmake_args' from command line to 'None'
[4.572s] Level 5:colcon.colcon_core.verb:set package 'livox_ros_driver2' build argument 'cmake_target' from command line to 'None'
[4.572s] Level 5:colcon.colcon_core.verb:set package 'livox_ros_driver2' build argument 'cmake_target_skip_unavailable' from command line to 'False'
[4.572s] Level 5:colcon.colcon_core.verb:set package 'livox_ros_driver2' build argument 'cmake_clean_cache' from command line to 'False'
[4.572s] Level 5:colcon.colcon_core.verb:set package 'livox_ros_driver2' build argument 'cmake_clean_first' from command line to 'False'
[4.572s] Level 5:colcon.colcon_core.verb:set package 'livox_ros_driver2' build argument 'cmake_force_configure' from command line to 'False'
[4.572s] Level 5:colcon.colcon_core.verb:set package 'livox_ros_driver2' build argument 'ament_cmake_args' from command line to 'None'
[4.572s] Level 5:colcon.colcon_core.verb:set package 'livox_ros_driver2' build argument 'catkin_cmake_args' from command line to 'None'
[4.572s] Level 5:colcon.colcon_core.verb:set package 'livox_ros_driver2' build argument 'catkin_skip_building_tests' from command line to 'False'
[4.572s] DEBUG:colcon.colcon_core.verb:Building package 'livox_ros_driver2' with the following arguments: {'ament_cmake_args': None, 'build_base': '/home/p/ros2_ws/src/build/livox_ros_driver2', 'catkin_cmake_args': None, 'catkin_skip_building_tests': False, 'cmake_args': None, 'cmake_clean_cache': False, 'cmake_clean_first': False, 'cmake_force_configure': False, 'cmake_target': None, 'cmake_target_skip_unavailable': False, 'install_base': '/home/p/ros2_ws/src/install/livox_ros_driver2', 'merge_install': False, 'path': '/home/p/ros2_ws/src/livox_ros_driver2', 'symlink_install': True, 'test_result_base': None}
[4.572s] INFO:colcon.colcon_core.executor:Executing jobs using 'parallel' executor
[4.574s] DEBUG:colcon.colcon_parallel_executor.executor.parallel:run_until_complete
[4.574s] INFO:colcon.colcon_ros.task.ament_cmake.build:Building ROS package in '/home/p/ros2_ws/src/livox_ros_driver2' with build type 'ament_cmake'
[4.574s] INFO:colcon.colcon_cmake.task.cmake.build:Building CMake package in '/home/p/ros2_ws/src/livox_ros_driver2'
[4.612s] INFO:colcon.colcon_core.plugin_system:Skipping extension 'colcon_core.shell.bat': Not used on non-Windows systems
[4.613s] INFO:colcon.colcon_core.shell:Skip shell extension 'powershell' for command environment: Not usable outside of PowerShell
[4.613s] DEBUG:colcon.colcon_core.shell:Skip shell extension 'dsv' for command environment
[4.741s] DEBUG:colcon.colcon_core.event_handler.log_command:Invoking command in '/home/p/ros2_ws/src/build/livox_ros_driver2': CMAKE_PREFIX_PATH=${CMAKE_PREFIX_PATH}:/home/p/ros2_ws/install/sweep_builder:/home/p/ros2_ws/install/mpu9250:/home/p/ros2_ws/install/lidar_icp_odometry:/home/p/ros2_ws/src/install/sweep_builder:/home/p/ros2_ws/src/install/mpu9250:/home/p/ros2_ws/src/install/lidar_icp_odometry:/opt/ros/jazzy DEBUGINFOD_URLS=https://debuginfod.ubuntu.com /usr/bin/cmake /home/p/ros2_ws/src/livox_ros_driver2 -DAMENT_CMAKE_SYMLINK_INSTALL=1 -DCMAKE_INSTALL_PREFIX=/home/p/ros2_ws/src/install/livox_ros_driver2
[4.853s] DEBUG:colcon.colcon_core.event_handler.log_command:Invoked command in '/home/p/ros2_ws/src/build/livox_ros_driver2' returned '1': CMAKE_PREFIX_PATH=${CMAKE_PREFIX_PATH}:/home/p/ros2_ws/install/sweep_builder:/home/p/ros2_ws/install/mpu9250:/home/p/ros2_ws/install/lidar_icp_odometry:/home/p/ros2_ws/src/install/sweep_builder:/home/p/ros2_ws/src/install/mpu9250:/home/p/ros2_ws/src/install/lidar_icp_odometry:/opt/ros/jazzy DEBUGINFOD_URLS=https://debuginfod.ubuntu.com /usr/bin/cmake /home/p/ros2_ws/src/livox_ros_driver2 -DAMENT_CMAKE_SYMLINK_INSTALL=1 -DCMAKE_INSTALL_PREFIX=/home/p/ros2_ws/src/install/livox_ros_driver2
[4.882s] Level 1:colcon.colcon_core.environment:create_environment_scripts_only(livox_ros_driver2)
[4.993s] Level 1:colcon.colcon_core.environment:checking '/home/p/ros2_ws/src/install/livox_ros_driver2' for CMake module files
[4.994s] Level 1:colcon.colcon_core.environment:checking '/home/p/ros2_ws/src/install/livox_ros_driver2' for CMake config files
[4.995s] Level 1:colcon.colcon_core.shell:create_environment_hook('livox_ros_driver2', 'cmake_prefix_path')
[4.996s] INFO:colcon.colcon_core.shell:Creating environment hook '/home/p/ros2_ws/src/install/livox_ros_driver2/share/livox_ros_driver2/hook/cmake_prefix_path.ps1'
[5.028s] INFO:colcon.colcon_core.shell:Creating environment descriptor '/home/p/ros2_ws/src/install/livox_ros_driver2/share/livox_ros_driver2/hook/cmake_prefix_path.dsv'
[5.029s] INFO:colcon.colcon_core.shell:Creating environment hook '/home/p/ros2_ws/src/install/livox_ros_driver2/share/livox_ros_driver2/hook/cmake_prefix_path.sh'
[5.032s] Level 1:colcon.colcon_core.environment:checking '/home/p/ros2_ws/src/install/livox_ros_driver2/lib'
[5.032s] Level 1:colcon.colcon_core.shell:create_environment_hook('livox_ros_driver2', 'ld_library_path_lib')
[5.032s] INFO:colcon.colcon_core.shell:Creating environment hook '/home/p/ros2_ws/src/install/livox_ros_driver2/share/livox_ros_driver2/hook/ld_library_path_lib.ps1'
[5.033s] INFO:colcon.colcon_core.shell:Creating environment descriptor '/home/p/ros2_ws/src/install/livox_ros_driver2/share/livox_ros_driver2/hook/ld_library_path_lib.dsv'
[5.034s] INFO:colcon.colcon_core.shell:Creating environment hook '/home/p/ros2_ws/src/install/livox_ros_driver2/share/livox_ros_driver2/hook/ld_library_path_lib.sh'
[5.034s] Level 1:colcon.colcon_core.environment:checking '/home/p/ros2_ws/src/install/livox_ros_driver2/bin'
[5.035s] Level 1:colcon.colcon_core.environment:checking '/home/p/ros2_ws/src/install/livox_ros_driver2/lib/pkgconfig/livox_ros_driver2.pc'
[5.035s] Level 1:colcon.colcon_core.environment:checking '/home/p/ros2_ws/src/install/livox_ros_driver2/lib/python3.12/site-packages'
[5.035s] Level 1:colcon.colcon_core.shell:create_environment_hook('livox_ros_driver2', 'pythonpath')
[5.036s] INFO:colcon.colcon_core.shell:Creating environment hook '/home/p/ros2_ws/src/install/livox_ros_driver2/share/livox_ros_driver2/hook/pythonpath.ps1'
[5.036s] INFO:colcon.colcon_core.shell:Creating environment descriptor '/home/p/ros2_ws/src/install/livox_ros_driver2/share/livox_ros_driver2/hook/pythonpath.dsv'
[5.109s] INFO:colcon.colcon_core.shell:Creating environment hook '/home/p/ros2_ws/src/install/livox_ros_driver2/share/livox_ros_driver2/hook/pythonpath.sh'
[5.111s] Level 1:colcon.colcon_core.environment:checking '/home/p/ros2_ws/src/install/livox_ros_driver2/bin'
[5.111s] INFO:colcon.colcon_core.shell:Creating package script '/home/p/ros2_ws/src/install/livox_ros_driver2/share/livox_ros_driver2/package.ps1'
[5.113s] INFO:colcon.colcon_core.shell:Creating package descriptor '/home/p/ros2_ws/src/install/livox_ros_driver2/share/livox_ros_driver2/package.dsv'
[5.148s] INFO:colcon.colcon_core.shell:Creating package script '/home/p/ros2_ws/src/install/livox_ros_driver2/share/livox_ros_driver2/package.sh'
[5.150s] INFO:colcon.colcon_core.shell:Creating package script '/home/p/ros2_ws/src/install/livox_ros_driver2/share/livox_ros_driver2/package.bash'
[5.153s] INFO:colcon.colcon_core.shell:Creating package script '/home/p/ros2_ws/src/install/livox_ros_driver2/share/livox_ros_driver2/package.zsh'
[5.155s] Level 1:colcon.colcon_core.environment:create_file_with_runtime_dependencies(/home/p/ros2_ws/src/install/livox_ros_driver2/share/colcon-core/packages/livox_ros_driver2)
[5.166s] DEBUG:colcon.colcon_parallel_executor.executor.parallel:closing loop
[5.166s] DEBUG:colcon.colcon_parallel_executor.executor.parallel:loop closed
[5.167s] DEBUG:colcon.colcon_parallel_executor.executor.parallel:run_until_complete finished with '1'
[5.167s] DEBUG:colcon.colcon_core.event_reactor:joining thread
[5.204s] INFO:colcon.colcon_core.plugin_system:Skipping extension 'colcon_notification.desktop_notification.terminal_notifier': Not used on non-Darwin systems
[5.204s] INFO:colcon.colcon_core.plugin_system:Skipping extension 'colcon_notification.desktop_notification.win32': Not used on non-Windows systems
[5.204s] INFO:colcon.colcon_notification.desktop_notification:Sending desktop notification using 'notify2'
