[0.188s] Invoking command in '/home/p/ros2_ws/src/build/cpp_package': CMAKE_PREFIX_PATH=${CMAKE_PREFIX_PATH}:/home/p/ros2_ws/install/optical_cane_rpi:/home/p/ros2_ws/install/mpu9250:/opt/ros/jazzy DEBUGINFOD_URLS=https://debuginfod.ubuntu.com /usr/bin/cmake --build /home/p/ros2_ws/src/build/cpp_package -- -j4 -l4
[0.447s] [ 12%] Building CXX object CMakeFiles/path_planner_node.dir/src/path_planner_node.cpp.o
[0.541s] [ 37%] Built target stable_ground_fitter_node
[0.554s] [ 62%] Built target point_cloud_sweeper_cpp_node
[0.621s] [ 87%] Built target user_centric_roi_detector
[32.373s] [100%] Linking CXX executable path_planner_node
[35.062s] [100%] Built target path_planner_node
[35.088s] Invoked command in '/home/p/ros2_ws/src/build/cpp_package' returned '0': CMAKE_PREFIX_PATH=${CMAKE_PREFIX_PATH}:/home/p/ros2_ws/install/optical_cane_rpi:/home/p/ros2_ws/install/mpu9250:/opt/ros/jazzy DEBUGINFOD_URLS=https://debuginfod.ubuntu.com /usr/bin/cmake --build /home/p/ros2_ws/src/build/cpp_package -- -j4 -l4
[35.108s] Invoking command in '/home/p/ros2_ws/src/build/cpp_package': CMAKE_PREFIX_PATH=${CMAKE_PREFIX_PATH}:/home/p/ros2_ws/install/optical_cane_rpi:/home/p/ros2_ws/install/mpu9250:/opt/ros/jazzy DEBUGINFOD_URLS=https://debuginfod.ubuntu.com /usr/bin/cmake --install /home/p/ros2_ws/src/build/cpp_package
[35.126s] -- Install configuration: ""
[35.128s] -- Installing: /home/p/ros2_ws/src/install/cpp_package/lib/cpp_package/point_cloud_sweeper_cpp_node
[35.141s] -- Set non-toolchain portion of runtime path of "/home/p/ros2_ws/src/install/cpp_package/lib/cpp_package/point_cloud_sweeper_cpp_node" to ""
[35.143s] -- Installing: /home/p/ros2_ws/src/install/cpp_package/lib/cpp_package/stable_ground_fitter_node
[35.160s] -- Set non-toolchain portion of runtime path of "/home/p/ros2_ws/src/install/cpp_package/lib/cpp_package/stable_ground_fitter_node" to ""
[35.162s] -- Installing: /home/p/ros2_ws/src/install/cpp_package/lib/cpp_package/user_centric_roi_detector
[35.182s] -- Set non-toolchain portion of runtime path of "/home/p/ros2_ws/src/install/cpp_package/lib/cpp_package/user_centric_roi_detector" to ""
[35.182s] -- Installing: /home/p/ros2_ws/src/install/cpp_package/lib/cpp_package/path_planner_node
[35.197s] -- Set non-toolchain portion of runtime path of "/home/p/ros2_ws/src/install/cpp_package/lib/cpp_package/path_planner_node" to ""
[35.197s] -- Up-to-date: /home/p/ros2_ws/src/install/cpp_package/share/cpp_package/launch
[35.197s] -- Up-to-date: /home/p/ros2_ws/src/install/cpp_package/share/cpp_package/launch/icp_odom.launch.py
[35.198s] -- Up-to-date: /home/p/ros2_ws/src/install/cpp_package/share/cpp_package/launch/assistive_nav.launch.py
[35.198s] -- Up-to-date: /home/p/ros2_ws/src/install/cpp_package/share/cpp_package/launch/front_cloud_filter.launch.py
[35.198s] -- Up-to-date: /home/p/ros2_ws/src/install/cpp_package/share/ament_index/resource_index/package_run_dependencies/cpp_package
[35.198s] -- Up-to-date: /home/p/ros2_ws/src/install/cpp_package/share/ament_index/resource_index/parent_prefix_path/cpp_package
[35.198s] -- Up-to-date: /home/p/ros2_ws/src/install/cpp_package/share/cpp_package/environment/ament_prefix_path.sh
[35.198s] -- Up-to-date: /home/p/ros2_ws/src/install/cpp_package/share/cpp_package/environment/ament_prefix_path.dsv
[35.198s] -- Up-to-date: /home/p/ros2_ws/src/install/cpp_package/share/cpp_package/environment/path.sh
[35.198s] -- Up-to-date: /home/p/ros2_ws/src/install/cpp_package/share/cpp_package/environment/path.dsv
[35.198s] -- Up-to-date: /home/p/ros2_ws/src/install/cpp_package/share/cpp_package/local_setup.bash
[35.199s] -- Up-to-date: /home/p/ros2_ws/src/install/cpp_package/share/cpp_package/local_setup.sh
[35.199s] -- Up-to-date: /home/p/ros2_ws/src/install/cpp_package/share/cpp_package/local_setup.zsh
[35.199s] -- Up-to-date: /home/p/ros2_ws/src/install/cpp_package/share/cpp_package/local_setup.dsv
[35.199s] -- Installing: /home/p/ros2_ws/src/install/cpp_package/share/cpp_package/package.dsv
[35.199s] -- Up-to-date: /home/p/ros2_ws/src/install/cpp_package/share/ament_index/resource_index/packages/cpp_package
[35.199s] -- Up-to-date: /home/p/ros2_ws/src/install/cpp_package/share/cpp_package/cmake/cpp_packageConfig.cmake
[35.199s] -- Up-to-date: /home/p/ros2_ws/src/install/cpp_package/share/cpp_package/cmake/cpp_packageConfig-version.cmake
[35.199s] -- Up-to-date: /home/p/ros2_ws/src/install/cpp_package/share/cpp_package/package.xml
[35.201s] Invoked command in '/home/p/ros2_ws/src/build/cpp_package' returned '0': CMAKE_PREFIX_PATH=${CMAKE_PREFIX_PATH}:/home/p/ros2_ws/install/optical_cane_rpi:/home/p/ros2_ws/install/mpu9250:/opt/ros/jazzy DEBUGINFOD_URLS=https://debuginfod.ubuntu.com /usr/bin/cmake --install /home/p/ros2_ws/src/build/cpp_package
