[0.021s] Invoking command in '/home/p/ros2_ws/src/build/drive_base_msgs': CMAKE_PREFIX_PATH=${CMAKE_PREFIX_PATH}:/home/p/ros2_ws/install/sweep_builder:/home/p/ros2_ws/install/optical_cane_rpi:/home/p/ros2_ws/install/mpu9250:/opt/ros/jazzy DEBUGINFOD_URLS=https://debuginfod.ubuntu.com /usr/bin/cmake /home/p/ros2_ws/src/uros/drive_base/drive_base_msgs -DCMAKE_INSTALL_PREFIX=/home/p/ros2_ws/src/install/drive_base_msgs
[0.290s] -- The C compiler identification is GNU 13.3.0
[0.710s] -- The CXX compiler identification is GNU 13.3.0
[0.769s] -- Detecting C compiler ABI info
[1.976s] -- Detecting C compiler ABI info - done
[1.977s] -- Check for working C compiler: /usr/bin/cc - skipped
[1.977s] -- Detecting C compile features
[1.977s] -- Detecting C compile features - done
[1.977s] -- Detecting CXX compiler ABI info
[1.977s] -- Detecting CXX compiler ABI info - done
[1.977s] -- Check for working CXX compiler: /usr/bin/c++ - skipped
[1.977s] -- Detecting CXX compile features
[1.978s] -- Detecting CXX compile features - done
[2.011s] -- Found ament_cmake: 2.5.4 (/opt/ros/jazzy/share/ament_cmake/cmake)
[2.564s] -- Found Python3: /usr/bin/python3 (found version "3.12.3") found components: Interpreter 
[3.018s] -- Found std_msgs: 5.3.6 (/opt/ros/jazzy/share/std_msgs/cmake)
[3.132s] -- Found rosidl_generator_c: 4.6.5 (/opt/ros/jazzy/share/rosidl_generator_c/cmake)
[3.169s] -- Found rosidl_generator_cpp: 4.6.5 (/opt/ros/jazzy/share/rosidl_generator_cpp/cmake)
[3.214s] -- Using all available rosidl_typesupport_c: rosidl_typesupport_fastrtps_c;rosidl_typesupport_introspection_c
[3.260s] -- Using all available rosidl_typesupport_cpp: rosidl_typesupport_fastrtps_cpp;rosidl_typesupport_introspection_cpp
[3.336s] -- Found rosidl_default_generators: 1.6.0 (/opt/ros/jazzy/share/rosidl_default_generators/cmake)
[3.382s] -- Found rosidl_adapter: 4.6.5 (/opt/ros/jazzy/share/rosidl_adapter/cmake)
[5.108s] -- Found ament_cmake_cppcheck: 0.17.2 (/opt/ros/jazzy/share/ament_cmake_cppcheck/cmake)
[5.117s] -- Found ament_cmake_cpplint: 0.17.2 (/opt/ros/jazzy/share/ament_cmake_cpplint/cmake)
[5.125s] -- Found ament_cmake_uncrustify: 0.17.2 (/opt/ros/jazzy/share/ament_cmake_uncrustify/cmake)
[5.136s] -- Found ament_cmake_ros: 0.12.0 (/opt/ros/jazzy/share/ament_cmake_ros/cmake)
[7.946s] -- Using all available rosidl_typesupport_c: rosidl_typesupport_fastrtps_c;rosidl_typesupport_introspection_c
[9.346s] -- Using all available rosidl_typesupport_cpp: rosidl_typesupport_fastrtps_cpp;rosidl_typesupport_introspection_cpp
[9.372s] -- Found python_cmake_module: 0.11.1 (/opt/ros/jazzy/share/python_cmake_module/cmake)
[9.906s] -- Found PythonExtra: /usr/bin/python3  
[11.954s] -- Found Python3: /usr/bin/python3 (found version "3.12.3") found components: Interpreter Development NumPy Development.Module Development.Embed 
[12.124s] -- Found ament_cmake_flake8: 0.17.2 (/opt/ros/jazzy/share/ament_cmake_flake8/cmake)
[12.141s] -- Found ament_cmake_pep257: 0.17.2 (/opt/ros/jazzy/share/ament_cmake_pep257/cmake)
[12.198s] -- Configuring done (12.1s)
[12.479s] -- Generating done (0.2s)
[12.541s] -- Build files have been written to: /home/p/ros2_ws/src/build/drive_base_msgs
[12.619s] Invoked command in '/home/p/ros2_ws/src/build/drive_base_msgs' returned '0': CMAKE_PREFIX_PATH=${CMAKE_PREFIX_PATH}:/home/p/ros2_ws/install/sweep_builder:/home/p/ros2_ws/install/optical_cane_rpi:/home/p/ros2_ws/install/mpu9250:/opt/ros/jazzy DEBUGINFOD_URLS=https://debuginfod.ubuntu.com /usr/bin/cmake /home/p/ros2_ws/src/uros/drive_base/drive_base_msgs -DCMAKE_INSTALL_PREFIX=/home/p/ros2_ws/src/install/drive_base_msgs
[12.620s] Invoking command in '/home/p/ros2_ws/src/build/drive_base_msgs': CMAKE_PREFIX_PATH=${CMAKE_PREFIX_PATH}:/home/p/ros2_ws/install/sweep_builder:/home/p/ros2_ws/install/optical_cane_rpi:/home/p/ros2_ws/install/mpu9250:/opt/ros/jazzy DEBUGINFOD_URLS=https://debuginfod.ubuntu.com /usr/bin/cmake --build /home/p/ros2_ws/src/build/drive_base_msgs -- -j4 -l4
[12.961s] [  1%] Generating type hashes for ROS interfaces
[13.049s] [  1%] Built target ament_cmake_python_copy_drive_base_msgs
[14.290s] [  1%] Built target drive_base_msgs__rosidl_generator_type_description
[14.348s] [  3%] Generating C code for ROS interfaces
[14.411s] [  4%] Generating C++ code for ROS interfaces
[14.417s] running egg_info
[14.420s] creating drive_base_msgs.egg-info
[14.520s] writing drive_base_msgs.egg-info/PKG-INFO
[14.523s] writing dependency_links to drive_base_msgs.egg-info/dependency_links.txt
[14.529s] writing top-level names to drive_base_msgs.egg-info/top_level.txt
[14.529s] writing manifest file 'drive_base_msgs.egg-info/SOURCES.txt'
[15.049s] reading manifest file 'drive_base_msgs.egg-info/SOURCES.txt'
[15.061s] writing manifest file 'drive_base_msgs.egg-info/SOURCES.txt'
[15.295s] [  4%] Built target ament_cmake_python_build_drive_base_msgs_egg
[16.933s] [  4%] Built target drive_base_msgs__cpp
[17.446s] [  6%] Building C object CMakeFiles/drive_base_msgs__rosidl_generator_c.dir/rosidl_generator_c/drive_base_msgs/msg/detail/command_header__description.c.o
[17.458s] [  7%] Building C object CMakeFiles/drive_base_msgs__rosidl_generator_c.dir/rosidl_generator_c/drive_base_msgs/msg/detail/command_header__functions.c.o
[17.467s] [  9%] Building C object CMakeFiles/drive_base_msgs__rosidl_generator_c.dir/rosidl_generator_c/drive_base_msgs/msg/detail/command_header__type_support.c.o
[17.479s] [ 10%] Building C object CMakeFiles/drive_base_msgs__rosidl_generator_c.dir/rosidl_generator_c/drive_base_msgs/msg/detail/base_info__description.c.o
[17.611s] [ 12%] Building C object CMakeFiles/drive_base_msgs__rosidl_generator_c.dir/rosidl_generator_c/drive_base_msgs/msg/detail/base_info__functions.c.o
[17.642s] [ 14%] Building C object CMakeFiles/drive_base_msgs__rosidl_generator_c.dir/rosidl_generator_c/drive_base_msgs/msg/detail/base_info__type_support.c.o
[17.644s] [ 15%] Building C object CMakeFiles/drive_base_msgs__rosidl_generator_c.dir/rosidl_generator_c/drive_base_msgs/msg/detail/command_status__description.c.o
[17.668s] [ 17%] Building C object CMakeFiles/drive_base_msgs__rosidl_generator_c.dir/rosidl_generator_c/drive_base_msgs/msg/detail/command_status__functions.c.o
[17.792s] [ 18%] Building C object CMakeFiles/drive_base_msgs__rosidl_generator_c.dir/rosidl_generator_c/drive_base_msgs/msg/detail/command_status__type_support.c.o
[17.808s] [ 20%] Building C object CMakeFiles/drive_base_msgs__rosidl_generator_c.dir/rosidl_generator_c/drive_base_msgs/msg/detail/trv_command__description.c.o
[17.832s] [ 21%] Building C object CMakeFiles/drive_base_msgs__rosidl_generator_c.dir/rosidl_generator_c/drive_base_msgs/msg/detail/trv_command__functions.c.o
[17.859s] [ 23%] Building C object CMakeFiles/drive_base_msgs__rosidl_generator_c.dir/rosidl_generator_c/drive_base_msgs/msg/detail/trv_command__type_support.c.o
[17.991s] [ 25%] Linking C shared library libdrive_base_msgs__rosidl_generator_c.so
[18.124s] [ 25%] Built target drive_base_msgs__rosidl_generator_c
[18.151s] [ 26%] Generating C type support for eProsima Fast-RTPS
[18.174s] [ 28%] Generating C++ type support dispatch for ROS interfaces
[18.178s] [ 31%] Generating C++ type support for eProsima Fast-RTPS
[18.183s] [ 29%] Generating C introspection for ROS interfaces
[20.405s] [ 32%] Building CXX object CMakeFiles/drive_base_msgs__rosidl_typesupport_cpp.dir/rosidl_typesupport_cpp/drive_base_msgs/msg/command_header__type_support.cpp.o
[20.896s] [ 34%] Building C object CMakeFiles/drive_base_msgs__rosidl_typesupport_introspection_c.dir/rosidl_typesupport_introspection_c/drive_base_msgs/msg/detail/command_header__type_support.c.o
[21.044s] [ 35%] Building CXX object CMakeFiles/drive_base_msgs__rosidl_typesupport_fastrtps_cpp.dir/rosidl_typesupport_fastrtps_cpp/drive_base_msgs/msg/detail/dds_fastrtps/command_header__type_support.cpp.o
[21.062s] [ 37%] Building CXX object CMakeFiles/drive_base_msgs__rosidl_typesupport_fastrtps_c.dir/rosidl_typesupport_fastrtps_c/drive_base_msgs/msg/detail/command_header__type_support_c.cpp.o
[21.154s] [ 39%] Building C object CMakeFiles/drive_base_msgs__rosidl_typesupport_introspection_c.dir/rosidl_typesupport_introspection_c/drive_base_msgs/msg/detail/base_info__type_support.c.o
[21.474s] [ 40%] Building C object CMakeFiles/drive_base_msgs__rosidl_typesupport_introspection_c.dir/rosidl_typesupport_introspection_c/drive_base_msgs/msg/detail/command_status__type_support.c.o
[21.739s] [ 42%] Building C object CMakeFiles/drive_base_msgs__rosidl_typesupport_introspection_c.dir/rosidl_typesupport_introspection_c/drive_base_msgs/msg/detail/trv_command__type_support.c.o
[21.840s] [ 43%] Building CXX object CMakeFiles/drive_base_msgs__rosidl_typesupport_cpp.dir/rosidl_typesupport_cpp/drive_base_msgs/msg/base_info__type_support.cpp.o
[22.141s] [ 45%] Linking C shared library libdrive_base_msgs__rosidl_typesupport_introspection_c.so
[22.336s] [ 46%] Building CXX object CMakeFiles/drive_base_msgs__rosidl_typesupport_fastrtps_c.dir/rosidl_typesupport_fastrtps_c/drive_base_msgs/msg/detail/base_info__type_support_c.cpp.o
[22.350s] [ 46%] Built target drive_base_msgs__rosidl_typesupport_introspection_c
[22.681s] [ 48%] Building CXX object CMakeFiles/drive_base_msgs__rosidl_typesupport_fastrtps_cpp.dir/rosidl_typesupport_fastrtps_cpp/drive_base_msgs/msg/detail/dds_fastrtps/base_info__type_support.cpp.o
[23.128s] [ 50%] Building CXX object CMakeFiles/drive_base_msgs__rosidl_typesupport_cpp.dir/rosidl_typesupport_cpp/drive_base_msgs/msg/command_status__type_support.cpp.o
[23.809s] [ 51%] Building CXX object CMakeFiles/drive_base_msgs__rosidl_typesupport_fastrtps_c.dir/rosidl_typesupport_fastrtps_c/drive_base_msgs/msg/detail/command_status__type_support_c.cpp.o
[24.056s] [ 53%] Building CXX object CMakeFiles/drive_base_msgs__rosidl_typesupport_fastrtps_cpp.dir/rosidl_typesupport_fastrtps_cpp/drive_base_msgs/msg/detail/dds_fastrtps/command_status__type_support.cpp.o
[24.182s] [ 54%] Building CXX object CMakeFiles/drive_base_msgs__rosidl_typesupport_cpp.dir/rosidl_typesupport_cpp/drive_base_msgs/msg/trv_command__type_support.cpp.o
[24.995s] [ 56%] Linking CXX shared library libdrive_base_msgs__rosidl_typesupport_cpp.so
[25.119s] [ 57%] Building CXX object CMakeFiles/drive_base_msgs__rosidl_typesupport_fastrtps_c.dir/rosidl_typesupport_fastrtps_c/drive_base_msgs/msg/detail/trv_command__type_support_c.cpp.o
[25.138s] [ 57%] Built target drive_base_msgs__rosidl_typesupport_cpp
[25.213s] [ 59%] Building CXX object CMakeFiles/drive_base_msgs__rosidl_typesupport_fastrtps_cpp.dir/rosidl_typesupport_fastrtps_cpp/drive_base_msgs/msg/detail/dds_fastrtps/trv_command__type_support.cpp.o
[26.223s] [ 60%] Linking CXX shared library libdrive_base_msgs__rosidl_typesupport_fastrtps_c.so
[26.346s] [ 60%] Built target drive_base_msgs__rosidl_typesupport_fastrtps_c
[26.369s] [ 62%] Linking CXX shared library libdrive_base_msgs__rosidl_typesupport_fastrtps_cpp.so
[26.481s] [ 62%] Built target drive_base_msgs__rosidl_typesupport_fastrtps_cpp
[26.506s] [ 64%] Generating C++ introspection for ROS interfaces
[27.544s] [ 67%] Building CXX object CMakeFiles/drive_base_msgs__rosidl_typesupport_introspection_cpp.dir/rosidl_typesupport_introspection_cpp/drive_base_msgs/msg/detail/command_header__type_support.cpp.o
[27.544s] [ 67%] Building CXX object CMakeFiles/drive_base_msgs__rosidl_typesupport_introspection_cpp.dir/rosidl_typesupport_introspection_cpp/drive_base_msgs/msg/detail/base_info__type_support.cpp.o
[28.256s] [ 68%] Building CXX object CMakeFiles/drive_base_msgs__rosidl_typesupport_introspection_cpp.dir/rosidl_typesupport_introspection_cpp/drive_base_msgs/msg/detail/command_status__type_support.cpp.o
[28.364s] [ 70%] Building CXX object CMakeFiles/drive_base_msgs__rosidl_typesupport_introspection_cpp.dir/rosidl_typesupport_introspection_cpp/drive_base_msgs/msg/detail/trv_command__type_support.cpp.o
[29.110s] [ 71%] Linking CXX shared library libdrive_base_msgs__rosidl_typesupport_introspection_cpp.so
[29.321s] [ 71%] Built target drive_base_msgs__rosidl_typesupport_introspection_cpp
[29.344s] [ 73%] Generating C type support dispatch for ROS interfaces
[30.260s] [ 75%] Building CXX object CMakeFiles/drive_base_msgs__rosidl_typesupport_c.dir/rosidl_typesupport_c/drive_base_msgs/msg/base_info__type_support.cpp.o
[30.260s] [ 76%] Building CXX object CMakeFiles/drive_base_msgs__rosidl_typesupport_c.dir/rosidl_typesupport_c/drive_base_msgs/msg/command_header__type_support.cpp.o
[30.359s] [ 78%] Building CXX object CMakeFiles/drive_base_msgs__rosidl_typesupport_c.dir/rosidl_typesupport_c/drive_base_msgs/msg/command_status__type_support.cpp.o
[30.367s] [ 79%] Building CXX object CMakeFiles/drive_base_msgs__rosidl_typesupport_c.dir/rosidl_typesupport_c/drive_base_msgs/msg/trv_command__type_support.cpp.o
[30.469s] [ 81%] Linking CXX shared library libdrive_base_msgs__rosidl_typesupport_c.so
[30.565s] [ 81%] Built target drive_base_msgs__rosidl_typesupport_c
[30.618s] [ 81%] Built target drive_base_msgs
[30.666s] [ 82%] Generating Python code for ROS interfaces
[32.377s] [ 82%] Built target drive_base_msgs__py
[32.426s] [ 84%] Building C object CMakeFiles/drive_base_msgs__rosidl_generator_py.dir/rosidl_generator_py/drive_base_msgs/msg/_command_header_s.c.o
[32.426s] [ 85%] Building C object CMakeFiles/drive_base_msgs__rosidl_generator_py.dir/rosidl_generator_py/drive_base_msgs/msg/_command_status_s.c.o
[32.428s] [ 87%] Building C object CMakeFiles/drive_base_msgs__rosidl_generator_py.dir/rosidl_generator_py/drive_base_msgs/msg/_base_info_s.c.o
[32.708s] [ 89%] Building C object CMakeFiles/drive_base_msgs__rosidl_generator_py.dir/rosidl_generator_py/drive_base_msgs/msg/_trv_command_s.c.o
[32.933s] [ 90%] Linking C shared library libdrive_base_msgs__rosidl_generator_py.so
[33.028s] [ 90%] Built target drive_base_msgs__rosidl_generator_py
[33.078s] [ 92%] Building C object CMakeFiles/drive_base_msgs_s__rosidl_typesupport_introspection_c.dir/rosidl_generator_py/drive_base_msgs/_drive_base_msgs_s.ep.rosidl_typesupport_introspection_c.c.o
[33.088s] [ 93%] Building C object CMakeFiles/drive_base_msgs_s__rosidl_typesupport_fastrtps_c.dir/rosidl_generator_py/drive_base_msgs/_drive_base_msgs_s.ep.rosidl_typesupport_fastrtps_c.c.o
[33.118s] [ 95%] Building C object CMakeFiles/drive_base_msgs_s__rosidl_typesupport_c.dir/rosidl_generator_py/drive_base_msgs/_drive_base_msgs_s.ep.rosidl_typesupport_c.c.o
[33.341s] [ 96%] Linking C shared module rosidl_generator_py/drive_base_msgs/drive_base_msgs_s__rosidl_typesupport_introspection_c.so
[33.370s] [ 98%] Linking C shared module rosidl_generator_py/drive_base_msgs/drive_base_msgs_s__rosidl_typesupport_c.so
[33.393s] [100%] Linking C shared module rosidl_generator_py/drive_base_msgs/drive_base_msgs_s__rosidl_typesupport_fastrtps_c.so
[33.432s] [100%] Built target drive_base_msgs_s__rosidl_typesupport_introspection_c
[33.454s] [100%] Built target drive_base_msgs_s__rosidl_typesupport_c
[33.475s] [100%] Built target drive_base_msgs_s__rosidl_typesupport_fastrtps_c
[33.501s] Invoked command in '/home/p/ros2_ws/src/build/drive_base_msgs' returned '0': CMAKE_PREFIX_PATH=${CMAKE_PREFIX_PATH}:/home/p/ros2_ws/install/sweep_builder:/home/p/ros2_ws/install/optical_cane_rpi:/home/p/ros2_ws/install/mpu9250:/opt/ros/jazzy DEBUGINFOD_URLS=https://debuginfod.ubuntu.com /usr/bin/cmake --build /home/p/ros2_ws/src/build/drive_base_msgs -- -j4 -l4
[33.503s] Invoking command in '/home/p/ros2_ws/src/build/drive_base_msgs': CMAKE_PREFIX_PATH=${CMAKE_PREFIX_PATH}:/home/p/ros2_ws/install/sweep_builder:/home/p/ros2_ws/install/optical_cane_rpi:/home/p/ros2_ws/install/mpu9250:/opt/ros/jazzy DEBUGINFOD_URLS=https://debuginfod.ubuntu.com /usr/bin/cmake --install /home/p/ros2_ws/src/build/drive_base_msgs
[33.524s] -- Install configuration: ""
[33.524s] -- Installing: /home/p/ros2_ws/src/install/drive_base_msgs/share/ament_index/resource_index/rosidl_interfaces/drive_base_msgs
[33.524s] -- Installing: /home/p/ros2_ws/src/install/drive_base_msgs/share/drive_base_msgs/msg/CommandHeader.json
[33.525s] -- Installing: /home/p/ros2_ws/src/install/drive_base_msgs/share/drive_base_msgs/msg/BaseInfo.json
[33.525s] -- Installing: /home/p/ros2_ws/src/install/drive_base_msgs/share/drive_base_msgs/msg/CommandStatus.json
[33.526s] -- Installing: /home/p/ros2_ws/src/install/drive_base_msgs/share/drive_base_msgs/msg/TRVCommand.json
[33.527s] -- Installing: /home/p/ros2_ws/src/install/drive_base_msgs/include/drive_base_msgs/drive_base_msgs
[33.527s] -- Installing: /home/p/ros2_ws/src/install/drive_base_msgs/include/drive_base_msgs/drive_base_msgs/msg
[33.527s] -- Installing: /home/p/ros2_ws/src/install/drive_base_msgs/include/drive_base_msgs/drive_base_msgs/msg/command_header.h
[33.528s] -- Installing: /home/p/ros2_ws/src/install/drive_base_msgs/include/drive_base_msgs/drive_base_msgs/msg/base_info.h
[33.528s] -- Installing: /home/p/ros2_ws/src/install/drive_base_msgs/include/drive_base_msgs/drive_base_msgs/msg/trv_command.h
[33.528s] -- Installing: /home/p/ros2_ws/src/install/drive_base_msgs/include/drive_base_msgs/drive_base_msgs/msg/rosidl_generator_c__visibility_control.h
[33.528s] -- Installing: /home/p/ros2_ws/src/install/drive_base_msgs/include/drive_base_msgs/drive_base_msgs/msg/command_status.h
[33.528s] -- Installing: /home/p/ros2_ws/src/install/drive_base_msgs/include/drive_base_msgs/drive_base_msgs/msg/detail
[33.528s] -- Installing: /home/p/ros2_ws/src/install/drive_base_msgs/include/drive_base_msgs/drive_base_msgs/msg/detail/base_info__description.c
[33.528s] -- Installing: /home/p/ros2_ws/src/install/drive_base_msgs/include/drive_base_msgs/drive_base_msgs/msg/detail/trv_command__functions.h
[33.528s] -- Installing: /home/p/ros2_ws/src/install/drive_base_msgs/include/drive_base_msgs/drive_base_msgs/msg/detail/command_header__type_support.c
[33.528s] -- Installing: /home/p/ros2_ws/src/install/drive_base_msgs/include/drive_base_msgs/drive_base_msgs/msg/detail/base_info__type_support.c
[33.528s] -- Installing: /home/p/ros2_ws/src/install/drive_base_msgs/include/drive_base_msgs/drive_base_msgs/msg/detail/command_header__functions.c
[33.529s] -- Installing: /home/p/ros2_ws/src/install/drive_base_msgs/include/drive_base_msgs/drive_base_msgs/msg/detail/command_header__description.c
[33.529s] -- Installing: /home/p/ros2_ws/src/install/drive_base_msgs/include/drive_base_msgs/drive_base_msgs/msg/detail/command_status__type_support.c
[33.529s] -- Installing: /home/p/ros2_ws/src/install/drive_base_msgs/include/drive_base_msgs/drive_base_msgs/msg/detail/base_info__functions.h
[33.529s] -- Installing: /home/p/ros2_ws/src/install/drive_base_msgs/include/drive_base_msgs/drive_base_msgs/msg/detail/base_info__type_support.h
[33.529s] -- Installing: /home/p/ros2_ws/src/install/drive_base_msgs/include/drive_base_msgs/drive_base_msgs/msg/detail/command_header__type_support.h
[33.534s] -- Installing: /home/p/ros2_ws/src/install/drive_base_msgs/include/drive_base_msgs/drive_base_msgs/msg/detail/trv_command__type_support.c
[33.535s] -- Installing: /home/p/ros2_ws/src/install/drive_base_msgs/include/drive_base_msgs/drive_base_msgs/msg/detail/command_status__functions.h
[33.535s] -- Installing: /home/p/ros2_ws/src/install/drive_base_msgs/include/drive_base_msgs/drive_base_msgs/msg/detail/command_status__type_support.h
[33.535s] -- Installing: /home/p/ros2_ws/src/install/drive_base_msgs/include/drive_base_msgs/drive_base_msgs/msg/detail/trv_command__struct.h
[33.535s] -- Installing: /home/p/ros2_ws/src/install/drive_base_msgs/include/drive_base_msgs/drive_base_msgs/msg/detail/command_status__struct.h
[33.535s] -- Installing: /home/p/ros2_ws/src/install/drive_base_msgs/include/drive_base_msgs/drive_base_msgs/msg/detail/trv_command__description.c
[33.535s] -- Installing: /home/p/ros2_ws/src/install/drive_base_msgs/include/drive_base_msgs/drive_base_msgs/msg/detail/base_info__struct.h
[33.535s] -- Installing: /home/p/ros2_ws/src/install/drive_base_msgs/include/drive_base_msgs/drive_base_msgs/msg/detail/command_status__functions.c
[33.535s] -- Installing: /home/p/ros2_ws/src/install/drive_base_msgs/include/drive_base_msgs/drive_base_msgs/msg/detail/trv_command__type_support.h
[33.535s] -- Installing: /home/p/ros2_ws/src/install/drive_base_msgs/include/drive_base_msgs/drive_base_msgs/msg/detail/command_status__description.c
[33.536s] -- Installing: /home/p/ros2_ws/src/install/drive_base_msgs/include/drive_base_msgs/drive_base_msgs/msg/detail/command_header__functions.h
[33.536s] -- Installing: /home/p/ros2_ws/src/install/drive_base_msgs/include/drive_base_msgs/drive_base_msgs/msg/detail/base_info__functions.c
[33.536s] -- Installing: /home/p/ros2_ws/src/install/drive_base_msgs/include/drive_base_msgs/drive_base_msgs/msg/detail/trv_command__functions.c
[33.536s] -- Installing: /home/p/ros2_ws/src/install/drive_base_msgs/include/drive_base_msgs/drive_base_msgs/msg/detail/command_header__struct.h
[33.536s] -- Installing: /home/p/ros2_ws/src/install/drive_base_msgs/share/drive_base_msgs/environment/library_path.sh
[33.536s] -- Installing: /home/p/ros2_ws/src/install/drive_base_msgs/share/drive_base_msgs/environment/library_path.dsv
[33.536s] -- Installing: /home/p/ros2_ws/src/install/drive_base_msgs/lib/libdrive_base_msgs__rosidl_generator_c.so
[33.536s] -- Set non-toolchain portion of runtime path of "/home/p/ros2_ws/src/install/drive_base_msgs/lib/libdrive_base_msgs__rosidl_generator_c.so" to ""
[33.536s] -- Up-to-date: /home/p/ros2_ws/src/install/drive_base_msgs/include/drive_base_msgs/drive_base_msgs
[33.536s] -- Up-to-date: /home/p/ros2_ws/src/install/drive_base_msgs/include/drive_base_msgs/drive_base_msgs/msg
[33.536s] -- Installing: /home/p/ros2_ws/src/install/drive_base_msgs/include/drive_base_msgs/drive_base_msgs/msg/rosidl_typesupport_fastrtps_c__visibility_control.h
[33.536s] -- Up-to-date: /home/p/ros2_ws/src/install/drive_base_msgs/include/drive_base_msgs/drive_base_msgs/msg/detail
[33.537s] -- Installing: /home/p/ros2_ws/src/install/drive_base_msgs/include/drive_base_msgs/drive_base_msgs/msg/detail/trv_command__rosidl_typesupport_fastrtps_c.h
[33.537s] -- Installing: /home/p/ros2_ws/src/install/drive_base_msgs/include/drive_base_msgs/drive_base_msgs/msg/detail/command_header__rosidl_typesupport_fastrtps_c.h
[33.537s] -- Installing: /home/p/ros2_ws/src/install/drive_base_msgs/include/drive_base_msgs/drive_base_msgs/msg/detail/command_status__rosidl_typesupport_fastrtps_c.h
[33.537s] -- Installing: /home/p/ros2_ws/src/install/drive_base_msgs/include/drive_base_msgs/drive_base_msgs/msg/detail/base_info__rosidl_typesupport_fastrtps_c.h
[33.540s] -- Installing: /home/p/ros2_ws/src/install/drive_base_msgs/lib/libdrive_base_msgs__rosidl_typesupport_fastrtps_c.so
[33.541s] -- Set non-toolchain portion of runtime path of "/home/p/ros2_ws/src/install/drive_base_msgs/lib/libdrive_base_msgs__rosidl_typesupport_fastrtps_c.so" to ""
[33.544s] -- Up-to-date: /home/p/ros2_ws/src/install/drive_base_msgs/include/drive_base_msgs/drive_base_msgs
[33.544s] -- Up-to-date: /home/p/ros2_ws/src/install/drive_base_msgs/include/drive_base_msgs/drive_base_msgs/msg
[33.544s] -- Installing: /home/p/ros2_ws/src/install/drive_base_msgs/include/drive_base_msgs/drive_base_msgs/msg/base_info.hpp
[33.545s] -- Installing: /home/p/ros2_ws/src/install/drive_base_msgs/include/drive_base_msgs/drive_base_msgs/msg/trv_command.hpp
[33.545s] -- Up-to-date: /home/p/ros2_ws/src/install/drive_base_msgs/include/drive_base_msgs/drive_base_msgs/msg/detail
[33.545s] -- Installing: /home/p/ros2_ws/src/install/drive_base_msgs/include/drive_base_msgs/drive_base_msgs/msg/detail/trv_command__builder.hpp
[33.545s] -- Installing: /home/p/ros2_ws/src/install/drive_base_msgs/include/drive_base_msgs/drive_base_msgs/msg/detail/command_header__type_support.hpp
[33.545s] -- Installing: /home/p/ros2_ws/src/install/drive_base_msgs/include/drive_base_msgs/drive_base_msgs/msg/detail/base_info__type_support.hpp
[33.545s] -- Installing: /home/p/ros2_ws/src/install/drive_base_msgs/include/drive_base_msgs/drive_base_msgs/msg/detail/base_info__traits.hpp
[33.545s] -- Installing: /home/p/ros2_ws/src/install/drive_base_msgs/include/drive_base_msgs/drive_base_msgs/msg/detail/command_header__struct.hpp
[33.546s] -- Installing: /home/p/ros2_ws/src/install/drive_base_msgs/include/drive_base_msgs/drive_base_msgs/msg/detail/trv_command__struct.hpp
[33.546s] -- Installing: /home/p/ros2_ws/src/install/drive_base_msgs/include/drive_base_msgs/drive_base_msgs/msg/detail/command_status__type_support.hpp
[33.546s] -- Installing: /home/p/ros2_ws/src/install/drive_base_msgs/include/drive_base_msgs/drive_base_msgs/msg/detail/command_status__traits.hpp
[33.546s] -- Installing: /home/p/ros2_ws/src/install/drive_base_msgs/include/drive_base_msgs/drive_base_msgs/msg/detail/command_header__traits.hpp
[33.546s] -- Installing: /home/p/ros2_ws/src/install/drive_base_msgs/include/drive_base_msgs/drive_base_msgs/msg/detail/base_info__struct.hpp
[33.546s] -- Installing: /home/p/ros2_ws/src/install/drive_base_msgs/include/drive_base_msgs/drive_base_msgs/msg/detail/trv_command__type_support.hpp
[33.546s] -- Installing: /home/p/ros2_ws/src/install/drive_base_msgs/include/drive_base_msgs/drive_base_msgs/msg/detail/trv_command__traits.hpp
[33.547s] -- Installing: /home/p/ros2_ws/src/install/drive_base_msgs/include/drive_base_msgs/drive_base_msgs/msg/detail/command_status__struct.hpp
[33.547s] -- Installing: /home/p/ros2_ws/src/install/drive_base_msgs/include/drive_base_msgs/drive_base_msgs/msg/detail/command_status__builder.hpp
[33.551s] -- Installing: /home/p/ros2_ws/src/install/drive_base_msgs/include/drive_base_msgs/drive_base_msgs/msg/detail/command_header__builder.hpp
[33.551s] -- Installing: /home/p/ros2_ws/src/install/drive_base_msgs/include/drive_base_msgs/drive_base_msgs/msg/detail/base_info__builder.hpp
[33.551s] -- Installing: /home/p/ros2_ws/src/install/drive_base_msgs/include/drive_base_msgs/drive_base_msgs/msg/command_header.hpp
[33.551s] -- Installing: /home/p/ros2_ws/src/install/drive_base_msgs/include/drive_base_msgs/drive_base_msgs/msg/rosidl_generator_cpp__visibility_control.hpp
[33.551s] -- Installing: /home/p/ros2_ws/src/install/drive_base_msgs/include/drive_base_msgs/drive_base_msgs/msg/command_status.hpp
[33.551s] -- Up-to-date: /home/p/ros2_ws/src/install/drive_base_msgs/include/drive_base_msgs/drive_base_msgs
[33.551s] -- Up-to-date: /home/p/ros2_ws/src/install/drive_base_msgs/include/drive_base_msgs/drive_base_msgs/msg
[33.552s] -- Up-to-date: /home/p/ros2_ws/src/install/drive_base_msgs/include/drive_base_msgs/drive_base_msgs/msg/detail
[33.552s] -- Installing: /home/p/ros2_ws/src/install/drive_base_msgs/include/drive_base_msgs/drive_base_msgs/msg/detail/command_status__rosidl_typesupport_fastrtps_cpp.hpp
[33.552s] -- Installing: /home/p/ros2_ws/src/install/drive_base_msgs/include/drive_base_msgs/drive_base_msgs/msg/detail/base_info__rosidl_typesupport_fastrtps_cpp.hpp
[33.552s] -- Installing: /home/p/ros2_ws/src/install/drive_base_msgs/include/drive_base_msgs/drive_base_msgs/msg/detail/dds_fastrtps
[33.552s] -- Installing: /home/p/ros2_ws/src/install/drive_base_msgs/include/drive_base_msgs/drive_base_msgs/msg/detail/trv_command__rosidl_typesupport_fastrtps_cpp.hpp
[33.552s] -- Installing: /home/p/ros2_ws/src/install/drive_base_msgs/include/drive_base_msgs/drive_base_msgs/msg/detail/command_header__rosidl_typesupport_fastrtps_cpp.hpp
[33.552s] -- Installing: /home/p/ros2_ws/src/install/drive_base_msgs/include/drive_base_msgs/drive_base_msgs/msg/rosidl_typesupport_fastrtps_cpp__visibility_control.h
[33.552s] -- Installing: /home/p/ros2_ws/src/install/drive_base_msgs/lib/libdrive_base_msgs__rosidl_typesupport_fastrtps_cpp.so
[33.552s] -- Set non-toolchain portion of runtime path of "/home/p/ros2_ws/src/install/drive_base_msgs/lib/libdrive_base_msgs__rosidl_typesupport_fastrtps_cpp.so" to ""
[33.552s] -- Up-to-date: /home/p/ros2_ws/src/install/drive_base_msgs/include/drive_base_msgs/drive_base_msgs
[33.552s] -- Up-to-date: /home/p/ros2_ws/src/install/drive_base_msgs/include/drive_base_msgs/drive_base_msgs/msg
[33.553s] -- Up-to-date: /home/p/ros2_ws/src/install/drive_base_msgs/include/drive_base_msgs/drive_base_msgs/msg/detail
[33.553s] -- Installing: /home/p/ros2_ws/src/install/drive_base_msgs/include/drive_base_msgs/drive_base_msgs/msg/detail/command_header__type_support.c
[33.553s] -- Installing: /home/p/ros2_ws/src/install/drive_base_msgs/include/drive_base_msgs/drive_base_msgs/msg/detail/base_info__type_support.c
[33.553s] -- Installing: /home/p/ros2_ws/src/install/drive_base_msgs/include/drive_base_msgs/drive_base_msgs/msg/detail/command_header__rosidl_typesupport_introspection_c.h
[33.553s] -- Installing: /home/p/ros2_ws/src/install/drive_base_msgs/include/drive_base_msgs/drive_base_msgs/msg/detail/command_status__type_support.c
[33.553s] -- Installing: /home/p/ros2_ws/src/install/drive_base_msgs/include/drive_base_msgs/drive_base_msgs/msg/detail/trv_command__type_support.c
[33.553s] -- Installing: /home/p/ros2_ws/src/install/drive_base_msgs/include/drive_base_msgs/drive_base_msgs/msg/detail/command_status__rosidl_typesupport_introspection_c.h
[33.554s] -- Installing: /home/p/ros2_ws/src/install/drive_base_msgs/include/drive_base_msgs/drive_base_msgs/msg/detail/base_info__rosidl_typesupport_introspection_c.h
[33.554s] -- Installing: /home/p/ros2_ws/src/install/drive_base_msgs/include/drive_base_msgs/drive_base_msgs/msg/detail/trv_command__rosidl_typesupport_introspection_c.h
[33.554s] -- Installing: /home/p/ros2_ws/src/install/drive_base_msgs/include/drive_base_msgs/drive_base_msgs/msg/rosidl_typesupport_introspection_c__visibility_control.h
[33.554s] -- Installing: /home/p/ros2_ws/src/install/drive_base_msgs/lib/libdrive_base_msgs__rosidl_typesupport_introspection_c.so
[33.554s] -- Set non-toolchain portion of runtime path of "/home/p/ros2_ws/src/install/drive_base_msgs/lib/libdrive_base_msgs__rosidl_typesupport_introspection_c.so" to ""
[33.554s] -- Installing: /home/p/ros2_ws/src/install/drive_base_msgs/lib/libdrive_base_msgs__rosidl_typesupport_c.so
[33.554s] -- Set non-toolchain portion of runtime path of "/home/p/ros2_ws/src/install/drive_base_msgs/lib/libdrive_base_msgs__rosidl_typesupport_c.so" to ""
[33.554s] -- Up-to-date: /home/p/ros2_ws/src/install/drive_base_msgs/include/drive_base_msgs/drive_base_msgs
[33.554s] -- Up-to-date: /home/p/ros2_ws/src/install/drive_base_msgs/include/drive_base_msgs/drive_base_msgs/msg
[33.555s] -- Up-to-date: /home/p/ros2_ws/src/install/drive_base_msgs/include/drive_base_msgs/drive_base_msgs/msg/detail
[33.555s] -- Installing: /home/p/ros2_ws/src/install/drive_base_msgs/include/drive_base_msgs/drive_base_msgs/msg/detail/command_header__type_support.cpp
[33.555s] -- Installing: /home/p/ros2_ws/src/install/drive_base_msgs/include/drive_base_msgs/drive_base_msgs/msg/detail/command_status__rosidl_typesupport_introspection_cpp.hpp
[33.555s] -- Installing: /home/p/ros2_ws/src/install/drive_base_msgs/include/drive_base_msgs/drive_base_msgs/msg/detail/base_info__type_support.cpp
[33.555s] -- Installing: /home/p/ros2_ws/src/install/drive_base_msgs/include/drive_base_msgs/drive_base_msgs/msg/detail/base_info__rosidl_typesupport_introspection_cpp.hpp
[33.555s] -- Installing: /home/p/ros2_ws/src/install/drive_base_msgs/include/drive_base_msgs/drive_base_msgs/msg/detail/trv_command__rosidl_typesupport_introspection_cpp.hpp
[33.555s] -- Installing: /home/p/ros2_ws/src/install/drive_base_msgs/include/drive_base_msgs/drive_base_msgs/msg/detail/command_header__rosidl_typesupport_introspection_cpp.hpp
[33.555s] -- Installing: /home/p/ros2_ws/src/install/drive_base_msgs/include/drive_base_msgs/drive_base_msgs/msg/detail/trv_command__type_support.cpp
[33.555s] -- Installing: /home/p/ros2_ws/src/install/drive_base_msgs/include/drive_base_msgs/drive_base_msgs/msg/detail/command_status__type_support.cpp
[33.555s] -- Installing: /home/p/ros2_ws/src/install/drive_base_msgs/lib/libdrive_base_msgs__rosidl_typesupport_introspection_cpp.so
[33.556s] -- Set non-toolchain portion of runtime path of "/home/p/ros2_ws/src/install/drive_base_msgs/lib/libdrive_base_msgs__rosidl_typesupport_introspection_cpp.so" to ""
[33.556s] -- Installing: /home/p/ros2_ws/src/install/drive_base_msgs/lib/libdrive_base_msgs__rosidl_typesupport_cpp.so
[33.556s] -- Set non-toolchain portion of runtime path of "/home/p/ros2_ws/src/install/drive_base_msgs/lib/libdrive_base_msgs__rosidl_typesupport_cpp.so" to ""
[33.556s] -- Installing: /home/p/ros2_ws/src/install/drive_base_msgs/share/drive_base_msgs/environment/pythonpath.sh
[33.556s] -- Installing: /home/p/ros2_ws/src/install/drive_base_msgs/share/drive_base_msgs/environment/pythonpath.dsv
[33.557s] -- Installing: /home/p/ros2_ws/src/install/drive_base_msgs/lib/python3.12/site-packages/drive_base_msgs-0.0.0-py3.12.egg-info
[33.557s] -- Installing: /home/p/ros2_ws/src/install/drive_base_msgs/lib/python3.12/site-packages/drive_base_msgs-0.0.0-py3.12.egg-info/dependency_links.txt
[33.557s] -- Installing: /home/p/ros2_ws/src/install/drive_base_msgs/lib/python3.12/site-packages/drive_base_msgs-0.0.0-py3.12.egg-info/PKG-INFO
[33.557s] -- Installing: /home/p/ros2_ws/src/install/drive_base_msgs/lib/python3.12/site-packages/drive_base_msgs-0.0.0-py3.12.egg-info/top_level.txt
[33.557s] -- Installing: /home/p/ros2_ws/src/install/drive_base_msgs/lib/python3.12/site-packages/drive_base_msgs-0.0.0-py3.12.egg-info/SOURCES.txt
[33.558s] -- Installing: /home/p/ros2_ws/src/install/drive_base_msgs/lib/python3.12/site-packages/drive_base_msgs
[33.558s] -- Installing: /home/p/ros2_ws/src/install/drive_base_msgs/lib/python3.12/site-packages/drive_base_msgs/_drive_base_msgs_s.ep.rosidl_typesupport_fastrtps_c.c
[33.558s] -- Installing: /home/p/ros2_ws/src/install/drive_base_msgs/lib/python3.12/site-packages/drive_base_msgs/drive_base_msgs_s__rosidl_typesupport_introspection_c.so
[33.558s] -- Installing: /home/p/ros2_ws/src/install/drive_base_msgs/lib/python3.12/site-packages/drive_base_msgs/_drive_base_msgs_s.ep.rosidl_typesupport_c.c
[33.558s] -- Installing: /home/p/ros2_ws/src/install/drive_base_msgs/lib/python3.12/site-packages/drive_base_msgs/drive_base_msgs_s__rosidl_typesupport_fastrtps_c.so
[33.558s] -- Installing: /home/p/ros2_ws/src/install/drive_base_msgs/lib/python3.12/site-packages/drive_base_msgs/drive_base_msgs_s__rosidl_typesupport_c.so
[33.558s] -- Installing: /home/p/ros2_ws/src/install/drive_base_msgs/lib/python3.12/site-packages/drive_base_msgs/__init__.py
[33.558s] -- Installing: /home/p/ros2_ws/src/install/drive_base_msgs/lib/python3.12/site-packages/drive_base_msgs/_drive_base_msgs_s.ep.rosidl_typesupport_introspection_c.c
[33.559s] -- Installing: /home/p/ros2_ws/src/install/drive_base_msgs/lib/python3.12/site-packages/drive_base_msgs/msg
[33.559s] -- Installing: /home/p/ros2_ws/src/install/drive_base_msgs/lib/python3.12/site-packages/drive_base_msgs/msg/_base_info.py
[33.559s] -- Installing: /home/p/ros2_ws/src/install/drive_base_msgs/lib/python3.12/site-packages/drive_base_msgs/msg/_command_header_s.c
[33.559s] -- Installing: /home/p/ros2_ws/src/install/drive_base_msgs/lib/python3.12/site-packages/drive_base_msgs/msg/_trv_command_s.c
[33.559s] -- Installing: /home/p/ros2_ws/src/install/drive_base_msgs/lib/python3.12/site-packages/drive_base_msgs/msg/_command_status_s.c
[33.559s] -- Installing: /home/p/ros2_ws/src/install/drive_base_msgs/lib/python3.12/site-packages/drive_base_msgs/msg/_base_info_s.c
[33.559s] -- Installing: /home/p/ros2_ws/src/install/drive_base_msgs/lib/python3.12/site-packages/drive_base_msgs/msg/__init__.py
[33.559s] -- Installing: /home/p/ros2_ws/src/install/drive_base_msgs/lib/python3.12/site-packages/drive_base_msgs/msg/_command_header.py
[33.560s] -- Installing: /home/p/ros2_ws/src/install/drive_base_msgs/lib/python3.12/site-packages/drive_base_msgs/msg/_command_status.py
[33.560s] -- Installing: /home/p/ros2_ws/src/install/drive_base_msgs/lib/python3.12/site-packages/drive_base_msgs/msg/_trv_command.py
[33.630s] Listing '/home/p/ros2_ws/src/install/drive_base_msgs/lib/python3.12/site-packages/drive_base_msgs'...
[33.630s] Compiling '/home/p/ros2_ws/src/install/drive_base_msgs/lib/python3.12/site-packages/drive_base_msgs/__init__.py'...
[33.630s] Listing '/home/p/ros2_ws/src/install/drive_base_msgs/lib/python3.12/site-packages/drive_base_msgs/msg'...
[33.630s] Compiling '/home/p/ros2_ws/src/install/drive_base_msgs/lib/python3.12/site-packages/drive_base_msgs/msg/__init__.py'...
[33.630s] Compiling '/home/p/ros2_ws/src/install/drive_base_msgs/lib/python3.12/site-packages/drive_base_msgs/msg/_base_info.py'...
[33.630s] Compiling '/home/p/ros2_ws/src/install/drive_base_msgs/lib/python3.12/site-packages/drive_base_msgs/msg/_command_header.py'...
[33.630s] Compiling '/home/p/ros2_ws/src/install/drive_base_msgs/lib/python3.12/site-packages/drive_base_msgs/msg/_command_status.py'...
[33.631s] Compiling '/home/p/ros2_ws/src/install/drive_base_msgs/lib/python3.12/site-packages/drive_base_msgs/msg/_trv_command.py'...
[33.644s] -- Installing: /home/p/ros2_ws/src/install/drive_base_msgs/lib/python3.12/site-packages/drive_base_msgs/drive_base_msgs_s__rosidl_typesupport_fastrtps_c.so
[33.645s] -- Set non-toolchain portion of runtime path of "/home/p/ros2_ws/src/install/drive_base_msgs/lib/python3.12/site-packages/drive_base_msgs/drive_base_msgs_s__rosidl_typesupport_fastrtps_c.so" to ""
[33.645s] -- Installing: /home/p/ros2_ws/src/install/drive_base_msgs/lib/python3.12/site-packages/drive_base_msgs/drive_base_msgs_s__rosidl_typesupport_introspection_c.so
[33.646s] -- Set non-toolchain portion of runtime path of "/home/p/ros2_ws/src/install/drive_base_msgs/lib/python3.12/site-packages/drive_base_msgs/drive_base_msgs_s__rosidl_typesupport_introspection_c.so" to ""
[33.646s] -- Installing: /home/p/ros2_ws/src/install/drive_base_msgs/lib/python3.12/site-packages/drive_base_msgs/drive_base_msgs_s__rosidl_typesupport_c.so
[33.647s] -- Set non-toolchain portion of runtime path of "/home/p/ros2_ws/src/install/drive_base_msgs/lib/python3.12/site-packages/drive_base_msgs/drive_base_msgs_s__rosidl_typesupport_c.so" to ""
[33.647s] -- Installing: /home/p/ros2_ws/src/install/drive_base_msgs/lib/libdrive_base_msgs__rosidl_generator_py.so
[33.648s] -- Set non-toolchain portion of runtime path of "/home/p/ros2_ws/src/install/drive_base_msgs/lib/libdrive_base_msgs__rosidl_generator_py.so" to ""
[33.648s] -- Installing: /home/p/ros2_ws/src/install/drive_base_msgs/share/drive_base_msgs/msg/CommandHeader.idl
[33.648s] -- Installing: /home/p/ros2_ws/src/install/drive_base_msgs/share/drive_base_msgs/msg/BaseInfo.idl
[33.648s] -- Installing: /home/p/ros2_ws/src/install/drive_base_msgs/share/drive_base_msgs/msg/CommandStatus.idl
[33.648s] -- Installing: /home/p/ros2_ws/src/install/drive_base_msgs/share/drive_base_msgs/msg/TRVCommand.idl
[33.649s] -- Installing: /home/p/ros2_ws/src/install/drive_base_msgs/share/drive_base_msgs/msg/CommandHeader.msg
[33.649s] -- Installing: /home/p/ros2_ws/src/install/drive_base_msgs/share/drive_base_msgs/msg/BaseInfo.msg
[33.649s] -- Installing: /home/p/ros2_ws/src/install/drive_base_msgs/share/drive_base_msgs/msg/CommandStatus.msg
[33.649s] -- Installing: /home/p/ros2_ws/src/install/drive_base_msgs/share/drive_base_msgs/msg/TRVCommand.msg
[33.649s] -- Installing: /home/p/ros2_ws/src/install/drive_base_msgs/share/ament_index/resource_index/package_run_dependencies/drive_base_msgs
[33.650s] -- Installing: /home/p/ros2_ws/src/install/drive_base_msgs/share/ament_index/resource_index/parent_prefix_path/drive_base_msgs
[33.650s] -- Installing: /home/p/ros2_ws/src/install/drive_base_msgs/share/drive_base_msgs/environment/ament_prefix_path.sh
[33.650s] -- Installing: /home/p/ros2_ws/src/install/drive_base_msgs/share/drive_base_msgs/environment/ament_prefix_path.dsv
[33.652s] -- Installing: /home/p/ros2_ws/src/install/drive_base_msgs/share/drive_base_msgs/environment/path.sh
[33.652s] -- Installing: /home/p/ros2_ws/src/install/drive_base_msgs/share/drive_base_msgs/environment/path.dsv
[33.653s] -- Installing: /home/p/ros2_ws/src/install/drive_base_msgs/share/drive_base_msgs/local_setup.bash
[33.653s] -- Installing: /home/p/ros2_ws/src/install/drive_base_msgs/share/drive_base_msgs/local_setup.sh
[33.653s] -- Installing: /home/p/ros2_ws/src/install/drive_base_msgs/share/drive_base_msgs/local_setup.zsh
[33.653s] -- Installing: /home/p/ros2_ws/src/install/drive_base_msgs/share/drive_base_msgs/local_setup.dsv
[33.653s] -- Installing: /home/p/ros2_ws/src/install/drive_base_msgs/share/drive_base_msgs/package.dsv
[33.653s] -- Installing: /home/p/ros2_ws/src/install/drive_base_msgs/share/ament_index/resource_index/packages/drive_base_msgs
[33.654s] -- Installing: /home/p/ros2_ws/src/install/drive_base_msgs/share/drive_base_msgs/cmake/export_drive_base_msgs__rosidl_generator_cExport.cmake
[33.654s] -- Installing: /home/p/ros2_ws/src/install/drive_base_msgs/share/drive_base_msgs/cmake/export_drive_base_msgs__rosidl_generator_cExport-noconfig.cmake
[33.654s] -- Installing: /home/p/ros2_ws/src/install/drive_base_msgs/share/drive_base_msgs/cmake/export_drive_base_msgs__rosidl_typesupport_fastrtps_cExport.cmake
[33.654s] -- Installing: /home/p/ros2_ws/src/install/drive_base_msgs/share/drive_base_msgs/cmake/export_drive_base_msgs__rosidl_typesupport_fastrtps_cExport-noconfig.cmake
[33.654s] -- Installing: /home/p/ros2_ws/src/install/drive_base_msgs/share/drive_base_msgs/cmake/export_drive_base_msgs__rosidl_generator_cppExport.cmake
[33.654s] -- Installing: /home/p/ros2_ws/src/install/drive_base_msgs/share/drive_base_msgs/cmake/export_drive_base_msgs__rosidl_typesupport_fastrtps_cppExport.cmake
[33.655s] -- Installing: /home/p/ros2_ws/src/install/drive_base_msgs/share/drive_base_msgs/cmake/export_drive_base_msgs__rosidl_typesupport_fastrtps_cppExport-noconfig.cmake
[33.655s] -- Installing: /home/p/ros2_ws/src/install/drive_base_msgs/share/drive_base_msgs/cmake/drive_base_msgs__rosidl_typesupport_introspection_cExport.cmake
[33.657s] -- Installing: /home/p/ros2_ws/src/install/drive_base_msgs/share/drive_base_msgs/cmake/drive_base_msgs__rosidl_typesupport_introspection_cExport-noconfig.cmake
[33.657s] -- Installing: /home/p/ros2_ws/src/install/drive_base_msgs/share/drive_base_msgs/cmake/drive_base_msgs__rosidl_typesupport_cExport.cmake
[33.658s] -- Installing: /home/p/ros2_ws/src/install/drive_base_msgs/share/drive_base_msgs/cmake/drive_base_msgs__rosidl_typesupport_cExport-noconfig.cmake
[33.658s] -- Installing: /home/p/ros2_ws/src/install/drive_base_msgs/share/drive_base_msgs/cmake/drive_base_msgs__rosidl_typesupport_introspection_cppExport.cmake
[33.658s] -- Installing: /home/p/ros2_ws/src/install/drive_base_msgs/share/drive_base_msgs/cmake/drive_base_msgs__rosidl_typesupport_introspection_cppExport-noconfig.cmake
[33.658s] -- Installing: /home/p/ros2_ws/src/install/drive_base_msgs/share/drive_base_msgs/cmake/drive_base_msgs__rosidl_typesupport_cppExport.cmake
[33.658s] -- Installing: /home/p/ros2_ws/src/install/drive_base_msgs/share/drive_base_msgs/cmake/drive_base_msgs__rosidl_typesupport_cppExport-noconfig.cmake
[33.658s] -- Installing: /home/p/ros2_ws/src/install/drive_base_msgs/share/drive_base_msgs/cmake/export_drive_base_msgs__rosidl_generator_pyExport.cmake
[33.658s] -- Installing: /home/p/ros2_ws/src/install/drive_base_msgs/share/drive_base_msgs/cmake/export_drive_base_msgs__rosidl_generator_pyExport-noconfig.cmake
[33.658s] -- Installing: /home/p/ros2_ws/src/install/drive_base_msgs/share/drive_base_msgs/cmake/rosidl_cmake-extras.cmake
[33.659s] -- Installing: /home/p/ros2_ws/src/install/drive_base_msgs/share/drive_base_msgs/cmake/ament_cmake_export_dependencies-extras.cmake
[33.659s] -- Installing: /home/p/ros2_ws/src/install/drive_base_msgs/share/drive_base_msgs/cmake/ament_cmake_export_include_directories-extras.cmake
[33.659s] -- Installing: /home/p/ros2_ws/src/install/drive_base_msgs/share/drive_base_msgs/cmake/ament_cmake_export_libraries-extras.cmake
[33.659s] -- Installing: /home/p/ros2_ws/src/install/drive_base_msgs/share/drive_base_msgs/cmake/ament_cmake_export_targets-extras.cmake
[33.659s] -- Installing: /home/p/ros2_ws/src/install/drive_base_msgs/share/drive_base_msgs/cmake/rosidl_cmake_export_typesupport_targets-extras.cmake
[33.660s] -- Installing: /home/p/ros2_ws/src/install/drive_base_msgs/share/drive_base_msgs/cmake/rosidl_cmake_export_typesupport_libraries-extras.cmake
[33.660s] -- Installing: /home/p/ros2_ws/src/install/drive_base_msgs/share/drive_base_msgs/cmake/drive_base_msgsConfig.cmake
[33.660s] -- Installing: /home/p/ros2_ws/src/install/drive_base_msgs/share/drive_base_msgs/cmake/drive_base_msgsConfig-version.cmake
[33.660s] -- Installing: /home/p/ros2_ws/src/install/drive_base_msgs/share/drive_base_msgs/package.xml
[33.665s] Invoked command in '/home/p/ros2_ws/src/build/drive_base_msgs' returned '0': CMAKE_PREFIX_PATH=${CMAKE_PREFIX_PATH}:/home/p/ros2_ws/install/sweep_builder:/home/p/ros2_ws/install/optical_cane_rpi:/home/p/ros2_ws/install/mpu9250:/opt/ros/jazzy DEBUGINFOD_URLS=https://debuginfod.ubuntu.com /usr/bin/cmake --install /home/p/ros2_ws/src/build/drive_base_msgs
