[0.015s] Invoking command in '/home/p/ros2_ws/build/pointcloud_to_laserscan': CMAKE_PREFIX_PATH=${CMAKE_PREFIX_PATH}:/opt/ros/jazzy DEBUGINFOD_URLS=https://debuginfod.ubuntu.com /usr/bin/cmake /home/p/ros2_ws/src/pointcloud_to_laserscan -DAMENT_CMAKE_SYMLINK_INSTALL=1 -DCMAKE_INSTALL_PREFIX=/home/p/ros2_ws/install/pointcloud_to_laserscan
[0.150s] -- The C compiler identification is GNU 13.3.0
[0.275s] -- The CXX compiler identification is GNU 13.3.0
[0.312s] -- Detecting C compiler ABI info
[0.552s] -- Detecting C compiler ABI info - done
[0.565s] -- Check for working C compiler: /usr/bin/cc - skipped
[0.566s] -- Detecting C compile features
[0.567s] -- Detecting C compile features - done
[0.586s] -- Detecting CXX compiler ABI info
[0.920s] -- Detecting CXX compiler ABI info - done
[0.958s] -- Check for working CXX compiler: /usr/bin/c++ - skipped
[0.960s] -- Detecting CXX compile features
[0.964s] -- Detecting CXX compile features - done
[0.982s] -- Found ament_cmake: 2.5.4 (/opt/ros/jazzy/share/ament_cmake/cmake)
[1.667s] -- Found Python3: /usr/bin/python3 (found version "3.12.3") found components: Interpreter 
[1.929s] -- Override CMake install command with custom implementation using symlinks instead of copying resources
[2.082s] -- Found laser_geometry: 2.7.0 (/opt/ros/jazzy/share/laser_geometry/cmake)
[2.292s] -- Found rosidl_generator_c: 4.6.5 (/opt/ros/jazzy/share/rosidl_generator_c/cmake)
[2.348s] -- Found rosidl_generator_cpp: 4.6.5 (/opt/ros/jazzy/share/rosidl_generator_cpp/cmake)
[2.395s] -- Using all available rosidl_typesupport_c: rosidl_typesupport_fastrtps_c;rosidl_typesupport_introspection_c
[2.451s] -- Using all available rosidl_typesupport_cpp: rosidl_typesupport_fastrtps_cpp;rosidl_typesupport_introspection_cpp
[3.096s] -- Found message_filters: 4.11.5 (/opt/ros/jazzy/share/message_filters/cmake)
[3.361s] -- Found rmw_implementation_cmake: 7.3.2 (/opt/ros/jazzy/share/rmw_implementation_cmake/cmake)
[3.373s] -- Found rmw_fastrtps_cpp: 8.4.2 (/opt/ros/jazzy/share/rmw_fastrtps_cpp/cmake)
[3.588s] -- Found OpenSSL: /usr/lib/aarch64-linux-gnu/libcrypto.so (found version "3.0.13")  
[3.664s] -- Found FastRTPS: /opt/ros/jazzy/include (Required is at least version "2.13") 
[3.778s] -- Using RMW implementation 'rmw_fastrtps_cpp' as default
[4.069s] -- Found rclcpp_components: 28.1.9 (/opt/ros/jazzy/share/rclcpp_components/cmake)
[4.916s] -- Found tf2_ros: 0.36.10 (/opt/ros/jazzy/share/tf2_ros/cmake)
[6.698s] -- Found tf2_sensor_msgs: 0.36.10 (/opt/ros/jazzy/share/tf2_sensor_msgs/cmake)
[6.804s] -- Found ament_lint_auto: 0.17.2 (/opt/ros/jazzy/share/ament_lint_auto/cmake)
[7.297s] -- Added test 'cppcheck' to perform static code analysis on C / C++ code
[7.302s] -- Configured cppcheck include dirs: $<BUILD_INTERFACE:/home/p/ros2_ws/src/pointcloud_to_laserscan/include>
[7.302s] -- Configured cppcheck exclude dirs and/or files: 
[7.308s] -- Added test 'cpplint' to check C / C++ code against the Google style
[7.308s] -- Configured cpplint exclude dirs and/or files: 
[7.314s] -- Added test 'flake8' to check Python code syntax and style conventions
[7.314s] -- Configured 'flake8' exclude dirs and/or files: 
[7.321s] -- Added test 'lint_cmake' to check CMake code style
[7.325s] -- Added test 'pep257' to check Python code against some of the docstring style conventions in PEP 257
[7.333s] -- Added test 'uncrustify' to check C / C++ code style
[7.338s] -- Configured uncrustify additional arguments: 
[7.339s] -- Added test 'xmllint' to check XML markup files
[7.354s] -- Configuring done (7.3s)
[7.486s] -- Generating done (0.1s)
[7.523s] -- Build files have been written to: /home/p/ros2_ws/build/pointcloud_to_laserscan
[7.559s] Invoked command in '/home/p/ros2_ws/build/pointcloud_to_laserscan' returned '0': CMAKE_PREFIX_PATH=${CMAKE_PREFIX_PATH}:/opt/ros/jazzy DEBUGINFOD_URLS=https://debuginfod.ubuntu.com /usr/bin/cmake /home/p/ros2_ws/src/pointcloud_to_laserscan -DAMENT_CMAKE_SYMLINK_INSTALL=1 -DCMAKE_INSTALL_PREFIX=/home/p/ros2_ws/install/pointcloud_to_laserscan
[7.564s] Invoking command in '/home/p/ros2_ws/build/pointcloud_to_laserscan': CMAKE_PREFIX_PATH=${CMAKE_PREFIX_PATH}:/opt/ros/jazzy DEBUGINFOD_URLS=https://debuginfod.ubuntu.com /usr/bin/cmake --build /home/p/ros2_ws/build/pointcloud_to_laserscan -- -j4 -l4
[7.826s] [ 10%] [32mBuilding CXX object CMakeFiles/laserscan_to_pointcloud.dir/src/laserscan_to_pointcloud_node.cpp.o[0m
[39.436s] [ 20%] [32m[1mLinking CXX shared library liblaserscan_to_pointcloud.so[0m
[41.541s] [ 20%] Built target laserscan_to_pointcloud
[41.590s] [ 30%] [32mBuilding CXX object CMakeFiles/pointcloud_to_laserscan_node.dir/rclcpp_components/node_main_pointcloud_to_laserscan_node.cpp.o[0m
[48.882s] [ 40%] [32m[1mLinking CXX executable pointcloud_to_laserscan_node[0m
[49.272s] [ 40%] Built target pointcloud_to_laserscan_node
[49.328s] [ 50%] [32mBuilding CXX object CMakeFiles/dummy_pointcloud_publisher.dir/src/dummy_pointcloud_publisher.cpp.o[0m
[60.857s] [ 60%] [32m[1mLinking CXX executable dummy_pointcloud_publisher[0m
[61.573s] [ 60%] Built target dummy_pointcloud_publisher
[61.623s] [ 70%] [32mBuilding CXX object CMakeFiles/pointcloud_to_laserscan.dir/src/pointcloud_to_laserscan_node.cpp.o[0m
[86.978s] [ 80%] [32m[1mLinking CXX shared library libpointcloud_to_laserscan.so[0m
[88.604s] [ 80%] Built target pointcloud_to_laserscan
[88.649s] [ 90%] [32mBuilding CXX object CMakeFiles/laserscan_to_pointcloud_node.dir/rclcpp_components/node_main_laserscan_to_pointcloud_node.cpp.o[0m
[94.728s] [100%] [32m[1mLinking CXX executable laserscan_to_pointcloud_node[0m
[95.040s] [100%] Built target laserscan_to_pointcloud_node
[95.066s] Invoked command in '/home/p/ros2_ws/build/pointcloud_to_laserscan' returned '0': CMAKE_PREFIX_PATH=${CMAKE_PREFIX_PATH}:/opt/ros/jazzy DEBUGINFOD_URLS=https://debuginfod.ubuntu.com /usr/bin/cmake --build /home/p/ros2_ws/build/pointcloud_to_laserscan -- -j4 -l4
[95.067s] Invoking command in '/home/p/ros2_ws/build/pointcloud_to_laserscan': CMAKE_PREFIX_PATH=${CMAKE_PREFIX_PATH}:/opt/ros/jazzy DEBUGINFOD_URLS=https://debuginfod.ubuntu.com /usr/bin/cmake --install /home/p/ros2_ws/build/pointcloud_to_laserscan
[95.085s] -- Install configuration: ""
[95.086s] -- Execute custom install script
[95.087s] -- Symlinking: /home/p/ros2_ws/install/pointcloud_to_laserscan/lib/pointcloud_to_laserscan/laserscan_to_pointcloud_node
[95.109s] -- Symlinking: /home/p/ros2_ws/install/pointcloud_to_laserscan/lib/pointcloud_to_laserscan/pointcloud_to_laserscan_node
[95.130s] -- Symlinking: /home/p/ros2_ws/install/pointcloud_to_laserscan/lib/pointcloud_to_laserscan/dummy_pointcloud_publisher
[95.154s] -- Symlinking: /home/p/ros2_ws/install/pointcloud_to_laserscan/include/pointcloud_to_laserscan/include/pointcloud_to_laserscan/laserscan_to_pointcloud_node.hpp
[95.176s] -- Symlinking: /home/p/ros2_ws/install/pointcloud_to_laserscan/include/pointcloud_to_laserscan/include/pointcloud_to_laserscan/pointcloud_to_laserscan_node.hpp
[95.199s] -- Symlinking: /home/p/ros2_ws/install/pointcloud_to_laserscan/include/pointcloud_to_laserscan/include/pointcloud_to_laserscan/visibility_control.h
[95.222s] -- Symlinking: /home/p/ros2_ws/install/pointcloud_to_laserscan/share/pointcloud_to_laserscan/launch/laserscan_to_pointcloud_launch.py
[95.247s] -- Symlinking: /home/p/ros2_ws/install/pointcloud_to_laserscan/share/pointcloud_to_laserscan/launch/sample_laserscan_to_pointcloud_launch.py
[95.279s] -- Symlinking: /home/p/ros2_ws/install/pointcloud_to_laserscan/share/pointcloud_to_laserscan/launch/sample_pointcloud_to_laserscan_launch.py
[95.305s] -- Symlinking: /home/p/ros2_ws/install/pointcloud_to_laserscan/share/ament_index/resource_index/package_run_dependencies/pointcloud_to_laserscan
[95.332s] -- Symlinking: /home/p/ros2_ws/install/pointcloud_to_laserscan/share/ament_index/resource_index/parent_prefix_path/pointcloud_to_laserscan
[95.360s] -- Symlinking: /home/p/ros2_ws/install/pointcloud_to_laserscan/share/pointcloud_to_laserscan/environment/ament_prefix_path.sh
[95.389s] -- Symlinking: /home/p/ros2_ws/install/pointcloud_to_laserscan/share/pointcloud_to_laserscan/environment/ament_prefix_path.dsv
[95.417s] -- Symlinking: /home/p/ros2_ws/install/pointcloud_to_laserscan/share/pointcloud_to_laserscan/environment/path.sh
[95.443s] -- Symlinking: /home/p/ros2_ws/install/pointcloud_to_laserscan/share/pointcloud_to_laserscan/environment/path.dsv
[95.466s] -- Symlinking: /home/p/ros2_ws/install/pointcloud_to_laserscan/share/pointcloud_to_laserscan/local_setup.bash
[95.493s] -- Symlinking: /home/p/ros2_ws/install/pointcloud_to_laserscan/share/pointcloud_to_laserscan/local_setup.sh
[95.516s] -- Symlinking: /home/p/ros2_ws/install/pointcloud_to_laserscan/share/pointcloud_to_laserscan/local_setup.zsh
[95.540s] -- Symlinking: /home/p/ros2_ws/install/pointcloud_to_laserscan/share/pointcloud_to_laserscan/local_setup.dsv
[95.566s] -- Symlinking: /home/p/ros2_ws/install/pointcloud_to_laserscan/share/pointcloud_to_laserscan/package.dsv
[95.592s] -- Symlinking: /home/p/ros2_ws/install/pointcloud_to_laserscan/share/ament_index/resource_index/packages/pointcloud_to_laserscan
[95.618s] -- Symlinking: /home/p/ros2_ws/install/pointcloud_to_laserscan/share/ament_index/resource_index/rclcpp_components/pointcloud_to_laserscan
[95.639s] -- Symlinking: /home/p/ros2_ws/install/pointcloud_to_laserscan/share/pointcloud_to_laserscan/cmake/ament_cmake_export_dependencies-extras.cmake
[95.661s] -- Symlinking: /home/p/ros2_ws/install/pointcloud_to_laserscan/share/pointcloud_to_laserscan/cmake/pointcloud_to_laserscanConfig.cmake
[95.684s] -- Symlinking: /home/p/ros2_ws/install/pointcloud_to_laserscan/share/pointcloud_to_laserscan/cmake/pointcloud_to_laserscanConfig-version.cmake
[95.702s] -- Symlinking: /home/p/ros2_ws/install/pointcloud_to_laserscan/share/pointcloud_to_laserscan/package.xml
[95.724s] -- Installing: /home/p/ros2_ws/install/pointcloud_to_laserscan/lib/liblaserscan_to_pointcloud.so
[95.739s] -- Set non-toolchain portion of runtime path of "/home/p/ros2_ws/install/pointcloud_to_laserscan/lib/liblaserscan_to_pointcloud.so" to ""
[95.739s] -- Installing: /home/p/ros2_ws/install/pointcloud_to_laserscan/lib/libpointcloud_to_laserscan.so
[95.754s] -- Set non-toolchain portion of runtime path of "/home/p/ros2_ws/install/pointcloud_to_laserscan/lib/libpointcloud_to_laserscan.so" to ""
[95.758s] Invoked command in '/home/p/ros2_ws/build/pointcloud_to_laserscan' returned '0': CMAKE_PREFIX_PATH=${CMAKE_PREFIX_PATH}:/opt/ros/jazzy DEBUGINFOD_URLS=https://debuginfod.ubuntu.com /usr/bin/cmake --install /home/p/ros2_ws/build/pointcloud_to_laserscan
