[1.991s] Invoking command in '/home/p/ros2_ws/build/sweep_builder': DEBUGINFOD_URLS=https://debuginfod.ubuntu.com PYTHONPATH=/home/p/ros2_ws/build/sweep_builder/prefix_override:/usr/lib/python3/dist-packages/colcon_core/task/python/colcon_distutils_commands:/home/p/ros2_ws/install/sweep_builder/lib/python3.12/site-packages:${PYTHONPATH} /usr/bin/python3 -W ignore:setup.py install is deprecated -W ignore:easy_install command is deprecated setup.py develop --editable --build-directory /home/p/ros2_ws/build/sweep_builder/build --no-deps symlink_data
[2.569s] running develop
[2.942s] running egg_info
[2.977s] writing sweep_builder.egg-info/PKG-INFO
[2.978s] writing dependency_links to sweep_builder.egg-info/dependency_links.txt
[2.980s] writing entry points to sweep_builder.egg-info/entry_points.txt
[2.981s] writing requirements to sweep_builder.egg-info/requires.txt
[2.981s] writing top-level names to sweep_builder.egg-info/top_level.txt
[3.057s] reading manifest file 'sweep_builder.egg-info/SOURCES.txt'
[3.058s] writing manifest file 'sweep_builder.egg-info/SOURCES.txt'
[3.099s] running build_ext
[3.099s] Creating /home/p/ros2_ws/install/sweep_builder/lib/python3.12/site-packages/sweep-builder.egg-link (link to .)
[3.100s] Installing icp_3d_odom script to /home/p/ros2_ws/install/sweep_builder/lib/sweep_builder
[3.100s] Installing leveled_scan_node script to /home/p/ros2_ws/install/sweep_builder/lib/sweep_builder
[3.101s] Installing lidar_imu_filtered_to_pointcloud script to /home/p/ros2_ws/install/sweep_builder/lib/sweep_builder
[3.101s] Installing lidar_imu_to_pointcloud script to /home/p/ros2_ws/install/sweep_builder/lib/sweep_builder
[3.101s] Installing obstacle_filter_node script to /home/p/ros2_ws/install/sweep_builder/lib/sweep_builder
[3.101s] Installing scan_to_obstacle_pc_flat script to /home/p/ros2_ws/install/sweep_builder/lib/sweep_builder
[3.101s] Installing sweep_builder_node script to /home/p/ros2_ws/install/sweep_builder/lib/sweep_builder
[3.101s] Installing sweep_builder_node_raw script to /home/p/ros2_ws/install/sweep_builder/lib/sweep_builder
[3.102s] Installing sweep_pc_to_flat_node script to /home/p/ros2_ws/install/sweep_builder/lib/sweep_builder
[3.102s] 
[3.102s] Installed /home/p/ros2_ws/build/sweep_builder
[3.102s] running symlink_data
[3.204s] Invoked command in '/home/p/ros2_ws/build/sweep_builder' returned '0': DEBUGINFOD_URLS=https://debuginfod.ubuntu.com PYTHONPATH=/home/p/ros2_ws/build/sweep_builder/prefix_override:/usr/lib/python3/dist-packages/colcon_core/task/python/colcon_distutils_commands:/home/p/ros2_ws/install/sweep_builder/lib/python3.12/site-packages:${PYTHONPATH} /usr/bin/python3 -W ignore:setup.py install is deprecated -W ignore:easy_install command is deprecated setup.py develop --editable --build-directory /home/p/ros2_ws/build/sweep_builder/build --no-deps symlink_data
