[0.072s] Invoking command in '/home/p/ros2_ws/src/build/micro_ros_msgs': CMAKE_PREFIX_PATH=${CMAKE_PREFIX_PATH}:/home/p/ros2_ws/install/sweep_builder:/home/p/ros2_ws/install/optical_cane_rpi:/home/p/ros2_ws/install/mpu9250:/opt/ros/jazzy DEBUGINFOD_URLS=https://debuginfod.ubuntu.com /usr/bin/cmake /home/p/ros2_ws/src/uros/micro_ros_msgs -DCMAKE_INSTALL_PREFIX=/home/p/ros2_ws/src/install/micro_ros_msgs
[1.093s] -- The C compiler identification is GNU 13.3.0
[1.094s] -- The CXX compiler identification is GNU 13.3.0
[1.094s] -- Detecting C compiler ABI info
[1.094s] -- Detecting C compiler ABI info - done
[1.095s] -- Check for working C compiler: /usr/bin/cc - skipped
[1.095s] -- Detecting C compile features
[1.095s] -- Detecting C compile features - done
[1.095s] -- Detecting CXX compiler ABI info
[1.504s] -- Detecting CXX compiler ABI info - done
[1.566s] -- Check for working CXX compiler: /usr/bin/c++ - skipped
[1.569s] -- Detecting CXX compile features
[1.579s] -- Detecting CXX compile features - done
[1.629s] -- Found ament_cmake: 2.5.4 (/opt/ros/jazzy/share/ament_cmake/cmake)
[2.592s] -- Found Python3: /usr/bin/python3 (found version "3.12.3") found components: Interpreter 
[3.120s] -- Found rosidl_default_generators: 1.6.0 (/opt/ros/jazzy/share/rosidl_default_generators/cmake)
[3.162s] -- Using all available rosidl_typesupport_c: rosidl_typesupport_fastrtps_c;rosidl_typesupport_introspection_c
[3.472s] -- Using all available rosidl_typesupport_cpp: rosidl_typesupport_fastrtps_cpp;rosidl_typesupport_introspection_cpp
[3.714s] -- Found rosidl_adapter: 4.6.5 (/opt/ros/jazzy/share/rosidl_adapter/cmake)
[3.717s] -- Found ament_lint_auto: 0.17.2 (/opt/ros/jazzy/share/ament_lint_auto/cmake)
[6.326s] -- Found ament_cmake_ros: 0.12.0 (/opt/ros/jazzy/share/ament_cmake_ros/cmake)
[9.011s] -- Using all available rosidl_typesupport_c: rosidl_typesupport_fastrtps_c;rosidl_typesupport_introspection_c
[10.407s] -- Using all available rosidl_typesupport_cpp: rosidl_typesupport_fastrtps_cpp;rosidl_typesupport_introspection_cpp
[10.426s] -- Found python_cmake_module: 0.11.1 (/opt/ros/jazzy/share/python_cmake_module/cmake)
[10.800s] -- Found PythonExtra: /usr/bin/python3  
[12.039s] -- Found Python3: /usr/bin/python3 (found version "3.12.3") found components: Interpreter Development NumPy Development.Module Development.Embed 
[12.145s] -- Added test 'copyright' to check source files copyright and LICENSE
[12.161s] -- Added test 'lint_cmake' to check CMake code style
[12.177s] -- Added test 'xmllint' to check XML markup files
[12.196s] -- Configuring done (12.1s)
[12.307s] -- Generating done (0.1s)
[12.328s] -- Build files have been written to: /home/p/ros2_ws/src/build/micro_ros_msgs
[12.350s] Invoked command in '/home/p/ros2_ws/src/build/micro_ros_msgs' returned '0': CMAKE_PREFIX_PATH=${CMAKE_PREFIX_PATH}:/home/p/ros2_ws/install/sweep_builder:/home/p/ros2_ws/install/optical_cane_rpi:/home/p/ros2_ws/install/mpu9250:/opt/ros/jazzy DEBUGINFOD_URLS=https://debuginfod.ubuntu.com /usr/bin/cmake /home/p/ros2_ws/src/uros/micro_ros_msgs -DCMAKE_INSTALL_PREFIX=/home/p/ros2_ws/src/install/micro_ros_msgs
[12.352s] Invoking command in '/home/p/ros2_ws/src/build/micro_ros_msgs': CMAKE_PREFIX_PATH=${CMAKE_PREFIX_PATH}:/home/p/ros2_ws/install/sweep_builder:/home/p/ros2_ws/install/optical_cane_rpi:/home/p/ros2_ws/install/mpu9250:/opt/ros/jazzy DEBUGINFOD_URLS=https://debuginfod.ubuntu.com /usr/bin/cmake --build /home/p/ros2_ws/src/build/micro_ros_msgs -- -j4 -l4
[12.568s] [  1%] Generating type hashes for ROS interfaces
[12.572s] [  1%] Built target ament_cmake_python_copy_micro_ros_msgs
[13.168s] [  1%] Built target micro_ros_msgs__rosidl_generator_type_description
[13.274s] [  3%] Generating C code for ROS interfaces
[13.328s] [  5%] Generating C++ code for ROS interfaces
[13.553s] running egg_info
[13.554s] creating micro_ros_msgs.egg-info
[13.617s] writing micro_ros_msgs.egg-info/PKG-INFO
[13.617s] writing dependency_links to micro_ros_msgs.egg-info/dependency_links.txt
[13.617s] writing top-level names to micro_ros_msgs.egg-info/top_level.txt
[13.617s] writing manifest file 'micro_ros_msgs.egg-info/SOURCES.txt'
[13.784s] reading manifest file 'micro_ros_msgs.egg-info/SOURCES.txt'
[13.785s] writing manifest file 'micro_ros_msgs.egg-info/SOURCES.txt'
[13.899s] [  5%] Built target ament_cmake_python_build_micro_ros_msgs_egg
[14.605s] [  5%] Built target micro_ros_msgs__cpp
[14.713s] [  7%] Building C object CMakeFiles/micro_ros_msgs__rosidl_generator_c.dir/rosidl_generator_c/micro_ros_msgs/msg/detail/graph__description.c.o
[14.719s] [  9%] Building C object CMakeFiles/micro_ros_msgs__rosidl_generator_c.dir/rosidl_generator_c/micro_ros_msgs/msg/detail/graph__functions.c.o
[14.752s] [ 12%] Building C object CMakeFiles/micro_ros_msgs__rosidl_generator_c.dir/rosidl_generator_c/micro_ros_msgs/msg/detail/graph__type_support.c.o
[14.752s] [ 11%] Building C object CMakeFiles/micro_ros_msgs__rosidl_generator_c.dir/rosidl_generator_c/micro_ros_msgs/msg/detail/node__description.c.o
[14.853s] [ 14%] Building C object CMakeFiles/micro_ros_msgs__rosidl_generator_c.dir/rosidl_generator_c/micro_ros_msgs/msg/detail/node__functions.c.o
[14.901s] [ 16%] Building C object CMakeFiles/micro_ros_msgs__rosidl_generator_c.dir/rosidl_generator_c/micro_ros_msgs/msg/detail/node__type_support.c.o
[14.922s] [ 20%] Building C object CMakeFiles/micro_ros_msgs__rosidl_generator_c.dir/rosidl_generator_c/micro_ros_msgs/msg/detail/entity__functions.c.o
[14.923s] [ 18%] Building C object CMakeFiles/micro_ros_msgs__rosidl_generator_c.dir/rosidl_generator_c/micro_ros_msgs/msg/detail/entity__description.c.o
[15.050s] [ 22%] Building C object CMakeFiles/micro_ros_msgs__rosidl_generator_c.dir/rosidl_generator_c/micro_ros_msgs/msg/detail/entity__type_support.c.o
[15.135s] [ 24%] Linking C shared library libmicro_ros_msgs__rosidl_generator_c.so
[15.249s] [ 24%] Built target micro_ros_msgs__rosidl_generator_c
[15.282s] [ 25%] Generating C++ type support dispatch for ROS interfaces
[15.297s] [ 27%] Generating C type support for eProsima Fast-RTPS
[15.314s] [ 31%] Generating C type support dispatch for ROS interfaces
[15.314s] [ 31%] Generating C introspection for ROS interfaces
[16.030s] [ 33%] Building CXX object CMakeFiles/micro_ros_msgs__rosidl_typesupport_c.dir/rosidl_typesupport_c/micro_ros_msgs/msg/graph__type_support.cpp.o
[16.178s] [ 35%] Building CXX object CMakeFiles/micro_ros_msgs__rosidl_typesupport_c.dir/rosidl_typesupport_c/micro_ros_msgs/msg/node__type_support.cpp.o
[16.392s] [ 37%] Building CXX object CMakeFiles/micro_ros_msgs__rosidl_typesupport_c.dir/rosidl_typesupport_c/micro_ros_msgs/msg/entity__type_support.cpp.o
[16.545s] [ 38%] Linking CXX shared library libmicro_ros_msgs__rosidl_typesupport_c.so
[16.583s] [ 40%] Building CXX object CMakeFiles/micro_ros_msgs__rosidl_typesupport_cpp.dir/rosidl_typesupport_cpp/micro_ros_msgs/msg/graph__type_support.cpp.o
[16.635s] [ 42%] Building CXX object CMakeFiles/micro_ros_msgs__rosidl_typesupport_fastrtps_c.dir/rosidl_typesupport_fastrtps_c/micro_ros_msgs/msg/detail/graph__type_support_c.cpp.o
[16.693s] [ 42%] Built target micro_ros_msgs__rosidl_typesupport_c
[16.699s] [ 44%] Building C object CMakeFiles/micro_ros_msgs__rosidl_typesupport_introspection_c.dir/rosidl_typesupport_introspection_c/micro_ros_msgs/msg/detail/graph__type_support.c.o
[16.724s] [ 46%] Building C object CMakeFiles/micro_ros_msgs__rosidl_typesupport_introspection_c.dir/rosidl_typesupport_introspection_c/micro_ros_msgs/msg/detail/node__type_support.c.o
[16.899s] [ 48%] Building C object CMakeFiles/micro_ros_msgs__rosidl_typesupport_introspection_c.dir/rosidl_typesupport_introspection_c/micro_ros_msgs/msg/detail/entity__type_support.c.o
[16.959s] [ 50%] Building CXX object CMakeFiles/micro_ros_msgs__rosidl_typesupport_fastrtps_c.dir/rosidl_typesupport_fastrtps_c/micro_ros_msgs/msg/detail/node__type_support_c.cpp.o
[17.124s] [ 51%] Linking C shared library libmicro_ros_msgs__rosidl_typesupport_introspection_c.so
[17.340s] [ 51%] Built target micro_ros_msgs__rosidl_typesupport_introspection_c
[17.397s] [ 53%] Building CXX object CMakeFiles/micro_ros_msgs__rosidl_typesupport_cpp.dir/rosidl_typesupport_cpp/micro_ros_msgs/msg/node__type_support.cpp.o
[18.209s] [ 55%] Generating C++ type support for eProsima Fast-RTPS
[18.281s] [ 57%] Building CXX object CMakeFiles/micro_ros_msgs__rosidl_typesupport_fastrtps_c.dir/rosidl_typesupport_fastrtps_c/micro_ros_msgs/msg/detail/entity__type_support_c.cpp.o
[18.731s] [ 59%] Building CXX object CMakeFiles/micro_ros_msgs__rosidl_typesupport_cpp.dir/rosidl_typesupport_cpp/micro_ros_msgs/msg/entity__type_support.cpp.o
[19.074s] [ 61%] Generating C++ introspection for ROS interfaces
[19.371s] [ 62%] Building CXX object CMakeFiles/micro_ros_msgs__rosidl_typesupport_fastrtps_cpp.dir/rosidl_typesupport_fastrtps_cpp/micro_ros_msgs/msg/detail/dds_fastrtps/graph__type_support.cpp.o
[19.606s] [ 64%] Linking CXX shared library libmicro_ros_msgs__rosidl_typesupport_cpp.so
[19.734s] [ 64%] Built target micro_ros_msgs__rosidl_typesupport_cpp
[19.771s] [ 66%] Building CXX object CMakeFiles/micro_ros_msgs__rosidl_typesupport_fastrtps_cpp.dir/rosidl_typesupport_fastrtps_cpp/micro_ros_msgs/msg/detail/dds_fastrtps/node__type_support.cpp.o
[20.176s] [ 68%] Linking CXX shared library libmicro_ros_msgs__rosidl_typesupport_fastrtps_c.so
[20.484s] [ 68%] Built target micro_ros_msgs__rosidl_typesupport_fastrtps_c
[20.535s] [ 70%] Building CXX object CMakeFiles/micro_ros_msgs__rosidl_typesupport_fastrtps_cpp.dir/rosidl_typesupport_fastrtps_cpp/micro_ros_msgs/msg/detail/dds_fastrtps/entity__type_support.cpp.o
[20.565s] [ 72%] Building CXX object CMakeFiles/micro_ros_msgs__rosidl_typesupport_introspection_cpp.dir/rosidl_typesupport_introspection_cpp/micro_ros_msgs/msg/detail/graph__type_support.cpp.o
[22.269s] [ 74%] Building CXX object CMakeFiles/micro_ros_msgs__rosidl_typesupport_introspection_cpp.dir/rosidl_typesupport_introspection_cpp/micro_ros_msgs/msg/detail/node__type_support.cpp.o
[22.812s] [ 75%] Building CXX object CMakeFiles/micro_ros_msgs__rosidl_typesupport_introspection_cpp.dir/rosidl_typesupport_introspection_cpp/micro_ros_msgs/msg/detail/entity__type_support.cpp.o
[23.607s] [ 77%] Linking CXX shared library libmicro_ros_msgs__rosidl_typesupport_fastrtps_cpp.so
[23.984s] [ 77%] Built target micro_ros_msgs__rosidl_typesupport_fastrtps_cpp
[24.214s] [ 79%] Linking CXX shared library libmicro_ros_msgs__rosidl_typesupport_introspection_cpp.so
[24.515s] [ 79%] Built target micro_ros_msgs__rosidl_typesupport_introspection_cpp
[24.602s] [ 79%] Built target micro_ros_msgs
[24.712s] [ 81%] Generating Python code for ROS interfaces
[25.937s] [ 81%] Built target micro_ros_msgs__py
[26.038s] [ 85%] Building C object CMakeFiles/micro_ros_msgs__rosidl_generator_py.dir/rosidl_generator_py/micro_ros_msgs/msg/_node_s.c.o
[26.044s] [ 85%] Building C object CMakeFiles/micro_ros_msgs__rosidl_generator_py.dir/rosidl_generator_py/micro_ros_msgs/msg/_graph_s.c.o
[26.045s] [ 87%] Building C object CMakeFiles/micro_ros_msgs__rosidl_generator_py.dir/rosidl_generator_py/micro_ros_msgs/msg/_entity_s.c.o
[26.626s] [ 88%] Linking C shared library libmicro_ros_msgs__rosidl_generator_py.so
[26.842s] [ 88%] Built target micro_ros_msgs__rosidl_generator_py
[26.940s] [ 90%] Building C object CMakeFiles/micro_ros_msgs_s__rosidl_typesupport_introspection_c.dir/rosidl_generator_py/micro_ros_msgs/_micro_ros_msgs_s.ep.rosidl_typesupport_introspection_c.c.o
[26.967s] [ 92%] Building C object CMakeFiles/micro_ros_msgs_s__rosidl_typesupport_c.dir/rosidl_generator_py/micro_ros_msgs/_micro_ros_msgs_s.ep.rosidl_typesupport_c.c.o
[26.967s] [ 94%] Building C object CMakeFiles/micro_ros_msgs_s__rosidl_typesupport_fastrtps_c.dir/rosidl_generator_py/micro_ros_msgs/_micro_ros_msgs_s.ep.rosidl_typesupport_fastrtps_c.c.o
[27.229s] [ 96%] Linking C shared module rosidl_generator_py/micro_ros_msgs/micro_ros_msgs_s__rosidl_typesupport_introspection_c.so
[27.409s] [ 96%] Built target micro_ros_msgs_s__rosidl_typesupport_introspection_c
[27.558s] [ 98%] Linking C shared module rosidl_generator_py/micro_ros_msgs/micro_ros_msgs_s__rosidl_typesupport_fastrtps_c.so
[27.577s] [100%] Linking C shared module rosidl_generator_py/micro_ros_msgs/micro_ros_msgs_s__rosidl_typesupport_c.so
[27.743s] [100%] Built target micro_ros_msgs_s__rosidl_typesupport_c
[27.792s] [100%] Built target micro_ros_msgs_s__rosidl_typesupport_fastrtps_c
[27.845s] Invoked command in '/home/p/ros2_ws/src/build/micro_ros_msgs' returned '0': CMAKE_PREFIX_PATH=${CMAKE_PREFIX_PATH}:/home/p/ros2_ws/install/sweep_builder:/home/p/ros2_ws/install/optical_cane_rpi:/home/p/ros2_ws/install/mpu9250:/opt/ros/jazzy DEBUGINFOD_URLS=https://debuginfod.ubuntu.com /usr/bin/cmake --build /home/p/ros2_ws/src/build/micro_ros_msgs -- -j4 -l4
[27.847s] Invoking command in '/home/p/ros2_ws/src/build/micro_ros_msgs': CMAKE_PREFIX_PATH=${CMAKE_PREFIX_PATH}:/home/p/ros2_ws/install/sweep_builder:/home/p/ros2_ws/install/optical_cane_rpi:/home/p/ros2_ws/install/mpu9250:/opt/ros/jazzy DEBUGINFOD_URLS=https://debuginfod.ubuntu.com /usr/bin/cmake --install /home/p/ros2_ws/src/build/micro_ros_msgs
[27.897s] -- Install configuration: ""
[27.897s] -- Installing: /home/p/ros2_ws/src/install/micro_ros_msgs/share/ament_index/resource_index/rosidl_interfaces/micro_ros_msgs
[27.897s] -- Installing: /home/p/ros2_ws/src/install/micro_ros_msgs/share/micro_ros_msgs/msg/Graph.json
[27.901s] -- Installing: /home/p/ros2_ws/src/install/micro_ros_msgs/share/micro_ros_msgs/msg/Node.json
[27.901s] -- Installing: /home/p/ros2_ws/src/install/micro_ros_msgs/share/micro_ros_msgs/msg/Entity.json
[27.901s] -- Installing: /home/p/ros2_ws/src/install/micro_ros_msgs/include/micro_ros_msgs/micro_ros_msgs
[27.902s] -- Installing: /home/p/ros2_ws/src/install/micro_ros_msgs/include/micro_ros_msgs/micro_ros_msgs/msg
[27.902s] -- Installing: /home/p/ros2_ws/src/install/micro_ros_msgs/include/micro_ros_msgs/micro_ros_msgs/msg/graph.h
[27.902s] -- Installing: /home/p/ros2_ws/src/install/micro_ros_msgs/include/micro_ros_msgs/micro_ros_msgs/msg/node.h
[27.906s] -- Installing: /home/p/ros2_ws/src/install/micro_ros_msgs/include/micro_ros_msgs/micro_ros_msgs/msg/rosidl_generator_c__visibility_control.h
[27.907s] -- Installing: /home/p/ros2_ws/src/install/micro_ros_msgs/include/micro_ros_msgs/micro_ros_msgs/msg/entity.h
[27.907s] -- Installing: /home/p/ros2_ws/src/install/micro_ros_msgs/include/micro_ros_msgs/micro_ros_msgs/msg/detail
[27.907s] -- Installing: /home/p/ros2_ws/src/install/micro_ros_msgs/include/micro_ros_msgs/micro_ros_msgs/msg/detail/node__description.c
[27.910s] -- Installing: /home/p/ros2_ws/src/install/micro_ros_msgs/include/micro_ros_msgs/micro_ros_msgs/msg/detail/entity__struct.h
[27.910s] -- Installing: /home/p/ros2_ws/src/install/micro_ros_msgs/include/micro_ros_msgs/micro_ros_msgs/msg/detail/node__struct.h
[27.910s] -- Installing: /home/p/ros2_ws/src/install/micro_ros_msgs/include/micro_ros_msgs/micro_ros_msgs/msg/detail/entity__functions.h
[27.910s] -- Installing: /home/p/ros2_ws/src/install/micro_ros_msgs/include/micro_ros_msgs/micro_ros_msgs/msg/detail/node__functions.c
[27.910s] -- Installing: /home/p/ros2_ws/src/install/micro_ros_msgs/include/micro_ros_msgs/micro_ros_msgs/msg/detail/node__type_support.c
[27.911s] -- Installing: /home/p/ros2_ws/src/install/micro_ros_msgs/include/micro_ros_msgs/micro_ros_msgs/msg/detail/graph__functions.c
[27.911s] -- Installing: /home/p/ros2_ws/src/install/micro_ros_msgs/include/micro_ros_msgs/micro_ros_msgs/msg/detail/node__type_support.h
[27.916s] -- Installing: /home/p/ros2_ws/src/install/micro_ros_msgs/include/micro_ros_msgs/micro_ros_msgs/msg/detail/entity__type_support.h
[27.916s] -- Installing: /home/p/ros2_ws/src/install/micro_ros_msgs/include/micro_ros_msgs/micro_ros_msgs/msg/detail/graph__functions.h
[27.916s] -- Installing: /home/p/ros2_ws/src/install/micro_ros_msgs/include/micro_ros_msgs/micro_ros_msgs/msg/detail/graph__type_support.c
[27.916s] -- Installing: /home/p/ros2_ws/src/install/micro_ros_msgs/include/micro_ros_msgs/micro_ros_msgs/msg/detail/entity__type_support.c
[27.916s] -- Installing: /home/p/ros2_ws/src/install/micro_ros_msgs/include/micro_ros_msgs/micro_ros_msgs/msg/detail/node__functions.h
[27.920s] -- Installing: /home/p/ros2_ws/src/install/micro_ros_msgs/include/micro_ros_msgs/micro_ros_msgs/msg/detail/entity__functions.c
[27.920s] -- Installing: /home/p/ros2_ws/src/install/micro_ros_msgs/include/micro_ros_msgs/micro_ros_msgs/msg/detail/graph__type_support.h
[27.920s] -- Installing: /home/p/ros2_ws/src/install/micro_ros_msgs/include/micro_ros_msgs/micro_ros_msgs/msg/detail/entity__description.c
[27.920s] -- Installing: /home/p/ros2_ws/src/install/micro_ros_msgs/include/micro_ros_msgs/micro_ros_msgs/msg/detail/graph__description.c
[27.920s] -- Installing: /home/p/ros2_ws/src/install/micro_ros_msgs/include/micro_ros_msgs/micro_ros_msgs/msg/detail/graph__struct.h
[27.926s] -- Installing: /home/p/ros2_ws/src/install/micro_ros_msgs/share/micro_ros_msgs/environment/library_path.sh
[27.926s] -- Installing: /home/p/ros2_ws/src/install/micro_ros_msgs/share/micro_ros_msgs/environment/library_path.dsv
[27.926s] -- Installing: /home/p/ros2_ws/src/install/micro_ros_msgs/lib/libmicro_ros_msgs__rosidl_generator_c.so
[27.930s] -- Set non-toolchain portion of runtime path of "/home/p/ros2_ws/src/install/micro_ros_msgs/lib/libmicro_ros_msgs__rosidl_generator_c.so" to ""
[27.931s] -- Up-to-date: /home/p/ros2_ws/src/install/micro_ros_msgs/include/micro_ros_msgs/micro_ros_msgs
[27.931s] -- Up-to-date: /home/p/ros2_ws/src/install/micro_ros_msgs/include/micro_ros_msgs/micro_ros_msgs/msg
[27.932s] -- Installing: /home/p/ros2_ws/src/install/micro_ros_msgs/include/micro_ros_msgs/micro_ros_msgs/msg/rosidl_typesupport_fastrtps_c__visibility_control.h
[27.932s] -- Up-to-date: /home/p/ros2_ws/src/install/micro_ros_msgs/include/micro_ros_msgs/micro_ros_msgs/msg/detail
[27.932s] -- Installing: /home/p/ros2_ws/src/install/micro_ros_msgs/include/micro_ros_msgs/micro_ros_msgs/msg/detail/graph__rosidl_typesupport_fastrtps_c.h
[27.932s] -- Installing: /home/p/ros2_ws/src/install/micro_ros_msgs/include/micro_ros_msgs/micro_ros_msgs/msg/detail/entity__rosidl_typesupport_fastrtps_c.h
[27.933s] -- Installing: /home/p/ros2_ws/src/install/micro_ros_msgs/include/micro_ros_msgs/micro_ros_msgs/msg/detail/node__rosidl_typesupport_fastrtps_c.h
[27.933s] -- Installing: /home/p/ros2_ws/src/install/micro_ros_msgs/lib/libmicro_ros_msgs__rosidl_typesupport_fastrtps_c.so
[27.937s] -- Set non-toolchain portion of runtime path of "/home/p/ros2_ws/src/install/micro_ros_msgs/lib/libmicro_ros_msgs__rosidl_typesupport_fastrtps_c.so" to ""
[27.938s] -- Up-to-date: /home/p/ros2_ws/src/install/micro_ros_msgs/include/micro_ros_msgs/micro_ros_msgs
[27.938s] -- Up-to-date: /home/p/ros2_ws/src/install/micro_ros_msgs/include/micro_ros_msgs/micro_ros_msgs/msg
[27.938s] -- Up-to-date: /home/p/ros2_ws/src/install/micro_ros_msgs/include/micro_ros_msgs/micro_ros_msgs/msg/detail
[27.938s] -- Installing: /home/p/ros2_ws/src/install/micro_ros_msgs/include/micro_ros_msgs/micro_ros_msgs/msg/detail/node__rosidl_typesupport_introspection_c.h
[27.938s] -- Installing: /home/p/ros2_ws/src/install/micro_ros_msgs/include/micro_ros_msgs/micro_ros_msgs/msg/detail/entity__rosidl_typesupport_introspection_c.h
[27.938s] -- Installing: /home/p/ros2_ws/src/install/micro_ros_msgs/include/micro_ros_msgs/micro_ros_msgs/msg/detail/graph__rosidl_typesupport_introspection_c.h
[27.939s] -- Installing: /home/p/ros2_ws/src/install/micro_ros_msgs/include/micro_ros_msgs/micro_ros_msgs/msg/detail/node__type_support.c
[27.939s] -- Installing: /home/p/ros2_ws/src/install/micro_ros_msgs/include/micro_ros_msgs/micro_ros_msgs/msg/detail/graph__type_support.c
[27.939s] -- Installing: /home/p/ros2_ws/src/install/micro_ros_msgs/include/micro_ros_msgs/micro_ros_msgs/msg/detail/entity__type_support.c
[27.939s] -- Installing: /home/p/ros2_ws/src/install/micro_ros_msgs/include/micro_ros_msgs/micro_ros_msgs/msg/rosidl_typesupport_introspection_c__visibility_control.h
[27.939s] -- Installing: /home/p/ros2_ws/src/install/micro_ros_msgs/lib/libmicro_ros_msgs__rosidl_typesupport_introspection_c.so
[27.945s] -- Set non-toolchain portion of runtime path of "/home/p/ros2_ws/src/install/micro_ros_msgs/lib/libmicro_ros_msgs__rosidl_typesupport_introspection_c.so" to ""
[27.945s] -- Installing: /home/p/ros2_ws/src/install/micro_ros_msgs/lib/libmicro_ros_msgs__rosidl_typesupport_c.so
[27.947s] -- Set non-toolchain portion of runtime path of "/home/p/ros2_ws/src/install/micro_ros_msgs/lib/libmicro_ros_msgs__rosidl_typesupport_c.so" to ""
[27.947s] -- Up-to-date: /home/p/ros2_ws/src/install/micro_ros_msgs/include/micro_ros_msgs/micro_ros_msgs
[27.947s] -- Up-to-date: /home/p/ros2_ws/src/install/micro_ros_msgs/include/micro_ros_msgs/micro_ros_msgs/msg
[27.947s] -- Installing: /home/p/ros2_ws/src/install/micro_ros_msgs/include/micro_ros_msgs/micro_ros_msgs/msg/entity.hpp
[27.947s] -- Up-to-date: /home/p/ros2_ws/src/install/micro_ros_msgs/include/micro_ros_msgs/micro_ros_msgs/msg/detail
[27.948s] -- Installing: /home/p/ros2_ws/src/install/micro_ros_msgs/include/micro_ros_msgs/micro_ros_msgs/msg/detail/node__builder.hpp
[27.948s] -- Installing: /home/p/ros2_ws/src/install/micro_ros_msgs/include/micro_ros_msgs/micro_ros_msgs/msg/detail/node__struct.hpp
[27.948s] -- Installing: /home/p/ros2_ws/src/install/micro_ros_msgs/include/micro_ros_msgs/micro_ros_msgs/msg/detail/node__type_support.hpp
[27.948s] -- Installing: /home/p/ros2_ws/src/install/micro_ros_msgs/include/micro_ros_msgs/micro_ros_msgs/msg/detail/graph__struct.hpp
[27.948s] -- Installing: /home/p/ros2_ws/src/install/micro_ros_msgs/include/micro_ros_msgs/micro_ros_msgs/msg/detail/entity__type_support.hpp
[27.948s] -- Installing: /home/p/ros2_ws/src/install/micro_ros_msgs/include/micro_ros_msgs/micro_ros_msgs/msg/detail/entity__builder.hpp
[27.948s] -- Installing: /home/p/ros2_ws/src/install/micro_ros_msgs/include/micro_ros_msgs/micro_ros_msgs/msg/detail/node__traits.hpp
[27.948s] -- Installing: /home/p/ros2_ws/src/install/micro_ros_msgs/include/micro_ros_msgs/micro_ros_msgs/msg/detail/graph__builder.hpp
[27.948s] -- Installing: /home/p/ros2_ws/src/install/micro_ros_msgs/include/micro_ros_msgs/micro_ros_msgs/msg/detail/entity__traits.hpp
[27.948s] -- Installing: /home/p/ros2_ws/src/install/micro_ros_msgs/include/micro_ros_msgs/micro_ros_msgs/msg/detail/graph__traits.hpp
[27.949s] -- Installing: /home/p/ros2_ws/src/install/micro_ros_msgs/include/micro_ros_msgs/micro_ros_msgs/msg/detail/entity__struct.hpp
[27.949s] -- Installing: /home/p/ros2_ws/src/install/micro_ros_msgs/include/micro_ros_msgs/micro_ros_msgs/msg/detail/graph__type_support.hpp
[27.949s] -- Installing: /home/p/ros2_ws/src/install/micro_ros_msgs/include/micro_ros_msgs/micro_ros_msgs/msg/rosidl_generator_cpp__visibility_control.hpp
[27.949s] -- Installing: /home/p/ros2_ws/src/install/micro_ros_msgs/include/micro_ros_msgs/micro_ros_msgs/msg/graph.hpp
[27.949s] -- Installing: /home/p/ros2_ws/src/install/micro_ros_msgs/include/micro_ros_msgs/micro_ros_msgs/msg/node.hpp
[27.949s] -- Up-to-date: /home/p/ros2_ws/src/install/micro_ros_msgs/include/micro_ros_msgs/micro_ros_msgs
[27.949s] -- Up-to-date: /home/p/ros2_ws/src/install/micro_ros_msgs/include/micro_ros_msgs/micro_ros_msgs/msg
[27.956s] -- Up-to-date: /home/p/ros2_ws/src/install/micro_ros_msgs/include/micro_ros_msgs/micro_ros_msgs/msg/detail
[27.956s] -- Installing: /home/p/ros2_ws/src/install/micro_ros_msgs/include/micro_ros_msgs/micro_ros_msgs/msg/detail/entity__rosidl_typesupport_fastrtps_cpp.hpp
[27.957s] -- Installing: /home/p/ros2_ws/src/install/micro_ros_msgs/include/micro_ros_msgs/micro_ros_msgs/msg/detail/dds_fastrtps
[27.957s] -- Installing: /home/p/ros2_ws/src/install/micro_ros_msgs/include/micro_ros_msgs/micro_ros_msgs/msg/detail/node__rosidl_typesupport_fastrtps_cpp.hpp
[27.957s] -- Installing: /home/p/ros2_ws/src/install/micro_ros_msgs/include/micro_ros_msgs/micro_ros_msgs/msg/detail/graph__rosidl_typesupport_fastrtps_cpp.hpp
[27.957s] -- Installing: /home/p/ros2_ws/src/install/micro_ros_msgs/include/micro_ros_msgs/micro_ros_msgs/msg/rosidl_typesupport_fastrtps_cpp__visibility_control.h
[27.957s] -- Installing: /home/p/ros2_ws/src/install/micro_ros_msgs/lib/libmicro_ros_msgs__rosidl_typesupport_fastrtps_cpp.so
[27.960s] -- Set non-toolchain portion of runtime path of "/home/p/ros2_ws/src/install/micro_ros_msgs/lib/libmicro_ros_msgs__rosidl_typesupport_fastrtps_cpp.so" to ""
[27.961s] -- Up-to-date: /home/p/ros2_ws/src/install/micro_ros_msgs/include/micro_ros_msgs/micro_ros_msgs
[27.961s] -- Up-to-date: /home/p/ros2_ws/src/install/micro_ros_msgs/include/micro_ros_msgs/micro_ros_msgs/msg
[27.961s] -- Up-to-date: /home/p/ros2_ws/src/install/micro_ros_msgs/include/micro_ros_msgs/micro_ros_msgs/msg/detail
[27.961s] -- Installing: /home/p/ros2_ws/src/install/micro_ros_msgs/include/micro_ros_msgs/micro_ros_msgs/msg/detail/node__type_support.cpp
[27.961s] -- Installing: /home/p/ros2_ws/src/install/micro_ros_msgs/include/micro_ros_msgs/micro_ros_msgs/msg/detail/entity__type_support.cpp
[27.961s] -- Installing: /home/p/ros2_ws/src/install/micro_ros_msgs/include/micro_ros_msgs/micro_ros_msgs/msg/detail/graph__type_support.cpp
[27.961s] -- Installing: /home/p/ros2_ws/src/install/micro_ros_msgs/include/micro_ros_msgs/micro_ros_msgs/msg/detail/node__rosidl_typesupport_introspection_cpp.hpp
[27.961s] -- Installing: /home/p/ros2_ws/src/install/micro_ros_msgs/include/micro_ros_msgs/micro_ros_msgs/msg/detail/entity__rosidl_typesupport_introspection_cpp.hpp
[27.962s] -- Installing: /home/p/ros2_ws/src/install/micro_ros_msgs/include/micro_ros_msgs/micro_ros_msgs/msg/detail/graph__rosidl_typesupport_introspection_cpp.hpp
[27.962s] -- Installing: /home/p/ros2_ws/src/install/micro_ros_msgs/lib/libmicro_ros_msgs__rosidl_typesupport_introspection_cpp.so
[27.962s] -- Set non-toolchain portion of runtime path of "/home/p/ros2_ws/src/install/micro_ros_msgs/lib/libmicro_ros_msgs__rosidl_typesupport_introspection_cpp.so" to ""
[27.962s] -- Installing: /home/p/ros2_ws/src/install/micro_ros_msgs/lib/libmicro_ros_msgs__rosidl_typesupport_cpp.so
[27.962s] -- Set non-toolchain portion of runtime path of "/home/p/ros2_ws/src/install/micro_ros_msgs/lib/libmicro_ros_msgs__rosidl_typesupport_cpp.so" to ""
[27.962s] -- Installing: /home/p/ros2_ws/src/install/micro_ros_msgs/share/micro_ros_msgs/environment/pythonpath.sh
[27.966s] -- Installing: /home/p/ros2_ws/src/install/micro_ros_msgs/share/micro_ros_msgs/environment/pythonpath.dsv
[27.966s] -- Installing: /home/p/ros2_ws/src/install/micro_ros_msgs/lib/python3.12/site-packages/micro_ros_msgs-5.0.2-py3.12.egg-info
[27.967s] -- Installing: /home/p/ros2_ws/src/install/micro_ros_msgs/lib/python3.12/site-packages/micro_ros_msgs-5.0.2-py3.12.egg-info/dependency_links.txt
[27.967s] -- Installing: /home/p/ros2_ws/src/install/micro_ros_msgs/lib/python3.12/site-packages/micro_ros_msgs-5.0.2-py3.12.egg-info/PKG-INFO
[27.967s] -- Installing: /home/p/ros2_ws/src/install/micro_ros_msgs/lib/python3.12/site-packages/micro_ros_msgs-5.0.2-py3.12.egg-info/top_level.txt
[27.967s] -- Installing: /home/p/ros2_ws/src/install/micro_ros_msgs/lib/python3.12/site-packages/micro_ros_msgs-5.0.2-py3.12.egg-info/SOURCES.txt
[27.967s] -- Installing: /home/p/ros2_ws/src/install/micro_ros_msgs/lib/python3.12/site-packages/micro_ros_msgs
[27.967s] -- Installing: /home/p/ros2_ws/src/install/micro_ros_msgs/lib/python3.12/site-packages/micro_ros_msgs/_micro_ros_msgs_s.ep.rosidl_typesupport_fastrtps_c.c
[27.967s] -- Installing: /home/p/ros2_ws/src/install/micro_ros_msgs/lib/python3.12/site-packages/micro_ros_msgs/_micro_ros_msgs_s.ep.rosidl_typesupport_c.c
[27.967s] -- Installing: /home/p/ros2_ws/src/install/micro_ros_msgs/lib/python3.12/site-packages/micro_ros_msgs/micro_ros_msgs_s__rosidl_typesupport_fastrtps_c.so
[27.967s] -- Installing: /home/p/ros2_ws/src/install/micro_ros_msgs/lib/python3.12/site-packages/micro_ros_msgs/micro_ros_msgs_s__rosidl_typesupport_c.so
[27.968s] -- Installing: /home/p/ros2_ws/src/install/micro_ros_msgs/lib/python3.12/site-packages/micro_ros_msgs/micro_ros_msgs_s__rosidl_typesupport_introspection_c.so
[27.968s] -- Installing: /home/p/ros2_ws/src/install/micro_ros_msgs/lib/python3.12/site-packages/micro_ros_msgs/__init__.py
[27.968s] -- Installing: /home/p/ros2_ws/src/install/micro_ros_msgs/lib/python3.12/site-packages/micro_ros_msgs/msg
[27.968s] -- Installing: /home/p/ros2_ws/src/install/micro_ros_msgs/lib/python3.12/site-packages/micro_ros_msgs/msg/_entity_s.c
[27.968s] -- Installing: /home/p/ros2_ws/src/install/micro_ros_msgs/lib/python3.12/site-packages/micro_ros_msgs/msg/_graph_s.c
[27.968s] -- Installing: /home/p/ros2_ws/src/install/micro_ros_msgs/lib/python3.12/site-packages/micro_ros_msgs/msg/_node_s.c
[27.968s] -- Installing: /home/p/ros2_ws/src/install/micro_ros_msgs/lib/python3.12/site-packages/micro_ros_msgs/msg/_entity.py
[27.973s] -- Installing: /home/p/ros2_ws/src/install/micro_ros_msgs/lib/python3.12/site-packages/micro_ros_msgs/msg/__init__.py
[27.973s] -- Installing: /home/p/ros2_ws/src/install/micro_ros_msgs/lib/python3.12/site-packages/micro_ros_msgs/msg/_node.py
[27.973s] -- Installing: /home/p/ros2_ws/src/install/micro_ros_msgs/lib/python3.12/site-packages/micro_ros_msgs/msg/_graph.py
[27.974s] -- Installing: /home/p/ros2_ws/src/install/micro_ros_msgs/lib/python3.12/site-packages/micro_ros_msgs/_micro_ros_msgs_s.ep.rosidl_typesupport_introspection_c.c
[28.174s] Listing '/home/p/ros2_ws/src/install/micro_ros_msgs/lib/python3.12/site-packages/micro_ros_msgs'...
[28.174s] Compiling '/home/p/ros2_ws/src/install/micro_ros_msgs/lib/python3.12/site-packages/micro_ros_msgs/__init__.py'...
[28.174s] Listing '/home/p/ros2_ws/src/install/micro_ros_msgs/lib/python3.12/site-packages/micro_ros_msgs/msg'...
[28.174s] Compiling '/home/p/ros2_ws/src/install/micro_ros_msgs/lib/python3.12/site-packages/micro_ros_msgs/msg/__init__.py'...
[28.174s] Compiling '/home/p/ros2_ws/src/install/micro_ros_msgs/lib/python3.12/site-packages/micro_ros_msgs/msg/_entity.py'...
[28.174s] Compiling '/home/p/ros2_ws/src/install/micro_ros_msgs/lib/python3.12/site-packages/micro_ros_msgs/msg/_graph.py'...
[28.175s] Compiling '/home/p/ros2_ws/src/install/micro_ros_msgs/lib/python3.12/site-packages/micro_ros_msgs/msg/_node.py'...
[28.237s] -- Installing: /home/p/ros2_ws/src/install/micro_ros_msgs/lib/python3.12/site-packages/micro_ros_msgs/micro_ros_msgs_s__rosidl_typesupport_fastrtps_c.so
[28.241s] -- Set non-toolchain portion of runtime path of "/home/p/ros2_ws/src/install/micro_ros_msgs/lib/python3.12/site-packages/micro_ros_msgs/micro_ros_msgs_s__rosidl_typesupport_fastrtps_c.so" to ""
[28.249s] -- Installing: /home/p/ros2_ws/src/install/micro_ros_msgs/lib/python3.12/site-packages/micro_ros_msgs/micro_ros_msgs_s__rosidl_typesupport_introspection_c.so
[28.250s] -- Set non-toolchain portion of runtime path of "/home/p/ros2_ws/src/install/micro_ros_msgs/lib/python3.12/site-packages/micro_ros_msgs/micro_ros_msgs_s__rosidl_typesupport_introspection_c.so" to ""
[28.251s] -- Installing: /home/p/ros2_ws/src/install/micro_ros_msgs/lib/python3.12/site-packages/micro_ros_msgs/micro_ros_msgs_s__rosidl_typesupport_c.so
[28.258s] -- Set non-toolchain portion of runtime path of "/home/p/ros2_ws/src/install/micro_ros_msgs/lib/python3.12/site-packages/micro_ros_msgs/micro_ros_msgs_s__rosidl_typesupport_c.so" to ""
[28.259s] -- Installing: /home/p/ros2_ws/src/install/micro_ros_msgs/lib/libmicro_ros_msgs__rosidl_generator_py.so
[28.259s] -- Set non-toolchain portion of runtime path of "/home/p/ros2_ws/src/install/micro_ros_msgs/lib/libmicro_ros_msgs__rosidl_generator_py.so" to ""
[28.259s] -- Installing: /home/p/ros2_ws/src/install/micro_ros_msgs/share/micro_ros_msgs/msg/Graph.idl
[28.259s] -- Installing: /home/p/ros2_ws/src/install/micro_ros_msgs/share/micro_ros_msgs/msg/Node.idl
[28.259s] -- Installing: /home/p/ros2_ws/src/install/micro_ros_msgs/share/micro_ros_msgs/msg/Entity.idl
[28.260s] -- Installing: /home/p/ros2_ws/src/install/micro_ros_msgs/share/micro_ros_msgs/msg/Graph.msg
[28.262s] -- Installing: /home/p/ros2_ws/src/install/micro_ros_msgs/share/micro_ros_msgs/msg/Node.msg
[28.265s] -- Installing: /home/p/ros2_ws/src/install/micro_ros_msgs/share/micro_ros_msgs/msg/Entity.msg
[28.271s] -- Installing: /home/p/ros2_ws/src/install/micro_ros_msgs/share/ament_index/resource_index/package_run_dependencies/micro_ros_msgs
[28.273s] -- Installing: /home/p/ros2_ws/src/install/micro_ros_msgs/share/ament_index/resource_index/parent_prefix_path/micro_ros_msgs
[28.273s] -- Installing: /home/p/ros2_ws/src/install/micro_ros_msgs/share/micro_ros_msgs/environment/ament_prefix_path.sh
[28.273s] -- Installing: /home/p/ros2_ws/src/install/micro_ros_msgs/share/micro_ros_msgs/environment/ament_prefix_path.dsv
[28.274s] -- Installing: /home/p/ros2_ws/src/install/micro_ros_msgs/share/micro_ros_msgs/environment/path.sh
[28.274s] -- Installing: /home/p/ros2_ws/src/install/micro_ros_msgs/share/micro_ros_msgs/environment/path.dsv
[28.276s] -- Installing: /home/p/ros2_ws/src/install/micro_ros_msgs/share/micro_ros_msgs/local_setup.bash
[28.276s] -- Installing: /home/p/ros2_ws/src/install/micro_ros_msgs/share/micro_ros_msgs/local_setup.sh
[28.288s] -- Installing: /home/p/ros2_ws/src/install/micro_ros_msgs/share/micro_ros_msgs/local_setup.zsh
[28.288s] -- Installing: /home/p/ros2_ws/src/install/micro_ros_msgs/share/micro_ros_msgs/local_setup.dsv
[28.288s] -- Installing: /home/p/ros2_ws/src/install/micro_ros_msgs/share/micro_ros_msgs/package.dsv
[28.289s] -- Installing: /home/p/ros2_ws/src/install/micro_ros_msgs/share/ament_index/resource_index/packages/micro_ros_msgs
[28.290s] -- Installing: /home/p/ros2_ws/src/install/micro_ros_msgs/share/micro_ros_msgs/cmake/export_micro_ros_msgs__rosidl_generator_cExport.cmake
[28.300s] -- Installing: /home/p/ros2_ws/src/install/micro_ros_msgs/share/micro_ros_msgs/cmake/export_micro_ros_msgs__rosidl_generator_cExport-noconfig.cmake
[28.300s] -- Installing: /home/p/ros2_ws/src/install/micro_ros_msgs/share/micro_ros_msgs/cmake/export_micro_ros_msgs__rosidl_typesupport_fastrtps_cExport.cmake
[28.300s] -- Installing: /home/p/ros2_ws/src/install/micro_ros_msgs/share/micro_ros_msgs/cmake/export_micro_ros_msgs__rosidl_typesupport_fastrtps_cExport-noconfig.cmake
[28.300s] -- Installing: /home/p/ros2_ws/src/install/micro_ros_msgs/share/micro_ros_msgs/cmake/micro_ros_msgs__rosidl_typesupport_introspection_cExport.cmake
[28.305s] -- Installing: /home/p/ros2_ws/src/install/micro_ros_msgs/share/micro_ros_msgs/cmake/micro_ros_msgs__rosidl_typesupport_introspection_cExport-noconfig.cmake
[28.306s] -- Installing: /home/p/ros2_ws/src/install/micro_ros_msgs/share/micro_ros_msgs/cmake/micro_ros_msgs__rosidl_typesupport_cExport.cmake
[28.306s] -- Installing: /home/p/ros2_ws/src/install/micro_ros_msgs/share/micro_ros_msgs/cmake/micro_ros_msgs__rosidl_typesupport_cExport-noconfig.cmake
[28.311s] -- Installing: /home/p/ros2_ws/src/install/micro_ros_msgs/share/micro_ros_msgs/cmake/export_micro_ros_msgs__rosidl_generator_cppExport.cmake
[28.311s] -- Installing: /home/p/ros2_ws/src/install/micro_ros_msgs/share/micro_ros_msgs/cmake/export_micro_ros_msgs__rosidl_typesupport_fastrtps_cppExport.cmake
[28.317s] -- Installing: /home/p/ros2_ws/src/install/micro_ros_msgs/share/micro_ros_msgs/cmake/export_micro_ros_msgs__rosidl_typesupport_fastrtps_cppExport-noconfig.cmake
[28.317s] -- Installing: /home/p/ros2_ws/src/install/micro_ros_msgs/share/micro_ros_msgs/cmake/micro_ros_msgs__rosidl_typesupport_introspection_cppExport.cmake
[28.317s] -- Installing: /home/p/ros2_ws/src/install/micro_ros_msgs/share/micro_ros_msgs/cmake/micro_ros_msgs__rosidl_typesupport_introspection_cppExport-noconfig.cmake
[28.317s] -- Installing: /home/p/ros2_ws/src/install/micro_ros_msgs/share/micro_ros_msgs/cmake/micro_ros_msgs__rosidl_typesupport_cppExport.cmake
[28.318s] -- Installing: /home/p/ros2_ws/src/install/micro_ros_msgs/share/micro_ros_msgs/cmake/micro_ros_msgs__rosidl_typesupport_cppExport-noconfig.cmake
[28.318s] -- Installing: /home/p/ros2_ws/src/install/micro_ros_msgs/share/micro_ros_msgs/cmake/export_micro_ros_msgs__rosidl_generator_pyExport.cmake
[28.318s] -- Installing: /home/p/ros2_ws/src/install/micro_ros_msgs/share/micro_ros_msgs/cmake/export_micro_ros_msgs__rosidl_generator_pyExport-noconfig.cmake
[28.323s] -- Installing: /home/p/ros2_ws/src/install/micro_ros_msgs/share/micro_ros_msgs/cmake/rosidl_cmake-extras.cmake
[28.324s] -- Installing: /home/p/ros2_ws/src/install/micro_ros_msgs/share/micro_ros_msgs/cmake/ament_cmake_export_include_directories-extras.cmake
[28.325s] -- Installing: /home/p/ros2_ws/src/install/micro_ros_msgs/share/micro_ros_msgs/cmake/ament_cmake_export_libraries-extras.cmake
[28.326s] -- Installing: /home/p/ros2_ws/src/install/micro_ros_msgs/share/micro_ros_msgs/cmake/ament_cmake_export_targets-extras.cmake
[28.326s] -- Installing: /home/p/ros2_ws/src/install/micro_ros_msgs/share/micro_ros_msgs/cmake/rosidl_cmake_export_typesupport_targets-extras.cmake
[28.326s] -- Installing: /home/p/ros2_ws/src/install/micro_ros_msgs/share/micro_ros_msgs/cmake/ament_cmake_export_dependencies-extras.cmake
[28.337s] -- Installing: /home/p/ros2_ws/src/install/micro_ros_msgs/share/micro_ros_msgs/cmake/rosidl_cmake_export_typesupport_libraries-extras.cmake
[28.337s] -- Installing: /home/p/ros2_ws/src/install/micro_ros_msgs/share/micro_ros_msgs/cmake/micro_ros_msgsConfig.cmake
[28.337s] -- Installing: /home/p/ros2_ws/src/install/micro_ros_msgs/share/micro_ros_msgs/cmake/micro_ros_msgsConfig-version.cmake
[28.337s] -- Installing: /home/p/ros2_ws/src/install/micro_ros_msgs/share/micro_ros_msgs/package.xml
[28.372s] Invoked command in '/home/p/ros2_ws/src/build/micro_ros_msgs' returned '0': CMAKE_PREFIX_PATH=${CMAKE_PREFIX_PATH}:/home/p/ros2_ws/install/sweep_builder:/home/p/ros2_ws/install/optical_cane_rpi:/home/p/ros2_ws/install/mpu9250:/opt/ros/jazzy DEBUGINFOD_URLS=https://debuginfod.ubuntu.com /usr/bin/cmake --install /home/p/ros2_ws/src/build/micro_ros_msgs
