[0.095s] Invoking command in '/home/p/ros2_ws/build/cartographer': CMAKE_PREFIX_PATH=${CMAKE_PREFIX_PATH}:/home/p/ros2_ws/install/mpu9250:/home/p/ros2_ws/install/sweep_builder:/home/p/ros2_ws/install/scan_to_pointcloud:/home/p/ros2_ws/install/mpu9250_py:/home/p/ros2_ws/install/mpu6050_py:/home/p/ros2_ws/install/lidar_imu_tf:/home/p/ros2_ws/install/lidar_imu_correction:/home/p/ros2_ws/install/lidar_icp_odometry:/opt/ros/jazzy DEBUGINFOD_URLS=https://debuginfod.ubuntu.com /usr/bin/cmake --build /home/p/ros2_ws/build/cartographer -- -j4 -l4
[1.137s] [  0%] [34m[1mBuilding documentation.[0m
[1.137s] [  1%] Built target gtest
[1.137s] [  1%] Built target cartographer_detect_changes
[1.137s] [  2%] Built target gmock
[1.137s] [  2%] Built target gmock_main
[1.137s] [ 55%] Built target cartographer
[1.137s] [ 56%] Built target cartographer_pbstream
[1.137s] [ 57%] Built target cartographer_autogenerate_ground_truth
[1.155s] [01mRunning Sphinx v7.2.6[39;49;00m
[1.160s] [ 57%] Built target cartographer_compute_relations_metrics
[1.246s] [ 57%] Built target cartographer_print_configuration
[1.309s] [ 58%] Built target cartographer_test_library
[1.429s] [ 59%] Built target cartographer.common.fixed_ratio_sampler_test
[1.448s] [ 59%] Built target cartographer.common.configuration_files_test
[1.464s] [ 59%] Built target cartographer.common.internal.blocking_queue_test
[1.569s] [ 60%] Built target cartographer.common.internal.rate_timer_test
[1.603s] [ 60%] Built target cartographer.common.lua_parameter_dictionary_test
[1.622s] [ 61%] Built target cartographer.common.math_test
[1.684s] [01mloading pickled environment... [39;49;00mdone
[1.690s] [ 61%] Built target cartographer.common.task_test
[1.692s] [01mbuilding [mo]: [39;49;00mtargets for 0 po files that are out of date
[1.693s] [01mwriting output... [39;49;00m
[1.694s] [01mbuilding [html]: [39;49;00mtargets for 0 source files that are out of date
[1.696s] [01mupdating environment: [39;49;00m0 added, 0 changed, 0 removed
[1.697s] [01mreading sources... [39;49;00m
[1.698s] [01mlooking for now-outdated files... [39;49;00mnone found
[1.698s] [01mno targets are out of date.[39;49;00m
[1.698s] [01mbuild succeeded.[39;49;00m
[1.698s] 
[1.701s] The HTML pages are in html.
[1.724s] [ 62%] Built target cartographer.common.thread_pool_test
[1.768s] [ 63%] Built target cartographer.io.internal.in_memory_proto_stream_test
[1.778s] [ 63%] Built target cartographer.io.fake_file_writer_test
[1.878s] [ 63%] Built target cartographer.io.points_processor_pipeline_builder_test
[1.893s] [ 63%] Built target cartographer.io.proto_stream_deserializer_test
[1.906s] [ 64%] Built target cartographer.io.probability_grid_points_processor_test
[2.037s] [ 65%] Built target cartographer.mapping.2d.map_limits_test
[2.038s] [ 65%] Built target cartographer.io.serialization_format_migration_test
[2.042s] [ 66%] Built target cartographer.io.proto_stream_test
[2.131s] [ 66%] Built target build_doc
[2.173s] [ 66%] Built target cartographer.mapping.2d.probability_grid_test
[2.184s] [ 67%] Built target cartographer.mapping.2d.range_data_inserter_2d_test
[2.196s] [ 67%] Built target cartographer.mapping.2d.submap_2d_test
[2.282s] [ 68%] Built target cartographer.mapping.2d.xy_index_test
[2.306s] [ 69%] Built target cartographer.mapping.3d.range_data_inserter_3d_test
[2.330s] [ 69%] Built target cartographer.mapping.3d.hybrid_grid_test
[2.347s] [ 69%] Built target cartographer.mapping.3d.submap_3d_test
[2.424s] [ 69%] Built target cartographer.mapping.imu_tracker_test
[2.441s] [ 70%] Built target cartographer.mapping.id_test
[2.487s] [ 71%] Built target cartographer.mapping.internal.2d.normal_estimation_2d_test
[2.523s] [ 71%] Built target cartographer.mapping.internal.2d.overlapping_submaps_trimmer_2d_test
[2.564s] [ 72%] Built target cartographer.mapping.internal.2d.pose_graph_2d_test
[2.575s] [ 72%] Built target cartographer.mapping.internal.2d.ray_to_pixel_mask_test
[2.606s] [ 73%] Built target cartographer.mapping.internal.2d.scan_matching.ceres_scan_matcher_2d_test
[2.637s] [ 73%] Built target cartographer.mapping.internal.2d.scan_matching.correlative_scan_matcher_test
[2.689s] [ 74%] Built target cartographer.mapping.internal.2d.scan_matching.fast_correlative_scan_matcher_2d_test
[2.694s] [ 75%] Built target cartographer.mapping.internal.2d.scan_matching.interpolated_tsdf_2d_test
[2.745s] [ 75%] Built target cartographer.mapping.internal.2d.scan_matching.occupied_space_cost_function_2d_test
[2.778s] [ 76%] Built target cartographer.mapping.internal.2d.scan_matching.real_time_correlative_scan_matcher_2d_test
[2.812s] [ 76%] Built target cartographer.mapping.internal.2d.scan_matching.tsdf_match_cost_function_2d_test
[2.821s] [ 77%] Built target cartographer.mapping.internal.2d.tsd_value_converter_test
[2.839s] [ 77%] Built target cartographer.mapping.internal.2d.tsdf_2d_test
[2.913s] [ 78%] Built target cartographer.mapping.internal.2d.tsdf_range_data_inserter_2d_test
[2.924s] [ 79%] Built target cartographer.mapping.internal.3d.pose_graph_3d_test
[2.943s] [ 79%] Built target cartographer.mapping.internal.3d.rotation_parameterization_test
[2.945s] [ 79%] Built target cartographer.mapping.internal.3d.local_trajectory_builder_3d_test
[3.088s] [ 80%] Built target cartographer.mapping.internal.3d.scan_matching.intensity_cost_function_3d_test
[3.093s] [ 81%] Built target cartographer.mapping.internal.3d.scan_matching.ceres_scan_matcher_3d_test
[3.095s] [ 81%] Built target cartographer.mapping.internal.3d.scan_matching.fast_correlative_scan_matcher_3d_test
[3.107s] [ 81%] Built target cartographer.mapping.internal.3d.scan_matching.interpolated_grid_test
[3.216s] [ 82%] Built target cartographer.mapping.internal.3d.scan_matching.precomputation_grid_3d_test
[3.222s] [ 82%] Built target cartographer.mapping.internal.3d.scan_matching.real_time_correlative_scan_matcher_3d_test
[3.243s] [ 82%] Built target cartographer.mapping.internal.3d.scan_matching.rotational_scan_matcher_test
[3.246s] [ 83%] Built target cartographer.mapping.internal.3d.scan_matching.rotation_delta_cost_functor_3d_test
[3.374s] [ 84%] Built target cartographer.mapping.internal.connected_components_test
[3.389s] [ 84%] Built target cartographer.mapping.internal.motion_filter_test
[3.395s] [ 84%] Built target cartographer.mapping.internal.constraints.constraint_builder_2d_test
[3.417s] [ 85%] Built target cartographer.mapping.internal.constraints.constraint_builder_3d_test
[3.543s] [ 85%] Built target cartographer.mapping.internal.optimization.cost_functions.landmark_cost_function_3d_test
[3.549s] [ 86%] Built target cartographer.mapping.internal.optimization.cost_functions.spa_cost_function_2d_test
[3.555s] [ 87%] Built target cartographer.mapping.internal.optimization.cost_functions.landmark_cost_function_2d_test
[3.592s] [ 87%] Built target cartographer.mapping.internal.optimization.optimization_problem_3d_test
[3.710s] [ 88%] Built target cartographer.mapping.internal.range_data_collator_test
[3.722s] [ 89%] Built target cartographer.mapping.internal.trajectory_connectivity_state_test
[3.723s] [ 89%] Built target cartographer.mapping.map_builder_test
[3.757s] [ 89%] Built target cartographer.mapping.pose_extrapolator_test
[3.864s] [ 89%] Built target cartographer.mapping.pose_graph_trimmer_test
[3.866s] [ 90%] Built target cartographer.mapping.pose_graph_test
[3.872s] [ 91%] Built target cartographer.mapping.probability_values_test
[3.907s] [ 91%] Built target cartographer.mapping.submaps_test
[3.972s] [ 92%] Built target cartographer.mapping.trajectory_node_test
[4.007s] [ 92%] Built target cartographer.mapping.value_conversion_tables_test
[4.031s] [ 93%] Built target cartographer.sensor.compressed_point_cloud_test
[4.048s] [ 93%] Built target cartographer.sensor.internal.collator_test
[4.113s] [ 94%] Built target cartographer.sensor.internal.ordered_multi_queue_test
[4.155s] [ 95%] Built target cartographer.sensor.internal.trajectory_collator_test
[4.163s] [ 95%] Built target cartographer.sensor.internal.voxel_filter_test
[4.169s] [ 96%] Built target cartographer.sensor.landmark_data_test
[4.276s] [ 97%] Built target cartographer.sensor.point_cloud_test
[4.283s] [ 97%] Built target cartographer.sensor.map_by_time_test
[4.310s] [ 97%] Built target cartographer.sensor.range_data_test
[4.311s] [ 98%] Built target cartographer.transform.rigid_transform_test
[4.414s] [ 98%] Built target cartographer.transform.timestamped_transform_test
[4.430s] [100%] Built target cartographer.transform.transform_interpolation_buffer_test
[4.442s] [100%] Built target cartographer.transform.transform_test
[4.482s] Invoked command in '/home/p/ros2_ws/build/cartographer' returned '0': CMAKE_PREFIX_PATH=${CMAKE_PREFIX_PATH}:/home/p/ros2_ws/install/mpu9250:/home/p/ros2_ws/install/sweep_builder:/home/p/ros2_ws/install/scan_to_pointcloud:/home/p/ros2_ws/install/mpu9250_py:/home/p/ros2_ws/install/mpu6050_py:/home/p/ros2_ws/install/lidar_imu_tf:/home/p/ros2_ws/install/lidar_imu_correction:/home/p/ros2_ws/install/lidar_icp_odometry:/opt/ros/jazzy DEBUGINFOD_URLS=https://debuginfod.ubuntu.com /usr/bin/cmake --build /home/p/ros2_ws/build/cartographer -- -j4 -l4
[4.483s] Invoking command in '/home/p/ros2_ws/build/cartographer': CMAKE_PREFIX_PATH=${CMAKE_PREFIX_PATH}:/home/p/ros2_ws/install/mpu9250:/home/p/ros2_ws/install/sweep_builder:/home/p/ros2_ws/install/scan_to_pointcloud:/home/p/ros2_ws/install/mpu9250_py:/home/p/ros2_ws/install/mpu6050_py:/home/p/ros2_ws/install/lidar_imu_tf:/home/p/ros2_ws/install/lidar_imu_correction:/home/p/ros2_ws/install/lidar_icp_odometry:/opt/ros/jazzy DEBUGINFOD_URLS=https://debuginfod.ubuntu.com /usr/bin/cmake --install /home/p/ros2_ws/build/cartographer
[4.511s] -- Install configuration: "Release"
[4.512s] -- Up-to-date: /home/p/ros2_ws/install/cartographer/share/cartographer/package.xml
[4.513s] -- Up-to-date: /home/p/ros2_ws/install/cartographer/share/cartographer//configuration_files
[4.513s] -- Up-to-date: /home/p/ros2_ws/install/cartographer/share/cartographer//configuration_files/pose_graph.lua
[4.514s] -- Up-to-date: /home/p/ros2_ws/install/cartographer/share/cartographer//configuration_files/trajectory_builder.lua
[4.514s] -- Up-to-date: /home/p/ros2_ws/install/cartographer/share/cartographer//configuration_files/map_builder.lua
[4.514s] -- Up-to-date: /home/p/ros2_ws/install/cartographer/share/cartographer//configuration_files/map_builder_server.lua
[4.514s] -- Up-to-date: /home/p/ros2_ws/install/cartographer/share/cartographer//configuration_files/trajectory_builder_2d.lua
[4.514s] -- Up-to-date: /home/p/ros2_ws/install/cartographer/share/cartographer//configuration_files/trajectory_builder_3d.lua
[4.514s] -- Up-to-date: /home/p/ros2_ws/install/cartographer/share/cartographer//cmake
[4.516s] -- Up-to-date: /home/p/ros2_ws/install/cartographer/share/cartographer//cmake/modules
[4.516s] -- Up-to-date: /home/p/ros2_ws/install/cartographer/share/cartographer//cmake/modules/FindEigen3.cmake
[4.517s] -- Up-to-date: /home/p/ros2_ws/install/cartographer/share/cartographer//cmake/modules/FindLuaGoogle.cmake
[4.517s] -- Up-to-date: /home/p/ros2_ws/install/cartographer/share/cartographer//cmake/modules/FindSphinx.cmake
[4.517s] -- Up-to-date: /home/p/ros2_ws/install/cartographer/share/cartographer//cmake/modules/FindGMock.cmake
[4.517s] -- Up-to-date: /home/p/ros2_ws/install/cartographer/share/cartographer//cmake/functions.cmake
[4.517s] -- Up-to-date: /home/p/ros2_ws/install/cartographer/bin/cartographer_autogenerate_ground_truth
[4.519s] -- Up-to-date: /home/p/ros2_ws/install/cartographer/bin/cartographer_compute_relations_metrics
[4.519s] -- Up-to-date: /home/p/ros2_ws/install/cartographer/bin/cartographer_pbstream
[4.519s] -- Up-to-date: /home/p/ros2_ws/install/cartographer/bin/cartographer_print_configuration
[4.520s] -- Up-to-date: /home/p/ros2_ws/install/cartographer/lib/libcartographer.a
[4.520s] -- Up-to-date: /home/p/ros2_ws/install/cartographer/include/cartographer/common/configuration_file_resolver.h
[4.520s] -- Up-to-date: /home/p/ros2_ws/install/cartographer/include/cartographer/common/fixed_ratio_sampler.h
[4.520s] -- Up-to-date: /home/p/ros2_ws/install/cartographer/include/cartographer/common/histogram.h
[4.521s] -- Up-to-date: /home/p/ros2_ws/install/cartographer/include/cartographer/common/lua.h
[4.521s] -- Up-to-date: /home/p/ros2_ws/install/cartographer/include/cartographer/common/lua_parameter_dictionary.h
[4.522s] -- Up-to-date: /home/p/ros2_ws/install/cartographer/include/cartographer/common/math.h
[4.522s] -- Up-to-date: /home/p/ros2_ws/install/cartographer/include/cartographer/common/port.h
[4.523s] -- Up-to-date: /home/p/ros2_ws/install/cartographer/include/cartographer/common/task.h
[4.523s] -- Up-to-date: /home/p/ros2_ws/install/cartographer/include/cartographer/common/thread_pool.h
[4.524s] -- Up-to-date: /home/p/ros2_ws/install/cartographer/include/cartographer/common/time.h
[4.525s] -- Up-to-date: /home/p/ros2_ws/install/cartographer/include/cartographer/ground_truth/autogenerate_ground_truth.h
[4.525s] -- Up-to-date: /home/p/ros2_ws/install/cartographer/include/cartographer/ground_truth/relations_text_file.h
[4.526s] -- Up-to-date: /home/p/ros2_ws/install/cartographer/include/cartographer/io/color.h
[4.526s] -- Up-to-date: /home/p/ros2_ws/install/cartographer/include/cartographer/io/coloring_points_processor.h
[4.526s] -- Up-to-date: /home/p/ros2_ws/install/cartographer/include/cartographer/io/counting_points_processor.h
[4.526s] -- Up-to-date: /home/p/ros2_ws/install/cartographer/include/cartographer/io/draw_trajectories.h
[4.526s] -- Up-to-date: /home/p/ros2_ws/install/cartographer/include/cartographer/io/file_writer.h
[4.527s] -- Up-to-date: /home/p/ros2_ws/install/cartographer/include/cartographer/io/fixed_ratio_sampling_points_processor.h
[4.527s] -- Up-to-date: /home/p/ros2_ws/install/cartographer/include/cartographer/io/frame_id_filtering_points_processor.h
[4.528s] -- Up-to-date: /home/p/ros2_ws/install/cartographer/include/cartographer/io/hybrid_grid_points_processor.h
[4.528s] -- Up-to-date: /home/p/ros2_ws/install/cartographer/include/cartographer/io/image.h
[4.528s] -- Up-to-date: /home/p/ros2_ws/install/cartographer/include/cartographer/io/intensity_to_color_points_processor.h
[4.529s] -- Up-to-date: /home/p/ros2_ws/install/cartographer/include/cartographer/io/min_max_range_filtering_points_processor.h
[4.529s] -- Up-to-date: /home/p/ros2_ws/install/cartographer/include/cartographer/io/null_points_processor.h
[4.529s] -- Up-to-date: /home/p/ros2_ws/install/cartographer/include/cartographer/io/outlier_removing_points_processor.h
[4.529s] -- Up-to-date: /home/p/ros2_ws/install/cartographer/include/cartographer/io/pcd_writing_points_processor.h
[4.529s] -- Up-to-date: /home/p/ros2_ws/install/cartographer/include/cartographer/io/ply_writing_points_processor.h
[4.530s] -- Up-to-date: /home/p/ros2_ws/install/cartographer/include/cartographer/io/points_batch.h
[4.530s] -- Up-to-date: /home/p/ros2_ws/install/cartographer/include/cartographer/io/points_processor.h
[4.531s] -- Up-to-date: /home/p/ros2_ws/install/cartographer/include/cartographer/io/points_processor_pipeline_builder.h
[4.531s] -- Up-to-date: /home/p/ros2_ws/install/cartographer/include/cartographer/io/probability_grid_points_processor.h
[4.531s] -- Up-to-date: /home/p/ros2_ws/install/cartographer/include/cartographer/io/proto_stream.h
[4.531s] -- Up-to-date: /home/p/ros2_ws/install/cartographer/include/cartographer/io/proto_stream_deserializer.h
[4.532s] -- Up-to-date: /home/p/ros2_ws/install/cartographer/include/cartographer/io/proto_stream_interface.h
[4.532s] -- Up-to-date: /home/p/ros2_ws/install/cartographer/include/cartographer/io/serialization_format_migration.h
[4.532s] -- Up-to-date: /home/p/ros2_ws/install/cartographer/include/cartographer/io/submap_painter.h
[4.532s] -- Up-to-date: /home/p/ros2_ws/install/cartographer/include/cartographer/io/vertical_range_filtering_points_processor.h
[4.533s] -- Up-to-date: /home/p/ros2_ws/install/cartographer/include/cartographer/io/xray_points_processor.h
[4.533s] -- Up-to-date: /home/p/ros2_ws/install/cartographer/include/cartographer/io/xyz_writing_points_processor.h
[4.533s] -- Up-to-date: /home/p/ros2_ws/install/cartographer/include/cartographer/mapping/2d/grid_2d.h
[4.534s] -- Up-to-date: /home/p/ros2_ws/install/cartographer/include/cartographer/mapping/2d/map_limits.h
[4.534s] -- Up-to-date: /home/p/ros2_ws/install/cartographer/include/cartographer/mapping/2d/probability_grid.h
[4.535s] -- Up-to-date: /home/p/ros2_ws/install/cartographer/include/cartographer/mapping/2d/probability_grid_range_data_inserter_2d.h
[4.535s] -- Up-to-date: /home/p/ros2_ws/install/cartographer/include/cartographer/mapping/2d/submap_2d.h
[4.535s] -- Up-to-date: /home/p/ros2_ws/install/cartographer/include/cartographer/mapping/2d/xy_index.h
[4.536s] -- Up-to-date: /home/p/ros2_ws/install/cartographer/include/cartographer/mapping/3d/hybrid_grid.h
[4.536s] -- Up-to-date: /home/p/ros2_ws/install/cartographer/include/cartographer/mapping/3d/range_data_inserter_3d.h
[4.536s] -- Up-to-date: /home/p/ros2_ws/install/cartographer/include/cartographer/mapping/3d/submap_3d.h
[4.537s] -- Up-to-date: /home/p/ros2_ws/install/cartographer/include/cartographer/mapping/detect_floors.h
[4.537s] -- Up-to-date: /home/p/ros2_ws/install/cartographer/include/cartographer/mapping/grid_interface.h
[4.537s] -- Up-to-date: /home/p/ros2_ws/install/cartographer/include/cartographer/mapping/id.h
[4.537s] -- Up-to-date: /home/p/ros2_ws/install/cartographer/include/cartographer/mapping/imu_tracker.h
[4.537s] -- Up-to-date: /home/p/ros2_ws/install/cartographer/include/cartographer/mapping/map_builder.h
[4.538s] -- Up-to-date: /home/p/ros2_ws/install/cartographer/include/cartographer/mapping/map_builder_interface.h
[4.538s] -- Up-to-date: /home/p/ros2_ws/install/cartographer/include/cartographer/mapping/pose_extrapolator.h
[4.538s] -- Up-to-date: /home/p/ros2_ws/install/cartographer/include/cartographer/mapping/pose_extrapolator_interface.h
[4.538s] -- Up-to-date: /home/p/ros2_ws/install/cartographer/include/cartographer/mapping/pose_graph.h
[4.538s] -- Up-to-date: /home/p/ros2_ws/install/cartographer/include/cartographer/mapping/pose_graph_interface.h
[4.539s] -- Up-to-date: /home/p/ros2_ws/install/cartographer/include/cartographer/mapping/pose_graph_trimmer.h
[4.539s] -- Up-to-date: /home/p/ros2_ws/install/cartographer/include/cartographer/mapping/probability_values.h
[4.539s] -- Up-to-date: /home/p/ros2_ws/install/cartographer/include/cartographer/mapping/range_data_inserter_interface.h
[4.539s] -- Up-to-date: /home/p/ros2_ws/install/cartographer/include/cartographer/mapping/submaps.h
[4.540s] -- Up-to-date: /home/p/ros2_ws/install/cartographer/include/cartographer/mapping/trajectory_builder_interface.h
[4.540s] -- Up-to-date: /home/p/ros2_ws/install/cartographer/include/cartographer/mapping/trajectory_node.h
[4.542s] -- Up-to-date: /home/p/ros2_ws/install/cartographer/include/cartographer/mapping/value_conversion_tables.h
[4.542s] -- Up-to-date: /home/p/ros2_ws/install/cartographer/include/cartographer/metrics/counter.h
[4.542s] -- Up-to-date: /home/p/ros2_ws/install/cartographer/include/cartographer/metrics/family_factory.h
[4.542s] -- Up-to-date: /home/p/ros2_ws/install/cartographer/include/cartographer/metrics/gauge.h
[4.543s] -- Up-to-date: /home/p/ros2_ws/install/cartographer/include/cartographer/metrics/histogram.h
[4.543s] -- Up-to-date: /home/p/ros2_ws/install/cartographer/include/cartographer/metrics/register.h
[4.543s] -- Up-to-date: /home/p/ros2_ws/install/cartographer/include/cartographer/sensor/collator_interface.h
[4.543s] -- Up-to-date: /home/p/ros2_ws/install/cartographer/include/cartographer/sensor/compressed_point_cloud.h
[4.544s] -- Up-to-date: /home/p/ros2_ws/install/cartographer/include/cartographer/sensor/data.h
[4.544s] -- Up-to-date: /home/p/ros2_ws/install/cartographer/include/cartographer/sensor/fixed_frame_pose_data.h
[4.544s] -- Up-to-date: /home/p/ros2_ws/install/cartographer/include/cartographer/sensor/imu_data.h
[4.545s] -- Up-to-date: /home/p/ros2_ws/install/cartographer/include/cartographer/sensor/landmark_data.h
[4.545s] -- Up-to-date: /home/p/ros2_ws/install/cartographer/include/cartographer/sensor/map_by_time.h
[4.545s] -- Up-to-date: /home/p/ros2_ws/install/cartographer/include/cartographer/sensor/odometry_data.h
[4.545s] -- Up-to-date: /home/p/ros2_ws/install/cartographer/include/cartographer/sensor/point_cloud.h
[4.546s] -- Up-to-date: /home/p/ros2_ws/install/cartographer/include/cartographer/sensor/range_data.h
[4.546s] -- Up-to-date: /home/p/ros2_ws/install/cartographer/include/cartographer/sensor/rangefinder_point.h
[4.546s] -- Up-to-date: /home/p/ros2_ws/install/cartographer/include/cartographer/sensor/timed_point_cloud_data.h
[4.546s] -- Up-to-date: /home/p/ros2_ws/install/cartographer/include/cartographer/transform/rigid_transform.h
[4.547s] -- Up-to-date: /home/p/ros2_ws/install/cartographer/include/cartographer/transform/timestamped_transform.h
[4.547s] -- Up-to-date: /home/p/ros2_ws/install/cartographer/include/cartographer/transform/transform.h
[4.547s] -- Up-to-date: /home/p/ros2_ws/install/cartographer/include/cartographer/transform/transform_interpolation_buffer.h
[4.547s] -- Up-to-date: /home/p/ros2_ws/install/cartographer/include/cartographer/io/fake_file_writer.h
[4.548s] -- Up-to-date: /home/p/ros2_ws/install/cartographer/include/cartographer/transform/rigid_transform_test_helpers.h
[4.548s] -- Up-to-date: /home/p/ros2_ws/install/cartographer/include/cartographer/common/proto/ceres_solver_options.pb.h
[4.548s] -- Up-to-date: /home/p/ros2_ws/install/cartographer/include/cartographer/ground_truth/proto/relations.pb.h
[4.548s] -- Up-to-date: /home/p/ros2_ws/install/cartographer/include/cartographer/mapping/proto/cell_limits_2d.pb.h
[4.549s] -- Up-to-date: /home/p/ros2_ws/install/cartographer/include/cartographer/mapping/proto/connected_components.pb.h
[4.549s] -- Up-to-date: /home/p/ros2_ws/install/cartographer/include/cartographer/mapping/proto/grid_2d.pb.h
[4.549s] -- Up-to-date: /home/p/ros2_ws/install/cartographer/include/cartographer/mapping/proto/grid_2d_options.pb.h
[4.550s] -- Up-to-date: /home/p/ros2_ws/install/cartographer/include/cartographer/mapping/proto/hybrid_grid.pb.h
[4.550s] -- Up-to-date: /home/p/ros2_ws/install/cartographer/include/cartographer/mapping/proto/local_trajectory_builder_options_2d.pb.h
[4.550s] -- Up-to-date: /home/p/ros2_ws/install/cartographer/include/cartographer/mapping/proto/local_trajectory_builder_options_3d.pb.h
[4.550s] -- Up-to-date: /home/p/ros2_ws/install/cartographer/include/cartographer/mapping/proto/map_builder_options.pb.h
[4.551s] -- Up-to-date: /home/p/ros2_ws/install/cartographer/include/cartographer/mapping/proto/map_limits.pb.h
[4.551s] -- Up-to-date: /home/p/ros2_ws/install/cartographer/include/cartographer/mapping/proto/motion_filter_options.pb.h
[4.551s] -- Up-to-date: /home/p/ros2_ws/install/cartographer/include/cartographer/mapping/proto/normal_estimation_options_2d.pb.h
[4.551s] -- Up-to-date: /home/p/ros2_ws/install/cartographer/include/cartographer/mapping/proto/pose_extrapolator_options.pb.h
[4.552s] -- Up-to-date: /home/p/ros2_ws/install/cartographer/include/cartographer/mapping/proto/pose_graph.pb.h
[4.552s] -- Up-to-date: /home/p/ros2_ws/install/cartographer/include/cartographer/mapping/proto/pose_graph/constraint_builder_options.pb.h
[4.552s] -- Up-to-date: /home/p/ros2_ws/install/cartographer/include/cartographer/mapping/proto/pose_graph/optimization_problem_options.pb.h
[4.552s] -- Up-to-date: /home/p/ros2_ws/install/cartographer/include/cartographer/mapping/proto/pose_graph_options.pb.h
[4.552s] -- Up-to-date: /home/p/ros2_ws/install/cartographer/include/cartographer/mapping/proto/probability_grid.pb.h
[4.553s] -- Up-to-date: /home/p/ros2_ws/install/cartographer/include/cartographer/mapping/proto/probability_grid_range_data_inserter_options_2d.pb.h
[4.553s] -- Up-to-date: /home/p/ros2_ws/install/cartographer/include/cartographer/mapping/proto/range_data_inserter_options.pb.h
[4.553s] -- Up-to-date: /home/p/ros2_ws/install/cartographer/include/cartographer/mapping/proto/range_data_inserter_options_3d.pb.h
[4.554s] -- Up-to-date: /home/p/ros2_ws/install/cartographer/include/cartographer/mapping/proto/scan_matching/ceres_scan_matcher_options_2d.pb.h
[4.554s] -- Up-to-date: /home/p/ros2_ws/install/cartographer/include/cartographer/mapping/proto/scan_matching/ceres_scan_matcher_options_3d.pb.h
[4.554s] -- Up-to-date: /home/p/ros2_ws/install/cartographer/include/cartographer/mapping/proto/scan_matching/fast_correlative_scan_matcher_options_2d.pb.h
[4.555s] -- Up-to-date: /home/p/ros2_ws/install/cartographer/include/cartographer/mapping/proto/scan_matching/fast_correlative_scan_matcher_options_3d.pb.h
[4.555s] -- Up-to-date: /home/p/ros2_ws/install/cartographer/include/cartographer/mapping/proto/scan_matching/real_time_correlative_scan_matcher_options.pb.h
[4.555s] -- Up-to-date: /home/p/ros2_ws/install/cartographer/include/cartographer/mapping/proto/serialization.pb.h
[4.555s] -- Up-to-date: /home/p/ros2_ws/install/cartographer/include/cartographer/mapping/proto/submap.pb.h
[4.556s] -- Up-to-date: /home/p/ros2_ws/install/cartographer/include/cartographer/mapping/proto/submap_visualization.pb.h
[4.556s] -- Up-to-date: /home/p/ros2_ws/install/cartographer/include/cartographer/mapping/proto/submaps_options_2d.pb.h
[4.556s] -- Up-to-date: /home/p/ros2_ws/install/cartographer/include/cartographer/mapping/proto/submaps_options_3d.pb.h
[4.557s] -- Up-to-date: /home/p/ros2_ws/install/cartographer/include/cartographer/mapping/proto/trajectory.pb.h
[4.558s] -- Up-to-date: /home/p/ros2_ws/install/cartographer/include/cartographer/mapping/proto/trajectory_builder_options.pb.h
[4.560s] -- Up-to-date: /home/p/ros2_ws/install/cartographer/include/cartographer/mapping/proto/trajectory_node_data.pb.h
[4.560s] -- Up-to-date: /home/p/ros2_ws/install/cartographer/include/cartographer/mapping/proto/tsdf_2d.pb.h
[4.562s] -- Up-to-date: /home/p/ros2_ws/install/cartographer/include/cartographer/mapping/proto/tsdf_range_data_inserter_options_2d.pb.h
[4.562s] -- Up-to-date: /home/p/ros2_ws/install/cartographer/include/cartographer/sensor/proto/adaptive_voxel_filter_options.pb.h
[4.563s] -- Up-to-date: /home/p/ros2_ws/install/cartographer/include/cartographer/sensor/proto/sensor.pb.h
[4.563s] -- Up-to-date: /home/p/ros2_ws/install/cartographer/include/cartographer/transform/proto/timestamped_transform.pb.h
[4.563s] -- Up-to-date: /home/p/ros2_ws/install/cartographer/include/cartographer/transform/proto/transform.pb.h
[4.565s] -- Up-to-date: /home/p/ros2_ws/install/cartographer/share/cartographer/cmake/CartographerTargets.cmake
[4.565s] -- Up-to-date: /home/p/ros2_ws/install/cartographer/share/cartographer/cmake/CartographerTargets-release.cmake
[4.566s] -- Up-to-date: /home/p/ros2_ws/install/cartographer/share/cartographer/cartographer-config.cmake
[4.572s] Invoked command in '/home/p/ros2_ws/build/cartographer' returned '0': CMAKE_PREFIX_PATH=${CMAKE_PREFIX_PATH}:/home/p/ros2_ws/install/mpu9250:/home/p/ros2_ws/install/sweep_builder:/home/p/ros2_ws/install/scan_to_pointcloud:/home/p/ros2_ws/install/mpu9250_py:/home/p/ros2_ws/install/mpu6050_py:/home/p/ros2_ws/install/lidar_imu_tf:/home/p/ros2_ws/install/lidar_imu_correction:/home/p/ros2_ws/install/lidar_icp_odometry:/opt/ros/jazzy DEBUGINFOD_URLS=https://debuginfod.ubuntu.com /usr/bin/cmake --install /home/p/ros2_ws/build/cartographer
