[0.041s] Invoking command in '/home/p/ros2_ws/build/sllidar_ros2': CMAKE_PREFIX_PATH=${CMAKE_PREFIX_PATH}:/home/p/ros2_ws/install/mpu9250:/home/p/ros2_ws/install/sweep_builder:/home/p/ros2_ws/install/scan_to_pointcloud:/home/p/ros2_ws/install/mpu9250_py:/home/p/ros2_ws/install/mpu6050_py:/home/p/ros2_ws/install/lidar_imu_tf:/home/p/ros2_ws/install/lidar_imu_correction:/home/p/ros2_ws/install/lidar_icp_odometry:/opt/ros/jazzy DEBUGINFOD_URLS=https://debuginfod.ubuntu.com /usr/bin/cmake --build /home/p/ros2_ws/build/sllidar_ros2 -- -j4 -l4
[0.316s] [ 10%] Built target sllidar_client
[0.364s] [100%] Built target sllidar_node
[0.438s] Invoked command in '/home/p/ros2_ws/build/sllidar_ros2' returned '0': CMAKE_PREFIX_PATH=${CMAKE_PREFIX_PATH}:/home/p/ros2_ws/install/mpu9250:/home/p/ros2_ws/install/sweep_builder:/home/p/ros2_ws/install/scan_to_pointcloud:/home/p/ros2_ws/install/mpu9250_py:/home/p/ros2_ws/install/mpu6050_py:/home/p/ros2_ws/install/lidar_imu_tf:/home/p/ros2_ws/install/lidar_imu_correction:/home/p/ros2_ws/install/lidar_icp_odometry:/opt/ros/jazzy DEBUGINFOD_URLS=https://debuginfod.ubuntu.com /usr/bin/cmake --build /home/p/ros2_ws/build/sllidar_ros2 -- -j4 -l4
[0.439s] Invoking command in '/home/p/ros2_ws/build/sllidar_ros2': CMAKE_PREFIX_PATH=${CMAKE_PREFIX_PATH}:/home/p/ros2_ws/install/mpu9250:/home/p/ros2_ws/install/sweep_builder:/home/p/ros2_ws/install/scan_to_pointcloud:/home/p/ros2_ws/install/mpu9250_py:/home/p/ros2_ws/install/mpu6050_py:/home/p/ros2_ws/install/lidar_imu_tf:/home/p/ros2_ws/install/lidar_imu_correction:/home/p/ros2_ws/install/lidar_icp_odometry:/opt/ros/jazzy DEBUGINFOD_URLS=https://debuginfod.ubuntu.com /usr/bin/cmake --install /home/p/ros2_ws/build/sllidar_ros2
[0.467s] -- Install configuration: ""
[0.469s] -- Execute custom install script
[0.471s] -- Up-to-date symlink: /home/p/ros2_ws/install/sllidar_ros2/share/sllidar_ros2/launch/a2m8_with_9250_launch.py
[0.472s] -- Up-to-date symlink: /home/p/ros2_ws/install/sllidar_ros2/share/sllidar_ros2/launch/a2m8_with_filtred_9250_launch.py
[0.473s] -- Up-to-date symlink: /home/p/ros2_ws/install/sllidar_ros2/share/sllidar_ros2/launch/a2m8_with_filtred_9250_launch.py.bak
[0.475s] -- Up-to-date symlink: /home/p/ros2_ws/install/sllidar_ros2/share/sllidar_ros2/launch/combined_sensors_launch.py
[0.477s] -- Up-to-date symlink: /home/p/ros2_ws/install/sllidar_ros2/share/sllidar_ros2/launch/othres/sllidar_a1_launch.py
[0.477s] -- Up-to-date symlink: /home/p/ros2_ws/install/sllidar_ros2/share/sllidar_ros2/launch/othres/sllidar_a2m12_launch .py
[0.479s] -- Up-to-date symlink: /home/p/ros2_ws/install/sllidar_ros2/share/sllidar_ros2/launch/othres/sllidar_a2m7_launch.py
[0.479s] -- Up-to-date symlink: /home/p/ros2_ws/install/sllidar_ros2/share/sllidar_ros2/launch/othres/sllidar_a3_launch.py
[0.480s] -- Up-to-date symlink: /home/p/ros2_ws/install/sllidar_ros2/share/sllidar_ros2/launch/othres/sllidar_c1_launch.py
[0.481s] -- Up-to-date symlink: /home/p/ros2_ws/install/sllidar_ros2/share/sllidar_ros2/launch/othres/sllidar_s1_launch.py
[0.481s] -- Up-to-date symlink: /home/p/ros2_ws/install/sllidar_ros2/share/sllidar_ros2/launch/othres/sllidar_s1_tcp_launch.py
[0.483s] -- Up-to-date symlink: /home/p/ros2_ws/install/sllidar_ros2/share/sllidar_ros2/launch/othres/sllidar_s2_launch.py
[0.483s] -- Up-to-date symlink: /home/p/ros2_ws/install/sllidar_ros2/share/sllidar_ros2/launch/othres/sllidar_s2e_launch.py
[0.483s] -- Up-to-date symlink: /home/p/ros2_ws/install/sllidar_ros2/share/sllidar_ros2/launch/othres/sllidar_s3_launch.py
[0.484s] -- Up-to-date symlink: /home/p/ros2_ws/install/sllidar_ros2/share/sllidar_ros2/launch/othres/sllidar_t1_launch.py
[0.485s] -- Up-to-date symlink: /home/p/ros2_ws/install/sllidar_ros2/share/sllidar_ros2/launch/othres/view_sllidar_a1_launch.py
[0.487s] -- Up-to-date symlink: /home/p/ros2_ws/install/sllidar_ros2/share/sllidar_ros2/launch/othres/view_sllidar_a2m12_launch.py
[0.487s] -- Up-to-date symlink: /home/p/ros2_ws/install/sllidar_ros2/share/sllidar_ros2/launch/othres/view_sllidar_a2m7_launch.py
[0.488s] -- Up-to-date symlink: /home/p/ros2_ws/install/sllidar_ros2/share/sllidar_ros2/launch/othres/view_sllidar_a3_launch.py
[0.488s] -- Up-to-date symlink: /home/p/ros2_ws/install/sllidar_ros2/share/sllidar_ros2/launch/othres/view_sllidar_c1_launch.py
[0.488s] -- Up-to-date symlink: /home/p/ros2_ws/install/sllidar_ros2/share/sllidar_ros2/launch/othres/view_sllidar_s1_launch.py
[0.489s] -- Up-to-date symlink: /home/p/ros2_ws/install/sllidar_ros2/share/sllidar_ros2/launch/othres/view_sllidar_s1_tcp_launch.py
[0.489s] -- Up-to-date symlink: /home/p/ros2_ws/install/sllidar_ros2/share/sllidar_ros2/launch/othres/view_sllidar_s2_launch.py
[0.490s] -- Up-to-date symlink: /home/p/ros2_ws/install/sllidar_ros2/share/sllidar_ros2/launch/othres/view_sllidar_s2e_launch.py
[0.490s] -- Up-to-date symlink: /home/p/ros2_ws/install/sllidar_ros2/share/sllidar_ros2/launch/othres/view_sllidar_s3_launch.py
[0.491s] -- Up-to-date symlink: /home/p/ros2_ws/install/sllidar_ros2/share/sllidar_ros2/launch/othres/view_sllidar_t1_launch.py
[0.491s] -- Up-to-date symlink: /home/p/ros2_ws/install/sllidar_ros2/share/sllidar_ros2/launch/rplidar_a2m8_launch.py
[0.492s] -- Up-to-date symlink: /home/p/ros2_ws/install/sllidar_ros2/share/sllidar_ros2/launch/see_rplidar_a2m8_launch.py
[0.492s] -- Up-to-date symlink: /home/p/ros2_ws/install/sllidar_ros2/share/sllidar_ros2/launch/sensor_only_launch.py
[0.493s] -- Up-to-date symlink: /home/p/ros2_ws/install/sllidar_ros2/share/sllidar_ros2/launch/sllidar_a2m8_launch.py
[0.493s] -- Up-to-date symlink: /home/p/ros2_ws/install/sllidar_ros2/share/sllidar_ros2/launch/view_sllidar_a2m8_launch.py
[0.495s] -- Up-to-date symlink: /home/p/ros2_ws/install/sllidar_ros2/share/sllidar_ros2/rviz/sllidar_ros2.rviz
[0.496s] -- Up-to-date symlink: /home/p/ros2_ws/install/sllidar_ros2/share/sllidar_ros2/rviz/sllidar_with_imu.rviz
[0.496s] -- Up-to-date symlink: /home/p/ros2_ws/install/sllidar_ros2/lib/sllidar_ros2/sllidar_node
[0.496s] -- Up-to-date symlink: /home/p/ros2_ws/install/sllidar_ros2/lib/sllidar_ros2/sllidar_client
[0.497s] -- Up-to-date symlink: /home/p/ros2_ws/install/sllidar_ros2/share/ament_index/resource_index/package_run_dependencies/sllidar_ros2
[0.498s] -- Up-to-date symlink: /home/p/ros2_ws/install/sllidar_ros2/share/ament_index/resource_index/parent_prefix_path/sllidar_ros2
[0.498s] -- Up-to-date symlink: /home/p/ros2_ws/install/sllidar_ros2/share/sllidar_ros2/environment/ament_prefix_path.sh
[0.499s] -- Up-to-date symlink: /home/p/ros2_ws/install/sllidar_ros2/share/sllidar_ros2/environment/ament_prefix_path.dsv
[0.499s] -- Up-to-date symlink: /home/p/ros2_ws/install/sllidar_ros2/share/sllidar_ros2/environment/path.sh
[0.500s] -- Up-to-date symlink: /home/p/ros2_ws/install/sllidar_ros2/share/sllidar_ros2/environment/path.dsv
[0.501s] -- Up-to-date symlink: /home/p/ros2_ws/install/sllidar_ros2/share/sllidar_ros2/local_setup.bash
[0.502s] -- Up-to-date symlink: /home/p/ros2_ws/install/sllidar_ros2/share/sllidar_ros2/local_setup.sh
[0.503s] -- Up-to-date symlink: /home/p/ros2_ws/install/sllidar_ros2/share/sllidar_ros2/local_setup.zsh
[0.503s] -- Up-to-date symlink: /home/p/ros2_ws/install/sllidar_ros2/share/sllidar_ros2/local_setup.dsv
[0.504s] -- Symlinking: /home/p/ros2_ws/install/sllidar_ros2/share/sllidar_ros2/package.dsv
[0.547s] -- Up-to-date symlink: /home/p/ros2_ws/install/sllidar_ros2/share/ament_index/resource_index/packages/sllidar_ros2
[0.547s] -- Up-to-date symlink: /home/p/ros2_ws/install/sllidar_ros2/share/sllidar_ros2/cmake/ament_cmake_export_dependencies-extras.cmake
[0.547s] -- Up-to-date symlink: /home/p/ros2_ws/install/sllidar_ros2/share/sllidar_ros2/cmake/ament_cmake_export_include_directories-extras.cmake
[0.547s] -- Up-to-date symlink: /home/p/ros2_ws/install/sllidar_ros2/share/sllidar_ros2/cmake/sllidar_ros2Config.cmake
[0.547s] -- Up-to-date symlink: /home/p/ros2_ws/install/sllidar_ros2/share/sllidar_ros2/cmake/sllidar_ros2Config-version.cmake
[0.552s] -- Up-to-date symlink: /home/p/ros2_ws/install/sllidar_ros2/share/sllidar_ros2/package.xml
[0.553s] Invoked command in '/home/p/ros2_ws/build/sllidar_ros2' returned '0': CMAKE_PREFIX_PATH=${CMAKE_PREFIX_PATH}:/home/p/ros2_ws/install/mpu9250:/home/p/ros2_ws/install/sweep_builder:/home/p/ros2_ws/install/scan_to_pointcloud:/home/p/ros2_ws/install/mpu9250_py:/home/p/ros2_ws/install/mpu6050_py:/home/p/ros2_ws/install/lidar_imu_tf:/home/p/ros2_ws/install/lidar_imu_correction:/home/p/ros2_ws/install/lidar_icp_odometry:/opt/ros/jazzy DEBUGINFOD_URLS=https://debuginfod.ubuntu.com /usr/bin/cmake --install /home/p/ros2_ws/build/sllidar_ros2
