[0.135s] Invoking command in '/home/p/ros2_ws/src/build/cpp_package': CMAKE_PREFIX_PATH=${CMAKE_PREFIX_PATH}:/home/p/ros2_ws/install/sweep_builder:/home/p/ros2_ws/install/optical_cane_rpi:/home/p/ros2_ws/install/mpu9250:/opt/ros/jazzy DEBUGINFOD_URLS=https://debuginfod.ubuntu.com /usr/bin/cmake --build /home/p/ros2_ws/src/build/cpp_package -- -j4 -l4
[0.373s] [  1%] Built target cpp_package__rosidl_generator_type_description
[0.388s] [  3%] Built target pointcloud_formatter_node
[0.394s] [  5%] Built target icp_3d_odom_node
[0.431s] [  5%] Built target ament_cmake_python_copy_cpp_package
[0.467s] [  7%] Built target deskew_node
[0.472s] [  9%] Built target obstacle_detector_node
[0.496s] [ 11%] Built target front_cloud_filter_node
[0.541s] [ 14%] Built target point_cloud_sweeper_cpp_node
[0.613s] [ 16%] Built target point_cloud_statistical_outlier_remover_cpp_node
[0.643s] [ 18%] Built target point_cloud_voxel_filter_cpp_node
[0.643s] [ 20%] Built target point_cloud_passthrough_filter_cpp_node
[0.648s] [ 22%] Built target point_cloud_accumulator_cpp_node
[0.686s] [ 25%] Built target point_count_sweeper_node
[0.727s] [ 27%] Built target z_variance_sweeper_node
[0.736s] [ 29%] Built target stable_ground_detector_node
[0.772s] [ 31%] Built target projected_ground_detector_node
[0.810s] [ 33%] Built target imu_odometry_node
[0.811s] [ 35%] Built target height_ground_detector_node
[0.831s] [ 36%] Built target cpp_package__cpp
[0.871s] [ 45%] Built target cpp_package__rosidl_generator_c
[0.886s] [ 47%] Built target step_detector_node
[0.928s] [ 52%] Built target cpp_package__rosidl_typesupport_cpp
[0.934s] [ 56%] Built target cpp_package__rosidl_typesupport_fastrtps_c
[0.960s] [ 60%] Built target cpp_package__rosidl_typesupport_fastrtps_cpp
[1.017s] [ 65%] Built target cpp_package__rosidl_typesupport_introspection_c
[1.029s] [ 69%] Built target cpp_package__rosidl_typesupport_c
[1.036s] [ 73%] Built target cpp_package__rosidl_typesupport_introspection_cpp
[1.114s] [ 76%] Built target obstacle_evaluator_node
[1.126s] [ 78%] Built target navigation_hint_node
[1.132s] [ 80%] Built target haptic_driver_node
[1.237s] [ 82%] Built target ground_plane_fitter_lock_plane_node
[1.258s] [ 84%] Built target ground_plane_fitter_no_voxel_node
[1.306s] [ 84%] Built target cpp_package
[1.314s] [ 86%] Built target ground_plane_fitter_node
[1.340s] [ 88%] Building CXX object CMakeFiles/stable_ground_fitter_node.dir/src/stable_ground_fitter_node.cpp.o
[1.358s] [ 89%] Built target cpp_package__py
[1.407s] [ 92%] Built target cpp_package__rosidl_generator_py
[1.433s] running egg_info
[1.459s] [ 95%] Built target cpp_package_s__rosidl_typesupport_introspection_c
[1.459s] [ 96%] Built target cpp_package_s__rosidl_typesupport_fastrtps_c
[1.483s] writing cpp_package.egg-info/PKG-INFO
[1.483s] writing dependency_links to cpp_package.egg-info/dependency_links.txt
[1.484s] writing top-level names to cpp_package.egg-info/top_level.txt
[1.508s] [ 98%] Built target cpp_package_s__rosidl_typesupport_c
[1.612s] reading manifest file 'cpp_package.egg-info/SOURCES.txt'
[1.616s] writing manifest file 'cpp_package.egg-info/SOURCES.txt'
[1.692s] [ 98%] Built target ament_cmake_python_build_cpp_package_egg
[33.677s] [100%] Linking CXX executable stable_ground_fitter_node
[37.521s] [100%] Built target stable_ground_fitter_node
[37.547s] Invoked command in '/home/p/ros2_ws/src/build/cpp_package' returned '0': CMAKE_PREFIX_PATH=${CMAKE_PREFIX_PATH}:/home/p/ros2_ws/install/sweep_builder:/home/p/ros2_ws/install/optical_cane_rpi:/home/p/ros2_ws/install/mpu9250:/opt/ros/jazzy DEBUGINFOD_URLS=https://debuginfod.ubuntu.com /usr/bin/cmake --build /home/p/ros2_ws/src/build/cpp_package -- -j4 -l4
[37.569s] Invoking command in '/home/p/ros2_ws/src/build/cpp_package': CMAKE_PREFIX_PATH=${CMAKE_PREFIX_PATH}:/home/p/ros2_ws/install/sweep_builder:/home/p/ros2_ws/install/optical_cane_rpi:/home/p/ros2_ws/install/mpu9250:/opt/ros/jazzy DEBUGINFOD_URLS=https://debuginfod.ubuntu.com /usr/bin/cmake --install /home/p/ros2_ws/src/build/cpp_package
[37.588s] -- Install configuration: ""
[37.589s] -- Up-to-date: /home/p/ros2_ws/src/install/cpp_package/share/ament_index/resource_index/rosidl_interfaces/cpp_package
[37.589s] -- Up-to-date: /home/p/ros2_ws/src/install/cpp_package/share/cpp_package/msg/ObstacleFeedback.json
[37.591s] -- Up-to-date: /home/p/ros2_ws/src/install/cpp_package/share/cpp_package/msg/NavHint.json
[37.591s] -- Up-to-date: /home/p/ros2_ws/src/install/cpp_package/include/cpp_package/cpp_package
[37.591s] -- Up-to-date: /home/p/ros2_ws/src/install/cpp_package/include/cpp_package/cpp_package/msg
[37.591s] -- Up-to-date: /home/p/ros2_ws/src/install/cpp_package/include/cpp_package/cpp_package/msg/rosidl_generator_c__visibility_control.h
[37.594s] -- Up-to-date: /home/p/ros2_ws/src/install/cpp_package/include/cpp_package/cpp_package/msg/detail
[37.594s] -- Up-to-date: /home/p/ros2_ws/src/install/cpp_package/include/cpp_package/cpp_package/msg/detail/nav_hint__description.c
[37.594s] -- Installing: /home/p/ros2_ws/src/install/cpp_package/include/cpp_package/cpp_package/msg/detail/nav_hint__type_support.c
[37.594s] -- Up-to-date: /home/p/ros2_ws/src/install/cpp_package/include/cpp_package/cpp_package/msg/detail/nav_hint__struct.h
[37.594s] -- Up-to-date: /home/p/ros2_ws/src/install/cpp_package/include/cpp_package/cpp_package/msg/detail/nav_hint__functions.h
[37.595s] -- Up-to-date: /home/p/ros2_ws/src/install/cpp_package/include/cpp_package/cpp_package/msg/detail/nav_hint__functions.c
[37.595s] -- Up-to-date: /home/p/ros2_ws/src/install/cpp_package/include/cpp_package/cpp_package/msg/detail/nav_hint__type_support.h
[37.595s] -- Up-to-date: /home/p/ros2_ws/src/install/cpp_package/include/cpp_package/cpp_package/msg/detail/obstacle_feedback__type_support.h
[37.595s] -- Up-to-date: /home/p/ros2_ws/src/install/cpp_package/include/cpp_package/cpp_package/msg/detail/obstacle_feedback__struct.h
[37.595s] -- Installing: /home/p/ros2_ws/src/install/cpp_package/include/cpp_package/cpp_package/msg/detail/obstacle_feedback__type_support.c
[37.595s] -- Up-to-date: /home/p/ros2_ws/src/install/cpp_package/include/cpp_package/cpp_package/msg/detail/obstacle_feedback__description.c
[37.595s] -- Up-to-date: /home/p/ros2_ws/src/install/cpp_package/include/cpp_package/cpp_package/msg/detail/obstacle_feedback__functions.c
[37.595s] -- Up-to-date: /home/p/ros2_ws/src/install/cpp_package/include/cpp_package/cpp_package/msg/detail/obstacle_feedback__functions.h
[37.595s] -- Up-to-date: /home/p/ros2_ws/src/install/cpp_package/include/cpp_package/cpp_package/msg/obstacle_feedback.h
[37.596s] -- Up-to-date: /home/p/ros2_ws/src/install/cpp_package/include/cpp_package/cpp_package/msg/nav_hint.h
[37.596s] -- Up-to-date: /home/p/ros2_ws/src/install/cpp_package/share/cpp_package/environment/library_path.sh
[37.596s] -- Up-to-date: /home/p/ros2_ws/src/install/cpp_package/share/cpp_package/environment/library_path.dsv
[37.598s] -- Up-to-date: /home/p/ros2_ws/src/install/cpp_package/lib/libcpp_package__rosidl_generator_c.so
[37.598s] -- Up-to-date: /home/p/ros2_ws/src/install/cpp_package/include/cpp_package/cpp_package
[37.599s] -- Up-to-date: /home/p/ros2_ws/src/install/cpp_package/include/cpp_package/cpp_package/msg
[37.599s] -- Up-to-date: /home/p/ros2_ws/src/install/cpp_package/include/cpp_package/cpp_package/msg/rosidl_typesupport_fastrtps_c__visibility_control.h
[37.599s] -- Up-to-date: /home/p/ros2_ws/src/install/cpp_package/include/cpp_package/cpp_package/msg/detail
[37.599s] -- Up-to-date: /home/p/ros2_ws/src/install/cpp_package/include/cpp_package/cpp_package/msg/detail/nav_hint__rosidl_typesupport_fastrtps_c.h
[37.599s] -- Up-to-date: /home/p/ros2_ws/src/install/cpp_package/include/cpp_package/cpp_package/msg/detail/obstacle_feedback__rosidl_typesupport_fastrtps_c.h
[37.601s] -- Up-to-date: /home/p/ros2_ws/src/install/cpp_package/lib/libcpp_package__rosidl_typesupport_fastrtps_c.so
[37.601s] -- Up-to-date: /home/p/ros2_ws/src/install/cpp_package/include/cpp_package/cpp_package
[37.601s] -- Up-to-date: /home/p/ros2_ws/src/install/cpp_package/include/cpp_package/cpp_package/msg
[37.601s] -- Up-to-date: /home/p/ros2_ws/src/install/cpp_package/include/cpp_package/cpp_package/msg/obstacle_feedback.hpp
[37.601s] -- Up-to-date: /home/p/ros2_ws/src/install/cpp_package/include/cpp_package/cpp_package/msg/nav_hint.hpp
[37.602s] -- Up-to-date: /home/p/ros2_ws/src/install/cpp_package/include/cpp_package/cpp_package/msg/detail
[37.602s] -- Up-to-date: /home/p/ros2_ws/src/install/cpp_package/include/cpp_package/cpp_package/msg/detail/obstacle_feedback__traits.hpp
[37.602s] -- Up-to-date: /home/p/ros2_ws/src/install/cpp_package/include/cpp_package/cpp_package/msg/detail/nav_hint__traits.hpp
[37.602s] -- Up-to-date: /home/p/ros2_ws/src/install/cpp_package/include/cpp_package/cpp_package/msg/detail/obstacle_feedback__type_support.hpp
[37.602s] -- Up-to-date: /home/p/ros2_ws/src/install/cpp_package/include/cpp_package/cpp_package/msg/detail/nav_hint__builder.hpp
[37.602s] -- Up-to-date: /home/p/ros2_ws/src/install/cpp_package/include/cpp_package/cpp_package/msg/detail/obstacle_feedback__struct.hpp
[37.602s] -- Up-to-date: /home/p/ros2_ws/src/install/cpp_package/include/cpp_package/cpp_package/msg/detail/obstacle_feedback__builder.hpp
[37.602s] -- Up-to-date: /home/p/ros2_ws/src/install/cpp_package/include/cpp_package/cpp_package/msg/detail/nav_hint__struct.hpp
[37.602s] -- Up-to-date: /home/p/ros2_ws/src/install/cpp_package/include/cpp_package/cpp_package/msg/detail/nav_hint__type_support.hpp
[37.602s] -- Up-to-date: /home/p/ros2_ws/src/install/cpp_package/include/cpp_package/cpp_package/msg/rosidl_generator_cpp__visibility_control.hpp
[37.603s] -- Up-to-date: /home/p/ros2_ws/src/install/cpp_package/include/cpp_package/cpp_package
[37.603s] -- Up-to-date: /home/p/ros2_ws/src/install/cpp_package/include/cpp_package/cpp_package/msg
[37.603s] -- Up-to-date: /home/p/ros2_ws/src/install/cpp_package/include/cpp_package/cpp_package/msg/detail
[37.603s] -- Up-to-date: /home/p/ros2_ws/src/install/cpp_package/include/cpp_package/cpp_package/msg/detail/dds_fastrtps
[37.603s] -- Up-to-date: /home/p/ros2_ws/src/install/cpp_package/include/cpp_package/cpp_package/msg/detail/obstacle_feedback__rosidl_typesupport_fastrtps_cpp.hpp
[37.603s] -- Up-to-date: /home/p/ros2_ws/src/install/cpp_package/include/cpp_package/cpp_package/msg/detail/nav_hint__rosidl_typesupport_fastrtps_cpp.hpp
[37.603s] -- Up-to-date: /home/p/ros2_ws/src/install/cpp_package/include/cpp_package/cpp_package/msg/rosidl_typesupport_fastrtps_cpp__visibility_control.h
[37.603s] -- Up-to-date: /home/p/ros2_ws/src/install/cpp_package/lib/libcpp_package__rosidl_typesupport_fastrtps_cpp.so
[37.603s] -- Up-to-date: /home/p/ros2_ws/src/install/cpp_package/include/cpp_package/cpp_package
[37.604s] -- Up-to-date: /home/p/ros2_ws/src/install/cpp_package/include/cpp_package/cpp_package/msg
[37.604s] -- Up-to-date: /home/p/ros2_ws/src/install/cpp_package/include/cpp_package/cpp_package/msg/detail
[37.604s] -- Up-to-date: /home/p/ros2_ws/src/install/cpp_package/include/cpp_package/cpp_package/msg/detail/nav_hint__rosidl_typesupport_introspection_c.h
[37.604s] -- Installing: /home/p/ros2_ws/src/install/cpp_package/include/cpp_package/cpp_package/msg/detail/nav_hint__type_support.c
[37.604s] -- Up-to-date: /home/p/ros2_ws/src/install/cpp_package/include/cpp_package/cpp_package/msg/detail/obstacle_feedback__rosidl_typesupport_introspection_c.h
[37.604s] -- Installing: /home/p/ros2_ws/src/install/cpp_package/include/cpp_package/cpp_package/msg/detail/obstacle_feedback__type_support.c
[37.605s] -- Up-to-date: /home/p/ros2_ws/src/install/cpp_package/include/cpp_package/cpp_package/msg/rosidl_typesupport_introspection_c__visibility_control.h
[37.606s] -- Up-to-date: /home/p/ros2_ws/src/install/cpp_package/lib/libcpp_package__rosidl_typesupport_introspection_c.so
[37.608s] -- Up-to-date: /home/p/ros2_ws/src/install/cpp_package/lib/libcpp_package__rosidl_typesupport_c.so
[37.609s] -- Up-to-date: /home/p/ros2_ws/src/install/cpp_package/include/cpp_package/cpp_package
[37.609s] -- Up-to-date: /home/p/ros2_ws/src/install/cpp_package/include/cpp_package/cpp_package/msg
[37.609s] -- Up-to-date: /home/p/ros2_ws/src/install/cpp_package/include/cpp_package/cpp_package/msg/detail
[37.609s] -- Up-to-date: /home/p/ros2_ws/src/install/cpp_package/include/cpp_package/cpp_package/msg/detail/nav_hint__type_support.cpp
[37.609s] -- Up-to-date: /home/p/ros2_ws/src/install/cpp_package/include/cpp_package/cpp_package/msg/detail/obstacle_feedback__type_support.cpp
[37.609s] -- Up-to-date: /home/p/ros2_ws/src/install/cpp_package/include/cpp_package/cpp_package/msg/detail/obstacle_feedback__rosidl_typesupport_introspection_cpp.hpp
[37.610s] -- Up-to-date: /home/p/ros2_ws/src/install/cpp_package/include/cpp_package/cpp_package/msg/detail/nav_hint__rosidl_typesupport_introspection_cpp.hpp
[37.610s] -- Up-to-date: /home/p/ros2_ws/src/install/cpp_package/lib/libcpp_package__rosidl_typesupport_introspection_cpp.so
[37.612s] -- Up-to-date: /home/p/ros2_ws/src/install/cpp_package/lib/libcpp_package__rosidl_typesupport_cpp.so
[37.612s] -- Up-to-date: /home/p/ros2_ws/src/install/cpp_package/share/cpp_package/environment/pythonpath.sh
[37.612s] -- Up-to-date: /home/p/ros2_ws/src/install/cpp_package/share/cpp_package/environment/pythonpath.dsv
[37.612s] -- Up-to-date: /home/p/ros2_ws/src/install/cpp_package/lib/python3.12/site-packages/cpp_package-0.0.1-py3.12.egg-info
[37.612s] -- Installing: /home/p/ros2_ws/src/install/cpp_package/lib/python3.12/site-packages/cpp_package-0.0.1-py3.12.egg-info/dependency_links.txt
[37.612s] -- Installing: /home/p/ros2_ws/src/install/cpp_package/lib/python3.12/site-packages/cpp_package-0.0.1-py3.12.egg-info/PKG-INFO
[37.612s] -- Installing: /home/p/ros2_ws/src/install/cpp_package/lib/python3.12/site-packages/cpp_package-0.0.1-py3.12.egg-info/top_level.txt
[37.613s] -- Installing: /home/p/ros2_ws/src/install/cpp_package/lib/python3.12/site-packages/cpp_package-0.0.1-py3.12.egg-info/SOURCES.txt
[37.613s] -- Up-to-date: /home/p/ros2_ws/src/install/cpp_package/lib/python3.12/site-packages/cpp_package
[37.613s] -- Up-to-date: /home/p/ros2_ws/src/install/cpp_package/lib/python3.12/site-packages/cpp_package/cpp_package_s__rosidl_typesupport_introspection_c.so
[37.613s] -- Up-to-date: /home/p/ros2_ws/src/install/cpp_package/lib/python3.12/site-packages/cpp_package/_cpp_package_s.ep.rosidl_typesupport_fastrtps_c.c
[37.613s] -- Installing: /home/p/ros2_ws/src/install/cpp_package/lib/python3.12/site-packages/cpp_package/__init__.py
[37.613s] -- Up-to-date: /home/p/ros2_ws/src/install/cpp_package/lib/python3.12/site-packages/cpp_package/cpp_package_s__rosidl_typesupport_c.so
[37.613s] -- Up-to-date: /home/p/ros2_ws/src/install/cpp_package/lib/python3.12/site-packages/cpp_package/msg
[37.613s] -- Up-to-date: /home/p/ros2_ws/src/install/cpp_package/lib/python3.12/site-packages/cpp_package/msg/_nav_hint.py
[37.614s] -- Up-to-date: /home/p/ros2_ws/src/install/cpp_package/lib/python3.12/site-packages/cpp_package/msg/_obstacle_feedback_s.c
[37.614s] -- Up-to-date: /home/p/ros2_ws/src/install/cpp_package/lib/python3.12/site-packages/cpp_package/msg/_nav_hint_s.c
[37.614s] -- Up-to-date: /home/p/ros2_ws/src/install/cpp_package/lib/python3.12/site-packages/cpp_package/msg/__init__.py
[37.614s] -- Up-to-date: /home/p/ros2_ws/src/install/cpp_package/lib/python3.12/site-packages/cpp_package/msg/_obstacle_feedback.py
[37.614s] -- Up-to-date: /home/p/ros2_ws/src/install/cpp_package/lib/python3.12/site-packages/cpp_package/_cpp_package_s.ep.rosidl_typesupport_c.c
[37.614s] -- Up-to-date: /home/p/ros2_ws/src/install/cpp_package/lib/python3.12/site-packages/cpp_package/cpp_package_s__rosidl_typesupport_fastrtps_c.so
[37.614s] -- Up-to-date: /home/p/ros2_ws/src/install/cpp_package/lib/python3.12/site-packages/cpp_package/_cpp_package_s.ep.rosidl_typesupport_introspection_c.c
[37.677s] Listing '/home/p/ros2_ws/src/install/cpp_package/lib/python3.12/site-packages/cpp_package'...
[37.678s] Compiling '/home/p/ros2_ws/src/install/cpp_package/lib/python3.12/site-packages/cpp_package/__init__.py'...
[37.678s] Listing '/home/p/ros2_ws/src/install/cpp_package/lib/python3.12/site-packages/cpp_package/msg'...
[37.691s] -- Up-to-date: /home/p/ros2_ws/src/install/cpp_package/lib/python3.12/site-packages/cpp_package/cpp_package_s__rosidl_typesupport_fastrtps_c.so
[37.693s] -- Up-to-date: /home/p/ros2_ws/src/install/cpp_package/lib/python3.12/site-packages/cpp_package/cpp_package_s__rosidl_typesupport_introspection_c.so
[37.694s] -- Up-to-date: /home/p/ros2_ws/src/install/cpp_package/lib/python3.12/site-packages/cpp_package/cpp_package_s__rosidl_typesupport_c.so
[37.696s] -- Up-to-date: /home/p/ros2_ws/src/install/cpp_package/lib/libcpp_package__rosidl_generator_py.so
[37.696s] -- Up-to-date: /home/p/ros2_ws/src/install/cpp_package/share/cpp_package/msg/ObstacleFeedback.idl
[37.696s] -- Up-to-date: /home/p/ros2_ws/src/install/cpp_package/share/cpp_package/msg/NavHint.idl
[37.696s] -- Up-to-date: /home/p/ros2_ws/src/install/cpp_package/share/cpp_package/msg/ObstacleFeedback.msg
[37.697s] -- Up-to-date: /home/p/ros2_ws/src/install/cpp_package/share/cpp_package/msg/NavHint.msg
[37.697s] -- Installing: /home/p/ros2_ws/src/install/cpp_package/lib/cpp_package/step_detector_node
[37.715s] -- Set non-toolchain portion of runtime path of "/home/p/ros2_ws/src/install/cpp_package/lib/cpp_package/step_detector_node" to ""
[37.716s] -- Installing: /home/p/ros2_ws/src/install/cpp_package/lib/cpp_package/icp_3d_odom_node
[37.739s] -- Set non-toolchain portion of runtime path of "/home/p/ros2_ws/src/install/cpp_package/lib/cpp_package/icp_3d_odom_node" to ""
[37.739s] -- Installing: /home/p/ros2_ws/src/install/cpp_package/lib/cpp_package/pointcloud_formatter_node
[37.759s] -- Set non-toolchain portion of runtime path of "/home/p/ros2_ws/src/install/cpp_package/lib/cpp_package/pointcloud_formatter_node" to ""
[37.759s] -- Installing: /home/p/ros2_ws/src/install/cpp_package/lib/cpp_package/front_cloud_filter_node
[37.770s] -- Set non-toolchain portion of runtime path of "/home/p/ros2_ws/src/install/cpp_package/lib/cpp_package/front_cloud_filter_node" to ""
[37.770s] -- Installing: /home/p/ros2_ws/src/install/cpp_package/lib/cpp_package/obstacle_evaluator_node
[37.783s] -- Set non-toolchain portion of runtime path of "/home/p/ros2_ws/src/install/cpp_package/lib/cpp_package/obstacle_evaluator_node" to ""
[37.785s] -- Up-to-date: /home/p/ros2_ws/src/install/cpp_package/lib/cpp_package/navigation_hint_node
[37.787s] -- Up-to-date: /home/p/ros2_ws/src/install/cpp_package/lib/cpp_package/haptic_driver_node
[37.787s] -- Installing: /home/p/ros2_ws/src/install/cpp_package/lib/cpp_package/deskew_node
[37.804s] -- Set non-toolchain portion of runtime path of "/home/p/ros2_ws/src/install/cpp_package/lib/cpp_package/deskew_node" to ""
[37.804s] -- Installing: /home/p/ros2_ws/src/install/cpp_package/lib/cpp_package/obstacle_detector_node
[37.814s] -- Set non-toolchain portion of runtime path of "/home/p/ros2_ws/src/install/cpp_package/lib/cpp_package/obstacle_detector_node" to ""
[37.814s] -- Installing: /home/p/ros2_ws/src/install/cpp_package/lib/cpp_package/point_cloud_sweeper_cpp_node
[37.825s] -- Set non-toolchain portion of runtime path of "/home/p/ros2_ws/src/install/cpp_package/lib/cpp_package/point_cloud_sweeper_cpp_node" to ""
[37.825s] -- Installing: /home/p/ros2_ws/src/install/cpp_package/lib/cpp_package/point_cloud_accumulator_cpp_node
[37.835s] -- Set non-toolchain portion of runtime path of "/home/p/ros2_ws/src/install/cpp_package/lib/cpp_package/point_cloud_accumulator_cpp_node" to ""
[37.835s] -- Installing: /home/p/ros2_ws/src/install/cpp_package/lib/cpp_package/point_cloud_voxel_filter_cpp_node
[37.846s] -- Set non-toolchain portion of runtime path of "/home/p/ros2_ws/src/install/cpp_package/lib/cpp_package/point_cloud_voxel_filter_cpp_node" to ""
[37.849s] -- Installing: /home/p/ros2_ws/src/install/cpp_package/lib/cpp_package/point_cloud_passthrough_filter_cpp_node
[37.857s] -- Set non-toolchain portion of runtime path of "/home/p/ros2_ws/src/install/cpp_package/lib/cpp_package/point_cloud_passthrough_filter_cpp_node" to ""
[37.857s] -- Installing: /home/p/ros2_ws/src/install/cpp_package/lib/cpp_package/point_cloud_statistical_outlier_remover_cpp_node
[37.869s] -- Set non-toolchain portion of runtime path of "/home/p/ros2_ws/src/install/cpp_package/lib/cpp_package/point_cloud_statistical_outlier_remover_cpp_node" to ""
[37.869s] -- Installing: /home/p/ros2_ws/src/install/cpp_package/lib/cpp_package/point_count_sweeper_node
[37.880s] -- Set non-toolchain portion of runtime path of "/home/p/ros2_ws/src/install/cpp_package/lib/cpp_package/point_count_sweeper_node" to ""
[37.880s] -- Installing: /home/p/ros2_ws/src/install/cpp_package/lib/cpp_package/z_variance_sweeper_node
[37.890s] -- Set non-toolchain portion of runtime path of "/home/p/ros2_ws/src/install/cpp_package/lib/cpp_package/z_variance_sweeper_node" to ""
[37.891s] -- Installing: /home/p/ros2_ws/src/install/cpp_package/lib/cpp_package/stable_ground_detector_node
[37.902s] -- Set non-toolchain portion of runtime path of "/home/p/ros2_ws/src/install/cpp_package/lib/cpp_package/stable_ground_detector_node" to ""
[37.902s] -- Installing: /home/p/ros2_ws/src/install/cpp_package/lib/cpp_package/ground_plane_fitter_node
[37.917s] -- Set non-toolchain portion of runtime path of "/home/p/ros2_ws/src/install/cpp_package/lib/cpp_package/ground_plane_fitter_node" to ""
[37.917s] -- Installing: /home/p/ros2_ws/src/install/cpp_package/lib/cpp_package/ground_plane_fitter_no_voxel_node
[37.932s] -- Set non-toolchain portion of runtime path of "/home/p/ros2_ws/src/install/cpp_package/lib/cpp_package/ground_plane_fitter_no_voxel_node" to ""
[37.932s] -- Installing: /home/p/ros2_ws/src/install/cpp_package/lib/cpp_package/ground_plane_fitter_lock_plane_node
[37.947s] -- Set non-toolchain portion of runtime path of "/home/p/ros2_ws/src/install/cpp_package/lib/cpp_package/ground_plane_fitter_lock_plane_node" to ""
[37.949s] -- Installing: /home/p/ros2_ws/src/install/cpp_package/lib/cpp_package/stable_ground_fitter_node
[37.964s] -- Set non-toolchain portion of runtime path of "/home/p/ros2_ws/src/install/cpp_package/lib/cpp_package/stable_ground_fitter_node" to ""
[37.965s] -- Installing: /home/p/ros2_ws/src/install/cpp_package/lib/cpp_package/projected_ground_detector_node
[37.977s] -- Set non-toolchain portion of runtime path of "/home/p/ros2_ws/src/install/cpp_package/lib/cpp_package/projected_ground_detector_node" to ""
[37.977s] -- Up-to-date: /home/p/ros2_ws/src/install/cpp_package/lib/cpp_package/imu_odometry_node
[37.977s] -- Up-to-date: /home/p/ros2_ws/src/install/cpp_package/share/cpp_package/launch
[37.978s] -- Up-to-date: /home/p/ros2_ws/src/install/cpp_package/share/cpp_package/launch/icp_odom.launch.py
[37.978s] -- Up-to-date: /home/p/ros2_ws/src/install/cpp_package/share/cpp_package/launch/assistive_nav.launch.py
[37.978s] -- Up-to-date: /home/p/ros2_ws/src/install/cpp_package/share/cpp_package/launch/front_cloud_filter.launch.py
[37.978s] -- Installing: /home/p/ros2_ws/src/install/cpp_package/share/ament_index/resource_index/package_run_dependencies/cpp_package
[37.978s] -- Up-to-date: /home/p/ros2_ws/src/install/cpp_package/share/ament_index/resource_index/parent_prefix_path/cpp_package
[37.979s] -- Up-to-date: /home/p/ros2_ws/src/install/cpp_package/share/cpp_package/environment/ament_prefix_path.sh
[37.979s] -- Up-to-date: /home/p/ros2_ws/src/install/cpp_package/share/cpp_package/environment/ament_prefix_path.dsv
[37.979s] -- Up-to-date: /home/p/ros2_ws/src/install/cpp_package/share/cpp_package/environment/path.sh
[37.979s] -- Up-to-date: /home/p/ros2_ws/src/install/cpp_package/share/cpp_package/environment/path.dsv
[37.979s] -- Up-to-date: /home/p/ros2_ws/src/install/cpp_package/share/cpp_package/local_setup.bash
[37.979s] -- Up-to-date: /home/p/ros2_ws/src/install/cpp_package/share/cpp_package/local_setup.sh
[37.979s] -- Up-to-date: /home/p/ros2_ws/src/install/cpp_package/share/cpp_package/local_setup.zsh
[37.979s] -- Up-to-date: /home/p/ros2_ws/src/install/cpp_package/share/cpp_package/local_setup.dsv
[37.979s] -- Installing: /home/p/ros2_ws/src/install/cpp_package/share/cpp_package/package.dsv
[37.979s] -- Up-to-date: /home/p/ros2_ws/src/install/cpp_package/share/ament_index/resource_index/packages/cpp_package
[37.980s] -- Up-to-date: /home/p/ros2_ws/src/install/cpp_package/share/cpp_package/cmake/export_cpp_package__rosidl_generator_cExport.cmake
[37.980s] -- Up-to-date: /home/p/ros2_ws/src/install/cpp_package/share/cpp_package/cmake/export_cpp_package__rosidl_generator_cExport-noconfig.cmake
[37.980s] -- Up-to-date: /home/p/ros2_ws/src/install/cpp_package/share/cpp_package/cmake/export_cpp_package__rosidl_typesupport_fastrtps_cExport.cmake
[37.980s] -- Up-to-date: /home/p/ros2_ws/src/install/cpp_package/share/cpp_package/cmake/export_cpp_package__rosidl_typesupport_fastrtps_cExport-noconfig.cmake
[37.980s] -- Up-to-date: /home/p/ros2_ws/src/install/cpp_package/share/cpp_package/cmake/export_cpp_package__rosidl_generator_cppExport.cmake
[37.981s] -- Up-to-date: /home/p/ros2_ws/src/install/cpp_package/share/cpp_package/cmake/export_cpp_package__rosidl_typesupport_fastrtps_cppExport.cmake
[37.981s] -- Up-to-date: /home/p/ros2_ws/src/install/cpp_package/share/cpp_package/cmake/export_cpp_package__rosidl_typesupport_fastrtps_cppExport-noconfig.cmake
[37.981s] -- Up-to-date: /home/p/ros2_ws/src/install/cpp_package/share/cpp_package/cmake/cpp_package__rosidl_typesupport_introspection_cExport.cmake
[37.981s] -- Up-to-date: /home/p/ros2_ws/src/install/cpp_package/share/cpp_package/cmake/cpp_package__rosidl_typesupport_introspection_cExport-noconfig.cmake
[37.981s] -- Up-to-date: /home/p/ros2_ws/src/install/cpp_package/share/cpp_package/cmake/cpp_package__rosidl_typesupport_cExport.cmake
[37.982s] -- Up-to-date: /home/p/ros2_ws/src/install/cpp_package/share/cpp_package/cmake/cpp_package__rosidl_typesupport_cExport-noconfig.cmake
[37.982s] -- Up-to-date: /home/p/ros2_ws/src/install/cpp_package/share/cpp_package/cmake/cpp_package__rosidl_typesupport_introspection_cppExport.cmake
[37.983s] -- Up-to-date: /home/p/ros2_ws/src/install/cpp_package/share/cpp_package/cmake/cpp_package__rosidl_typesupport_introspection_cppExport-noconfig.cmake
[37.983s] -- Up-to-date: /home/p/ros2_ws/src/install/cpp_package/share/cpp_package/cmake/cpp_package__rosidl_typesupport_cppExport.cmake
[37.983s] -- Up-to-date: /home/p/ros2_ws/src/install/cpp_package/share/cpp_package/cmake/cpp_package__rosidl_typesupport_cppExport-noconfig.cmake
[37.985s] -- Up-to-date: /home/p/ros2_ws/src/install/cpp_package/share/cpp_package/cmake/export_cpp_package__rosidl_generator_pyExport.cmake
[37.986s] -- Up-to-date: /home/p/ros2_ws/src/install/cpp_package/share/cpp_package/cmake/export_cpp_package__rosidl_generator_pyExport-noconfig.cmake
[37.986s] -- Up-to-date: /home/p/ros2_ws/src/install/cpp_package/share/cpp_package/cmake/rosidl_cmake-extras.cmake
[37.986s] -- Up-to-date: /home/p/ros2_ws/src/install/cpp_package/share/cpp_package/cmake/ament_cmake_export_dependencies-extras.cmake
[37.986s] -- Up-to-date: /home/p/ros2_ws/src/install/cpp_package/share/cpp_package/cmake/ament_cmake_export_include_directories-extras.cmake
[37.986s] -- Up-to-date: /home/p/ros2_ws/src/install/cpp_package/share/cpp_package/cmake/ament_cmake_export_libraries-extras.cmake
[37.986s] -- Up-to-date: /home/p/ros2_ws/src/install/cpp_package/share/cpp_package/cmake/ament_cmake_export_targets-extras.cmake
[37.986s] -- Up-to-date: /home/p/ros2_ws/src/install/cpp_package/share/cpp_package/cmake/rosidl_cmake_export_typesupport_targets-extras.cmake
[37.987s] -- Up-to-date: /home/p/ros2_ws/src/install/cpp_package/share/cpp_package/cmake/rosidl_cmake_export_typesupport_libraries-extras.cmake
[37.987s] -- Up-to-date: /home/p/ros2_ws/src/install/cpp_package/share/cpp_package/cmake/cpp_packageConfig.cmake
[37.987s] -- Up-to-date: /home/p/ros2_ws/src/install/cpp_package/share/cpp_package/cmake/cpp_packageConfig-version.cmake
[37.990s] -- Installing: /home/p/ros2_ws/src/install/cpp_package/share/cpp_package/package.xml
[37.991s] Invoked command in '/home/p/ros2_ws/src/build/cpp_package' returned '0': CMAKE_PREFIX_PATH=${CMAKE_PREFIX_PATH}:/home/p/ros2_ws/install/sweep_builder:/home/p/ros2_ws/install/optical_cane_rpi:/home/p/ros2_ws/install/mpu9250:/opt/ros/jazzy DEBUGINFOD_URLS=https://debuginfod.ubuntu.com /usr/bin/cmake --install /home/p/ros2_ws/src/build/cpp_package
