[0.488s] DEBUG:colcon:Command line arguments: ['/usr/bin/colcon', 'build', '--packages-select', 'cpp_package']
[0.489s] DEBUG:colcon:Parsed command line arguments: Namespace(log_base=None, log_level=None, verb_name='build', build_base='build', install_base='install', merge_install=False, symlink_install=False, test_result_base=None, continue_on_error=False, executor='parallel', parallel_workers=4, event_handlers=None, ignore_user_meta=False, metas=['./colcon.meta'], base_paths=['.'], packages_ignore=None, packages_ignore_regex=None, paths=None, packages_up_to=None, packages_up_to_regex=None, packages_above=None, packages_above_and_dependencies=None, packages_above_depth=None, packages_select_by_dep=None, packages_skip_by_dep=None, packages_skip_up_to=None, packages_select_build_failed=False, packages_skip_build_finished=False, packages_select_test_failures=False, packages_skip_test_passed=False, packages_select=['cpp_package'], packages_skip=None, packages_select_regex=None, packages_skip_regex=None, packages_start=None, packages_end=None, allow_overriding=[], cmake_args=None, cmake_target=None, cmake_target_skip_unavailable=False, cmake_clean_cache=False, cmake_clean_first=False, cmake_force_configure=False, ament_cmake_args=None, catkin_cmake_args=None, catkin_skip_building_tests=False, mixin_files=None, mixin=None, verb_parser=<colcon_mixin.mixin.mixin_argument.MixinArgumentDecorator object at 0xffff9729ce30>, verb_extension=<colcon_core.verb.build.BuildVerb object at 0xffff97481c40>, main=<bound method BuildVerb.main of <colcon_core.verb.build.BuildVerb object at 0xffff97481c40>>, mixin_verb=('build',))
[0.643s] Level 1:colcon.colcon_core.package_discovery:discover_packages(colcon_meta) check parameters
[0.643s] Level 1:colcon.colcon_core.package_discovery:discover_packages(recursive) check parameters
[0.643s] Level 1:colcon.colcon_core.package_discovery:discover_packages(ignore) check parameters
[0.643s] Level 1:colcon.colcon_core.package_discovery:discover_packages(path) check parameters
[0.644s] Level 1:colcon.colcon_core.package_discovery:discover_packages(colcon_meta) discover
[0.644s] Level 1:colcon.colcon_core.package_discovery:discover_packages(recursive) discover
[0.644s] INFO:colcon.colcon_core.package_discovery:Crawling recursively for packages in '/home/p/ros2_ws/src'
[0.644s] Level 1:colcon.colcon_core.package_identification:_identify(.) by extensions ['ignore', 'ignore_ament_install']
[0.644s] Level 1:colcon.colcon_core.package_identification:_identify(.) by extension 'ignore'
[0.644s] Level 1:colcon.colcon_core.package_identification:_identify(.) by extension 'ignore_ament_install'
[0.644s] Level 1:colcon.colcon_core.package_identification:_identify(.) by extensions ['colcon_pkg']
[0.644s] Level 1:colcon.colcon_core.package_identification:_identify(.) by extension 'colcon_pkg'
[0.644s] Level 1:colcon.colcon_core.package_identification:_identify(.) by extensions ['colcon_meta']
[0.644s] Level 1:colcon.colcon_core.package_identification:_identify(.) by extension 'colcon_meta'
[0.644s] Level 1:colcon.colcon_core.package_identification:_identify(.) by extensions ['ros']
[0.644s] Level 1:colcon.colcon_core.package_identification:_identify(.) by extension 'ros'
[0.733s] Level 1:colcon.colcon_core.package_identification:_identify(.) by extensions ['cmake', 'python']
[0.733s] Level 1:colcon.colcon_core.package_identification:_identify(.) by extension 'cmake'
[0.733s] Level 1:colcon.colcon_core.package_identification:_identify(.) by extension 'python'
[0.733s] Level 1:colcon.colcon_core.package_identification:_identify(.) by extensions ['python_setup_py']
[0.733s] Level 1:colcon.colcon_core.package_identification:_identify(.) by extension 'python_setup_py'
[0.733s] Level 1:colcon.colcon_core.package_identification:_identify(arigato) by extensions ['ignore', 'ignore_ament_install']
[0.734s] Level 1:colcon.colcon_core.package_identification:_identify(arigato) by extension 'ignore'
[0.734s] Level 1:colcon.colcon_core.package_identification:_identify(arigato) by extension 'ignore_ament_install'
[0.734s] Level 1:colcon.colcon_core.package_identification:_identify(arigato) by extensions ['colcon_pkg']
[0.734s] Level 1:colcon.colcon_core.package_identification:_identify(arigato) by extension 'colcon_pkg'
[0.734s] Level 1:colcon.colcon_core.package_identification:_identify(arigato) by extensions ['colcon_meta']
[0.734s] Level 1:colcon.colcon_core.package_identification:_identify(arigato) by extension 'colcon_meta'
[0.735s] Level 1:colcon.colcon_core.package_identification:_identify(arigato) by extensions ['ros']
[0.735s] Level 1:colcon.colcon_core.package_identification:_identify(arigato) by extension 'ros'
[0.736s] Level 1:colcon.colcon_core.package_identification:_identify(arigato) by extensions ['cmake', 'python']
[0.737s] Level 1:colcon.colcon_core.package_identification:_identify(arigato) by extension 'cmake'
[0.737s] Level 1:colcon.colcon_core.package_identification:_identify(arigato) by extension 'python'
[0.738s] Level 1:colcon.colcon_core.package_identification:_identify(arigato) by extensions ['python_setup_py']
[0.738s] Level 1:colcon.colcon_core.package_identification:_identify(arigato) by extension 'python_setup_py'
[0.738s] Level 1:colcon.colcon_core.package_identification:_identify(build) by extensions ['ignore', 'ignore_ament_install']
[0.738s] Level 1:colcon.colcon_core.package_identification:_identify(build) by extension 'ignore'
[0.738s] Level 1:colcon.colcon_core.package_identification:_identify(build) ignored
[0.739s] Level 1:colcon.colcon_core.package_identification:_identify(calib) by extensions ['ignore', 'ignore_ament_install']
[0.739s] Level 1:colcon.colcon_core.package_identification:_identify(calib) by extension 'ignore'
[0.739s] Level 1:colcon.colcon_core.package_identification:_identify(calib) by extension 'ignore_ament_install'
[0.739s] Level 1:colcon.colcon_core.package_identification:_identify(calib) by extensions ['colcon_pkg']
[0.739s] Level 1:colcon.colcon_core.package_identification:_identify(calib) by extension 'colcon_pkg'
[0.740s] Level 1:colcon.colcon_core.package_identification:_identify(calib) by extensions ['colcon_meta']
[0.740s] Level 1:colcon.colcon_core.package_identification:_identify(calib) by extension 'colcon_meta'
[0.741s] Level 1:colcon.colcon_core.package_identification:_identify(calib) by extensions ['ros']
[0.741s] Level 1:colcon.colcon_core.package_identification:_identify(calib) by extension 'ros'
[0.742s] Level 1:colcon.colcon_core.package_identification:_identify(calib) by extensions ['cmake', 'python']
[0.742s] Level 1:colcon.colcon_core.package_identification:_identify(calib) by extension 'cmake'
[0.742s] Level 1:colcon.colcon_core.package_identification:_identify(calib) by extension 'python'
[0.742s] Level 1:colcon.colcon_core.package_identification:_identify(calib) by extensions ['python_setup_py']
[0.742s] Level 1:colcon.colcon_core.package_identification:_identify(calib) by extension 'python_setup_py'
[0.742s] Level 1:colcon.colcon_core.package_identification:_identify(cartographer) by extensions ['ignore', 'ignore_ament_install']
[0.742s] Level 1:colcon.colcon_core.package_identification:_identify(cartographer) by extension 'ignore'
[0.743s] Level 1:colcon.colcon_core.package_identification:_identify(cartographer) by extension 'ignore_ament_install'
[0.744s] Level 1:colcon.colcon_core.package_identification:_identify(cartographer) by extensions ['colcon_pkg']
[0.745s] Level 1:colcon.colcon_core.package_identification:_identify(cartographer) by extension 'colcon_pkg'
[0.745s] Level 1:colcon.colcon_core.package_identification:_identify(cartographer) by extensions ['colcon_meta']
[0.746s] Level 1:colcon.colcon_core.package_identification:_identify(cartographer) by extension 'colcon_meta'
[0.747s] Level 1:colcon.colcon_core.package_identification:_identify(cartographer) by extensions ['ros']
[0.747s] Level 1:colcon.colcon_core.package_identification:_identify(cartographer) by extension 'ros'
[0.757s] DEBUG:colcon.colcon_core.package_identification:Package 'cartographer' with type 'ros.cmake' and name 'cartographer'
[0.758s] Level 1:colcon.colcon_core.package_identification:_identify(cartographer_ros) by extensions ['ignore', 'ignore_ament_install']
[0.758s] Level 1:colcon.colcon_core.package_identification:_identify(cartographer_ros) by extension 'ignore'
[0.758s] Level 1:colcon.colcon_core.package_identification:_identify(cartographer_ros) by extension 'ignore_ament_install'
[0.758s] Level 1:colcon.colcon_core.package_identification:_identify(cartographer_ros) by extensions ['colcon_pkg']
[0.758s] Level 1:colcon.colcon_core.package_identification:_identify(cartographer_ros) by extension 'colcon_pkg'
[0.758s] Level 1:colcon.colcon_core.package_identification:_identify(cartographer_ros) by extensions ['colcon_meta']
[0.758s] Level 1:colcon.colcon_core.package_identification:_identify(cartographer_ros) by extension 'colcon_meta'
[0.758s] Level 1:colcon.colcon_core.package_identification:_identify(cartographer_ros) by extensions ['ros']
[0.758s] Level 1:colcon.colcon_core.package_identification:_identify(cartographer_ros) by extension 'ros'
[0.759s] Level 1:colcon.colcon_core.package_identification:_identify(cartographer_ros) by extensions ['cmake', 'python']
[0.759s] Level 1:colcon.colcon_core.package_identification:_identify(cartographer_ros) by extension 'cmake'
[0.759s] Level 1:colcon.colcon_core.package_identification:_identify(cartographer_ros) by extension 'python'
[0.759s] Level 1:colcon.colcon_core.package_identification:_identify(cartographer_ros) by extensions ['python_setup_py']
[0.759s] Level 1:colcon.colcon_core.package_identification:_identify(cartographer_ros) by extension 'python_setup_py'
[0.759s] Level 1:colcon.colcon_core.package_identification:_identify(cartographer_ros/cartographer_ros) by extensions ['ignore', 'ignore_ament_install']
[0.759s] Level 1:colcon.colcon_core.package_identification:_identify(cartographer_ros/cartographer_ros) by extension 'ignore'
[0.760s] Level 1:colcon.colcon_core.package_identification:_identify(cartographer_ros/cartographer_ros) by extension 'ignore_ament_install'
[0.760s] Level 1:colcon.colcon_core.package_identification:_identify(cartographer_ros/cartographer_ros) by extensions ['colcon_pkg']
[0.760s] Level 1:colcon.colcon_core.package_identification:_identify(cartographer_ros/cartographer_ros) by extension 'colcon_pkg'
[0.760s] Level 1:colcon.colcon_core.package_identification:_identify(cartographer_ros/cartographer_ros) by extensions ['colcon_meta']
[0.760s] Level 1:colcon.colcon_core.package_identification:_identify(cartographer_ros/cartographer_ros) by extension 'colcon_meta'
[0.760s] Level 1:colcon.colcon_core.package_identification:_identify(cartographer_ros/cartographer_ros) by extensions ['ros']
[0.760s] Level 1:colcon.colcon_core.package_identification:_identify(cartographer_ros/cartographer_ros) by extension 'ros'
[0.764s] DEBUG:colcon.colcon_core.package_identification:Package 'cartographer_ros/cartographer_ros' with type 'ros.ament_cmake' and name 'cartographer_ros'
[0.764s] Level 1:colcon.colcon_core.package_identification:_identify(cartographer_ros/cartographer_ros_msgs) by extensions ['ignore', 'ignore_ament_install']
[0.764s] Level 1:colcon.colcon_core.package_identification:_identify(cartographer_ros/cartographer_ros_msgs) by extension 'ignore'
[0.764s] Level 1:colcon.colcon_core.package_identification:_identify(cartographer_ros/cartographer_ros_msgs) by extension 'ignore_ament_install'
[0.764s] Level 1:colcon.colcon_core.package_identification:_identify(cartographer_ros/cartographer_ros_msgs) by extensions ['colcon_pkg']
[0.764s] Level 1:colcon.colcon_core.package_identification:_identify(cartographer_ros/cartographer_ros_msgs) by extension 'colcon_pkg'
[0.765s] Level 1:colcon.colcon_core.package_identification:_identify(cartographer_ros/cartographer_ros_msgs) by extensions ['colcon_meta']
[0.765s] Level 1:colcon.colcon_core.package_identification:_identify(cartographer_ros/cartographer_ros_msgs) by extension 'colcon_meta'
[0.765s] Level 1:colcon.colcon_core.package_identification:_identify(cartographer_ros/cartographer_ros_msgs) by extensions ['ros']
[0.765s] Level 1:colcon.colcon_core.package_identification:_identify(cartographer_ros/cartographer_ros_msgs) by extension 'ros'
[0.766s] DEBUG:colcon.colcon_core.package_identification:Package 'cartographer_ros/cartographer_ros_msgs' with type 'ros.ament_cmake' and name 'cartographer_ros_msgs'
[0.766s] Level 1:colcon.colcon_core.package_identification:_identify(cartographer_ros/cartographer_rviz) by extensions ['ignore', 'ignore_ament_install']
[0.767s] Level 1:colcon.colcon_core.package_identification:_identify(cartographer_ros/cartographer_rviz) by extension 'ignore'
[0.768s] Level 1:colcon.colcon_core.package_identification:_identify(cartographer_ros/cartographer_rviz) by extension 'ignore_ament_install'
[0.769s] Level 1:colcon.colcon_core.package_identification:_identify(cartographer_ros/cartographer_rviz) by extensions ['colcon_pkg']
[0.769s] Level 1:colcon.colcon_core.package_identification:_identify(cartographer_ros/cartographer_rviz) by extension 'colcon_pkg'
[0.769s] Level 1:colcon.colcon_core.package_identification:_identify(cartographer_ros/cartographer_rviz) by extensions ['colcon_meta']
[0.770s] Level 1:colcon.colcon_core.package_identification:_identify(cartographer_ros/cartographer_rviz) by extension 'colcon_meta'
[0.770s] Level 1:colcon.colcon_core.package_identification:_identify(cartographer_ros/cartographer_rviz) by extensions ['ros']
[0.770s] Level 1:colcon.colcon_core.package_identification:_identify(cartographer_ros/cartographer_rviz) by extension 'ros'
[0.774s] DEBUG:colcon.colcon_core.package_identification:Package 'cartographer_ros/cartographer_rviz' with type 'ros.ament_cmake' and name 'cartographer_rviz'
[0.774s] Level 1:colcon.colcon_core.package_identification:_identify(cartographer_ros/docs) by extensions ['ignore', 'ignore_ament_install']
[0.775s] Level 1:colcon.colcon_core.package_identification:_identify(cartographer_ros/docs) by extension 'ignore'
[0.775s] Level 1:colcon.colcon_core.package_identification:_identify(cartographer_ros/docs) ignored
[0.775s] Level 1:colcon.colcon_core.package_identification:_identify(cartographer_ros/scripts) by extensions ['ignore', 'ignore_ament_install']
[0.776s] Level 1:colcon.colcon_core.package_identification:_identify(cartographer_ros/scripts) by extension 'ignore'
[0.776s] Level 1:colcon.colcon_core.package_identification:_identify(cartographer_ros/scripts) by extension 'ignore_ament_install'
[0.776s] Level 1:colcon.colcon_core.package_identification:_identify(cartographer_ros/scripts) by extensions ['colcon_pkg']
[0.776s] Level 1:colcon.colcon_core.package_identification:_identify(cartographer_ros/scripts) by extension 'colcon_pkg'
[0.777s] Level 1:colcon.colcon_core.package_identification:_identify(cartographer_ros/scripts) by extensions ['colcon_meta']
[0.777s] Level 1:colcon.colcon_core.package_identification:_identify(cartographer_ros/scripts) by extension 'colcon_meta'
[0.777s] Level 1:colcon.colcon_core.package_identification:_identify(cartographer_ros/scripts) by extensions ['ros']
[0.777s] Level 1:colcon.colcon_core.package_identification:_identify(cartographer_ros/scripts) by extension 'ros'
[0.777s] Level 1:colcon.colcon_core.package_identification:_identify(cartographer_ros/scripts) by extensions ['cmake', 'python']
[0.777s] Level 1:colcon.colcon_core.package_identification:_identify(cartographer_ros/scripts) by extension 'cmake'
[0.777s] Level 1:colcon.colcon_core.package_identification:_identify(cartographer_ros/scripts) by extension 'python'
[0.778s] Level 1:colcon.colcon_core.package_identification:_identify(cartographer_ros/scripts) by extensions ['python_setup_py']
[0.778s] Level 1:colcon.colcon_core.package_identification:_identify(cartographer_ros/scripts) by extension 'python_setup_py'
[0.779s] Level 1:colcon.colcon_core.package_identification:_identify(cpp_package) by extensions ['ignore', 'ignore_ament_install']
[0.780s] Level 1:colcon.colcon_core.package_identification:_identify(cpp_package) by extension 'ignore'
[0.780s] Level 1:colcon.colcon_core.package_identification:_identify(cpp_package) by extension 'ignore_ament_install'
[0.780s] Level 1:colcon.colcon_core.package_identification:_identify(cpp_package) by extensions ['colcon_pkg']
[0.780s] Level 1:colcon.colcon_core.package_identification:_identify(cpp_package) by extension 'colcon_pkg'
[0.780s] Level 1:colcon.colcon_core.package_identification:_identify(cpp_package) by extensions ['colcon_meta']
[0.780s] Level 1:colcon.colcon_core.package_identification:_identify(cpp_package) by extension 'colcon_meta'
[0.780s] Level 1:colcon.colcon_core.package_identification:_identify(cpp_package) by extensions ['ros']
[0.780s] Level 1:colcon.colcon_core.package_identification:_identify(cpp_package) by extension 'ros'
[0.784s] DEBUG:colcon.colcon_core.package_identification:Package 'cpp_package' with type 'ros.ament_cmake' and name 'cpp_package'
[0.784s] Level 1:colcon.colcon_core.package_identification:_identify(gemini_interfaces) by extensions ['ignore', 'ignore_ament_install']
[0.784s] Level 1:colcon.colcon_core.package_identification:_identify(gemini_interfaces) by extension 'ignore'
[0.785s] Level 1:colcon.colcon_core.package_identification:_identify(gemini_interfaces) by extension 'ignore_ament_install'
[0.785s] Level 1:colcon.colcon_core.package_identification:_identify(gemini_interfaces) by extensions ['colcon_pkg']
[0.785s] Level 1:colcon.colcon_core.package_identification:_identify(gemini_interfaces) by extension 'colcon_pkg'
[0.785s] Level 1:colcon.colcon_core.package_identification:_identify(gemini_interfaces) by extensions ['colcon_meta']
[0.785s] Level 1:colcon.colcon_core.package_identification:_identify(gemini_interfaces) by extension 'colcon_meta'
[0.785s] Level 1:colcon.colcon_core.package_identification:_identify(gemini_interfaces) by extensions ['ros']
[0.785s] Level 1:colcon.colcon_core.package_identification:_identify(gemini_interfaces) by extension 'ros'
[0.787s] Level 1:colcon.colcon_core.package_identification:_identify(gemini_interfaces) by extensions ['cmake', 'python']
[0.787s] Level 1:colcon.colcon_core.package_identification:_identify(gemini_interfaces) by extension 'cmake'
[0.788s] Level 1:colcon.colcon_core.package_identification:_identify(gemini_interfaces) by extension 'python'
[0.789s] Level 1:colcon.colcon_core.package_identification:_identify(gemini_interfaces) by extensions ['python_setup_py']
[0.789s] Level 1:colcon.colcon_core.package_identification:_identify(gemini_interfaces) by extension 'python_setup_py'
[0.789s] Level 1:colcon.colcon_core.package_identification:_identify(gemini_pkg) by extensions ['ignore', 'ignore_ament_install']
[0.790s] Level 1:colcon.colcon_core.package_identification:_identify(gemini_pkg) by extension 'ignore'
[0.790s] Level 1:colcon.colcon_core.package_identification:_identify(gemini_pkg) by extension 'ignore_ament_install'
[0.791s] Level 1:colcon.colcon_core.package_identification:_identify(gemini_pkg) by extensions ['colcon_pkg']
[0.791s] Level 1:colcon.colcon_core.package_identification:_identify(gemini_pkg) by extension 'colcon_pkg'
[0.791s] Level 1:colcon.colcon_core.package_identification:_identify(gemini_pkg) by extensions ['colcon_meta']
[0.791s] Level 1:colcon.colcon_core.package_identification:_identify(gemini_pkg) by extension 'colcon_meta'
[0.791s] Level 1:colcon.colcon_core.package_identification:_identify(gemini_pkg) by extensions ['ros']
[0.791s] Level 1:colcon.colcon_core.package_identification:_identify(gemini_pkg) by extension 'ros'
[0.792s] Level 1:colcon.colcon_core.package_identification:_identify(gemini_pkg) by extensions ['cmake', 'python']
[0.792s] Level 1:colcon.colcon_core.package_identification:_identify(gemini_pkg) by extension 'cmake'
[0.793s] Level 1:colcon.colcon_core.package_identification:_identify(gemini_pkg) by extension 'python'
[0.793s] Level 1:colcon.colcon_core.package_identification:_identify(gemini_pkg) by extensions ['python_setup_py']
[0.793s] Level 1:colcon.colcon_core.package_identification:_identify(gemini_pkg) by extension 'python_setup_py'
[0.793s] Level 1:colcon.colcon_core.package_identification:_identify(install) by extensions ['ignore', 'ignore_ament_install']
[0.794s] Level 1:colcon.colcon_core.package_identification:_identify(install) by extension 'ignore'
[0.794s] Level 1:colcon.colcon_core.package_identification:_identify(install) ignored
[0.794s] Level 1:colcon.colcon_core.package_identification:_identify(log) by extensions ['ignore', 'ignore_ament_install']
[0.794s] Level 1:colcon.colcon_core.package_identification:_identify(log) by extension 'ignore'
[0.795s] Level 1:colcon.colcon_core.package_identification:_identify(log) ignored
[0.795s] Level 1:colcon.colcon_core.package_identification:_identify(mpu9250) by extensions ['ignore', 'ignore_ament_install']
[0.795s] Level 1:colcon.colcon_core.package_identification:_identify(mpu9250) by extension 'ignore'
[0.795s] Level 1:colcon.colcon_core.package_identification:_identify(mpu9250) by extension 'ignore_ament_install'
[0.795s] Level 1:colcon.colcon_core.package_identification:_identify(mpu9250) by extensions ['colcon_pkg']
[0.795s] Level 1:colcon.colcon_core.package_identification:_identify(mpu9250) by extension 'colcon_pkg'
[0.795s] Level 1:colcon.colcon_core.package_identification:_identify(mpu9250) by extensions ['colcon_meta']
[0.795s] Level 1:colcon.colcon_core.package_identification:_identify(mpu9250) by extension 'colcon_meta'
[0.795s] Level 1:colcon.colcon_core.package_identification:_identify(mpu9250) by extensions ['ros']
[0.795s] Level 1:colcon.colcon_core.package_identification:_identify(mpu9250) by extension 'ros'
[0.797s] DEBUG:colcon.colcon_core.package_identification:Package 'mpu9250' with type 'ros.ament_python' and name 'mpu9250'
[0.797s] Level 1:colcon.colcon_core.package_identification:_identify(optical_cane_rpi) by extensions ['ignore', 'ignore_ament_install']
[0.798s] Level 1:colcon.colcon_core.package_identification:_identify(optical_cane_rpi) by extension 'ignore'
[0.798s] Level 1:colcon.colcon_core.package_identification:_identify(optical_cane_rpi) by extension 'ignore_ament_install'
[0.798s] Level 1:colcon.colcon_core.package_identification:_identify(optical_cane_rpi) by extensions ['colcon_pkg']
[0.798s] Level 1:colcon.colcon_core.package_identification:_identify(optical_cane_rpi) by extension 'colcon_pkg'
[0.798s] Level 1:colcon.colcon_core.package_identification:_identify(optical_cane_rpi) by extensions ['colcon_meta']
[0.799s] Level 1:colcon.colcon_core.package_identification:_identify(optical_cane_rpi) by extension 'colcon_meta'
[0.799s] Level 1:colcon.colcon_core.package_identification:_identify(optical_cane_rpi) by extensions ['ros']
[0.799s] Level 1:colcon.colcon_core.package_identification:_identify(optical_cane_rpi) by extension 'ros'
[0.803s] DEBUG:colcon.colcon_core.package_identification:Package 'optical_cane_rpi' with type 'ros.ament_python' and name 'optical_cane_rpi'
[0.803s] Level 1:colcon.colcon_core.package_identification:_identify(sllidar_ros2) by extensions ['ignore', 'ignore_ament_install']
[0.803s] Level 1:colcon.colcon_core.package_identification:_identify(sllidar_ros2) by extension 'ignore'
[0.803s] Level 1:colcon.colcon_core.package_identification:_identify(sllidar_ros2) by extension 'ignore_ament_install'
[0.804s] Level 1:colcon.colcon_core.package_identification:_identify(sllidar_ros2) by extensions ['colcon_pkg']
[0.804s] Level 1:colcon.colcon_core.package_identification:_identify(sllidar_ros2) by extension 'colcon_pkg'
[0.804s] Level 1:colcon.colcon_core.package_identification:_identify(sllidar_ros2) by extensions ['colcon_meta']
[0.804s] Level 1:colcon.colcon_core.package_identification:_identify(sllidar_ros2) by extension 'colcon_meta'
[0.804s] Level 1:colcon.colcon_core.package_identification:_identify(sllidar_ros2) by extensions ['ros']
[0.804s] Level 1:colcon.colcon_core.package_identification:_identify(sllidar_ros2) by extension 'ros'
[0.805s] DEBUG:colcon.colcon_core.package_identification:Package 'sllidar_ros2' with type 'ros.ament_cmake' and name 'sllidar_ros2'
[0.806s] Level 1:colcon.colcon_core.package_identification:_identify(sweep_builder) by extensions ['ignore', 'ignore_ament_install']
[0.806s] Level 1:colcon.colcon_core.package_identification:_identify(sweep_builder) by extension 'ignore'
[0.806s] Level 1:colcon.colcon_core.package_identification:_identify(sweep_builder) by extension 'ignore_ament_install'
[0.806s] Level 1:colcon.colcon_core.package_identification:_identify(sweep_builder) by extensions ['colcon_pkg']
[0.806s] Level 1:colcon.colcon_core.package_identification:_identify(sweep_builder) by extension 'colcon_pkg'
[0.806s] Level 1:colcon.colcon_core.package_identification:_identify(sweep_builder) by extensions ['colcon_meta']
[0.806s] Level 1:colcon.colcon_core.package_identification:_identify(sweep_builder) by extension 'colcon_meta'
[0.806s] Level 1:colcon.colcon_core.package_identification:_identify(sweep_builder) by extensions ['ros']
[0.807s] Level 1:colcon.colcon_core.package_identification:_identify(sweep_builder) by extension 'ros'
[0.808s] DEBUG:colcon.colcon_core.package_identification:Package 'sweep_builder' with type 'ros.ament_python' and name 'sweep_builder'
[0.809s] Level 1:colcon.colcon_core.package_discovery:discover_packages(recursive) using defaults
[0.810s] Level 1:colcon.colcon_core.package_discovery:discover_packages(ignore) discover
[0.810s] Level 1:colcon.colcon_core.package_discovery:discover_packages(ignore) using defaults
[0.810s] Level 1:colcon.colcon_core.package_discovery:discover_packages(path) discover
[0.810s] Level 1:colcon.colcon_core.package_discovery:discover_packages(path) using defaults
[0.902s] INFO:colcon.colcon_core.package_selection:Skipping not selected package 'cartographer' in 'cartographer'
[0.902s] INFO:colcon.colcon_core.package_selection:Skipping not selected package 'cartographer_ros_msgs' in 'cartographer_ros/cartographer_ros_msgs'
[0.902s] INFO:colcon.colcon_core.package_selection:Skipping not selected package 'mpu9250' in 'mpu9250'
[0.903s] INFO:colcon.colcon_core.package_selection:Skipping not selected package 'sllidar_ros2' in 'sllidar_ros2'
[0.903s] INFO:colcon.colcon_core.package_selection:Skipping not selected package 'sweep_builder' in 'sweep_builder'
[0.903s] INFO:colcon.colcon_core.package_selection:Skipping not selected package 'cartographer_ros' in 'cartographer_ros/cartographer_ros'
[0.903s] INFO:colcon.colcon_core.package_selection:Skipping not selected package 'optical_cane_rpi' in 'optical_cane_rpi'
[0.903s] INFO:colcon.colcon_core.package_selection:Skipping not selected package 'cartographer_rviz' in 'cartographer_ros/cartographer_rviz'
[0.904s] Level 1:colcon.colcon_core.package_discovery:discover_packages(prefix_path) check parameters
[0.904s] Level 1:colcon.colcon_core.package_discovery:discover_packages(prefix_path) discover
[0.907s] WARNING:colcon.colcon_ros.prefix_path.ament:The path '/home/p/ros2_ws/install/gemini_pkg' in the environment variable AMENT_PREFIX_PATH doesn't exist
[0.907s] WARNING:colcon.colcon_ros.prefix_path.ament:The path '/home/p/ros2_ws/install/gemini_interfaces' in the environment variable AMENT_PREFIX_PATH doesn't exist
[0.908s] WARNING:colcon.colcon_ros.prefix_path.catkin:The path '/home/p/ros2_ws/install/gemini_pkg' in the environment variable CMAKE_PREFIX_PATH doesn't exist
[0.908s] WARNING:colcon.colcon_ros.prefix_path.catkin:The path '/home/p/ros2_ws/install/gemini_interfaces' in the environment variable CMAKE_PREFIX_PATH doesn't exist
[0.912s] DEBUG:colcon.colcon_installed_package_information.package_discovery:Found 9 installed packages in /home/p/ros2_ws/install
[0.918s] DEBUG:colcon.colcon_installed_package_information.package_discovery:Found 451 installed packages in /opt/ros/jazzy
[0.922s] Level 1:colcon.colcon_core.package_discovery:discover_packages(prefix_path) using defaults
[1.159s] Level 5:colcon.colcon_core.verb:set package 'cpp_package' build argument 'cmake_args' from command line to 'None'
[1.159s] Level 5:colcon.colcon_core.verb:set package 'cpp_package' build argument 'cmake_target' from command line to 'None'
[1.159s] Level 5:colcon.colcon_core.verb:set package 'cpp_package' build argument 'cmake_target_skip_unavailable' from command line to 'False'
[1.159s] Level 5:colcon.colcon_core.verb:set package 'cpp_package' build argument 'cmake_clean_cache' from command line to 'False'
[1.159s] Level 5:colcon.colcon_core.verb:set package 'cpp_package' build argument 'cmake_clean_first' from command line to 'False'
[1.159s] Level 5:colcon.colcon_core.verb:set package 'cpp_package' build argument 'cmake_force_configure' from command line to 'False'
[1.159s] Level 5:colcon.colcon_core.verb:set package 'cpp_package' build argument 'ament_cmake_args' from command line to 'None'
[1.160s] Level 5:colcon.colcon_core.verb:set package 'cpp_package' build argument 'catkin_cmake_args' from command line to 'None'
[1.160s] Level 5:colcon.colcon_core.verb:set package 'cpp_package' build argument 'catkin_skip_building_tests' from command line to 'False'
[1.160s] DEBUG:colcon.colcon_core.verb:Building package 'cpp_package' with the following arguments: {'ament_cmake_args': None, 'build_base': '/home/p/ros2_ws/src/build/cpp_package', 'catkin_cmake_args': None, 'catkin_skip_building_tests': False, 'cmake_args': None, 'cmake_clean_cache': False, 'cmake_clean_first': False, 'cmake_force_configure': False, 'cmake_target': None, 'cmake_target_skip_unavailable': False, 'install_base': '/home/p/ros2_ws/src/install/cpp_package', 'merge_install': False, 'path': '/home/p/ros2_ws/src/cpp_package', 'symlink_install': False, 'test_result_base': None}
[1.160s] INFO:colcon.colcon_core.executor:Executing jobs using 'parallel' executor
[1.164s] DEBUG:colcon.colcon_parallel_executor.executor.parallel:run_until_complete
[1.165s] INFO:colcon.colcon_ros.task.ament_cmake.build:Building ROS package in '/home/p/ros2_ws/src/cpp_package' with build type 'ament_cmake'
[1.165s] INFO:colcon.colcon_cmake.task.cmake.build:Building CMake package in '/home/p/ros2_ws/src/cpp_package'
[1.174s] INFO:colcon.colcon_core.plugin_system:Skipping extension 'colcon_core.shell.bat': Not used on non-Windows systems
[1.175s] INFO:colcon.colcon_core.shell:Skip shell extension 'powershell' for command environment: Not usable outside of PowerShell
[1.175s] DEBUG:colcon.colcon_core.shell:Skip shell extension 'dsv' for command environment
[1.201s] DEBUG:colcon.colcon_core.event_handler.log_command:Invoking command in '/home/p/ros2_ws/src/build/cpp_package': CMAKE_PREFIX_PATH=${CMAKE_PREFIX_PATH}:/home/p/ros2_ws/install/sweep_builder:/home/p/ros2_ws/install/optical_cane_rpi:/home/p/ros2_ws/install/mpu9250:/opt/ros/jazzy DEBUGINFOD_URLS=https://debuginfod.ubuntu.com /usr/bin/cmake --build /home/p/ros2_ws/src/build/cpp_package -- -j4 -l4
[70.442s] DEBUG:colcon.colcon_core.event_handler.log_command:Invoked command in '/home/p/ros2_ws/src/build/cpp_package' returned '0': CMAKE_PREFIX_PATH=${CMAKE_PREFIX_PATH}:/home/p/ros2_ws/install/sweep_builder:/home/p/ros2_ws/install/optical_cane_rpi:/home/p/ros2_ws/install/mpu9250:/opt/ros/jazzy DEBUGINFOD_URLS=https://debuginfod.ubuntu.com /usr/bin/cmake --build /home/p/ros2_ws/src/build/cpp_package -- -j4 -l4
[70.463s] DEBUG:colcon.colcon_core.event_handler.log_command:Invoking command in '/home/p/ros2_ws/src/build/cpp_package': CMAKE_PREFIX_PATH=${CMAKE_PREFIX_PATH}:/home/p/ros2_ws/install/sweep_builder:/home/p/ros2_ws/install/optical_cane_rpi:/home/p/ros2_ws/install/mpu9250:/opt/ros/jazzy DEBUGINFOD_URLS=https://debuginfod.ubuntu.com /usr/bin/cmake --install /home/p/ros2_ws/src/build/cpp_package
[70.611s] Level 1:colcon.colcon_core.environment:create_environment_scripts_only(cpp_package)
[70.612s] DEBUG:colcon.colcon_core.event_handler.log_command:Invoked command in '/home/p/ros2_ws/src/build/cpp_package' returned '0': CMAKE_PREFIX_PATH=${CMAKE_PREFIX_PATH}:/home/p/ros2_ws/install/sweep_builder:/home/p/ros2_ws/install/optical_cane_rpi:/home/p/ros2_ws/install/mpu9250:/opt/ros/jazzy DEBUGINFOD_URLS=https://debuginfod.ubuntu.com /usr/bin/cmake --install /home/p/ros2_ws/src/build/cpp_package
[70.615s] Level 1:colcon.colcon_core.environment:checking '/home/p/ros2_ws/src/install/cpp_package' for CMake module files
[70.616s] Level 1:colcon.colcon_core.environment:checking '/home/p/ros2_ws/src/install/cpp_package' for CMake config files
[70.617s] Level 1:colcon.colcon_core.shell:create_environment_hook('cpp_package', 'cmake_prefix_path')
[70.617s] INFO:colcon.colcon_core.shell:Creating environment hook '/home/p/ros2_ws/src/install/cpp_package/share/cpp_package/hook/cmake_prefix_path.ps1'
[70.618s] INFO:colcon.colcon_core.shell:Creating environment descriptor '/home/p/ros2_ws/src/install/cpp_package/share/cpp_package/hook/cmake_prefix_path.dsv'
[70.619s] INFO:colcon.colcon_core.shell:Creating environment hook '/home/p/ros2_ws/src/install/cpp_package/share/cpp_package/hook/cmake_prefix_path.sh'
[70.620s] Level 1:colcon.colcon_core.environment:checking '/home/p/ros2_ws/src/install/cpp_package/lib'
[70.620s] Level 1:colcon.colcon_core.shell:create_environment_hook('cpp_package', 'ld_library_path_lib')
[70.621s] INFO:colcon.colcon_core.shell:Creating environment hook '/home/p/ros2_ws/src/install/cpp_package/share/cpp_package/hook/ld_library_path_lib.ps1'
[70.621s] INFO:colcon.colcon_core.shell:Creating environment descriptor '/home/p/ros2_ws/src/install/cpp_package/share/cpp_package/hook/ld_library_path_lib.dsv'
[70.622s] INFO:colcon.colcon_core.shell:Creating environment hook '/home/p/ros2_ws/src/install/cpp_package/share/cpp_package/hook/ld_library_path_lib.sh'
[70.623s] Level 1:colcon.colcon_core.environment:checking '/home/p/ros2_ws/src/install/cpp_package/bin'
[70.623s] Level 1:colcon.colcon_core.environment:checking '/home/p/ros2_ws/src/install/cpp_package/lib/pkgconfig/cpp_package.pc'
[70.623s] Level 1:colcon.colcon_core.environment:checking '/home/p/ros2_ws/src/install/cpp_package/lib/python3.12/site-packages'
[70.623s] Level 1:colcon.colcon_core.shell:create_environment_hook('cpp_package', 'pythonpath')
[70.623s] INFO:colcon.colcon_core.shell:Creating environment hook '/home/p/ros2_ws/src/install/cpp_package/share/cpp_package/hook/pythonpath.ps1'
[70.624s] INFO:colcon.colcon_core.shell:Creating environment descriptor '/home/p/ros2_ws/src/install/cpp_package/share/cpp_package/hook/pythonpath.dsv'
[70.625s] INFO:colcon.colcon_core.shell:Creating environment hook '/home/p/ros2_ws/src/install/cpp_package/share/cpp_package/hook/pythonpath.sh'
[70.625s] Level 1:colcon.colcon_core.environment:checking '/home/p/ros2_ws/src/install/cpp_package/bin'
[70.626s] INFO:colcon.colcon_core.shell:Creating package script '/home/p/ros2_ws/src/install/cpp_package/share/cpp_package/package.ps1'
[70.627s] INFO:colcon.colcon_core.shell:Creating package descriptor '/home/p/ros2_ws/src/install/cpp_package/share/cpp_package/package.dsv'
[70.627s] INFO:colcon.colcon_core.shell:Creating package script '/home/p/ros2_ws/src/install/cpp_package/share/cpp_package/package.sh'
[70.628s] INFO:colcon.colcon_core.shell:Creating package script '/home/p/ros2_ws/src/install/cpp_package/share/cpp_package/package.bash'
[70.629s] INFO:colcon.colcon_core.shell:Creating package script '/home/p/ros2_ws/src/install/cpp_package/share/cpp_package/package.zsh'
[70.630s] Level 1:colcon.colcon_core.environment:create_file_with_runtime_dependencies(/home/p/ros2_ws/src/install/cpp_package/share/colcon-core/packages/cpp_package)
[70.632s] Level 1:colcon.colcon_core.environment:create_environment_scripts_only(cpp_package)
[70.632s] Level 1:colcon.colcon_core.environment:checking '/home/p/ros2_ws/src/install/cpp_package' for CMake module files
[70.633s] Level 1:colcon.colcon_core.environment:checking '/home/p/ros2_ws/src/install/cpp_package' for CMake config files
[70.634s] Level 1:colcon.colcon_core.shell:create_environment_hook('cpp_package', 'cmake_prefix_path')
[70.634s] INFO:colcon.colcon_core.shell:Creating environment hook '/home/p/ros2_ws/src/install/cpp_package/share/cpp_package/hook/cmake_prefix_path.ps1'
[70.635s] INFO:colcon.colcon_core.shell:Creating environment descriptor '/home/p/ros2_ws/src/install/cpp_package/share/cpp_package/hook/cmake_prefix_path.dsv'
[70.636s] INFO:colcon.colcon_core.shell:Creating environment hook '/home/p/ros2_ws/src/install/cpp_package/share/cpp_package/hook/cmake_prefix_path.sh'
[70.637s] Level 1:colcon.colcon_core.environment:checking '/home/p/ros2_ws/src/install/cpp_package/lib'
[70.638s] Level 1:colcon.colcon_core.shell:create_environment_hook('cpp_package', 'ld_library_path_lib')
[70.638s] INFO:colcon.colcon_core.shell:Creating environment hook '/home/p/ros2_ws/src/install/cpp_package/share/cpp_package/hook/ld_library_path_lib.ps1'
[70.639s] INFO:colcon.colcon_core.shell:Creating environment descriptor '/home/p/ros2_ws/src/install/cpp_package/share/cpp_package/hook/ld_library_path_lib.dsv'
[70.640s] INFO:colcon.colcon_core.shell:Creating environment hook '/home/p/ros2_ws/src/install/cpp_package/share/cpp_package/hook/ld_library_path_lib.sh'
[70.641s] Level 1:colcon.colcon_core.environment:checking '/home/p/ros2_ws/src/install/cpp_package/bin'
[70.641s] Level 1:colcon.colcon_core.environment:checking '/home/p/ros2_ws/src/install/cpp_package/lib/pkgconfig/cpp_package.pc'
[70.641s] Level 1:colcon.colcon_core.environment:checking '/home/p/ros2_ws/src/install/cpp_package/lib/python3.12/site-packages'
[70.641s] Level 1:colcon.colcon_core.shell:create_environment_hook('cpp_package', 'pythonpath')
[70.642s] INFO:colcon.colcon_core.shell:Creating environment hook '/home/p/ros2_ws/src/install/cpp_package/share/cpp_package/hook/pythonpath.ps1'
[70.644s] INFO:colcon.colcon_core.shell:Creating environment descriptor '/home/p/ros2_ws/src/install/cpp_package/share/cpp_package/hook/pythonpath.dsv'
[70.646s] INFO:colcon.colcon_core.shell:Creating environment hook '/home/p/ros2_ws/src/install/cpp_package/share/cpp_package/hook/pythonpath.sh'
[70.647s] Level 1:colcon.colcon_core.environment:checking '/home/p/ros2_ws/src/install/cpp_package/bin'
[70.648s] INFO:colcon.colcon_core.shell:Creating package script '/home/p/ros2_ws/src/install/cpp_package/share/cpp_package/package.ps1'
[70.650s] INFO:colcon.colcon_core.shell:Creating package descriptor '/home/p/ros2_ws/src/install/cpp_package/share/cpp_package/package.dsv'
[70.651s] INFO:colcon.colcon_core.shell:Creating package script '/home/p/ros2_ws/src/install/cpp_package/share/cpp_package/package.sh'
[70.652s] INFO:colcon.colcon_core.shell:Creating package script '/home/p/ros2_ws/src/install/cpp_package/share/cpp_package/package.bash'
[70.653s] INFO:colcon.colcon_core.shell:Creating package script '/home/p/ros2_ws/src/install/cpp_package/share/cpp_package/package.zsh'
[70.654s] Level 1:colcon.colcon_core.environment:create_file_with_runtime_dependencies(/home/p/ros2_ws/src/install/cpp_package/share/colcon-core/packages/cpp_package)
[70.655s] DEBUG:colcon.colcon_parallel_executor.executor.parallel:closing loop
[70.655s] DEBUG:colcon.colcon_parallel_executor.executor.parallel:loop closed
[70.656s] DEBUG:colcon.colcon_parallel_executor.executor.parallel:run_until_complete finished with '0'
[70.656s] DEBUG:colcon.colcon_core.event_reactor:joining thread
[70.697s] INFO:colcon.colcon_core.plugin_system:Skipping extension 'colcon_notification.desktop_notification.terminal_notifier': Not used on non-Darwin systems
[70.698s] INFO:colcon.colcon_core.plugin_system:Skipping extension 'colcon_notification.desktop_notification.win32': Not used on non-Windows systems
[70.698s] INFO:colcon.colcon_notification.desktop_notification:Sending desktop notification using 'notify2'
[70.718s] DEBUG:colcon.colcon_core.event_reactor:joined thread
[70.718s] INFO:colcon.colcon_core.shell:Creating prefix script '/home/p/ros2_ws/src/install/local_setup.ps1'
[70.720s] INFO:colcon.colcon_core.shell:Creating prefix util module '/home/p/ros2_ws/src/install/_local_setup_util_ps1.py'
[70.722s] INFO:colcon.colcon_core.shell:Creating prefix chain script '/home/p/ros2_ws/src/install/setup.ps1'
[70.725s] INFO:colcon.colcon_core.shell:Creating prefix script '/home/p/ros2_ws/src/install/local_setup.sh'
[70.726s] INFO:colcon.colcon_core.shell:Creating prefix util module '/home/p/ros2_ws/src/install/_local_setup_util_sh.py'
[70.727s] INFO:colcon.colcon_core.shell:Creating prefix chain script '/home/p/ros2_ws/src/install/setup.sh'
[70.730s] INFO:colcon.colcon_core.shell:Creating prefix script '/home/p/ros2_ws/src/install/local_setup.bash'
[70.731s] INFO:colcon.colcon_core.shell:Creating prefix chain script '/home/p/ros2_ws/src/install/setup.bash'
[70.733s] INFO:colcon.colcon_core.shell:Creating prefix script '/home/p/ros2_ws/src/install/local_setup.zsh'
[70.734s] INFO:colcon.colcon_core.shell:Creating prefix chain script '/home/p/ros2_ws/src/install/setup.zsh'
