-- The C compiler identification is GNU 13.3.0
-- The CXX compiler identification is GNU 13.3.0
-- Detecting C compiler ABI info
-- Detecting C compiler ABI info - done
-- Check for working C compiler: /usr/bin/cc - skipped
-- Detecting C compile features
-- Detecting C compile features - done
-- Detecting CXX compiler ABI info
-- Detecting CXX compiler ABI info - done
-- Check for working CXX compiler: /usr/bin/c++ - skipped
-- Detecting CXX compile features
-- Detecting CXX compile features - done
-- Found ament_cmake: 2.5.4 (/opt/ros/jazzy/share/ament_cmake/cmake)
-- Found Python3: /usr/bin/python3 (found version "3.12.3") found components: Interpreter 
-- Found builtin_interfaces: 2.0.2 (/opt/ros/jazzy/share/builtin_interfaces/cmake)
-- Found rosidl_generator_c: 4.6.5 (/opt/ros/jazzy/share/rosidl_generator_c/cmake)
-- Found rosidl_generator_cpp: 4.6.5 (/opt/ros/jazzy/share/rosidl_generator_cpp/cmake)
-- Using all available rosidl_typesupport_c: rosidl_typesupport_fastrtps_c;rosidl_typesupport_introspection_c
-- Using all available rosidl_typesupport_cpp: rosidl_typesupport_fastrtps_cpp;rosidl_typesupport_introspection_cpp
-- Performing Test CMAKE_HAVE_LIBC_PTHREAD
-- Performing Test CMAKE_HAVE_LIBC_PTHREAD - Success
-- Found Threads: TRUE  
-- Found AMD headers in: /usr/include/suitesparse
-- Found AMD library: /usr/lib/aarch64-linux-gnu/libamd.so
-- Found CAMD headers in: /usr/include/suitesparse
-- Found CAMD library: /usr/lib/aarch64-linux-gnu/libcamd.so
-- Found CCOLAMD headers in: /usr/include/suitesparse
-- Found CCOLAMD library: /usr/lib/aarch64-linux-gnu/libccolamd.so
-- Found CHOLMOD headers in: /usr/include/suitesparse
-- Found CHOLMOD library: /usr/lib/aarch64-linux-gnu/libcholmod.so
-- Found COLAMD headers in: /usr/include/suitesparse
-- Found COLAMD library: /usr/lib/aarch64-linux-gnu/libcolamd.so
-- Found SPQR headers in: /usr/include/suitesparse
-- Found SPQR library: /usr/lib/aarch64-linux-gnu/libspqr.so
-- Found Config headers in: /usr/include/suitesparse
-- Found Config library: /usr/lib/aarch64-linux-gnu/libsuitesparseconfig.so
-- Found Intel Thread Building Blocks (TBB) library (2021.11 / ) include location: . Assuming SuiteSparseQR was compiled with TBB.
-- Looking for shm_open in rt
-- Looking for shm_open in rt - found
-- Adding librt to SuiteSparse_config libraries (required on Linux & Unix [not OSX] if SuiteSparse is compiled with timing).
-- Could NOT find METIS (missing: METIS_INCLUDE_DIR METIS_LIBRARY) 
-- Found SuiteSparse: /usr/include/suitesparse (found suitable version "7.6.1", minimum required is "7.6.1") found components: AMD CAMD CCOLAMD CHOLMOD COLAMD SPQR Config 
-- Found required Ceres dependency: Eigen version 3.4.0 in /usr/share/eigen3/cmake
-- Found required Ceres dependency: glog
-- Found required Ceres dependency: gflags
-- Found Ceres version: 2.2.0 installed in: /usr with components: [EigenSparse, SparseLinearAlgebraLibrary, LAPACK, SuiteSparse, SchurSpecializations]
-- Found cartographer_ros_msgs: 2.0.9003 (/home/p/ros2_ws/src/install/cartographer_ros_msgs/share/cartographer_ros_msgs/cmake)
-- Found Boost: /usr/lib/aarch64-linux-gnu/cmake/Boost-1.83.0/BoostConfig.cmake (found suitable version "1.83.0", minimum required is "1.65.0") found components: system filesystem iostreams serialization 
-- looking for PCL_COMMON
-- Found PCL_COMMON: /usr/lib/aarch64-linux-gnu/libpcl_common.so  
-- Found PCL: pcl_common;Boost::system;Boost::filesystem;Boost::iostreams;Boost::serialization  
-- Found nav_msgs: 5.3.6 (/opt/ros/jazzy/share/nav_msgs/cmake)
-- Found pcl_conversions: 2.6.2 (/opt/ros/jazzy/share/pcl_conversions/cmake)
-- Found rmw_implementation_cmake: 7.3.2 (/opt/ros/jazzy/share/rmw_implementation_cmake/cmake)
-- Found rmw_fastrtps_cpp: 8.4.2 (/opt/ros/jazzy/share/rmw_fastrtps_cpp/cmake)
-- Found OpenSSL: /usr/lib/aarch64-linux-gnu/libcrypto.so (found version "3.0.13")  
-- Found FastRTPS: /opt/ros/jazzy/include (Required is at least version "2.13") 
-- Using RMW implementation 'rmw_fastrtps_cpp' as default
-- Found rosbag2_cpp: 0.26.7 (/opt/ros/jazzy/share/rosbag2_cpp/cmake)
-- Setting yaml-cpp_DIR to: '/opt/ros/jazzy/share/yaml_cpp_vendor/cmake/../../../opt/yaml_cpp_vendor/share/cmake/yaml-cpp'
-- Found tf2: 0.36.12 (/opt/ros/jazzy/share/tf2/cmake)
-- Found tf2_eigen: 0.36.12 (/opt/ros/jazzy/share/tf2_eigen/cmake)
-- Found urdf: 2.10.0 (/opt/ros/jazzy/share/urdf/cmake)
-- Found visualization_msgs: 5.3.6 (/opt/ros/jazzy/share/visualization_msgs/cmake)
-- Configuring done (6.4s)
-- Generating done (0.4s)
-- Build files have been written to: /home/p/ros2_ws/src/build/cartographer_ros
[  2%] Building CXX object CMakeFiles/cartographer_ros.dir/src/msg_conversion.cpp.o
[  5%] Building CXX object CMakeFiles/cartographer_ros.dir/src/assets_writer.cpp.o
[  8%] Building CXX object CMakeFiles/cartographer_ros.dir/src/map_builder_bridge.cpp.o
[ 11%] Building CXX object CMakeFiles/cartographer_ros.dir/src/node_constants.cpp.o
[ 14%] Building CXX object CMakeFiles/cartographer_ros.dir/src/node.cpp.o
In file included from /home/p/ros2_ws/src/install/cartographer/include/cartographer/transform/transform.h:26,
                 from /home/p/ros2_ws/src/install/cartographer/include/cartographer/sensor/rangefinder_point.h:24,
                 from /home/p/ros2_ws/src/install/cartographer/include/cartographer/sensor/point_cloud.h:24,
                 from /home/p/ros2_ws/src/install/cartographer/include/cartographer/sensor/compressed_point_cloud.h:25,
                 from /home/p/ros2_ws/src/install/cartographer/include/cartographer/sensor/range_data.h:21,
                 from /home/p/ros2_ws/src/install/cartographer/include/cartographer/mapping/trajectory_node.h:27,
                 from /home/p/ros2_ws/src/install/cartographer/include/cartographer/mapping/submaps.h:30,
                 from /home/p/ros2_ws/src/install/cartographer/include/cartographer/mapping/pose_graph_interface.h:25,
                 from /home/p/ros2_ws/src/install/cartographer/include/cartographer/mapping/map_builder_interface.h:29,
                 from /home/p/ros2_ws/src/cartographer_ros/cartographer_ros/include/cartographer_ros/node.h:29,
                 from /home/p/ros2_ws/src/cartographer_ros/cartographer_ros/src/node.cpp:17:
/home/p/ros2_ws/src/install/cartographer/include/cartographer/transform/rigid_transform.h: In instantiation of ‘cartographer::transform::Rigid2<FloatType>::Rotation2D cartographer::transform::Rigid2<FloatType>::rotation() const [with FloatType = double; Rotation2D = Eigen::Rotation2D<double>]’:
/home/p/ros2_ws/src/install/cartographer/include/cartographer/transform/transform.h:113:45:   required from ‘cartographer::transform::Rigid3<FloatType> cartographer::transform::Embed3D(const Rigid2<FloatType>&) [with T = double]’
/home/p/ros2_ws/src/cartographer_ros/cartographer_ros/src/node.cpp:306:41:   required from here
/home/p/ros2_ws/src/install/cartographer/include/cartographer/transform/rigid_transform.h:68:14: note: parameter passing for argument of type ‘Eigen::Rotation2D<double>’ when C++17 is enabled changed to match C++14 in GCC 10.1
   68 |   Rotation2D rotation() const { return rotation_; }
      |              ^~~~~~~~
[ 17%] Building CXX object CMakeFiles/cartographer_ros.dir/src/playable_bag.cpp.o
[ 20%] Building CXX object CMakeFiles/cartographer_ros.dir/src/offline_node.cpp.o
[ 22%] Building CXX object CMakeFiles/cartographer_ros.dir/src/node_options.cpp.o
[ 25%] Building CXX object CMakeFiles/cartographer_ros.dir/src/ros_map.cpp.o
[ 28%] Building CXX object CMakeFiles/cartographer_ros.dir/src/ros_log_sink.cpp.o
[ 31%] Building CXX object CMakeFiles/cartographer_ros.dir/src/submap.cpp.o
[ 34%] Building CXX object CMakeFiles/cartographer_ros.dir/src/sensor_bridge.cpp.o
[ 37%] Building CXX object CMakeFiles/cartographer_ros.dir/src/ros_map_writing_points_processor.cpp.o
[ 40%] Building CXX object CMakeFiles/cartographer_ros.dir/src/trajectory_options.cpp.o
[ 42%] Building CXX object CMakeFiles/cartographer_ros.dir/src/urdf_reader.cpp.o
[ 45%] Building CXX object CMakeFiles/cartographer_ros.dir/src/time_conversion.cpp.o
[ 48%] Building CXX object CMakeFiles/cartographer_ros.dir/src/tf_bridge.cpp.o
[ 51%] Building CXX object CMakeFiles/cartographer_ros.dir/src/metrics/internal/histogram.cpp.o
[ 57%] Building CXX object CMakeFiles/cartographer_ros.dir/src/metrics/family_factory.cpp.o
[ 57%] Building CXX object CMakeFiles/cartographer_ros.dir/src/metrics/internal/family.cpp.o
[ 60%] Linking CXX static library libcartographer_ros.a
[ 60%] Built target cartographer_ros
[ 65%] Building CXX object CMakeFiles/cartographer_node.dir/src/node_main.cpp.o
[ 65%] Building CXX object CMakeFiles/cartographer_occupancy_grid_node.dir/src/occupancy_grid_node_main.cpp.o
[ 68%] Building CXX object CMakeFiles/cartographer_assets_writer.dir/src/assets_writer_main.cpp.o
[ 71%] Building CXX object CMakeFiles/cartographer_offline_node.dir/src/offline_node_main.cpp.o
[ 74%] Linking CXX executable cartographer_offline_node
[ 77%] Linking CXX executable cartographer_assets_writer
[ 77%] Built target cartographer_assets_writer
[ 80%] Linking CXX executable cartographer_node
[ 80%] Built target cartographer_offline_node
[ 80%] Built target cartographer_node
[ 82%] Linking CXX executable cartographer_occupancy_grid_node
[ 82%] Built target cartographer_occupancy_grid_node
[ 85%] Building CXX object CMakeFiles/cartographer_rosbag_validate.dir/src/rosbag_validate_main.cpp.o
[ 88%] Linking CXX executable cartographer_rosbag_validate
[ 88%] Built target cartographer_rosbag_validate
[ 94%] Building CXX object CMakeFiles/cartographer_pbstream_map_publisher.dir/src/pbstream_map_publisher_main.cpp.o
[ 94%] Building CXX object CMakeFiles/cartographer_pbstream_to_ros_map.dir/src/pbstream_to_ros_map_main.cpp.o
[ 97%] Linking CXX executable cartographer_pbstream_to_ros_map
[ 97%] Built target cartographer_pbstream_to_ros_map
[100%] Linking CXX executable cartographer_pbstream_map_publisher
[100%] Built target cartographer_pbstream_map_publisher
-- Install configuration: ""
-- Installing: /home/p/ros2_ws/src/install/cartographer_ros/lib/libcartographer_ros.a
-- Installing: /home/p/ros2_ws/src/install/cartographer_ros/lib/cartographer_ros/cartographer_node
-- Set non-toolchain portion of runtime path of "/home/p/ros2_ws/src/install/cartographer_ros/lib/cartographer_ros/cartographer_node" to ""
-- Installing: /home/p/ros2_ws/src/install/cartographer_ros/lib/cartographer_ros/cartographer_occupancy_grid_node
-- Set non-toolchain portion of runtime path of "/home/p/ros2_ws/src/install/cartographer_ros/lib/cartographer_ros/cartographer_occupancy_grid_node" to ""
-- Installing: /home/p/ros2_ws/src/install/cartographer_ros/lib/cartographer_ros/cartographer_offline_node
-- Set non-toolchain portion of runtime path of "/home/p/ros2_ws/src/install/cartographer_ros/lib/cartographer_ros/cartographer_offline_node" to ""
-- Installing: /home/p/ros2_ws/src/install/cartographer_ros/lib/cartographer_ros/cartographer_assets_writer
-- Set non-toolchain portion of runtime path of "/home/p/ros2_ws/src/install/cartographer_ros/lib/cartographer_ros/cartographer_assets_writer" to ""
-- Installing: /home/p/ros2_ws/src/install/cartographer_ros/lib/cartographer_ros/cartographer_pbstream_map_publisher
-- Set non-toolchain portion of runtime path of "/home/p/ros2_ws/src/install/cartographer_ros/lib/cartographer_ros/cartographer_pbstream_map_publisher" to ""
-- Installing: /home/p/ros2_ws/src/install/cartographer_ros/lib/cartographer_ros/cartographer_pbstream_to_ros_map
-- Set non-toolchain portion of runtime path of "/home/p/ros2_ws/src/install/cartographer_ros/lib/cartographer_ros/cartographer_pbstream_to_ros_map" to ""
-- Installing: /home/p/ros2_ws/src/install/cartographer_ros/lib/cartographer_ros/cartographer_rosbag_validate
-- Set non-toolchain portion of runtime path of "/home/p/ros2_ws/src/install/cartographer_ros/lib/cartographer_ros/cartographer_rosbag_validate" to ""
-- Installing: /home/p/ros2_ws/src/install/cartographer_ros/include/
-- Installing: /home/p/ros2_ws/src/install/cartographer_ros/include//cartographer_ros
-- Installing: /home/p/ros2_ws/src/install/cartographer_ros/include//cartographer_ros/map_builder_bridge.h
-- Installing: /home/p/ros2_ws/src/install/cartographer_ros/include//cartographer_ros/offline_node.h
-- Installing: /home/p/ros2_ws/src/install/cartographer_ros/include//cartographer_ros/node_constants.h
-- Installing: /home/p/ros2_ws/src/install/cartographer_ros/include//cartographer_ros/ros_map_writing_points_processor.h
-- Installing: /home/p/ros2_ws/src/install/cartographer_ros/include//cartographer_ros/node.h
-- Installing: /home/p/ros2_ws/src/install/cartographer_ros/include//cartographer_ros/metrics
-- Installing: /home/p/ros2_ws/src/install/cartographer_ros/include//cartographer_ros/metrics/internal
-- Installing: /home/p/ros2_ws/src/install/cartographer_ros/include//cartographer_ros/metrics/internal/counter.h
-- Installing: /home/p/ros2_ws/src/install/cartographer_ros/include//cartographer_ros/metrics/internal/family.h
-- Installing: /home/p/ros2_ws/src/install/cartographer_ros/include//cartographer_ros/metrics/internal/gauge.h
-- Installing: /home/p/ros2_ws/src/install/cartographer_ros/include//cartographer_ros/metrics/internal/histogram.h
-- Installing: /home/p/ros2_ws/src/install/cartographer_ros/include//cartographer_ros/metrics/family_factory.h
-- Installing: /home/p/ros2_ws/src/install/cartographer_ros/include//cartographer_ros/ros_log_sink.h
-- Installing: /home/p/ros2_ws/src/install/cartographer_ros/include//cartographer_ros/assets_writer.h
-- Installing: /home/p/ros2_ws/src/install/cartographer_ros/include//cartographer_ros/trajectory_options.h
-- Installing: /home/p/ros2_ws/src/install/cartographer_ros/include//cartographer_ros/time_conversion.h
-- Installing: /home/p/ros2_ws/src/install/cartographer_ros/include//cartographer_ros/submap.h
-- Installing: /home/p/ros2_ws/src/install/cartographer_ros/include//cartographer_ros/playable_bag.h
-- Installing: /home/p/ros2_ws/src/install/cartographer_ros/include//cartographer_ros/ros_map.h
-- Installing: /home/p/ros2_ws/src/install/cartographer_ros/include//cartographer_ros/msg_conversion.h
-- Installing: /home/p/ros2_ws/src/install/cartographer_ros/include//cartographer_ros/tf_bridge.h
-- Installing: /home/p/ros2_ws/src/install/cartographer_ros/include//cartographer_ros/node_options.h
-- Installing: /home/p/ros2_ws/src/install/cartographer_ros/include//cartographer_ros/urdf_reader.h
-- Installing: /home/p/ros2_ws/src/install/cartographer_ros/include//cartographer_ros/sensor_bridge.h
-- Installing: /home/p/ros2_ws/src/install/cartographer_ros/share/cartographer_ros//configuration_files
-- Installing: /home/p/ros2_ws/src/install/cartographer_ros/share/cartographer_ros//configuration_files/my_2d_slam.lua
-- Installing: /home/p/ros2_ws/src/install/cartographer_ros/share/cartographer_ros//urdf
-- Installing: /home/p/ros2_ws/src/install/cartographer_ros/share/cartographer_ros//urdf/mir-100.urdf
-- Installing: /home/p/ros2_ws/src/install/cartographer_ros/share/cartographer_ros//urdf/backpack_3d.urdf
-- Installing: /home/p/ros2_ws/src/install/cartographer_ros/share/cartographer_ros//urdf/backpack_2d.urdf
-- Installing: /home/p/ros2_ws/src/install/cartographer_ros/share/cartographer_ros//launch
-- Installing: /home/p/ros2_ws/src/install/cartographer_ros/share/cartographer_ros//launch/my_cartographer_launch.py
-- Installing: /home/p/ros2_ws/src/install/cartographer_ros/share/cartographer_ros/environment/library_path.sh
-- Installing: /home/p/ros2_ws/src/install/cartographer_ros/share/cartographer_ros/environment/library_path.dsv
-- Installing: /home/p/ros2_ws/src/install/cartographer_ros/share/ament_index/resource_index/package_run_dependencies/cartographer_ros
-- Installing: /home/p/ros2_ws/src/install/cartographer_ros/share/ament_index/resource_index/parent_prefix_path/cartographer_ros
-- Installing: /home/p/ros2_ws/src/install/cartographer_ros/share/cartographer_ros/environment/ament_prefix_path.sh
-- Installing: /home/p/ros2_ws/src/install/cartographer_ros/share/cartographer_ros/environment/ament_prefix_path.dsv
-- Installing: /home/p/ros2_ws/src/install/cartographer_ros/share/cartographer_ros/environment/path.sh
-- Installing: /home/p/ros2_ws/src/install/cartographer_ros/share/cartographer_ros/environment/path.dsv
-- Installing: /home/p/ros2_ws/src/install/cartographer_ros/share/cartographer_ros/local_setup.bash
-- Installing: /home/p/ros2_ws/src/install/cartographer_ros/share/cartographer_ros/local_setup.sh
-- Installing: /home/p/ros2_ws/src/install/cartographer_ros/share/cartographer_ros/local_setup.zsh
-- Installing: /home/p/ros2_ws/src/install/cartographer_ros/share/cartographer_ros/local_setup.dsv
-- Installing: /home/p/ros2_ws/src/install/cartographer_ros/share/cartographer_ros/package.dsv
-- Installing: /home/p/ros2_ws/src/install/cartographer_ros/share/ament_index/resource_index/packages/cartographer_ros
-- Installing: /home/p/ros2_ws/src/install/cartographer_ros/share/cartographer_ros/cmake/ament_cmake_export_include_directories-extras.cmake
-- Installing: /home/p/ros2_ws/src/install/cartographer_ros/share/cartographer_ros/cmake/ament_cmake_export_libraries-extras.cmake
-- Installing: /home/p/ros2_ws/src/install/cartographer_ros/share/cartographer_ros/cmake/ament_cmake_export_dependencies-extras.cmake
-- Installing: /home/p/ros2_ws/src/install/cartographer_ros/share/cartographer_ros/cmake/cartographer_rosConfig.cmake
-- Installing: /home/p/ros2_ws/src/install/cartographer_ros/share/cartographer_ros/cmake/cartographer_rosConfig-version.cmake
-- Installing: /home/p/ros2_ws/src/install/cartographer_ros/share/cartographer_ros/package.xml
