[5.179s] Invoking command in '/home/p/ros2_ws/src/mpu9250': DEBUGINFOD_URLS=https://debuginfod.ubuntu.com PYTHONPATH=/home/p/ros2_ws/src/build/mpu9250/prefix_override:/usr/lib/python3/dist-packages/colcon_core/task/python/colcon_distutils_commands:/home/p/ros2_ws/src/install/mpu9250/lib/python3.12/site-packages:${PYTHONPATH} /usr/bin/python3 -W ignore:setup.py install is deprecated -W ignore:easy_install command is deprecated setup.py egg_info --egg-base ../build/mpu9250 build --build-base /home/p/ros2_ws/src/build/mpu9250/build install --record /home/p/ros2_ws/src/build/mpu9250/install.log --single-version-externally-managed install_data
[6.444s] running egg_info
[6.492s] writing ../build/mpu9250/mpu9250.egg-info/PKG-INFO
[6.493s] writing dependency_links to ../build/mpu9250/mpu9250.egg-info/dependency_links.txt
[6.493s] writing entry points to ../build/mpu9250/mpu9250.egg-info/entry_points.txt
[6.493s] writing requirements to ../build/mpu9250/mpu9250.egg-info/requires.txt
[6.493s] writing top-level names to ../build/mpu9250/mpu9250.egg-info/top_level.txt
[6.740s] reading manifest file '../build/mpu9250/mpu9250.egg-info/SOURCES.txt'
[6.744s] adding license file 'LICENSE'
[6.745s] writing manifest file '../build/mpu9250/mpu9250.egg-info/SOURCES.txt'
[6.745s] running build
[6.745s] running build_py
[6.745s] running install
[6.776s] running install_lib
[7.038s] running install_data
[7.038s] running install_egg_info
[7.064s] removing '/home/p/ros2_ws/src/install/mpu9250/lib/python3.12/site-packages/mpu9250-0.0.1-py3.12.egg-info' (and everything under it)
[7.064s] Copying ../build/mpu9250/mpu9250.egg-info to /home/p/ros2_ws/src/install/mpu9250/lib/python3.12/site-packages/mpu9250-0.0.1-py3.12.egg-info
[7.072s] running install_scripts
[7.801s] Installing mpu9250 script to /home/p/ros2_ws/src/install/mpu9250/lib/mpu9250
[7.803s] Installing mpu9250_driver_node script to /home/p/ros2_ws/src/install/mpu9250/lib/mpu9250
[7.803s] Installing mpu9250_filtered script to /home/p/ros2_ws/src/install/mpu9250/lib/mpu9250
[7.805s] writing list of installed files to '/home/p/ros2_ws/src/build/mpu9250/install.log'
[7.995s] Invoked command in '/home/p/ros2_ws/src/mpu9250' returned '0': DEBUGINFOD_URLS=https://debuginfod.ubuntu.com PYTHONPATH=/home/p/ros2_ws/src/build/mpu9250/prefix_override:/usr/lib/python3/dist-packages/colcon_core/task/python/colcon_distutils_commands:/home/p/ros2_ws/src/install/mpu9250/lib/python3.12/site-packages:${PYTHONPATH} /usr/bin/python3 -W ignore:setup.py install is deprecated -W ignore:easy_install command is deprecated setup.py egg_info --egg-base ../build/mpu9250 build --build-base /home/p/ros2_ws/src/build/mpu9250/build install --record /home/p/ros2_ws/src/build/mpu9250/install.log --single-version-externally-managed install_data
