running develop
running egg_info
creating scan_to_pointcloud.egg-info
writing scan_to_pointcloud.egg-info/PKG-INFO
writing dependency_links to scan_to_pointcloud.egg-info/dependency_links.txt
writing entry points to scan_to_pointcloud.egg-info/entry_points.txt
writing requirements to scan_to_pointcloud.egg-info/requires.txt
writing top-level names to scan_to_pointcloud.egg-info/top_level.txt
writing manifest file 'scan_to_pointcloud.egg-info/SOURCES.txt'
reading manifest file 'scan_to_pointcloud.egg-info/SOURCES.txt'
writing manifest file 'scan_to_pointcloud.egg-info/SOURCES.txt'
running build_ext
Creating /home/p/ros2_ws/install/scan_to_pointcloud/lib/python3.12/site-packages/scan-to-pointcloud.egg-link (link to .)
Installing accumulated_pointcloud script to /home/p/ros2_ws/install/scan_to_pointcloud/lib/scan_to_pointcloud
Installing scan_to_pointcloud script to /home/p/ros2_ws/install/scan_to_pointcloud/lib/scan_to_pointcloud

Installed /home/p/ros2_ws/build/scan_to_pointcloud
running symlink_data
creating /home/p/ros2_ws/install/scan_to_pointcloud/share/ament_index
creating /home/p/ros2_ws/install/scan_to_pointcloud/share/ament_index/resource_index
creating /home/p/ros2_ws/install/scan_to_pointcloud/share/ament_index/resource_index/packages
symbolically linking /home/p/ros2_ws/build/scan_to_pointcloud/resource/scan_to_pointcloud -> /home/p/ros2_ws/install/scan_to_pointcloud/share/ament_index/resource_index/packages
symbolically linking /home/p/ros2_ws/build/scan_to_pointcloud/package.xml -> /home/p/ros2_ws/install/scan_to_pointcloud/share/scan_to_pointcloud
