[9.806s] Invoking command in '/home/p/ros2_ws/build/scan_to_pointcloud': DEBUGINFOD_URLS=https://debuginfod.ubuntu.com PYTHONPATH=/home/p/ros2_ws/build/scan_to_pointcloud/prefix_override:/usr/lib/python3/dist-packages/colcon_core/task/python/colcon_distutils_commands:/home/p/ros2_ws/install/scan_to_pointcloud/lib/python3.12/site-packages:${PYTHONPATH} /usr/bin/python3 -W ignore:setup.py install is deprecated -W ignore:easy_install command is deprecated setup.py develop --editable --build-directory /home/p/ros2_ws/build/scan_to_pointcloud/build --no-deps symlink_data
[11.017s] running develop
[11.611s] running egg_info
[11.611s] creating scan_to_pointcloud.egg-info
[11.659s] writing scan_to_pointcloud.egg-info/PKG-INFO
[11.659s] writing dependency_links to scan_to_pointcloud.egg-info/dependency_links.txt
[11.659s] writing entry points to scan_to_pointcloud.egg-info/entry_points.txt
[11.659s] writing requirements to scan_to_pointcloud.egg-info/requires.txt
[11.659s] writing top-level names to scan_to_pointcloud.egg-info/top_level.txt
[11.659s] writing manifest file 'scan_to_pointcloud.egg-info/SOURCES.txt'
[11.785s] reading manifest file 'scan_to_pointcloud.egg-info/SOURCES.txt'
[11.787s] writing manifest file 'scan_to_pointcloud.egg-info/SOURCES.txt'
[11.909s] running build_ext
[11.909s] Creating /home/p/ros2_ws/install/scan_to_pointcloud/lib/python3.12/site-packages/scan-to-pointcloud.egg-link (link to .)
[11.909s] Installing accumulated_pointcloud script to /home/p/ros2_ws/install/scan_to_pointcloud/lib/scan_to_pointcloud
[11.909s] Installing scan_to_pointcloud script to /home/p/ros2_ws/install/scan_to_pointcloud/lib/scan_to_pointcloud
[11.910s] 
[11.910s] Installed /home/p/ros2_ws/build/scan_to_pointcloud
[11.910s] running symlink_data
[11.910s] creating /home/p/ros2_ws/install/scan_to_pointcloud/share/ament_index
[11.910s] creating /home/p/ros2_ws/install/scan_to_pointcloud/share/ament_index/resource_index
[11.913s] creating /home/p/ros2_ws/install/scan_to_pointcloud/share/ament_index/resource_index/packages
[11.913s] symbolically linking /home/p/ros2_ws/build/scan_to_pointcloud/resource/scan_to_pointcloud -> /home/p/ros2_ws/install/scan_to_pointcloud/share/ament_index/resource_index/packages
[11.913s] symbolically linking /home/p/ros2_ws/build/scan_to_pointcloud/package.xml -> /home/p/ros2_ws/install/scan_to_pointcloud/share/scan_to_pointcloud
[12.097s] Invoked command in '/home/p/ros2_ws/build/scan_to_pointcloud' returned '0': DEBUGINFOD_URLS=https://debuginfod.ubuntu.com PYTHONPATH=/home/p/ros2_ws/build/scan_to_pointcloud/prefix_override:/usr/lib/python3/dist-packages/colcon_core/task/python/colcon_distutils_commands:/home/p/ros2_ws/install/scan_to_pointcloud/lib/python3.12/site-packages:${PYTHONPATH} /usr/bin/python3 -W ignore:setup.py install is deprecated -W ignore:easy_install command is deprecated setup.py develop --editable --build-directory /home/p/ros2_ws/build/scan_to_pointcloud/build --no-deps symlink_data
