[  5%] Building CXX object CMakeFiles/sllidar_client.dir/src/sllidar_client.cpp.o
[ 10%] Building CXX object CMakeFiles/sllidar_node.dir/sdk/src/arch/linux/net_serial.cpp.o
[ 15%] Building CXX object CMakeFiles/sllidar_node.dir/src/sllidar_node.cpp.o
[ 20%] Building CXX object CMakeFiles/sllidar_node.dir/sdk/src/arch/linux/net_socket.cpp.o
[ 25%] Building CXX object CMakeFiles/sllidar_node.dir/sdk/src/arch/linux/timer.cpp.o
[ 30%] Building CXX object CMakeFiles/sllidar_node.dir/sdk/src/dataunpacker/dataunpacker.cpp.o
[ 35%] Building CXX object CMakeFiles/sllidar_node.dir/sdk/src/dataunpacker/unpacker/handler_capsules.cpp.o
[ 40%] Building CXX object CMakeFiles/sllidar_node.dir/sdk/src/dataunpacker/unpacker/handler_hqnode.cpp.o
[ 45%] Building CXX object CMakeFiles/sllidar_node.dir/sdk/src/dataunpacker/unpacker/handler_normalnode.cpp.o
[ 50%] Building CXX object CMakeFiles/sllidar_node.dir/sdk/src/hal/thread.cpp.o
[ 55%] Building CXX object CMakeFiles/sllidar_node.dir/sdk/src/rplidar_driver.cpp.o
[ 60%] Building CXX object CMakeFiles/sllidar_node.dir/sdk/src/sl_async_transceiver.cpp.o
[ 65%] Building CXX object CMakeFiles/sllidar_node.dir/sdk/src/sl_lidar_driver.cpp.o
[ 70%] Building CXX object CMakeFiles/sllidar_node.dir/sdk/src/sl_lidarprotocol_codec.cpp.o
[ 75%] Building CXX object CMakeFiles/sllidar_node.dir/sdk/src/sl_serial_channel.cpp.o
[ 80%] Building CXX object CMakeFiles/sllidar_node.dir/sdk/src/sl_tcp_channel.cpp.o
[ 85%] Building CXX object CMakeFiles/sllidar_node.dir/sdk/src/sl_udp_channel.cpp.o
[ 90%] Linking CXX executable sllidar_node
[ 95%] Built target sllidar_node
[100%] Linking CXX executable sllidar_client
[100%] Built target sllidar_client
-- Install configuration: ""
-- Up-to-date: /home/p/ros2_ws/src/install/sllidar_ros2/share/sllidar_ros2/launch
-- Up-to-date: /home/p/ros2_ws/src/install/sllidar_ros2/share/sllidar_ros2/launch/othres
-- Up-to-date: /home/p/ros2_ws/src/install/sllidar_ros2/share/sllidar_ros2/launch/othres/sllidar_s3_launch.py
-- Up-to-date: /home/p/ros2_ws/src/install/sllidar_ros2/share/sllidar_ros2/launch/othres/view_sllidar_t1_launch.py
-- Up-to-date: /home/p/ros2_ws/src/install/sllidar_ros2/share/sllidar_ros2/launch/othres/view_sllidar_s2e_launch.py
-- Up-to-date: /home/p/ros2_ws/src/install/sllidar_ros2/share/sllidar_ros2/launch/othres/view_sllidar_c1_launch.py
-- Up-to-date: /home/p/ros2_ws/src/install/sllidar_ros2/share/sllidar_ros2/launch/othres/view_sllidar_a2m12_launch.py
-- Up-to-date: /home/p/ros2_ws/src/install/sllidar_ros2/share/sllidar_ros2/launch/othres/view_sllidar_a2m7_launch.py
-- Up-to-date: /home/p/ros2_ws/src/install/sllidar_ros2/share/sllidar_ros2/launch/othres/sllidar_a2m7_launch.py
-- Up-to-date: /home/p/ros2_ws/src/install/sllidar_ros2/share/sllidar_ros2/launch/othres/view_sllidar_s1_launch.py
-- Up-to-date: /home/p/ros2_ws/src/install/sllidar_ros2/share/sllidar_ros2/launch/othres/sllidar_a3_launch.py
-- Up-to-date: /home/p/ros2_ws/src/install/sllidar_ros2/share/sllidar_ros2/launch/othres/sllidar_c1_launch.py
-- Up-to-date: /home/p/ros2_ws/src/install/sllidar_ros2/share/sllidar_ros2/launch/othres/sllidar_t1_launch.py
-- Up-to-date: /home/p/ros2_ws/src/install/sllidar_ros2/share/sllidar_ros2/launch/othres/view_sllidar_a1_launch.py
-- Up-to-date: /home/p/ros2_ws/src/install/sllidar_ros2/share/sllidar_ros2/launch/othres/view_sllidar_a3_launch.py
-- Up-to-date: /home/p/ros2_ws/src/install/sllidar_ros2/share/sllidar_ros2/launch/othres/sllidar_a2m12_launch .py
-- Up-to-date: /home/p/ros2_ws/src/install/sllidar_ros2/share/sllidar_ros2/launch/othres/view_sllidar_s1_tcp_launch.py
-- Up-to-date: /home/p/ros2_ws/src/install/sllidar_ros2/share/sllidar_ros2/launch/othres/sllidar_s2e_launch.py
-- Up-to-date: /home/p/ros2_ws/src/install/sllidar_ros2/share/sllidar_ros2/launch/othres/sllidar_a1_launch.py
-- Up-to-date: /home/p/ros2_ws/src/install/sllidar_ros2/share/sllidar_ros2/launch/othres/view_sllidar_s3_launch.py
-- Up-to-date: /home/p/ros2_ws/src/install/sllidar_ros2/share/sllidar_ros2/launch/othres/sllidar_s1_launch.py
-- Up-to-date: /home/p/ros2_ws/src/install/sllidar_ros2/share/sllidar_ros2/launch/othres/view_sllidar_s2_launch.py
-- Up-to-date: /home/p/ros2_ws/src/install/sllidar_ros2/share/sllidar_ros2/launch/othres/sllidar_s1_tcp_launch.py
-- Up-to-date: /home/p/ros2_ws/src/install/sllidar_ros2/share/sllidar_ros2/launch/othres/sllidar_s2_launch.py
-- Up-to-date: /home/p/ros2_ws/src/install/sllidar_ros2/share/sllidar_ros2/launch/a2m8_with_filtred_9250_launch.py
-- Up-to-date: /home/p/ros2_ws/src/install/sllidar_ros2/share/sllidar_ros2/launch/a2m8_with_9250_launch.py
-- Up-to-date: /home/p/ros2_ws/src/install/sllidar_ros2/share/sllidar_ros2/launch/a2m8_with_filtred_9250_front_launch.py
-- Up-to-date: /home/p/ros2_ws/src/install/sllidar_ros2/share/sllidar_ros2/launch/__pycache__
-- Installing: /home/p/ros2_ws/src/install/sllidar_ros2/share/sllidar_ros2/launch/__pycache__/sllidar_a2m8_launch.cpython-312.pyc
-- Up-to-date: /home/p/ros2_ws/src/install/sllidar_ros2/share/sllidar_ros2/launch/__pycache__/a2m8_with_filtred_9250_front_launch.cpython-312.pyc
-- Up-to-date: /home/p/ros2_ws/src/install/sllidar_ros2/share/sllidar_ros2/launch/__pycache__/a2m8_with_filtred_9250_launch.cpython-312.pyc
-- Up-to-date: /home/p/ros2_ws/src/install/sllidar_ros2/share/sllidar_ros2/launch/sllidar_a2m8_launch.py
-- Up-to-date: /home/p/ros2_ws/src/install/sllidar_ros2/share/sllidar_ros2/launch/a2m8_with_filtred_9250_launch.py.bak
-- Up-to-date: /home/p/ros2_ws/src/install/sllidar_ros2/share/sllidar_ros2/launch/view_sllidar_a2m8_launch.py
-- Up-to-date: /home/p/ros2_ws/src/install/sllidar_ros2/share/sllidar_ros2/launch/combined_sensors_launch.py
-- Up-to-date: /home/p/ros2_ws/src/install/sllidar_ros2/share/sllidar_ros2/rviz
-- Up-to-date: /home/p/ros2_ws/src/install/sllidar_ros2/share/sllidar_ros2/rviz/sllidar_ros2.rviz
-- Up-to-date: /home/p/ros2_ws/src/install/sllidar_ros2/share/sllidar_ros2/rviz/sllidar_with_imu.rviz
-- Installing: /home/p/ros2_ws/src/install/sllidar_ros2/lib/sllidar_ros2/sllidar_node
-- Set non-toolchain portion of runtime path of "/home/p/ros2_ws/src/install/sllidar_ros2/lib/sllidar_ros2/sllidar_node" to ""
-- Installing: /home/p/ros2_ws/src/install/sllidar_ros2/lib/sllidar_ros2/sllidar_client
-- Set non-toolchain portion of runtime path of "/home/p/ros2_ws/src/install/sllidar_ros2/lib/sllidar_ros2/sllidar_client" to ""
-- Up-to-date: /home/p/ros2_ws/src/install/sllidar_ros2/share/ament_index/resource_index/package_run_dependencies/sllidar_ros2
-- Up-to-date: /home/p/ros2_ws/src/install/sllidar_ros2/share/ament_index/resource_index/parent_prefix_path/sllidar_ros2
-- Up-to-date: /home/p/ros2_ws/src/install/sllidar_ros2/share/sllidar_ros2/environment/ament_prefix_path.sh
-- Up-to-date: /home/p/ros2_ws/src/install/sllidar_ros2/share/sllidar_ros2/environment/ament_prefix_path.dsv
-- Up-to-date: /home/p/ros2_ws/src/install/sllidar_ros2/share/sllidar_ros2/environment/path.sh
-- Up-to-date: /home/p/ros2_ws/src/install/sllidar_ros2/share/sllidar_ros2/environment/path.dsv
-- Up-to-date: /home/p/ros2_ws/src/install/sllidar_ros2/share/sllidar_ros2/local_setup.bash
-- Up-to-date: /home/p/ros2_ws/src/install/sllidar_ros2/share/sllidar_ros2/local_setup.sh
-- Up-to-date: /home/p/ros2_ws/src/install/sllidar_ros2/share/sllidar_ros2/local_setup.zsh
-- Up-to-date: /home/p/ros2_ws/src/install/sllidar_ros2/share/sllidar_ros2/local_setup.dsv
-- Installing: /home/p/ros2_ws/src/install/sllidar_ros2/share/sllidar_ros2/package.dsv
-- Up-to-date: /home/p/ros2_ws/src/install/sllidar_ros2/share/ament_index/resource_index/packages/sllidar_ros2
-- Up-to-date: /home/p/ros2_ws/src/install/sllidar_ros2/share/sllidar_ros2/cmake/ament_cmake_export_dependencies-extras.cmake
-- Up-to-date: /home/p/ros2_ws/src/install/sllidar_ros2/share/sllidar_ros2/cmake/ament_cmake_export_include_directories-extras.cmake
-- Up-to-date: /home/p/ros2_ws/src/install/sllidar_ros2/share/sllidar_ros2/cmake/sllidar_ros2Config.cmake
-- Up-to-date: /home/p/ros2_ws/src/install/sllidar_ros2/share/sllidar_ros2/cmake/sllidar_ros2Config-version.cmake
-- Up-to-date: /home/p/ros2_ws/src/install/sllidar_ros2/share/sllidar_ros2/package.xml
