[0.465s] Invoking command in '/home/p/ros2_ws/src/build/sllidar_ros2': CMAKE_PREFIX_PATH=${CMAKE_PREFIX_PATH}:/home/p/ros2_ws/install/optical_cane_rpi:/home/p/ros2_ws/install/mpu9250:/opt/ros/jazzy DEBUGINFOD_URLS=https://debuginfod.ubuntu.com /usr/bin/cmake --build /home/p/ros2_ws/src/build/sllidar_ros2 -- -j4 -l4
[1.104s] [  5%] Building CXX object CMakeFiles/sllidar_client.dir/src/sllidar_client.cpp.o
[1.108s] [ 10%] Building CXX object CMakeFiles/sllidar_node.dir/sdk/src/arch/linux/net_serial.cpp.o
[1.115s] [ 15%] Building CXX object CMakeFiles/sllidar_node.dir/src/sllidar_node.cpp.o
[1.128s] [ 20%] Building CXX object CMakeFiles/sllidar_node.dir/sdk/src/arch/linux/net_socket.cpp.o
[2.628s] /home/p/ros2_ws/src/sllidar_ros2/sdk/src/arch/linux/net_serial.cpp: In member function ‘bool rp::arch::net::raw_serial::open(const char*, uint32_t, uint32_t)’:
[2.628s] /home/p/ros2_ws/src/sllidar_ros2/sdk/src/arch/linux/net_serial.cpp:97:74: warning: unused parameter ‘flags’ [-Wunused-parameter]
[2.628s]    97 | bool raw_serial::open(const char * portname, uint32_t baudrate, uint32_t flags)
[2.628s]       |                                                                 ~~~~~~~~~^~~~~
[2.630s] /home/p/ros2_ws/src/sllidar_ros2/sdk/src/arch/linux/net_serial.cpp: In member function ‘virtual void rp::arch::net::raw_serial::flush(_u32)’:
[2.630s] /home/p/ros2_ws/src/sllidar_ros2/sdk/src/arch/linux/net_serial.cpp:281:30: warning: unused parameter ‘flags’ [-Wunused-parameter]
[2.630s]   281 | void raw_serial::flush( _u32 flags)
[2.631s]       |                         ~~~~~^~~~~
[2.631s] /home/p/ros2_ws/src/sllidar_ros2/sdk/src/arch/linux/net_serial.cpp: In member function ‘virtual int rp::arch::net::raw_serial::waitforsent(_u32, size_t*)’:
[2.631s] /home/p/ros2_ws/src/sllidar_ros2/sdk/src/arch/linux/net_serial.cpp:286:34: warning: unused parameter ‘timeout’ [-Wunused-parameter]
[2.631s]   286 | int raw_serial::waitforsent(_u32 timeout, size_t * returned_size)
[2.632s]       |                             ~~~~~^~~~~~~
[2.633s] /home/p/ros2_ws/src/sllidar_ros2/sdk/src/arch/linux/net_serial.cpp: In member function ‘virtual int rp::arch::net::raw_serial::waitforrecv(_u32, size_t*)’:
[2.633s] /home/p/ros2_ws/src/sllidar_ros2/sdk/src/arch/linux/net_serial.cpp:292:34: warning: unused parameter ‘timeout’ [-Wunused-parameter]
[2.633s]   292 | int raw_serial::waitforrecv(_u32 timeout, size_t * returned_size)
[2.633s]       |                             ~~~~~^~~~~~~
[2.635s] /home/p/ros2_ws/src/sllidar_ros2/sdk/src/arch/linux/net_serial.cpp: In member function ‘virtual void rp::arch::net::raw_serial::cancelOperation()’:
[2.636s] /home/p/ros2_ws/src/sllidar_ros2/sdk/src/arch/linux/net_serial.cpp:427:5: warning: value computed is not used [-Wunused-value]
[2.636s]   427 |     (int)::write(_selfpipe[1], "x", 1);
[2.636s]       |     ^~~~~~~~~~~~~~~~~~~~~~~~~~~~~~~~~~
[2.688s] In file included from /home/p/ros2_ws/src/sllidar_ros2/./sdk/include/rplidar_protocol.h:36,
[2.689s]                  from /home/p/ros2_ws/src/sllidar_ros2/./sdk/include/rplidar.h:39,
[2.689s]                  from /home/p/ros2_ws/src/sllidar_ros2/./sdk/src/sdkcommon.h:49,
[2.689s]                  from /home/p/ros2_ws/src/sllidar_ros2/sdk/src/arch/linux/net_socket.cpp:10:
[2.689s] /home/p/ros2_ws/src/sllidar_ros2/./sdk/include/sl_lidar_protocol.h:66:16: warning: ISO C++ forbids zero-size array ‘data’ [-Wpedantic]
[2.689s]    66 |     sl_u8 data[0];
[2.689s]       |                ^
[2.692s] In file included from /home/p/ros2_ws/src/sllidar_ros2/./sdk/include/rplidar_cmd.h:36,
[2.692s]                  from /home/p/ros2_ws/src/sllidar_ros2/./sdk/include/rplidar.h:40:
[2.692s] /home/p/ros2_ws/src/sllidar_ros2/./sdk/include/sl_lidar_cmd.h:324:20: warning: ISO C++ forbids zero-size array ‘payload’ [-Wpedantic]
[2.693s]   324 |     sl_u8  payload[0];
[2.693s]       |                    ^
[2.756s] In file included from /home/p/ros2_ws/src/sllidar_ros2/./sdk/src/arch/linux/arch_linux.h:42,
[2.757s]                  from /home/p/ros2_ws/src/sllidar_ros2/./sdk/src/sdkcommon.h:41:
[2.757s] /home/p/ros2_ws/src/sllidar_ros2/sdk/src/arch/linux/net_socket.cpp: In member function ‘virtual u_result rp::arch::net::DGramSocketImpl::sendTo(const rp::net::SocketAddress*, const void*, size_t)’:
[2.757s] /home/p/ros2_ws/src/sllidar_ros2/sdk/src/arch/linux/net_socket.cpp:733:24: warning: comparison of integer expressions of different signedness: ‘int’ and ‘size_t’ {aka ‘long unsigned int’} [-Wsign-compare]
[2.757s]   733 |             assert(ans == len);
[2.757s]       |                    ~~~~^~~~~~
[3.184s] [ 25%] Building CXX object CMakeFiles/sllidar_node.dir/sdk/src/arch/linux/timer.cpp.o
[3.338s] [ 30%] Building CXX object CMakeFiles/sllidar_node.dir/sdk/src/dataunpacker/dataunpacker.cpp.o
[4.753s] [ 35%] Building CXX object CMakeFiles/sllidar_node.dir/sdk/src/dataunpacker/unpacker/handler_capsules.cpp.o
[5.184s] In file included from /home/p/ros2_ws/src/sllidar_ros2/./sdk/include/rplidar_protocol.h:36,
[5.184s]                  from /home/p/ros2_ws/src/sllidar_ros2/./sdk/include/rplidar.h:39,
[5.184s]                  from /home/p/ros2_ws/src/sllidar_ros2/./sdk/src/sdkcommon.h:49,
[5.185s]                  from /home/p/ros2_ws/src/sllidar_ros2/sdk/src/dataunpacker/dataunnpacker_commondef.h:41,
[5.185s]                  from /home/p/ros2_ws/src/sllidar_ros2/sdk/src/dataunpacker/dataunpacker.cpp:39:
[5.185s] /home/p/ros2_ws/src/sllidar_ros2/./sdk/include/sl_lidar_protocol.h:66:16: warning: ISO C++ forbids zero-size array ‘data’ [-Wpedantic]
[5.185s]    66 |     sl_u8 data[0];
[5.185s]       |                ^
[5.185s] In file included from /home/p/ros2_ws/src/sllidar_ros2/./sdk/include/rplidar_cmd.h:36,
[5.186s]                  from /home/p/ros2_ws/src/sllidar_ros2/./sdk/include/rplidar.h:40:
[5.186s] /home/p/ros2_ws/src/sllidar_ros2/./sdk/include/sl_lidar_cmd.h:324:20: warning: ISO C++ forbids zero-size array ‘payload’ [-Wpedantic]
[5.186s]   324 |     sl_u8  payload[0];
[5.186s]       |                    ^
[5.401s] In file included from /home/p/ros2_ws/src/sllidar_ros2/sdk/src/dataunpacker/dataunpacker.cpp:40:
[5.401s] /home/p/ros2_ws/src/sllidar_ros2/sdk/src/dataunpacker/dataunpacker.h: In member function ‘virtual void sl::internal::LIDARSampleDataListener::onCustomSampleDataDecoded(_u8, _u32, const void*, size_t)’:
[5.402s] /home/p/ros2_ws/src/sllidar_ros2/sdk/src/dataunpacker/dataunpacker.h:54:52: warning: unused parameter ‘ansType’ [-Wunused-parameter]
[5.402s]    54 |         virtual void onCustomSampleDataDecoded(_u8 ansType, _u32 customCode, const void* data, size_t size) {}
[5.402s]       |                                                ~~~~^~~~~~~
[5.403s] /home/p/ros2_ws/src/sllidar_ros2/sdk/src/dataunpacker/dataunpacker.h:54:66: warning: unused parameter ‘customCode’ [-Wunused-parameter]
[5.403s]    54 |         virtual void onCustomSampleDataDecoded(_u8 ansType, _u32 customCode, const void* data, size_t size) {}
[5.403s]       |                                                             ~~~~~^~~~~~~~~~
[5.404s] /home/p/ros2_ws/src/sllidar_ros2/sdk/src/dataunpacker/dataunpacker.h:54:90: warning: unused parameter ‘data’ [-Wunused-parameter]
[5.404s]    54 |         virtual void onCustomSampleDataDecoded(_u8 ansType, _u32 customCode, const void* data, size_t size) {}
[5.404s]       |                                                                              ~~~~~~~~~~~~^~~~
[5.404s] /home/p/ros2_ws/src/sllidar_ros2/sdk/src/dataunpacker/dataunpacker.h:54:103: warning: unused parameter ‘size’ [-Wunused-parameter]
[5.406s]    54 |         virtual void onCustomSampleDataDecoded(_u8 ansType, _u32 customCode, const void* data, size_t size) {}
[5.407s]       |                                                                                                ~~~~~~~^~~~
[5.407s] /home/p/ros2_ws/src/sllidar_ros2/sdk/src/dataunpacker/dataunpacker.h: In member function ‘virtual void sl::internal::LIDARSampleDataListener::onDecodingError(int, _u8, const void*, size_t)’:
[5.407s] /home/p/ros2_ws/src/sllidar_ros2/sdk/src/dataunpacker/dataunpacker.h:56:42: warning: unused parameter ‘errMsg’ [-Wunused-parameter]
[5.407s]    56 |         virtual void onDecodingError(int errMsg, _u8 ansType, const void* payload, size_t size) {}
[5.407s]       |                                      ~~~~^~~~~~
[5.408s] /home/p/ros2_ws/src/sllidar_ros2/sdk/src/dataunpacker/dataunpacker.h:56:54: warning: unused parameter ‘ansType’ [-Wunused-parameter]
[5.408s]    56 |         virtual void onDecodingError(int errMsg, _u8 ansType, const void* payload, size_t size) {}
[5.410s]       |                                                  ~~~~^~~~~~~
[5.411s] /home/p/ros2_ws/src/sllidar_ros2/sdk/src/dataunpacker/dataunpacker.h:56:75: warning: unused parameter ‘payload’ [-Wunused-parameter]
[5.411s]    56 |         virtual void onDecodingError(int errMsg, _u8 ansType, const void* payload, size_t size) {}
[5.411s]       |                                                               ~~~~~~~~~~~~^~~~~~~
[5.411s] /home/p/ros2_ws/src/sllidar_ros2/sdk/src/dataunpacker/dataunpacker.h:56:91: warning: unused parameter ‘size’ [-Wunused-parameter]
[5.411s]    56 |         virtual void onDecodingError(int errMsg, _u8 ansType, const void* payload, size_t size) {}
[5.412s]       |                                                                                    ~~~~~~~^~~~
[5.816s] In file included from /home/p/ros2_ws/src/sllidar_ros2/./sdk/include/rplidar_protocol.h:36,
[5.817s]                  from /home/p/ros2_ws/src/sllidar_ros2/./sdk/include/rplidar.h:39,
[5.817s]                  from /home/p/ros2_ws/src/sllidar_ros2/./sdk/src/sdkcommon.h:49,
[5.817s]                  from /home/p/ros2_ws/src/sllidar_ros2/sdk/src/dataunpacker/unpacker/../dataunnpacker_commondef.h:41,
[5.817s]                  from /home/p/ros2_ws/src/sllidar_ros2/sdk/src/dataunpacker/unpacker/handler_capsules.cpp:39:
[5.817s] /home/p/ros2_ws/src/sllidar_ros2/./sdk/include/sl_lidar_protocol.h:66:16: warning: ISO C++ forbids zero-size array ‘data’ [-Wpedantic]
[5.817s]    66 |     sl_u8 data[0];
[5.817s]       |                ^
[5.818s] In file included from /home/p/ros2_ws/src/sllidar_ros2/./sdk/include/rplidar_cmd.h:36,
[5.818s]                  from /home/p/ros2_ws/src/sllidar_ros2/./sdk/include/rplidar.h:40:
[5.818s] /home/p/ros2_ws/src/sllidar_ros2/./sdk/include/sl_lidar_cmd.h:324:20: warning: ISO C++ forbids zero-size array ‘payload’ [-Wpedantic]
[5.818s]   324 |     sl_u8  payload[0];
[5.818s]       |                    ^
[5.931s] [ 40%] Building CXX object CMakeFiles/sllidar_node.dir/sdk/src/dataunpacker/unpacker/handler_hqnode.cpp.o
[6.059s] In file included from /home/p/ros2_ws/src/sllidar_ros2/sdk/src/dataunpacker/unpacker/handler_capsules.cpp:40:
[6.059s] /home/p/ros2_ws/src/sllidar_ros2/sdk/src/dataunpacker/unpacker/../dataunpacker.h: In member function ‘virtual void sl::internal::LIDARSampleDataListener::onCustomSampleDataDecoded(_u8, _u32, const void*, size_t)’:
[6.060s] /home/p/ros2_ws/src/sllidar_ros2/sdk/src/dataunpacker/unpacker/../dataunpacker.h:54:52: warning: unused parameter ‘ansType’ [-Wunused-parameter]
[6.060s]    54 |         virtual void onCustomSampleDataDecoded(_u8 ansType, _u32 customCode, const void* data, size_t size) {}
[6.060s]       |                                                ~~~~^~~~~~~
[6.060s] /home/p/ros2_ws/src/sllidar_ros2/sdk/src/dataunpacker/unpacker/../dataunpacker.h:54:66: warning: unused parameter ‘customCode’ [-Wunused-parameter]
[6.060s]    54 |         virtual void onCustomSampleDataDecoded(_u8 ansType, _u32 customCode, const void* data, size_t size) {}
[6.060s]       |                                                             ~~~~~^~~~~~~~~~
[6.060s] /home/p/ros2_ws/src/sllidar_ros2/sdk/src/dataunpacker/unpacker/../dataunpacker.h:54:90: warning: unused parameter ‘data’ [-Wunused-parameter]
[6.060s]    54 |         virtual void onCustomSampleDataDecoded(_u8 ansType, _u32 customCode, const void* data, size_t size) {}
[6.061s]       |                                                                              ~~~~~~~~~~~~^~~~
[6.061s] /home/p/ros2_ws/src/sllidar_ros2/sdk/src/dataunpacker/unpacker/../dataunpacker.h:54:103: warning: unused parameter ‘size’ [-Wunused-parameter]
[6.061s]    54 |         virtual void onCustomSampleDataDecoded(_u8 ansType, _u32 customCode, const void* data, size_t size) {}
[6.061s]       |                                                                                                ~~~~~~~^~~~
[6.061s] /home/p/ros2_ws/src/sllidar_ros2/sdk/src/dataunpacker/unpacker/../dataunpacker.h: In member function ‘virtual void sl::internal::LIDARSampleDataListener::onDecodingError(int, _u8, const void*, size_t)’:
[6.061s] /home/p/ros2_ws/src/sllidar_ros2/sdk/src/dataunpacker/unpacker/../dataunpacker.h:56:42: warning: unused parameter ‘errMsg’ [-Wunused-parameter]
[6.061s]    56 |         virtual void onDecodingError(int errMsg, _u8 ansType, const void* payload, size_t size) {}
[6.061s]       |                                      ~~~~^~~~~~
[6.061s] /home/p/ros2_ws/src/sllidar_ros2/sdk/src/dataunpacker/unpacker/../dataunpacker.h:56:54: warning: unused parameter ‘ansType’ [-Wunused-parameter]
[6.062s]    56 |         virtual void onDecodingError(int errMsg, _u8 ansType, const void* payload, size_t size) {}
[6.062s]       |                                                  ~~~~^~~~~~~
[6.062s] /home/p/ros2_ws/src/sllidar_ros2/sdk/src/dataunpacker/unpacker/../dataunpacker.h:56:75: warning: unused parameter ‘payload’ [-Wunused-parameter]
[6.062s]    56 |         virtual void onDecodingError(int errMsg, _u8 ansType, const void* payload, size_t size) {}
[6.076s]       |                                                               ~~~~~~~~~~~~^~~~~~~
[6.077s] /home/p/ros2_ws/src/sllidar_ros2/sdk/src/dataunpacker/unpacker/../dataunpacker.h:56:91: warning: unused parameter ‘size’ [-Wunused-parameter]
[6.077s]    56 |         virtual void onDecodingError(int errMsg, _u8 ansType, const void* payload, size_t size) {}
[6.077s]       |                                                                                    ~~~~~~~^~~~
[6.111s] /home/p/ros2_ws/src/sllidar_ros2/sdk/src/dataunpacker/unpacker/handler_capsules.cpp: In member function ‘void sl::internal::unpacker::UnpackerHandler_DenseCapsuleNode::_onScanNodeDenseCapsuleData(rplidar_response_dense_capsule_measurement_nodes_t&, sl::internal::LIDARSampleDataUnpackerInner*)’:
[6.112s] /home/p/ros2_ws/src/sllidar_ros2/sdk/src/dataunpacker/unpacker/handler_capsules.cpp:763:30: warning: type qualifiers ignored on cast result type [-Wignored-qualifiers]
[6.112s]   763 |             const int dist = static_cast<const int>(_cached_previous_dense_capsuledata.cabins[pos].distance);
[6.112s]       |                              ^~~~~~~~~~~~~~~~~~~~~~~~~~~~~~~~~~~~~~~~~~~~~~~~~~~~~~~~~~~~~~~~~~~~~~~~~~~~~~~
[6.691s] [ 45%] Building CXX object CMakeFiles/sllidar_node.dir/sdk/src/dataunpacker/unpacker/handler_normalnode.cpp.o
[7.833s] In file included from /home/p/ros2_ws/src/sllidar_ros2/./sdk/include/rplidar_protocol.h:36,
[7.833s]                  from /home/p/ros2_ws/src/sllidar_ros2/./sdk/include/rplidar.h:39,
[7.833s]                  from /home/p/ros2_ws/src/sllidar_ros2/./sdk/src/sdkcommon.h:49,
[7.834s]                  from /home/p/ros2_ws/src/sllidar_ros2/sdk/src/dataunpacker/unpacker/../dataunnpacker_commondef.h:41,
[7.834s]                  from /home/p/ros2_ws/src/sllidar_ros2/sdk/src/dataunpacker/unpacker/handler_hqnode.cpp:39:
[7.834s] /home/p/ros2_ws/src/sllidar_ros2/./sdk/include/sl_lidar_protocol.h:66:16: warning: ISO C++ forbids zero-size array ‘data’ [-Wpedantic]
[7.834s]    66 |     sl_u8 data[0];
[7.834s]       |                ^
[7.854s] In file included from /home/p/ros2_ws/src/sllidar_ros2/./sdk/include/rplidar_cmd.h:36,
[7.854s]                  from /home/p/ros2_ws/src/sllidar_ros2/./sdk/include/rplidar.h:40:
[7.854s] /home/p/ros2_ws/src/sllidar_ros2/./sdk/include/sl_lidar_cmd.h:324:20: warning: ISO C++ forbids zero-size array ‘payload’ [-Wpedantic]
[7.854s]   324 |     sl_u8  payload[0];
[7.854s]       |                    ^
[8.580s] In file included from /home/p/ros2_ws/src/sllidar_ros2/./sdk/include/rplidar_protocol.h:36,
[8.580s]                  from /home/p/ros2_ws/src/sllidar_ros2/./sdk/include/rplidar.h:39,
[8.580s]                  from /home/p/ros2_ws/src/sllidar_ros2/./sdk/src/sdkcommon.h:49,
[8.580s]                  from /home/p/ros2_ws/src/sllidar_ros2/sdk/src/dataunpacker/unpacker/../dataunnpacker_commondef.h:41,
[8.580s]                  from /home/p/ros2_ws/src/sllidar_ros2/sdk/src/dataunpacker/unpacker/handler_normalnode.cpp:39:
[8.580s] /home/p/ros2_ws/src/sllidar_ros2/./sdk/include/sl_lidar_protocol.h:66:16: warning: ISO C++ forbids zero-size array ‘data’ [-Wpedantic]
[8.580s]    66 |     sl_u8 data[0];
[8.580s]       |                ^
[8.581s] In file included from /home/p/ros2_ws/src/sllidar_ros2/./sdk/include/rplidar_cmd.h:36,
[8.581s]                  from /home/p/ros2_ws/src/sllidar_ros2/./sdk/include/rplidar.h:40:
[8.581s] /home/p/ros2_ws/src/sllidar_ros2/./sdk/include/sl_lidar_cmd.h:324:20: warning: ISO C++ forbids zero-size array ‘payload’ [-Wpedantic]
[8.581s]   324 |     sl_u8  payload[0];
[8.581s]       |                    ^
[8.682s] In file included from /home/p/ros2_ws/src/sllidar_ros2/sdk/src/dataunpacker/unpacker/handler_hqnode.cpp:40:
[8.683s] /home/p/ros2_ws/src/sllidar_ros2/sdk/src/dataunpacker/unpacker/../dataunpacker.h: In member function ‘virtual void sl::internal::LIDARSampleDataListener::onCustomSampleDataDecoded(_u8, _u32, const void*, size_t)’:
[8.683s] /home/p/ros2_ws/src/sllidar_ros2/sdk/src/dataunpacker/unpacker/../dataunpacker.h:54:52: warning: unused parameter ‘ansType’ [-Wunused-parameter]
[8.684s]    54 |         virtual void onCustomSampleDataDecoded(_u8 ansType, _u32 customCode, const void* data, size_t size) {}
[8.684s]       |                                                ~~~~^~~~~~~
[8.685s] /home/p/ros2_ws/src/sllidar_ros2/sdk/src/dataunpacker/unpacker/../dataunpacker.h:54:66: warning: unused parameter ‘customCode’ [-Wunused-parameter]
[8.685s]    54 |         virtual void onCustomSampleDataDecoded(_u8 ansType, _u32 customCode, const void* data, size_t size) {}
[8.685s]       |                                                             ~~~~~^~~~~~~~~~
[8.685s] /home/p/ros2_ws/src/sllidar_ros2/sdk/src/dataunpacker/unpacker/../dataunpacker.h:54:90: warning: unused parameter ‘data’ [-Wunused-parameter]
[8.685s]    54 |         virtual void onCustomSampleDataDecoded(_u8 ansType, _u32 customCode, const void* data, size_t size) {}
[8.685s]       |                                                                              ~~~~~~~~~~~~^~~~
[8.685s] /home/p/ros2_ws/src/sllidar_ros2/sdk/src/dataunpacker/unpacker/../dataunpacker.h:54:103: warning: unused parameter ‘size’ [-Wunused-parameter]
[8.685s]    54 |         virtual void onCustomSampleDataDecoded(_u8 ansType, _u32 customCode, const void* data, size_t size) {}
[8.685s]       |                                                                                                ~~~~~~~^~~~
[8.685s] /home/p/ros2_ws/src/sllidar_ros2/sdk/src/dataunpacker/unpacker/../dataunpacker.h: In member function ‘virtual void sl::internal::LIDARSampleDataListener::onDecodingError(int, _u8, const void*, size_t)’:
[8.686s] /home/p/ros2_ws/src/sllidar_ros2/sdk/src/dataunpacker/unpacker/../dataunpacker.h:56:42: warning: unused parameter ‘errMsg’ [-Wunused-parameter]
[8.686s]    56 |         virtual void onDecodingError(int errMsg, _u8 ansType, const void* payload, size_t size) {}
[8.686s]       |                                      ~~~~^~~~~~
[8.686s] /home/p/ros2_ws/src/sllidar_ros2/sdk/src/dataunpacker/unpacker/../dataunpacker.h:56:54: warning: unused parameter ‘ansType’ [-Wunused-parameter]
[8.686s]    56 |         virtual void onDecodingError(int errMsg, _u8 ansType, const void* payload, size_t size) {}
[8.686s]       |                                                  ~~~~^~~~~~~
[8.690s] /home/p/ros2_ws/src/sllidar_ros2/sdk/src/dataunpacker/unpacker/../dataunpacker.h:56:75: warning: unused parameter ‘payload’ [-Wunused-parameter]
[8.692s]    56 |         virtual void onDecodingError(int errMsg, _u8 ansType, const void* payload, size_t size) {}
[8.692s]       |                                                               ~~~~~~~~~~~~^~~~~~~
[8.693s] /home/p/ros2_ws/src/sllidar_ros2/sdk/src/dataunpacker/unpacker/../dataunpacker.h:56:91: warning: unused parameter ‘size’ [-Wunused-parameter]
[8.693s]    56 |         virtual void onDecodingError(int errMsg, _u8 ansType, const void* payload, size_t size) {}
[8.693s]       |                                                                                    ~~~~~~~^~~~
[9.408s] In file included from /home/p/ros2_ws/src/sllidar_ros2/sdk/src/dataunpacker/unpacker/handler_normalnode.cpp:40:
[9.408s] /home/p/ros2_ws/src/sllidar_ros2/sdk/src/dataunpacker/unpacker/../dataunpacker.h: In member function ‘virtual void sl::internal::LIDARSampleDataListener::onCustomSampleDataDecoded(_u8, _u32, const void*, size_t)’:
[9.408s] /home/p/ros2_ws/src/sllidar_ros2/sdk/src/dataunpacker/unpacker/../dataunpacker.h:54:52: warning: unused parameter ‘ansType’ [-Wunused-parameter]
[9.408s]    54 |         virtual void onCustomSampleDataDecoded(_u8 ansType, _u32 customCode, const void* data, size_t size) {}
[9.409s]       |                                                ~~~~^~~~~~~
[9.424s] /home/p/ros2_ws/src/sllidar_ros2/sdk/src/dataunpacker/unpacker/../dataunpacker.h:54:66: warning: unused parameter ‘customCode’ [-Wunused-parameter]
[9.425s]    54 |         virtual void onCustomSampleDataDecoded(_u8 ansType, _u32 customCode, const void* data, size_t size) {}
[9.425s]       |                                                             ~~~~~^~~~~~~~~~
[9.425s] /home/p/ros2_ws/src/sllidar_ros2/sdk/src/dataunpacker/unpacker/../dataunpacker.h:54:90: warning: unused parameter ‘data’ [-Wunused-parameter]
[9.425s]    54 |         virtual void onCustomSampleDataDecoded(_u8 ansType, _u32 customCode, const void* data, size_t size) {}
[9.425s]       |                                                                              ~~~~~~~~~~~~^~~~
[9.425s] /home/p/ros2_ws/src/sllidar_ros2/sdk/src/dataunpacker/unpacker/../dataunpacker.h:54:103: warning: unused parameter ‘size’ [-Wunused-parameter]
[9.426s]    54 |         virtual void onCustomSampleDataDecoded(_u8 ansType, _u32 customCode, const void* data, size_t size) {}
[9.426s]       |                                                                                                ~~~~~~~^~~~
[9.426s] /home/p/ros2_ws/src/sllidar_ros2/sdk/src/dataunpacker/unpacker/../dataunpacker.h: In member function ‘virtual void sl::internal::LIDARSampleDataListener::onDecodingError(int, _u8, const void*, size_t)’:
[9.426s] /home/p/ros2_ws/src/sllidar_ros2/sdk/src/dataunpacker/unpacker/../dataunpacker.h:56:42: warning: unused parameter ‘errMsg’ [-Wunused-parameter]
[9.426s]    56 |         virtual void onDecodingError(int errMsg, _u8 ansType, const void* payload, size_t size) {}
[9.426s]       |                                      ~~~~^~~~~~
[9.426s] /home/p/ros2_ws/src/sllidar_ros2/sdk/src/dataunpacker/unpacker/../dataunpacker.h:56:54: warning: unused parameter ‘ansType’ [-Wunused-parameter]
[9.426s]    56 |         virtual void onDecodingError(int errMsg, _u8 ansType, const void* payload, size_t size) {}
[9.426s]       |                                                  ~~~~^~~~~~~
[9.427s] /home/p/ros2_ws/src/sllidar_ros2/sdk/src/dataunpacker/unpacker/../dataunpacker.h:56:75: warning: unused parameter ‘payload’ [-Wunused-parameter]
[9.427s]    56 |         virtual void onDecodingError(int errMsg, _u8 ansType, const void* payload, size_t size) {}
[9.427s]       |                                                               ~~~~~~~~~~~~^~~~~~~
[9.427s] /home/p/ros2_ws/src/sllidar_ros2/sdk/src/dataunpacker/unpacker/../dataunpacker.h:56:91: warning: unused parameter ‘size’ [-Wunused-parameter]
[9.446s]    56 |         virtual void onDecodingError(int errMsg, _u8 ansType, const void* payload, size_t size) {}
[9.447s]       |                                                                                    ~~~~~~~^~~~
[9.539s] [ 50%] Building CXX object CMakeFiles/sllidar_node.dir/sdk/src/hal/thread.cpp.o
[10.389s] [ 55%] Building CXX object CMakeFiles/sllidar_node.dir/sdk/src/rplidar_driver.cpp.o
[11.638s] In file included from /home/p/ros2_ws/src/sllidar_ros2/./sdk/include/rplidar_protocol.h:36,
[11.639s]                  from /home/p/ros2_ws/src/sllidar_ros2/./sdk/include/rplidar.h:39,
[11.639s]                  from /home/p/ros2_ws/src/sllidar_ros2/./sdk/src/sdkcommon.h:49,
[11.639s]                  from /home/p/ros2_ws/src/sllidar_ros2/sdk/src/hal/thread.cpp:35:
[11.639s] /home/p/ros2_ws/src/sllidar_ros2/./sdk/include/sl_lidar_protocol.h:66:16: warning: ISO C++ forbids zero-size array ‘data’ [-Wpedantic]
[11.639s]    66 |     sl_u8 data[0];
[11.640s]       |                ^
[11.640s] In file included from /home/p/ros2_ws/src/sllidar_ros2/./sdk/include/rplidar_cmd.h:36,
[11.640s]                  from /home/p/ros2_ws/src/sllidar_ros2/./sdk/include/rplidar.h:40:
[11.640s] /home/p/ros2_ws/src/sllidar_ros2/./sdk/include/sl_lidar_cmd.h:324:20: warning: ISO C++ forbids zero-size array ‘payload’ [-Wpedantic]
[11.640s]   324 |     sl_u8  payload[0];
[11.640s]       |                    ^
[11.693s] In file included from /home/p/ros2_ws/src/sllidar_ros2/sdk/src/hal/thread.cpp:43:
[11.694s] /home/p/ros2_ws/src/sllidar_ros2/./sdk/src/arch/linux/thread.hpp: In static member function ‘static rp::hal::Thread rp::hal::Thread::create(thread_proc_t, void*)’:
[11.694s] /home/p/ros2_ws/src/sllidar_ros2/./sdk/src/arch/linux/thread.hpp:52:57: warning: cast between incompatible function types from ‘thread_proc_t’ {aka ‘long unsigned int (*)(void*)’} to ‘void* (*)(void*)’ [-Wcast-function-type]
[11.694s]    52 |     pthread_create((pthread_t *)&newborn._handle, NULL, (void * (*)(void *))proc, data);
[11.694s]       |                                                         ^~~~~~~~~~~~~~~~~~~~~~~~
[11.694s] /home/p/ros2_ws/src/sllidar_ros2/./sdk/src/arch/linux/thread.hpp: In member function ‘u_result rp::hal::Thread::join(long unsigned int)’:
[11.694s] /home/p/ros2_ws/src/sllidar_ros2/./sdk/src/arch/linux/thread.hpp:176:37: warning: unused parameter ‘timeout’ [-Wunused-parameter]
[11.695s]   176 | u_result Thread::join(unsigned long timeout)
[11.695s]       |                       ~~~~~~~~~~~~~~^~~~~~~
[11.988s] [ 60%] Building CXX object CMakeFiles/sllidar_node.dir/sdk/src/sl_async_transceiver.cpp.o
[12.811s] In file included from /home/p/ros2_ws/src/sllidar_ros2/./sdk/include/rplidar_protocol.h:36,
[12.811s]                  from /home/p/ros2_ws/src/sllidar_ros2/./sdk/include/rplidar.h:39,
[12.812s]                  from /home/p/ros2_ws/src/sllidar_ros2/sdk/src/sdkcommon.h:49,
[12.812s]                  from /home/p/ros2_ws/src/sllidar_ros2/sdk/src/rplidar_driver.cpp:33:
[12.812s] /home/p/ros2_ws/src/sllidar_ros2/./sdk/include/sl_lidar_protocol.h:66:16: warning: ISO C++ forbids zero-size array ‘data’ [-Wpedantic]
[12.812s]    66 |     sl_u8 data[0];
[12.812s]       |                ^
[12.814s] In file included from /home/p/ros2_ws/src/sllidar_ros2/./sdk/include/rplidar_cmd.h:36,
[12.814s]                  from /home/p/ros2_ws/src/sllidar_ros2/./sdk/include/rplidar.h:40:
[12.814s] /home/p/ros2_ws/src/sllidar_ros2/./sdk/include/sl_lidar_cmd.h:324:20: warning: ISO C++ forbids zero-size array ‘payload’ [-Wpedantic]
[12.814s]   324 |     sl_u8  payload[0];
[12.814s]       |                    ^
[12.987s] /home/p/ros2_ws/src/sllidar_ros2/sdk/src/rplidar_driver.cpp: In member function ‘u_result rp::standalone::rplidar::RPlidarDriver::connect(const char*, _u32, _u32)’:
[12.987s] /home/p/ros2_ws/src/sllidar_ros2/sdk/src/rplidar_driver.cpp:67:77: warning: unused parameter ‘flag’ [-Wunused-parameter]
[12.987s]    67 |     u_result RPlidarDriver::connect(const char *path, _u32 portOrBaud, _u32 flag)
[12.987s]       |                                                                        ~~~~~^~~~
[12.992s] /home/p/ros2_ws/src/sllidar_ros2/sdk/src/rplidar_driver.cpp: In member function ‘u_result rp::standalone::rplidar::RPlidarDriver::reset(_u32)’:
[12.993s] /home/p/ros2_ws/src/sllidar_ros2/sdk/src/rplidar_driver.cpp:101:40: warning: unused parameter ‘timeout’ [-Wunused-parameter]
[12.993s]   101 |     u_result RPlidarDriver::reset(_u32 timeout)
[12.993s]       |                                   ~~~~~^~~~~~~
[13.007s] /home/p/ros2_ws/src/sllidar_ros2/sdk/src/rplidar_driver.cpp: In member function ‘u_result rp::standalone::rplidar::RPlidarDriver::getScanDataWithInterval(rplidar_response_measurement_node_t*, size_t&)’:
[13.007s] /home/p/ros2_ws/src/sllidar_ros2/sdk/src/rplidar_driver.cpp:180:91: warning: unused parameter ‘nodebuffer’ [-Wunused-parameter]
[13.008s]   180 |     u_result RPlidarDriver::getScanDataWithInterval(rplidar_response_measurement_node_t * nodebuffer, size_t & count)
[13.008s]       |                                                     ~~~~~~~~~~~~~~~~~~~~~~~~~~~~~~~~~~~~~~^~~~~~~~~~
[13.008s] /home/p/ros2_ws/src/sllidar_ros2/sdk/src/rplidar_driver.cpp:180:112: warning: unused parameter ‘count’ [-Wunused-parameter]
[13.008s]   180 |     u_result RPlidarDriver::getScanDataWithInterval(rplidar_response_measurement_node_t * nodebuffer, size_t & count)
[13.008s]       |                                                                                                       ~~~~~~~~~^~~~~
[13.629s] [ 65%] Building CXX object CMakeFiles/sllidar_node.dir/sdk/src/sl_lidar_driver.cpp.o
[14.707s] In file included from /home/p/ros2_ws/src/sllidar_ros2/./sdk/include/rplidar_protocol.h:36,
[14.707s]                  from /home/p/ros2_ws/src/sllidar_ros2/./sdk/include/rplidar.h:39,
[14.707s]                  from /home/p/ros2_ws/src/sllidar_ros2/sdk/src/sdkcommon.h:49,
[14.708s]                  from /home/p/ros2_ws/src/sllidar_ros2/sdk/src/sl_async_transceiver.cpp:35:
[14.708s] /home/p/ros2_ws/src/sllidar_ros2/./sdk/include/sl_lidar_protocol.h:66:16: warning: ISO C++ forbids zero-size array ‘data’ [-Wpedantic]
[14.708s]    66 |     sl_u8 data[0];
[14.708s]       |                ^
[14.716s] In file included from /home/p/ros2_ws/src/sllidar_ros2/./sdk/include/rplidar_cmd.h:36,
[14.717s]                  from /home/p/ros2_ws/src/sllidar_ros2/./sdk/include/rplidar.h:40:
[14.717s] /home/p/ros2_ws/src/sllidar_ros2/./sdk/include/sl_lidar_cmd.h:324:20: warning: ISO C++ forbids zero-size array ‘payload’ [-Wpedantic]
[14.717s]   324 |     sl_u8  payload[0];
[14.717s]       |                    ^
[14.886s] In file included from /home/p/ros2_ws/src/sllidar_ros2/sdk/src/sl_async_transceiver.cpp:44:
[14.887s] /home/p/ros2_ws/src/sllidar_ros2/sdk/src/sl_async_transceiver.h: In member function ‘virtual void sl::internal::IAsyncProtocolCodec::onChannelError(u_result)’:
[14.887s] /home/p/ros2_ws/src/sllidar_ros2/sdk/src/sl_async_transceiver.h:90:48: warning: unused parameter ‘errCode’ [-Wunused-parameter]
[14.887s]    90 |         virtual void   onChannelError(u_result errCode) {}
[14.887s]       |                                       ~~~~~~~~~^~~~~~~
[15.339s] [ 70%] Building CXX object CMakeFiles/sllidar_node.dir/sdk/src/sl_lidarprotocol_codec.cpp.o
[15.694s] In file included from /home/p/ros2_ws/src/sllidar_ros2/./sdk/include/rplidar_protocol.h:36,
[15.695s]                  from /home/p/ros2_ws/src/sllidar_ros2/./sdk/include/rplidar.h:39,
[15.695s]                  from /home/p/ros2_ws/src/sllidar_ros2/sdk/src/sdkcommon.h:49,
[15.695s]                  from /home/p/ros2_ws/src/sllidar_ros2/sdk/src/sl_lidar_driver.cpp:33:
[15.695s] /home/p/ros2_ws/src/sllidar_ros2/./sdk/include/sl_lidar_protocol.h:66:16: warning: ISO C++ forbids zero-size array ‘data’ [-Wpedantic]
[15.695s]    66 |     sl_u8 data[0];
[15.695s]       |                ^
[15.695s] In file included from /home/p/ros2_ws/src/sllidar_ros2/./sdk/include/rplidar_cmd.h:36,
[15.695s]                  from /home/p/ros2_ws/src/sllidar_ros2/./sdk/include/rplidar.h:40:
[15.695s] /home/p/ros2_ws/src/sllidar_ros2/./sdk/include/sl_lidar_cmd.h:324:20: warning: ISO C++ forbids zero-size array ‘payload’ [-Wpedantic]
[15.695s]   324 |     sl_u8  payload[0];
[15.696s]       |                    ^
[15.953s] In file included from /home/p/ros2_ws/src/sllidar_ros2/sdk/src/sl_lidar_driver.cpp:50:
[15.953s] /home/p/ros2_ws/src/sllidar_ros2/sdk/src/dataunpacker/dataunpacker.h: In member function ‘virtual void sl::internal::LIDARSampleDataListener::onCustomSampleDataDecoded(_u8, _u32, const void*, size_t)’:
[15.954s] /home/p/ros2_ws/src/sllidar_ros2/sdk/src/dataunpacker/dataunpacker.h:54:52: warning: unused parameter ‘ansType’ [-Wunused-parameter]
[15.954s]    54 |         virtual void onCustomSampleDataDecoded(_u8 ansType, _u32 customCode, const void* data, size_t size) {}
[15.954s]       |                                                ~~~~^~~~~~~
[15.954s] /home/p/ros2_ws/src/sllidar_ros2/sdk/src/dataunpacker/dataunpacker.h:54:66: warning: unused parameter ‘customCode’ [-Wunused-parameter]
[15.954s]    54 |         virtual void onCustomSampleDataDecoded(_u8 ansType, _u32 customCode, const void* data, size_t size) {}
[15.954s]       |                                                             ~~~~~^~~~~~~~~~
[15.954s] /home/p/ros2_ws/src/sllidar_ros2/sdk/src/dataunpacker/dataunpacker.h:54:90: warning: unused parameter ‘data’ [-Wunused-parameter]
[15.955s]    54 |         virtual void onCustomSampleDataDecoded(_u8 ansType, _u32 customCode, const void* data, size_t size) {}
[15.955s]       |                                                                              ~~~~~~~~~~~~^~~~
[15.955s] /home/p/ros2_ws/src/sllidar_ros2/sdk/src/dataunpacker/dataunpacker.h:54:103: warning: unused parameter ‘size’ [-Wunused-parameter]
[15.955s]    54 |         virtual void onCustomSampleDataDecoded(_u8 ansType, _u32 customCode, const void* data, size_t size) {}
[15.955s]       |                                                                                                ~~~~~~~^~~~
[15.955s] /home/p/ros2_ws/src/sllidar_ros2/sdk/src/dataunpacker/dataunpacker.h: In member function ‘virtual void sl::internal::LIDARSampleDataListener::onDecodingError(int, _u8, const void*, size_t)’:
[15.956s] /home/p/ros2_ws/src/sllidar_ros2/sdk/src/dataunpacker/dataunpacker.h:56:42: warning: unused parameter ‘errMsg’ [-Wunused-parameter]
[15.956s]    56 |         virtual void onDecodingError(int errMsg, _u8 ansType, const void* payload, size_t size) {}
[15.956s]       |                                      ~~~~^~~~~~
[15.956s] /home/p/ros2_ws/src/sllidar_ros2/sdk/src/dataunpacker/dataunpacker.h:56:54: warning: unused parameter ‘ansType’ [-Wunused-parameter]
[15.962s]    56 |         virtual void onDecodingError(int errMsg, _u8 ansType, const void* payload, size_t size) {}
[15.963s]       |                                                  ~~~~^~~~~~~
[15.963s] /home/p/ros2_ws/src/sllidar_ros2/sdk/src/dataunpacker/dataunpacker.h:56:75: warning: unused parameter ‘payload’ [-Wunused-parameter]
[15.963s]    56 |         virtual void onDecodingError(int errMsg, _u8 ansType, const void* payload, size_t size) {}
[15.963s]       |                                                               ~~~~~~~~~~~~^~~~~~~
[15.963s] /home/p/ros2_ws/src/sllidar_ros2/sdk/src/dataunpacker/dataunpacker.h:56:91: warning: unused parameter ‘size’ [-Wunused-parameter]
[15.963s]    56 |         virtual void onDecodingError(int errMsg, _u8 ansType, const void* payload, size_t size) {}
[15.963s]       |                                                                                    ~~~~~~~^~~~
[15.978s] In file included from /home/p/ros2_ws/src/sllidar_ros2/sdk/src/sl_lidar_driver.cpp:51:
[15.978s] /home/p/ros2_ws/src/sllidar_ros2/sdk/src/sl_async_transceiver.h: In member function ‘virtual void sl::internal::IAsyncProtocolCodec::onChannelError(u_result)’:
[15.978s] /home/p/ros2_ws/src/sllidar_ros2/sdk/src/sl_async_transceiver.h:90:48: warning: unused parameter ‘errCode’ [-Wunused-parameter]
[15.978s]    90 |         virtual void   onChannelError(u_result errCode) {}
[15.979s]       |                                       ~~~~~~~~~^~~~~~~
[16.027s] /home/p/ros2_ws/src/sllidar_ros2/sdk/src/sl_lidar_driver.cpp: In member function ‘virtual sl_result sl::SlamtecLidarDriver::reset(sl_u32)’:
[16.027s] /home/p/ros2_ws/src/sllidar_ros2/sdk/src/sl_lidar_driver.cpp:511:32: warning: unused parameter ‘timeoutInMs’ [-Wunused-parameter]
[16.027s]   511 |         sl_result reset(sl_u32 timeoutInMs = DEFAULT_TIMEOUT)
[16.027s]       |                         ~~~~~~~^~~~~~~~~~~~~~~~~~~~~~~~~~~~~
[16.035s] /home/p/ros2_ws/src/sllidar_ros2/sdk/src/sl_lidar_driver.cpp: In member function ‘virtual sl_result sl::SlamtecLidarDriver::startScan(bool, bool, sl_u32, sl::LidarScanMode*)’:
[16.036s] /home/p/ros2_ws/src/sllidar_ros2/sdk/src/sl_lidar_driver.cpp:586:69: warning: unused parameter ‘options’ [-Wunused-parameter]
[16.037s]   586 |         sl_result startScan(bool force, bool useTypicalScan, sl_u32 options = 0, LidarScanMode* outUsedScanMode = nullptr)
[16.037s]       |                                                              ~~~~~~~^~~~~~~~~~~
[16.040s] /home/p/ros2_ws/src/sllidar_ros2/sdk/src/sl_lidar_driver.cpp: In member function ‘virtual sl_result sl::SlamtecLidarDriver::stop(sl_u32)’:
[16.040s] /home/p/ros2_ws/src/sllidar_ros2/sdk/src/sl_lidar_driver.cpp:763:31: warning: unused parameter ‘timeout’ [-Wunused-parameter]
[16.040s]   763 |         sl_result stop(sl_u32 timeout = DEFAULT_TIMEOUT)
[16.040s]       |                        ~~~~~~~^~~~~~~~~~~~~~~~~~~~~~~~~
[16.042s] /home/p/ros2_ws/src/sllidar_ros2/sdk/src/sl_lidar_driver.cpp: In member function ‘virtual sl_result sl::SlamtecLidarDriver::getFrequency(const sl::LidarScanMode&, const sl_lidar_response_measurement_node_hq_t*, size_t, float&)’:
[16.042s] /home/p/ros2_ws/src/sllidar_ros2/sdk/src/sl_lidar_driver.cpp:880:110: warning: unused parameter ‘nodes’ [-Wunused-parameter]
[16.042s]   880 |         sl_result getFrequency(const LidarScanMode& scanMode, const sl_lidar_response_measurement_node_hq_t* nodes, size_t count, float& frequency)
[16.042s]       |                                                               ~~~~~~~~~~~~~~~~~~~~~~~~~~~~~~~~~~~~~~~~~~~~~~~^~~~~
[16.049s] /home/p/ros2_ws/src/sllidar_ros2/sdk/src/sl_lidar_driver.cpp: In member function ‘virtual sl_result sl::SlamtecLidarDriver::getMotorInfo(sl::LidarMotorInfo&, sl_u32)’:
[16.050s] /home/p/ros2_ws/src/sllidar_ros2/sdk/src/sl_lidar_driver.cpp:1023:66: warning: unused parameter ‘timeoutInMs’ [-Wunused-parameter]
[16.050s]  1023 |         sl_result getMotorInfo(LidarMotorInfo &motorInfo, sl_u32 timeoutInMs)
[16.050s]       |                                                           ~~~~~~~^~~~~~~~~~~
[16.051s] /home/p/ros2_ws/src/sllidar_ros2/sdk/src/sl_lidar_driver.cpp: In member function ‘u_result sl::SlamtecLidarDriver::getScanModeCount(sl_u16&, sl_u32)’:
[16.052s] /home/p/ros2_ws/src/sllidar_ros2/sdk/src/sl_lidar_driver.cpp:1199:61: warning: unused parameter ‘timeoutInMs’ [-Wunused-parameter]
[16.052s]  1199 |         u_result getScanModeCount(sl_u16& modeCount, sl_u32 timeoutInMs = DEFAULT_TIMEOUT)
[16.052s]       |                                                      ~~~~~~~^~~~~~~~~~~~~~~~~~~~~~~~~~~~~
[16.242s] /home/p/ros2_ws/src/sllidar_ros2/sdk/src/sl_lidar_driver.cpp: In instantiation of ‘void sl::RawSampleNodeHolder<T>::pushNode(_u64, const T*) [with T = sl_lidar_response_measurement_node_hq_t; _u64 = long unsigned int]’:
[16.242s] /home/p/ros2_ws/src/sllidar_ros2/sdk/src/sl_lidar_driver.cpp:1648:42:   required from here
[16.242s] /home/p/ros2_ws/src/sllidar_ros2/sdk/src/sl_lidar_driver.cpp:202:28: warning: unused parameter ‘timestamp_uS’ [-Wunused-parameter]
[16.243s]   202 |         void pushNode(_u64 timestamp_uS, const T* node)
[16.243s]       |                       ~~~~~^~~~~~~~~~~~
[16.666s] /home/p/ros2_ws/src/sllidar_ros2/sdk/src/sl_lidar_driver.cpp: At global scope:
[16.666s] /home/p/ros2_ws/src/sllidar_ros2/sdk/src/sl_lidar_driver.cpp:83:17: warning: ‘void sl::convert(const sl_lidar_response_measurement_node_hq_t&, sl_lidar_response_measurement_node_t&)’ defined but not used [-Wunused-function]
[16.666s]    83 |     static void convert(const sl_lidar_response_measurement_node_hq_t& from, sl_lidar_response_measurement_node_t& to)
[16.666s]       |                 ^~~~~~~
[16.666s] /home/p/ros2_ws/src/sllidar_ros2/sdk/src/sl_lidar_driver.cpp:75:17: warning: ‘void sl::convert(const sl_lidar_response_measurement_node_t&, sl_lidar_response_measurement_node_hq_t&)’ defined but not used [-Wunused-function]
[16.666s]    75 |     static void convert(const sl_lidar_response_measurement_node_t& from, sl_lidar_response_measurement_node_hq_t& to)
[16.667s]       |                 ^~~~~~~
[16.667s] /home/p/ros2_ws/src/sllidar_ros2/sdk/src/sl_lidar_driver.cpp:70:17: warning: ‘void sl::printDeprecationWarn(const char*, const char*)’ defined but not used [-Wunused-function]
[16.667s]    70 |     static void printDeprecationWarn(const char* fn, const char* replacement)
[16.667s]       |                 ^~~~~~~~~~~~~~~~~~~~
[16.844s] In file included from /home/p/ros2_ws/src/sllidar_ros2/./sdk/include/rplidar_protocol.h:36,
[16.844s]                  from /home/p/ros2_ws/src/sllidar_ros2/./sdk/include/rplidar.h:39,
[16.844s]                  from /home/p/ros2_ws/src/sllidar_ros2/sdk/src/sdkcommon.h:49,
[16.844s]                  from /home/p/ros2_ws/src/sllidar_ros2/sdk/src/sl_lidarprotocol_codec.cpp:35:
[16.845s] /home/p/ros2_ws/src/sllidar_ros2/./sdk/include/sl_lidar_protocol.h:66:16: warning: ISO C++ forbids zero-size array ‘data’ [-Wpedantic]
[16.845s]    66 |     sl_u8 data[0];
[16.845s]       |                ^
[16.850s] In file included from /home/p/ros2_ws/src/sllidar_ros2/./sdk/include/rplidar_cmd.h:36,
[16.851s]                  from /home/p/ros2_ws/src/sllidar_ros2/./sdk/include/rplidar.h:40:
[16.851s] /home/p/ros2_ws/src/sllidar_ros2/./sdk/include/sl_lidar_cmd.h:324:20: warning: ISO C++ forbids zero-size array ‘payload’ [-Wpedantic]
[16.851s]   324 |     sl_u8  payload[0];
[16.851s]       |                    ^
[17.123s] In file included from /home/p/ros2_ws/src/sllidar_ros2/sdk/src/sl_lidarprotocol_codec.cpp:49:
[17.123s] /home/p/ros2_ws/src/sllidar_ros2/sdk/src/sl_async_transceiver.h: In member function ‘virtual void sl::internal::IAsyncProtocolCodec::onChannelError(u_result)’:
[17.124s] /home/p/ros2_ws/src/sllidar_ros2/sdk/src/sl_async_transceiver.h:90:48: warning: unused parameter ‘errCode’ [-Wunused-parameter]
[17.124s]    90 |         virtual void   onChannelError(u_result errCode) {}
[17.124s]       |                                       ~~~~~~~~~^~~~~~~
[17.275s] In file included from /home/p/ros2_ws/src/sllidar_ros2/./sdk/include/sl_lidar_cmd.h:41,
[17.276s]                  from /home/p/ros2_ws/src/sllidar_ros2/./sdk/include/sl_lidar_driver.h:54,
[17.276s]                  from /home/p/ros2_ws/src/sllidar_ros2/./sdk/include/sl_lidar.h:36,
[17.276s]                  from /home/p/ros2_ws/src/sllidar_ros2/src/sllidar_node.cpp:38:
[17.276s] /home/p/ros2_ws/src/sllidar_ros2/./sdk/include/sl_lidar_protocol.h:66:16: warning: ISO C++ forbids zero-size array ‘data’ [-Wpedantic]
[17.276s]    66 |     sl_u8 data[0];
[17.276s]       |                ^
[17.276s] /home/p/ros2_ws/src/sllidar_ros2/./sdk/include/sl_lidar_cmd.h:324:20: warning: ISO C++ forbids zero-size array ‘payload’ [-Wpedantic]
[17.276s]   324 |     sl_u8  payload[0];
[17.277s]       |                    ^
[17.458s] [ 75%] Building CXX object CMakeFiles/sllidar_node.dir/sdk/src/sl_serial_channel.cpp.o
[18.334s] In file included from /home/p/ros2_ws/src/sllidar_ros2/./sdk/include/sl_lidar_cmd.h:41,
[18.334s]                  from /home/p/ros2_ws/src/sllidar_ros2/./sdk/include/sl_lidar_driver.h:54,
[18.334s]                  from /home/p/ros2_ws/src/sllidar_ros2/sdk/src/sl_serial_channel.cpp:33:
[18.334s] /home/p/ros2_ws/src/sllidar_ros2/./sdk/include/sl_lidar_protocol.h:66:16: warning: ISO C++ forbids zero-size array ‘data’ [-Wpedantic]
[18.334s]    66 |     sl_u8 data[0];
[18.334s]       |                ^
[18.336s] /home/p/ros2_ws/src/sllidar_ros2/./sdk/include/sl_lidar_cmd.h:324:20: warning: ISO C++ forbids zero-size array ‘payload’ [-Wpedantic]
[18.336s]   324 |     sl_u8  payload[0];
[18.337s]       |                    ^
[18.605s] [ 80%] Building CXX object CMakeFiles/sllidar_node.dir/sdk/src/sl_tcp_channel.cpp.o
[18.672s] [ 85%] Building CXX object CMakeFiles/sllidar_node.dir/sdk/src/sl_udp_channel.cpp.o
[19.609s] In file included from /home/p/ros2_ws/src/sllidar_ros2/./sdk/include/sl_lidar_cmd.h:41,
[19.610s]                  from /home/p/ros2_ws/src/sllidar_ros2/./sdk/include/sl_lidar_driver.h:54,
[19.610s]                  from /home/p/ros2_ws/src/sllidar_ros2/sdk/src/sl_tcp_channel.cpp:33:
[19.610s] /home/p/ros2_ws/src/sllidar_ros2/./sdk/include/sl_lidar_protocol.h:66:16: warning: ISO C++ forbids zero-size array ‘data’ [-Wpedantic]
[19.610s]    66 |     sl_u8 data[0];
[19.610s]       |                ^
[19.616s] /home/p/ros2_ws/src/sllidar_ros2/./sdk/include/sl_lidar_cmd.h:324:20: warning: ISO C++ forbids zero-size array ‘payload’ [-Wpedantic]
[19.617s]   324 |     sl_u8  payload[0];
[19.617s]       |                    ^
[19.635s] /home/p/ros2_ws/src/sllidar_ros2/sdk/src/sl_tcp_channel.cpp: In member function ‘void sl::TcpChannel::setStatus(_u32)’:
[19.635s] /home/p/ros2_ws/src/sllidar_ros2/sdk/src/sl_tcp_channel.cpp:109:29: warning: unused parameter ‘flag’ [-Wunused-parameter]
[19.635s]   109 |         void setStatus(_u32 flag){}
[19.635s]       |                        ~~~~~^~~~
[19.643s] In file included from /home/p/ros2_ws/src/sllidar_ros2/./sdk/include/sl_lidar_cmd.h:41,
[19.643s]                  from /home/p/ros2_ws/src/sllidar_ros2/./sdk/include/sl_lidar_driver.h:54,
[19.643s]                  from /home/p/ros2_ws/src/sllidar_ros2/sdk/src/sl_udp_channel.cpp:33:
[19.643s] /home/p/ros2_ws/src/sllidar_ros2/./sdk/include/sl_lidar_protocol.h:66:16: warning: ISO C++ forbids zero-size array ‘data’ [-Wpedantic]
[19.644s]    66 |     sl_u8 data[0];
[19.644s]       |                ^
[19.648s] /home/p/ros2_ws/src/sllidar_ros2/./sdk/include/sl_lidar_cmd.h:324:20: warning: ISO C++ forbids zero-size array ‘payload’ [-Wpedantic]
[19.648s]   324 |     sl_u8  payload[0];
[19.648s]       |                    ^
[19.653s] /home/p/ros2_ws/src/sllidar_ros2/sdk/src/sl_udp_channel.cpp: In member function ‘void sl::UdpChannel::setStatus(_u32)’:
[19.653s] /home/p/ros2_ws/src/sllidar_ros2/sdk/src/sl_udp_channel.cpp:112:29: warning: unused parameter ‘flag’ [-Wunused-parameter]
[19.654s]   112 |         void setStatus(_u32 flag){}
[19.654s]       |                        ~~~~~^~~~
[31.678s] [ 90%] Linking CXX executable sllidar_node
[33.608s] [ 95%] Built target sllidar_node
[39.398s] [100%] Linking CXX executable sllidar_client
[40.366s] [100%] Built target sllidar_client
[40.398s] Invoked command in '/home/p/ros2_ws/src/build/sllidar_ros2' returned '0': CMAKE_PREFIX_PATH=${CMAKE_PREFIX_PATH}:/home/p/ros2_ws/install/optical_cane_rpi:/home/p/ros2_ws/install/mpu9250:/opt/ros/jazzy DEBUGINFOD_URLS=https://debuginfod.ubuntu.com /usr/bin/cmake --build /home/p/ros2_ws/src/build/sllidar_ros2 -- -j4 -l4
[40.400s] Invoking command in '/home/p/ros2_ws/src/build/sllidar_ros2': CMAKE_PREFIX_PATH=${CMAKE_PREFIX_PATH}:/home/p/ros2_ws/install/optical_cane_rpi:/home/p/ros2_ws/install/mpu9250:/opt/ros/jazzy DEBUGINFOD_URLS=https://debuginfod.ubuntu.com /usr/bin/cmake --install /home/p/ros2_ws/src/build/sllidar_ros2
[40.422s] -- Install configuration: ""
[40.423s] -- Up-to-date: /home/p/ros2_ws/src/install/sllidar_ros2/share/sllidar_ros2/launch
[40.424s] -- Up-to-date: /home/p/ros2_ws/src/install/sllidar_ros2/share/sllidar_ros2/launch/othres
[40.425s] -- Up-to-date: /home/p/ros2_ws/src/install/sllidar_ros2/share/sllidar_ros2/launch/othres/sllidar_s3_launch.py
[40.426s] -- Up-to-date: /home/p/ros2_ws/src/install/sllidar_ros2/share/sllidar_ros2/launch/othres/view_sllidar_t1_launch.py
[40.431s] -- Up-to-date: /home/p/ros2_ws/src/install/sllidar_ros2/share/sllidar_ros2/launch/othres/view_sllidar_s2e_launch.py
[40.431s] -- Up-to-date: /home/p/ros2_ws/src/install/sllidar_ros2/share/sllidar_ros2/launch/othres/view_sllidar_c1_launch.py
[40.431s] -- Up-to-date: /home/p/ros2_ws/src/install/sllidar_ros2/share/sllidar_ros2/launch/othres/view_sllidar_a2m12_launch.py
[40.431s] -- Up-to-date: /home/p/ros2_ws/src/install/sllidar_ros2/share/sllidar_ros2/launch/othres/view_sllidar_a2m7_launch.py
[40.431s] -- Up-to-date: /home/p/ros2_ws/src/install/sllidar_ros2/share/sllidar_ros2/launch/othres/sllidar_a2m7_launch.py
[40.431s] -- Up-to-date: /home/p/ros2_ws/src/install/sllidar_ros2/share/sllidar_ros2/launch/othres/view_sllidar_s1_launch.py
[40.431s] -- Up-to-date: /home/p/ros2_ws/src/install/sllidar_ros2/share/sllidar_ros2/launch/othres/sllidar_a3_launch.py
[40.431s] -- Up-to-date: /home/p/ros2_ws/src/install/sllidar_ros2/share/sllidar_ros2/launch/othres/sllidar_c1_launch.py
[40.432s] -- Up-to-date: /home/p/ros2_ws/src/install/sllidar_ros2/share/sllidar_ros2/launch/othres/sllidar_t1_launch.py
[40.432s] -- Up-to-date: /home/p/ros2_ws/src/install/sllidar_ros2/share/sllidar_ros2/launch/othres/view_sllidar_a1_launch.py
[40.432s] -- Up-to-date: /home/p/ros2_ws/src/install/sllidar_ros2/share/sllidar_ros2/launch/othres/view_sllidar_a3_launch.py
[40.432s] -- Up-to-date: /home/p/ros2_ws/src/install/sllidar_ros2/share/sllidar_ros2/launch/othres/sllidar_a2m12_launch .py
[40.432s] -- Up-to-date: /home/p/ros2_ws/src/install/sllidar_ros2/share/sllidar_ros2/launch/othres/view_sllidar_s1_tcp_launch.py
[40.432s] -- Up-to-date: /home/p/ros2_ws/src/install/sllidar_ros2/share/sllidar_ros2/launch/othres/sllidar_s2e_launch.py
[40.432s] -- Up-to-date: /home/p/ros2_ws/src/install/sllidar_ros2/share/sllidar_ros2/launch/othres/sllidar_a1_launch.py
[40.432s] -- Up-to-date: /home/p/ros2_ws/src/install/sllidar_ros2/share/sllidar_ros2/launch/othres/view_sllidar_s3_launch.py
[40.432s] -- Up-to-date: /home/p/ros2_ws/src/install/sllidar_ros2/share/sllidar_ros2/launch/othres/sllidar_s1_launch.py
[40.433s] -- Up-to-date: /home/p/ros2_ws/src/install/sllidar_ros2/share/sllidar_ros2/launch/othres/view_sllidar_s2_launch.py
[40.433s] -- Up-to-date: /home/p/ros2_ws/src/install/sllidar_ros2/share/sllidar_ros2/launch/othres/sllidar_s1_tcp_launch.py
[40.433s] -- Up-to-date: /home/p/ros2_ws/src/install/sllidar_ros2/share/sllidar_ros2/launch/othres/sllidar_s2_launch.py
[40.433s] -- Up-to-date: /home/p/ros2_ws/src/install/sllidar_ros2/share/sllidar_ros2/launch/a2m8_with_filtred_9250_launch.py
[40.433s] -- Up-to-date: /home/p/ros2_ws/src/install/sllidar_ros2/share/sllidar_ros2/launch/a2m8_with_9250_launch.py
[40.435s] -- Up-to-date: /home/p/ros2_ws/src/install/sllidar_ros2/share/sllidar_ros2/launch/a2m8_with_filtred_9250_front_launch.py
[40.435s] -- Up-to-date: /home/p/ros2_ws/src/install/sllidar_ros2/share/sllidar_ros2/launch/__pycache__
[40.435s] -- Installing: /home/p/ros2_ws/src/install/sllidar_ros2/share/sllidar_ros2/launch/__pycache__/sllidar_a2m8_launch.cpython-312.pyc
[40.435s] -- Up-to-date: /home/p/ros2_ws/src/install/sllidar_ros2/share/sllidar_ros2/launch/__pycache__/a2m8_with_filtred_9250_front_launch.cpython-312.pyc
[40.435s] -- Up-to-date: /home/p/ros2_ws/src/install/sllidar_ros2/share/sllidar_ros2/launch/__pycache__/a2m8_with_filtred_9250_launch.cpython-312.pyc
[40.435s] -- Up-to-date: /home/p/ros2_ws/src/install/sllidar_ros2/share/sllidar_ros2/launch/sllidar_a2m8_launch.py
[40.436s] -- Up-to-date: /home/p/ros2_ws/src/install/sllidar_ros2/share/sllidar_ros2/launch/a2m8_with_filtred_9250_launch.py.bak
[40.436s] -- Up-to-date: /home/p/ros2_ws/src/install/sllidar_ros2/share/sllidar_ros2/launch/view_sllidar_a2m8_launch.py
[40.436s] -- Up-to-date: /home/p/ros2_ws/src/install/sllidar_ros2/share/sllidar_ros2/launch/combined_sensors_launch.py
[40.436s] -- Up-to-date: /home/p/ros2_ws/src/install/sllidar_ros2/share/sllidar_ros2/rviz
[40.436s] -- Up-to-date: /home/p/ros2_ws/src/install/sllidar_ros2/share/sllidar_ros2/rviz/sllidar_ros2.rviz
[40.436s] -- Up-to-date: /home/p/ros2_ws/src/install/sllidar_ros2/share/sllidar_ros2/rviz/sllidar_with_imu.rviz
[40.438s] -- Installing: /home/p/ros2_ws/src/install/sllidar_ros2/lib/sllidar_ros2/sllidar_node
[40.445s] -- Set non-toolchain portion of runtime path of "/home/p/ros2_ws/src/install/sllidar_ros2/lib/sllidar_ros2/sllidar_node" to ""
[40.448s] -- Installing: /home/p/ros2_ws/src/install/sllidar_ros2/lib/sllidar_ros2/sllidar_client
[40.462s] -- Set non-toolchain portion of runtime path of "/home/p/ros2_ws/src/install/sllidar_ros2/lib/sllidar_ros2/sllidar_client" to ""
[40.463s] -- Up-to-date: /home/p/ros2_ws/src/install/sllidar_ros2/share/ament_index/resource_index/package_run_dependencies/sllidar_ros2
[40.463s] -- Up-to-date: /home/p/ros2_ws/src/install/sllidar_ros2/share/ament_index/resource_index/parent_prefix_path/sllidar_ros2
[40.463s] -- Up-to-date: /home/p/ros2_ws/src/install/sllidar_ros2/share/sllidar_ros2/environment/ament_prefix_path.sh
[40.463s] -- Up-to-date: /home/p/ros2_ws/src/install/sllidar_ros2/share/sllidar_ros2/environment/ament_prefix_path.dsv
[40.463s] -- Up-to-date: /home/p/ros2_ws/src/install/sllidar_ros2/share/sllidar_ros2/environment/path.sh
[40.463s] -- Up-to-date: /home/p/ros2_ws/src/install/sllidar_ros2/share/sllidar_ros2/environment/path.dsv
[40.463s] -- Up-to-date: /home/p/ros2_ws/src/install/sllidar_ros2/share/sllidar_ros2/local_setup.bash
[40.464s] -- Up-to-date: /home/p/ros2_ws/src/install/sllidar_ros2/share/sllidar_ros2/local_setup.sh
[40.464s] -- Up-to-date: /home/p/ros2_ws/src/install/sllidar_ros2/share/sllidar_ros2/local_setup.zsh
[40.464s] -- Up-to-date: /home/p/ros2_ws/src/install/sllidar_ros2/share/sllidar_ros2/local_setup.dsv
[40.464s] -- Installing: /home/p/ros2_ws/src/install/sllidar_ros2/share/sllidar_ros2/package.dsv
[40.467s] -- Up-to-date: /home/p/ros2_ws/src/install/sllidar_ros2/share/ament_index/resource_index/packages/sllidar_ros2
[40.467s] -- Up-to-date: /home/p/ros2_ws/src/install/sllidar_ros2/share/sllidar_ros2/cmake/ament_cmake_export_dependencies-extras.cmake
[40.467s] -- Up-to-date: /home/p/ros2_ws/src/install/sllidar_ros2/share/sllidar_ros2/cmake/ament_cmake_export_include_directories-extras.cmake
[40.467s] -- Up-to-date: /home/p/ros2_ws/src/install/sllidar_ros2/share/sllidar_ros2/cmake/sllidar_ros2Config.cmake
[40.467s] -- Up-to-date: /home/p/ros2_ws/src/install/sllidar_ros2/share/sllidar_ros2/cmake/sllidar_ros2Config-version.cmake
[40.468s] -- Up-to-date: /home/p/ros2_ws/src/install/sllidar_ros2/share/sllidar_ros2/package.xml
[40.473s] Invoked command in '/home/p/ros2_ws/src/build/sllidar_ros2' returned '0': CMAKE_PREFIX_PATH=${CMAKE_PREFIX_PATH}:/home/p/ros2_ws/install/optical_cane_rpi:/home/p/ros2_ws/install/mpu9250:/opt/ros/jazzy DEBUGINFOD_URLS=https://debuginfod.ubuntu.com /usr/bin/cmake --install /home/p/ros2_ws/src/build/sllidar_ros2
