[0.033s] Invoking command in '/home/p/ros2_ws/src/build/cpp_package': CMAKE_PREFIX_PATH=${CMAKE_PREFIX_PATH}:/opt/ros/jazzy DEBUGINFOD_URLS=https://debuginfod.ubuntu.com /usr/bin/cmake /home/p/ros2_ws/src/cpp_package -DCMAKE_INSTALL_RPATH=/usr/local/lib -DCMAKE_INSTALL_PREFIX=/home/p/ros2_ws/src/install/cpp_package
[0.211s] -- The C compiler identification is GNU 13.3.0
[0.383s] -- The CXX compiler identification is GNU 13.3.0
[0.421s] -- Detecting C compiler ABI info
[0.733s] -- Detecting C compiler ABI info - done
[0.789s] -- Check for working C compiler: /usr/bin/cc - skipped
[0.790s] -- Detecting C compile features
[0.791s] -- Detecting C compile features - done
[0.814s] -- Detecting CXX compiler ABI info
[1.126s] -- Detecting CXX compiler ABI info - done
[1.161s] -- Check for working CXX compiler: /usr/bin/c++ - skipped
[1.162s] -- Detecting CXX compile features
[1.164s] -- Detecting CXX compile features - done
[1.175s] -- Found ament_cmake: 2.5.4 (/opt/ros/jazzy/share/ament_cmake/cmake)
[1.642s] -- Found Python3: /usr/bin/python3 (found version "3.12.3") found components: Interpreter 
[1.959s] -- Found rclcpp: 28.1.9 (/opt/ros/jazzy/share/rclcpp/cmake)
[2.054s] -- Found rosidl_generator_c: 4.6.5 (/opt/ros/jazzy/share/rosidl_generator_c/cmake)
[2.090s] -- Found rosidl_generator_cpp: 4.6.5 (/opt/ros/jazzy/share/rosidl_generator_cpp/cmake)
[2.134s] -- Using all available rosidl_typesupport_c: rosidl_typesupport_fastrtps_c;rosidl_typesupport_introspection_c
[2.183s] -- Using all available rosidl_typesupport_cpp: rosidl_typesupport_fastrtps_cpp;rosidl_typesupport_introspection_cpp
[2.348s] -- Found rmw_implementation_cmake: 7.3.2 (/opt/ros/jazzy/share/rmw_implementation_cmake/cmake)
[2.353s] -- Found rmw_fastrtps_cpp: 8.4.2 (/opt/ros/jazzy/share/rmw_fastrtps_cpp/cmake)
[2.578s] -- Found OpenSSL: /usr/lib/aarch64-linux-gnu/libcrypto.so (found version "3.0.13")  
[2.619s] -- Found FastRTPS: /opt/ros/jazzy/include (Required is at least version "2.13") 
[2.672s] -- Using RMW implementation 'rmw_fastrtps_cpp' as default
[2.873s] -- Found sensor_msgs: 5.3.6 (/opt/ros/jazzy/share/sensor_msgs/cmake)
[3.003s] -- Found nav_msgs: 5.3.6 (/opt/ros/jazzy/share/nav_msgs/cmake)
[3.060s] -- Found tf2_ros: 0.36.11 (/opt/ros/jazzy/share/tf2_ros/cmake)
[3.386s] -- Found tf2_geometry_msgs: 0.36.11 (/opt/ros/jazzy/share/tf2_geometry_msgs/cmake)
[3.431s] -- Found eigen3_cmake_module: 0.3.0 (/opt/ros/jazzy/share/eigen3_cmake_module/cmake)
[3.431s] -- Found Eigen3: TRUE (found version "3.4.0") 
[3.432s] -- Ensuring Eigen3 include directory is part of orocos-kdl CMake target
[3.443s] -- Found tf2_eigen: 0.36.11 (/opt/ros/jazzy/share/tf2_eigen/cmake)
[3.461s] -- Found pcl_ros: 2.6.2 (/opt/ros/jazzy/share/pcl_ros/cmake)
[3.642s] [33mCMake Warning (dev) at /usr/lib/aarch64-linux-gnu/cmake/pcl/Modules/FindFLANN.cmake:45 (find_package):
[3.642s]   Policy CMP0144 is not set: find_package uses upper-case <PACKAGENAME>_ROOT
[3.642s]   variables.  Run "cmake --help-policy CMP0144" for policy details.  Use the
[3.642s]   cmake_policy command to set the policy and suppress this warning.
[3.642s] 
[3.642s]   CMake variable FLANN_ROOT is set to:
[3.642s] 
[3.642s]     /usr
[3.642s] 
[3.642s]   For compatibility, find_package is ignoring the variable, but code in a
[3.643s]   .cmake module might still use it.
[3.643s] Call Stack (most recent call first):
[3.643s]   /usr/lib/aarch64-linux-gnu/cmake/pcl/PCLConfig.cmake:261 (find_package)
[3.643s]   /usr/lib/aarch64-linux-gnu/cmake/pcl/PCLConfig.cmake:306 (find_flann)
[3.643s]   /usr/lib/aarch64-linux-gnu/cmake/pcl/PCLConfig.cmake:570 (find_external_library)
[3.643s]   /opt/ros/jazzy/share/pcl_conversions/cmake/ament_cmake_export_dependencies-extras.cmake:21 (find_package)
[3.643s]   /opt/ros/jazzy/share/pcl_conversions/cmake/pcl_conversionsConfig.cmake:41 (include)
[3.643s]   /opt/ros/jazzy/share/pcl_ros/cmake/ament_cmake_export_dependencies-extras.cmake:21 (find_package)
[3.643s]   /opt/ros/jazzy/share/pcl_ros/cmake/pcl_rosConfig.cmake:41 (include)
[3.643s]   CMakeLists.txt:24 (find_package)
[3.643s] This warning is for project developers.  Use -Wno-dev to suppress it.
[3.646s] [0m
[3.646s] -- Found flann version 1.9.2
[4.612s] -- Found OpenMP_CXX: -fopenmp (found version "4.5") 
[4.614s] -- Found OpenMP: TRUE (found version "4.5") found components: CXX 
[11.037s] -- Checking for module 'libusb-1.0'
[11.151s] --   Found libusb-1.0, version 1.0.27
[11.370s] -- Found libusb: /usr/lib/aarch64-linux-gnu/libusb-1.0.so  
[11.376s] -- OpenNI found (version: 1.5.4.0, include: /usr/include/ni, lib: /usr/lib/libOpenNI.so;libusb::libusb)
[11.709s] -- OpenNI2 found (version: 2.2.0.33, include: /usr/include/openni2, lib: /usr/lib/aarch64-linux-gnu/libOpenNI2.so;libusb::libusb)
[11.718s] -- Could NOT find Pcap (missing: PCAP_LIBRARIES PCAP_INCLUDE_DIRS) 
[11.775s] -- Found ZLIB: /usr/lib/aarch64-linux-gnu/libz.so (found version "1.3")  
[11.875s] -- Found PNG: /usr/lib/aarch64-linux-gnu/libpng.so (found version "1.6.43") 
[13.712s] -- OpenNI found (version: 1.5.4.0, include: /usr/include/ni, lib: /usr/lib/libOpenNI.so;libusb::libusb)
[13.746s] -- OpenNI2 found (version: 2.2.0.33, include: /usr/include/openni2, lib: /usr/lib/aarch64-linux-gnu/libOpenNI2.so;libusb::libusb)
[16.226s] -- Found Qhull version 8.0.2
[17.955s] -- OpenNI found (version: 1.5.4.0, include: /usr/include/ni, lib: /usr/lib/libOpenNI.so;libusb::libusb)
[20.525s] -- Found PCL_COMMON: /usr/lib/aarch64-linux-gnu/libpcl_common.so  
[20.529s] -- Found PCL_KDTREE: /usr/lib/aarch64-linux-gnu/libpcl_kdtree.so  
[20.531s] -- Found PCL_OCTREE: /usr/lib/aarch64-linux-gnu/libpcl_octree.so  
[20.535s] -- Found PCL_SEARCH: /usr/lib/aarch64-linux-gnu/libpcl_search.so  
[20.538s] -- Found PCL_SAMPLE_CONSENSUS: /usr/lib/aarch64-linux-gnu/libpcl_sample_consensus.so  
[20.541s] -- Found PCL_FILTERS: /usr/lib/aarch64-linux-gnu/libpcl_filters.so  
[20.544s] -- Found PCL_2D: /usr/include/pcl-1.14  
[20.544s] -- Found PCL_GEOMETRY: /usr/include/pcl-1.14  
[20.548s] -- Found PCL_IO: /usr/lib/aarch64-linux-gnu/libpcl_io.so  
[20.551s] -- Found PCL_FEATURES: /usr/lib/aarch64-linux-gnu/libpcl_features.so  
[20.555s] -- Found PCL_ML: /usr/lib/aarch64-linux-gnu/libpcl_ml.so  
[20.557s] -- Found PCL_SEGMENTATION: /usr/lib/aarch64-linux-gnu/libpcl_segmentation.so  
[20.561s] -- Found PCL_VISUALIZATION: /usr/lib/aarch64-linux-gnu/libpcl_visualization.so  
[20.565s] -- Found PCL_SURFACE: /usr/lib/aarch64-linux-gnu/libpcl_surface.so  
[20.568s] -- Found PCL_REGISTRATION: /usr/lib/aarch64-linux-gnu/libpcl_registration.so  
[20.571s] -- Found PCL_KEYPOINTS: /usr/lib/aarch64-linux-gnu/libpcl_keypoints.so  
[20.577s] -- Found PCL_TRACKING: /usr/lib/aarch64-linux-gnu/libpcl_tracking.so  
[20.582s] -- Found PCL_RECOGNITION: /usr/lib/aarch64-linux-gnu/libpcl_recognition.so  
[20.584s] -- Found PCL_STEREO: /usr/lib/aarch64-linux-gnu/libpcl_stereo.so  
[20.587s] -- Found PCL_APPS: /usr/lib/aarch64-linux-gnu/libpcl_apps.so  
[20.595s] -- Found PCL_IN_HAND_SCANNER: /usr/include/pcl-1.14  
[20.595s] -- Found PCL_MODELER: /usr/include/pcl-1.14  
[20.596s] -- Found PCL_POINT_CLOUD_EDITOR: /usr/include/pcl-1.14  
[20.600s] -- Found PCL_OUTOFCORE: /usr/lib/aarch64-linux-gnu/libpcl_outofcore.so  
[20.603s] -- Found PCL_PEOPLE: /usr/lib/aarch64-linux-gnu/libpcl_people.so  
[20.632s] [33mCMake Warning (dev) at CMakeLists.txt:26 (find_package):
[20.633s]   Policy CMP0074 is not set: find_package uses <PackageName>_ROOT variables.
[20.633s]   Run "cmake --help-policy CMP0074" for policy details.  Use the cmake_policy
[20.634s]   command to set the policy and suppress this warning.
[20.634s] 
[20.634s]   CMake variable PCL_ROOT is set to:
[20.634s] 
[20.635s]     /usr
[20.635s] 
[20.635s]   For compatibility, CMake is ignoring the variable.
[20.636s] This warning is for project developers.  Use -Wno-dev to suppress it.
[20.637s] [0m
[21.472s] -- Configuring done (21.4s)
[21.840s] -- Generating done (0.2s)
[21.904s] -- Build files have been written to: /home/p/ros2_ws/src/build/cpp_package
[22.004s] Invoked command in '/home/p/ros2_ws/src/build/cpp_package' returned '0': CMAKE_PREFIX_PATH=${CMAKE_PREFIX_PATH}:/opt/ros/jazzy DEBUGINFOD_URLS=https://debuginfod.ubuntu.com /usr/bin/cmake /home/p/ros2_ws/src/cpp_package -DCMAKE_INSTALL_RPATH=/usr/local/lib -DCMAKE_INSTALL_PREFIX=/home/p/ros2_ws/src/install/cpp_package
[22.005s] Invoking command in '/home/p/ros2_ws/src/build/cpp_package': CMAKE_PREFIX_PATH=${CMAKE_PREFIX_PATH}:/opt/ros/jazzy DEBUGINFOD_URLS=https://debuginfod.ubuntu.com /usr/bin/cmake --build /home/p/ros2_ws/src/build/cpp_package -- -j4 -l4
[22.434s] [ 50%] [32mBuilding CXX object CMakeFiles/icp_3d_odom_node.dir/src/icp_3d_odom_node.cpp.o[0m
[80.158s] [100%] [32m[1mLinking CXX executable icp_3d_odom_node[0m
[87.902s] [100%] Built target icp_3d_odom_node
[87.938s] Invoked command in '/home/p/ros2_ws/src/build/cpp_package' returned '0': CMAKE_PREFIX_PATH=${CMAKE_PREFIX_PATH}:/opt/ros/jazzy DEBUGINFOD_URLS=https://debuginfod.ubuntu.com /usr/bin/cmake --build /home/p/ros2_ws/src/build/cpp_package -- -j4 -l4
[87.969s] Invoking command in '/home/p/ros2_ws/src/build/cpp_package': CMAKE_PREFIX_PATH=${CMAKE_PREFIX_PATH}:/opt/ros/jazzy DEBUGINFOD_URLS=https://debuginfod.ubuntu.com /usr/bin/cmake --install /home/p/ros2_ws/src/build/cpp_package
[87.998s] -- Install configuration: ""
[87.999s] -- Installing: /home/p/ros2_ws/src/install/cpp_package/lib/cpp_package/icp_3d_odom_node
[88.019s] -- Set non-toolchain portion of runtime path of "/home/p/ros2_ws/src/install/cpp_package/lib/cpp_package/icp_3d_odom_node" to "/usr/local/lib"
[88.021s] -- Installing: /home/p/ros2_ws/src/install/cpp_package/share/cpp_package/launch
[88.023s] -- Installing: /home/p/ros2_ws/src/install/cpp_package/share/cpp_package/launch/icp_odom.launch.py
[88.025s] -- Installing: /home/p/ros2_ws/src/install/cpp_package/share/ament_index/resource_index/package_run_dependencies/cpp_package
[88.026s] -- Installing: /home/p/ros2_ws/src/install/cpp_package/share/ament_index/resource_index/parent_prefix_path/cpp_package
[88.030s] -- Installing: /home/p/ros2_ws/src/install/cpp_package/share/cpp_package/environment/ament_prefix_path.sh
[88.030s] -- Installing: /home/p/ros2_ws/src/install/cpp_package/share/cpp_package/environment/ament_prefix_path.dsv
[88.031s] -- Installing: /home/p/ros2_ws/src/install/cpp_package/share/cpp_package/environment/path.sh
[88.034s] -- Installing: /home/p/ros2_ws/src/install/cpp_package/share/cpp_package/environment/path.dsv
[88.034s] -- Installing: /home/p/ros2_ws/src/install/cpp_package/share/cpp_package/local_setup.bash
[88.038s] -- Installing: /home/p/ros2_ws/src/install/cpp_package/share/cpp_package/local_setup.sh
[88.038s] -- Installing: /home/p/ros2_ws/src/install/cpp_package/share/cpp_package/local_setup.zsh
[88.039s] -- Installing: /home/p/ros2_ws/src/install/cpp_package/share/cpp_package/local_setup.dsv
[88.045s] -- Installing: /home/p/ros2_ws/src/install/cpp_package/share/cpp_package/package.dsv
[88.046s] -- Installing: /home/p/ros2_ws/src/install/cpp_package/share/ament_index/resource_index/packages/cpp_package
[88.046s] -- Installing: /home/p/ros2_ws/src/install/cpp_package/share/cpp_package/cmake/cpp_packageConfig.cmake
[88.049s] -- Installing: /home/p/ros2_ws/src/install/cpp_package/share/cpp_package/cmake/cpp_packageConfig-version.cmake
[88.049s] -- Installing: /home/p/ros2_ws/src/install/cpp_package/share/cpp_package/package.xml
[88.058s] Invoked command in '/home/p/ros2_ws/src/build/cpp_package' returned '0': CMAKE_PREFIX_PATH=${CMAKE_PREFIX_PATH}:/opt/ros/jazzy DEBUGINFOD_URLS=https://debuginfod.ubuntu.com /usr/bin/cmake --install /home/p/ros2_ws/src/build/cpp_package
