[0.621s] DEBUG:colcon:Command line arguments: ['/usr/bin/colcon', 'build', '--cmake-args', '-DROS_EDITION=ROS2', '-DROS_DISTRO=jazzy']
[0.621s] DEBUG:colcon:Parsed command line arguments: Namespace(log_base=None, log_level=None, verb_name='build', build_base='build', install_base='install', merge_install=False, symlink_install=False, test_result_base=None, continue_on_error=False, executor='parallel', parallel_workers=4, event_handlers=None, ignore_user_meta=False, metas=['./colcon.meta'], base_paths=['.'], packages_ignore=None, packages_ignore_regex=None, paths=None, packages_up_to=None, packages_up_to_regex=None, packages_above=None, packages_above_and_dependencies=None, packages_above_depth=None, packages_select_by_dep=None, packages_skip_by_dep=None, packages_skip_up_to=None, packages_select_build_failed=False, packages_skip_build_finished=False, packages_select_test_failures=False, packages_skip_test_passed=False, packages_select=None, packages_skip=None, packages_select_regex=None, packages_skip_regex=None, packages_start=None, packages_end=None, allow_overriding=[], cmake_args=['-DROS_EDITION=ROS2', '-DROS_DISTRO=jazzy'], cmake_target=None, cmake_target_skip_unavailable=False, cmake_clean_cache=False, cmake_clean_first=False, cmake_force_configure=False, ament_cmake_args=None, catkin_cmake_args=None, catkin_skip_building_tests=False, mixin_files=None, mixin=None, verb_parser=<colcon_mixin.mixin.mixin_argument.MixinArgumentDecorator object at 0xffffa9dce960>, verb_extension=<colcon_core.verb.build.BuildVerb object at 0xffffa9f58f50>, main=<bound method BuildVerb.main of <colcon_core.verb.build.BuildVerb object at 0xffffa9f58f50>>, mixin_verb=('build',))
[0.688s] Level 1:colcon.colcon_core.package_discovery:discover_packages(colcon_meta) check parameters
[0.688s] Level 1:colcon.colcon_core.package_discovery:discover_packages(recursive) check parameters
[0.688s] Level 1:colcon.colcon_core.package_discovery:discover_packages(ignore) check parameters
[0.688s] Level 1:colcon.colcon_core.package_discovery:discover_packages(path) check parameters
[0.688s] Level 1:colcon.colcon_core.package_discovery:discover_packages(colcon_meta) discover
[0.688s] Level 1:colcon.colcon_core.package_discovery:discover_packages(recursive) discover
[0.688s] INFO:colcon.colcon_core.package_discovery:Crawling recursively for packages in '/home/p/ros2_ws/src/ws_livox'
[0.689s] Level 1:colcon.colcon_core.package_identification:_identify(.) by extensions ['ignore', 'ignore_ament_install']
[0.689s] Level 1:colcon.colcon_core.package_identification:_identify(.) by extension 'ignore'
[0.689s] Level 1:colcon.colcon_core.package_identification:_identify(.) by extension 'ignore_ament_install'
[0.689s] Level 1:colcon.colcon_core.package_identification:_identify(.) by extensions ['colcon_pkg']
[0.689s] Level 1:colcon.colcon_core.package_identification:_identify(.) by extension 'colcon_pkg'
[0.689s] Level 1:colcon.colcon_core.package_identification:_identify(.) by extensions ['colcon_meta']
[0.689s] Level 1:colcon.colcon_core.package_identification:_identify(.) by extension 'colcon_meta'
[0.689s] Level 1:colcon.colcon_core.package_identification:_identify(.) by extensions ['ros']
[0.689s] Level 1:colcon.colcon_core.package_identification:_identify(.) by extension 'ros'
[0.737s] Level 1:colcon.colcon_core.package_identification:_identify(.) by extensions ['cmake', 'python']
[0.737s] Level 1:colcon.colcon_core.package_identification:_identify(.) by extension 'cmake'
[0.737s] Level 1:colcon.colcon_core.package_identification:_identify(.) by extension 'python'
[0.737s] Level 1:colcon.colcon_core.package_identification:_identify(.) by extensions ['python_setup_py']
[0.737s] Level 1:colcon.colcon_core.package_identification:_identify(.) by extension 'python_setup_py'
[0.737s] Level 1:colcon.colcon_core.package_identification:_identify(build) by extensions ['ignore', 'ignore_ament_install']
[0.737s] Level 1:colcon.colcon_core.package_identification:_identify(build) by extension 'ignore'
[0.737s] Level 1:colcon.colcon_core.package_identification:_identify(build) ignored
[0.738s] Level 1:colcon.colcon_core.package_identification:_identify(install) by extensions ['ignore', 'ignore_ament_install']
[0.738s] Level 1:colcon.colcon_core.package_identification:_identify(install) by extension 'ignore'
[0.738s] Level 1:colcon.colcon_core.package_identification:_identify(install) ignored
[0.738s] Level 1:colcon.colcon_core.package_identification:_identify(log) by extensions ['ignore', 'ignore_ament_install']
[0.738s] Level 1:colcon.colcon_core.package_identification:_identify(log) by extension 'ignore'
[0.738s] Level 1:colcon.colcon_core.package_identification:_identify(log) ignored
[0.738s] Level 1:colcon.colcon_core.package_identification:_identify(src) by extensions ['ignore', 'ignore_ament_install']
[0.738s] Level 1:colcon.colcon_core.package_identification:_identify(src) by extension 'ignore'
[0.738s] Level 1:colcon.colcon_core.package_identification:_identify(src) by extension 'ignore_ament_install'
[0.738s] Level 1:colcon.colcon_core.package_identification:_identify(src) by extensions ['colcon_pkg']
[0.738s] Level 1:colcon.colcon_core.package_identification:_identify(src) by extension 'colcon_pkg'
[0.738s] Level 1:colcon.colcon_core.package_identification:_identify(src) by extensions ['colcon_meta']
[0.738s] Level 1:colcon.colcon_core.package_identification:_identify(src) by extension 'colcon_meta'
[0.738s] Level 1:colcon.colcon_core.package_identification:_identify(src) by extensions ['ros']
[0.738s] Level 1:colcon.colcon_core.package_identification:_identify(src) by extension 'ros'
[0.739s] Level 1:colcon.colcon_core.package_identification:_identify(src) by extensions ['cmake', 'python']
[0.739s] Level 1:colcon.colcon_core.package_identification:_identify(src) by extension 'cmake'
[0.739s] Level 1:colcon.colcon_core.package_identification:_identify(src) by extension 'python'
[0.739s] Level 1:colcon.colcon_core.package_identification:_identify(src) by extensions ['python_setup_py']
[0.739s] Level 1:colcon.colcon_core.package_identification:_identify(src) by extension 'python_setup_py'
[0.739s] Level 1:colcon.colcon_core.package_identification:_identify(src/livox_ros_driver2) by extensions ['ignore', 'ignore_ament_install']
[0.739s] Level 1:colcon.colcon_core.package_identification:_identify(src/livox_ros_driver2) by extension 'ignore'
[0.739s] Level 1:colcon.colcon_core.package_identification:_identify(src/livox_ros_driver2) by extension 'ignore_ament_install'
[0.739s] Level 1:colcon.colcon_core.package_identification:_identify(src/livox_ros_driver2) by extensions ['colcon_pkg']
[0.739s] Level 1:colcon.colcon_core.package_identification:_identify(src/livox_ros_driver2) by extension 'colcon_pkg'
[0.739s] Level 1:colcon.colcon_core.package_identification:_identify(src/livox_ros_driver2) by extensions ['colcon_meta']
[0.739s] Level 1:colcon.colcon_core.package_identification:_identify(src/livox_ros_driver2) by extension 'colcon_meta'
[0.739s] Level 1:colcon.colcon_core.package_identification:_identify(src/livox_ros_driver2) by extensions ['ros']
[0.739s] Level 1:colcon.colcon_core.package_identification:_identify(src/livox_ros_driver2) by extension 'ros'
[0.744s] DEBUG:colcon.colcon_core.package_identification:Package 'src/livox_ros_driver2' with type 'ros.ament_cmake' and name 'livox_ros_driver2'
[0.744s] Level 1:colcon.colcon_core.package_discovery:discover_packages(recursive) using defaults
[0.744s] Level 1:colcon.colcon_core.package_discovery:discover_packages(ignore) discover
[0.744s] Level 1:colcon.colcon_core.package_discovery:discover_packages(ignore) using defaults
[0.744s] Level 1:colcon.colcon_core.package_discovery:discover_packages(path) discover
[0.744s] Level 1:colcon.colcon_core.package_discovery:discover_packages(path) using defaults
[0.795s] Level 1:colcon.colcon_core.package_discovery:discover_packages(prefix_path) check parameters
[0.795s] Level 1:colcon.colcon_core.package_discovery:discover_packages(prefix_path) discover
[0.802s] DEBUG:colcon.colcon_installed_package_information.package_discovery:Found 1 installed packages in /home/p/ros2_ws/src/install
[0.803s] DEBUG:colcon.colcon_installed_package_information.package_discovery:Found 8 installed packages in /home/p/install
[0.804s] DEBUG:colcon.colcon_installed_package_information.package_discovery:Found 18 installed packages in /home/p/ros2_ws/install
[0.808s] DEBUG:colcon.colcon_installed_package_information.package_discovery:Found 451 installed packages in /opt/ros/jazzy
[0.811s] Level 1:colcon.colcon_core.package_discovery:discover_packages(prefix_path) using defaults
[0.936s] Level 5:colcon.colcon_core.verb:set package 'livox_ros_driver2' build argument 'cmake_args' from command line to '['-DROS_EDITION=ROS2', '-DROS_DISTRO=jazzy']'
[0.937s] Level 5:colcon.colcon_core.verb:set package 'livox_ros_driver2' build argument 'cmake_target' from command line to 'None'
[0.937s] Level 5:colcon.colcon_core.verb:set package 'livox_ros_driver2' build argument 'cmake_target_skip_unavailable' from command line to 'False'
[0.937s] Level 5:colcon.colcon_core.verb:set package 'livox_ros_driver2' build argument 'cmake_clean_cache' from command line to 'False'
[0.937s] Level 5:colcon.colcon_core.verb:set package 'livox_ros_driver2' build argument 'cmake_clean_first' from command line to 'False'
[0.937s] Level 5:colcon.colcon_core.verb:set package 'livox_ros_driver2' build argument 'cmake_force_configure' from command line to 'False'
[0.937s] Level 5:colcon.colcon_core.verb:set package 'livox_ros_driver2' build argument 'ament_cmake_args' from command line to 'None'
[0.937s] Level 5:colcon.colcon_core.verb:set package 'livox_ros_driver2' build argument 'catkin_cmake_args' from command line to 'None'
[0.937s] Level 5:colcon.colcon_core.verb:set package 'livox_ros_driver2' build argument 'catkin_skip_building_tests' from command line to 'False'
[0.937s] DEBUG:colcon.colcon_core.verb:Building package 'livox_ros_driver2' with the following arguments: {'ament_cmake_args': None, 'build_base': '/home/p/ros2_ws/src/ws_livox/build/livox_ros_driver2', 'catkin_cmake_args': None, 'catkin_skip_building_tests': False, 'cmake_args': ['-DROS_EDITION=ROS2', '-DROS_DISTRO=jazzy'], 'cmake_clean_cache': False, 'cmake_clean_first': False, 'cmake_force_configure': False, 'cmake_target': None, 'cmake_target_skip_unavailable': False, 'install_base': '/home/p/ros2_ws/src/ws_livox/install/livox_ros_driver2', 'merge_install': False, 'path': '/home/p/ros2_ws/src/ws_livox/src/livox_ros_driver2', 'symlink_install': False, 'test_result_base': None}
[0.937s] INFO:colcon.colcon_core.executor:Executing jobs using 'parallel' executor
[0.938s] DEBUG:colcon.colcon_parallel_executor.executor.parallel:run_until_complete
[0.939s] INFO:colcon.colcon_ros.task.ament_cmake.build:Building ROS package in '/home/p/ros2_ws/src/ws_livox/src/livox_ros_driver2' with build type 'ament_cmake'
[0.939s] INFO:colcon.colcon_cmake.task.cmake.build:Building CMake package in '/home/p/ros2_ws/src/ws_livox/src/livox_ros_driver2'
[0.948s] INFO:colcon.colcon_core.plugin_system:Skipping extension 'colcon_core.shell.bat': Not used on non-Windows systems
[0.948s] INFO:colcon.colcon_core.shell:Skip shell extension 'powershell' for command environment: Not usable outside of PowerShell
[0.948s] DEBUG:colcon.colcon_core.shell:Skip shell extension 'dsv' for command environment
[0.968s] DEBUG:colcon.colcon_core.event_handler.log_command:Invoking command in '/home/p/ros2_ws/src/ws_livox/build/livox_ros_driver2': CMAKE_PREFIX_PATH=${CMAKE_PREFIX_PATH}:/home/p/ros2_ws/install/my_python_package:/home/p/ros2_ws/install/sweep_builder:/home/p/ros2_ws/install/scan_to_pointcloud:/home/p/ros2_ws/install/mpu9250_py:/home/p/ros2_ws/install/mpu9250:/home/p/ros2_ws/install/mpu6050_py:/home/p/ros2_ws/install/lidar_imu_tf:/home/p/ros2_ws/install/lidar_imu_correction:/home/p/ros2_ws/install/lidar_icp_odometry:/opt/ros/jazzy DEBUGINFOD_URLS=https://debuginfod.ubuntu.com /usr/bin/cmake /home/p/ros2_ws/src/ws_livox/src/livox_ros_driver2 -DROS_EDITION=ROS2 -DROS_DISTRO=jazzy -DCMAKE_INSTALL_PREFIX=/home/p/ros2_ws/src/ws_livox/install/livox_ros_driver2
[20.861s] DEBUG:colcon.colcon_core.event_handler.log_command:Invoked command in '/home/p/ros2_ws/src/ws_livox/build/livox_ros_driver2' returned '1': CMAKE_PREFIX_PATH=${CMAKE_PREFIX_PATH}:/home/p/ros2_ws/install/my_python_package:/home/p/ros2_ws/install/sweep_builder:/home/p/ros2_ws/install/scan_to_pointcloud:/home/p/ros2_ws/install/mpu9250_py:/home/p/ros2_ws/install/mpu9250:/home/p/ros2_ws/install/mpu6050_py:/home/p/ros2_ws/install/lidar_imu_tf:/home/p/ros2_ws/install/lidar_imu_correction:/home/p/ros2_ws/install/lidar_icp_odometry:/opt/ros/jazzy DEBUGINFOD_URLS=https://debuginfod.ubuntu.com /usr/bin/cmake /home/p/ros2_ws/src/ws_livox/src/livox_ros_driver2 -DROS_EDITION=ROS2 -DROS_DISTRO=jazzy -DCMAKE_INSTALL_PREFIX=/home/p/ros2_ws/src/ws_livox/install/livox_ros_driver2
[20.890s] Level 1:colcon.colcon_core.environment:create_environment_scripts_only(livox_ros_driver2)
[20.895s] Level 1:colcon.colcon_core.environment:checking '/home/p/ros2_ws/src/ws_livox/install/livox_ros_driver2' for CMake module files
[20.895s] Level 1:colcon.colcon_core.environment:checking '/home/p/ros2_ws/src/ws_livox/install/livox_ros_driver2' for CMake config files
[20.896s] Level 1:colcon.colcon_core.environment:checking '/home/p/ros2_ws/src/ws_livox/install/livox_ros_driver2/bin'
[20.896s] Level 1:colcon.colcon_core.environment:checking '/home/p/ros2_ws/src/ws_livox/install/livox_ros_driver2/lib/pkgconfig/livox_ros_driver2.pc'
[20.896s] Level 1:colcon.colcon_core.environment:checking '/home/p/ros2_ws/src/ws_livox/install/livox_ros_driver2/lib/python3.12/site-packages'
[20.896s] Level 1:colcon.colcon_core.environment:checking '/home/p/ros2_ws/src/ws_livox/install/livox_ros_driver2/bin'
[20.897s] INFO:colcon.colcon_core.shell:Creating package script '/home/p/ros2_ws/src/ws_livox/install/livox_ros_driver2/share/livox_ros_driver2/package.ps1'
[20.898s] INFO:colcon.colcon_core.shell:Creating package descriptor '/home/p/ros2_ws/src/ws_livox/install/livox_ros_driver2/share/livox_ros_driver2/package.dsv'
[20.898s] INFO:colcon.colcon_core.shell:Creating package script '/home/p/ros2_ws/src/ws_livox/install/livox_ros_driver2/share/livox_ros_driver2/package.sh'
[20.899s] INFO:colcon.colcon_core.shell:Creating package script '/home/p/ros2_ws/src/ws_livox/install/livox_ros_driver2/share/livox_ros_driver2/package.bash'
[20.900s] INFO:colcon.colcon_core.shell:Creating package script '/home/p/ros2_ws/src/ws_livox/install/livox_ros_driver2/share/livox_ros_driver2/package.zsh'
[20.900s] Level 1:colcon.colcon_core.environment:create_file_with_runtime_dependencies(/home/p/ros2_ws/src/ws_livox/install/livox_ros_driver2/share/colcon-core/packages/livox_ros_driver2)
[20.911s] DEBUG:colcon.colcon_parallel_executor.executor.parallel:closing loop
[20.911s] DEBUG:colcon.colcon_parallel_executor.executor.parallel:loop closed
[20.912s] DEBUG:colcon.colcon_parallel_executor.executor.parallel:run_until_complete finished with '1'
[20.912s] DEBUG:colcon.colcon_core.event_reactor:joining thread
[20.924s] INFO:colcon.colcon_core.plugin_system:Skipping extension 'colcon_notification.desktop_notification.terminal_notifier': Not used on non-Darwin systems
[20.924s] INFO:colcon.colcon_core.plugin_system:Skipping extension 'colcon_notification.desktop_notification.win32': Not used on non-Windows systems
[20.924s] INFO:colcon.colcon_notification.desktop_notification:Sending desktop notification using 'notify2'
[20.968s] DEBUG:colcon.colcon_core.event_reactor:joined thread
[20.969s] INFO:colcon.colcon_core.shell:Creating prefix script '/home/p/ros2_ws/src/ws_livox/install/local_setup.ps1'
[20.970s] INFO:colcon.colcon_core.shell:Creating prefix util module '/home/p/ros2_ws/src/ws_livox/install/_local_setup_util_ps1.py'
[20.973s] INFO:colcon.colcon_core.shell:Creating prefix chain script '/home/p/ros2_ws/src/ws_livox/install/setup.ps1'
[20.981s] INFO:colcon.colcon_core.shell:Creating prefix script '/home/p/ros2_ws/src/ws_livox/install/local_setup.sh'
[20.984s] INFO:colcon.colcon_core.shell:Creating prefix util module '/home/p/ros2_ws/src/ws_livox/install/_local_setup_util_sh.py'
[20.987s] INFO:colcon.colcon_core.shell:Creating prefix chain script '/home/p/ros2_ws/src/ws_livox/install/setup.sh'
[20.996s] INFO:colcon.colcon_core.shell:Creating prefix script '/home/p/ros2_ws/src/ws_livox/install/local_setup.bash'
[20.997s] INFO:colcon.colcon_core.shell:Creating prefix chain script '/home/p/ros2_ws/src/ws_livox/install/setup.bash'
[21.001s] INFO:colcon.colcon_core.shell:Creating prefix script '/home/p/ros2_ws/src/ws_livox/install/local_setup.zsh'
[21.002s] INFO:colcon.colcon_core.shell:Creating prefix chain script '/home/p/ros2_ws/src/ws_livox/install/setup.zsh'
