[0.018s] Invoking command in '/home/p/ros2_ws/src/build/cpp_package': CMAKE_PREFIX_PATH=${CMAKE_PREFIX_PATH}:/home/p/ros2_ws/install/optical_cane_rpi:/home/p/ros2_ws/install/mpu9250:/opt/ros/jazzy DEBUGINFOD_URLS=https://debuginfod.ubuntu.com /usr/bin/cmake --build /home/p/ros2_ws/src/build/cpp_package -- -j4 -l4
[0.155s] [ 40%] Built target user_centric_roi_detector
[0.155s] [ 40%] Built target point_cloud_sweeper_cpp_node
[0.163s] [ 60%] Built target stable_ground_fitter_node
[0.174s] [ 80%] Built target path_planner_node
[0.237s] [100%] Built target path_planner_3d_node
[0.260s] Invoked command in '/home/p/ros2_ws/src/build/cpp_package' returned '0': CMAKE_PREFIX_PATH=${CMAKE_PREFIX_PATH}:/home/p/ros2_ws/install/optical_cane_rpi:/home/p/ros2_ws/install/mpu9250:/opt/ros/jazzy DEBUGINFOD_URLS=https://debuginfod.ubuntu.com /usr/bin/cmake --build /home/p/ros2_ws/src/build/cpp_package -- -j4 -l4
[0.280s] Invoking command in '/home/p/ros2_ws/src/build/cpp_package': CMAKE_PREFIX_PATH=${CMAKE_PREFIX_PATH}:/home/p/ros2_ws/install/optical_cane_rpi:/home/p/ros2_ws/install/mpu9250:/opt/ros/jazzy DEBUGINFOD_URLS=https://debuginfod.ubuntu.com /usr/bin/cmake --install /home/p/ros2_ws/src/build/cpp_package
[0.296s] -- Install configuration: ""
[0.296s] -- Up-to-date: /home/p/ros2_ws/src/install/cpp_package/lib/cpp_package/point_cloud_sweeper_cpp_node
[0.297s] -- Up-to-date: /home/p/ros2_ws/src/install/cpp_package/lib/cpp_package/stable_ground_fitter_node
[0.297s] -- Up-to-date: /home/p/ros2_ws/src/install/cpp_package/lib/cpp_package/user_centric_roi_detector
[0.298s] -- Up-to-date: /home/p/ros2_ws/src/install/cpp_package/lib/cpp_package/path_planner_node
[0.298s] -- Up-to-date: /home/p/ros2_ws/src/install/cpp_package/lib/cpp_package/path_planner_3d_node
[0.299s] -- Up-to-date: /home/p/ros2_ws/src/install/cpp_package/share/cpp_package/launch
[0.299s] -- Up-to-date: /home/p/ros2_ws/src/install/cpp_package/share/cpp_package/launch/icp_odom.launch.py
[0.299s] -- Up-to-date: /home/p/ros2_ws/src/install/cpp_package/share/cpp_package/launch/assistive_nav.launch.py
[0.300s] -- Up-to-date: /home/p/ros2_ws/src/install/cpp_package/share/cpp_package/launch/front_cloud_filter.launch.py
[0.300s] -- Installing: /home/p/ros2_ws/src/install/cpp_package/share/cpp_package/launch/comparative_test.launch.py
[0.300s] -- Up-to-date: /home/p/ros2_ws/src/install/cpp_package/share/ament_index/resource_index/package_run_dependencies/cpp_package
[0.300s] -- Up-to-date: /home/p/ros2_ws/src/install/cpp_package/share/ament_index/resource_index/parent_prefix_path/cpp_package
[0.300s] -- Up-to-date: /home/p/ros2_ws/src/install/cpp_package/share/cpp_package/environment/ament_prefix_path.sh
[0.300s] -- Up-to-date: /home/p/ros2_ws/src/install/cpp_package/share/cpp_package/environment/ament_prefix_path.dsv
[0.300s] -- Up-to-date: /home/p/ros2_ws/src/install/cpp_package/share/cpp_package/environment/path.sh
[0.300s] -- Up-to-date: /home/p/ros2_ws/src/install/cpp_package/share/cpp_package/environment/path.dsv
[0.301s] -- Up-to-date: /home/p/ros2_ws/src/install/cpp_package/share/cpp_package/local_setup.bash
[0.301s] -- Up-to-date: /home/p/ros2_ws/src/install/cpp_package/share/cpp_package/local_setup.sh
[0.301s] -- Up-to-date: /home/p/ros2_ws/src/install/cpp_package/share/cpp_package/local_setup.zsh
[0.301s] -- Up-to-date: /home/p/ros2_ws/src/install/cpp_package/share/cpp_package/local_setup.dsv
[0.301s] -- Installing: /home/p/ros2_ws/src/install/cpp_package/share/cpp_package/package.dsv
[0.301s] -- Up-to-date: /home/p/ros2_ws/src/install/cpp_package/share/ament_index/resource_index/packages/cpp_package
[0.301s] -- Up-to-date: /home/p/ros2_ws/src/install/cpp_package/share/cpp_package/cmake/cpp_packageConfig.cmake
[0.301s] -- Up-to-date: /home/p/ros2_ws/src/install/cpp_package/share/cpp_package/cmake/cpp_packageConfig-version.cmake
[0.301s] -- Up-to-date: /home/p/ros2_ws/src/install/cpp_package/share/cpp_package/package.xml
[0.303s] Invoked command in '/home/p/ros2_ws/src/build/cpp_package' returned '0': CMAKE_PREFIX_PATH=${CMAKE_PREFIX_PATH}:/home/p/ros2_ws/install/optical_cane_rpi:/home/p/ros2_ws/install/mpu9250:/opt/ros/jazzy DEBUGINFOD_URLS=https://debuginfod.ubuntu.com /usr/bin/cmake --install /home/p/ros2_ws/src/build/cpp_package
