[0.029s] Invoking command in '/home/p/ros2_ws/src/ws_livox/build/livox_ros_driver2': CMAKE_PREFIX_PATH=${CMAKE_PREFIX_PATH}:/home/p/ros2_ws/install/my_python_package:/home/p/ros2_ws/install/sweep_builder:/home/p/ros2_ws/install/scan_to_pointcloud:/home/p/ros2_ws/install/mpu9250_py:/home/p/ros2_ws/install/mpu9250:/home/p/ros2_ws/install/mpu6050_py:/home/p/ros2_ws/install/lidar_imu_tf:/home/p/ros2_ws/install/lidar_imu_correction:/home/p/ros2_ws/install/lidar_icp_odometry:/opt/ros/jazzy DEBUGINFOD_URLS=https://debuginfod.ubuntu.com /usr/bin/cmake /home/p/ros2_ws/src/ws_livox/src/livox_ros_driver2 -DROS_EDITION=ROS2 -DROS_DISTRO=jazzy -DCMAKE_INSTALL_PREFIX=/home/p/ros2_ws/src/ws_livox/install/livox_ros_driver2
[0.636s] -- The C compiler identification is GNU 13.3.0
[1.027s] -- The CXX compiler identification is GNU 13.3.0
[1.070s] -- Detecting C compiler ABI info
[1.298s] -- Detecting C compiler ABI info - done
[1.315s] -- Check for working C compiler: /usr/bin/cc - skipped
[1.316s] -- Detecting C compile features
[1.317s] -- Detecting C compile features - done
[1.337s] -- Detecting CXX compiler ABI info
[1.570s] -- Detecting CXX compiler ABI info - done
[1.586s] -- Check for working CXX compiler: /usr/bin/c++ - skipped
[1.587s] -- Detecting CXX compile features
[1.587s] -- Detecting CXX compile features - done
[1.589s] -- livox_ros_driver2 version: 1.2.4
[1.612s] -- Found ament_cmake_auto: 2.5.4 (/opt/ros/jazzy/share/ament_cmake_auto/cmake)
[1.960s] -- Found Python3: /home/p/.pyenv/versions/3.10.14/bin/python3 (found version "3.10.14") found components: Interpreter 
[2.711s] -- Using all available rosidl_typesupport_c: rosidl_typesupport_fastrtps_c;rosidl_typesupport_introspection_c
[2.913s] -- Using all available rosidl_typesupport_cpp: rosidl_typesupport_fastrtps_cpp;rosidl_typesupport_introspection_cpp
[3.072s] -- Found rosidl_adapter: 4.6.5 (/opt/ros/jazzy/share/rosidl_adapter/cmake)
[3.336s] -- Found rmw_implementation_cmake: 7.3.2 (/opt/ros/jazzy/share/rmw_implementation_cmake/cmake)
[3.353s] -- Found rmw_fastrtps_cpp: 8.4.2 (/opt/ros/jazzy/share/rmw_fastrtps_cpp/cmake)
[3.611s] -- Found OpenSSL: /usr/lib/aarch64-linux-gnu/libcrypto.so (found version "3.0.13")  
[3.650s] -- Found FastRTPS: /opt/ros/jazzy/include (Required is at least version "2.13") 
[3.691s] -- Using RMW implementation 'rmw_fastrtps_cpp' as default
[4.711s] [33mCMake Warning (dev) at /usr/lib/aarch64-linux-gnu/cmake/pcl/Modules/FindFLANN.cmake:45 (find_package):
[4.711s]   Policy CMP0144 is not set: find_package uses upper-case <PACKAGENAME>_ROOT
[4.711s]   variables.  Run "cmake --help-policy CMP0144" for policy details.  Use the
[4.711s]   cmake_policy command to set the policy and suppress this warning.
[4.711s] 
[4.711s]   CMake variable FLANN_ROOT is set to:
[4.711s] 
[4.711s]     /usr
[4.712s] 
[4.712s]   For compatibility, find_package is ignoring the variable, but code in a
[4.712s]   .cmake module might still use it.
[4.712s] Call Stack (most recent call first):
[4.712s]   /usr/lib/aarch64-linux-gnu/cmake/pcl/PCLConfig.cmake:261 (find_package)
[4.712s]   /usr/lib/aarch64-linux-gnu/cmake/pcl/PCLConfig.cmake:306 (find_flann)
[4.712s]   /usr/lib/aarch64-linux-gnu/cmake/pcl/PCLConfig.cmake:570 (find_external_library)
[4.712s]   /opt/ros/jazzy/share/pcl_conversions/cmake/ament_cmake_export_dependencies-extras.cmake:21 (find_package)
[4.712s]   /opt/ros/jazzy/share/pcl_conversions/cmake/pcl_conversionsConfig.cmake:41 (include)
[4.712s]   /opt/ros/jazzy/share/ament_cmake_auto/cmake/ament_auto_find_build_dependencies.cmake:67 (find_package)
[4.712s]   CMakeLists.txt:225 (ament_auto_find_build_dependencies)
[4.712s] This warning is for project developers.  Use -Wno-dev to suppress it.
[4.713s] [0m
[4.714s] -- Found flann version 1.9.2
[5.445s] -- Found OpenMP_CXX: -fopenmp (found version "4.5") 
[5.446s] -- Found OpenMP: TRUE (found version "4.5") found components: CXX 
[9.552s] -- Checking for module 'libusb-1.0'
[9.589s] --   Found libusb-1.0, version 1.0.27
[9.669s] -- Found libusb: /usr/lib/aarch64-linux-gnu/libusb-1.0.so  
[9.671s] -- OpenNI found (version: 1.5.4.0, include: /usr/include/ni, lib: /usr/lib/libOpenNI.so;libusb::libusb)
[9.848s] -- OpenNI2 found (version: 2.2.0.33, include: /usr/include/openni2, lib: /usr/lib/aarch64-linux-gnu/libOpenNI2.so;libusb::libusb)
[9.855s] -- Could NOT find Pcap (missing: PCAP_LIBRARIES PCAP_INCLUDE_DIRS) 
[9.878s] -- Found ZLIB: /usr/lib/aarch64-linux-gnu/libz.so (found version "1.3")  
[9.906s] -- Found PNG: /usr/lib/aarch64-linux-gnu/libpng.so (found version "1.6.43") 
[10.681s] -- OpenNI found (version: 1.5.4.0, include: /usr/include/ni, lib: /usr/lib/libOpenNI.so;libusb::libusb)
[10.693s] -- OpenNI2 found (version: 2.2.0.33, include: /usr/include/openni2, lib: /usr/lib/aarch64-linux-gnu/libOpenNI2.so;libusb::libusb)
[11.481s] -- Found Qhull version 8.0.2
[12.276s] -- OpenNI found (version: 1.5.4.0, include: /usr/include/ni, lib: /usr/lib/libOpenNI.so;libusb::libusb)
[13.043s] -- Found PCL_COMMON: /usr/lib/aarch64-linux-gnu/libpcl_common.so  
[13.045s] -- Found PCL_KDTREE: /usr/lib/aarch64-linux-gnu/libpcl_kdtree.so  
[13.046s] -- Found PCL_OCTREE: /usr/lib/aarch64-linux-gnu/libpcl_octree.so  
[13.048s] -- Found PCL_SEARCH: /usr/lib/aarch64-linux-gnu/libpcl_search.so  
[13.050s] -- Found PCL_SAMPLE_CONSENSUS: /usr/lib/aarch64-linux-gnu/libpcl_sample_consensus.so  
[13.051s] -- Found PCL_FILTERS: /usr/lib/aarch64-linux-gnu/libpcl_filters.so  
[13.052s] -- Found PCL_2D: /usr/include/pcl-1.14  
[13.053s] -- Found PCL_GEOMETRY: /usr/include/pcl-1.14  
[13.056s] -- Found PCL_IO: /usr/lib/aarch64-linux-gnu/libpcl_io.so  
[13.058s] -- Found PCL_FEATURES: /usr/lib/aarch64-linux-gnu/libpcl_features.so  
[13.060s] -- Found PCL_ML: /usr/lib/aarch64-linux-gnu/libpcl_ml.so  
[13.062s] -- Found PCL_SEGMENTATION: /usr/lib/aarch64-linux-gnu/libpcl_segmentation.so  
[13.064s] -- Found PCL_VISUALIZATION: /usr/lib/aarch64-linux-gnu/libpcl_visualization.so  
[13.066s] -- Found PCL_SURFACE: /usr/lib/aarch64-linux-gnu/libpcl_surface.so  
[13.068s] -- Found PCL_REGISTRATION: /usr/lib/aarch64-linux-gnu/libpcl_registration.so  
[13.070s] -- Found PCL_KEYPOINTS: /usr/lib/aarch64-linux-gnu/libpcl_keypoints.so  
[13.072s] -- Found PCL_TRACKING: /usr/lib/aarch64-linux-gnu/libpcl_tracking.so  
[13.074s] -- Found PCL_RECOGNITION: /usr/lib/aarch64-linux-gnu/libpcl_recognition.so  
[13.076s] -- Found PCL_STEREO: /usr/lib/aarch64-linux-gnu/libpcl_stereo.so  
[13.078s] -- Found PCL_APPS: /usr/lib/aarch64-linux-gnu/libpcl_apps.so  
[13.079s] -- Found PCL_IN_HAND_SCANNER: /usr/include/pcl-1.14  
[13.080s] -- Found PCL_MODELER: /usr/include/pcl-1.14  
[13.081s] -- Found PCL_POINT_CLOUD_EDITOR: /usr/include/pcl-1.14  
[13.082s] -- Found PCL_OUTOFCORE: /usr/lib/aarch64-linux-gnu/libpcl_outofcore.so  
[13.084s] -- Found PCL_PEOPLE: /usr/lib/aarch64-linux-gnu/libpcl_people.so  
[13.168s] -- Found PkgConfig: /usr/bin/pkg-config (found version "1.8.1") 
[13.170s] -- Checking for module 'apr-1'
[13.521s] --   Package 'apr-1', required by 'virtual:world', not found
[15.354s] -- Found ament_cmake_ros: 0.12.0 (/opt/ros/jazzy/share/ament_cmake_ros/cmake)
[16.589s] -- Using all available rosidl_typesupport_c: rosidl_typesupport_fastrtps_c;rosidl_typesupport_introspection_c
[18.106s] -- Using all available rosidl_typesupport_cpp: rosidl_typesupport_fastrtps_cpp;rosidl_typesupport_introspection_cpp
[18.122s] -- Found python_cmake_module: 0.11.1 (/opt/ros/jazzy/share/python_cmake_module/cmake)
[18.359s] -- Found PythonExtra: /home/p/.pyenv/versions/3.10.14/bin/python3  
[19.776s] -- Found Python3: /home/p/.pyenv/versions/3.10.14/bin/python3 (found version "3.10.14") found components: Interpreter Development NumPy Development.Module Development.Embed 
[19.866s] [31mCMake Error at CMakeLists.txt:249 (find_library):
[19.867s]   Could not find LIVOX_LIDAR_SDK_LIBRARY using the following names:
[19.867s]   liblivox_lidar_sdk_shared.so, /usr/local/lib
[19.867s] 
[19.867s] [0m
[19.867s] -- Configuring incomplete, errors occurred!
[19.922s] Invoked command in '/home/p/ros2_ws/src/ws_livox/build/livox_ros_driver2' returned '1': CMAKE_PREFIX_PATH=${CMAKE_PREFIX_PATH}:/home/p/ros2_ws/install/my_python_package:/home/p/ros2_ws/install/sweep_builder:/home/p/ros2_ws/install/scan_to_pointcloud:/home/p/ros2_ws/install/mpu9250_py:/home/p/ros2_ws/install/mpu9250:/home/p/ros2_ws/install/mpu6050_py:/home/p/ros2_ws/install/lidar_imu_tf:/home/p/ros2_ws/install/lidar_imu_correction:/home/p/ros2_ws/install/lidar_icp_odometry:/opt/ros/jazzy DEBUGINFOD_URLS=https://debuginfod.ubuntu.com /usr/bin/cmake /home/p/ros2_ws/src/ws_livox/src/livox_ros_driver2 -DROS_EDITION=ROS2 -DROS_DISTRO=jazzy -DCMAKE_INSTALL_PREFIX=/home/p/ros2_ws/src/ws_livox/install/livox_ros_driver2
