[1.979s] Invoking command in '/home/p/ros2_ws/build/sweep_builder': DEBUGINFOD_URLS=https://debuginfod.ubuntu.com PYTHONPATH=/home/p/ros2_ws/build/sweep_builder/prefix_override:/usr/lib/python3/dist-packages/colcon_core/task/python/colcon_distutils_commands:/home/p/ros2_ws/install/sweep_builder/lib/python3.12/site-packages:${PYTHONPATH} /usr/bin/python3 -W ignore:setup.py install is deprecated -W ignore:easy_install command is deprecated setup.py develop --editable --build-directory /home/p/ros2_ws/build/sweep_builder/build --no-deps symlink_data
[2.560s] running develop
[2.919s] running egg_info
[2.955s] writing sweep_builder.egg-info/PKG-INFO
[2.955s] writing dependency_links to sweep_builder.egg-info/dependency_links.txt
[2.957s] writing entry points to sweep_builder.egg-info/entry_points.txt
[2.957s] writing requirements to sweep_builder.egg-info/requires.txt
[2.958s] writing top-level names to sweep_builder.egg-info/top_level.txt
[3.033s] reading manifest file 'sweep_builder.egg-info/SOURCES.txt'
[3.034s] writing manifest file 'sweep_builder.egg-info/SOURCES.txt'
[3.072s] running build_ext
[3.072s] Creating /home/p/ros2_ws/install/sweep_builder/lib/python3.12/site-packages/sweep-builder.egg-link (link to .)
[3.073s] Installing ground_aligned_scan_node script to /home/p/ros2_ws/install/sweep_builder/lib/sweep_builder
[3.074s] Installing icp_3d_odom script to /home/p/ros2_ws/install/sweep_builder/lib/sweep_builder
[3.074s] Installing leveled_scan_node script to /home/p/ros2_ws/install/sweep_builder/lib/sweep_builder
[3.074s] Installing lidar_imu_filtered_to_pointcloud script to /home/p/ros2_ws/install/sweep_builder/lib/sweep_builder
[3.074s] Installing lidar_imu_to_pointcloud script to /home/p/ros2_ws/install/sweep_builder/lib/sweep_builder
[3.074s] Installing obstacle_filter_node script to /home/p/ros2_ws/install/sweep_builder/lib/sweep_builder
[3.074s] Installing scan_to_obstacle_pc_flat script to /home/p/ros2_ws/install/sweep_builder/lib/sweep_builder
[3.075s] Installing sweep_builder_node script to /home/p/ros2_ws/install/sweep_builder/lib/sweep_builder
[3.075s] Installing sweep_builder_node_raw script to /home/p/ros2_ws/install/sweep_builder/lib/sweep_builder
[3.075s] Installing sweep_pc_to_flat_node script to /home/p/ros2_ws/install/sweep_builder/lib/sweep_builder
[3.075s] 
[3.075s] Installed /home/p/ros2_ws/build/sweep_builder
[3.076s] running symlink_data
[3.169s] Invoked command in '/home/p/ros2_ws/build/sweep_builder' returned '0': DEBUGINFOD_URLS=https://debuginfod.ubuntu.com PYTHONPATH=/home/p/ros2_ws/build/sweep_builder/prefix_override:/usr/lib/python3/dist-packages/colcon_core/task/python/colcon_distutils_commands:/home/p/ros2_ws/install/sweep_builder/lib/python3.12/site-packages:${PYTHONPATH} /usr/bin/python3 -W ignore:setup.py install is deprecated -W ignore:easy_install command is deprecated setup.py develop --editable --build-directory /home/p/ros2_ws/build/sweep_builder/build --no-deps symlink_data
