[0.015s] Invoking command in '/home/p/ros2_ws/src/build/cpp_package': CMAKE_PREFIX_PATH=${CMAKE_PREFIX_PATH}:/home/p/ros2_ws/install/optical_cane_rpi:/home/p/ros2_ws/install/mpu9250:/opt/ros/jazzy DEBUGINFOD_URLS=https://debuginfod.ubuntu.com /usr/bin/cmake /home/p/ros2_ws/src/cpp_package -DCMAKE_INSTALL_PREFIX=/home/p/ros2_ws/src/install/cpp_package
[0.404s] -- The C compiler identification is GNU 13.3.0
[0.522s] -- The CXX compiler identification is GNU 13.3.0
[0.562s] -- Detecting C compiler ABI info
[0.771s] -- Detecting C compiler ABI info - done
[0.787s] -- Check for working C compiler: /usr/bin/cc - skipped
[0.788s] -- Detecting C compile features
[0.788s] -- Detecting C compile features - done
[0.806s] -- Detecting CXX compiler ABI info
[1.008s] -- Detecting CXX compiler ABI info - done
[1.024s] -- Check for working CXX compiler: /usr/bin/c++ - skipped
[1.024s] -- Detecting CXX compile features
[1.025s] -- Detecting CXX compile features - done
[1.042s] -- Found ament_cmake: 2.5.4 (/opt/ros/jazzy/share/ament_cmake/cmake)
[1.513s] -- Found Python3: /usr/bin/python3 (found version "3.12.3") found components: Interpreter 
[2.640s] -- Found rclcpp: 28.1.10 (/opt/ros/jazzy/share/rclcpp/cmake)
[3.586s] -- Found rosidl_generator_c: 4.6.5 (/opt/ros/jazzy/share/rosidl_generator_c/cmake)
[3.923s] -- Found rosidl_generator_cpp: 4.6.5 (/opt/ros/jazzy/share/rosidl_generator_cpp/cmake)
[4.329s] -- Using all available rosidl_typesupport_c: rosidl_typesupport_fastrtps_c;rosidl_typesupport_introspection_c
[4.879s] -- Using all available rosidl_typesupport_cpp: rosidl_typesupport_fastrtps_cpp;rosidl_typesupport_introspection_cpp
[6.248s] -- Found rmw_implementation_cmake: 7.3.2 (/opt/ros/jazzy/share/rmw_implementation_cmake/cmake)
[6.340s] -- Found rmw_fastrtps_cpp: 8.4.2 (/opt/ros/jazzy/share/rmw_fastrtps_cpp/cmake)
[7.244s] -- Found OpenSSL: /usr/lib/aarch64-linux-gnu/libcrypto.so (found version "3.0.13")  
[7.315s] -- Found FastRTPS: /opt/ros/jazzy/include (Required is at least version "2.13") 
[7.368s] -- Using RMW implementation 'rmw_fastrtps_cpp' as default
[8.326s] -- Found sensor_msgs: 5.3.6 (/opt/ros/jazzy/share/sensor_msgs/cmake)
[9.058s] -- Found visualization_msgs: 5.3.6 (/opt/ros/jazzy/share/visualization_msgs/cmake)
[9.213s] -- Found pcl_msgs: 1.0.0 (/opt/ros/jazzy/share/pcl_msgs/cmake)
[9.261s] -- Found tf2_ros: 0.36.12 (/opt/ros/jazzy/share/tf2_ros/cmake)
[9.555s] -- Found pcl_ros: 2.6.2 (/opt/ros/jazzy/share/pcl_ros/cmake)
[9.695s] CMake Warning (dev) at /usr/lib/aarch64-linux-gnu/cmake/pcl/Modules/FindFLANN.cmake:45 (find_package):
[9.695s]   Policy CMP0144 is not set: find_package uses upper-case <PACKAGENAME>_ROOT
[9.695s]   variables.  Run "cmake --help-policy CMP0144" for policy details.  Use the
[9.695s]   cmake_policy command to set the policy and suppress this warning.
[9.695s] 
[9.695s]   CMake variable FLANN_ROOT is set to:
[9.696s] 
[9.696s]     /usr
[9.696s] 
[9.696s]   For compatibility, find_package is ignoring the variable, but code in a
[9.696s]   .cmake module might still use it.
[9.696s] Call Stack (most recent call first):
[9.696s]   /usr/lib/aarch64-linux-gnu/cmake/pcl/PCLConfig.cmake:261 (find_package)
[9.696s]   /usr/lib/aarch64-linux-gnu/cmake/pcl/PCLConfig.cmake:306 (find_flann)
[9.696s]   /usr/lib/aarch64-linux-gnu/cmake/pcl/PCLConfig.cmake:570 (find_external_library)
[9.696s]   /opt/ros/jazzy/share/pcl_conversions/cmake/ament_cmake_export_dependencies-extras.cmake:21 (find_package)
[9.696s]   /opt/ros/jazzy/share/pcl_conversions/cmake/pcl_conversionsConfig.cmake:41 (include)
[9.696s]   /opt/ros/jazzy/share/pcl_ros/cmake/ament_cmake_export_dependencies-extras.cmake:21 (find_package)
[9.697s]   /opt/ros/jazzy/share/pcl_ros/cmake/pcl_rosConfig.cmake:41 (include)
[9.697s]   CMakeLists.txt:21 (find_package)
[9.697s] This warning is for project developers.  Use -Wno-dev to suppress it.
[9.697s] 
[9.699s] -- Found flann version 1.9.2
[10.323s] -- Found OpenMP_CXX: -fopenmp (found version "4.5") 
[10.323s] -- Found OpenMP: TRUE (found version "4.5") found components: CXX 
[13.228s] -- Checking for module 'libusb-1.0'
[13.262s] --   Found libusb-1.0, version 1.0.27
[13.339s] -- Found libusb: /usr/lib/aarch64-linux-gnu/libusb-1.0.so  
[13.341s] -- OpenNI found (version: 1.5.4.0, include: /usr/include/ni, lib: /usr/lib/libOpenNI.so;libusb::libusb)
[13.467s] -- OpenNI2 found (version: 2.2.0.33, include: /usr/include/openni2, lib: /usr/lib/aarch64-linux-gnu/libOpenNI2.so;libusb::libusb)
[13.473s] -- Could NOT find Pcap (missing: PCAP_LIBRARIES PCAP_INCLUDE_DIRS) 
[13.496s] -- Found ZLIB: /usr/lib/aarch64-linux-gnu/libz.so (found version "1.3")  
[13.525s] -- Found PNG: /usr/lib/aarch64-linux-gnu/libpng.so (found version "1.6.43") 
[14.222s] -- OpenNI found (version: 1.5.4.0, include: /usr/include/ni, lib: /usr/lib/libOpenNI.so;libusb::libusb)
[14.234s] -- OpenNI2 found (version: 2.2.0.33, include: /usr/include/openni2, lib: /usr/lib/aarch64-linux-gnu/libOpenNI2.so;libusb::libusb)
[14.929s] -- Found Qhull version 8.0.2
[15.648s] -- OpenNI found (version: 1.5.4.0, include: /usr/include/ni, lib: /usr/lib/libOpenNI.so;libusb::libusb)
[16.335s] -- Found PCL_COMMON: /usr/lib/aarch64-linux-gnu/libpcl_common.so  
[16.337s] -- Found PCL_KDTREE: /usr/lib/aarch64-linux-gnu/libpcl_kdtree.so  
[16.338s] -- Found PCL_OCTREE: /usr/lib/aarch64-linux-gnu/libpcl_octree.so  
[16.340s] -- Found PCL_SEARCH: /usr/lib/aarch64-linux-gnu/libpcl_search.so  
[16.341s] -- Found PCL_SAMPLE_CONSENSUS: /usr/lib/aarch64-linux-gnu/libpcl_sample_consensus.so  
[16.343s] -- Found PCL_FILTERS: /usr/lib/aarch64-linux-gnu/libpcl_filters.so  
[16.343s] -- Found PCL_2D: /usr/include/pcl-1.14  
[16.344s] -- Found PCL_GEOMETRY: /usr/include/pcl-1.14  
[16.345s] -- Found PCL_IO: /usr/lib/aarch64-linux-gnu/libpcl_io.so  
[16.347s] -- Found PCL_FEATURES: /usr/lib/aarch64-linux-gnu/libpcl_features.so  
[16.349s] -- Found PCL_ML: /usr/lib/aarch64-linux-gnu/libpcl_ml.so  
[16.350s] -- Found PCL_SEGMENTATION: /usr/lib/aarch64-linux-gnu/libpcl_segmentation.so  
[16.352s] -- Found PCL_VISUALIZATION: /usr/lib/aarch64-linux-gnu/libpcl_visualization.so  
[16.353s] -- Found PCL_SURFACE: /usr/lib/aarch64-linux-gnu/libpcl_surface.so  
[16.355s] -- Found PCL_REGISTRATION: /usr/lib/aarch64-linux-gnu/libpcl_registration.so  
[16.356s] -- Found PCL_KEYPOINTS: /usr/lib/aarch64-linux-gnu/libpcl_keypoints.so  
[16.358s] -- Found PCL_TRACKING: /usr/lib/aarch64-linux-gnu/libpcl_tracking.so  
[16.360s] -- Found PCL_RECOGNITION: /usr/lib/aarch64-linux-gnu/libpcl_recognition.so  
[16.361s] -- Found PCL_STEREO: /usr/lib/aarch64-linux-gnu/libpcl_stereo.so  
[16.363s] -- Found PCL_APPS: /usr/lib/aarch64-linux-gnu/libpcl_apps.so  
[16.364s] -- Found PCL_IN_HAND_SCANNER: /usr/include/pcl-1.14  
[16.365s] -- Found PCL_MODELER: /usr/include/pcl-1.14  
[16.365s] -- Found PCL_POINT_CLOUD_EDITOR: /usr/include/pcl-1.14  
[16.367s] -- Found PCL_OUTOFCORE: /usr/lib/aarch64-linux-gnu/libpcl_outofcore.so  
[16.369s] -- Found PCL_PEOPLE: /usr/lib/aarch64-linux-gnu/libpcl_people.so  
[16.436s] -- Found eigen3_cmake_module: 0.3.0 (/opt/ros/jazzy/share/eigen3_cmake_module/cmake)
[16.439s] -- Found Eigen3: TRUE (found version "3.4.0") 
[16.439s] -- Ensuring Eigen3 include directory is part of orocos-kdl CMake target
[16.445s] CMake Warning (dev) at CMakeLists.txt:23 (find_package):
[16.445s]   Policy CMP0074 is not set: find_package uses <PackageName>_ROOT variables.
[16.445s]   Run "cmake --help-policy CMP0074" for policy details.  Use the cmake_policy
[16.445s]   command to set the policy and suppress this warning.
[16.445s] 
[16.445s]   CMake variable PCL_ROOT is set to:
[16.445s] 
[16.445s]     /usr
[16.445s] 
[16.445s]   For compatibility, CMake is ignoring the variable.
[16.445s] This warning is for project developers.  Use -Wno-dev to suppress it.
[16.446s] 
[16.668s] -- Configuring done (16.6s)
[16.821s] -- Generating done (0.1s)
[16.839s] -- Build files have been written to: /home/p/ros2_ws/src/build/cpp_package
[16.887s] Invoked command in '/home/p/ros2_ws/src/build/cpp_package' returned '0': CMAKE_PREFIX_PATH=${CMAKE_PREFIX_PATH}:/home/p/ros2_ws/install/optical_cane_rpi:/home/p/ros2_ws/install/mpu9250:/opt/ros/jazzy DEBUGINFOD_URLS=https://debuginfod.ubuntu.com /usr/bin/cmake /home/p/ros2_ws/src/cpp_package -DCMAKE_INSTALL_PREFIX=/home/p/ros2_ws/src/install/cpp_package
[16.889s] Invoking command in '/home/p/ros2_ws/src/build/cpp_package': CMAKE_PREFIX_PATH=${CMAKE_PREFIX_PATH}:/home/p/ros2_ws/install/optical_cane_rpi:/home/p/ros2_ws/install/mpu9250:/opt/ros/jazzy DEBUGINFOD_URLS=https://debuginfod.ubuntu.com /usr/bin/cmake --build /home/p/ros2_ws/src/build/cpp_package -- -j4 -l4
[17.009s] [ 16%] Building CXX object CMakeFiles/point_cloud_sweeper_cpp_node.dir/src/point_cloud_sweeper_cpp_node.cpp.o
[17.013s] [ 33%] Building CXX object CMakeFiles/stable_ground_fitter_node.dir/src/stable_ground_fitter_node.cpp.o
[17.021s] [ 50%] Building CXX object CMakeFiles/user_centric_roi_detector.dir/src/user_centric_roi_detector.cpp.o
[38.863s] [ 66%] Linking CXX executable point_cloud_sweeper_cpp_node
[41.080s] [ 66%] Built target point_cloud_sweeper_cpp_node
[44.373s] [ 83%] Linking CXX executable stable_ground_fitter_node
[44.437s] [100%] Linking CXX executable user_centric_roi_detector
[48.119s] [100%] Built target user_centric_roi_detector
[49.682s] [100%] Built target stable_ground_fitter_node
[49.707s] Invoked command in '/home/p/ros2_ws/src/build/cpp_package' returned '0': CMAKE_PREFIX_PATH=${CMAKE_PREFIX_PATH}:/home/p/ros2_ws/install/optical_cane_rpi:/home/p/ros2_ws/install/mpu9250:/opt/ros/jazzy DEBUGINFOD_URLS=https://debuginfod.ubuntu.com /usr/bin/cmake --build /home/p/ros2_ws/src/build/cpp_package -- -j4 -l4
[49.728s] Invoking command in '/home/p/ros2_ws/src/build/cpp_package': CMAKE_PREFIX_PATH=${CMAKE_PREFIX_PATH}:/home/p/ros2_ws/install/optical_cane_rpi:/home/p/ros2_ws/install/mpu9250:/opt/ros/jazzy DEBUGINFOD_URLS=https://debuginfod.ubuntu.com /usr/bin/cmake --install /home/p/ros2_ws/src/build/cpp_package
[49.747s] -- Install configuration: ""
[49.748s] -- Installing: /home/p/ros2_ws/src/install/cpp_package/lib/cpp_package/point_cloud_sweeper_cpp_node
[49.757s] -- Set non-toolchain portion of runtime path of "/home/p/ros2_ws/src/install/cpp_package/lib/cpp_package/point_cloud_sweeper_cpp_node" to ""
[49.757s] -- Installing: /home/p/ros2_ws/src/install/cpp_package/lib/cpp_package/stable_ground_fitter_node
[49.771s] -- Set non-toolchain portion of runtime path of "/home/p/ros2_ws/src/install/cpp_package/lib/cpp_package/stable_ground_fitter_node" to ""
[49.771s] -- Installing: /home/p/ros2_ws/src/install/cpp_package/lib/cpp_package/user_centric_roi_detector
[49.786s] -- Set non-toolchain portion of runtime path of "/home/p/ros2_ws/src/install/cpp_package/lib/cpp_package/user_centric_roi_detector" to ""
[49.786s] -- Installing: /home/p/ros2_ws/src/install/cpp_package/share/cpp_package/launch
[49.786s] -- Installing: /home/p/ros2_ws/src/install/cpp_package/share/cpp_package/launch/icp_odom.launch.py
[49.787s] -- Installing: /home/p/ros2_ws/src/install/cpp_package/share/cpp_package/launch/assistive_nav.launch.py
[49.787s] -- Installing: /home/p/ros2_ws/src/install/cpp_package/share/cpp_package/launch/front_cloud_filter.launch.py
[49.788s] -- Installing: /home/p/ros2_ws/src/install/cpp_package/share/ament_index/resource_index/package_run_dependencies/cpp_package
[49.788s] -- Installing: /home/p/ros2_ws/src/install/cpp_package/share/ament_index/resource_index/parent_prefix_path/cpp_package
[49.788s] -- Installing: /home/p/ros2_ws/src/install/cpp_package/share/cpp_package/environment/ament_prefix_path.sh
[49.789s] -- Installing: /home/p/ros2_ws/src/install/cpp_package/share/cpp_package/environment/ament_prefix_path.dsv
[49.789s] -- Installing: /home/p/ros2_ws/src/install/cpp_package/share/cpp_package/environment/path.sh
[49.789s] -- Installing: /home/p/ros2_ws/src/install/cpp_package/share/cpp_package/environment/path.dsv
[49.789s] -- Installing: /home/p/ros2_ws/src/install/cpp_package/share/cpp_package/local_setup.bash
[49.789s] -- Installing: /home/p/ros2_ws/src/install/cpp_package/share/cpp_package/local_setup.sh
[49.789s] -- Installing: /home/p/ros2_ws/src/install/cpp_package/share/cpp_package/local_setup.zsh
[49.790s] -- Installing: /home/p/ros2_ws/src/install/cpp_package/share/cpp_package/local_setup.dsv
[49.790s] -- Installing: /home/p/ros2_ws/src/install/cpp_package/share/cpp_package/package.dsv
[49.790s] -- Installing: /home/p/ros2_ws/src/install/cpp_package/share/ament_index/resource_index/packages/cpp_package
[49.790s] -- Installing: /home/p/ros2_ws/src/install/cpp_package/share/cpp_package/cmake/cpp_packageConfig.cmake
[49.790s] -- Installing: /home/p/ros2_ws/src/install/cpp_package/share/cpp_package/cmake/cpp_packageConfig-version.cmake
[49.791s] -- Installing: /home/p/ros2_ws/src/install/cpp_package/share/cpp_package/package.xml
[49.794s] Invoked command in '/home/p/ros2_ws/src/build/cpp_package' returned '0': CMAKE_PREFIX_PATH=${CMAKE_PREFIX_PATH}:/home/p/ros2_ws/install/optical_cane_rpi:/home/p/ros2_ws/install/mpu9250:/opt/ros/jazzy DEBUGINFOD_URLS=https://debuginfod.ubuntu.com /usr/bin/cmake --install /home/p/ros2_ws/src/build/cpp_package
