[0.021s] Invoking command in '/home/p/ros2_ws/build/cartographer_ros': AMENT_PREFIX_PATH=/home/p/ros2_ws/install/cartographer_ros_msgs:${AMENT_PREFIX_PATH} CMAKE_PREFIX_PATH=/home/p/ros2_ws/install/cartographer_ros_msgs:/home/p/ros2_ws/install/cartographer:/opt/ros/jazzy/opt/gz_sim_vendor:/opt/ros/jazzy/opt/gz_sensors_vendor:/opt/ros/jazzy/opt/gz_physics_vendor:/opt/ros/jazzy/opt/sdformat_vendor:/opt/ros/jazzy/opt/gz_gui_vendor:/opt/ros/jazzy/opt/gz_transport_vendor:/opt/ros/jazzy/opt/gz_rendering_vendor:/opt/ros/jazzy/opt/gz_plugin_vendor:/opt/ros/jazzy/opt/gz_fuel_tools_vendor:/opt/ros/jazzy/opt/gz_msgs_vendor:/opt/ros/jazzy/opt/gz_common_vendor:/opt/ros/jazzy/opt/gz_math_vendor:/opt/ros/jazzy/opt/gz_utils_vendor:/opt/ros/jazzy/opt/gz_tools_vendor:/opt/ros/jazzy/opt/gz_ogre_next_vendor:/opt/ros/jazzy/opt/gz_dartsim_vendor:/opt/ros/jazzy/opt/gz_cmake_vendor:/opt/ros/jazzy DEBUGINFOD_URLS=https://debuginfod.ubuntu.com LD_LIBRARY_PATH=/home/p/ros2_ws/install/cartographer_ros_msgs/lib:${LD_LIBRARY_PATH} PATH=/home/p/ros2_ws/install/cartographer/bin:${PATH} PKG_CONFIG_PATH=/home/p/ros2_ws/install/cartographer/lib/aarch64-linux-gnu/pkgconfig:/home/p/ros2_ws/install/cartographer/lib/pkgconfig PYTHONPATH=/home/p/ros2_ws/install/cartographer_ros_msgs/lib/python3.12/site-packages:${PYTHONPATH} /usr/bin/cmake /home/p/ros2_ws/src/cartographer_ros/cartographer_ros -DAMENT_CMAKE_SYMLINK_INSTALL=1 -DCMAKE_INSTALL_PREFIX=/home/p/ros2_ws/install/cartographer_ros
[0.136s] -- The C compiler identification is GNU 13.3.0
[0.239s] -- The CXX compiler identification is GNU 13.3.0
[0.269s] -- Detecting C compiler ABI info
[0.439s] -- Detecting C compiler ABI info - done
[0.455s] -- Check for working C compiler: /usr/bin/cc - skipped
[0.455s] -- Detecting C compile features
[0.456s] -- Detecting C compile features - done
[0.471s] -- Detecting CXX compiler ABI info
[0.659s] -- Detecting CXX compiler ABI info - done
[0.674s] -- Check for working CXX compiler: /usr/bin/c++ - skipped
[0.675s] -- Detecting CXX compile features
[0.676s] -- Detecting CXX compile features - done
[0.683s] -- Found ament_cmake: 2.5.4 (/opt/ros/jazzy/share/ament_cmake/cmake)
[0.934s] -- Found Python3: /usr/bin/python3 (found version "3.12.3") found components: Interpreter 
[1.056s] -- Override CMake install command with custom implementation using symlinks instead of copying resources
[1.148s] -- Found builtin_interfaces: 2.0.2 (/opt/ros/jazzy/share/builtin_interfaces/cmake)
[1.226s] -- Found rosidl_generator_c: 4.6.5 (/opt/ros/jazzy/share/rosidl_generator_c/cmake)
[1.257s] -- Found rosidl_generator_cpp: 4.6.5 (/opt/ros/jazzy/share/rosidl_generator_cpp/cmake)
[1.291s] -- Using all available rosidl_typesupport_c: rosidl_typesupport_fastrtps_c;rosidl_typesupport_introspection_c
[1.327s] -- Using all available rosidl_typesupport_cpp: rosidl_typesupport_fastrtps_cpp;rosidl_typesupport_introspection_cpp
[1.545s] -- Performing Test CMAKE_HAVE_LIBC_PTHREAD
[1.712s] -- Performing Test CMAKE_HAVE_LIBC_PTHREAD - Success
[1.713s] -- Found Threads: TRUE  
[2.547s] -- Found AMD headers in: /usr/include/suitesparse
[2.549s] -- Found AMD library: /usr/lib/aarch64-linux-gnu/libamd.so
[2.550s] -- Found CAMD headers in: /usr/include/suitesparse
[2.552s] -- Found CAMD library: /usr/lib/aarch64-linux-gnu/libcamd.so
[2.553s] -- Found CCOLAMD headers in: /usr/include/suitesparse
[2.555s] -- Found CCOLAMD library: /usr/lib/aarch64-linux-gnu/libccolamd.so
[2.557s] -- Found CHOLMOD headers in: /usr/include/suitesparse
[2.559s] -- Found CHOLMOD library: /usr/lib/aarch64-linux-gnu/libcholmod.so
[2.560s] -- Found COLAMD headers in: /usr/include/suitesparse
[2.561s] -- Found COLAMD library: /usr/lib/aarch64-linux-gnu/libcolamd.so
[2.562s] -- Found SPQR headers in: /usr/include/suitesparse
[2.564s] -- Found SPQR library: /usr/lib/aarch64-linux-gnu/libspqr.so
[2.565s] -- Found Config headers in: /usr/include/suitesparse
[2.566s] -- Found Config library: /usr/lib/aarch64-linux-gnu/libsuitesparseconfig.so
[2.574s] -- Found Intel Thread Building Blocks (TBB) library (2021.11 / ) include location: . Assuming SuiteSparseQR was compiled with TBB.
[2.574s] -- Looking for shm_open in rt
[2.735s] -- Looking for shm_open in rt - found
[2.735s] -- Adding librt to SuiteSparse_config libraries (required on Linux & Unix [not OSX] if SuiteSparse is compiled with timing).
[2.746s] -- Could NOT find METIS (missing: METIS_INCLUDE_DIR METIS_LIBRARY) 
[2.747s] -- Found SuiteSparse: /usr/include/suitesparse (found suitable version "7.6.1", minimum required is "7.6.1") found components: AMD CAMD CCOLAMD CHOLMOD COLAMD SPQR Config 
[2.761s] -- Found required Ceres dependency: Eigen version 3.4.0 in /usr/share/eigen3/cmake
[2.775s] -- Found required Ceres dependency: glog
[2.776s] -- Found required Ceres dependency: gflags
[2.777s] -- Found Ceres version: 2.2.0 installed in: /usr with components: [EigenSparse, SparseLinearAlgebraLibrary, LAPACK, SuiteSparse, SchurSpecializations]
[2.794s] -- Found cartographer_ros_msgs: 2.0.9003 (/home/p/ros2_ws/install/cartographer_ros_msgs/share/cartographer_ros_msgs/cmake)
[3.003s] -- Found Boost: /usr/lib/aarch64-linux-gnu/cmake/Boost-1.83.0/BoostConfig.cmake (found suitable version "1.83.0", minimum required is "1.65.0") found components: system filesystem iostreams serialization 
[3.005s] -- looking for PCL_COMMON
[3.007s] -- Found PCL_COMMON: /usr/lib/aarch64-linux-gnu/libpcl_common.so  
[3.007s] -- Found PCL: pcl_common;Boost::system;Boost::filesystem;Boost::iostreams;Boost::serialization  
[3.016s] -- Found nav_msgs: 5.3.6 (/opt/ros/jazzy/share/nav_msgs/cmake)
[3.066s] -- Found pcl_conversions: 2.6.2 (/opt/ros/jazzy/share/pcl_conversions/cmake)
[3.175s] -- Found rmw_implementation_cmake: 7.3.2 (/opt/ros/jazzy/share/rmw_implementation_cmake/cmake)
[3.183s] -- Found rmw_fastrtps_cpp: 8.4.2 (/opt/ros/jazzy/share/rmw_fastrtps_cpp/cmake)
[3.355s] -- Found OpenSSL: /usr/lib/aarch64-linux-gnu/libcrypto.so (found version "3.0.13")  
[3.385s] -- Found FastRTPS: /opt/ros/jazzy/include (Required is at least version "2.13") 
[3.423s] -- Using RMW implementation 'rmw_fastrtps_cpp' as default
[3.738s] -- Found rosbag2_cpp: 0.26.7 (/opt/ros/jazzy/share/rosbag2_cpp/cmake)
[3.870s] -- Setting yaml-cpp_DIR to: '/opt/ros/jazzy/share/yaml_cpp_vendor/cmake/../../../opt/yaml_cpp_vendor/share/cmake/yaml-cpp'
[3.881s] -- Found tf2: 0.36.10 (/opt/ros/jazzy/share/tf2/cmake)
[3.894s] -- Found tf2_eigen: 0.36.10 (/opt/ros/jazzy/share/tf2_eigen/cmake)
[4.087s] -- Found urdf: 2.10.0 (/opt/ros/jazzy/share/urdf/cmake)
[4.126s] -- Found visualization_msgs: 5.3.6 (/opt/ros/jazzy/share/visualization_msgs/cmake)
[4.506s] -- Configuring done (4.5s)
[4.906s] -- Generating done (0.3s)
[4.945s] -- Build files have been written to: /home/p/ros2_ws/build/cartographer_ros
[4.978s] Invoked command in '/home/p/ros2_ws/build/cartographer_ros' returned '0': AMENT_PREFIX_PATH=/home/p/ros2_ws/install/cartographer_ros_msgs:${AMENT_PREFIX_PATH} CMAKE_PREFIX_PATH=/home/p/ros2_ws/install/cartographer_ros_msgs:/home/p/ros2_ws/install/cartographer:/opt/ros/jazzy/opt/gz_sim_vendor:/opt/ros/jazzy/opt/gz_sensors_vendor:/opt/ros/jazzy/opt/gz_physics_vendor:/opt/ros/jazzy/opt/sdformat_vendor:/opt/ros/jazzy/opt/gz_gui_vendor:/opt/ros/jazzy/opt/gz_transport_vendor:/opt/ros/jazzy/opt/gz_rendering_vendor:/opt/ros/jazzy/opt/gz_plugin_vendor:/opt/ros/jazzy/opt/gz_fuel_tools_vendor:/opt/ros/jazzy/opt/gz_msgs_vendor:/opt/ros/jazzy/opt/gz_common_vendor:/opt/ros/jazzy/opt/gz_math_vendor:/opt/ros/jazzy/opt/gz_utils_vendor:/opt/ros/jazzy/opt/gz_tools_vendor:/opt/ros/jazzy/opt/gz_ogre_next_vendor:/opt/ros/jazzy/opt/gz_dartsim_vendor:/opt/ros/jazzy/opt/gz_cmake_vendor:/opt/ros/jazzy DEBUGINFOD_URLS=https://debuginfod.ubuntu.com LD_LIBRARY_PATH=/home/p/ros2_ws/install/cartographer_ros_msgs/lib:${LD_LIBRARY_PATH} PATH=/home/p/ros2_ws/install/cartographer/bin:${PATH} PKG_CONFIG_PATH=/home/p/ros2_ws/install/cartographer/lib/aarch64-linux-gnu/pkgconfig:/home/p/ros2_ws/install/cartographer/lib/pkgconfig PYTHONPATH=/home/p/ros2_ws/install/cartographer_ros_msgs/lib/python3.12/site-packages:${PYTHONPATH} /usr/bin/cmake /home/p/ros2_ws/src/cartographer_ros/cartographer_ros -DAMENT_CMAKE_SYMLINK_INSTALL=1 -DCMAKE_INSTALL_PREFIX=/home/p/ros2_ws/install/cartographer_ros
[4.980s] Invoking command in '/home/p/ros2_ws/build/cartographer_ros': AMENT_PREFIX_PATH=/home/p/ros2_ws/install/cartographer_ros_msgs:${AMENT_PREFIX_PATH} CMAKE_PREFIX_PATH=/home/p/ros2_ws/install/cartographer_ros_msgs:/home/p/ros2_ws/install/cartographer:/opt/ros/jazzy/opt/gz_sim_vendor:/opt/ros/jazzy/opt/gz_sensors_vendor:/opt/ros/jazzy/opt/gz_physics_vendor:/opt/ros/jazzy/opt/sdformat_vendor:/opt/ros/jazzy/opt/gz_gui_vendor:/opt/ros/jazzy/opt/gz_transport_vendor:/opt/ros/jazzy/opt/gz_rendering_vendor:/opt/ros/jazzy/opt/gz_plugin_vendor:/opt/ros/jazzy/opt/gz_fuel_tools_vendor:/opt/ros/jazzy/opt/gz_msgs_vendor:/opt/ros/jazzy/opt/gz_common_vendor:/opt/ros/jazzy/opt/gz_math_vendor:/opt/ros/jazzy/opt/gz_utils_vendor:/opt/ros/jazzy/opt/gz_tools_vendor:/opt/ros/jazzy/opt/gz_ogre_next_vendor:/opt/ros/jazzy/opt/gz_dartsim_vendor:/opt/ros/jazzy/opt/gz_cmake_vendor:/opt/ros/jazzy DEBUGINFOD_URLS=https://debuginfod.ubuntu.com LD_LIBRARY_PATH=/home/p/ros2_ws/install/cartographer_ros_msgs/lib:${LD_LIBRARY_PATH} PATH=/home/p/ros2_ws/install/cartographer/bin:${PATH} PKG_CONFIG_PATH=/home/p/ros2_ws/install/cartographer/lib/aarch64-linux-gnu/pkgconfig:/home/p/ros2_ws/install/cartographer/lib/pkgconfig PYTHONPATH=/home/p/ros2_ws/install/cartographer_ros_msgs/lib/python3.12/site-packages:${PYTHONPATH} /usr/bin/cmake --build /home/p/ros2_ws/build/cartographer_ros -- -j4 -l4
[5.091s] [  8%] [32mBuilding CXX object CMakeFiles/cartographer_ros.dir/src/assets_writer.cpp.o[0m
[5.091s] [  8%] [32mBuilding CXX object CMakeFiles/cartographer_ros.dir/src/msg_conversion.cpp.o[0m
[5.091s] [  8%] [32mBuilding CXX object CMakeFiles/cartographer_ros.dir/src/node_constants.cpp.o[0m
[5.091s] [ 11%] [32mBuilding CXX object CMakeFiles/cartographer_ros.dir/src/map_builder_bridge.cpp.o[0m
[6.143s] [ 14%] [32mBuilding CXX object CMakeFiles/cartographer_ros.dir/src/node.cpp.o[0m
[24.437s] In file included from [01m[K/home/p/ros2_ws/install/cartographer/include/cartographer/transform/transform.h:26[m[K,
[24.437s]                  from [01m[K/home/p/ros2_ws/install/cartographer/include/cartographer/sensor/rangefinder_point.h:24[m[K,
[24.437s]                  from [01m[K/home/p/ros2_ws/install/cartographer/include/cartographer/sensor/point_cloud.h:24[m[K,
[24.437s]                  from [01m[K/home/p/ros2_ws/install/cartographer/include/cartographer/sensor/compressed_point_cloud.h:25[m[K,
[24.437s]                  from [01m[K/home/p/ros2_ws/install/cartographer/include/cartographer/sensor/range_data.h:21[m[K,
[24.438s]                  from [01m[K/home/p/ros2_ws/install/cartographer/include/cartographer/mapping/trajectory_node.h:27[m[K,
[24.438s]                  from [01m[K/home/p/ros2_ws/install/cartographer/include/cartographer/mapping/submaps.h:30[m[K,
[24.438s]                  from [01m[K/home/p/ros2_ws/install/cartographer/include/cartographer/mapping/pose_graph_interface.h:25[m[K,
[24.438s]                  from [01m[K/home/p/ros2_ws/install/cartographer/include/cartographer/mapping/map_builder_interface.h:29[m[K,
[24.438s]                  from [01m[K/home/p/ros2_ws/src/cartographer_ros/cartographer_ros/include/cartographer_ros/node.h:29[m[K,
[24.438s]                  from [01m[K/home/p/ros2_ws/src/cartographer_ros/cartographer_ros/src/node.cpp:17[m[K:
[24.438s] /home/p/ros2_ws/install/cartographer/include/cartographer/transform/rigid_transform.h: In instantiation of ‘[01m[Kcartographer::transform::Rigid2<FloatType>::Rotation2D cartographer::transform::Rigid2<FloatType>::[01;32m[Krotation[m[K() const [35m[K[with FloatType = double; Rotation2D = Eigen::Rotation2D<double>][m[K[m[K’:
[24.439s] [01m[K/home/p/ros2_ws/install/cartographer/include/cartographer/transform/transform.h:113:45:[m[K   required from ‘[01m[Kcartographer::transform::Rigid3<FloatType> cartographer::transform::[01;32m[KEmbed3D[m[K(const Rigid2<FloatType>&) [35m[K[with T = double][m[K[m[K’
[24.439s] [01m[K/home/p/ros2_ws/src/cartographer_ros/cartographer_ros/src/node.cpp:306:41:[m[K   required from here
[24.439s] [01m[K/home/p/ros2_ws/install/cartographer/include/cartographer/transform/rigid_transform.h:68:14:[m[K [01;36m[Knote: [m[Kparameter passing for argument of type ‘[01m[KEigen::Rotation2D<double>[m[K’ when C++17 is enabled changed to match C++14 ]8;;https://gcc.gnu.org/gcc-10/changes.html#empty_basein GCC 10.1]8;;
[24.439s]    68 |   Rotation2D [01;36m[Krotation[m[K() const { return rotation_; }
[24.439s]       |              [01;36m[K^~~~~~~~[m[K
[26.127s] [ 17%] [32mBuilding CXX object CMakeFiles/cartographer_ros.dir/src/node_options.cpp.o[0m
[27.057s] [ 20%] [32mBuilding CXX object CMakeFiles/cartographer_ros.dir/src/offline_node.cpp.o[0m
[30.869s] [ 22%] [32mBuilding CXX object CMakeFiles/cartographer_ros.dir/src/playable_bag.cpp.o[0m
[34.547s] [ 25%] [32mBuilding CXX object CMakeFiles/cartographer_ros.dir/src/ros_log_sink.cpp.o[0m
[41.151s] [ 28%] [32mBuilding CXX object CMakeFiles/cartographer_ros.dir/src/ros_map.cpp.o[0m
[43.934s] [ 31%] [32mBuilding CXX object CMakeFiles/cartographer_ros.dir/src/ros_map_writing_points_processor.cpp.o[0m
[49.596s] [ 34%] [32mBuilding CXX object CMakeFiles/cartographer_ros.dir/src/sensor_bridge.cpp.o[0m
[53.862s] [ 37%] [32mBuilding CXX object CMakeFiles/cartographer_ros.dir/src/submap.cpp.o[0m
[58.726s] [ 40%] [32mBuilding CXX object CMakeFiles/cartographer_ros.dir/src/tf_bridge.cpp.o[0m
[68.360s] [ 42%] [32mBuilding CXX object CMakeFiles/cartographer_ros.dir/src/time_conversion.cpp.o[0m
[70.787s] [ 45%] [32mBuilding CXX object CMakeFiles/cartographer_ros.dir/src/trajectory_options.cpp.o[0m
[74.691s] [ 48%] [32mBuilding CXX object CMakeFiles/cartographer_ros.dir/src/urdf_reader.cpp.o[0m
[77.075s] [ 51%] [32mBuilding CXX object CMakeFiles/cartographer_ros.dir/src/metrics/family_factory.cpp.o[0m
[80.153s] [ 54%] [32mBuilding CXX object CMakeFiles/cartographer_ros.dir/src/metrics/internal/family.cpp.o[0m
[82.828s] [ 57%] [32mBuilding CXX object CMakeFiles/cartographer_ros.dir/src/metrics/internal/histogram.cpp.o[0m
[91.591s] [ 60%] [32m[1mLinking CXX static library libcartographer_ros.a[0m
[95.270s] [ 60%] Built target cartographer_ros
[95.315s] [ 68%] [32mBuilding CXX object CMakeFiles/cartographer_offline_node.dir/src/offline_node_main.cpp.o[0m
[95.315s] [ 68%] [32mBuilding CXX object CMakeFiles/cartographer_node.dir/src/node_main.cpp.o[0m
[95.316s] [ 68%] [32mBuilding CXX object CMakeFiles/cartographer_occupancy_grid_node.dir/src/occupancy_grid_node_main.cpp.o[0m
[96.350s] [ 71%] [32mBuilding CXX object CMakeFiles/cartographer_assets_writer.dir/src/assets_writer_main.cpp.o[0m
[109.833s] [ 74%] [32m[1mLinking CXX executable cartographer_offline_node[0m
[115.443s] [ 77%] [32m[1mLinking CXX executable cartographer_assets_writer[0m
[119.506s] [ 77%] Built target cartographer_assets_writer
[119.739s] [ 80%] [32m[1mLinking CXX executable cartographer_node[0m
[122.619s] [ 82%] [32mBuilding CXX object CMakeFiles/cartographer_pbstream_map_publisher.dir/src/pbstream_map_publisher_main.cpp.o[0m
[122.811s] [ 82%] Built target cartographer_offline_node
[122.942s] [ 85%] [32mBuilding CXX object CMakeFiles/cartographer_pbstream_to_ros_map.dir/src/pbstream_to_ros_map_main.cpp.o[0m
[129.794s] [ 85%] Built target cartographer_node
[131.845s] [ 88%] [32m[1mLinking CXX executable cartographer_occupancy_grid_node[0m
[134.929s] [ 88%] Built target cartographer_occupancy_grid_node
[138.926s] [ 91%] [32m[1mLinking CXX executable cartographer_pbstream_to_ros_map[0m
[139.697s] [ 91%] Built target cartographer_pbstream_to_ros_map
[139.739s] [ 94%] [32mBuilding CXX object CMakeFiles/cartographer_rosbag_validate.dir/src/rosbag_validate_main.cpp.o[0m
[142.215s] [ 97%] [32m[1mLinking CXX executable cartographer_pbstream_map_publisher[0m
[143.789s] [ 97%] Built target cartographer_pbstream_map_publisher
[155.553s] [100%] [32m[1mLinking CXX executable cartographer_rosbag_validate[0m
[156.657s] [100%] Built target cartographer_rosbag_validate
[156.685s] Invoked command in '/home/p/ros2_ws/build/cartographer_ros' returned '0': AMENT_PREFIX_PATH=/home/p/ros2_ws/install/cartographer_ros_msgs:${AMENT_PREFIX_PATH} CMAKE_PREFIX_PATH=/home/p/ros2_ws/install/cartographer_ros_msgs:/home/p/ros2_ws/install/cartographer:/opt/ros/jazzy/opt/gz_sim_vendor:/opt/ros/jazzy/opt/gz_sensors_vendor:/opt/ros/jazzy/opt/gz_physics_vendor:/opt/ros/jazzy/opt/sdformat_vendor:/opt/ros/jazzy/opt/gz_gui_vendor:/opt/ros/jazzy/opt/gz_transport_vendor:/opt/ros/jazzy/opt/gz_rendering_vendor:/opt/ros/jazzy/opt/gz_plugin_vendor:/opt/ros/jazzy/opt/gz_fuel_tools_vendor:/opt/ros/jazzy/opt/gz_msgs_vendor:/opt/ros/jazzy/opt/gz_common_vendor:/opt/ros/jazzy/opt/gz_math_vendor:/opt/ros/jazzy/opt/gz_utils_vendor:/opt/ros/jazzy/opt/gz_tools_vendor:/opt/ros/jazzy/opt/gz_ogre_next_vendor:/opt/ros/jazzy/opt/gz_dartsim_vendor:/opt/ros/jazzy/opt/gz_cmake_vendor:/opt/ros/jazzy DEBUGINFOD_URLS=https://debuginfod.ubuntu.com LD_LIBRARY_PATH=/home/p/ros2_ws/install/cartographer_ros_msgs/lib:${LD_LIBRARY_PATH} PATH=/home/p/ros2_ws/install/cartographer/bin:${PATH} PKG_CONFIG_PATH=/home/p/ros2_ws/install/cartographer/lib/aarch64-linux-gnu/pkgconfig:/home/p/ros2_ws/install/cartographer/lib/pkgconfig PYTHONPATH=/home/p/ros2_ws/install/cartographer_ros_msgs/lib/python3.12/site-packages:${PYTHONPATH} /usr/bin/cmake --build /home/p/ros2_ws/build/cartographer_ros -- -j4 -l4
[156.687s] Invoking command in '/home/p/ros2_ws/build/cartographer_ros': AMENT_PREFIX_PATH=/home/p/ros2_ws/install/cartographer_ros_msgs:${AMENT_PREFIX_PATH} CMAKE_PREFIX_PATH=/home/p/ros2_ws/install/cartographer_ros_msgs:/home/p/ros2_ws/install/cartographer:/opt/ros/jazzy/opt/gz_sim_vendor:/opt/ros/jazzy/opt/gz_sensors_vendor:/opt/ros/jazzy/opt/gz_physics_vendor:/opt/ros/jazzy/opt/sdformat_vendor:/opt/ros/jazzy/opt/gz_gui_vendor:/opt/ros/jazzy/opt/gz_transport_vendor:/opt/ros/jazzy/opt/gz_rendering_vendor:/opt/ros/jazzy/opt/gz_plugin_vendor:/opt/ros/jazzy/opt/gz_fuel_tools_vendor:/opt/ros/jazzy/opt/gz_msgs_vendor:/opt/ros/jazzy/opt/gz_common_vendor:/opt/ros/jazzy/opt/gz_math_vendor:/opt/ros/jazzy/opt/gz_utils_vendor:/opt/ros/jazzy/opt/gz_tools_vendor:/opt/ros/jazzy/opt/gz_ogre_next_vendor:/opt/ros/jazzy/opt/gz_dartsim_vendor:/opt/ros/jazzy/opt/gz_cmake_vendor:/opt/ros/jazzy DEBUGINFOD_URLS=https://debuginfod.ubuntu.com LD_LIBRARY_PATH=/home/p/ros2_ws/install/cartographer_ros_msgs/lib:${LD_LIBRARY_PATH} PATH=/home/p/ros2_ws/install/cartographer/bin:${PATH} PKG_CONFIG_PATH=/home/p/ros2_ws/install/cartographer/lib/aarch64-linux-gnu/pkgconfig:/home/p/ros2_ws/install/cartographer/lib/pkgconfig PYTHONPATH=/home/p/ros2_ws/install/cartographer_ros_msgs/lib/python3.12/site-packages:${PYTHONPATH} /usr/bin/cmake --install /home/p/ros2_ws/build/cartographer_ros
[156.703s] -- Install configuration: ""
[156.704s] -- Execute custom install script
[156.705s] -- Symlinking: /home/p/ros2_ws/install/cartographer_ros/lib/libcartographer_ros.a
[156.724s] -- Symlinking: /home/p/ros2_ws/install/cartographer_ros/lib/cartographer_ros/cartographer_node
[156.743s] -- Symlinking: /home/p/ros2_ws/install/cartographer_ros/lib/cartographer_ros/cartographer_occupancy_grid_node
[156.763s] -- Symlinking: /home/p/ros2_ws/install/cartographer_ros/lib/cartographer_ros/cartographer_offline_node
[156.783s] -- Symlinking: /home/p/ros2_ws/install/cartographer_ros/lib/cartographer_ros/cartographer_assets_writer
[156.802s] -- Symlinking: /home/p/ros2_ws/install/cartographer_ros/lib/cartographer_ros/cartographer_pbstream_map_publisher
[156.820s] -- Symlinking: /home/p/ros2_ws/install/cartographer_ros/lib/cartographer_ros/cartographer_pbstream_to_ros_map
[156.839s] -- Symlinking: /home/p/ros2_ws/install/cartographer_ros/lib/cartographer_ros/cartographer_rosbag_validate
[156.859s] -- Symlinking: /home/p/ros2_ws/install/cartographer_ros/include//cartographer_ros/assets_writer.h
[156.879s] -- Symlinking: /home/p/ros2_ws/install/cartographer_ros/include//cartographer_ros/map_builder_bridge.h
[156.899s] -- Symlinking: /home/p/ros2_ws/install/cartographer_ros/include//cartographer_ros/metrics/family_factory.h
[156.918s] -- Symlinking: /home/p/ros2_ws/install/cartographer_ros/include//cartographer_ros/metrics/internal/counter.h
[156.937s] -- Symlinking: /home/p/ros2_ws/install/cartographer_ros/include//cartographer_ros/metrics/internal/family.h
[156.955s] -- Symlinking: /home/p/ros2_ws/install/cartographer_ros/include//cartographer_ros/metrics/internal/gauge.h
[156.975s] -- Symlinking: /home/p/ros2_ws/install/cartographer_ros/include//cartographer_ros/metrics/internal/histogram.h
[156.994s] -- Symlinking: /home/p/ros2_ws/install/cartographer_ros/include//cartographer_ros/msg_conversion.h
[157.012s] -- Symlinking: /home/p/ros2_ws/install/cartographer_ros/include//cartographer_ros/node.h
[157.032s] -- Symlinking: /home/p/ros2_ws/install/cartographer_ros/include//cartographer_ros/node_constants.h
[157.051s] -- Symlinking: /home/p/ros2_ws/install/cartographer_ros/include//cartographer_ros/node_options.h
[157.070s] -- Symlinking: /home/p/ros2_ws/install/cartographer_ros/include//cartographer_ros/offline_node.h
[157.089s] -- Symlinking: /home/p/ros2_ws/install/cartographer_ros/include//cartographer_ros/playable_bag.h
[157.109s] -- Symlinking: /home/p/ros2_ws/install/cartographer_ros/include//cartographer_ros/ros_log_sink.h
[157.129s] -- Symlinking: /home/p/ros2_ws/install/cartographer_ros/include//cartographer_ros/ros_map.h
[157.149s] -- Symlinking: /home/p/ros2_ws/install/cartographer_ros/include//cartographer_ros/ros_map_writing_points_processor.h
[157.169s] -- Symlinking: /home/p/ros2_ws/install/cartographer_ros/include//cartographer_ros/sensor_bridge.h
[157.187s] -- Symlinking: /home/p/ros2_ws/install/cartographer_ros/include//cartographer_ros/submap.h
[157.206s] -- Symlinking: /home/p/ros2_ws/install/cartographer_ros/include//cartographer_ros/tf_bridge.h
[157.224s] -- Symlinking: /home/p/ros2_ws/install/cartographer_ros/include//cartographer_ros/time_conversion.h
[157.244s] -- Symlinking: /home/p/ros2_ws/install/cartographer_ros/include//cartographer_ros/trajectory_options.h
[157.264s] -- Symlinking: /home/p/ros2_ws/install/cartographer_ros/include//cartographer_ros/urdf_reader.h
[157.283s] -- Symlinking: /home/p/ros2_ws/install/cartographer_ros/share/cartographer_ros//configuration_files/assets_writer_backpack_2d.lua
[157.303s] -- Symlinking: /home/p/ros2_ws/install/cartographer_ros/share/cartographer_ros//configuration_files/assets_writer_backpack_2d_ci.lua
[157.324s] -- Symlinking: /home/p/ros2_ws/install/cartographer_ros/share/cartographer_ros//configuration_files/assets_writer_backpack_3d.lua
[157.343s] -- Symlinking: /home/p/ros2_ws/install/cartographer_ros/share/cartographer_ros//configuration_files/assets_writer_ros_map.lua
[157.362s] -- Symlinking: /home/p/ros2_ws/install/cartographer_ros/share/cartographer_ros//configuration_files/backpack_2d.lua
[157.381s] -- Symlinking: /home/p/ros2_ws/install/cartographer_ros/share/cartographer_ros//configuration_files/backpack_2d_localization.lua
[157.400s] -- Symlinking: /home/p/ros2_ws/install/cartographer_ros/share/cartographer_ros//configuration_files/backpack_2d_localization_evaluation.lua
[157.420s] -- Symlinking: /home/p/ros2_ws/install/cartographer_ros/share/cartographer_ros//configuration_files/backpack_2d_server.lua
[157.439s] -- Symlinking: /home/p/ros2_ws/install/cartographer_ros/share/cartographer_ros//configuration_files/backpack_3d.lua
[157.458s] -- Symlinking: /home/p/ros2_ws/install/cartographer_ros/share/cartographer_ros//configuration_files/backpack_3d_localization.lua
[157.477s] -- Symlinking: /home/p/ros2_ws/install/cartographer_ros/share/cartographer_ros//configuration_files/demo_2d.rviz
[157.496s] -- Symlinking: /home/p/ros2_ws/install/cartographer_ros/share/cartographer_ros//configuration_files/demo_3d.rviz
[157.515s] -- Symlinking: /home/p/ros2_ws/install/cartographer_ros/share/cartographer_ros//configuration_files/mir-100-mapping.lua
[157.535s] -- Symlinking: /home/p/ros2_ws/install/cartographer_ros/share/cartographer_ros//configuration_files/pr2.lua
[157.555s] -- Symlinking: /home/p/ros2_ws/install/cartographer_ros/share/cartographer_ros//configuration_files/revo_lds.lua
[157.574s] -- Symlinking: /home/p/ros2_ws/install/cartographer_ros/share/cartographer_ros//configuration_files/rplidar_a2m8.lua
[157.594s] -- Symlinking: /home/p/ros2_ws/install/cartographer_ros/share/cartographer_ros//configuration_files/rplidar_a2m8.lua.bak
[157.613s] -- Symlinking: /home/p/ros2_ws/install/cartographer_ros/share/cartographer_ros//configuration_files/sllidar_a2m8_2d.lua
[157.631s] -- Symlinking: /home/p/ros2_ws/install/cartographer_ros/share/cartographer_ros//configuration_files/sllidar_a2m8_3d.lua
[157.650s] -- Symlinking: /home/p/ros2_ws/install/cartographer_ros/share/cartographer_ros//configuration_files/taurob_tracker.lua
[157.669s] -- Symlinking: /home/p/ros2_ws/install/cartographer_ros/share/cartographer_ros//configuration_files/transform.lua
[157.688s] -- Symlinking: /home/p/ros2_ws/install/cartographer_ros/share/cartographer_ros//configuration_files/visualize_pbstream.lua
[157.707s] -- Symlinking: /home/p/ros2_ws/install/cartographer_ros/share/cartographer_ros//urdf/backpack_2d.urdf
[157.726s] -- Symlinking: /home/p/ros2_ws/install/cartographer_ros/share/cartographer_ros//urdf/backpack_3d.urdf
[157.746s] -- Symlinking: /home/p/ros2_ws/install/cartographer_ros/share/cartographer_ros//urdf/mir-100.urdf
[157.765s] -- Symlinking: /home/p/ros2_ws/install/cartographer_ros/share/cartographer_ros//launch/assets_writer_backpack_2d.launch.py
[157.784s] -- Symlinking: /home/p/ros2_ws/install/cartographer_ros/share/cartographer_ros//launch/assets_writer_backpack_3d.launch.py
[157.803s] -- Symlinking: /home/p/ros2_ws/install/cartographer_ros/share/cartographer_ros//launch/assets_writer_ros_map.launch.py
[157.824s] -- Symlinking: /home/p/ros2_ws/install/cartographer_ros/share/cartographer_ros//launch/backpack_2d.launch.py
[157.845s] -- Symlinking: /home/p/ros2_ws/install/cartographer_ros/share/cartographer_ros//launch/backpack_3d.launch.py
[157.865s] -- Symlinking: /home/p/ros2_ws/install/cartographer_ros/share/cartographer_ros//launch/cartographer.launch.py
[157.884s] -- Symlinking: /home/p/ros2_ws/install/cartographer_ros/share/cartographer_ros//launch/cartographer.launch.py.bak
[157.903s] -- Symlinking: /home/p/ros2_ws/install/cartographer_ros/share/cartographer_ros//launch/demo_backpack_2d.launch.py
[157.922s] -- Symlinking: /home/p/ros2_ws/install/cartographer_ros/share/cartographer_ros//launch/demo_backpack_2d_localization.launch.py
[157.941s] -- Symlinking: /home/p/ros2_ws/install/cartographer_ros/share/cartographer_ros//launch/demo_backpack_3d.launch.py
[157.960s] -- Symlinking: /home/p/ros2_ws/install/cartographer_ros/share/cartographer_ros//launch/demo_backpack_3d_localization.launch.py
[157.979s] -- Symlinking: /home/p/ros2_ws/install/cartographer_ros/share/cartographer_ros//launch/demo_pr2.launch
[157.997s] -- Symlinking: /home/p/ros2_ws/install/cartographer_ros/share/cartographer_ros//launch/demo_revo_lds.launch.py
[158.017s] -- Symlinking: /home/p/ros2_ws/install/cartographer_ros/share/cartographer_ros//launch/demo_taurob_tracker.launch.py
[158.036s] -- Symlinking: /home/p/ros2_ws/install/cartographer_ros/share/cartographer_ros//launch/grpc_demo_backpack_2d.launch
[158.055s] -- Symlinking: /home/p/ros2_ws/install/cartographer_ros/share/cartographer_ros//launch/grpc_demo_backpack_2d_localization.launch
[158.074s] -- Symlinking: /home/p/ros2_ws/install/cartographer_ros/share/cartographer_ros//launch/offline_backpack_2d.launch.py
[158.093s] -- Symlinking: /home/p/ros2_ws/install/cartographer_ros/share/cartographer_ros//launch/offline_backpack_3d.launch.py
[158.113s] -- Symlinking: /home/p/ros2_ws/install/cartographer_ros/share/cartographer_ros//launch/offline_mir_100_rviz.launch.py
[158.132s] -- Symlinking: /home/p/ros2_ws/install/cartographer_ros/share/cartographer_ros//launch/offline_node.launch.py
[158.151s] -- Symlinking: /home/p/ros2_ws/install/cartographer_ros/share/cartographer_ros//launch/sllidar_a2m8_3d_cartographer.launch.py
[158.170s] -- Symlinking: /home/p/ros2_ws/install/cartographer_ros/share/cartographer_ros//launch/sllidar_a2m8_cartographer.launch.py
[158.189s] -- Symlinking: /home/p/ros2_ws/install/cartographer_ros/share/cartographer_ros//launch/taurob_tracker.launch.py
[158.208s] -- Symlinking: /home/p/ros2_ws/install/cartographer_ros/share/cartographer_ros//launch/visualize_pbstream.launch.py
[158.227s] -- Symlinking: /home/p/ros2_ws/install/cartographer_ros/share/cartographer_ros/environment/library_path.sh
[158.246s] -- Symlinking: /home/p/ros2_ws/install/cartographer_ros/share/cartographer_ros/environment/library_path.dsv
[158.266s] -- Symlinking: /home/p/ros2_ws/install/cartographer_ros/share/ament_index/resource_index/package_run_dependencies/cartographer_ros
[158.285s] -- Symlinking: /home/p/ros2_ws/install/cartographer_ros/share/ament_index/resource_index/parent_prefix_path/cartographer_ros
[158.304s] -- Symlinking: /home/p/ros2_ws/install/cartographer_ros/share/cartographer_ros/environment/ament_prefix_path.sh
[158.323s] -- Symlinking: /home/p/ros2_ws/install/cartographer_ros/share/cartographer_ros/environment/ament_prefix_path.dsv
[158.342s] -- Symlinking: /home/p/ros2_ws/install/cartographer_ros/share/cartographer_ros/environment/path.sh
[158.361s] -- Symlinking: /home/p/ros2_ws/install/cartographer_ros/share/cartographer_ros/environment/path.dsv
[158.380s] -- Symlinking: /home/p/ros2_ws/install/cartographer_ros/share/cartographer_ros/local_setup.bash
[158.398s] -- Symlinking: /home/p/ros2_ws/install/cartographer_ros/share/cartographer_ros/local_setup.sh
[158.418s] -- Symlinking: /home/p/ros2_ws/install/cartographer_ros/share/cartographer_ros/local_setup.zsh
[158.437s] -- Symlinking: /home/p/ros2_ws/install/cartographer_ros/share/cartographer_ros/local_setup.dsv
[158.457s] -- Symlinking: /home/p/ros2_ws/install/cartographer_ros/share/cartographer_ros/package.dsv
[158.477s] -- Symlinking: /home/p/ros2_ws/install/cartographer_ros/share/ament_index/resource_index/packages/cartographer_ros
[158.496s] -- Symlinking: /home/p/ros2_ws/install/cartographer_ros/share/cartographer_ros/cmake/ament_cmake_export_include_directories-extras.cmake
[158.515s] -- Symlinking: /home/p/ros2_ws/install/cartographer_ros/share/cartographer_ros/cmake/ament_cmake_export_libraries-extras.cmake
[158.535s] -- Symlinking: /home/p/ros2_ws/install/cartographer_ros/share/cartographer_ros/cmake/ament_cmake_export_dependencies-extras.cmake
[158.554s] -- Symlinking: /home/p/ros2_ws/install/cartographer_ros/share/cartographer_ros/cmake/cartographer_rosConfig.cmake
[158.573s] -- Symlinking: /home/p/ros2_ws/install/cartographer_ros/share/cartographer_ros/cmake/cartographer_rosConfig-version.cmake
[158.591s] -- Symlinking: /home/p/ros2_ws/install/cartographer_ros/share/cartographer_ros/package.xml
[158.614s] Invoked command in '/home/p/ros2_ws/build/cartographer_ros' returned '0': AMENT_PREFIX_PATH=/home/p/ros2_ws/install/cartographer_ros_msgs:${AMENT_PREFIX_PATH} CMAKE_PREFIX_PATH=/home/p/ros2_ws/install/cartographer_ros_msgs:/home/p/ros2_ws/install/cartographer:/opt/ros/jazzy/opt/gz_sim_vendor:/opt/ros/jazzy/opt/gz_sensors_vendor:/opt/ros/jazzy/opt/gz_physics_vendor:/opt/ros/jazzy/opt/sdformat_vendor:/opt/ros/jazzy/opt/gz_gui_vendor:/opt/ros/jazzy/opt/gz_transport_vendor:/opt/ros/jazzy/opt/gz_rendering_vendor:/opt/ros/jazzy/opt/gz_plugin_vendor:/opt/ros/jazzy/opt/gz_fuel_tools_vendor:/opt/ros/jazzy/opt/gz_msgs_vendor:/opt/ros/jazzy/opt/gz_common_vendor:/opt/ros/jazzy/opt/gz_math_vendor:/opt/ros/jazzy/opt/gz_utils_vendor:/opt/ros/jazzy/opt/gz_tools_vendor:/opt/ros/jazzy/opt/gz_ogre_next_vendor:/opt/ros/jazzy/opt/gz_dartsim_vendor:/opt/ros/jazzy/opt/gz_cmake_vendor:/opt/ros/jazzy DEBUGINFOD_URLS=https://debuginfod.ubuntu.com LD_LIBRARY_PATH=/home/p/ros2_ws/install/cartographer_ros_msgs/lib:${LD_LIBRARY_PATH} PATH=/home/p/ros2_ws/install/cartographer/bin:${PATH} PKG_CONFIG_PATH=/home/p/ros2_ws/install/cartographer/lib/aarch64-linux-gnu/pkgconfig:/home/p/ros2_ws/install/cartographer/lib/pkgconfig PYTHONPATH=/home/p/ros2_ws/install/cartographer_ros_msgs/lib/python3.12/site-packages:${PYTHONPATH} /usr/bin/cmake --install /home/p/ros2_ws/build/cartographer_ros
