-- Install configuration: ""
-- Execute custom install script
-- Up-to-date symlink: /home/p/ros2_ws/install/lidar_imu_cartographer/share/lidar_imu_cartographer//config/backup/backpack_3d.lua
-- Up-to-date symlink: /home/p/ros2_ws/install/lidar_imu_cartographer/share/lidar_imu_cartographer//config/backup/cartographer_3d.lua.bak
-- Up-to-date symlink: /home/p/ros2_ws/install/lidar_imu_cartographer/share/lidar_imu_cartographer//config/backup/cartographer_3d_debug.lua
-- Up-to-date symlink: /home/p/ros2_ws/install/lidar_imu_cartographer/share/lidar_imu_cartographer//config/backup/cartographer_3d_final.lua
-- Up-to-date symlink: /home/p/ros2_ws/install/lidar_imu_cartographer/share/lidar_imu_cartographer//config/backup/cartographer_3d_fixed.lua
-- Up-to-date symlink: /home/p/ros2_ws/install/lidar_imu_cartographer/share/lidar_imu_cartographer//config/backup/cartographer_3d_minimal.lua
-- Up-to-date symlink: /home/p/ros2_ws/install/lidar_imu_cartographer/share/lidar_imu_cartographer//config/backup/cartographer_3d_real.lua
-- Up-to-date symlink: /home/p/ros2_ws/install/lidar_imu_cartographer/share/lidar_imu_cartographer//config/backup/cartographer_3d_scan_imu.lua.bak
-- Up-to-date symlink: /home/p/ros2_ws/install/lidar_imu_cartographer/share/lidar_imu_cartographer//config/backup/cartographer_3d_simple.lua
-- Up-to-date symlink: /home/p/ros2_ws/install/lidar_imu_cartographer/share/lidar_imu_cartographer//config/backup/cartographer_3d_solution.lua
-- Up-to-date symlink: /home/p/ros2_ws/install/lidar_imu_cartographer/share/lidar_imu_cartographer//config/cartographer_2d.lua
-- Up-to-date symlink: /home/p/ros2_ws/install/lidar_imu_cartographer/share/lidar_imu_cartographer//config/cartographer_2d_scan_imu.lua
-- Up-to-date symlink: /home/p/ros2_ws/install/lidar_imu_cartographer/share/lidar_imu_cartographer//config/cartographer_3d.lua
-- Up-to-date symlink: /home/p/ros2_ws/install/lidar_imu_cartographer/share/lidar_imu_cartographer//config/cartographer_3d_scan_imu.lua
-- Up-to-date symlink: /home/p/ros2_ws/install/lidar_imu_cartographer/share/lidar_imu_cartographer//launch/backup/cartographer_2d_launch.py
-- Up-to-date symlink: /home/p/ros2_ws/install/lidar_imu_cartographer/share/lidar_imu_cartographer//launch/backup/cartographer_3d_complete.launch.py
-- Up-to-date symlink: /home/p/ros2_ws/install/lidar_imu_cartographer/share/lidar_imu_cartographer//launch/backup/cartographer_3d_delayed.launch.py
-- Up-to-date symlink: /home/p/ros2_ws/install/lidar_imu_cartographer/share/lidar_imu_cartographer//launch/backup/cartographer_3d_final.launch.py
-- Up-to-date symlink: /home/p/ros2_ws/install/lidar_imu_cartographer/share/lidar_imu_cartographer//launch/backup/cartographer_3d_fixed.launch.py
-- Up-to-date symlink: /home/p/ros2_ws/install/lidar_imu_cartographer/share/lidar_imu_cartographer//launch/backup/cartographer_3d_fixed_imu.launch.py
-- Up-to-date symlink: /home/p/ros2_ws/install/lidar_imu_cartographer/share/lidar_imu_cartographer//launch/backup/cartographer_3d_launch.py
-- Up-to-date symlink: /home/p/ros2_ws/install/lidar_imu_cartographer/share/lidar_imu_cartographer//launch/backup/cartographer_3d_real.launch.py
-- Up-to-date symlink: /home/p/ros2_ws/install/lidar_imu_cartographer/share/lidar_imu_cartographer//launch/backup/cartographer_3d_revised.launch.py
-- Up-to-date symlink: /home/p/ros2_ws/install/lidar_imu_cartographer/share/lidar_imu_cartographer//launch/backup/cartographer_3d_revised.launch.py.bak
-- Up-to-date symlink: /home/p/ros2_ws/install/lidar_imu_cartographer/share/lidar_imu_cartographer//launch/backup/cartographer_3d_simple.launch.py
-- Up-to-date symlink: /home/p/ros2_ws/install/lidar_imu_cartographer/share/lidar_imu_cartographer//launch/backup/cartographer_3d_slam.py
-- Up-to-date symlink: /home/p/ros2_ws/install/lidar_imu_cartographer/share/lidar_imu_cartographer//launch/backup/cartographer_3d_solution.launch.py
-- Up-to-date symlink: /home/p/ros2_ws/install/lidar_imu_cartographer/share/lidar_imu_cartographer//launch/backup/cartographer_3d_stable.launch.py
-- Up-to-date symlink: /home/p/ros2_ws/install/lidar_imu_cartographer/share/lidar_imu_cartographer//launch/backup/cartographer_3d_working.launch.py
-- Up-to-date symlink: /home/p/ros2_ws/install/lidar_imu_cartographer/share/lidar_imu_cartographer//launch/backup/cartographer_3d_working_final.launch.py
-- Up-to-date symlink: /home/p/ros2_ws/install/lidar_imu_cartographer/share/lidar_imu_cartographer//launch/backup/cartographer_debug.launch.py
-- Up-to-date symlink: /home/p/ros2_ws/install/lidar_imu_cartographer/share/lidar_imu_cartographer//launch/backup/cartographer_simple.launch.py
-- Up-to-date symlink: /home/p/ros2_ws/install/lidar_imu_cartographer/share/lidar_imu_cartographer//launch/backup/cartographer_simple_fixed.launch.py
-- Up-to-date symlink: /home/p/ros2_ws/install/lidar_imu_cartographer/share/lidar_imu_cartographer//launch/backup/create_rviz_config.py
-- Up-to-date symlink: /home/p/ros2_ws/install/lidar_imu_cartographer/share/lidar_imu_cartographer//launch/backup/lidar_imu_cartographer_2d.launch.py
-- Up-to-date symlink: /home/p/ros2_ws/install/lidar_imu_cartographer/share/lidar_imu_cartographer//launch/backup/lidar_imu_cartographer_2d_revised.launch.py
-- Up-to-date symlink: /home/p/ros2_ws/install/lidar_imu_cartographer/share/lidar_imu_cartographer//launch/backup/lidar_imu_cartographer_3d_debug.py
-- Up-to-date symlink: /home/p/ros2_ws/install/lidar_imu_cartographer/share/lidar_imu_cartographer//launch/backup/lidar_imu_cartographer_3d_full.launch.py
-- Up-to-date symlink: /home/p/ros2_ws/install/lidar_imu_cartographer/share/lidar_imu_cartographer//launch/backup/lidar_imu_cartographer_3d_launch.py
-- Up-to-date symlink: /home/p/ros2_ws/install/lidar_imu_cartographer/share/lidar_imu_cartographer//launch/backup/lidar_imu_cartographer_3d_revised.launch.py
-- Up-to-date symlink: /home/p/ros2_ws/install/lidar_imu_cartographer/share/lidar_imu_cartographer//launch/backup/lidar_imu_cartographer_launch.py
-- Up-to-date symlink: /home/p/ros2_ws/install/lidar_imu_cartographer/share/lidar_imu_cartographer//launch/backup/lidar_imu_cartographer_launch.py.bak
-- Up-to-date symlink: /home/p/ros2_ws/install/lidar_imu_cartographer/share/lidar_imu_cartographer//launch/backup/minimal_3d_cartographer.launch.py
-- Up-to-date symlink: /home/p/ros2_ws/install/lidar_imu_cartographer/share/lidar_imu_cartographer//launch/backup/sensors_with_cartographer_2d_launch.py
-- Up-to-date symlink: /home/p/ros2_ws/install/lidar_imu_cartographer/share/lidar_imu_cartographer//launch/backup/sensors_with_cartographer_3d_launch.py
-- Up-to-date symlink: /home/p/ros2_ws/install/lidar_imu_cartographer/share/lidar_imu_cartographer//launch/backup/sensors_with_cartographer_3d_launch.py.bak
-- Up-to-date symlink: /home/p/ros2_ws/install/lidar_imu_cartographer/share/lidar_imu_cartographer//launch/slam_2d.launch.py
-- Up-to-date symlink: /home/p/ros2_ws/install/lidar_imu_cartographer/share/lidar_imu_cartographer//launch/slam_3d.launch.py
-- Up-to-date symlink: /home/p/ros2_ws/install/lidar_imu_cartographer/share/lidar_imu_cartographer//launch/slam_mapping_test.launch.py
-- Up-to-date symlink: /home/p/ros2_ws/install/lidar_imu_cartographer/share/lidar_imu_cartographer//launch/test.launch.py
-- Up-to-date symlink: /home/p/ros2_ws/install/lidar_imu_cartographer/share/lidar_imu_cartographer//rviz/cartographer_2d.rviz
-- Up-to-date symlink: /home/p/ros2_ws/install/lidar_imu_cartographer/share/lidar_imu_cartographer//rviz/cartographer_3d.rviz
-- Up-to-date symlink: /home/p/ros2_ws/install/lidar_imu_cartographer/lib/lidar_imu_cartographer/debug_cartographer.py
-- Up-to-date symlink: /home/p/ros2_ws/install/lidar_imu_cartographer/share/ament_index/resource_index/package_run_dependencies/lidar_imu_cartographer
-- Up-to-date symlink: /home/p/ros2_ws/install/lidar_imu_cartographer/share/ament_index/resource_index/parent_prefix_path/lidar_imu_cartographer
-- Up-to-date symlink: /home/p/ros2_ws/install/lidar_imu_cartographer/share/lidar_imu_cartographer/environment/ament_prefix_path.sh
-- Up-to-date symlink: /home/p/ros2_ws/install/lidar_imu_cartographer/share/lidar_imu_cartographer/environment/ament_prefix_path.dsv
-- Up-to-date symlink: /home/p/ros2_ws/install/lidar_imu_cartographer/share/lidar_imu_cartographer/environment/path.sh
-- Up-to-date symlink: /home/p/ros2_ws/install/lidar_imu_cartographer/share/lidar_imu_cartographer/environment/path.dsv
-- Up-to-date symlink: /home/p/ros2_ws/install/lidar_imu_cartographer/share/lidar_imu_cartographer/local_setup.bash
-- Up-to-date symlink: /home/p/ros2_ws/install/lidar_imu_cartographer/share/lidar_imu_cartographer/local_setup.sh
-- Up-to-date symlink: /home/p/ros2_ws/install/lidar_imu_cartographer/share/lidar_imu_cartographer/local_setup.zsh
-- Up-to-date symlink: /home/p/ros2_ws/install/lidar_imu_cartographer/share/lidar_imu_cartographer/local_setup.dsv
-- Symlinking: /home/p/ros2_ws/install/lidar_imu_cartographer/share/lidar_imu_cartographer/package.dsv
-- Up-to-date symlink: /home/p/ros2_ws/install/lidar_imu_cartographer/share/ament_index/resource_index/packages/lidar_imu_cartographer
-- Up-to-date symlink: /home/p/ros2_ws/install/lidar_imu_cartographer/share/lidar_imu_cartographer/cmake/lidar_imu_cartographerConfig.cmake
-- Up-to-date symlink: /home/p/ros2_ws/install/lidar_imu_cartographer/share/lidar_imu_cartographer/cmake/lidar_imu_cartographerConfig-version.cmake
-- Up-to-date symlink: /home/p/ros2_ws/install/lidar_imu_cartographer/share/lidar_imu_cartographer/package.xml
-- Up-to-date symlink: /home/p/ros2_ws/install/lidar_imu_cartographer/share/lidar_imu_cartographer/config/backup/backpack_3d.lua
-- Up-to-date symlink: /home/p/ros2_ws/install/lidar_imu_cartographer/share/lidar_imu_cartographer/config/backup/cartographer_3d.lua.bak
-- Up-to-date symlink: /home/p/ros2_ws/install/lidar_imu_cartographer/share/lidar_imu_cartographer/config/backup/cartographer_3d_debug.lua
-- Up-to-date symlink: /home/p/ros2_ws/install/lidar_imu_cartographer/share/lidar_imu_cartographer/config/backup/cartographer_3d_final.lua
-- Up-to-date symlink: /home/p/ros2_ws/install/lidar_imu_cartographer/share/lidar_imu_cartographer/config/backup/cartographer_3d_fixed.lua
-- Up-to-date symlink: /home/p/ros2_ws/install/lidar_imu_cartographer/share/lidar_imu_cartographer/config/backup/cartographer_3d_minimal.lua
-- Up-to-date symlink: /home/p/ros2_ws/install/lidar_imu_cartographer/share/lidar_imu_cartographer/config/backup/cartographer_3d_real.lua
-- Up-to-date symlink: /home/p/ros2_ws/install/lidar_imu_cartographer/share/lidar_imu_cartographer/config/backup/cartographer_3d_scan_imu.lua.bak
-- Up-to-date symlink: /home/p/ros2_ws/install/lidar_imu_cartographer/share/lidar_imu_cartographer/config/backup/cartographer_3d_simple.lua
-- Up-to-date symlink: /home/p/ros2_ws/install/lidar_imu_cartographer/share/lidar_imu_cartographer/config/backup/cartographer_3d_solution.lua
-- Up-to-date symlink: /home/p/ros2_ws/install/lidar_imu_cartographer/share/lidar_imu_cartographer/config/cartographer_2d.lua
-- Up-to-date symlink: /home/p/ros2_ws/install/lidar_imu_cartographer/share/lidar_imu_cartographer/config/cartographer_2d_scan_imu.lua
-- Up-to-date symlink: /home/p/ros2_ws/install/lidar_imu_cartographer/share/lidar_imu_cartographer/config/cartographer_3d.lua
-- Up-to-date symlink: /home/p/ros2_ws/install/lidar_imu_cartographer/share/lidar_imu_cartographer/config/cartographer_3d_scan_imu.lua
