[0.037s] Invoking command in '/home/p/ros2_ws/src/build/cartographer_ros_msgs': CMAKE_PREFIX_PATH=${CMAKE_PREFIX_PATH}:/home/p/ros2_ws/install/sweep_builder:/home/p/ros2_ws/install/optical_cane_rpi:/home/p/ros2_ws/install/mpu9250:/opt/ros/jazzy DEBUGINFOD_URLS=https://debuginfod.ubuntu.com /usr/bin/cmake --build /home/p/ros2_ws/src/build/cartographer_ros_msgs -- -j4 -l4
[0.697s] [  1%] Built target cartographer_ros_msgs__rosidl_generator_type_description
[0.697s] [  1%] Built target cartographer_ros_msgs__cpp
[0.697s] [  1%] Built target ament_cmake_python_copy_cartographer_ros_msgs
[0.697s] [ 29%] Built target cartographer_ros_msgs__rosidl_generator_c
[0.954s] [ 39%] Built target cartographer_ros_msgs__rosidl_typesupport_introspection_c
[1.177s] [ 49%] Built target cartographer_ros_msgs__rosidl_typesupport_cpp
[1.223s] [ 58%] Built target cartographer_ros_msgs__rosidl_typesupport_fastrtps_c
[1.250s] [ 68%] Built target cartographer_ros_msgs__rosidl_typesupport_c
[1.735s] [ 78%] Built target cartographer_ros_msgs__rosidl_typesupport_fastrtps_cpp
[1.735s] [ 88%] Built target cartographer_ros_msgs__rosidl_typesupport_introspection_cpp
[1.765s] [ 88%] Built target cartographer_ros_msgs
[1.888s] [ 88%] Built target cartographer_ros_msgs__py
[2.084s] running egg_info
[2.111s] [ 97%] Built target cartographer_ros_msgs__rosidl_generator_py
[2.203s] writing cartographer_ros_msgs.egg-info/PKG-INFO
[2.209s] writing dependency_links to cartographer_ros_msgs.egg-info/dependency_links.txt
[2.216s] writing top-level names to cartographer_ros_msgs.egg-info/top_level.txt
[2.240s] [ 98%] Built target cartographer_ros_msgs_s__rosidl_typesupport_c
[2.259s] [ 99%] Built target cartographer_ros_msgs_s__rosidl_typesupport_introspection_c
[2.350s] [100%] Built target cartographer_ros_msgs_s__rosidl_typesupport_fastrtps_c
[2.394s] reading manifest file 'cartographer_ros_msgs.egg-info/SOURCES.txt'
[2.400s] writing manifest file 'cartographer_ros_msgs.egg-info/SOURCES.txt'
[2.538s] [100%] Built target ament_cmake_python_build_cartographer_ros_msgs_egg
[2.596s] Invoked command in '/home/p/ros2_ws/src/build/cartographer_ros_msgs' returned '0': CMAKE_PREFIX_PATH=${CMAKE_PREFIX_PATH}:/home/p/ros2_ws/install/sweep_builder:/home/p/ros2_ws/install/optical_cane_rpi:/home/p/ros2_ws/install/mpu9250:/opt/ros/jazzy DEBUGINFOD_URLS=https://debuginfod.ubuntu.com /usr/bin/cmake --build /home/p/ros2_ws/src/build/cartographer_ros_msgs -- -j4 -l4
[2.601s] Invoking command in '/home/p/ros2_ws/src/build/cartographer_ros_msgs': CMAKE_PREFIX_PATH=${CMAKE_PREFIX_PATH}:/home/p/ros2_ws/install/sweep_builder:/home/p/ros2_ws/install/optical_cane_rpi:/home/p/ros2_ws/install/mpu9250:/opt/ros/jazzy DEBUGINFOD_URLS=https://debuginfod.ubuntu.com /usr/bin/cmake --install /home/p/ros2_ws/src/build/cartographer_ros_msgs
[2.637s] -- Install configuration: ""
[2.637s] -- Up-to-date: /home/p/ros2_ws/src/install/cartographer_ros_msgs/share/ament_index/resource_index/rosidl_interfaces/cartographer_ros_msgs
[2.638s] -- Up-to-date: /home/p/ros2_ws/src/install/cartographer_ros_msgs/share/cartographer_ros_msgs/msg/BagfileProgress.json
[2.638s] -- Up-to-date: /home/p/ros2_ws/src/install/cartographer_ros_msgs/share/cartographer_ros_msgs/msg/HistogramBucket.json
[2.638s] -- Up-to-date: /home/p/ros2_ws/src/install/cartographer_ros_msgs/share/cartographer_ros_msgs/msg/LandmarkEntry.json
[2.638s] -- Up-to-date: /home/p/ros2_ws/src/install/cartographer_ros_msgs/share/cartographer_ros_msgs/msg/LandmarkList.json
[2.638s] -- Up-to-date: /home/p/ros2_ws/src/install/cartographer_ros_msgs/share/cartographer_ros_msgs/msg/MetricFamily.json
[2.638s] -- Up-to-date: /home/p/ros2_ws/src/install/cartographer_ros_msgs/share/cartographer_ros_msgs/msg/MetricLabel.json
[2.638s] -- Up-to-date: /home/p/ros2_ws/src/install/cartographer_ros_msgs/share/cartographer_ros_msgs/msg/Metric.json
[2.638s] -- Up-to-date: /home/p/ros2_ws/src/install/cartographer_ros_msgs/share/cartographer_ros_msgs/msg/StatusCode.json
[2.638s] -- Up-to-date: /home/p/ros2_ws/src/install/cartographer_ros_msgs/share/cartographer_ros_msgs/msg/StatusResponse.json
[2.638s] -- Up-to-date: /home/p/ros2_ws/src/install/cartographer_ros_msgs/share/cartographer_ros_msgs/msg/SubmapEntry.json
[2.642s] -- Up-to-date: /home/p/ros2_ws/src/install/cartographer_ros_msgs/share/cartographer_ros_msgs/msg/SubmapList.json
[2.643s] -- Up-to-date: /home/p/ros2_ws/src/install/cartographer_ros_msgs/share/cartographer_ros_msgs/msg/SubmapTexture.json
[2.643s] -- Up-to-date: /home/p/ros2_ws/src/install/cartographer_ros_msgs/share/cartographer_ros_msgs/msg/TrajectoryStates.json
[2.643s] -- Up-to-date: /home/p/ros2_ws/src/install/cartographer_ros_msgs/share/cartographer_ros_msgs/srv/FinishTrajectory.json
[2.643s] -- Up-to-date: /home/p/ros2_ws/src/install/cartographer_ros_msgs/share/cartographer_ros_msgs/srv/GetTrajectoryStates.json
[2.643s] -- Up-to-date: /home/p/ros2_ws/src/install/cartographer_ros_msgs/share/cartographer_ros_msgs/srv/ReadMetrics.json
[2.643s] -- Up-to-date: /home/p/ros2_ws/src/install/cartographer_ros_msgs/share/cartographer_ros_msgs/srv/StartTrajectory.json
[2.643s] -- Up-to-date: /home/p/ros2_ws/src/install/cartographer_ros_msgs/share/cartographer_ros_msgs/srv/TrajectoryQuery.json
[2.644s] -- Up-to-date: /home/p/ros2_ws/src/install/cartographer_ros_msgs/share/cartographer_ros_msgs/srv/SubmapQuery.json
[2.644s] -- Up-to-date: /home/p/ros2_ws/src/install/cartographer_ros_msgs/share/cartographer_ros_msgs/srv/WriteState.json
[2.644s] -- Up-to-date: /home/p/ros2_ws/src/install/cartographer_ros_msgs/include/cartographer_ros_msgs/cartographer_ros_msgs
[2.644s] -- Up-to-date: /home/p/ros2_ws/src/install/cartographer_ros_msgs/include/cartographer_ros_msgs/cartographer_ros_msgs/srv
[2.644s] -- Up-to-date: /home/p/ros2_ws/src/install/cartographer_ros_msgs/include/cartographer_ros_msgs/cartographer_ros_msgs/srv/finish_trajectory.h
[2.644s] -- Up-to-date: /home/p/ros2_ws/src/install/cartographer_ros_msgs/include/cartographer_ros_msgs/cartographer_ros_msgs/srv/trajectory_query.h
[2.644s] -- Up-to-date: /home/p/ros2_ws/src/install/cartographer_ros_msgs/include/cartographer_ros_msgs/cartographer_ros_msgs/srv/detail
[2.644s] -- Up-to-date: /home/p/ros2_ws/src/install/cartographer_ros_msgs/include/cartographer_ros_msgs/cartographer_ros_msgs/srv/detail/write_state__description.c
[2.644s] -- Up-to-date: /home/p/ros2_ws/src/install/cartographer_ros_msgs/include/cartographer_ros_msgs/cartographer_ros_msgs/srv/detail/read_metrics__struct.h
[2.644s] -- Installing: /home/p/ros2_ws/src/install/cartographer_ros_msgs/include/cartographer_ros_msgs/cartographer_ros_msgs/srv/detail/trajectory_query__type_support.c
[2.645s] -- Installing: /home/p/ros2_ws/src/install/cartographer_ros_msgs/include/cartographer_ros_msgs/cartographer_ros_msgs/srv/detail/start_trajectory__type_support.c
[2.649s] -- Up-to-date: /home/p/ros2_ws/src/install/cartographer_ros_msgs/include/cartographer_ros_msgs/cartographer_ros_msgs/srv/detail/write_state__functions.h
[2.649s] -- Up-to-date: /home/p/ros2_ws/src/install/cartographer_ros_msgs/include/cartographer_ros_msgs/cartographer_ros_msgs/srv/detail/trajectory_query__struct.h
[2.649s] -- Up-to-date: /home/p/ros2_ws/src/install/cartographer_ros_msgs/include/cartographer_ros_msgs/cartographer_ros_msgs/srv/detail/start_trajectory__struct.h
[2.649s] -- Up-to-date: /home/p/ros2_ws/src/install/cartographer_ros_msgs/include/cartographer_ros_msgs/cartographer_ros_msgs/srv/detail/trajectory_query__functions.c
[2.649s] -- Up-to-date: /home/p/ros2_ws/src/install/cartographer_ros_msgs/include/cartographer_ros_msgs/cartographer_ros_msgs/srv/detail/finish_trajectory__functions.h
[2.651s] -- Up-to-date: /home/p/ros2_ws/src/install/cartographer_ros_msgs/include/cartographer_ros_msgs/cartographer_ros_msgs/srv/detail/write_state__functions.c
[2.652s] -- Up-to-date: /home/p/ros2_ws/src/install/cartographer_ros_msgs/include/cartographer_ros_msgs/cartographer_ros_msgs/srv/detail/read_metrics__functions.c
[2.652s] -- Up-to-date: /home/p/ros2_ws/src/install/cartographer_ros_msgs/include/cartographer_ros_msgs/cartographer_ros_msgs/srv/detail/finish_trajectory__functions.c
[2.652s] -- Installing: /home/p/ros2_ws/src/install/cartographer_ros_msgs/include/cartographer_ros_msgs/cartographer_ros_msgs/srv/detail/get_trajectory_states__type_support.c
[2.652s] -- Installing: /home/p/ros2_ws/src/install/cartographer_ros_msgs/include/cartographer_ros_msgs/cartographer_ros_msgs/srv/detail/finish_trajectory__type_support.c
[2.652s] -- Up-to-date: /home/p/ros2_ws/src/install/cartographer_ros_msgs/include/cartographer_ros_msgs/cartographer_ros_msgs/srv/detail/start_trajectory__description.c
[2.652s] -- Up-to-date: /home/p/ros2_ws/src/install/cartographer_ros_msgs/include/cartographer_ros_msgs/cartographer_ros_msgs/srv/detail/submap_query__struct.h
[2.652s] -- Installing: /home/p/ros2_ws/src/install/cartographer_ros_msgs/include/cartographer_ros_msgs/cartographer_ros_msgs/srv/detail/submap_query__type_support.c
[2.653s] -- Up-to-date: /home/p/ros2_ws/src/install/cartographer_ros_msgs/include/cartographer_ros_msgs/cartographer_ros_msgs/srv/detail/finish_trajectory__type_support.h
[2.653s] -- Installing: /home/p/ros2_ws/src/install/cartographer_ros_msgs/include/cartographer_ros_msgs/cartographer_ros_msgs/srv/detail/write_state__type_support.c
[2.653s] -- Up-to-date: /home/p/ros2_ws/src/install/cartographer_ros_msgs/include/cartographer_ros_msgs/cartographer_ros_msgs/srv/detail/finish_trajectory__struct.h
[2.653s] -- Up-to-date: /home/p/ros2_ws/src/install/cartographer_ros_msgs/include/cartographer_ros_msgs/cartographer_ros_msgs/srv/detail/get_trajectory_states__description.c
[2.653s] -- Up-to-date: /home/p/ros2_ws/src/install/cartographer_ros_msgs/include/cartographer_ros_msgs/cartographer_ros_msgs/srv/detail/write_state__type_support.h
[2.653s] -- Up-to-date: /home/p/ros2_ws/src/install/cartographer_ros_msgs/include/cartographer_ros_msgs/cartographer_ros_msgs/srv/detail/get_trajectory_states__type_support.h
[2.653s] -- Up-to-date: /home/p/ros2_ws/src/install/cartographer_ros_msgs/include/cartographer_ros_msgs/cartographer_ros_msgs/srv/detail/trajectory_query__type_support.h
[2.653s] -- Up-to-date: /home/p/ros2_ws/src/install/cartographer_ros_msgs/include/cartographer_ros_msgs/cartographer_ros_msgs/srv/detail/get_trajectory_states__struct.h
[2.655s] -- Up-to-date: /home/p/ros2_ws/src/install/cartographer_ros_msgs/include/cartographer_ros_msgs/cartographer_ros_msgs/srv/detail/submap_query__description.c
[2.655s] -- Up-to-date: /home/p/ros2_ws/src/install/cartographer_ros_msgs/include/cartographer_ros_msgs/cartographer_ros_msgs/srv/detail/submap_query__functions.h
[2.655s] -- Up-to-date: /home/p/ros2_ws/src/install/cartographer_ros_msgs/include/cartographer_ros_msgs/cartographer_ros_msgs/srv/detail/trajectory_query__description.c
[2.655s] -- Up-to-date: /home/p/ros2_ws/src/install/cartographer_ros_msgs/include/cartographer_ros_msgs/cartographer_ros_msgs/srv/detail/start_trajectory__functions.c
[2.657s] -- Up-to-date: /home/p/ros2_ws/src/install/cartographer_ros_msgs/include/cartographer_ros_msgs/cartographer_ros_msgs/srv/detail/start_trajectory__type_support.h
[2.657s] -- Up-to-date: /home/p/ros2_ws/src/install/cartographer_ros_msgs/include/cartographer_ros_msgs/cartographer_ros_msgs/srv/detail/start_trajectory__functions.h
[2.657s] -- Up-to-date: /home/p/ros2_ws/src/install/cartographer_ros_msgs/include/cartographer_ros_msgs/cartographer_ros_msgs/srv/detail/trajectory_query__functions.h
[2.657s] -- Up-to-date: /home/p/ros2_ws/src/install/cartographer_ros_msgs/include/cartographer_ros_msgs/cartographer_ros_msgs/srv/detail/submap_query__type_support.h
[2.657s] -- Up-to-date: /home/p/ros2_ws/src/install/cartographer_ros_msgs/include/cartographer_ros_msgs/cartographer_ros_msgs/srv/detail/get_trajectory_states__functions.h
[2.657s] -- Up-to-date: /home/p/ros2_ws/src/install/cartographer_ros_msgs/include/cartographer_ros_msgs/cartographer_ros_msgs/srv/detail/submap_query__functions.c
[2.658s] -- Up-to-date: /home/p/ros2_ws/src/install/cartographer_ros_msgs/include/cartographer_ros_msgs/cartographer_ros_msgs/srv/detail/read_metrics__functions.h
[2.658s] -- Up-to-date: /home/p/ros2_ws/src/install/cartographer_ros_msgs/include/cartographer_ros_msgs/cartographer_ros_msgs/srv/detail/read_metrics__description.c
[2.658s] -- Up-to-date: /home/p/ros2_ws/src/install/cartographer_ros_msgs/include/cartographer_ros_msgs/cartographer_ros_msgs/srv/detail/finish_trajectory__description.c
[2.658s] -- Installing: /home/p/ros2_ws/src/install/cartographer_ros_msgs/include/cartographer_ros_msgs/cartographer_ros_msgs/srv/detail/read_metrics__type_support.c
[2.658s] -- Up-to-date: /home/p/ros2_ws/src/install/cartographer_ros_msgs/include/cartographer_ros_msgs/cartographer_ros_msgs/srv/detail/read_metrics__type_support.h
[2.660s] -- Up-to-date: /home/p/ros2_ws/src/install/cartographer_ros_msgs/include/cartographer_ros_msgs/cartographer_ros_msgs/srv/detail/get_trajectory_states__functions.c
[2.661s] -- Up-to-date: /home/p/ros2_ws/src/install/cartographer_ros_msgs/include/cartographer_ros_msgs/cartographer_ros_msgs/srv/detail/write_state__struct.h
[2.661s] -- Up-to-date: /home/p/ros2_ws/src/install/cartographer_ros_msgs/include/cartographer_ros_msgs/cartographer_ros_msgs/srv/start_trajectory.h
[2.661s] -- Up-to-date: /home/p/ros2_ws/src/install/cartographer_ros_msgs/include/cartographer_ros_msgs/cartographer_ros_msgs/srv/get_trajectory_states.h
[2.661s] -- Up-to-date: /home/p/ros2_ws/src/install/cartographer_ros_msgs/include/cartographer_ros_msgs/cartographer_ros_msgs/srv/read_metrics.h
[2.661s] -- Up-to-date: /home/p/ros2_ws/src/install/cartographer_ros_msgs/include/cartographer_ros_msgs/cartographer_ros_msgs/srv/write_state.h
[2.661s] -- Up-to-date: /home/p/ros2_ws/src/install/cartographer_ros_msgs/include/cartographer_ros_msgs/cartographer_ros_msgs/srv/submap_query.h
[2.662s] -- Up-to-date: /home/p/ros2_ws/src/install/cartographer_ros_msgs/include/cartographer_ros_msgs/cartographer_ros_msgs/msg
[2.662s] -- Up-to-date: /home/p/ros2_ws/src/install/cartographer_ros_msgs/include/cartographer_ros_msgs/cartographer_ros_msgs/msg/metric_family.h
[2.663s] -- Up-to-date: /home/p/ros2_ws/src/install/cartographer_ros_msgs/include/cartographer_ros_msgs/cartographer_ros_msgs/msg/submap_entry.h
[2.663s] -- Up-to-date: /home/p/ros2_ws/src/install/cartographer_ros_msgs/include/cartographer_ros_msgs/cartographer_ros_msgs/msg/histogram_bucket.h
[2.664s] -- Up-to-date: /home/p/ros2_ws/src/install/cartographer_ros_msgs/include/cartographer_ros_msgs/cartographer_ros_msgs/msg/metric_label.h
[2.664s] -- Up-to-date: /home/p/ros2_ws/src/install/cartographer_ros_msgs/include/cartographer_ros_msgs/cartographer_ros_msgs/msg/rosidl_generator_c__visibility_control.h
[2.664s] -- Up-to-date: /home/p/ros2_ws/src/install/cartographer_ros_msgs/include/cartographer_ros_msgs/cartographer_ros_msgs/msg/bagfile_progress.h
[2.664s] -- Up-to-date: /home/p/ros2_ws/src/install/cartographer_ros_msgs/include/cartographer_ros_msgs/cartographer_ros_msgs/msg/metric.h
[2.666s] -- Up-to-date: /home/p/ros2_ws/src/install/cartographer_ros_msgs/include/cartographer_ros_msgs/cartographer_ros_msgs/msg/landmark_list.h
[2.667s] -- Up-to-date: /home/p/ros2_ws/src/install/cartographer_ros_msgs/include/cartographer_ros_msgs/cartographer_ros_msgs/msg/detail
[2.667s] -- Up-to-date: /home/p/ros2_ws/src/install/cartographer_ros_msgs/include/cartographer_ros_msgs/cartographer_ros_msgs/msg/detail/landmark_list__description.c
[2.667s] -- Up-to-date: /home/p/ros2_ws/src/install/cartographer_ros_msgs/include/cartographer_ros_msgs/cartographer_ros_msgs/msg/detail/status_response__type_support.h
[2.667s] -- Up-to-date: /home/p/ros2_ws/src/install/cartographer_ros_msgs/include/cartographer_ros_msgs/cartographer_ros_msgs/msg/detail/landmark_list__type_support.h
[2.667s] -- Up-to-date: /home/p/ros2_ws/src/install/cartographer_ros_msgs/include/cartographer_ros_msgs/cartographer_ros_msgs/msg/detail/submap_entry__functions.c
[2.667s] -- Up-to-date: /home/p/ros2_ws/src/install/cartographer_ros_msgs/include/cartographer_ros_msgs/cartographer_ros_msgs/msg/detail/metric_label__type_support.h
[2.667s] -- Up-to-date: /home/p/ros2_ws/src/install/cartographer_ros_msgs/include/cartographer_ros_msgs/cartographer_ros_msgs/msg/detail/landmark_entry__struct.h
[2.667s] -- Installing: /home/p/ros2_ws/src/install/cartographer_ros_msgs/include/cartographer_ros_msgs/cartographer_ros_msgs/msg/detail/landmark_entry__type_support.c
[2.668s] -- Up-to-date: /home/p/ros2_ws/src/install/cartographer_ros_msgs/include/cartographer_ros_msgs/cartographer_ros_msgs/msg/detail/bagfile_progress__struct.h
[2.668s] -- Installing: /home/p/ros2_ws/src/install/cartographer_ros_msgs/include/cartographer_ros_msgs/cartographer_ros_msgs/msg/detail/bagfile_progress__type_support.c
[2.668s] -- Installing: /home/p/ros2_ws/src/install/cartographer_ros_msgs/include/cartographer_ros_msgs/cartographer_ros_msgs/msg/detail/status_response__type_support.c
[2.668s] -- Up-to-date: /home/p/ros2_ws/src/install/cartographer_ros_msgs/include/cartographer_ros_msgs/cartographer_ros_msgs/msg/detail/bagfile_progress__functions.c
[2.668s] -- Up-to-date: /home/p/ros2_ws/src/install/cartographer_ros_msgs/include/cartographer_ros_msgs/cartographer_ros_msgs/msg/detail/submap_texture__functions.h
[2.668s] -- Up-to-date: /home/p/ros2_ws/src/install/cartographer_ros_msgs/include/cartographer_ros_msgs/cartographer_ros_msgs/msg/detail/submap_texture__description.c
[2.668s] -- Up-to-date: /home/p/ros2_ws/src/install/cartographer_ros_msgs/include/cartographer_ros_msgs/cartographer_ros_msgs/msg/detail/histogram_bucket__functions.h
[2.668s] -- Up-to-date: /home/p/ros2_ws/src/install/cartographer_ros_msgs/include/cartographer_ros_msgs/cartographer_ros_msgs/msg/detail/metric_family__description.c
[2.668s] -- Installing: /home/p/ros2_ws/src/install/cartographer_ros_msgs/include/cartographer_ros_msgs/cartographer_ros_msgs/msg/detail/status_code__type_support.c
[2.668s] -- Up-to-date: /home/p/ros2_ws/src/install/cartographer_ros_msgs/include/cartographer_ros_msgs/cartographer_ros_msgs/msg/detail/landmark_list__struct.h
[2.669s] -- Up-to-date: /home/p/ros2_ws/src/install/cartographer_ros_msgs/include/cartographer_ros_msgs/cartographer_ros_msgs/msg/detail/status_code__struct.h
[2.669s] -- Up-to-date: /home/p/ros2_ws/src/install/cartographer_ros_msgs/include/cartographer_ros_msgs/cartographer_ros_msgs/msg/detail/bagfile_progress__description.c
[2.669s] -- Up-to-date: /home/p/ros2_ws/src/install/cartographer_ros_msgs/include/cartographer_ros_msgs/cartographer_ros_msgs/msg/detail/status_response__functions.c
[2.669s] -- Up-to-date: /home/p/ros2_ws/src/install/cartographer_ros_msgs/include/cartographer_ros_msgs/cartographer_ros_msgs/msg/detail/status_response__functions.h
[2.669s] -- Up-to-date: /home/p/ros2_ws/src/install/cartographer_ros_msgs/include/cartographer_ros_msgs/cartographer_ros_msgs/msg/detail/submap_list__description.c
[2.669s] -- Up-to-date: /home/p/ros2_ws/src/install/cartographer_ros_msgs/include/cartographer_ros_msgs/cartographer_ros_msgs/msg/detail/status_code__functions.h
[2.669s] -- Installing: /home/p/ros2_ws/src/install/cartographer_ros_msgs/include/cartographer_ros_msgs/cartographer_ros_msgs/msg/detail/metric_family__type_support.c
[2.669s] -- Installing: /home/p/ros2_ws/src/install/cartographer_ros_msgs/include/cartographer_ros_msgs/cartographer_ros_msgs/msg/detail/landmark_list__type_support.c
[2.669s] -- Up-to-date: /home/p/ros2_ws/src/install/cartographer_ros_msgs/include/cartographer_ros_msgs/cartographer_ros_msgs/msg/detail/landmark_entry__type_support.h
[2.669s] -- Up-to-date: /home/p/ros2_ws/src/install/cartographer_ros_msgs/include/cartographer_ros_msgs/cartographer_ros_msgs/msg/detail/metric__description.c
[2.669s] -- Up-to-date: /home/p/ros2_ws/src/install/cartographer_ros_msgs/include/cartographer_ros_msgs/cartographer_ros_msgs/msg/detail/metric__type_support.h
[2.670s] -- Up-to-date: /home/p/ros2_ws/src/install/cartographer_ros_msgs/include/cartographer_ros_msgs/cartographer_ros_msgs/msg/detail/submap_texture__struct.h
[2.670s] -- Up-to-date: /home/p/ros2_ws/src/install/cartographer_ros_msgs/include/cartographer_ros_msgs/cartographer_ros_msgs/msg/detail/status_code__type_support.h
[2.670s] -- Up-to-date: /home/p/ros2_ws/src/install/cartographer_ros_msgs/include/cartographer_ros_msgs/cartographer_ros_msgs/msg/detail/landmark_entry__functions.h
[2.670s] -- Installing: /home/p/ros2_ws/src/install/cartographer_ros_msgs/include/cartographer_ros_msgs/cartographer_ros_msgs/msg/detail/metric__type_support.c
[2.670s] -- Up-to-date: /home/p/ros2_ws/src/install/cartographer_ros_msgs/include/cartographer_ros_msgs/cartographer_ros_msgs/msg/detail/metric_family__functions.c
[2.670s] -- Installing: /home/p/ros2_ws/src/install/cartographer_ros_msgs/include/cartographer_ros_msgs/cartographer_ros_msgs/msg/detail/trajectory_states__type_support.c
[2.670s] -- Up-to-date: /home/p/ros2_ws/src/install/cartographer_ros_msgs/include/cartographer_ros_msgs/cartographer_ros_msgs/msg/detail/histogram_bucket__description.c
[2.674s] -- Up-to-date: /home/p/ros2_ws/src/install/cartographer_ros_msgs/include/cartographer_ros_msgs/cartographer_ros_msgs/msg/detail/submap_entry__type_support.h
[2.674s] -- Up-to-date: /home/p/ros2_ws/src/install/cartographer_ros_msgs/include/cartographer_ros_msgs/cartographer_ros_msgs/msg/detail/status_response__struct.h
[2.674s] -- Up-to-date: /home/p/ros2_ws/src/install/cartographer_ros_msgs/include/cartographer_ros_msgs/cartographer_ros_msgs/msg/detail/submap_entry__functions.h
[2.674s] -- Up-to-date: /home/p/ros2_ws/src/install/cartographer_ros_msgs/include/cartographer_ros_msgs/cartographer_ros_msgs/msg/detail/histogram_bucket__struct.h
[2.674s] -- Up-to-date: /home/p/ros2_ws/src/install/cartographer_ros_msgs/include/cartographer_ros_msgs/cartographer_ros_msgs/msg/detail/histogram_bucket__functions.c
[2.674s] -- Up-to-date: /home/p/ros2_ws/src/install/cartographer_ros_msgs/include/cartographer_ros_msgs/cartographer_ros_msgs/msg/detail/status_code__description.c
[2.674s] -- Up-to-date: /home/p/ros2_ws/src/install/cartographer_ros_msgs/include/cartographer_ros_msgs/cartographer_ros_msgs/msg/detail/landmark_list__functions.h
[2.674s] -- Installing: /home/p/ros2_ws/src/install/cartographer_ros_msgs/include/cartographer_ros_msgs/cartographer_ros_msgs/msg/detail/submap_entry__type_support.c
[2.674s] -- Up-to-date: /home/p/ros2_ws/src/install/cartographer_ros_msgs/include/cartographer_ros_msgs/cartographer_ros_msgs/msg/detail/bagfile_progress__functions.h
[2.675s] -- Up-to-date: /home/p/ros2_ws/src/install/cartographer_ros_msgs/include/cartographer_ros_msgs/cartographer_ros_msgs/msg/detail/submap_list__struct.h
[2.675s] -- Up-to-date: /home/p/ros2_ws/src/install/cartographer_ros_msgs/include/cartographer_ros_msgs/cartographer_ros_msgs/msg/detail/trajectory_states__functions.h
[2.675s] -- Up-to-date: /home/p/ros2_ws/src/install/cartographer_ros_msgs/include/cartographer_ros_msgs/cartographer_ros_msgs/msg/detail/metric_label__functions.c
[2.675s] -- Installing: /home/p/ros2_ws/src/install/cartographer_ros_msgs/include/cartographer_ros_msgs/cartographer_ros_msgs/msg/detail/metric_label__type_support.c
[2.675s] -- Up-to-date: /home/p/ros2_ws/src/install/cartographer_ros_msgs/include/cartographer_ros_msgs/cartographer_ros_msgs/msg/detail/submap_list__type_support.h
[2.675s] -- Up-to-date: /home/p/ros2_ws/src/install/cartographer_ros_msgs/include/cartographer_ros_msgs/cartographer_ros_msgs/msg/detail/metric_label__struct.h
[2.675s] -- Up-to-date: /home/p/ros2_ws/src/install/cartographer_ros_msgs/include/cartographer_ros_msgs/cartographer_ros_msgs/msg/detail/submap_texture__type_support.h
[2.675s] -- Up-to-date: /home/p/ros2_ws/src/install/cartographer_ros_msgs/include/cartographer_ros_msgs/cartographer_ros_msgs/msg/detail/submap_list__functions.h
[2.675s] -- Up-to-date: /home/p/ros2_ws/src/install/cartographer_ros_msgs/include/cartographer_ros_msgs/cartographer_ros_msgs/msg/detail/status_code__functions.c
[2.675s] -- Up-to-date: /home/p/ros2_ws/src/install/cartographer_ros_msgs/include/cartographer_ros_msgs/cartographer_ros_msgs/msg/detail/trajectory_states__type_support.h
[2.676s] -- Up-to-date: /home/p/ros2_ws/src/install/cartographer_ros_msgs/include/cartographer_ros_msgs/cartographer_ros_msgs/msg/detail/metric_family__type_support.h
[2.676s] -- Up-to-date: /home/p/ros2_ws/src/install/cartographer_ros_msgs/include/cartographer_ros_msgs/cartographer_ros_msgs/msg/detail/landmark_entry__functions.c
[2.676s] -- Up-to-date: /home/p/ros2_ws/src/install/cartographer_ros_msgs/include/cartographer_ros_msgs/cartographer_ros_msgs/msg/detail/submap_list__functions.c
[2.676s] -- Up-to-date: /home/p/ros2_ws/src/install/cartographer_ros_msgs/include/cartographer_ros_msgs/cartographer_ros_msgs/msg/detail/landmark_list__functions.c
[2.676s] -- Up-to-date: /home/p/ros2_ws/src/install/cartographer_ros_msgs/include/cartographer_ros_msgs/cartographer_ros_msgs/msg/detail/metric__functions.h
[2.676s] -- Up-to-date: /home/p/ros2_ws/src/install/cartographer_ros_msgs/include/cartographer_ros_msgs/cartographer_ros_msgs/msg/detail/histogram_bucket__type_support.h
[2.676s] -- Up-to-date: /home/p/ros2_ws/src/install/cartographer_ros_msgs/include/cartographer_ros_msgs/cartographer_ros_msgs/msg/detail/metric_family__functions.h
[2.679s] -- Up-to-date: /home/p/ros2_ws/src/install/cartographer_ros_msgs/include/cartographer_ros_msgs/cartographer_ros_msgs/msg/detail/trajectory_states__description.c
[2.679s] -- Up-to-date: /home/p/ros2_ws/src/install/cartographer_ros_msgs/include/cartographer_ros_msgs/cartographer_ros_msgs/msg/detail/bagfile_progress__type_support.h
[2.680s] -- Up-to-date: /home/p/ros2_ws/src/install/cartographer_ros_msgs/include/cartographer_ros_msgs/cartographer_ros_msgs/msg/detail/metric_label__description.c
[2.680s] -- Installing: /home/p/ros2_ws/src/install/cartographer_ros_msgs/include/cartographer_ros_msgs/cartographer_ros_msgs/msg/detail/histogram_bucket__type_support.c
[2.680s] -- Up-to-date: /home/p/ros2_ws/src/install/cartographer_ros_msgs/include/cartographer_ros_msgs/cartographer_ros_msgs/msg/detail/metric_label__functions.h
[2.680s] -- Up-to-date: /home/p/ros2_ws/src/install/cartographer_ros_msgs/include/cartographer_ros_msgs/cartographer_ros_msgs/msg/detail/metric__struct.h
[2.680s] -- Installing: /home/p/ros2_ws/src/install/cartographer_ros_msgs/include/cartographer_ros_msgs/cartographer_ros_msgs/msg/detail/submap_list__type_support.c
[2.680s] -- Up-to-date: /home/p/ros2_ws/src/install/cartographer_ros_msgs/include/cartographer_ros_msgs/cartographer_ros_msgs/msg/detail/landmark_entry__description.c
[2.680s] -- Up-to-date: /home/p/ros2_ws/src/install/cartographer_ros_msgs/include/cartographer_ros_msgs/cartographer_ros_msgs/msg/detail/status_response__description.c
[2.680s] -- Up-to-date: /home/p/ros2_ws/src/install/cartographer_ros_msgs/include/cartographer_ros_msgs/cartographer_ros_msgs/msg/detail/submap_entry__struct.h
[2.696s] -- Up-to-date: /home/p/ros2_ws/src/install/cartographer_ros_msgs/include/cartographer_ros_msgs/cartographer_ros_msgs/msg/detail/trajectory_states__struct.h
[2.697s] -- Up-to-date: /home/p/ros2_ws/src/install/cartographer_ros_msgs/include/cartographer_ros_msgs/cartographer_ros_msgs/msg/detail/trajectory_states__functions.c
[2.697s] -- Up-to-date: /home/p/ros2_ws/src/install/cartographer_ros_msgs/include/cartographer_ros_msgs/cartographer_ros_msgs/msg/detail/submap_texture__functions.c
[2.697s] -- Up-to-date: /home/p/ros2_ws/src/install/cartographer_ros_msgs/include/cartographer_ros_msgs/cartographer_ros_msgs/msg/detail/metric__functions.c
[2.697s] -- Installing: /home/p/ros2_ws/src/install/cartographer_ros_msgs/include/cartographer_ros_msgs/cartographer_ros_msgs/msg/detail/submap_texture__type_support.c
[2.697s] -- Up-to-date: /home/p/ros2_ws/src/install/cartographer_ros_msgs/include/cartographer_ros_msgs/cartographer_ros_msgs/msg/detail/submap_entry__description.c
[2.697s] -- Up-to-date: /home/p/ros2_ws/src/install/cartographer_ros_msgs/include/cartographer_ros_msgs/cartographer_ros_msgs/msg/detail/metric_family__struct.h
[2.697s] -- Up-to-date: /home/p/ros2_ws/src/install/cartographer_ros_msgs/include/cartographer_ros_msgs/cartographer_ros_msgs/msg/trajectory_states.h
[2.698s] -- Up-to-date: /home/p/ros2_ws/src/install/cartographer_ros_msgs/include/cartographer_ros_msgs/cartographer_ros_msgs/msg/status_response.h
[2.698s] -- Up-to-date: /home/p/ros2_ws/src/install/cartographer_ros_msgs/include/cartographer_ros_msgs/cartographer_ros_msgs/msg/status_code.h
[2.698s] -- Up-to-date: /home/p/ros2_ws/src/install/cartographer_ros_msgs/include/cartographer_ros_msgs/cartographer_ros_msgs/msg/submap_list.h
[2.698s] -- Up-to-date: /home/p/ros2_ws/src/install/cartographer_ros_msgs/include/cartographer_ros_msgs/cartographer_ros_msgs/msg/submap_texture.h
[2.698s] -- Up-to-date: /home/p/ros2_ws/src/install/cartographer_ros_msgs/include/cartographer_ros_msgs/cartographer_ros_msgs/msg/landmark_entry.h
[2.698s] -- Up-to-date: /home/p/ros2_ws/src/install/cartographer_ros_msgs/share/cartographer_ros_msgs/environment/library_path.sh
[2.698s] -- Up-to-date: /home/p/ros2_ws/src/install/cartographer_ros_msgs/share/cartographer_ros_msgs/environment/library_path.dsv
[2.705s] -- Up-to-date: /home/p/ros2_ws/src/install/cartographer_ros_msgs/lib/libcartographer_ros_msgs__rosidl_generator_c.so
[2.706s] -- Up-to-date: /home/p/ros2_ws/src/install/cartographer_ros_msgs/include/cartographer_ros_msgs/cartographer_ros_msgs
[2.710s] -- Up-to-date: /home/p/ros2_ws/src/install/cartographer_ros_msgs/include/cartographer_ros_msgs/cartographer_ros_msgs/srv
[2.711s] -- Up-to-date: /home/p/ros2_ws/src/install/cartographer_ros_msgs/include/cartographer_ros_msgs/cartographer_ros_msgs/srv/detail
[2.711s] -- Up-to-date: /home/p/ros2_ws/src/install/cartographer_ros_msgs/include/cartographer_ros_msgs/cartographer_ros_msgs/srv/detail/finish_trajectory__rosidl_typesupport_fastrtps_c.h
[2.711s] -- Up-to-date: /home/p/ros2_ws/src/install/cartographer_ros_msgs/include/cartographer_ros_msgs/cartographer_ros_msgs/srv/detail/write_state__rosidl_typesupport_fastrtps_c.h
[2.711s] -- Up-to-date: /home/p/ros2_ws/src/install/cartographer_ros_msgs/include/cartographer_ros_msgs/cartographer_ros_msgs/srv/detail/start_trajectory__rosidl_typesupport_fastrtps_c.h
[2.711s] -- Up-to-date: /home/p/ros2_ws/src/install/cartographer_ros_msgs/include/cartographer_ros_msgs/cartographer_ros_msgs/srv/detail/trajectory_query__rosidl_typesupport_fastrtps_c.h
[2.711s] -- Up-to-date: /home/p/ros2_ws/src/install/cartographer_ros_msgs/include/cartographer_ros_msgs/cartographer_ros_msgs/srv/detail/submap_query__rosidl_typesupport_fastrtps_c.h
[2.711s] -- Up-to-date: /home/p/ros2_ws/src/install/cartographer_ros_msgs/include/cartographer_ros_msgs/cartographer_ros_msgs/srv/detail/read_metrics__rosidl_typesupport_fastrtps_c.h
[2.711s] -- Up-to-date: /home/p/ros2_ws/src/install/cartographer_ros_msgs/include/cartographer_ros_msgs/cartographer_ros_msgs/srv/detail/get_trajectory_states__rosidl_typesupport_fastrtps_c.h
[2.711s] -- Up-to-date: /home/p/ros2_ws/src/install/cartographer_ros_msgs/include/cartographer_ros_msgs/cartographer_ros_msgs/msg
[2.711s] -- Up-to-date: /home/p/ros2_ws/src/install/cartographer_ros_msgs/include/cartographer_ros_msgs/cartographer_ros_msgs/msg/rosidl_typesupport_fastrtps_c__visibility_control.h
[2.712s] -- Up-to-date: /home/p/ros2_ws/src/install/cartographer_ros_msgs/include/cartographer_ros_msgs/cartographer_ros_msgs/msg/detail
[2.712s] -- Up-to-date: /home/p/ros2_ws/src/install/cartographer_ros_msgs/include/cartographer_ros_msgs/cartographer_ros_msgs/msg/detail/submap_list__rosidl_typesupport_fastrtps_c.h
[2.712s] -- Up-to-date: /home/p/ros2_ws/src/install/cartographer_ros_msgs/include/cartographer_ros_msgs/cartographer_ros_msgs/msg/detail/bagfile_progress__rosidl_typesupport_fastrtps_c.h
[2.712s] -- Up-to-date: /home/p/ros2_ws/src/install/cartographer_ros_msgs/include/cartographer_ros_msgs/cartographer_ros_msgs/msg/detail/submap_entry__rosidl_typesupport_fastrtps_c.h
[2.712s] -- Up-to-date: /home/p/ros2_ws/src/install/cartographer_ros_msgs/include/cartographer_ros_msgs/cartographer_ros_msgs/msg/detail/trajectory_states__rosidl_typesupport_fastrtps_c.h
[2.712s] -- Up-to-date: /home/p/ros2_ws/src/install/cartographer_ros_msgs/include/cartographer_ros_msgs/cartographer_ros_msgs/msg/detail/submap_texture__rosidl_typesupport_fastrtps_c.h
[2.712s] -- Up-to-date: /home/p/ros2_ws/src/install/cartographer_ros_msgs/include/cartographer_ros_msgs/cartographer_ros_msgs/msg/detail/metric_family__rosidl_typesupport_fastrtps_c.h
[2.714s] -- Up-to-date: /home/p/ros2_ws/src/install/cartographer_ros_msgs/include/cartographer_ros_msgs/cartographer_ros_msgs/msg/detail/status_response__rosidl_typesupport_fastrtps_c.h
[2.715s] -- Up-to-date: /home/p/ros2_ws/src/install/cartographer_ros_msgs/include/cartographer_ros_msgs/cartographer_ros_msgs/msg/detail/landmark_list__rosidl_typesupport_fastrtps_c.h
[2.715s] -- Up-to-date: /home/p/ros2_ws/src/install/cartographer_ros_msgs/include/cartographer_ros_msgs/cartographer_ros_msgs/msg/detail/landmark_entry__rosidl_typesupport_fastrtps_c.h
[2.715s] -- Up-to-date: /home/p/ros2_ws/src/install/cartographer_ros_msgs/include/cartographer_ros_msgs/cartographer_ros_msgs/msg/detail/status_code__rosidl_typesupport_fastrtps_c.h
[2.715s] -- Up-to-date: /home/p/ros2_ws/src/install/cartographer_ros_msgs/include/cartographer_ros_msgs/cartographer_ros_msgs/msg/detail/metric__rosidl_typesupport_fastrtps_c.h
[2.715s] -- Up-to-date: /home/p/ros2_ws/src/install/cartographer_ros_msgs/include/cartographer_ros_msgs/cartographer_ros_msgs/msg/detail/histogram_bucket__rosidl_typesupport_fastrtps_c.h
[2.715s] -- Up-to-date: /home/p/ros2_ws/src/install/cartographer_ros_msgs/include/cartographer_ros_msgs/cartographer_ros_msgs/msg/detail/metric_label__rosidl_typesupport_fastrtps_c.h
[2.762s] -- Up-to-date: /home/p/ros2_ws/src/install/cartographer_ros_msgs/lib/libcartographer_ros_msgs__rosidl_typesupport_fastrtps_c.so
[2.762s] -- Up-to-date: /home/p/ros2_ws/src/install/cartographer_ros_msgs/include/cartographer_ros_msgs/cartographer_ros_msgs
[2.762s] -- Up-to-date: /home/p/ros2_ws/src/install/cartographer_ros_msgs/include/cartographer_ros_msgs/cartographer_ros_msgs/srv
[2.762s] -- Up-to-date: /home/p/ros2_ws/src/install/cartographer_ros_msgs/include/cartographer_ros_msgs/cartographer_ros_msgs/srv/detail
[2.762s] -- Installing: /home/p/ros2_ws/src/install/cartographer_ros_msgs/include/cartographer_ros_msgs/cartographer_ros_msgs/srv/detail/trajectory_query__type_support.c
[2.762s] -- Installing: /home/p/ros2_ws/src/install/cartographer_ros_msgs/include/cartographer_ros_msgs/cartographer_ros_msgs/srv/detail/start_trajectory__type_support.c
[2.763s] -- Up-to-date: /home/p/ros2_ws/src/install/cartographer_ros_msgs/include/cartographer_ros_msgs/cartographer_ros_msgs/srv/detail/start_trajectory__rosidl_typesupport_introspection_c.h
[2.763s] -- Installing: /home/p/ros2_ws/src/install/cartographer_ros_msgs/include/cartographer_ros_msgs/cartographer_ros_msgs/srv/detail/get_trajectory_states__type_support.c
[2.763s] -- Installing: /home/p/ros2_ws/src/install/cartographer_ros_msgs/include/cartographer_ros_msgs/cartographer_ros_msgs/srv/detail/finish_trajectory__type_support.c
[2.763s] -- Installing: /home/p/ros2_ws/src/install/cartographer_ros_msgs/include/cartographer_ros_msgs/cartographer_ros_msgs/srv/detail/submap_query__type_support.c
[2.770s] -- Up-to-date: /home/p/ros2_ws/src/install/cartographer_ros_msgs/include/cartographer_ros_msgs/cartographer_ros_msgs/srv/detail/read_metrics__rosidl_typesupport_introspection_c.h
[2.770s] -- Up-to-date: /home/p/ros2_ws/src/install/cartographer_ros_msgs/include/cartographer_ros_msgs/cartographer_ros_msgs/srv/detail/write_state__rosidl_typesupport_introspection_c.h
[2.770s] -- Installing: /home/p/ros2_ws/src/install/cartographer_ros_msgs/include/cartographer_ros_msgs/cartographer_ros_msgs/srv/detail/write_state__type_support.c
[2.770s] -- Up-to-date: /home/p/ros2_ws/src/install/cartographer_ros_msgs/include/cartographer_ros_msgs/cartographer_ros_msgs/srv/detail/get_trajectory_states__rosidl_typesupport_introspection_c.h
[2.770s] -- Up-to-date: /home/p/ros2_ws/src/install/cartographer_ros_msgs/include/cartographer_ros_msgs/cartographer_ros_msgs/srv/detail/trajectory_query__rosidl_typesupport_introspection_c.h
[2.770s] -- Up-to-date: /home/p/ros2_ws/src/install/cartographer_ros_msgs/include/cartographer_ros_msgs/cartographer_ros_msgs/srv/detail/submap_query__rosidl_typesupport_introspection_c.h
[2.770s] -- Up-to-date: /home/p/ros2_ws/src/install/cartographer_ros_msgs/include/cartographer_ros_msgs/cartographer_ros_msgs/srv/detail/finish_trajectory__rosidl_typesupport_introspection_c.h
[2.770s] -- Installing: /home/p/ros2_ws/src/install/cartographer_ros_msgs/include/cartographer_ros_msgs/cartographer_ros_msgs/srv/detail/read_metrics__type_support.c
[2.773s] -- Up-to-date: /home/p/ros2_ws/src/install/cartographer_ros_msgs/include/cartographer_ros_msgs/cartographer_ros_msgs/msg
[2.773s] -- Up-to-date: /home/p/ros2_ws/src/install/cartographer_ros_msgs/include/cartographer_ros_msgs/cartographer_ros_msgs/msg/detail
[2.773s] -- Installing: /home/p/ros2_ws/src/install/cartographer_ros_msgs/include/cartographer_ros_msgs/cartographer_ros_msgs/msg/detail/landmark_entry__type_support.c
[2.774s] -- Up-to-date: /home/p/ros2_ws/src/install/cartographer_ros_msgs/include/cartographer_ros_msgs/cartographer_ros_msgs/msg/detail/status_code__rosidl_typesupport_introspection_c.h
[2.779s] -- Installing: /home/p/ros2_ws/src/install/cartographer_ros_msgs/include/cartographer_ros_msgs/cartographer_ros_msgs/msg/detail/bagfile_progress__type_support.c
[2.779s] -- Installing: /home/p/ros2_ws/src/install/cartographer_ros_msgs/include/cartographer_ros_msgs/cartographer_ros_msgs/msg/detail/status_response__type_support.c
[2.787s] -- Installing: /home/p/ros2_ws/src/install/cartographer_ros_msgs/include/cartographer_ros_msgs/cartographer_ros_msgs/msg/detail/status_code__type_support.c
[2.787s] -- Up-to-date: /home/p/ros2_ws/src/install/cartographer_ros_msgs/include/cartographer_ros_msgs/cartographer_ros_msgs/msg/detail/status_response__rosidl_typesupport_introspection_c.h
[2.787s] -- Installing: /home/p/ros2_ws/src/install/cartographer_ros_msgs/include/cartographer_ros_msgs/cartographer_ros_msgs/msg/detail/metric_family__type_support.c
[2.787s] -- Installing: /home/p/ros2_ws/src/install/cartographer_ros_msgs/include/cartographer_ros_msgs/cartographer_ros_msgs/msg/detail/landmark_list__type_support.c
[2.787s] -- Up-to-date: /home/p/ros2_ws/src/install/cartographer_ros_msgs/include/cartographer_ros_msgs/cartographer_ros_msgs/msg/detail/trajectory_states__rosidl_typesupport_introspection_c.h
[2.787s] -- Installing: /home/p/ros2_ws/src/install/cartographer_ros_msgs/include/cartographer_ros_msgs/cartographer_ros_msgs/msg/detail/metric__type_support.c
[2.787s] -- Installing: /home/p/ros2_ws/src/install/cartographer_ros_msgs/include/cartographer_ros_msgs/cartographer_ros_msgs/msg/detail/trajectory_states__type_support.c
[2.787s] -- Up-to-date: /home/p/ros2_ws/src/install/cartographer_ros_msgs/include/cartographer_ros_msgs/cartographer_ros_msgs/msg/detail/metric_label__rosidl_typesupport_introspection_c.h
[2.788s] -- Installing: /home/p/ros2_ws/src/install/cartographer_ros_msgs/include/cartographer_ros_msgs/cartographer_ros_msgs/msg/detail/submap_entry__type_support.c
[2.788s] -- Up-to-date: /home/p/ros2_ws/src/install/cartographer_ros_msgs/include/cartographer_ros_msgs/cartographer_ros_msgs/msg/detail/landmark_list__rosidl_typesupport_introspection_c.h
[2.788s] -- Up-to-date: /home/p/ros2_ws/src/install/cartographer_ros_msgs/include/cartographer_ros_msgs/cartographer_ros_msgs/msg/detail/metric__rosidl_typesupport_introspection_c.h
[2.788s] -- Up-to-date: /home/p/ros2_ws/src/install/cartographer_ros_msgs/include/cartographer_ros_msgs/cartographer_ros_msgs/msg/detail/submap_texture__rosidl_typesupport_introspection_c.h
[2.788s] -- Installing: /home/p/ros2_ws/src/install/cartographer_ros_msgs/include/cartographer_ros_msgs/cartographer_ros_msgs/msg/detail/metric_label__type_support.c
[2.788s] -- Up-to-date: /home/p/ros2_ws/src/install/cartographer_ros_msgs/include/cartographer_ros_msgs/cartographer_ros_msgs/msg/detail/submap_list__rosidl_typesupport_introspection_c.h
[2.804s] -- Up-to-date: /home/p/ros2_ws/src/install/cartographer_ros_msgs/include/cartographer_ros_msgs/cartographer_ros_msgs/msg/detail/submap_entry__rosidl_typesupport_introspection_c.h
[2.805s] -- Installing: /home/p/ros2_ws/src/install/cartographer_ros_msgs/include/cartographer_ros_msgs/cartographer_ros_msgs/msg/detail/histogram_bucket__type_support.c
[2.805s] -- Installing: /home/p/ros2_ws/src/install/cartographer_ros_msgs/include/cartographer_ros_msgs/cartographer_ros_msgs/msg/detail/submap_list__type_support.c
[2.805s] -- Up-to-date: /home/p/ros2_ws/src/install/cartographer_ros_msgs/include/cartographer_ros_msgs/cartographer_ros_msgs/msg/detail/bagfile_progress__rosidl_typesupport_introspection_c.h
[2.805s] -- Installing: /home/p/ros2_ws/src/install/cartographer_ros_msgs/include/cartographer_ros_msgs/cartographer_ros_msgs/msg/detail/submap_texture__type_support.c
[2.805s] -- Up-to-date: /home/p/ros2_ws/src/install/cartographer_ros_msgs/include/cartographer_ros_msgs/cartographer_ros_msgs/msg/detail/landmark_entry__rosidl_typesupport_introspection_c.h
[2.805s] -- Up-to-date: /home/p/ros2_ws/src/install/cartographer_ros_msgs/include/cartographer_ros_msgs/cartographer_ros_msgs/msg/detail/histogram_bucket__rosidl_typesupport_introspection_c.h
[2.805s] -- Up-to-date: /home/p/ros2_ws/src/install/cartographer_ros_msgs/include/cartographer_ros_msgs/cartographer_ros_msgs/msg/detail/metric_family__rosidl_typesupport_introspection_c.h
[2.805s] -- Up-to-date: /home/p/ros2_ws/src/install/cartographer_ros_msgs/include/cartographer_ros_msgs/cartographer_ros_msgs/msg/rosidl_typesupport_introspection_c__visibility_control.h
[2.810s] -- Up-to-date: /home/p/ros2_ws/src/install/cartographer_ros_msgs/lib/libcartographer_ros_msgs__rosidl_typesupport_introspection_c.so
[2.833s] -- Up-to-date: /home/p/ros2_ws/src/install/cartographer_ros_msgs/lib/libcartographer_ros_msgs__rosidl_typesupport_c.so
[2.833s] -- Up-to-date: /home/p/ros2_ws/src/install/cartographer_ros_msgs/include/cartographer_ros_msgs/cartographer_ros_msgs
[2.833s] -- Up-to-date: /home/p/ros2_ws/src/install/cartographer_ros_msgs/include/cartographer_ros_msgs/cartographer_ros_msgs/srv
[2.833s] -- Up-to-date: /home/p/ros2_ws/src/install/cartographer_ros_msgs/include/cartographer_ros_msgs/cartographer_ros_msgs/srv/get_trajectory_states.hpp
[2.834s] -- Up-to-date: /home/p/ros2_ws/src/install/cartographer_ros_msgs/include/cartographer_ros_msgs/cartographer_ros_msgs/srv/write_state.hpp
[2.834s] -- Up-to-date: /home/p/ros2_ws/src/install/cartographer_ros_msgs/include/cartographer_ros_msgs/cartographer_ros_msgs/srv/submap_query.hpp
[2.834s] -- Up-to-date: /home/p/ros2_ws/src/install/cartographer_ros_msgs/include/cartographer_ros_msgs/cartographer_ros_msgs/srv/trajectory_query.hpp
[2.834s] -- Up-to-date: /home/p/ros2_ws/src/install/cartographer_ros_msgs/include/cartographer_ros_msgs/cartographer_ros_msgs/srv/read_metrics.hpp
[2.834s] -- Up-to-date: /home/p/ros2_ws/src/install/cartographer_ros_msgs/include/cartographer_ros_msgs/cartographer_ros_msgs/srv/detail
[2.834s] -- Up-to-date: /home/p/ros2_ws/src/install/cartographer_ros_msgs/include/cartographer_ros_msgs/cartographer_ros_msgs/srv/detail/trajectory_query__struct.hpp
[2.834s] -- Up-to-date: /home/p/ros2_ws/src/install/cartographer_ros_msgs/include/cartographer_ros_msgs/cartographer_ros_msgs/srv/detail/start_trajectory__traits.hpp
[2.834s] -- Up-to-date: /home/p/ros2_ws/src/install/cartographer_ros_msgs/include/cartographer_ros_msgs/cartographer_ros_msgs/srv/detail/trajectory_query__builder.hpp
[2.835s] -- Up-to-date: /home/p/ros2_ws/src/install/cartographer_ros_msgs/include/cartographer_ros_msgs/cartographer_ros_msgs/srv/detail/trajectory_query__type_support.hpp
[2.836s] -- Up-to-date: /home/p/ros2_ws/src/install/cartographer_ros_msgs/include/cartographer_ros_msgs/cartographer_ros_msgs/srv/detail/start_trajectory__builder.hpp
[2.836s] -- Up-to-date: /home/p/ros2_ws/src/install/cartographer_ros_msgs/include/cartographer_ros_msgs/cartographer_ros_msgs/srv/detail/trajectory_query__traits.hpp
[2.836s] -- Up-to-date: /home/p/ros2_ws/src/install/cartographer_ros_msgs/include/cartographer_ros_msgs/cartographer_ros_msgs/srv/detail/read_metrics__struct.hpp
[2.836s] -- Up-to-date: /home/p/ros2_ws/src/install/cartographer_ros_msgs/include/cartographer_ros_msgs/cartographer_ros_msgs/srv/detail/finish_trajectory__traits.hpp
[2.836s] -- Up-to-date: /home/p/ros2_ws/src/install/cartographer_ros_msgs/include/cartographer_ros_msgs/cartographer_ros_msgs/srv/detail/finish_trajectory__struct.hpp
[2.836s] -- Up-to-date: /home/p/ros2_ws/src/install/cartographer_ros_msgs/include/cartographer_ros_msgs/cartographer_ros_msgs/srv/detail/get_trajectory_states__type_support.hpp
[2.836s] -- Up-to-date: /home/p/ros2_ws/src/install/cartographer_ros_msgs/include/cartographer_ros_msgs/cartographer_ros_msgs/srv/detail/submap_query__type_support.hpp
[2.842s] -- Up-to-date: /home/p/ros2_ws/src/install/cartographer_ros_msgs/include/cartographer_ros_msgs/cartographer_ros_msgs/srv/detail/submap_query__struct.hpp
[2.843s] -- Up-to-date: /home/p/ros2_ws/src/install/cartographer_ros_msgs/include/cartographer_ros_msgs/cartographer_ros_msgs/srv/detail/write_state__type_support.hpp
[2.843s] -- Up-to-date: /home/p/ros2_ws/src/install/cartographer_ros_msgs/include/cartographer_ros_msgs/cartographer_ros_msgs/srv/detail/write_state__builder.hpp
[2.843s] -- Up-to-date: /home/p/ros2_ws/src/install/cartographer_ros_msgs/include/cartographer_ros_msgs/cartographer_ros_msgs/srv/detail/write_state__traits.hpp
[2.843s] -- Up-to-date: /home/p/ros2_ws/src/install/cartographer_ros_msgs/include/cartographer_ros_msgs/cartographer_ros_msgs/srv/detail/submap_query__builder.hpp
[2.843s] -- Up-to-date: /home/p/ros2_ws/src/install/cartographer_ros_msgs/include/cartographer_ros_msgs/cartographer_ros_msgs/srv/detail/write_state__struct.hpp
[2.843s] -- Up-to-date: /home/p/ros2_ws/src/install/cartographer_ros_msgs/include/cartographer_ros_msgs/cartographer_ros_msgs/srv/detail/get_trajectory_states__builder.hpp
[2.843s] -- Up-to-date: /home/p/ros2_ws/src/install/cartographer_ros_msgs/include/cartographer_ros_msgs/cartographer_ros_msgs/srv/detail/submap_query__traits.hpp
[2.843s] -- Up-to-date: /home/p/ros2_ws/src/install/cartographer_ros_msgs/include/cartographer_ros_msgs/cartographer_ros_msgs/srv/detail/get_trajectory_states__struct.hpp
[2.843s] -- Up-to-date: /home/p/ros2_ws/src/install/cartographer_ros_msgs/include/cartographer_ros_msgs/cartographer_ros_msgs/srv/detail/read_metrics__traits.hpp
[2.844s] -- Up-to-date: /home/p/ros2_ws/src/install/cartographer_ros_msgs/include/cartographer_ros_msgs/cartographer_ros_msgs/srv/detail/finish_trajectory__type_support.hpp
[2.844s] -- Up-to-date: /home/p/ros2_ws/src/install/cartographer_ros_msgs/include/cartographer_ros_msgs/cartographer_ros_msgs/srv/detail/read_metrics__type_support.hpp
[2.844s] -- Up-to-date: /home/p/ros2_ws/src/install/cartographer_ros_msgs/include/cartographer_ros_msgs/cartographer_ros_msgs/srv/detail/start_trajectory__struct.hpp
[2.844s] -- Up-to-date: /home/p/ros2_ws/src/install/cartographer_ros_msgs/include/cartographer_ros_msgs/cartographer_ros_msgs/srv/detail/read_metrics__builder.hpp
[2.844s] -- Up-to-date: /home/p/ros2_ws/src/install/cartographer_ros_msgs/include/cartographer_ros_msgs/cartographer_ros_msgs/srv/detail/finish_trajectory__builder.hpp
[2.844s] -- Up-to-date: /home/p/ros2_ws/src/install/cartographer_ros_msgs/include/cartographer_ros_msgs/cartographer_ros_msgs/srv/detail/start_trajectory__type_support.hpp
[2.844s] -- Up-to-date: /home/p/ros2_ws/src/install/cartographer_ros_msgs/include/cartographer_ros_msgs/cartographer_ros_msgs/srv/detail/get_trajectory_states__traits.hpp
[2.844s] -- Up-to-date: /home/p/ros2_ws/src/install/cartographer_ros_msgs/include/cartographer_ros_msgs/cartographer_ros_msgs/srv/start_trajectory.hpp
[2.860s] -- Up-to-date: /home/p/ros2_ws/src/install/cartographer_ros_msgs/include/cartographer_ros_msgs/cartographer_ros_msgs/srv/finish_trajectory.hpp
[2.860s] -- Up-to-date: /home/p/ros2_ws/src/install/cartographer_ros_msgs/include/cartographer_ros_msgs/cartographer_ros_msgs/msg
[2.860s] -- Up-to-date: /home/p/ros2_ws/src/install/cartographer_ros_msgs/include/cartographer_ros_msgs/cartographer_ros_msgs/msg/status_code.hpp
[2.860s] -- Up-to-date: /home/p/ros2_ws/src/install/cartographer_ros_msgs/include/cartographer_ros_msgs/cartographer_ros_msgs/msg/bagfile_progress.hpp
[2.860s] -- Up-to-date: /home/p/ros2_ws/src/install/cartographer_ros_msgs/include/cartographer_ros_msgs/cartographer_ros_msgs/msg/landmark_list.hpp
[2.861s] -- Up-to-date: /home/p/ros2_ws/src/install/cartographer_ros_msgs/include/cartographer_ros_msgs/cartographer_ros_msgs/msg/submap_entry.hpp
[2.861s] -- Up-to-date: /home/p/ros2_ws/src/install/cartographer_ros_msgs/include/cartographer_ros_msgs/cartographer_ros_msgs/msg/landmark_entry.hpp
[2.861s] -- Up-to-date: /home/p/ros2_ws/src/install/cartographer_ros_msgs/include/cartographer_ros_msgs/cartographer_ros_msgs/msg/submap_texture.hpp
[2.861s] -- Up-to-date: /home/p/ros2_ws/src/install/cartographer_ros_msgs/include/cartographer_ros_msgs/cartographer_ros_msgs/msg/submap_list.hpp
[2.861s] -- Up-to-date: /home/p/ros2_ws/src/install/cartographer_ros_msgs/include/cartographer_ros_msgs/cartographer_ros_msgs/msg/metric_family.hpp
[2.861s] -- Up-to-date: /home/p/ros2_ws/src/install/cartographer_ros_msgs/include/cartographer_ros_msgs/cartographer_ros_msgs/msg/status_response.hpp
[2.861s] -- Up-to-date: /home/p/ros2_ws/src/install/cartographer_ros_msgs/include/cartographer_ros_msgs/cartographer_ros_msgs/msg/metric_label.hpp
[2.861s] -- Up-to-date: /home/p/ros2_ws/src/install/cartographer_ros_msgs/include/cartographer_ros_msgs/cartographer_ros_msgs/msg/histogram_bucket.hpp
[2.861s] -- Up-to-date: /home/p/ros2_ws/src/install/cartographer_ros_msgs/include/cartographer_ros_msgs/cartographer_ros_msgs/msg/detail
[2.861s] -- Up-to-date: /home/p/ros2_ws/src/install/cartographer_ros_msgs/include/cartographer_ros_msgs/cartographer_ros_msgs/msg/detail/metric__builder.hpp
[2.861s] -- Up-to-date: /home/p/ros2_ws/src/install/cartographer_ros_msgs/include/cartographer_ros_msgs/cartographer_ros_msgs/msg/detail/metric_family__struct.hpp
[2.862s] -- Up-to-date: /home/p/ros2_ws/src/install/cartographer_ros_msgs/include/cartographer_ros_msgs/cartographer_ros_msgs/msg/detail/status_code__type_support.hpp
[2.862s] -- Up-to-date: /home/p/ros2_ws/src/install/cartographer_ros_msgs/include/cartographer_ros_msgs/cartographer_ros_msgs/msg/detail/submap_list__type_support.hpp
[2.867s] -- Up-to-date: /home/p/ros2_ws/src/install/cartographer_ros_msgs/include/cartographer_ros_msgs/cartographer_ros_msgs/msg/detail/status_response__type_support.hpp
[2.868s] -- Up-to-date: /home/p/ros2_ws/src/install/cartographer_ros_msgs/include/cartographer_ros_msgs/cartographer_ros_msgs/msg/detail/metric_label__traits.hpp
[2.868s] -- Up-to-date: /home/p/ros2_ws/src/install/cartographer_ros_msgs/include/cartographer_ros_msgs/cartographer_ros_msgs/msg/detail/submap_list__traits.hpp
[2.868s] -- Up-to-date: /home/p/ros2_ws/src/install/cartographer_ros_msgs/include/cartographer_ros_msgs/cartographer_ros_msgs/msg/detail/bagfile_progress__type_support.hpp
[2.868s] -- Up-to-date: /home/p/ros2_ws/src/install/cartographer_ros_msgs/include/cartographer_ros_msgs/cartographer_ros_msgs/msg/detail/status_code__builder.hpp
[2.868s] -- Up-to-date: /home/p/ros2_ws/src/install/cartographer_ros_msgs/include/cartographer_ros_msgs/cartographer_ros_msgs/msg/detail/status_response__builder.hpp
[2.868s] -- Up-to-date: /home/p/ros2_ws/src/install/cartographer_ros_msgs/include/cartographer_ros_msgs/cartographer_ros_msgs/msg/detail/status_code__traits.hpp
[2.868s] -- Up-to-date: /home/p/ros2_ws/src/install/cartographer_ros_msgs/include/cartographer_ros_msgs/cartographer_ros_msgs/msg/detail/bagfile_progress__struct.hpp
[2.879s] -- Up-to-date: /home/p/ros2_ws/src/install/cartographer_ros_msgs/include/cartographer_ros_msgs/cartographer_ros_msgs/msg/detail/metric_family__traits.hpp
[2.879s] -- Up-to-date: /home/p/ros2_ws/src/install/cartographer_ros_msgs/include/cartographer_ros_msgs/cartographer_ros_msgs/msg/detail/submap_texture__builder.hpp
[2.879s] -- Up-to-date: /home/p/ros2_ws/src/install/cartographer_ros_msgs/include/cartographer_ros_msgs/cartographer_ros_msgs/msg/detail/bagfile_progress__builder.hpp
[2.879s] -- Up-to-date: /home/p/ros2_ws/src/install/cartographer_ros_msgs/include/cartographer_ros_msgs/cartographer_ros_msgs/msg/detail/trajectory_states__struct.hpp
[2.879s] -- Up-to-date: /home/p/ros2_ws/src/install/cartographer_ros_msgs/include/cartographer_ros_msgs/cartographer_ros_msgs/msg/detail/metric_label__builder.hpp
[2.879s] -- Up-to-date: /home/p/ros2_ws/src/install/cartographer_ros_msgs/include/cartographer_ros_msgs/cartographer_ros_msgs/msg/detail/submap_texture__type_support.hpp
[2.879s] -- Up-to-date: /home/p/ros2_ws/src/install/cartographer_ros_msgs/include/cartographer_ros_msgs/cartographer_ros_msgs/msg/detail/histogram_bucket__struct.hpp
[2.879s] -- Up-to-date: /home/p/ros2_ws/src/install/cartographer_ros_msgs/include/cartographer_ros_msgs/cartographer_ros_msgs/msg/detail/status_code__struct.hpp
[2.880s] -- Up-to-date: /home/p/ros2_ws/src/install/cartographer_ros_msgs/include/cartographer_ros_msgs/cartographer_ros_msgs/msg/detail/submap_entry__traits.hpp
[2.880s] -- Up-to-date: /home/p/ros2_ws/src/install/cartographer_ros_msgs/include/cartographer_ros_msgs/cartographer_ros_msgs/msg/detail/submap_entry__struct.hpp
[2.880s] -- Up-to-date: /home/p/ros2_ws/src/install/cartographer_ros_msgs/include/cartographer_ros_msgs/cartographer_ros_msgs/msg/detail/landmark_entry__builder.hpp
[2.880s] -- Up-to-date: /home/p/ros2_ws/src/install/cartographer_ros_msgs/include/cartographer_ros_msgs/cartographer_ros_msgs/msg/detail/metric__type_support.hpp
[2.880s] -- Up-to-date: /home/p/ros2_ws/src/install/cartographer_ros_msgs/include/cartographer_ros_msgs/cartographer_ros_msgs/msg/detail/metric_label__struct.hpp
[2.880s] -- Up-to-date: /home/p/ros2_ws/src/install/cartographer_ros_msgs/include/cartographer_ros_msgs/cartographer_ros_msgs/msg/detail/submap_texture__traits.hpp
[2.880s] -- Up-to-date: /home/p/ros2_ws/src/install/cartographer_ros_msgs/include/cartographer_ros_msgs/cartographer_ros_msgs/msg/detail/metric__traits.hpp
[2.880s] -- Up-to-date: /home/p/ros2_ws/src/install/cartographer_ros_msgs/include/cartographer_ros_msgs/cartographer_ros_msgs/msg/detail/landmark_list__builder.hpp
[2.880s] -- Up-to-date: /home/p/ros2_ws/src/install/cartographer_ros_msgs/include/cartographer_ros_msgs/cartographer_ros_msgs/msg/detail/submap_entry__builder.hpp
[2.880s] -- Up-to-date: /home/p/ros2_ws/src/install/cartographer_ros_msgs/include/cartographer_ros_msgs/cartographer_ros_msgs/msg/detail/metric_family__builder.hpp
[2.880s] -- Up-to-date: /home/p/ros2_ws/src/install/cartographer_ros_msgs/include/cartographer_ros_msgs/cartographer_ros_msgs/msg/detail/landmark_list__struct.hpp
[2.881s] -- Up-to-date: /home/p/ros2_ws/src/install/cartographer_ros_msgs/include/cartographer_ros_msgs/cartographer_ros_msgs/msg/detail/metric_label__type_support.hpp
[2.881s] -- Up-to-date: /home/p/ros2_ws/src/install/cartographer_ros_msgs/include/cartographer_ros_msgs/cartographer_ros_msgs/msg/detail/histogram_bucket__type_support.hpp
[2.881s] -- Up-to-date: /home/p/ros2_ws/src/install/cartographer_ros_msgs/include/cartographer_ros_msgs/cartographer_ros_msgs/msg/detail/trajectory_states__builder.hpp
[2.881s] -- Up-to-date: /home/p/ros2_ws/src/install/cartographer_ros_msgs/include/cartographer_ros_msgs/cartographer_ros_msgs/msg/detail/histogram_bucket__builder.hpp
[2.881s] -- Up-to-date: /home/p/ros2_ws/src/install/cartographer_ros_msgs/include/cartographer_ros_msgs/cartographer_ros_msgs/msg/detail/trajectory_states__traits.hpp
[2.890s] -- Up-to-date: /home/p/ros2_ws/src/install/cartographer_ros_msgs/include/cartographer_ros_msgs/cartographer_ros_msgs/msg/detail/submap_entry__type_support.hpp
[2.891s] -- Up-to-date: /home/p/ros2_ws/src/install/cartographer_ros_msgs/include/cartographer_ros_msgs/cartographer_ros_msgs/msg/detail/metric__struct.hpp
[2.891s] -- Up-to-date: /home/p/ros2_ws/src/install/cartographer_ros_msgs/include/cartographer_ros_msgs/cartographer_ros_msgs/msg/detail/landmark_list__type_support.hpp
[2.891s] -- Up-to-date: /home/p/ros2_ws/src/install/cartographer_ros_msgs/include/cartographer_ros_msgs/cartographer_ros_msgs/msg/detail/landmark_entry__struct.hpp
[2.891s] -- Up-to-date: /home/p/ros2_ws/src/install/cartographer_ros_msgs/include/cartographer_ros_msgs/cartographer_ros_msgs/msg/detail/histogram_bucket__traits.hpp
[2.891s] -- Up-to-date: /home/p/ros2_ws/src/install/cartographer_ros_msgs/include/cartographer_ros_msgs/cartographer_ros_msgs/msg/detail/submap_list__builder.hpp
[2.891s] -- Up-to-date: /home/p/ros2_ws/src/install/cartographer_ros_msgs/include/cartographer_ros_msgs/cartographer_ros_msgs/msg/detail/bagfile_progress__traits.hpp
[2.891s] -- Up-to-date: /home/p/ros2_ws/src/install/cartographer_ros_msgs/include/cartographer_ros_msgs/cartographer_ros_msgs/msg/detail/metric_family__type_support.hpp
[2.891s] -- Up-to-date: /home/p/ros2_ws/src/install/cartographer_ros_msgs/include/cartographer_ros_msgs/cartographer_ros_msgs/msg/detail/submap_list__struct.hpp
[2.891s] -- Up-to-date: /home/p/ros2_ws/src/install/cartographer_ros_msgs/include/cartographer_ros_msgs/cartographer_ros_msgs/msg/detail/landmark_entry__traits.hpp
[2.891s] -- Up-to-date: /home/p/ros2_ws/src/install/cartographer_ros_msgs/include/cartographer_ros_msgs/cartographer_ros_msgs/msg/detail/submap_texture__struct.hpp
[2.892s] -- Up-to-date: /home/p/ros2_ws/src/install/cartographer_ros_msgs/include/cartographer_ros_msgs/cartographer_ros_msgs/msg/detail/landmark_list__traits.hpp
[2.892s] -- Up-to-date: /home/p/ros2_ws/src/install/cartographer_ros_msgs/include/cartographer_ros_msgs/cartographer_ros_msgs/msg/detail/trajectory_states__type_support.hpp
[2.892s] -- Up-to-date: /home/p/ros2_ws/src/install/cartographer_ros_msgs/include/cartographer_ros_msgs/cartographer_ros_msgs/msg/detail/landmark_entry__type_support.hpp
[2.892s] -- Up-to-date: /home/p/ros2_ws/src/install/cartographer_ros_msgs/include/cartographer_ros_msgs/cartographer_ros_msgs/msg/detail/status_response__struct.hpp
[2.892s] -- Up-to-date: /home/p/ros2_ws/src/install/cartographer_ros_msgs/include/cartographer_ros_msgs/cartographer_ros_msgs/msg/detail/status_response__traits.hpp
[2.892s] -- Up-to-date: /home/p/ros2_ws/src/install/cartographer_ros_msgs/include/cartographer_ros_msgs/cartographer_ros_msgs/msg/trajectory_states.hpp
[2.892s] -- Up-to-date: /home/p/ros2_ws/src/install/cartographer_ros_msgs/include/cartographer_ros_msgs/cartographer_ros_msgs/msg/rosidl_generator_cpp__visibility_control.hpp
[2.892s] -- Up-to-date: /home/p/ros2_ws/src/install/cartographer_ros_msgs/include/cartographer_ros_msgs/cartographer_ros_msgs/msg/metric.hpp
[2.892s] -- Up-to-date: /home/p/ros2_ws/src/install/cartographer_ros_msgs/include/cartographer_ros_msgs/cartographer_ros_msgs
[2.892s] -- Up-to-date: /home/p/ros2_ws/src/install/cartographer_ros_msgs/include/cartographer_ros_msgs/cartographer_ros_msgs/srv
[2.892s] -- Up-to-date: /home/p/ros2_ws/src/install/cartographer_ros_msgs/include/cartographer_ros_msgs/cartographer_ros_msgs/srv/detail
[2.905s] -- Up-to-date: /home/p/ros2_ws/src/install/cartographer_ros_msgs/include/cartographer_ros_msgs/cartographer_ros_msgs/srv/detail/write_state__rosidl_typesupport_fastrtps_cpp.hpp
[2.906s] -- Up-to-date: /home/p/ros2_ws/src/install/cartographer_ros_msgs/include/cartographer_ros_msgs/cartographer_ros_msgs/srv/detail/finish_trajectory__rosidl_typesupport_fastrtps_cpp.hpp
[2.906s] -- Up-to-date: /home/p/ros2_ws/src/install/cartographer_ros_msgs/include/cartographer_ros_msgs/cartographer_ros_msgs/srv/detail/dds_fastrtps
[2.906s] -- Up-to-date: /home/p/ros2_ws/src/install/cartographer_ros_msgs/include/cartographer_ros_msgs/cartographer_ros_msgs/srv/detail/start_trajectory__rosidl_typesupport_fastrtps_cpp.hpp
[2.906s] -- Up-to-date: /home/p/ros2_ws/src/install/cartographer_ros_msgs/include/cartographer_ros_msgs/cartographer_ros_msgs/srv/detail/read_metrics__rosidl_typesupport_fastrtps_cpp.hpp
[2.906s] -- Up-to-date: /home/p/ros2_ws/src/install/cartographer_ros_msgs/include/cartographer_ros_msgs/cartographer_ros_msgs/srv/detail/trajectory_query__rosidl_typesupport_fastrtps_cpp.hpp
[2.906s] -- Up-to-date: /home/p/ros2_ws/src/install/cartographer_ros_msgs/include/cartographer_ros_msgs/cartographer_ros_msgs/srv/detail/submap_query__rosidl_typesupport_fastrtps_cpp.hpp
[2.906s] -- Up-to-date: /home/p/ros2_ws/src/install/cartographer_ros_msgs/include/cartographer_ros_msgs/cartographer_ros_msgs/srv/detail/get_trajectory_states__rosidl_typesupport_fastrtps_cpp.hpp
[2.906s] -- Up-to-date: /home/p/ros2_ws/src/install/cartographer_ros_msgs/include/cartographer_ros_msgs/cartographer_ros_msgs/msg
[2.906s] -- Up-to-date: /home/p/ros2_ws/src/install/cartographer_ros_msgs/include/cartographer_ros_msgs/cartographer_ros_msgs/msg/detail
[2.906s] -- Up-to-date: /home/p/ros2_ws/src/install/cartographer_ros_msgs/include/cartographer_ros_msgs/cartographer_ros_msgs/msg/detail/metric__rosidl_typesupport_fastrtps_cpp.hpp
[2.907s] -- Up-to-date: /home/p/ros2_ws/src/install/cartographer_ros_msgs/include/cartographer_ros_msgs/cartographer_ros_msgs/msg/detail/submap_list__rosidl_typesupport_fastrtps_cpp.hpp
[2.907s] -- Up-to-date: /home/p/ros2_ws/src/install/cartographer_ros_msgs/include/cartographer_ros_msgs/cartographer_ros_msgs/msg/detail/dds_fastrtps
[2.907s] -- Up-to-date: /home/p/ros2_ws/src/install/cartographer_ros_msgs/include/cartographer_ros_msgs/cartographer_ros_msgs/msg/detail/landmark_list__rosidl_typesupport_fastrtps_cpp.hpp
[2.907s] -- Up-to-date: /home/p/ros2_ws/src/install/cartographer_ros_msgs/include/cartographer_ros_msgs/cartographer_ros_msgs/msg/detail/metric_family__rosidl_typesupport_fastrtps_cpp.hpp
[2.907s] -- Up-to-date: /home/p/ros2_ws/src/install/cartographer_ros_msgs/include/cartographer_ros_msgs/cartographer_ros_msgs/msg/detail/metric_label__rosidl_typesupport_fastrtps_cpp.hpp
[2.907s] -- Up-to-date: /home/p/ros2_ws/src/install/cartographer_ros_msgs/include/cartographer_ros_msgs/cartographer_ros_msgs/msg/detail/status_code__rosidl_typesupport_fastrtps_cpp.hpp
[2.910s] -- Up-to-date: /home/p/ros2_ws/src/install/cartographer_ros_msgs/include/cartographer_ros_msgs/cartographer_ros_msgs/msg/detail/submap_texture__rosidl_typesupport_fastrtps_cpp.hpp
[2.911s] -- Up-to-date: /home/p/ros2_ws/src/install/cartographer_ros_msgs/include/cartographer_ros_msgs/cartographer_ros_msgs/msg/detail/landmark_entry__rosidl_typesupport_fastrtps_cpp.hpp
[2.911s] -- Up-to-date: /home/p/ros2_ws/src/install/cartographer_ros_msgs/include/cartographer_ros_msgs/cartographer_ros_msgs/msg/detail/submap_entry__rosidl_typesupport_fastrtps_cpp.hpp
[2.911s] -- Up-to-date: /home/p/ros2_ws/src/install/cartographer_ros_msgs/include/cartographer_ros_msgs/cartographer_ros_msgs/msg/detail/trajectory_states__rosidl_typesupport_fastrtps_cpp.hpp
[2.911s] -- Up-to-date: /home/p/ros2_ws/src/install/cartographer_ros_msgs/include/cartographer_ros_msgs/cartographer_ros_msgs/msg/detail/histogram_bucket__rosidl_typesupport_fastrtps_cpp.hpp
[2.911s] -- Up-to-date: /home/p/ros2_ws/src/install/cartographer_ros_msgs/include/cartographer_ros_msgs/cartographer_ros_msgs/msg/detail/status_response__rosidl_typesupport_fastrtps_cpp.hpp
[2.911s] -- Up-to-date: /home/p/ros2_ws/src/install/cartographer_ros_msgs/include/cartographer_ros_msgs/cartographer_ros_msgs/msg/detail/bagfile_progress__rosidl_typesupport_fastrtps_cpp.hpp
[2.920s] -- Up-to-date: /home/p/ros2_ws/src/install/cartographer_ros_msgs/include/cartographer_ros_msgs/cartographer_ros_msgs/msg/rosidl_typesupport_fastrtps_cpp__visibility_control.h
[2.921s] -- Up-to-date: /home/p/ros2_ws/src/install/cartographer_ros_msgs/lib/libcartographer_ros_msgs__rosidl_typesupport_fastrtps_cpp.so
[2.921s] -- Up-to-date: /home/p/ros2_ws/src/install/cartographer_ros_msgs/include/cartographer_ros_msgs/cartographer_ros_msgs
[2.921s] -- Up-to-date: /home/p/ros2_ws/src/install/cartographer_ros_msgs/include/cartographer_ros_msgs/cartographer_ros_msgs/srv
[2.921s] -- Up-to-date: /home/p/ros2_ws/src/install/cartographer_ros_msgs/include/cartographer_ros_msgs/cartographer_ros_msgs/srv/detail
[2.922s] -- Up-to-date: /home/p/ros2_ws/src/install/cartographer_ros_msgs/include/cartographer_ros_msgs/cartographer_ros_msgs/srv/detail/get_trajectory_states__type_support.cpp
[2.922s] -- Up-to-date: /home/p/ros2_ws/src/install/cartographer_ros_msgs/include/cartographer_ros_msgs/cartographer_ros_msgs/srv/detail/finish_trajectory__rosidl_typesupport_introspection_cpp.hpp
[2.925s] -- Up-to-date: /home/p/ros2_ws/src/install/cartographer_ros_msgs/include/cartographer_ros_msgs/cartographer_ros_msgs/srv/detail/start_trajectory__rosidl_typesupport_introspection_cpp.hpp
[2.925s] -- Up-to-date: /home/p/ros2_ws/src/install/cartographer_ros_msgs/include/cartographer_ros_msgs/cartographer_ros_msgs/srv/detail/read_metrics__type_support.cpp
[2.926s] -- Up-to-date: /home/p/ros2_ws/src/install/cartographer_ros_msgs/include/cartographer_ros_msgs/cartographer_ros_msgs/srv/detail/write_state__type_support.cpp
[2.926s] -- Up-to-date: /home/p/ros2_ws/src/install/cartographer_ros_msgs/include/cartographer_ros_msgs/cartographer_ros_msgs/srv/detail/start_trajectory__type_support.cpp
[2.926s] -- Up-to-date: /home/p/ros2_ws/src/install/cartographer_ros_msgs/include/cartographer_ros_msgs/cartographer_ros_msgs/srv/detail/write_state__rosidl_typesupport_introspection_cpp.hpp
[2.926s] -- Up-to-date: /home/p/ros2_ws/src/install/cartographer_ros_msgs/include/cartographer_ros_msgs/cartographer_ros_msgs/srv/detail/read_metrics__rosidl_typesupport_introspection_cpp.hpp
[2.926s] -- Up-to-date: /home/p/ros2_ws/src/install/cartographer_ros_msgs/include/cartographer_ros_msgs/cartographer_ros_msgs/srv/detail/trajectory_query__rosidl_typesupport_introspection_cpp.hpp
[2.926s] -- Up-to-date: /home/p/ros2_ws/src/install/cartographer_ros_msgs/include/cartographer_ros_msgs/cartographer_ros_msgs/srv/detail/submap_query__rosidl_typesupport_introspection_cpp.hpp
[2.939s] -- Up-to-date: /home/p/ros2_ws/src/install/cartographer_ros_msgs/include/cartographer_ros_msgs/cartographer_ros_msgs/srv/detail/submap_query__type_support.cpp
[2.939s] -- Up-to-date: /home/p/ros2_ws/src/install/cartographer_ros_msgs/include/cartographer_ros_msgs/cartographer_ros_msgs/srv/detail/finish_trajectory__type_support.cpp
[2.939s] -- Up-to-date: /home/p/ros2_ws/src/install/cartographer_ros_msgs/include/cartographer_ros_msgs/cartographer_ros_msgs/srv/detail/trajectory_query__type_support.cpp
[2.939s] -- Up-to-date: /home/p/ros2_ws/src/install/cartographer_ros_msgs/include/cartographer_ros_msgs/cartographer_ros_msgs/srv/detail/get_trajectory_states__rosidl_typesupport_introspection_cpp.hpp
[2.939s] -- Up-to-date: /home/p/ros2_ws/src/install/cartographer_ros_msgs/include/cartographer_ros_msgs/cartographer_ros_msgs/msg
[2.939s] -- Up-to-date: /home/p/ros2_ws/src/install/cartographer_ros_msgs/include/cartographer_ros_msgs/cartographer_ros_msgs/msg/detail
[2.940s] -- Up-to-date: /home/p/ros2_ws/src/install/cartographer_ros_msgs/include/cartographer_ros_msgs/cartographer_ros_msgs/msg/detail/status_response__rosidl_typesupport_introspection_cpp.hpp
[2.940s] -- Up-to-date: /home/p/ros2_ws/src/install/cartographer_ros_msgs/include/cartographer_ros_msgs/cartographer_ros_msgs/msg/detail/submap_list__rosidl_typesupport_introspection_cpp.hpp
[2.940s] -- Up-to-date: /home/p/ros2_ws/src/install/cartographer_ros_msgs/include/cartographer_ros_msgs/cartographer_ros_msgs/msg/detail/submap_list__type_support.cpp
[2.940s] -- Up-to-date: /home/p/ros2_ws/src/install/cartographer_ros_msgs/include/cartographer_ros_msgs/cartographer_ros_msgs/msg/detail/metric_label__rosidl_typesupport_introspection_cpp.hpp
[2.940s] -- Up-to-date: /home/p/ros2_ws/src/install/cartographer_ros_msgs/include/cartographer_ros_msgs/cartographer_ros_msgs/msg/detail/landmark_list__type_support.cpp
[2.940s] -- Up-to-date: /home/p/ros2_ws/src/install/cartographer_ros_msgs/include/cartographer_ros_msgs/cartographer_ros_msgs/msg/detail/metric__rosidl_typesupport_introspection_cpp.hpp
[2.940s] -- Up-to-date: /home/p/ros2_ws/src/install/cartographer_ros_msgs/include/cartographer_ros_msgs/cartographer_ros_msgs/msg/detail/status_code__rosidl_typesupport_introspection_cpp.hpp
[2.940s] -- Up-to-date: /home/p/ros2_ws/src/install/cartographer_ros_msgs/include/cartographer_ros_msgs/cartographer_ros_msgs/msg/detail/metric_label__type_support.cpp
[2.940s] -- Up-to-date: /home/p/ros2_ws/src/install/cartographer_ros_msgs/include/cartographer_ros_msgs/cartographer_ros_msgs/msg/detail/metric_family__type_support.cpp
[2.940s] -- Up-to-date: /home/p/ros2_ws/src/install/cartographer_ros_msgs/include/cartographer_ros_msgs/cartographer_ros_msgs/msg/detail/bagfile_progress__rosidl_typesupport_introspection_cpp.hpp
[2.940s] -- Up-to-date: /home/p/ros2_ws/src/install/cartographer_ros_msgs/include/cartographer_ros_msgs/cartographer_ros_msgs/msg/detail/status_code__type_support.cpp
[2.941s] -- Up-to-date: /home/p/ros2_ws/src/install/cartographer_ros_msgs/include/cartographer_ros_msgs/cartographer_ros_msgs/msg/detail/trajectory_states__rosidl_typesupport_introspection_cpp.hpp
[2.941s] -- Up-to-date: /home/p/ros2_ws/src/install/cartographer_ros_msgs/include/cartographer_ros_msgs/cartographer_ros_msgs/msg/detail/metric__type_support.cpp
[2.941s] -- Up-to-date: /home/p/ros2_ws/src/install/cartographer_ros_msgs/include/cartographer_ros_msgs/cartographer_ros_msgs/msg/detail/trajectory_states__type_support.cpp
[2.941s] -- Up-to-date: /home/p/ros2_ws/src/install/cartographer_ros_msgs/include/cartographer_ros_msgs/cartographer_ros_msgs/msg/detail/landmark_entry__rosidl_typesupport_introspection_cpp.hpp
[2.941s] -- Up-to-date: /home/p/ros2_ws/src/install/cartographer_ros_msgs/include/cartographer_ros_msgs/cartographer_ros_msgs/msg/detail/histogram_bucket__type_support.cpp
[2.941s] -- Up-to-date: /home/p/ros2_ws/src/install/cartographer_ros_msgs/include/cartographer_ros_msgs/cartographer_ros_msgs/msg/detail/status_response__type_support.cpp
[2.941s] -- Up-to-date: /home/p/ros2_ws/src/install/cartographer_ros_msgs/include/cartographer_ros_msgs/cartographer_ros_msgs/msg/detail/submap_entry__type_support.cpp
[2.941s] -- Up-to-date: /home/p/ros2_ws/src/install/cartographer_ros_msgs/include/cartographer_ros_msgs/cartographer_ros_msgs/msg/detail/histogram_bucket__rosidl_typesupport_introspection_cpp.hpp
[2.948s] -- Up-to-date: /home/p/ros2_ws/src/install/cartographer_ros_msgs/include/cartographer_ros_msgs/cartographer_ros_msgs/msg/detail/bagfile_progress__type_support.cpp
[2.949s] -- Up-to-date: /home/p/ros2_ws/src/install/cartographer_ros_msgs/include/cartographer_ros_msgs/cartographer_ros_msgs/msg/detail/submap_entry__rosidl_typesupport_introspection_cpp.hpp
[2.949s] -- Up-to-date: /home/p/ros2_ws/src/install/cartographer_ros_msgs/include/cartographer_ros_msgs/cartographer_ros_msgs/msg/detail/landmark_list__rosidl_typesupport_introspection_cpp.hpp
[2.949s] -- Up-to-date: /home/p/ros2_ws/src/install/cartographer_ros_msgs/include/cartographer_ros_msgs/cartographer_ros_msgs/msg/detail/submap_texture__type_support.cpp
[2.949s] -- Up-to-date: /home/p/ros2_ws/src/install/cartographer_ros_msgs/include/cartographer_ros_msgs/cartographer_ros_msgs/msg/detail/submap_texture__rosidl_typesupport_introspection_cpp.hpp
[2.949s] -- Up-to-date: /home/p/ros2_ws/src/install/cartographer_ros_msgs/include/cartographer_ros_msgs/cartographer_ros_msgs/msg/detail/landmark_entry__type_support.cpp
[2.949s] -- Up-to-date: /home/p/ros2_ws/src/install/cartographer_ros_msgs/include/cartographer_ros_msgs/cartographer_ros_msgs/msg/detail/metric_family__rosidl_typesupport_introspection_cpp.hpp
[2.949s] -- Up-to-date: /home/p/ros2_ws/src/install/cartographer_ros_msgs/lib/libcartographer_ros_msgs__rosidl_typesupport_introspection_cpp.so
[2.949s] -- Up-to-date: /home/p/ros2_ws/src/install/cartographer_ros_msgs/lib/libcartographer_ros_msgs__rosidl_typesupport_cpp.so
[2.950s] -- Up-to-date: /home/p/ros2_ws/src/install/cartographer_ros_msgs/share/cartographer_ros_msgs/environment/pythonpath.sh
[2.950s] -- Up-to-date: /home/p/ros2_ws/src/install/cartographer_ros_msgs/share/cartographer_ros_msgs/environment/pythonpath.dsv
[2.950s] -- Up-to-date: /home/p/ros2_ws/src/install/cartographer_ros_msgs/lib/python3.12/site-packages/cartographer_ros_msgs-2.0.9003-py3.12.egg-info
[2.950s] -- Installing: /home/p/ros2_ws/src/install/cartographer_ros_msgs/lib/python3.12/site-packages/cartographer_ros_msgs-2.0.9003-py3.12.egg-info/dependency_links.txt
[2.950s] -- Installing: /home/p/ros2_ws/src/install/cartographer_ros_msgs/lib/python3.12/site-packages/cartographer_ros_msgs-2.0.9003-py3.12.egg-info/PKG-INFO
[2.958s] -- Installing: /home/p/ros2_ws/src/install/cartographer_ros_msgs/lib/python3.12/site-packages/cartographer_ros_msgs-2.0.9003-py3.12.egg-info/top_level.txt
[2.958s] -- Installing: /home/p/ros2_ws/src/install/cartographer_ros_msgs/lib/python3.12/site-packages/cartographer_ros_msgs-2.0.9003-py3.12.egg-info/SOURCES.txt
[2.958s] -- Up-to-date: /home/p/ros2_ws/src/install/cartographer_ros_msgs/lib/python3.12/site-packages/cartographer_ros_msgs
[2.958s] -- Up-to-date: /home/p/ros2_ws/src/install/cartographer_ros_msgs/lib/python3.12/site-packages/cartographer_ros_msgs/cartographer_ros_msgs_s__rosidl_typesupport_fastrtps_c.so
[2.958s] -- Up-to-date: /home/p/ros2_ws/src/install/cartographer_ros_msgs/lib/python3.12/site-packages/cartographer_ros_msgs/_cartographer_ros_msgs_s.ep.rosidl_typesupport_introspection_c.c
[2.958s] -- Up-to-date: /home/p/ros2_ws/src/install/cartographer_ros_msgs/lib/python3.12/site-packages/cartographer_ros_msgs/cartographer_ros_msgs_s__rosidl_typesupport_c.so
[2.967s] -- Up-to-date: /home/p/ros2_ws/src/install/cartographer_ros_msgs/lib/python3.12/site-packages/cartographer_ros_msgs/cartographer_ros_msgs_s__rosidl_typesupport_introspection_c.so
[2.968s] -- Up-to-date: /home/p/ros2_ws/src/install/cartographer_ros_msgs/lib/python3.12/site-packages/cartographer_ros_msgs/srv
[2.968s] -- Up-to-date: /home/p/ros2_ws/src/install/cartographer_ros_msgs/lib/python3.12/site-packages/cartographer_ros_msgs/srv/_trajectory_query.py
[2.968s] -- Up-to-date: /home/p/ros2_ws/src/install/cartographer_ros_msgs/lib/python3.12/site-packages/cartographer_ros_msgs/srv/_get_trajectory_states.py
[2.968s] -- Up-to-date: /home/p/ros2_ws/src/install/cartographer_ros_msgs/lib/python3.12/site-packages/cartographer_ros_msgs/srv/_read_metrics_s.c
[2.968s] -- Up-to-date: /home/p/ros2_ws/src/install/cartographer_ros_msgs/lib/python3.12/site-packages/cartographer_ros_msgs/srv/_read_metrics.py
[2.968s] -- Up-to-date: /home/p/ros2_ws/src/install/cartographer_ros_msgs/lib/python3.12/site-packages/cartographer_ros_msgs/srv/_finish_trajectory.py
[2.968s] -- Up-to-date: /home/p/ros2_ws/src/install/cartographer_ros_msgs/lib/python3.12/site-packages/cartographer_ros_msgs/srv/_write_state_s.c
[2.968s] -- Up-to-date: /home/p/ros2_ws/src/install/cartographer_ros_msgs/lib/python3.12/site-packages/cartographer_ros_msgs/srv/_finish_trajectory_s.c
[2.968s] -- Up-to-date: /home/p/ros2_ws/src/install/cartographer_ros_msgs/lib/python3.12/site-packages/cartographer_ros_msgs/srv/_submap_query.py
[2.969s] -- Up-to-date: /home/p/ros2_ws/src/install/cartographer_ros_msgs/lib/python3.12/site-packages/cartographer_ros_msgs/srv/_start_trajectory.py
[2.969s] -- Up-to-date: /home/p/ros2_ws/src/install/cartographer_ros_msgs/lib/python3.12/site-packages/cartographer_ros_msgs/srv/_get_trajectory_states_s.c
[2.969s] -- Up-to-date: /home/p/ros2_ws/src/install/cartographer_ros_msgs/lib/python3.12/site-packages/cartographer_ros_msgs/srv/_write_state.py
[2.969s] -- Up-to-date: /home/p/ros2_ws/src/install/cartographer_ros_msgs/lib/python3.12/site-packages/cartographer_ros_msgs/srv/_start_trajectory_s.c
[2.969s] -- Up-to-date: /home/p/ros2_ws/src/install/cartographer_ros_msgs/lib/python3.12/site-packages/cartographer_ros_msgs/srv/__init__.py
[2.969s] -- Up-to-date: /home/p/ros2_ws/src/install/cartographer_ros_msgs/lib/python3.12/site-packages/cartographer_ros_msgs/srv/_trajectory_query_s.c
[2.969s] -- Up-to-date: /home/p/ros2_ws/src/install/cartographer_ros_msgs/lib/python3.12/site-packages/cartographer_ros_msgs/srv/_submap_query_s.c
[2.969s] -- Up-to-date: /home/p/ros2_ws/src/install/cartographer_ros_msgs/lib/python3.12/site-packages/cartographer_ros_msgs/_cartographer_ros_msgs_s.ep.rosidl_typesupport_fastrtps_c.c
[2.969s] -- Up-to-date: /home/p/ros2_ws/src/install/cartographer_ros_msgs/lib/python3.12/site-packages/cartographer_ros_msgs/_cartographer_ros_msgs_s.ep.rosidl_typesupport_c.c
[2.969s] -- Up-to-date: /home/p/ros2_ws/src/install/cartographer_ros_msgs/lib/python3.12/site-packages/cartographer_ros_msgs/__init__.py
[2.969s] -- Up-to-date: /home/p/ros2_ws/src/install/cartographer_ros_msgs/lib/python3.12/site-packages/cartographer_ros_msgs/msg
[2.970s] -- Up-to-date: /home/p/ros2_ws/src/install/cartographer_ros_msgs/lib/python3.12/site-packages/cartographer_ros_msgs/msg/_submap_list_s.c
[2.970s] -- Up-to-date: /home/p/ros2_ws/src/install/cartographer_ros_msgs/lib/python3.12/site-packages/cartographer_ros_msgs/msg/_submap_entry_s.c
[2.970s] -- Up-to-date: /home/p/ros2_ws/src/install/cartographer_ros_msgs/lib/python3.12/site-packages/cartographer_ros_msgs/msg/_trajectory_states_s.c
[2.970s] -- Up-to-date: /home/p/ros2_ws/src/install/cartographer_ros_msgs/lib/python3.12/site-packages/cartographer_ros_msgs/msg/_trajectory_states.py
[2.970s] -- Up-to-date: /home/p/ros2_ws/src/install/cartographer_ros_msgs/lib/python3.12/site-packages/cartographer_ros_msgs/msg/_submap_texture_s.c
[2.970s] -- Up-to-date: /home/p/ros2_ws/src/install/cartographer_ros_msgs/lib/python3.12/site-packages/cartographer_ros_msgs/msg/_status_response_s.c
[2.970s] -- Up-to-date: /home/p/ros2_ws/src/install/cartographer_ros_msgs/lib/python3.12/site-packages/cartographer_ros_msgs/msg/_histogram_bucket_s.c
[2.981s] -- Up-to-date: /home/p/ros2_ws/src/install/cartographer_ros_msgs/lib/python3.12/site-packages/cartographer_ros_msgs/msg/_submap_texture.py
[2.982s] -- Up-to-date: /home/p/ros2_ws/src/install/cartographer_ros_msgs/lib/python3.12/site-packages/cartographer_ros_msgs/msg/_metric_s.c
[2.982s] -- Up-to-date: /home/p/ros2_ws/src/install/cartographer_ros_msgs/lib/python3.12/site-packages/cartographer_ros_msgs/msg/_metric.py
[2.982s] -- Up-to-date: /home/p/ros2_ws/src/install/cartographer_ros_msgs/lib/python3.12/site-packages/cartographer_ros_msgs/msg/_bagfile_progress.py
[2.982s] -- Up-to-date: /home/p/ros2_ws/src/install/cartographer_ros_msgs/lib/python3.12/site-packages/cartographer_ros_msgs/msg/_metric_family_s.c
[2.982s] -- Up-to-date: /home/p/ros2_ws/src/install/cartographer_ros_msgs/lib/python3.12/site-packages/cartographer_ros_msgs/msg/_status_response.py
[2.982s] -- Up-to-date: /home/p/ros2_ws/src/install/cartographer_ros_msgs/lib/python3.12/site-packages/cartographer_ros_msgs/msg/_status_code_s.c
[2.982s] -- Up-to-date: /home/p/ros2_ws/src/install/cartographer_ros_msgs/lib/python3.12/site-packages/cartographer_ros_msgs/msg/_landmark_entry.py
[2.982s] -- Up-to-date: /home/p/ros2_ws/src/install/cartographer_ros_msgs/lib/python3.12/site-packages/cartographer_ros_msgs/msg/_histogram_bucket.py
[2.982s] -- Up-to-date: /home/p/ros2_ws/src/install/cartographer_ros_msgs/lib/python3.12/site-packages/cartographer_ros_msgs/msg/__init__.py
[2.983s] -- Up-to-date: /home/p/ros2_ws/src/install/cartographer_ros_msgs/lib/python3.12/site-packages/cartographer_ros_msgs/msg/_metric_label_s.c
[2.983s] -- Up-to-date: /home/p/ros2_ws/src/install/cartographer_ros_msgs/lib/python3.12/site-packages/cartographer_ros_msgs/msg/_submap_entry.py
[2.983s] -- Up-to-date: /home/p/ros2_ws/src/install/cartographer_ros_msgs/lib/python3.12/site-packages/cartographer_ros_msgs/msg/_metric_label.py
[2.983s] -- Up-to-date: /home/p/ros2_ws/src/install/cartographer_ros_msgs/lib/python3.12/site-packages/cartographer_ros_msgs/msg/_landmark_list_s.c
[2.983s] -- Up-to-date: /home/p/ros2_ws/src/install/cartographer_ros_msgs/lib/python3.12/site-packages/cartographer_ros_msgs/msg/_bagfile_progress_s.c
[2.983s] -- Up-to-date: /home/p/ros2_ws/src/install/cartographer_ros_msgs/lib/python3.12/site-packages/cartographer_ros_msgs/msg/_status_code.py
[2.983s] -- Up-to-date: /home/p/ros2_ws/src/install/cartographer_ros_msgs/lib/python3.12/site-packages/cartographer_ros_msgs/msg/_submap_list.py
[2.983s] -- Up-to-date: /home/p/ros2_ws/src/install/cartographer_ros_msgs/lib/python3.12/site-packages/cartographer_ros_msgs/msg/_landmark_list.py
[2.987s] -- Up-to-date: /home/p/ros2_ws/src/install/cartographer_ros_msgs/lib/python3.12/site-packages/cartographer_ros_msgs/msg/_landmark_entry_s.c
[2.987s] -- Up-to-date: /home/p/ros2_ws/src/install/cartographer_ros_msgs/lib/python3.12/site-packages/cartographer_ros_msgs/msg/_metric_family.py
[3.239s] Listing '/home/p/ros2_ws/src/install/cartographer_ros_msgs/lib/python3.12/site-packages/cartographer_ros_msgs'...
[3.239s] Listing '/home/p/ros2_ws/src/install/cartographer_ros_msgs/lib/python3.12/site-packages/cartographer_ros_msgs/msg'...
[3.239s] Listing '/home/p/ros2_ws/src/install/cartographer_ros_msgs/lib/python3.12/site-packages/cartographer_ros_msgs/srv'...
[3.304s] -- Up-to-date: /home/p/ros2_ws/src/install/cartographer_ros_msgs/lib/python3.12/site-packages/cartographer_ros_msgs/cartographer_ros_msgs_s__rosidl_typesupport_fastrtps_c.so
[3.311s] -- Up-to-date: /home/p/ros2_ws/src/install/cartographer_ros_msgs/lib/python3.12/site-packages/cartographer_ros_msgs/cartographer_ros_msgs_s__rosidl_typesupport_introspection_c.so
[3.312s] -- Up-to-date: /home/p/ros2_ws/src/install/cartographer_ros_msgs/lib/python3.12/site-packages/cartographer_ros_msgs/cartographer_ros_msgs_s__rosidl_typesupport_c.so
[3.323s] -- Up-to-date: /home/p/ros2_ws/src/install/cartographer_ros_msgs/lib/libcartographer_ros_msgs__rosidl_generator_py.so
[3.323s] -- Up-to-date: /home/p/ros2_ws/src/install/cartographer_ros_msgs/share/cartographer_ros_msgs/msg/BagfileProgress.idl
[3.324s] -- Up-to-date: /home/p/ros2_ws/src/install/cartographer_ros_msgs/share/cartographer_ros_msgs/msg/HistogramBucket.idl
[3.324s] -- Up-to-date: /home/p/ros2_ws/src/install/cartographer_ros_msgs/share/cartographer_ros_msgs/msg/LandmarkEntry.idl
[3.324s] -- Up-to-date: /home/p/ros2_ws/src/install/cartographer_ros_msgs/share/cartographer_ros_msgs/msg/LandmarkList.idl
[3.324s] -- Up-to-date: /home/p/ros2_ws/src/install/cartographer_ros_msgs/share/cartographer_ros_msgs/msg/MetricFamily.idl
[3.324s] -- Up-to-date: /home/p/ros2_ws/src/install/cartographer_ros_msgs/share/cartographer_ros_msgs/msg/MetricLabel.idl
[3.324s] -- Up-to-date: /home/p/ros2_ws/src/install/cartographer_ros_msgs/share/cartographer_ros_msgs/msg/Metric.idl
[3.325s] -- Up-to-date: /home/p/ros2_ws/src/install/cartographer_ros_msgs/share/cartographer_ros_msgs/msg/StatusCode.idl
[3.338s] -- Up-to-date: /home/p/ros2_ws/src/install/cartographer_ros_msgs/share/cartographer_ros_msgs/msg/StatusResponse.idl
[3.338s] -- Up-to-date: /home/p/ros2_ws/src/install/cartographer_ros_msgs/share/cartographer_ros_msgs/msg/SubmapEntry.idl
[3.338s] -- Up-to-date: /home/p/ros2_ws/src/install/cartographer_ros_msgs/share/cartographer_ros_msgs/msg/SubmapList.idl
[3.338s] -- Up-to-date: /home/p/ros2_ws/src/install/cartographer_ros_msgs/share/cartographer_ros_msgs/msg/SubmapTexture.idl
[3.339s] -- Up-to-date: /home/p/ros2_ws/src/install/cartographer_ros_msgs/share/cartographer_ros_msgs/msg/TrajectoryStates.idl
[3.339s] -- Up-to-date: /home/p/ros2_ws/src/install/cartographer_ros_msgs/share/cartographer_ros_msgs/srv/FinishTrajectory.idl
[3.339s] -- Up-to-date: /home/p/ros2_ws/src/install/cartographer_ros_msgs/share/cartographer_ros_msgs/srv/GetTrajectoryStates.idl
[3.339s] -- Up-to-date: /home/p/ros2_ws/src/install/cartographer_ros_msgs/share/cartographer_ros_msgs/srv/ReadMetrics.idl
[3.339s] -- Up-to-date: /home/p/ros2_ws/src/install/cartographer_ros_msgs/share/cartographer_ros_msgs/srv/StartTrajectory.idl
[3.340s] -- Up-to-date: /home/p/ros2_ws/src/install/cartographer_ros_msgs/share/cartographer_ros_msgs/srv/TrajectoryQuery.idl
[3.340s] -- Up-to-date: /home/p/ros2_ws/src/install/cartographer_ros_msgs/share/cartographer_ros_msgs/srv/SubmapQuery.idl
[3.340s] -- Up-to-date: /home/p/ros2_ws/src/install/cartographer_ros_msgs/share/cartographer_ros_msgs/srv/WriteState.idl
[3.340s] -- Up-to-date: /home/p/ros2_ws/src/install/cartographer_ros_msgs/share/cartographer_ros_msgs/msg/BagfileProgress.msg
[3.340s] -- Up-to-date: /home/p/ros2_ws/src/install/cartographer_ros_msgs/share/cartographer_ros_msgs/msg/HistogramBucket.msg
[3.351s] -- Up-to-date: /home/p/ros2_ws/src/install/cartographer_ros_msgs/share/cartographer_ros_msgs/msg/LandmarkEntry.msg
[3.351s] -- Up-to-date: /home/p/ros2_ws/src/install/cartographer_ros_msgs/share/cartographer_ros_msgs/msg/LandmarkList.msg
[3.352s] -- Up-to-date: /home/p/ros2_ws/src/install/cartographer_ros_msgs/share/cartographer_ros_msgs/msg/MetricFamily.msg
[3.352s] -- Up-to-date: /home/p/ros2_ws/src/install/cartographer_ros_msgs/share/cartographer_ros_msgs/msg/MetricLabel.msg
[3.352s] -- Up-to-date: /home/p/ros2_ws/src/install/cartographer_ros_msgs/share/cartographer_ros_msgs/msg/Metric.msg
[3.352s] -- Up-to-date: /home/p/ros2_ws/src/install/cartographer_ros_msgs/share/cartographer_ros_msgs/msg/StatusCode.msg
[3.353s] -- Up-to-date: /home/p/ros2_ws/src/install/cartographer_ros_msgs/share/cartographer_ros_msgs/msg/StatusResponse.msg
[3.353s] -- Up-to-date: /home/p/ros2_ws/src/install/cartographer_ros_msgs/share/cartographer_ros_msgs/msg/SubmapEntry.msg
[3.353s] -- Up-to-date: /home/p/ros2_ws/src/install/cartographer_ros_msgs/share/cartographer_ros_msgs/msg/SubmapList.msg
[3.353s] -- Up-to-date: /home/p/ros2_ws/src/install/cartographer_ros_msgs/share/cartographer_ros_msgs/msg/SubmapTexture.msg
[3.353s] -- Up-to-date: /home/p/ros2_ws/src/install/cartographer_ros_msgs/share/cartographer_ros_msgs/msg/TrajectoryStates.msg
[3.353s] -- Up-to-date: /home/p/ros2_ws/src/install/cartographer_ros_msgs/share/cartographer_ros_msgs/srv/FinishTrajectory.srv
[3.353s] -- Up-to-date: /home/p/ros2_ws/src/install/cartographer_ros_msgs/share/cartographer_ros_msgs/srv/GetTrajectoryStates.srv
[3.353s] -- Up-to-date: /home/p/ros2_ws/src/install/cartographer_ros_msgs/share/cartographer_ros_msgs/srv/ReadMetrics.srv
[3.354s] -- Up-to-date: /home/p/ros2_ws/src/install/cartographer_ros_msgs/share/cartographer_ros_msgs/srv/StartTrajectory.srv
[3.354s] -- Up-to-date: /home/p/ros2_ws/src/install/cartographer_ros_msgs/share/cartographer_ros_msgs/srv/TrajectoryQuery.srv
[3.354s] -- Up-to-date: /home/p/ros2_ws/src/install/cartographer_ros_msgs/share/cartographer_ros_msgs/srv/SubmapQuery.srv
[3.354s] -- Up-to-date: /home/p/ros2_ws/src/install/cartographer_ros_msgs/share/cartographer_ros_msgs/srv/WriteState.srv
[3.363s] -- Up-to-date: /home/p/ros2_ws/src/install/cartographer_ros_msgs/share/ament_index/resource_index/package_run_dependencies/cartographer_ros_msgs
[3.364s] -- Up-to-date: /home/p/ros2_ws/src/install/cartographer_ros_msgs/share/ament_index/resource_index/parent_prefix_path/cartographer_ros_msgs
[3.364s] -- Up-to-date: /home/p/ros2_ws/src/install/cartographer_ros_msgs/share/cartographer_ros_msgs/environment/ament_prefix_path.sh
[3.364s] -- Up-to-date: /home/p/ros2_ws/src/install/cartographer_ros_msgs/share/cartographer_ros_msgs/environment/ament_prefix_path.dsv
[3.364s] -- Up-to-date: /home/p/ros2_ws/src/install/cartographer_ros_msgs/share/cartographer_ros_msgs/environment/path.sh
[3.364s] -- Up-to-date: /home/p/ros2_ws/src/install/cartographer_ros_msgs/share/cartographer_ros_msgs/environment/path.dsv
[3.364s] -- Up-to-date: /home/p/ros2_ws/src/install/cartographer_ros_msgs/share/cartographer_ros_msgs/local_setup.bash
[3.364s] -- Up-to-date: /home/p/ros2_ws/src/install/cartographer_ros_msgs/share/cartographer_ros_msgs/local_setup.sh
[3.364s] -- Up-to-date: /home/p/ros2_ws/src/install/cartographer_ros_msgs/share/cartographer_ros_msgs/local_setup.zsh
[3.364s] -- Up-to-date: /home/p/ros2_ws/src/install/cartographer_ros_msgs/share/cartographer_ros_msgs/local_setup.dsv
[3.364s] -- Installing: /home/p/ros2_ws/src/install/cartographer_ros_msgs/share/cartographer_ros_msgs/package.dsv
[3.372s] -- Up-to-date: /home/p/ros2_ws/src/install/cartographer_ros_msgs/share/ament_index/resource_index/packages/cartographer_ros_msgs
[3.373s] -- Up-to-date: /home/p/ros2_ws/src/install/cartographer_ros_msgs/share/cartographer_ros_msgs/cmake/export_cartographer_ros_msgs__rosidl_generator_cExport.cmake
[3.373s] -- Up-to-date: /home/p/ros2_ws/src/install/cartographer_ros_msgs/share/cartographer_ros_msgs/cmake/export_cartographer_ros_msgs__rosidl_generator_cExport-noconfig.cmake
[3.374s] -- Up-to-date: /home/p/ros2_ws/src/install/cartographer_ros_msgs/share/cartographer_ros_msgs/cmake/export_cartographer_ros_msgs__rosidl_typesupport_fastrtps_cExport.cmake
[3.374s] -- Up-to-date: /home/p/ros2_ws/src/install/cartographer_ros_msgs/share/cartographer_ros_msgs/cmake/export_cartographer_ros_msgs__rosidl_typesupport_fastrtps_cExport-noconfig.cmake
[3.375s] -- Up-to-date: /home/p/ros2_ws/src/install/cartographer_ros_msgs/share/cartographer_ros_msgs/cmake/cartographer_ros_msgs__rosidl_typesupport_introspection_cExport.cmake
[3.375s] -- Up-to-date: /home/p/ros2_ws/src/install/cartographer_ros_msgs/share/cartographer_ros_msgs/cmake/cartographer_ros_msgs__rosidl_typesupport_introspection_cExport-noconfig.cmake
[3.377s] -- Up-to-date: /home/p/ros2_ws/src/install/cartographer_ros_msgs/share/cartographer_ros_msgs/cmake/cartographer_ros_msgs__rosidl_typesupport_cExport.cmake
[3.377s] -- Up-to-date: /home/p/ros2_ws/src/install/cartographer_ros_msgs/share/cartographer_ros_msgs/cmake/cartographer_ros_msgs__rosidl_typesupport_cExport-noconfig.cmake
[3.383s] -- Up-to-date: /home/p/ros2_ws/src/install/cartographer_ros_msgs/share/cartographer_ros_msgs/cmake/export_cartographer_ros_msgs__rosidl_generator_cppExport.cmake
[3.385s] -- Up-to-date: /home/p/ros2_ws/src/install/cartographer_ros_msgs/share/cartographer_ros_msgs/cmake/export_cartographer_ros_msgs__rosidl_typesupport_fastrtps_cppExport.cmake
[3.385s] -- Up-to-date: /home/p/ros2_ws/src/install/cartographer_ros_msgs/share/cartographer_ros_msgs/cmake/export_cartographer_ros_msgs__rosidl_typesupport_fastrtps_cppExport-noconfig.cmake
[3.386s] -- Up-to-date: /home/p/ros2_ws/src/install/cartographer_ros_msgs/share/cartographer_ros_msgs/cmake/cartographer_ros_msgs__rosidl_typesupport_introspection_cppExport.cmake
[3.387s] -- Up-to-date: /home/p/ros2_ws/src/install/cartographer_ros_msgs/share/cartographer_ros_msgs/cmake/cartographer_ros_msgs__rosidl_typesupport_introspection_cppExport-noconfig.cmake
[3.396s] -- Up-to-date: /home/p/ros2_ws/src/install/cartographer_ros_msgs/share/cartographer_ros_msgs/cmake/cartographer_ros_msgs__rosidl_typesupport_cppExport.cmake
[3.396s] -- Up-to-date: /home/p/ros2_ws/src/install/cartographer_ros_msgs/share/cartographer_ros_msgs/cmake/cartographer_ros_msgs__rosidl_typesupport_cppExport-noconfig.cmake
[3.397s] -- Up-to-date: /home/p/ros2_ws/src/install/cartographer_ros_msgs/share/cartographer_ros_msgs/cmake/export_cartographer_ros_msgs__rosidl_generator_pyExport.cmake
[3.397s] -- Up-to-date: /home/p/ros2_ws/src/install/cartographer_ros_msgs/share/cartographer_ros_msgs/cmake/export_cartographer_ros_msgs__rosidl_generator_pyExport-noconfig.cmake
[3.397s] -- Up-to-date: /home/p/ros2_ws/src/install/cartographer_ros_msgs/share/cartographer_ros_msgs/cmake/rosidl_cmake-extras.cmake
[3.397s] -- Up-to-date: /home/p/ros2_ws/src/install/cartographer_ros_msgs/share/cartographer_ros_msgs/cmake/ament_cmake_export_dependencies-extras.cmake
[3.397s] -- Up-to-date: /home/p/ros2_ws/src/install/cartographer_ros_msgs/share/cartographer_ros_msgs/cmake/ament_cmake_export_include_directories-extras.cmake
[3.397s] -- Up-to-date: /home/p/ros2_ws/src/install/cartographer_ros_msgs/share/cartographer_ros_msgs/cmake/ament_cmake_export_libraries-extras.cmake
[3.398s] -- Up-to-date: /home/p/ros2_ws/src/install/cartographer_ros_msgs/share/cartographer_ros_msgs/cmake/ament_cmake_export_targets-extras.cmake
[3.398s] -- Up-to-date: /home/p/ros2_ws/src/install/cartographer_ros_msgs/share/cartographer_ros_msgs/cmake/rosidl_cmake_export_typesupport_targets-extras.cmake
[3.398s] -- Up-to-date: /home/p/ros2_ws/src/install/cartographer_ros_msgs/share/cartographer_ros_msgs/cmake/rosidl_cmake_export_typesupport_libraries-extras.cmake
[3.398s] -- Up-to-date: /home/p/ros2_ws/src/install/cartographer_ros_msgs/share/cartographer_ros_msgs/cmake/cartographer_ros_msgsConfig.cmake
[3.398s] -- Up-to-date: /home/p/ros2_ws/src/install/cartographer_ros_msgs/share/cartographer_ros_msgs/cmake/cartographer_ros_msgsConfig-version.cmake
[3.398s] -- Up-to-date: /home/p/ros2_ws/src/install/cartographer_ros_msgs/share/cartographer_ros_msgs/package.xml
[3.421s] Invoked command in '/home/p/ros2_ws/src/build/cartographer_ros_msgs' returned '0': CMAKE_PREFIX_PATH=${CMAKE_PREFIX_PATH}:/home/p/ros2_ws/install/sweep_builder:/home/p/ros2_ws/install/optical_cane_rpi:/home/p/ros2_ws/install/mpu9250:/opt/ros/jazzy DEBUGINFOD_URLS=https://debuginfod.ubuntu.com /usr/bin/cmake --install /home/p/ros2_ws/src/build/cartographer_ros_msgs
