[0.100s] Invoking command in '/home/p/ros2_ws/src/build/cartographer_rviz': AMENT_PREFIX_PATH=/home/p/ros2_ws/src/install/cartographer_ros:/home/p/ros2_ws/src/install/cartographer_ros_msgs:${AMENT_PREFIX_PATH} CMAKE_PREFIX_PATH=/home/p/ros2_ws/src/install/cartographer_ros:/home/p/ros2_ws/src/install/cartographer_ros_msgs:/home/p/ros2_ws/src/install/cartographer:/home/p/ros2_ws/install/sllidar_ros2:/home/p/ros2_ws/install/cpp_package:/home/p/ros2_ws/install/cartographer_rviz:/home/p/ros2_ws/install/cartographer_ros:/home/p/ros2_ws/install/cartographer_ros_msgs:/home/p/ros2_ws/install/cartographer:/opt/ros/jazzy/opt/gz_sim_vendor:/opt/ros/jazzy/opt/gz_sensors_vendor:/opt/ros/jazzy/opt/gz_physics_vendor:/opt/ros/jazzy/opt/sdformat_vendor:/opt/ros/jazzy/opt/gz_gui_vendor:/opt/ros/jazzy/opt/gz_transport_vendor:/opt/ros/jazzy/opt/gz_rendering_vendor:/opt/ros/jazzy/opt/gz_plugin_vendor:/opt/ros/jazzy/opt/gz_fuel_tools_vendor:/opt/ros/jazzy/opt/gz_msgs_vendor:/opt/ros/jazzy/opt/gz_common_vendor:/opt/ros/jazzy/opt/gz_math_vendor:/opt/ros/jazzy/opt/gz_utils_vendor:/opt/ros/jazzy/opt/gz_tools_vendor:/opt/ros/jazzy/opt/gz_ogre_next_vendor:/opt/ros/jazzy/opt/gz_dartsim_vendor:/opt/ros/jazzy/opt/gz_cmake_vendor:/home/p/ros2_ws/install/sweep_builder:/home/p/ros2_ws/install/optical_cane_rpi:/home/p/ros2_ws/install/mpu9250:/opt/ros/jazzy DEBUGINFOD_URLS=https://debuginfod.ubuntu.com LD_LIBRARY_PATH=/home/p/ros2_ws/src/install/cartographer_ros/lib:/home/p/ros2_ws/src/install/cartographer_ros_msgs/lib:${LD_LIBRARY_PATH} PATH=/home/p/ros2_ws/src/install/cartographer/bin:${PATH} PKG_CONFIG_PATH=/home/p/ros2_ws/src/install/cartographer/lib/aarch64-linux-gnu/pkgconfig:/home/p/ros2_ws/src/install/cartographer/lib/pkgconfig:${PKG_CONFIG_PATH} PYTHONPATH=/home/p/ros2_ws/src/install/cartographer_ros_msgs/lib/python3.12/site-packages:${PYTHONPATH} /usr/bin/cmake --build /home/p/ros2_ws/src/build/cartographer_rviz -- -j4 -l4
[0.445s] [  0%] Built target cartographer_rviz_detect_changes
[0.481s] [  0%] Built target cartographer_rviz_autogen_timestamp_deps
[0.880s] [ 14%] Built target cartographer_rviz_autogen
[1.289s] [100%] Built target cartographer_rviz
[1.342s] Invoked command in '/home/p/ros2_ws/src/build/cartographer_rviz' returned '0': AMENT_PREFIX_PATH=/home/p/ros2_ws/src/install/cartographer_ros:/home/p/ros2_ws/src/install/cartographer_ros_msgs:${AMENT_PREFIX_PATH} CMAKE_PREFIX_PATH=/home/p/ros2_ws/src/install/cartographer_ros:/home/p/ros2_ws/src/install/cartographer_ros_msgs:/home/p/ros2_ws/src/install/cartographer:/home/p/ros2_ws/install/sllidar_ros2:/home/p/ros2_ws/install/cpp_package:/home/p/ros2_ws/install/cartographer_rviz:/home/p/ros2_ws/install/cartographer_ros:/home/p/ros2_ws/install/cartographer_ros_msgs:/home/p/ros2_ws/install/cartographer:/opt/ros/jazzy/opt/gz_sim_vendor:/opt/ros/jazzy/opt/gz_sensors_vendor:/opt/ros/jazzy/opt/gz_physics_vendor:/opt/ros/jazzy/opt/sdformat_vendor:/opt/ros/jazzy/opt/gz_gui_vendor:/opt/ros/jazzy/opt/gz_transport_vendor:/opt/ros/jazzy/opt/gz_rendering_vendor:/opt/ros/jazzy/opt/gz_plugin_vendor:/opt/ros/jazzy/opt/gz_fuel_tools_vendor:/opt/ros/jazzy/opt/gz_msgs_vendor:/opt/ros/jazzy/opt/gz_common_vendor:/opt/ros/jazzy/opt/gz_math_vendor:/opt/ros/jazzy/opt/gz_utils_vendor:/opt/ros/jazzy/opt/gz_tools_vendor:/opt/ros/jazzy/opt/gz_ogre_next_vendor:/opt/ros/jazzy/opt/gz_dartsim_vendor:/opt/ros/jazzy/opt/gz_cmake_vendor:/home/p/ros2_ws/install/sweep_builder:/home/p/ros2_ws/install/optical_cane_rpi:/home/p/ros2_ws/install/mpu9250:/opt/ros/jazzy DEBUGINFOD_URLS=https://debuginfod.ubuntu.com LD_LIBRARY_PATH=/home/p/ros2_ws/src/install/cartographer_ros/lib:/home/p/ros2_ws/src/install/cartographer_ros_msgs/lib:${LD_LIBRARY_PATH} PATH=/home/p/ros2_ws/src/install/cartographer/bin:${PATH} PKG_CONFIG_PATH=/home/p/ros2_ws/src/install/cartographer/lib/aarch64-linux-gnu/pkgconfig:/home/p/ros2_ws/src/install/cartographer/lib/pkgconfig:${PKG_CONFIG_PATH} PYTHONPATH=/home/p/ros2_ws/src/install/cartographer_ros_msgs/lib/python3.12/site-packages:${PYTHONPATH} /usr/bin/cmake --build /home/p/ros2_ws/src/build/cartographer_rviz -- -j4 -l4
[1.343s] Invoking command in '/home/p/ros2_ws/src/build/cartographer_rviz': AMENT_PREFIX_PATH=/home/p/ros2_ws/src/install/cartographer_ros:/home/p/ros2_ws/src/install/cartographer_ros_msgs:${AMENT_PREFIX_PATH} CMAKE_PREFIX_PATH=/home/p/ros2_ws/src/install/cartographer_ros:/home/p/ros2_ws/src/install/cartographer_ros_msgs:/home/p/ros2_ws/src/install/cartographer:/home/p/ros2_ws/install/sllidar_ros2:/home/p/ros2_ws/install/cpp_package:/home/p/ros2_ws/install/cartographer_rviz:/home/p/ros2_ws/install/cartographer_ros:/home/p/ros2_ws/install/cartographer_ros_msgs:/home/p/ros2_ws/install/cartographer:/opt/ros/jazzy/opt/gz_sim_vendor:/opt/ros/jazzy/opt/gz_sensors_vendor:/opt/ros/jazzy/opt/gz_physics_vendor:/opt/ros/jazzy/opt/sdformat_vendor:/opt/ros/jazzy/opt/gz_gui_vendor:/opt/ros/jazzy/opt/gz_transport_vendor:/opt/ros/jazzy/opt/gz_rendering_vendor:/opt/ros/jazzy/opt/gz_plugin_vendor:/opt/ros/jazzy/opt/gz_fuel_tools_vendor:/opt/ros/jazzy/opt/gz_msgs_vendor:/opt/ros/jazzy/opt/gz_common_vendor:/opt/ros/jazzy/opt/gz_math_vendor:/opt/ros/jazzy/opt/gz_utils_vendor:/opt/ros/jazzy/opt/gz_tools_vendor:/opt/ros/jazzy/opt/gz_ogre_next_vendor:/opt/ros/jazzy/opt/gz_dartsim_vendor:/opt/ros/jazzy/opt/gz_cmake_vendor:/home/p/ros2_ws/install/sweep_builder:/home/p/ros2_ws/install/optical_cane_rpi:/home/p/ros2_ws/install/mpu9250:/opt/ros/jazzy DEBUGINFOD_URLS=https://debuginfod.ubuntu.com LD_LIBRARY_PATH=/home/p/ros2_ws/src/install/cartographer_ros/lib:/home/p/ros2_ws/src/install/cartographer_ros_msgs/lib:${LD_LIBRARY_PATH} PATH=/home/p/ros2_ws/src/install/cartographer/bin:${PATH} PKG_CONFIG_PATH=/home/p/ros2_ws/src/install/cartographer/lib/aarch64-linux-gnu/pkgconfig:/home/p/ros2_ws/src/install/cartographer/lib/pkgconfig:${PKG_CONFIG_PATH} PYTHONPATH=/home/p/ros2_ws/src/install/cartographer_ros_msgs/lib/python3.12/site-packages:${PYTHONPATH} /usr/bin/cmake --install /home/p/ros2_ws/src/build/cartographer_rviz
[1.379s] -- Install configuration: "Release"
[1.379s] -- Up-to-date: /home/p/ros2_ws/src/install/cartographer_rviz/share/cartographer_rviz/rviz_plugin_description.xml
[1.381s] -- Up-to-date: /home/p/ros2_ws/src/install/cartographer_rviz/lib/libcartographer_rviz.so
[1.381s] -- Up-to-date: /home/p/ros2_ws/src/install/cartographer_rviz/include/
[1.382s] -- Up-to-date: /home/p/ros2_ws/src/install/cartographer_rviz/include//cartographer_rviz
[1.382s] -- Up-to-date: /home/p/ros2_ws/src/install/cartographer_rviz/include//cartographer_rviz/drawable_submap.h
[1.382s] -- Up-to-date: /home/p/ros2_ws/src/install/cartographer_rviz/include//cartographer_rviz/submaps_display.h
[1.382s] -- Up-to-date: /home/p/ros2_ws/src/install/cartographer_rviz/include//cartographer_rviz/ogre_slice.h
[1.382s] -- Up-to-date: /home/p/ros2_ws/src/install/cartographer_rviz/share/cartographer_rviz/environment/library_path.sh
[1.382s] -- Up-to-date: /home/p/ros2_ws/src/install/cartographer_rviz/share/cartographer_rviz/environment/library_path.dsv
[1.382s] -- Up-to-date: /home/p/ros2_ws/src/install/cartographer_rviz/share/ament_index/resource_index/package_run_dependencies/cartographer_rviz
[1.382s] -- Up-to-date: /home/p/ros2_ws/src/install/cartographer_rviz/share/ament_index/resource_index/parent_prefix_path/cartographer_rviz
[1.383s] -- Up-to-date: /home/p/ros2_ws/src/install/cartographer_rviz/share/cartographer_rviz/environment/ament_prefix_path.sh
[1.383s] -- Up-to-date: /home/p/ros2_ws/src/install/cartographer_rviz/share/cartographer_rviz/environment/ament_prefix_path.dsv
[1.383s] -- Up-to-date: /home/p/ros2_ws/src/install/cartographer_rviz/share/cartographer_rviz/environment/path.sh
[1.383s] -- Up-to-date: /home/p/ros2_ws/src/install/cartographer_rviz/share/cartographer_rviz/environment/path.dsv
[1.383s] -- Up-to-date: /home/p/ros2_ws/src/install/cartographer_rviz/share/cartographer_rviz/local_setup.bash
[1.383s] -- Up-to-date: /home/p/ros2_ws/src/install/cartographer_rviz/share/cartographer_rviz/local_setup.sh
[1.383s] -- Up-to-date: /home/p/ros2_ws/src/install/cartographer_rviz/share/cartographer_rviz/local_setup.zsh
[1.387s] -- Up-to-date: /home/p/ros2_ws/src/install/cartographer_rviz/share/cartographer_rviz/local_setup.dsv
[1.387s] -- Installing: /home/p/ros2_ws/src/install/cartographer_rviz/share/cartographer_rviz/package.dsv
[1.387s] -- Up-to-date: /home/p/ros2_ws/src/install/cartographer_rviz/share/ament_index/resource_index/packages/cartographer_rviz
[1.387s] -- Up-to-date: /home/p/ros2_ws/src/install/cartographer_rviz/share/ament_index/resource_index/rviz_common__pluginlib__plugin/cartographer_rviz
[1.387s] -- Up-to-date: /home/p/ros2_ws/src/install/cartographer_rviz/share/cartographer_rviz/ogre_media/materials/glsl120
[1.387s] -- Up-to-date: /home/p/ros2_ws/src/install/cartographer_rviz/share/cartographer_rviz/ogre_media/materials/glsl120/submap.frag
[1.388s] -- Up-to-date: /home/p/ros2_ws/src/install/cartographer_rviz/share/cartographer_rviz/ogre_media/materials/glsl120/glsl120.program
[1.388s] -- Up-to-date: /home/p/ros2_ws/src/install/cartographer_rviz/share/cartographer_rviz/ogre_media/materials/glsl120/submap.vert
[1.388s] -- Up-to-date: /home/p/ros2_ws/src/install/cartographer_rviz/share/cartographer_rviz/ogre_media/materials/scripts
[1.388s] -- Up-to-date: /home/p/ros2_ws/src/install/cartographer_rviz/share/cartographer_rviz/ogre_media/materials/scripts/submap.material
[1.388s] -- Up-to-date: /home/p/ros2_ws/src/install/cartographer_rviz/share/ament_index/resource_index/rviz_ogre_media_exports/cartographer_rviz
[1.388s] -- Up-to-date: /home/p/ros2_ws/src/install/cartographer_rviz/share/cartographer_rviz/cmake/cartographer_rvizExport.cmake
[1.388s] -- Up-to-date: /home/p/ros2_ws/src/install/cartographer_rviz/share/cartographer_rviz/cmake/cartographer_rvizExport-release.cmake
[1.388s] -- Up-to-date: /home/p/ros2_ws/src/install/cartographer_rviz/share/cartographer_rviz/cmake/ament_cmake_export_include_directories-extras.cmake
[1.389s] -- Up-to-date: /home/p/ros2_ws/src/install/cartographer_rviz/share/cartographer_rviz/cmake/ament_cmake_export_targets-extras.cmake
[1.389s] -- Up-to-date: /home/p/ros2_ws/src/install/cartographer_rviz/share/cartographer_rviz/cmake/ament_cmake_export_dependencies-extras.cmake
[1.389s] -- Up-to-date: /home/p/ros2_ws/src/install/cartographer_rviz/share/cartographer_rviz/cmake/cartographer_rvizConfig.cmake
[1.389s] -- Up-to-date: /home/p/ros2_ws/src/install/cartographer_rviz/share/cartographer_rviz/cmake/cartographer_rvizConfig-version.cmake
[1.389s] -- Up-to-date: /home/p/ros2_ws/src/install/cartographer_rviz/share/cartographer_rviz/package.xml
[1.399s] Invoked command in '/home/p/ros2_ws/src/build/cartographer_rviz' returned '0': AMENT_PREFIX_PATH=/home/p/ros2_ws/src/install/cartographer_ros:/home/p/ros2_ws/src/install/cartographer_ros_msgs:${AMENT_PREFIX_PATH} CMAKE_PREFIX_PATH=/home/p/ros2_ws/src/install/cartographer_ros:/home/p/ros2_ws/src/install/cartographer_ros_msgs:/home/p/ros2_ws/src/install/cartographer:/home/p/ros2_ws/install/sllidar_ros2:/home/p/ros2_ws/install/cpp_package:/home/p/ros2_ws/install/cartographer_rviz:/home/p/ros2_ws/install/cartographer_ros:/home/p/ros2_ws/install/cartographer_ros_msgs:/home/p/ros2_ws/install/cartographer:/opt/ros/jazzy/opt/gz_sim_vendor:/opt/ros/jazzy/opt/gz_sensors_vendor:/opt/ros/jazzy/opt/gz_physics_vendor:/opt/ros/jazzy/opt/sdformat_vendor:/opt/ros/jazzy/opt/gz_gui_vendor:/opt/ros/jazzy/opt/gz_transport_vendor:/opt/ros/jazzy/opt/gz_rendering_vendor:/opt/ros/jazzy/opt/gz_plugin_vendor:/opt/ros/jazzy/opt/gz_fuel_tools_vendor:/opt/ros/jazzy/opt/gz_msgs_vendor:/opt/ros/jazzy/opt/gz_common_vendor:/opt/ros/jazzy/opt/gz_math_vendor:/opt/ros/jazzy/opt/gz_utils_vendor:/opt/ros/jazzy/opt/gz_tools_vendor:/opt/ros/jazzy/opt/gz_ogre_next_vendor:/opt/ros/jazzy/opt/gz_dartsim_vendor:/opt/ros/jazzy/opt/gz_cmake_vendor:/home/p/ros2_ws/install/sweep_builder:/home/p/ros2_ws/install/optical_cane_rpi:/home/p/ros2_ws/install/mpu9250:/opt/ros/jazzy DEBUGINFOD_URLS=https://debuginfod.ubuntu.com LD_LIBRARY_PATH=/home/p/ros2_ws/src/install/cartographer_ros/lib:/home/p/ros2_ws/src/install/cartographer_ros_msgs/lib:${LD_LIBRARY_PATH} PATH=/home/p/ros2_ws/src/install/cartographer/bin:${PATH} PKG_CONFIG_PATH=/home/p/ros2_ws/src/install/cartographer/lib/aarch64-linux-gnu/pkgconfig:/home/p/ros2_ws/src/install/cartographer/lib/pkgconfig:${PKG_CONFIG_PATH} PYTHONPATH=/home/p/ros2_ws/src/install/cartographer_ros_msgs/lib/python3.12/site-packages:${PYTHONPATH} /usr/bin/cmake --install /home/p/ros2_ws/src/build/cartographer_rviz
