running egg_info
creating ../build/optical_cane_rpi/optical_cane_rpi.egg-info
writing ../build/optical_cane_rpi/optical_cane_rpi.egg-info/PKG-INFO
writing dependency_links to ../build/optical_cane_rpi/optical_cane_rpi.egg-info/dependency_links.txt
writing entry points to ../build/optical_cane_rpi/optical_cane_rpi.egg-info/entry_points.txt
writing requirements to ../build/optical_cane_rpi/optical_cane_rpi.egg-info/requires.txt
writing top-level names to ../build/optical_cane_rpi/optical_cane_rpi.egg-info/top_level.txt
writing manifest file '../build/optical_cane_rpi/optical_cane_rpi.egg-info/SOURCES.txt'
reading manifest file '../build/optical_cane_rpi/optical_cane_rpi.egg-info/SOURCES.txt'
adding license file 'LICENSE'
writing manifest file '../build/optical_cane_rpi/optical_cane_rpi.egg-info/SOURCES.txt'
running build
running build_py
creating /home/p/ros2_ws/src/build/optical_cane_rpi/build
creating /home/p/ros2_ws/src/build/optical_cane_rpi/build/lib
creating /home/p/ros2_ws/src/build/optical_cane_rpi/build/lib/optical_cane_rpi
copying optical_cane_rpi/point_cloud_accumulator_voxel_node.py -> /home/p/ros2_ws/src/build/optical_cane_rpi/build/lib/optical_cane_rpi
copying optical_cane_rpi/sensor_fusion_node.py -> /home/p/ros2_ws/src/build/optical_cane_rpi/build/lib/optical_cane_rpi
copying optical_cane_rpi/sweep_node.py -> /home/p/ros2_ws/src/build/optical_cane_rpi/build/lib/optical_cane_rpi
copying optical_cane_rpi/point_cloud_accumulator_node.py -> /home/p/ros2_ws/src/build/optical_cane_rpi/build/lib/optical_cane_rpi
copying optical_cane_rpi/__init__.py -> /home/p/ros2_ws/src/build/optical_cane_rpi/build/lib/optical_cane_rpi
copying optical_cane_rpi/point_cloud_accumulator_pcl_voxel_node.py -> /home/p/ros2_ws/src/build/optical_cane_rpi/build/lib/optical_cane_rpi
copying optical_cane_rpi/angle_sweeper_node.py -> /home/p/ros2_ws/src/build/optical_cane_rpi/build/lib/optical_cane_rpi
copying optical_cane_rpi/accumulator_node.py -> /home/p/ros2_ws/src/build/optical_cane_rpi/build/lib/optical_cane_rpi
running install
running install_lib
creating /home/p/ros2_ws/src/install/optical_cane_rpi/lib/python3.12/site-packages/optical_cane_rpi
copying /home/p/ros2_ws/src/build/optical_cane_rpi/build/lib/optical_cane_rpi/point_cloud_accumulator_voxel_node.py -> /home/p/ros2_ws/src/install/optical_cane_rpi/lib/python3.12/site-packages/optical_cane_rpi
copying /home/p/ros2_ws/src/build/optical_cane_rpi/build/lib/optical_cane_rpi/sensor_fusion_node.py -> /home/p/ros2_ws/src/install/optical_cane_rpi/lib/python3.12/site-packages/optical_cane_rpi
copying /home/p/ros2_ws/src/build/optical_cane_rpi/build/lib/optical_cane_rpi/sweep_node.py -> /home/p/ros2_ws/src/install/optical_cane_rpi/lib/python3.12/site-packages/optical_cane_rpi
copying /home/p/ros2_ws/src/build/optical_cane_rpi/build/lib/optical_cane_rpi/point_cloud_accumulator_node.py -> /home/p/ros2_ws/src/install/optical_cane_rpi/lib/python3.12/site-packages/optical_cane_rpi
copying /home/p/ros2_ws/src/build/optical_cane_rpi/build/lib/optical_cane_rpi/__init__.py -> /home/p/ros2_ws/src/install/optical_cane_rpi/lib/python3.12/site-packages/optical_cane_rpi
copying /home/p/ros2_ws/src/build/optical_cane_rpi/build/lib/optical_cane_rpi/point_cloud_accumulator_pcl_voxel_node.py -> /home/p/ros2_ws/src/install/optical_cane_rpi/lib/python3.12/site-packages/optical_cane_rpi
copying /home/p/ros2_ws/src/build/optical_cane_rpi/build/lib/optical_cane_rpi/angle_sweeper_node.py -> /home/p/ros2_ws/src/install/optical_cane_rpi/lib/python3.12/site-packages/optical_cane_rpi
copying /home/p/ros2_ws/src/build/optical_cane_rpi/build/lib/optical_cane_rpi/accumulator_node.py -> /home/p/ros2_ws/src/install/optical_cane_rpi/lib/python3.12/site-packages/optical_cane_rpi
byte-compiling /home/p/ros2_ws/src/install/optical_cane_rpi/lib/python3.12/site-packages/optical_cane_rpi/point_cloud_accumulator_voxel_node.py to point_cloud_accumulator_voxel_node.cpython-312.pyc
byte-compiling /home/p/ros2_ws/src/install/optical_cane_rpi/lib/python3.12/site-packages/optical_cane_rpi/sensor_fusion_node.py to sensor_fusion_node.cpython-312.pyc
byte-compiling /home/p/ros2_ws/src/install/optical_cane_rpi/lib/python3.12/site-packages/optical_cane_rpi/sweep_node.py to sweep_node.cpython-312.pyc
byte-compiling /home/p/ros2_ws/src/install/optical_cane_rpi/lib/python3.12/site-packages/optical_cane_rpi/point_cloud_accumulator_node.py to point_cloud_accumulator_node.cpython-312.pyc
byte-compiling /home/p/ros2_ws/src/install/optical_cane_rpi/lib/python3.12/site-packages/optical_cane_rpi/__init__.py to __init__.cpython-312.pyc
byte-compiling /home/p/ros2_ws/src/install/optical_cane_rpi/lib/python3.12/site-packages/optical_cane_rpi/point_cloud_accumulator_pcl_voxel_node.py to point_cloud_accumulator_pcl_voxel_node.cpython-312.pyc
byte-compiling /home/p/ros2_ws/src/install/optical_cane_rpi/lib/python3.12/site-packages/optical_cane_rpi/angle_sweeper_node.py to angle_sweeper_node.cpython-312.pyc
byte-compiling /home/p/ros2_ws/src/install/optical_cane_rpi/lib/python3.12/site-packages/optical_cane_rpi/accumulator_node.py to accumulator_node.cpython-312.pyc
running install_data
creating /home/p/ros2_ws/src/install/optical_cane_rpi/share/ament_index
creating /home/p/ros2_ws/src/install/optical_cane_rpi/share/ament_index/resource_index
creating /home/p/ros2_ws/src/install/optical_cane_rpi/share/ament_index/resource_index/packages
copying resource/optical_cane_rpi -> /home/p/ros2_ws/src/install/optical_cane_rpi/share/ament_index/resource_index/packages
copying package.xml -> /home/p/ros2_ws/src/install/optical_cane_rpi/share/optical_cane_rpi
creating /home/p/ros2_ws/src/install/optical_cane_rpi/share/optical_cane_rpi/launch
copying launch/odom_test.launch.py -> /home/p/ros2_ws/src/install/optical_cane_rpi/share/optical_cane_rpi/launch
copying launch/ekf_only.launch.py -> /home/p/ros2_ws/src/install/optical_cane_rpi/share/optical_cane_rpi/launch
copying launch/optical_cane.launch.py -> /home/p/ros2_ws/src/install/optical_cane_rpi/share/optical_cane_rpi/launch
creating /home/p/ros2_ws/src/install/optical_cane_rpi/share/optical_cane_rpi/rviz
copying rviz/optical_cane.rviz -> /home/p/ros2_ws/src/install/optical_cane_rpi/share/optical_cane_rpi/rviz
running install_egg_info
Copying ../build/optical_cane_rpi/optical_cane_rpi.egg-info to /home/p/ros2_ws/src/install/optical_cane_rpi/lib/python3.12/site-packages/optical_cane_rpi-0.0.0-py3.12.egg-info
running install_scripts
Installing accumulator_node script to /home/p/ros2_ws/src/install/optical_cane_rpi/lib/optical_cane_rpi
Installing angle_sweeper_node script to /home/p/ros2_ws/src/install/optical_cane_rpi/lib/optical_cane_rpi
Installing sensor_fusion_node script to /home/p/ros2_ws/src/install/optical_cane_rpi/lib/optical_cane_rpi
Installing sweep_node script to /home/p/ros2_ws/src/install/optical_cane_rpi/lib/optical_cane_rpi
writing list of installed files to '/home/p/ros2_ws/src/build/optical_cane_rpi/install.log'
