[3.304s] Invoking command in '/home/p/ros2_ws/src/optical_cane_rpi': AMENT_PREFIX_PATH=/home/p/ros2_ws/src/install/sllidar_ros2:/home/p/ros2_ws/src/install/mpu9250:${AMENT_PREFIX_PATH} CMAKE_PREFIX_PATH=/home/p/ros2_ws/src/install/sllidar_ros2:${CMAKE_PREFIX_PATH} DEBUGINFOD_URLS=https://debuginfod.ubuntu.com PYTHONPATH=/home/p/ros2_ws/src/build/optical_cane_rpi/prefix_override:/usr/lib/python3/dist-packages/colcon_core/task/python/colcon_distutils_commands:/home/p/ros2_ws/src/install/optical_cane_rpi/lib/python3.12/site-packages:/home/p/ros2_ws/src/install/mpu9250/lib/python3.12/site-packages:${PYTHONPATH} /usr/bin/python3 -W ignore:setup.py install is deprecated -W ignore:easy_install command is deprecated setup.py egg_info --egg-base ../build/optical_cane_rpi build --build-base /home/p/ros2_ws/src/build/optical_cane_rpi/build install --record /home/p/ros2_ws/src/build/optical_cane_rpi/install.log --single-version-externally-managed install_data
[4.267s] running egg_info
[4.268s] creating ../build/optical_cane_rpi/optical_cane_rpi.egg-info
[4.371s] writing ../build/optical_cane_rpi/optical_cane_rpi.egg-info/PKG-INFO
[4.372s] writing dependency_links to ../build/optical_cane_rpi/optical_cane_rpi.egg-info/dependency_links.txt
[4.374s] writing entry points to ../build/optical_cane_rpi/optical_cane_rpi.egg-info/entry_points.txt
[4.378s] writing requirements to ../build/optical_cane_rpi/optical_cane_rpi.egg-info/requires.txt
[4.378s] writing top-level names to ../build/optical_cane_rpi/optical_cane_rpi.egg-info/top_level.txt
[4.378s] writing manifest file '../build/optical_cane_rpi/optical_cane_rpi.egg-info/SOURCES.txt'
[4.509s] reading manifest file '../build/optical_cane_rpi/optical_cane_rpi.egg-info/SOURCES.txt'
[4.510s] adding license file 'LICENSE'
[4.511s] writing manifest file '../build/optical_cane_rpi/optical_cane_rpi.egg-info/SOURCES.txt'
[4.513s] running build
[4.514s] running build_py
[4.514s] creating /home/p/ros2_ws/src/build/optical_cane_rpi/build
[4.514s] creating /home/p/ros2_ws/src/build/optical_cane_rpi/build/lib
[4.514s] creating /home/p/ros2_ws/src/build/optical_cane_rpi/build/lib/optical_cane_rpi
[4.514s] copying optical_cane_rpi/point_cloud_accumulator_voxel_node.py -> /home/p/ros2_ws/src/build/optical_cane_rpi/build/lib/optical_cane_rpi
[4.520s] copying optical_cane_rpi/sensor_fusion_node.py -> /home/p/ros2_ws/src/build/optical_cane_rpi/build/lib/optical_cane_rpi
[4.520s] copying optical_cane_rpi/sweep_node.py -> /home/p/ros2_ws/src/build/optical_cane_rpi/build/lib/optical_cane_rpi
[4.520s] copying optical_cane_rpi/point_cloud_accumulator_node.py -> /home/p/ros2_ws/src/build/optical_cane_rpi/build/lib/optical_cane_rpi
[4.520s] copying optical_cane_rpi/__init__.py -> /home/p/ros2_ws/src/build/optical_cane_rpi/build/lib/optical_cane_rpi
[4.520s] copying optical_cane_rpi/point_cloud_accumulator_pcl_voxel_node.py -> /home/p/ros2_ws/src/build/optical_cane_rpi/build/lib/optical_cane_rpi
[4.520s] copying optical_cane_rpi/angle_sweeper_node.py -> /home/p/ros2_ws/src/build/optical_cane_rpi/build/lib/optical_cane_rpi
[4.520s] copying optical_cane_rpi/accumulator_node.py -> /home/p/ros2_ws/src/build/optical_cane_rpi/build/lib/optical_cane_rpi
[4.520s] running install
[4.537s] running install_lib
[4.642s] creating /home/p/ros2_ws/src/install/optical_cane_rpi/lib/python3.12/site-packages/optical_cane_rpi
[4.648s] copying /home/p/ros2_ws/src/build/optical_cane_rpi/build/lib/optical_cane_rpi/point_cloud_accumulator_voxel_node.py -> /home/p/ros2_ws/src/install/optical_cane_rpi/lib/python3.12/site-packages/optical_cane_rpi
[4.648s] copying /home/p/ros2_ws/src/build/optical_cane_rpi/build/lib/optical_cane_rpi/sensor_fusion_node.py -> /home/p/ros2_ws/src/install/optical_cane_rpi/lib/python3.12/site-packages/optical_cane_rpi
[4.651s] copying /home/p/ros2_ws/src/build/optical_cane_rpi/build/lib/optical_cane_rpi/sweep_node.py -> /home/p/ros2_ws/src/install/optical_cane_rpi/lib/python3.12/site-packages/optical_cane_rpi
[4.651s] copying /home/p/ros2_ws/src/build/optical_cane_rpi/build/lib/optical_cane_rpi/point_cloud_accumulator_node.py -> /home/p/ros2_ws/src/install/optical_cane_rpi/lib/python3.12/site-packages/optical_cane_rpi
[4.653s] copying /home/p/ros2_ws/src/build/optical_cane_rpi/build/lib/optical_cane_rpi/__init__.py -> /home/p/ros2_ws/src/install/optical_cane_rpi/lib/python3.12/site-packages/optical_cane_rpi
[4.655s] copying /home/p/ros2_ws/src/build/optical_cane_rpi/build/lib/optical_cane_rpi/point_cloud_accumulator_pcl_voxel_node.py -> /home/p/ros2_ws/src/install/optical_cane_rpi/lib/python3.12/site-packages/optical_cane_rpi
[4.658s] copying /home/p/ros2_ws/src/build/optical_cane_rpi/build/lib/optical_cane_rpi/angle_sweeper_node.py -> /home/p/ros2_ws/src/install/optical_cane_rpi/lib/python3.12/site-packages/optical_cane_rpi
[4.661s] copying /home/p/ros2_ws/src/build/optical_cane_rpi/build/lib/optical_cane_rpi/accumulator_node.py -> /home/p/ros2_ws/src/install/optical_cane_rpi/lib/python3.12/site-packages/optical_cane_rpi
[4.666s] byte-compiling /home/p/ros2_ws/src/install/optical_cane_rpi/lib/python3.12/site-packages/optical_cane_rpi/point_cloud_accumulator_voxel_node.py to point_cloud_accumulator_voxel_node.cpython-312.pyc
[4.670s] byte-compiling /home/p/ros2_ws/src/install/optical_cane_rpi/lib/python3.12/site-packages/optical_cane_rpi/sensor_fusion_node.py to sensor_fusion_node.cpython-312.pyc
[4.672s] byte-compiling /home/p/ros2_ws/src/install/optical_cane_rpi/lib/python3.12/site-packages/optical_cane_rpi/sweep_node.py to sweep_node.cpython-312.pyc
[4.677s] byte-compiling /home/p/ros2_ws/src/install/optical_cane_rpi/lib/python3.12/site-packages/optical_cane_rpi/point_cloud_accumulator_node.py to point_cloud_accumulator_node.cpython-312.pyc
[4.684s] byte-compiling /home/p/ros2_ws/src/install/optical_cane_rpi/lib/python3.12/site-packages/optical_cane_rpi/__init__.py to __init__.cpython-312.pyc
[4.684s] byte-compiling /home/p/ros2_ws/src/install/optical_cane_rpi/lib/python3.12/site-packages/optical_cane_rpi/point_cloud_accumulator_pcl_voxel_node.py to point_cloud_accumulator_pcl_voxel_node.cpython-312.pyc
[4.685s] byte-compiling /home/p/ros2_ws/src/install/optical_cane_rpi/lib/python3.12/site-packages/optical_cane_rpi/angle_sweeper_node.py to angle_sweeper_node.cpython-312.pyc
[4.689s] byte-compiling /home/p/ros2_ws/src/install/optical_cane_rpi/lib/python3.12/site-packages/optical_cane_rpi/accumulator_node.py to accumulator_node.cpython-312.pyc
[4.694s] running install_data
[4.697s] creating /home/p/ros2_ws/src/install/optical_cane_rpi/share/ament_index
[4.697s] creating /home/p/ros2_ws/src/install/optical_cane_rpi/share/ament_index/resource_index
[4.697s] creating /home/p/ros2_ws/src/install/optical_cane_rpi/share/ament_index/resource_index/packages
[4.697s] copying resource/optical_cane_rpi -> /home/p/ros2_ws/src/install/optical_cane_rpi/share/ament_index/resource_index/packages
[4.697s] copying package.xml -> /home/p/ros2_ws/src/install/optical_cane_rpi/share/optical_cane_rpi
[4.697s] creating /home/p/ros2_ws/src/install/optical_cane_rpi/share/optical_cane_rpi/launch
[4.698s] copying launch/odom_test.launch.py -> /home/p/ros2_ws/src/install/optical_cane_rpi/share/optical_cane_rpi/launch
[4.698s] copying launch/ekf_only.launch.py -> /home/p/ros2_ws/src/install/optical_cane_rpi/share/optical_cane_rpi/launch
[4.698s] copying launch/optical_cane.launch.py -> /home/p/ros2_ws/src/install/optical_cane_rpi/share/optical_cane_rpi/launch
[4.698s] creating /home/p/ros2_ws/src/install/optical_cane_rpi/share/optical_cane_rpi/rviz
[4.699s] copying rviz/optical_cane.rviz -> /home/p/ros2_ws/src/install/optical_cane_rpi/share/optical_cane_rpi/rviz
[4.700s] running install_egg_info
[4.862s] Copying ../build/optical_cane_rpi/optical_cane_rpi.egg-info to /home/p/ros2_ws/src/install/optical_cane_rpi/lib/python3.12/site-packages/optical_cane_rpi-0.0.0-py3.12.egg-info
[4.865s] running install_scripts
[5.488s] Installing accumulator_node script to /home/p/ros2_ws/src/install/optical_cane_rpi/lib/optical_cane_rpi
[5.494s] Installing angle_sweeper_node script to /home/p/ros2_ws/src/install/optical_cane_rpi/lib/optical_cane_rpi
[5.494s] Installing sensor_fusion_node script to /home/p/ros2_ws/src/install/optical_cane_rpi/lib/optical_cane_rpi
[5.494s] Installing sweep_node script to /home/p/ros2_ws/src/install/optical_cane_rpi/lib/optical_cane_rpi
[5.494s] writing list of installed files to '/home/p/ros2_ws/src/build/optical_cane_rpi/install.log'
[5.635s] Invoked command in '/home/p/ros2_ws/src/optical_cane_rpi' returned '0': AMENT_PREFIX_PATH=/home/p/ros2_ws/src/install/sllidar_ros2:/home/p/ros2_ws/src/install/mpu9250:${AMENT_PREFIX_PATH} CMAKE_PREFIX_PATH=/home/p/ros2_ws/src/install/sllidar_ros2:${CMAKE_PREFIX_PATH} DEBUGINFOD_URLS=https://debuginfod.ubuntu.com PYTHONPATH=/home/p/ros2_ws/src/build/optical_cane_rpi/prefix_override:/usr/lib/python3/dist-packages/colcon_core/task/python/colcon_distutils_commands:/home/p/ros2_ws/src/install/optical_cane_rpi/lib/python3.12/site-packages:/home/p/ros2_ws/src/install/mpu9250/lib/python3.12/site-packages:${PYTHONPATH} /usr/bin/python3 -W ignore:setup.py install is deprecated -W ignore:easy_install command is deprecated setup.py egg_info --egg-base ../build/optical_cane_rpi build --build-base /home/p/ros2_ws/src/build/optical_cane_rpi/build install --record /home/p/ros2_ws/src/build/optical_cane_rpi/install.log --single-version-externally-managed install_data
