[9.789s] Invoking command in '/home/p/ros2_ws/src/mpu9250': DEBUGINFOD_URLS=https://debuginfod.ubuntu.com PYTHONPATH=/home/p/ros2_ws/src/build/mpu9250/prefix_override:/usr/lib/python3/dist-packages/colcon_core/task/python/colcon_distutils_commands:/home/p/ros2_ws/src/install/mpu9250/lib/python3.12/site-packages:${PYTHONPATH} /usr/bin/python3 -W ignore:setup.py install is deprecated -W ignore:easy_install command is deprecated setup.py egg_info --egg-base ../build/mpu9250 build --build-base /home/p/ros2_ws/src/build/mpu9250/build install --record /home/p/ros2_ws/src/build/mpu9250/install.log --single-version-externally-managed install_data
[11.884s] running egg_info
[11.888s] creating ../build/mpu9250/mpu9250.egg-info
[12.017s] writing ../build/mpu9250/mpu9250.egg-info/PKG-INFO
[12.023s] writing dependency_links to ../build/mpu9250/mpu9250.egg-info/dependency_links.txt
[12.024s] writing entry points to ../build/mpu9250/mpu9250.egg-info/entry_points.txt
[12.024s] writing requirements to ../build/mpu9250/mpu9250.egg-info/requires.txt
[12.024s] writing top-level names to ../build/mpu9250/mpu9250.egg-info/top_level.txt
[12.024s] writing manifest file '../build/mpu9250/mpu9250.egg-info/SOURCES.txt'
[12.405s] reading manifest file '../build/mpu9250/mpu9250.egg-info/SOURCES.txt'
[12.406s] adding license file 'LICENSE'
[12.418s] writing manifest file '../build/mpu9250/mpu9250.egg-info/SOURCES.txt'
[12.418s] running build
[12.418s] running build_py
[12.420s] creating /home/p/ros2_ws/src/build/mpu9250/build
[12.427s] creating /home/p/ros2_ws/src/build/mpu9250/build/lib
[12.427s] creating /home/p/ros2_ws/src/build/mpu9250/build/lib/mpu9250
[12.428s] copying mpu9250/mpu9250_calibration.py -> /home/p/ros2_ws/src/build/mpu9250/build/lib/mpu9250
[12.466s] copying mpu9250/mpu9250_filtered_kalman.py -> /home/p/ros2_ws/src/build/mpu9250/build/lib/mpu9250
[12.470s] copying mpu9250/mpu9250_filtered_madgwick.py -> /home/p/ros2_ws/src/build/mpu9250/build/lib/mpu9250
[12.505s] copying mpu9250/mpu9250_filtered.py -> /home/p/ros2_ws/src/build/mpu9250/build/lib/mpu9250
[12.524s] copying mpu9250/mpu9250_driver_node.py -> /home/p/ros2_ws/src/build/mpu9250/build/lib/mpu9250
[12.576s] copying mpu9250/__init__.py -> /home/p/ros2_ws/src/build/mpu9250/build/lib/mpu9250
[12.576s] copying mpu9250/mpu9250.py -> /home/p/ros2_ws/src/build/mpu9250/build/lib/mpu9250
[12.622s] creating /home/p/ros2_ws/src/build/mpu9250/build/lib/mpu9250/imusensor
[12.622s] copying mpu9250/imusensor/__init__.py -> /home/p/ros2_ws/src/build/mpu9250/build/lib/mpu9250/imusensor
[12.622s] creating /home/p/ros2_ws/src/build/mpu9250/build/lib/mpu9250/imusensor/filters
[12.622s] copying mpu9250/imusensor/filters/kalman.py -> /home/p/ros2_ws/src/build/mpu9250/build/lib/mpu9250/imusensor/filters
[12.713s] copying mpu9250/imusensor/filters/madgwick.py -> /home/p/ros2_ws/src/build/mpu9250/build/lib/mpu9250/imusensor/filters
[12.716s] copying mpu9250/imusensor/filters/__init__.py -> /home/p/ros2_ws/src/build/mpu9250/build/lib/mpu9250/imusensor/filters
[12.721s] copying mpu9250/imusensor/filters/complimentary.py -> /home/p/ros2_ws/src/build/mpu9250/build/lib/mpu9250/imusensor/filters
[12.721s] creating /home/p/ros2_ws/src/build/mpu9250/build/lib/mpu9250/imusensor/MPU9250
[12.721s] copying mpu9250/imusensor/MPU9250/MPU9250.py -> /home/p/ros2_ws/src/build/mpu9250/build/lib/mpu9250/imusensor/MPU9250
[12.728s] copying mpu9250/imusensor/MPU9250/__init__.py -> /home/p/ros2_ws/src/build/mpu9250/build/lib/mpu9250/imusensor/MPU9250
[12.728s] copying mpu9250/imusensor/MPU9250/config.py -> /home/p/ros2_ws/src/build/mpu9250/build/lib/mpu9250/imusensor/MPU9250
[12.813s] running install
[12.849s] running install_lib
[12.993s] creating /home/p/ros2_ws/src/install/mpu9250/lib/python3.12/site-packages/mpu9250
[12.994s] copying /home/p/ros2_ws/src/build/mpu9250/build/lib/mpu9250/mpu9250_calibration.py -> /home/p/ros2_ws/src/install/mpu9250/lib/python3.12/site-packages/mpu9250
[12.994s] copying /home/p/ros2_ws/src/build/mpu9250/build/lib/mpu9250/mpu9250_filtered_kalman.py -> /home/p/ros2_ws/src/install/mpu9250/lib/python3.12/site-packages/mpu9250
[12.994s] copying /home/p/ros2_ws/src/build/mpu9250/build/lib/mpu9250/mpu9250_filtered_madgwick.py -> /home/p/ros2_ws/src/install/mpu9250/lib/python3.12/site-packages/mpu9250
[12.994s] creating /home/p/ros2_ws/src/install/mpu9250/lib/python3.12/site-packages/mpu9250/imusensor
[12.999s] creating /home/p/ros2_ws/src/install/mpu9250/lib/python3.12/site-packages/mpu9250/imusensor/filters
[12.999s] copying /home/p/ros2_ws/src/build/mpu9250/build/lib/mpu9250/imusensor/filters/kalman.py -> /home/p/ros2_ws/src/install/mpu9250/lib/python3.12/site-packages/mpu9250/imusensor/filters
[12.999s] copying /home/p/ros2_ws/src/build/mpu9250/build/lib/mpu9250/imusensor/filters/madgwick.py -> /home/p/ros2_ws/src/install/mpu9250/lib/python3.12/site-packages/mpu9250/imusensor/filters
[13.001s] copying /home/p/ros2_ws/src/build/mpu9250/build/lib/mpu9250/imusensor/filters/__init__.py -> /home/p/ros2_ws/src/install/mpu9250/lib/python3.12/site-packages/mpu9250/imusensor/filters
[13.001s] copying /home/p/ros2_ws/src/build/mpu9250/build/lib/mpu9250/imusensor/filters/complimentary.py -> /home/p/ros2_ws/src/install/mpu9250/lib/python3.12/site-packages/mpu9250/imusensor/filters
[13.001s] copying /home/p/ros2_ws/src/build/mpu9250/build/lib/mpu9250/imusensor/__init__.py -> /home/p/ros2_ws/src/install/mpu9250/lib/python3.12/site-packages/mpu9250/imusensor
[13.001s] creating /home/p/ros2_ws/src/install/mpu9250/lib/python3.12/site-packages/mpu9250/imusensor/MPU9250
[13.001s] copying /home/p/ros2_ws/src/build/mpu9250/build/lib/mpu9250/imusensor/MPU9250/MPU9250.py -> /home/p/ros2_ws/src/install/mpu9250/lib/python3.12/site-packages/mpu9250/imusensor/MPU9250
[13.001s] copying /home/p/ros2_ws/src/build/mpu9250/build/lib/mpu9250/imusensor/MPU9250/__init__.py -> /home/p/ros2_ws/src/install/mpu9250/lib/python3.12/site-packages/mpu9250/imusensor/MPU9250
[13.002s] copying /home/p/ros2_ws/src/build/mpu9250/build/lib/mpu9250/imusensor/MPU9250/config.py -> /home/p/ros2_ws/src/install/mpu9250/lib/python3.12/site-packages/mpu9250/imusensor/MPU9250
[13.011s] copying /home/p/ros2_ws/src/build/mpu9250/build/lib/mpu9250/mpu9250_filtered.py -> /home/p/ros2_ws/src/install/mpu9250/lib/python3.12/site-packages/mpu9250
[13.011s] copying /home/p/ros2_ws/src/build/mpu9250/build/lib/mpu9250/mpu9250_driver_node.py -> /home/p/ros2_ws/src/install/mpu9250/lib/python3.12/site-packages/mpu9250
[13.011s] copying /home/p/ros2_ws/src/build/mpu9250/build/lib/mpu9250/__init__.py -> /home/p/ros2_ws/src/install/mpu9250/lib/python3.12/site-packages/mpu9250
[13.011s] copying /home/p/ros2_ws/src/build/mpu9250/build/lib/mpu9250/mpu9250.py -> /home/p/ros2_ws/src/install/mpu9250/lib/python3.12/site-packages/mpu9250
[13.012s] byte-compiling /home/p/ros2_ws/src/install/mpu9250/lib/python3.12/site-packages/mpu9250/mpu9250_calibration.py to mpu9250_calibration.cpython-312.pyc
[13.012s] byte-compiling /home/p/ros2_ws/src/install/mpu9250/lib/python3.12/site-packages/mpu9250/mpu9250_filtered_kalman.py to mpu9250_filtered_kalman.cpython-312.pyc
[13.014s] byte-compiling /home/p/ros2_ws/src/install/mpu9250/lib/python3.12/site-packages/mpu9250/mpu9250_filtered_madgwick.py to mpu9250_filtered_madgwick.cpython-312.pyc
[13.018s] byte-compiling /home/p/ros2_ws/src/install/mpu9250/lib/python3.12/site-packages/mpu9250/imusensor/filters/kalman.py to kalman.cpython-312.pyc
[13.029s] byte-compiling /home/p/ros2_ws/src/install/mpu9250/lib/python3.12/site-packages/mpu9250/imusensor/filters/madgwick.py to madgwick.cpython-312.pyc
[13.042s] byte-compiling /home/p/ros2_ws/src/install/mpu9250/lib/python3.12/site-packages/mpu9250/imusensor/filters/__init__.py to __init__.cpython-312.pyc
[13.044s] byte-compiling /home/p/ros2_ws/src/install/mpu9250/lib/python3.12/site-packages/mpu9250/imusensor/filters/complimentary.py to complimentary.cpython-312.pyc
[13.046s] byte-compiling /home/p/ros2_ws/src/install/mpu9250/lib/python3.12/site-packages/mpu9250/imusensor/__init__.py to __init__.cpython-312.pyc
[13.052s] byte-compiling /home/p/ros2_ws/src/install/mpu9250/lib/python3.12/site-packages/mpu9250/imusensor/MPU9250/MPU9250.py to MPU9250.cpython-312.pyc
[13.083s] byte-compiling /home/p/ros2_ws/src/install/mpu9250/lib/python3.12/site-packages/mpu9250/imusensor/MPU9250/__init__.py to __init__.cpython-312.pyc
[13.083s] byte-compiling /home/p/ros2_ws/src/install/mpu9250/lib/python3.12/site-packages/mpu9250/imusensor/MPU9250/config.py to config.cpython-312.pyc
[13.084s] byte-compiling /home/p/ros2_ws/src/install/mpu9250/lib/python3.12/site-packages/mpu9250/mpu9250_filtered.py to mpu9250_filtered.cpython-312.pyc
[13.090s] byte-compiling /home/p/ros2_ws/src/install/mpu9250/lib/python3.12/site-packages/mpu9250/mpu9250_driver_node.py to mpu9250_driver_node.cpython-312.pyc
[13.100s] byte-compiling /home/p/ros2_ws/src/install/mpu9250/lib/python3.12/site-packages/mpu9250/__init__.py to __init__.cpython-312.pyc
[13.100s] byte-compiling /home/p/ros2_ws/src/install/mpu9250/lib/python3.12/site-packages/mpu9250/mpu9250.py to mpu9250.cpython-312.pyc
[13.113s] running install_data
[13.113s] creating /home/p/ros2_ws/src/install/mpu9250/share/ament_index
[13.113s] creating /home/p/ros2_ws/src/install/mpu9250/share/ament_index/resource_index
[13.113s] creating /home/p/ros2_ws/src/install/mpu9250/share/ament_index/resource_index/packages
[13.113s] copying resource/mpu9250 -> /home/p/ros2_ws/src/install/mpu9250/share/ament_index/resource_index/packages
[13.113s] copying package.xml -> /home/p/ros2_ws/src/install/mpu9250/share/mpu9250
[13.114s] creating /home/p/ros2_ws/src/install/mpu9250/share/mpu9250/launch
[13.114s] copying launch/mpu9250.launch.py -> /home/p/ros2_ws/src/install/mpu9250/share/mpu9250/launch
[13.200s] running install_egg_info
[13.415s] Copying ../build/mpu9250/mpu9250.egg-info to /home/p/ros2_ws/src/install/mpu9250/lib/python3.12/site-packages/mpu9250-0.0.1-py3.12.egg-info
[13.420s] running install_scripts
[14.337s] Installing mpu9250 script to /home/p/ros2_ws/src/install/mpu9250/lib/mpu9250
[14.352s] Installing mpu9250_driver_node script to /home/p/ros2_ws/src/install/mpu9250/lib/mpu9250
[14.352s] Installing mpu9250_filtered script to /home/p/ros2_ws/src/install/mpu9250/lib/mpu9250
[14.352s] writing list of installed files to '/home/p/ros2_ws/src/build/mpu9250/install.log'
[14.857s] Invoked command in '/home/p/ros2_ws/src/mpu9250' returned '0': DEBUGINFOD_URLS=https://debuginfod.ubuntu.com PYTHONPATH=/home/p/ros2_ws/src/build/mpu9250/prefix_override:/usr/lib/python3/dist-packages/colcon_core/task/python/colcon_distutils_commands:/home/p/ros2_ws/src/install/mpu9250/lib/python3.12/site-packages:${PYTHONPATH} /usr/bin/python3 -W ignore:setup.py install is deprecated -W ignore:easy_install command is deprecated setup.py egg_info --egg-base ../build/mpu9250 build --build-base /home/p/ros2_ws/src/build/mpu9250/build install --record /home/p/ros2_ws/src/build/mpu9250/install.log --single-version-externally-managed install_data
