[1.792s] Invoking command in '/home/p/ros2_ws/build/sweep_builder': DEBUGINFOD_URLS=https://debuginfod.ubuntu.com PYTHONPATH=/home/p/ros2_ws/build/sweep_builder/prefix_override:/usr/lib/python3/dist-packages/colcon_core/task/python/colcon_distutils_commands:/home/p/ros2_ws/install/sweep_builder/lib/python3.12/site-packages:${PYTHONPATH} /usr/bin/python3 -W ignore:setup.py install is deprecated -W ignore:easy_install command is deprecated setup.py develop --editable --build-directory /home/p/ros2_ws/build/sweep_builder/build --no-deps symlink_data
[2.345s] running develop
[2.711s] running egg_info
[2.748s] writing sweep_builder.egg-info/PKG-INFO
[2.749s] writing dependency_links to sweep_builder.egg-info/dependency_links.txt
[2.751s] writing entry points to sweep_builder.egg-info/entry_points.txt
[2.751s] writing requirements to sweep_builder.egg-info/requires.txt
[2.752s] writing top-level names to sweep_builder.egg-info/top_level.txt
[2.827s] reading manifest file 'sweep_builder.egg-info/SOURCES.txt'
[2.828s] writing manifest file 'sweep_builder.egg-info/SOURCES.txt'
[2.867s] running build_ext
[2.867s] Creating /home/p/ros2_ws/install/sweep_builder/lib/python3.12/site-packages/sweep-builder.egg-link (link to .)
[2.868s] Installing icp_3d_odom script to /home/p/ros2_ws/install/sweep_builder/lib/sweep_builder
[2.868s] Installing leveled_scan_node script to /home/p/ros2_ws/install/sweep_builder/lib/sweep_builder
[2.868s] Installing lidar_imu_filtered_to_pointcloud script to /home/p/ros2_ws/install/sweep_builder/lib/sweep_builder
[2.868s] Installing lidar_imu_to_pointcloud script to /home/p/ros2_ws/install/sweep_builder/lib/sweep_builder
[2.869s] Installing obstacle_filter_node script to /home/p/ros2_ws/install/sweep_builder/lib/sweep_builder
[2.869s] Installing scan_to_obstacle_pc_flat script to /home/p/ros2_ws/install/sweep_builder/lib/sweep_builder
[2.869s] Installing sweep_builder_node script to /home/p/ros2_ws/install/sweep_builder/lib/sweep_builder
[2.869s] Installing sweep_builder_node_raw script to /home/p/ros2_ws/install/sweep_builder/lib/sweep_builder
[2.869s] Installing sweep_pc_to_flat_node script to /home/p/ros2_ws/install/sweep_builder/lib/sweep_builder
[2.870s] 
[2.870s] Installed /home/p/ros2_ws/build/sweep_builder
[2.870s] running symlink_data
[2.965s] Invoked command in '/home/p/ros2_ws/build/sweep_builder' returned '0': DEBUGINFOD_URLS=https://debuginfod.ubuntu.com PYTHONPATH=/home/p/ros2_ws/build/sweep_builder/prefix_override:/usr/lib/python3/dist-packages/colcon_core/task/python/colcon_distutils_commands:/home/p/ros2_ws/install/sweep_builder/lib/python3.12/site-packages:${PYTHONPATH} /usr/bin/python3 -W ignore:setup.py install is deprecated -W ignore:easy_install command is deprecated setup.py develop --editable --build-directory /home/p/ros2_ws/build/sweep_builder/build --no-deps symlink_data
