[1.936s] Invoking command in '/home/p/ros2_ws/build/lidar_imu_correction': DEBUGINFOD_URLS=https://debuginfod.ubuntu.com PYTHONPATH=/home/p/ros2_ws/build/lidar_imu_correction/prefix_override:/usr/lib/python3/dist-packages/colcon_core/task/python/colcon_distutils_commands:/home/p/ros2_ws/install/lidar_imu_correction/lib/python3.12/site-packages:${PYTHONPATH} /usr/bin/python3 -W ignore:setup.py install is deprecated -W ignore:easy_install command is deprecated setup.py develop --editable --build-directory /home/p/ros2_ws/build/lidar_imu_correction/build --no-deps symlink_data
[2.717s] running develop
[3.214s] running egg_info
[3.215s] creating lidar_imu_correction.egg-info
[3.272s] writing lidar_imu_correction.egg-info/PKG-INFO
[3.272s] writing dependency_links to lidar_imu_correction.egg-info/dependency_links.txt
[3.272s] writing entry points to lidar_imu_correction.egg-info/entry_points.txt
[3.274s] writing requirements to lidar_imu_correction.egg-info/requires.txt
[3.274s] writing top-level names to lidar_imu_correction.egg-info/top_level.txt
[3.274s] writing manifest file 'lidar_imu_correction.egg-info/SOURCES.txt'
[3.396s] reading manifest file 'lidar_imu_correction.egg-info/SOURCES.txt'
[3.397s] writing manifest file 'lidar_imu_correction.egg-info/SOURCES.txt'
[3.476s] running build_ext
[3.476s] Creating /home/p/ros2_ws/install/lidar_imu_correction/lib/python3.12/site-packages/lidar-imu-correction.egg-link (link to .)
[3.478s] Installing lidar_imu_correction_node script to /home/p/ros2_ws/install/lidar_imu_correction/lib/lidar_imu_correction
[3.479s] 
[3.479s] Installed /home/p/ros2_ws/build/lidar_imu_correction
[3.479s] running symlink_data
[3.479s] creating /home/p/ros2_ws/install/lidar_imu_correction/share/ament_index
[3.479s] creating /home/p/ros2_ws/install/lidar_imu_correction/share/ament_index/resource_index
[3.479s] creating /home/p/ros2_ws/install/lidar_imu_correction/share/ament_index/resource_index/packages
[3.481s] symbolically linking /home/p/ros2_ws/build/lidar_imu_correction/resource/lidar_imu_correction -> /home/p/ros2_ws/install/lidar_imu_correction/share/ament_index/resource_index/packages
[3.481s] symbolically linking /home/p/ros2_ws/build/lidar_imu_correction/package.xml -> /home/p/ros2_ws/install/lidar_imu_correction/share/lidar_imu_correction
[3.681s] Invoked command in '/home/p/ros2_ws/build/lidar_imu_correction' returned '0': DEBUGINFOD_URLS=https://debuginfod.ubuntu.com PYTHONPATH=/home/p/ros2_ws/build/lidar_imu_correction/prefix_override:/usr/lib/python3/dist-packages/colcon_core/task/python/colcon_distutils_commands:/home/p/ros2_ws/install/lidar_imu_correction/lib/python3.12/site-packages:${PYTHONPATH} /usr/bin/python3 -W ignore:setup.py install is deprecated -W ignore:easy_install command is deprecated setup.py develop --editable --build-directory /home/p/ros2_ws/build/lidar_imu_correction/build --no-deps symlink_data
