[0.025s] Invoking command in '/home/p/ros2_ws/src/build/cpp_package': CMAKE_PREFIX_PATH=${CMAKE_PREFIX_PATH}:/home/p/ros2_ws/install/sweep_builder:/home/p/ros2_ws/install/optical_cane_rpi:/home/p/ros2_ws/install/mpu9250:/opt/ros/jazzy DEBUGINFOD_URLS=https://debuginfod.ubuntu.com /usr/bin/cmake /home/p/ros2_ws/src/cpp_package -DCMAKE_INSTALL_PREFIX=/home/p/ros2_ws/src/install/cpp_package
[0.085s] -- Found ament_cmake: 2.5.4 (/opt/ros/jazzy/share/ament_cmake/cmake)
[0.146s] -- Found Python3: /usr/bin/python3 (found version "3.12.3") found components: Interpreter 
[0.367s] -- Found rclcpp: 28.1.10 (/opt/ros/jazzy/share/rclcpp/cmake)
[0.405s] -- Found rosidl_generator_c: 4.6.5 (/opt/ros/jazzy/share/rosidl_generator_c/cmake)
[0.419s] -- Found rosidl_generator_cpp: 4.6.5 (/opt/ros/jazzy/share/rosidl_generator_cpp/cmake)
[0.437s] -- Using all available rosidl_typesupport_c: rosidl_typesupport_fastrtps_c;rosidl_typesupport_introspection_c
[0.457s] -- Using all available rosidl_typesupport_cpp: rosidl_typesupport_fastrtps_cpp;rosidl_typesupport_introspection_cpp
[0.542s] -- Found rmw_implementation_cmake: 7.3.2 (/opt/ros/jazzy/share/rmw_implementation_cmake/cmake)
[0.544s] -- Found rmw_fastrtps_cpp: 8.4.2 (/opt/ros/jazzy/share/rmw_fastrtps_cpp/cmake)
[0.646s] -- Using RMW implementation 'rmw_fastrtps_cpp' as default
[0.733s] -- Found sensor_msgs: 5.3.6 (/opt/ros/jazzy/share/sensor_msgs/cmake)
[0.806s] -- Found nav_msgs: 5.3.6 (/opt/ros/jazzy/share/nav_msgs/cmake)
[0.840s] -- Found visualization_msgs: 5.3.6 (/opt/ros/jazzy/share/visualization_msgs/cmake)
[0.876s] -- Found pcl_msgs: 1.0.0 (/opt/ros/jazzy/share/pcl_msgs/cmake)
[0.907s] -- Found tf2_ros: 0.36.12 (/opt/ros/jazzy/share/tf2_ros/cmake)
[1.060s] -- Found tf2_geometry_msgs: 0.36.12 (/opt/ros/jazzy/share/tf2_geometry_msgs/cmake)
[1.065s] -- Found eigen3_cmake_module: 0.3.0 (/opt/ros/jazzy/share/eigen3_cmake_module/cmake)
[1.068s] -- Ensuring Eigen3 include directory is part of orocos-kdl CMake target
[1.070s] -- Found tf2_eigen: 0.36.12 (/opt/ros/jazzy/share/tf2_eigen/cmake)
[1.078s] -- Found rosidl_default_generators: 1.6.0 (/opt/ros/jazzy/share/rosidl_default_generators/cmake)
[1.091s] -- Found rosidl_adapter: 4.6.5 (/opt/ros/jazzy/share/rosidl_adapter/cmake)
[1.093s] -- Found pcl_ros: 2.6.2 (/opt/ros/jazzy/share/pcl_ros/cmake)
[1.139s] CMake Warning (dev) at /usr/lib/aarch64-linux-gnu/cmake/pcl/Modules/FindFLANN.cmake:45 (find_package):
[1.139s]   Policy CMP0144 is not set: find_package uses upper-case <PACKAGENAME>_ROOT
[1.139s]   variables.  Run "cmake --help-policy CMP0144" for policy details.  Use the
[1.139s]   cmake_policy command to set the policy and suppress this warning.
[1.139s] 
[1.139s]   CMake variable FLANN_ROOT is set to:
[1.139s] 
[1.139s]     /usr
[1.139s] 
[1.139s]   For compatibility, find_package is ignoring the variable, but code in a
[1.140s]   .cmake module might still use it.
[1.140s] Call Stack (most recent call first):
[1.140s]   /usr/lib/aarch64-linux-gnu/cmake/pcl/PCLConfig.cmake:261 (find_package)
[1.140s]   /usr/lib/aarch64-linux-gnu/cmake/pcl/PCLConfig.cmake:306 (find_flann)
[1.140s]   /usr/lib/aarch64-linux-gnu/cmake/pcl/PCLConfig.cmake:570 (find_external_library)
[1.140s]   /opt/ros/jazzy/share/pcl_conversions/cmake/ament_cmake_export_dependencies-extras.cmake:21 (find_package)
[1.140s]   /opt/ros/jazzy/share/pcl_conversions/cmake/pcl_conversionsConfig.cmake:41 (include)
[1.140s]   /opt/ros/jazzy/share/pcl_ros/cmake/ament_cmake_export_dependencies-extras.cmake:21 (find_package)
[1.140s]   /opt/ros/jazzy/share/pcl_ros/cmake/pcl_rosConfig.cmake:41 (include)
[1.141s]   CMakeLists.txt:31 (find_package)
[1.141s] This warning is for project developers.  Use -Wno-dev to suppress it.
[1.141s] 
[1.141s] -- Found flann version 1.9.2
[1.866s] -- OpenNI found (version: 1.5.4.0, include: /usr/include/ni, lib: /usr/lib/libOpenNI.so;libusb::libusb)
[1.877s] -- OpenNI2 found (version: 2.2.0.33, include: /usr/include/openni2, lib: /usr/lib/aarch64-linux-gnu/libOpenNI2.so;libusb::libusb)
[1.883s] -- Could NOT find Pcap (missing: PCAP_LIBRARIES PCAP_INCLUDE_DIRS) 
[2.643s] -- OpenNI found (version: 1.5.4.0, include: /usr/include/ni, lib: /usr/lib/libOpenNI.so;libusb::libusb)
[2.655s] -- OpenNI2 found (version: 2.2.0.33, include: /usr/include/openni2, lib: /usr/lib/aarch64-linux-gnu/libOpenNI2.so;libusb::libusb)
[3.336s] -- Found Qhull version 8.0.2
[4.054s] -- OpenNI found (version: 1.5.4.0, include: /usr/include/ni, lib: /usr/lib/libOpenNI.so;libusb::libusb)
[4.784s] CMake Warning (dev) at CMakeLists.txt:33 (find_package):
[4.784s]   Policy CMP0074 is not set: find_package uses <PackageName>_ROOT variables.
[4.784s]   Run "cmake --help-policy CMP0074" for policy details.  Use the cmake_policy
[4.784s]   command to set the policy and suppress this warning.
[4.784s] 
[4.784s]   CMake variable PCL_ROOT is set to:
[4.785s] 
[4.785s]     /usr
[4.785s] 
[4.785s]   For compatibility, CMake is ignoring the variable.
[4.785s] This warning is for project developers.  Use -Wno-dev to suppress it.
[4.785s] 
[5.279s] -- Found ament_cmake_ros: 0.12.0 (/opt/ros/jazzy/share/ament_cmake_ros/cmake)
[5.648s] -- Using all available rosidl_typesupport_c: rosidl_typesupport_fastrtps_c;rosidl_typesupport_introspection_c
[5.794s] -- Using all available rosidl_typesupport_cpp: rosidl_typesupport_fastrtps_cpp;rosidl_typesupport_introspection_cpp
[5.796s] -- Found python_cmake_module: 0.11.1 (/opt/ros/jazzy/share/python_cmake_module/cmake)
[6.311s] -- Found Python3: /usr/bin/python3 (found version "3.12.3") found components: Interpreter Development NumPy Development.Module Development.Embed 
[6.632s] -- Configuring done (6.6s)
[7.630s] -- Generating done (0.9s)
[7.780s] -- Build files have been written to: /home/p/ros2_ws/src/build/cpp_package
[7.840s] Invoked command in '/home/p/ros2_ws/src/build/cpp_package' returned '0': CMAKE_PREFIX_PATH=${CMAKE_PREFIX_PATH}:/home/p/ros2_ws/install/sweep_builder:/home/p/ros2_ws/install/optical_cane_rpi:/home/p/ros2_ws/install/mpu9250:/opt/ros/jazzy DEBUGINFOD_URLS=https://debuginfod.ubuntu.com /usr/bin/cmake /home/p/ros2_ws/src/cpp_package -DCMAKE_INSTALL_PREFIX=/home/p/ros2_ws/src/install/cpp_package
[7.843s] Invoking command in '/home/p/ros2_ws/src/build/cpp_package': CMAKE_PREFIX_PATH=${CMAKE_PREFIX_PATH}:/home/p/ros2_ws/install/sweep_builder:/home/p/ros2_ws/install/optical_cane_rpi:/home/p/ros2_ws/install/mpu9250:/opt/ros/jazzy DEBUGINFOD_URLS=https://debuginfod.ubuntu.com /usr/bin/cmake --build /home/p/ros2_ws/src/build/cpp_package -- -j4 -l4
[7.993s] [  1%] Built target cpp_package__rosidl_generator_type_description
[8.038s] [  1%] Built target ament_cmake_python_copy_cpp_package
[8.049s] [  3%] Built target pointcloud_formatter_node
[8.078s] [  5%] Built target icp_3d_odom_node
[8.133s] [  7%] Built target front_cloud_filter_node
[8.194s] [  9%] Built target deskew_node
[8.197s] [ 11%] Built target point_cloud_sweeper_cpp_node
[8.212s] [ 14%] Built target obstacle_detector_node
[8.240s] [ 16%] Built target point_cloud_accumulator_cpp_node
[8.335s] [ 18%] Built target point_cloud_statistical_outlier_remover_cpp_node
[8.347s] [ 20%] Built target point_cloud_passthrough_filter_cpp_node
[8.367s] [ 22%] Built target point_cloud_voxel_filter_cpp_node
[8.379s] [ 25%] Built target point_count_sweeper_node
[8.445s] [ 27%] Built target stable_ground_detector_node
[8.472s] [ 29%] Built target z_variance_sweeper_node
[8.473s] [ 30%] Linking CXX executable roi_hazard_detector_node
[8.476s] [ 32%] Built target projected_ground_detector_node
[8.575s] [ 33%] Built target cpp_package__cpp
[8.606s] [ 35%] Built target height_ground_detector_node
[8.613s] [ 38%] Built target imu_odometry_node
[8.658s] [ 46%] Built target cpp_package__rosidl_generator_c
[8.776s] [ 51%] Built target cpp_package__rosidl_typesupport_cpp
[8.812s] [ 55%] Built target cpp_package__rosidl_typesupport_fastrtps_c
[8.939s] [ 59%] Built target cpp_package__rosidl_typesupport_introspection_c
[8.955s] [ 64%] Built target cpp_package__rosidl_typesupport_fastrtps_cpp
[9.057s] [ 68%] Built target cpp_package__rosidl_typesupport_c
[9.090s] [ 72%] Built target cpp_package__rosidl_typesupport_introspection_cpp
[9.262s] [ 75%] Built target navigation_hint_node
[9.281s] [ 77%] Built target obstacle_evaluator_node
[9.396s] [ 79%] Built target haptic_driver_node
[9.567s] [ 81%] Built target ground_plane_fitter_node
[9.596s] [ 83%] Built target ground_plane_fitter_no_voxel_node
[9.771s] [ 85%] Built target ground_plane_fitter_lock_plane_node
[9.777s] [ 88%] Built target stable_ground_fitter_node
[9.842s] [ 88%] Built target cpp_package
[9.889s] running egg_info
[9.924s] [ 89%] Built target cpp_package__py
[9.983s] [ 92%] Built target cpp_package__rosidl_generator_py
[10.016s] writing cpp_package.egg-info/PKG-INFO
[10.022s] writing dependency_links to cpp_package.egg-info/dependency_links.txt
[10.022s] writing top-level names to cpp_package.egg-info/top_level.txt
[10.101s] [ 94%] Built target cpp_package_s__rosidl_typesupport_fastrtps_c
[10.105s] [ 96%] Built target cpp_package_s__rosidl_typesupport_introspection_c
[10.239s] [ 98%] Built target cpp_package_s__rosidl_typesupport_c
[10.273s] reading manifest file 'cpp_package.egg-info/SOURCES.txt'
[10.274s] writing manifest file 'cpp_package.egg-info/SOURCES.txt'
[10.399s] [ 98%] Built target ament_cmake_python_build_cpp_package_egg
[11.585s] [100%] Built target roi_hazard_detector_node
[11.626s] Invoked command in '/home/p/ros2_ws/src/build/cpp_package' returned '0': CMAKE_PREFIX_PATH=${CMAKE_PREFIX_PATH}:/home/p/ros2_ws/install/sweep_builder:/home/p/ros2_ws/install/optical_cane_rpi:/home/p/ros2_ws/install/mpu9250:/opt/ros/jazzy DEBUGINFOD_URLS=https://debuginfod.ubuntu.com /usr/bin/cmake --build /home/p/ros2_ws/src/build/cpp_package -- -j4 -l4
[11.656s] Invoking command in '/home/p/ros2_ws/src/build/cpp_package': CMAKE_PREFIX_PATH=${CMAKE_PREFIX_PATH}:/home/p/ros2_ws/install/sweep_builder:/home/p/ros2_ws/install/optical_cane_rpi:/home/p/ros2_ws/install/mpu9250:/opt/ros/jazzy DEBUGINFOD_URLS=https://debuginfod.ubuntu.com /usr/bin/cmake --install /home/p/ros2_ws/src/build/cpp_package
[11.677s] -- Install configuration: ""
[11.677s] -- Up-to-date: /home/p/ros2_ws/src/install/cpp_package/share/ament_index/resource_index/rosidl_interfaces/cpp_package
[11.677s] -- Up-to-date: /home/p/ros2_ws/src/install/cpp_package/share/cpp_package/msg/ObstacleFeedback.json
[11.677s] -- Up-to-date: /home/p/ros2_ws/src/install/cpp_package/share/cpp_package/msg/NavHint.json
[11.677s] -- Up-to-date: /home/p/ros2_ws/src/install/cpp_package/include/cpp_package/cpp_package
[11.678s] -- Up-to-date: /home/p/ros2_ws/src/install/cpp_package/include/cpp_package/cpp_package/msg
[11.678s] -- Up-to-date: /home/p/ros2_ws/src/install/cpp_package/include/cpp_package/cpp_package/msg/rosidl_generator_c__visibility_control.h
[11.678s] -- Up-to-date: /home/p/ros2_ws/src/install/cpp_package/include/cpp_package/cpp_package/msg/detail
[11.678s] -- Up-to-date: /home/p/ros2_ws/src/install/cpp_package/include/cpp_package/cpp_package/msg/detail/nav_hint__description.c
[11.678s] -- Installing: /home/p/ros2_ws/src/install/cpp_package/include/cpp_package/cpp_package/msg/detail/nav_hint__type_support.c
[11.679s] -- Up-to-date: /home/p/ros2_ws/src/install/cpp_package/include/cpp_package/cpp_package/msg/detail/nav_hint__struct.h
[11.679s] -- Up-to-date: /home/p/ros2_ws/src/install/cpp_package/include/cpp_package/cpp_package/msg/detail/nav_hint__functions.h
[11.679s] -- Up-to-date: /home/p/ros2_ws/src/install/cpp_package/include/cpp_package/cpp_package/msg/detail/nav_hint__functions.c
[11.679s] -- Up-to-date: /home/p/ros2_ws/src/install/cpp_package/include/cpp_package/cpp_package/msg/detail/nav_hint__type_support.h
[11.679s] -- Up-to-date: /home/p/ros2_ws/src/install/cpp_package/include/cpp_package/cpp_package/msg/detail/obstacle_feedback__type_support.h
[11.680s] -- Up-to-date: /home/p/ros2_ws/src/install/cpp_package/include/cpp_package/cpp_package/msg/detail/obstacle_feedback__struct.h
[11.680s] -- Installing: /home/p/ros2_ws/src/install/cpp_package/include/cpp_package/cpp_package/msg/detail/obstacle_feedback__type_support.c
[11.680s] -- Up-to-date: /home/p/ros2_ws/src/install/cpp_package/include/cpp_package/cpp_package/msg/detail/obstacle_feedback__description.c
[11.680s] -- Up-to-date: /home/p/ros2_ws/src/install/cpp_package/include/cpp_package/cpp_package/msg/detail/obstacle_feedback__functions.c
[11.680s] -- Up-to-date: /home/p/ros2_ws/src/install/cpp_package/include/cpp_package/cpp_package/msg/detail/obstacle_feedback__functions.h
[11.680s] -- Up-to-date: /home/p/ros2_ws/src/install/cpp_package/include/cpp_package/cpp_package/msg/obstacle_feedback.h
[11.680s] -- Up-to-date: /home/p/ros2_ws/src/install/cpp_package/include/cpp_package/cpp_package/msg/nav_hint.h
[11.681s] -- Up-to-date: /home/p/ros2_ws/src/install/cpp_package/share/cpp_package/environment/library_path.sh
[11.681s] -- Up-to-date: /home/p/ros2_ws/src/install/cpp_package/share/cpp_package/environment/library_path.dsv
[11.681s] -- Up-to-date: /home/p/ros2_ws/src/install/cpp_package/lib/libcpp_package__rosidl_generator_c.so
[11.681s] -- Up-to-date: /home/p/ros2_ws/src/install/cpp_package/include/cpp_package/cpp_package
[11.681s] -- Up-to-date: /home/p/ros2_ws/src/install/cpp_package/include/cpp_package/cpp_package/msg
[11.681s] -- Up-to-date: /home/p/ros2_ws/src/install/cpp_package/include/cpp_package/cpp_package/msg/rosidl_typesupport_fastrtps_c__visibility_control.h
[11.681s] -- Up-to-date: /home/p/ros2_ws/src/install/cpp_package/include/cpp_package/cpp_package/msg/detail
[11.681s] -- Up-to-date: /home/p/ros2_ws/src/install/cpp_package/include/cpp_package/cpp_package/msg/detail/nav_hint__rosidl_typesupport_fastrtps_c.h
[11.681s] -- Up-to-date: /home/p/ros2_ws/src/install/cpp_package/include/cpp_package/cpp_package/msg/detail/obstacle_feedback__rosidl_typesupport_fastrtps_c.h
[11.682s] -- Up-to-date: /home/p/ros2_ws/src/install/cpp_package/lib/libcpp_package__rosidl_typesupport_fastrtps_c.so
[11.682s] -- Up-to-date: /home/p/ros2_ws/src/install/cpp_package/include/cpp_package/cpp_package
[11.682s] -- Up-to-date: /home/p/ros2_ws/src/install/cpp_package/include/cpp_package/cpp_package/msg
[11.682s] -- Up-to-date: /home/p/ros2_ws/src/install/cpp_package/include/cpp_package/cpp_package/msg/obstacle_feedback.hpp
[11.682s] -- Up-to-date: /home/p/ros2_ws/src/install/cpp_package/include/cpp_package/cpp_package/msg/nav_hint.hpp
[11.682s] -- Up-to-date: /home/p/ros2_ws/src/install/cpp_package/include/cpp_package/cpp_package/msg/detail
[11.682s] -- Up-to-date: /home/p/ros2_ws/src/install/cpp_package/include/cpp_package/cpp_package/msg/detail/obstacle_feedback__traits.hpp
[11.682s] -- Up-to-date: /home/p/ros2_ws/src/install/cpp_package/include/cpp_package/cpp_package/msg/detail/nav_hint__traits.hpp
[11.682s] -- Up-to-date: /home/p/ros2_ws/src/install/cpp_package/include/cpp_package/cpp_package/msg/detail/obstacle_feedback__type_support.hpp
[11.682s] -- Up-to-date: /home/p/ros2_ws/src/install/cpp_package/include/cpp_package/cpp_package/msg/detail/nav_hint__builder.hpp
[11.683s] -- Up-to-date: /home/p/ros2_ws/src/install/cpp_package/include/cpp_package/cpp_package/msg/detail/obstacle_feedback__struct.hpp
[11.683s] -- Up-to-date: /home/p/ros2_ws/src/install/cpp_package/include/cpp_package/cpp_package/msg/detail/obstacle_feedback__builder.hpp
[11.683s] -- Up-to-date: /home/p/ros2_ws/src/install/cpp_package/include/cpp_package/cpp_package/msg/detail/nav_hint__struct.hpp
[11.683s] -- Up-to-date: /home/p/ros2_ws/src/install/cpp_package/include/cpp_package/cpp_package/msg/detail/nav_hint__type_support.hpp
[11.683s] -- Up-to-date: /home/p/ros2_ws/src/install/cpp_package/include/cpp_package/cpp_package/msg/rosidl_generator_cpp__visibility_control.hpp
[11.683s] -- Up-to-date: /home/p/ros2_ws/src/install/cpp_package/include/cpp_package/cpp_package
[11.683s] -- Up-to-date: /home/p/ros2_ws/src/install/cpp_package/include/cpp_package/cpp_package/msg
[11.684s] -- Up-to-date: /home/p/ros2_ws/src/install/cpp_package/include/cpp_package/cpp_package/msg/detail
[11.684s] -- Up-to-date: /home/p/ros2_ws/src/install/cpp_package/include/cpp_package/cpp_package/msg/detail/dds_fastrtps
[11.684s] -- Up-to-date: /home/p/ros2_ws/src/install/cpp_package/include/cpp_package/cpp_package/msg/detail/obstacle_feedback__rosidl_typesupport_fastrtps_cpp.hpp
[11.684s] -- Up-to-date: /home/p/ros2_ws/src/install/cpp_package/include/cpp_package/cpp_package/msg/detail/nav_hint__rosidl_typesupport_fastrtps_cpp.hpp
[11.684s] -- Up-to-date: /home/p/ros2_ws/src/install/cpp_package/include/cpp_package/cpp_package/msg/rosidl_typesupport_fastrtps_cpp__visibility_control.h
[11.685s] -- Up-to-date: /home/p/ros2_ws/src/install/cpp_package/lib/libcpp_package__rosidl_typesupport_fastrtps_cpp.so
[11.685s] -- Up-to-date: /home/p/ros2_ws/src/install/cpp_package/include/cpp_package/cpp_package
[11.685s] -- Up-to-date: /home/p/ros2_ws/src/install/cpp_package/include/cpp_package/cpp_package/msg
[11.685s] -- Up-to-date: /home/p/ros2_ws/src/install/cpp_package/include/cpp_package/cpp_package/msg/detail
[11.685s] -- Up-to-date: /home/p/ros2_ws/src/install/cpp_package/include/cpp_package/cpp_package/msg/detail/nav_hint__rosidl_typesupport_introspection_c.h
[11.686s] -- Installing: /home/p/ros2_ws/src/install/cpp_package/include/cpp_package/cpp_package/msg/detail/nav_hint__type_support.c
[11.686s] -- Up-to-date: /home/p/ros2_ws/src/install/cpp_package/include/cpp_package/cpp_package/msg/detail/obstacle_feedback__rosidl_typesupport_introspection_c.h
[11.686s] -- Installing: /home/p/ros2_ws/src/install/cpp_package/include/cpp_package/cpp_package/msg/detail/obstacle_feedback__type_support.c
[11.686s] -- Up-to-date: /home/p/ros2_ws/src/install/cpp_package/include/cpp_package/cpp_package/msg/rosidl_typesupport_introspection_c__visibility_control.h
[11.686s] -- Up-to-date: /home/p/ros2_ws/src/install/cpp_package/lib/libcpp_package__rosidl_typesupport_introspection_c.so
[11.686s] -- Up-to-date: /home/p/ros2_ws/src/install/cpp_package/lib/libcpp_package__rosidl_typesupport_c.so
[11.686s] -- Up-to-date: /home/p/ros2_ws/src/install/cpp_package/include/cpp_package/cpp_package
[11.687s] -- Up-to-date: /home/p/ros2_ws/src/install/cpp_package/include/cpp_package/cpp_package/msg
[11.687s] -- Up-to-date: /home/p/ros2_ws/src/install/cpp_package/include/cpp_package/cpp_package/msg/detail
[11.687s] -- Up-to-date: /home/p/ros2_ws/src/install/cpp_package/include/cpp_package/cpp_package/msg/detail/nav_hint__type_support.cpp
[11.687s] -- Up-to-date: /home/p/ros2_ws/src/install/cpp_package/include/cpp_package/cpp_package/msg/detail/obstacle_feedback__type_support.cpp
[11.687s] -- Up-to-date: /home/p/ros2_ws/src/install/cpp_package/include/cpp_package/cpp_package/msg/detail/obstacle_feedback__rosidl_typesupport_introspection_cpp.hpp
[11.687s] -- Up-to-date: /home/p/ros2_ws/src/install/cpp_package/include/cpp_package/cpp_package/msg/detail/nav_hint__rosidl_typesupport_introspection_cpp.hpp
[11.687s] -- Up-to-date: /home/p/ros2_ws/src/install/cpp_package/lib/libcpp_package__rosidl_typesupport_introspection_cpp.so
[11.687s] -- Up-to-date: /home/p/ros2_ws/src/install/cpp_package/lib/libcpp_package__rosidl_typesupport_cpp.so
[11.687s] -- Up-to-date: /home/p/ros2_ws/src/install/cpp_package/share/cpp_package/environment/pythonpath.sh
[11.687s] -- Up-to-date: /home/p/ros2_ws/src/install/cpp_package/share/cpp_package/environment/pythonpath.dsv
[11.687s] -- Up-to-date: /home/p/ros2_ws/src/install/cpp_package/lib/python3.12/site-packages/cpp_package-0.0.1-py3.12.egg-info
[11.688s] -- Installing: /home/p/ros2_ws/src/install/cpp_package/lib/python3.12/site-packages/cpp_package-0.0.1-py3.12.egg-info/dependency_links.txt
[11.688s] -- Installing: /home/p/ros2_ws/src/install/cpp_package/lib/python3.12/site-packages/cpp_package-0.0.1-py3.12.egg-info/PKG-INFO
[11.688s] -- Installing: /home/p/ros2_ws/src/install/cpp_package/lib/python3.12/site-packages/cpp_package-0.0.1-py3.12.egg-info/top_level.txt
[11.688s] -- Installing: /home/p/ros2_ws/src/install/cpp_package/lib/python3.12/site-packages/cpp_package-0.0.1-py3.12.egg-info/SOURCES.txt
[11.688s] -- Up-to-date: /home/p/ros2_ws/src/install/cpp_package/lib/python3.12/site-packages/cpp_package
[11.688s] -- Up-to-date: /home/p/ros2_ws/src/install/cpp_package/lib/python3.12/site-packages/cpp_package/cpp_package_s__rosidl_typesupport_introspection_c.so
[11.688s] -- Up-to-date: /home/p/ros2_ws/src/install/cpp_package/lib/python3.12/site-packages/cpp_package/_cpp_package_s.ep.rosidl_typesupport_fastrtps_c.c
[11.688s] -- Installing: /home/p/ros2_ws/src/install/cpp_package/lib/python3.12/site-packages/cpp_package/__init__.py
[11.688s] -- Up-to-date: /home/p/ros2_ws/src/install/cpp_package/lib/python3.12/site-packages/cpp_package/cpp_package_s__rosidl_typesupport_c.so
[11.688s] -- Up-to-date: /home/p/ros2_ws/src/install/cpp_package/lib/python3.12/site-packages/cpp_package/msg
[11.689s] -- Up-to-date: /home/p/ros2_ws/src/install/cpp_package/lib/python3.12/site-packages/cpp_package/msg/_nav_hint.py
[11.689s] -- Up-to-date: /home/p/ros2_ws/src/install/cpp_package/lib/python3.12/site-packages/cpp_package/msg/_obstacle_feedback_s.c
[11.689s] -- Up-to-date: /home/p/ros2_ws/src/install/cpp_package/lib/python3.12/site-packages/cpp_package/msg/_nav_hint_s.c
[11.689s] -- Up-to-date: /home/p/ros2_ws/src/install/cpp_package/lib/python3.12/site-packages/cpp_package/msg/__init__.py
[11.689s] -- Up-to-date: /home/p/ros2_ws/src/install/cpp_package/lib/python3.12/site-packages/cpp_package/msg/_obstacle_feedback.py
[11.689s] -- Up-to-date: /home/p/ros2_ws/src/install/cpp_package/lib/python3.12/site-packages/cpp_package/_cpp_package_s.ep.rosidl_typesupport_c.c
[11.689s] -- Up-to-date: /home/p/ros2_ws/src/install/cpp_package/lib/python3.12/site-packages/cpp_package/cpp_package_s__rosidl_typesupport_fastrtps_c.so
[11.689s] -- Up-to-date: /home/p/ros2_ws/src/install/cpp_package/lib/python3.12/site-packages/cpp_package/_cpp_package_s.ep.rosidl_typesupport_introspection_c.c
[11.760s] Listing '/home/p/ros2_ws/src/install/cpp_package/lib/python3.12/site-packages/cpp_package'...
[11.760s] Compiling '/home/p/ros2_ws/src/install/cpp_package/lib/python3.12/site-packages/cpp_package/__init__.py'...
[11.761s] Listing '/home/p/ros2_ws/src/install/cpp_package/lib/python3.12/site-packages/cpp_package/msg'...
[11.779s] -- Up-to-date: /home/p/ros2_ws/src/install/cpp_package/lib/python3.12/site-packages/cpp_package/cpp_package_s__rosidl_typesupport_fastrtps_c.so
[11.781s] -- Up-to-date: /home/p/ros2_ws/src/install/cpp_package/lib/python3.12/site-packages/cpp_package/cpp_package_s__rosidl_typesupport_introspection_c.so
[11.781s] -- Up-to-date: /home/p/ros2_ws/src/install/cpp_package/lib/python3.12/site-packages/cpp_package/cpp_package_s__rosidl_typesupport_c.so
[11.781s] -- Up-to-date: /home/p/ros2_ws/src/install/cpp_package/lib/libcpp_package__rosidl_generator_py.so
[11.781s] -- Up-to-date: /home/p/ros2_ws/src/install/cpp_package/share/cpp_package/msg/ObstacleFeedback.idl
[11.781s] -- Up-to-date: /home/p/ros2_ws/src/install/cpp_package/share/cpp_package/msg/NavHint.idl
[11.782s] -- Up-to-date: /home/p/ros2_ws/src/install/cpp_package/share/cpp_package/msg/ObstacleFeedback.msg
[11.782s] -- Up-to-date: /home/p/ros2_ws/src/install/cpp_package/share/cpp_package/msg/NavHint.msg
[11.782s] -- Installing: /home/p/ros2_ws/src/install/cpp_package/lib/cpp_package/roi_hazard_detector_node
[11.803s] -- Set non-toolchain portion of runtime path of "/home/p/ros2_ws/src/install/cpp_package/lib/cpp_package/roi_hazard_detector_node" to ""
[11.803s] -- Up-to-date: /home/p/ros2_ws/src/install/cpp_package/lib/cpp_package/icp_3d_odom_node
[11.803s] -- Up-to-date: /home/p/ros2_ws/src/install/cpp_package/lib/cpp_package/pointcloud_formatter_node
[11.803s] -- Up-to-date: /home/p/ros2_ws/src/install/cpp_package/lib/cpp_package/front_cloud_filter_node
[11.804s] -- Up-to-date: /home/p/ros2_ws/src/install/cpp_package/lib/cpp_package/obstacle_evaluator_node
[11.811s] -- Up-to-date: /home/p/ros2_ws/src/install/cpp_package/lib/cpp_package/navigation_hint_node
[11.811s] -- Up-to-date: /home/p/ros2_ws/src/install/cpp_package/lib/cpp_package/haptic_driver_node
[11.811s] -- Up-to-date: /home/p/ros2_ws/src/install/cpp_package/lib/cpp_package/deskew_node
[11.813s] -- Up-to-date: /home/p/ros2_ws/src/install/cpp_package/lib/cpp_package/obstacle_detector_node
[11.814s] -- Up-to-date: /home/p/ros2_ws/src/install/cpp_package/lib/cpp_package/point_cloud_sweeper_cpp_node
[11.814s] -- Up-to-date: /home/p/ros2_ws/src/install/cpp_package/lib/cpp_package/point_cloud_accumulator_cpp_node
[11.814s] -- Up-to-date: /home/p/ros2_ws/src/install/cpp_package/lib/cpp_package/point_cloud_voxel_filter_cpp_node
[11.814s] -- Up-to-date: /home/p/ros2_ws/src/install/cpp_package/lib/cpp_package/point_cloud_passthrough_filter_cpp_node
[11.814s] -- Up-to-date: /home/p/ros2_ws/src/install/cpp_package/lib/cpp_package/point_cloud_statistical_outlier_remover_cpp_node
[11.815s] -- Up-to-date: /home/p/ros2_ws/src/install/cpp_package/lib/cpp_package/point_count_sweeper_node
[11.815s] -- Up-to-date: /home/p/ros2_ws/src/install/cpp_package/lib/cpp_package/z_variance_sweeper_node
[11.815s] -- Up-to-date: /home/p/ros2_ws/src/install/cpp_package/lib/cpp_package/stable_ground_detector_node
[11.815s] -- Up-to-date: /home/p/ros2_ws/src/install/cpp_package/lib/cpp_package/ground_plane_fitter_node
[11.816s] -- Up-to-date: /home/p/ros2_ws/src/install/cpp_package/lib/cpp_package/ground_plane_fitter_no_voxel_node
[11.816s] -- Up-to-date: /home/p/ros2_ws/src/install/cpp_package/lib/cpp_package/ground_plane_fitter_lock_plane_node
[11.817s] -- Up-to-date: /home/p/ros2_ws/src/install/cpp_package/lib/cpp_package/stable_ground_fitter_node
[11.817s] -- Up-to-date: /home/p/ros2_ws/src/install/cpp_package/lib/cpp_package/projected_ground_detector_node
[11.818s] -- Up-to-date: /home/p/ros2_ws/src/install/cpp_package/lib/cpp_package/imu_odometry_node
[11.818s] -- Up-to-date: /home/p/ros2_ws/src/install/cpp_package/share/cpp_package/launch
[11.818s] -- Up-to-date: /home/p/ros2_ws/src/install/cpp_package/share/cpp_package/launch/icp_odom.launch.py
[11.819s] -- Up-to-date: /home/p/ros2_ws/src/install/cpp_package/share/cpp_package/launch/assistive_nav.launch.py
[11.819s] -- Up-to-date: /home/p/ros2_ws/src/install/cpp_package/share/cpp_package/launch/front_cloud_filter.launch.py
[11.819s] -- Up-to-date: /home/p/ros2_ws/src/install/cpp_package/share/ament_index/resource_index/package_run_dependencies/cpp_package
[11.819s] -- Up-to-date: /home/p/ros2_ws/src/install/cpp_package/share/ament_index/resource_index/parent_prefix_path/cpp_package
[11.819s] -- Up-to-date: /home/p/ros2_ws/src/install/cpp_package/share/cpp_package/environment/ament_prefix_path.sh
[11.819s] -- Up-to-date: /home/p/ros2_ws/src/install/cpp_package/share/cpp_package/environment/ament_prefix_path.dsv
[11.819s] -- Up-to-date: /home/p/ros2_ws/src/install/cpp_package/share/cpp_package/environment/path.sh
[11.819s] -- Up-to-date: /home/p/ros2_ws/src/install/cpp_package/share/cpp_package/environment/path.dsv
[11.819s] -- Up-to-date: /home/p/ros2_ws/src/install/cpp_package/share/cpp_package/local_setup.bash
[11.819s] -- Up-to-date: /home/p/ros2_ws/src/install/cpp_package/share/cpp_package/local_setup.sh
[11.820s] -- Up-to-date: /home/p/ros2_ws/src/install/cpp_package/share/cpp_package/local_setup.zsh
[11.820s] -- Up-to-date: /home/p/ros2_ws/src/install/cpp_package/share/cpp_package/local_setup.dsv
[11.820s] -- Installing: /home/p/ros2_ws/src/install/cpp_package/share/cpp_package/package.dsv
[11.820s] -- Up-to-date: /home/p/ros2_ws/src/install/cpp_package/share/ament_index/resource_index/packages/cpp_package
[11.820s] -- Up-to-date: /home/p/ros2_ws/src/install/cpp_package/share/cpp_package/cmake/export_cpp_package__rosidl_generator_cExport.cmake
[11.820s] -- Up-to-date: /home/p/ros2_ws/src/install/cpp_package/share/cpp_package/cmake/export_cpp_package__rosidl_generator_cExport-noconfig.cmake
[11.821s] -- Up-to-date: /home/p/ros2_ws/src/install/cpp_package/share/cpp_package/cmake/export_cpp_package__rosidl_typesupport_fastrtps_cExport.cmake
[11.821s] -- Up-to-date: /home/p/ros2_ws/src/install/cpp_package/share/cpp_package/cmake/export_cpp_package__rosidl_typesupport_fastrtps_cExport-noconfig.cmake
[11.821s] -- Up-to-date: /home/p/ros2_ws/src/install/cpp_package/share/cpp_package/cmake/export_cpp_package__rosidl_generator_cppExport.cmake
[11.821s] -- Up-to-date: /home/p/ros2_ws/src/install/cpp_package/share/cpp_package/cmake/export_cpp_package__rosidl_typesupport_fastrtps_cppExport.cmake
[11.821s] -- Up-to-date: /home/p/ros2_ws/src/install/cpp_package/share/cpp_package/cmake/export_cpp_package__rosidl_typesupport_fastrtps_cppExport-noconfig.cmake
[11.821s] -- Up-to-date: /home/p/ros2_ws/src/install/cpp_package/share/cpp_package/cmake/cpp_package__rosidl_typesupport_introspection_cExport.cmake
[11.822s] -- Up-to-date: /home/p/ros2_ws/src/install/cpp_package/share/cpp_package/cmake/cpp_package__rosidl_typesupport_introspection_cExport-noconfig.cmake
[11.822s] -- Up-to-date: /home/p/ros2_ws/src/install/cpp_package/share/cpp_package/cmake/cpp_package__rosidl_typesupport_cExport.cmake
[11.822s] -- Up-to-date: /home/p/ros2_ws/src/install/cpp_package/share/cpp_package/cmake/cpp_package__rosidl_typesupport_cExport-noconfig.cmake
[11.822s] -- Up-to-date: /home/p/ros2_ws/src/install/cpp_package/share/cpp_package/cmake/cpp_package__rosidl_typesupport_introspection_cppExport.cmake
[11.822s] -- Up-to-date: /home/p/ros2_ws/src/install/cpp_package/share/cpp_package/cmake/cpp_package__rosidl_typesupport_introspection_cppExport-noconfig.cmake
[11.822s] -- Up-to-date: /home/p/ros2_ws/src/install/cpp_package/share/cpp_package/cmake/cpp_package__rosidl_typesupport_cppExport.cmake
[11.822s] -- Up-to-date: /home/p/ros2_ws/src/install/cpp_package/share/cpp_package/cmake/cpp_package__rosidl_typesupport_cppExport-noconfig.cmake
[11.822s] -- Up-to-date: /home/p/ros2_ws/src/install/cpp_package/share/cpp_package/cmake/export_cpp_package__rosidl_generator_pyExport.cmake
[11.822s] -- Up-to-date: /home/p/ros2_ws/src/install/cpp_package/share/cpp_package/cmake/export_cpp_package__rosidl_generator_pyExport-noconfig.cmake
[11.822s] -- Up-to-date: /home/p/ros2_ws/src/install/cpp_package/share/cpp_package/cmake/rosidl_cmake-extras.cmake
[11.822s] -- Up-to-date: /home/p/ros2_ws/src/install/cpp_package/share/cpp_package/cmake/ament_cmake_export_dependencies-extras.cmake
[11.822s] -- Up-to-date: /home/p/ros2_ws/src/install/cpp_package/share/cpp_package/cmake/ament_cmake_export_include_directories-extras.cmake
[11.823s] -- Up-to-date: /home/p/ros2_ws/src/install/cpp_package/share/cpp_package/cmake/ament_cmake_export_libraries-extras.cmake
[11.823s] -- Up-to-date: /home/p/ros2_ws/src/install/cpp_package/share/cpp_package/cmake/ament_cmake_export_targets-extras.cmake
[11.823s] -- Up-to-date: /home/p/ros2_ws/src/install/cpp_package/share/cpp_package/cmake/rosidl_cmake_export_typesupport_targets-extras.cmake
[11.823s] -- Up-to-date: /home/p/ros2_ws/src/install/cpp_package/share/cpp_package/cmake/rosidl_cmake_export_typesupport_libraries-extras.cmake
[11.823s] -- Up-to-date: /home/p/ros2_ws/src/install/cpp_package/share/cpp_package/cmake/cpp_packageConfig.cmake
[11.823s] -- Up-to-date: /home/p/ros2_ws/src/install/cpp_package/share/cpp_package/cmake/cpp_packageConfig-version.cmake
[11.823s] -- Up-to-date: /home/p/ros2_ws/src/install/cpp_package/share/cpp_package/package.xml
[11.825s] Invoked command in '/home/p/ros2_ws/src/build/cpp_package' returned '0': CMAKE_PREFIX_PATH=${CMAKE_PREFIX_PATH}:/home/p/ros2_ws/install/sweep_builder:/home/p/ros2_ws/install/optical_cane_rpi:/home/p/ros2_ws/install/mpu9250:/opt/ros/jazzy DEBUGINFOD_URLS=https://debuginfod.ubuntu.com /usr/bin/cmake --install /home/p/ros2_ws/src/build/cpp_package
